2026-05-06 13:19:50 | INFO    | dpfl | Experiment start: algorithm=noise_game, dataset=fashion_mnist, model=mlp, device=cuda
2026-05-06 13:19:50 | INFO    | dpfl | Config: nodes=500, attackers=100, rounds=150, noise_mode=none, attack=scale
2026-05-06 13:19:50 | INFO    | dpfl.data.fashion_mnist_dataset | Loading Fashion-MNIST dataset...
2026-05-06 13:19:50 | INFO    | dpfl.data.fashion_mnist_dataset | Fashion-MNIST loaded: 60000 train, 10000 test samples
2026-05-06 13:20:49 | INFO    | dpfl.core.base_simulator | Vectorized state ready: param_spec.D=50890, X_test=(10000, 1, 28, 28), train clients N=500, max_n_samples=1000
2026-05-06 13:20:49 | INFO    | dpfl.core.base_simulator | Setup complete: 500 nodes (100 attackers), param_dim=50890, split=iid
2026-05-06 13:20:49 | DEBUG   | dpfl.core.base_simulator | Attacker IDs: {0, 1, 2, 3, 4, 5, 6, 7, 8, 9, 10, 11, 12, 13, 14, 15, 16, 17, 18, 19, 20, 21, 22, 23, 24, 25, 26, 27, 28, 29, 30, 31, 32, 33, 34, 35, 36, 37, 38, 39, 40, 41, 42, 43, 44, 45, 46, 47, 48, 49, 50, 51, 52, 53, 54, 55, 56, 57, 58, 59, 60, 61, 62, 63, 64, 65, 66, 67, 68, 69, 70, 71, 72, 73, 74, 75, 76, 77, 78, 79, 80, 81, 82, 83, 84, 85, 86, 87, 88, 89, 90, 91, 92, 93, 94, 95, 96, 97, 98, 99}
2026-05-06 13:20:57 | INFO    | dpfl.core.base_simulator | Round   1/150 | Acc: 0.4576 | Loss: 1.9728 | eps_max: 1.91 eps_avg: 0.43 | P: 0.00 R: nan F1: nan
2026-05-06 13:20:57 | DEBUG   | dpfl.core.base_simulator | Update norms — honest: ['0.56', '0.56', '0.56', '0.56', '0.56'], attacker: ['0.56', '0.57', '0.57', '0.56', '0.56']
2026-05-06 13:21:04 | INFO    | dpfl.core.base_simulator | Round   2/150 | Acc: 0.5716 | Loss: 1.7063 | eps_max: 1.94 eps_avg: 0.50 | P: 0.00 R: nan F1: nan
2026-05-06 13:21:04 | DEBUG   | dpfl.core.base_simulator | Update norms — honest: ['0.56', '0.56', '0.56', '0.56', '0.56'], attacker: ['0.95', '0.97', '0.97', '0.96', '0.96']
2026-05-06 13:21:12 | INFO    | dpfl.core.base_simulator | Round   3/150 | Acc: 0.6215 | Loss: 1.4821 | eps_max: 2.05 eps_avg: 0.59 | P: 0.00 R: nan F1: nan
2026-05-06 13:21:12 | DEBUG   | dpfl.core.base_simulator | Update norms — honest: ['0.55', '0.55', '0.55', '0.55', '0.55'], attacker: ['1.52', '1.50', '1.52', '1.54', '1.50']
2026-05-06 13:21:20 | INFO    | dpfl.core.base_simulator | Round   4/150 | Acc: 0.6508 | Loss: 1.3061 | eps_max: 2.18 eps_avg: 0.72 | P: 0.00 R: nan F1: nan
2026-05-06 13:21:20 | DEBUG   | dpfl.core.base_simulator | Update norms — honest: ['0.55', '0.55', '0.55', '0.55', '0.55'], attacker: ['1.99', '2.03', '2.00', '2.02', '2.01']
2026-05-06 13:21:28 | INFO    | dpfl.core.base_simulator | Round   5/150 | Acc: 0.6731 | Loss: 1.1764 | eps_max: 2.34 eps_avg: 0.81 | P: 0.00 R: nan F1: nan
2026-05-06 13:21:28 | DEBUG   | dpfl.core.base_simulator | Update norms — honest: ['0.54', '0.54', '0.54', '0.54', '0.54'], attacker: ['2.44', '2.44', '2.41', '2.41', '2.45']
2026-05-06 13:21:33 | INFO    | dpfl.core.base_simulator | Round   6/150 | Acc: 0.6904 | Loss: 1.0822 | eps_max: 2.45 eps_avg: 0.90 | P: 0.00 R: nan F1: nan
2026-05-06 13:21:33 | DEBUG   | dpfl.core.base_simulator | Update norms — honest: ['0.54', '0.97', '1.03', '0.53', '1.01'], attacker: ['2.81', '2.89', '2.84', '2.83', '2.86']
2026-05-06 13:22:08 | INFO    | dpfl.core.base_simulator | Round   7/150 | Acc: 0.7022 | Loss: 1.0118 | eps_max: 2.49 eps_avg: 0.96 | P: 0.00 R: nan F1: nan
2026-05-06 13:22:08 | DEBUG   | dpfl.core.base_simulator | Update norms — honest: ['1.00', '0.53', '0.95', '0.53', '0.53'], attacker: ['3.16', '3.24', '3.27', '3.13', '3.19']
2026-05-06 13:22:12 | INFO    | dpfl.core.base_simulator | Round   8/150 | Acc: 0.7103 | Loss: 0.9579 | eps_max: 2.54 eps_avg: 1.04 | P: 0.00 R: nan F1: nan
2026-05-06 13:22:12 | DEBUG   | dpfl.core.base_simulator | Update norms — honest: ['0.53', '0.91', '0.83', '0.53', '0.53'], attacker: ['3.66', '3.51', '3.55', '3.61', '3.40']
2026-05-06 13:22:20 | INFO    | dpfl.core.base_simulator | Round   9/150 | Acc: 0.7169 | Loss: 0.9149 | eps_max: 2.58 eps_avg: 1.13 | P: 0.00 R: nan F1: nan
2026-05-06 13:22:20 | DEBUG   | dpfl.core.base_simulator | Update norms — honest: ['0.52', '0.52', '0.94', '1.41', '0.52'], attacker: ['3.91', '3.81', '3.90', '3.97', '3.92']
2026-05-06 13:22:29 | INFO    | dpfl.core.base_simulator | Round  10/150 | Acc: 0.7226 | Loss: 0.8797 | eps_max: 2.63 eps_avg: 1.20 | P: 0.00 R: nan F1: nan
2026-05-06 13:22:29 | DEBUG   | dpfl.core.base_simulator | Update norms — honest: ['0.90', '0.51', '0.72', '0.51', '0.77'], attacker: ['3.91', '4.23', '4.28', '4.27', '4.26']
2026-05-06 13:22:37 | INFO    | dpfl.core.base_simulator | Round  11/150 | Acc: 0.7275 | Loss: 0.8505 | eps_max: 2.71 eps_avg: 1.29 | P: 0.00 R: nan F1: nan
2026-05-06 13:22:37 | DEBUG   | dpfl.core.base_simulator | Update norms — honest: ['0.51', '0.51', '0.93', '0.51', '0.51'], attacker: ['4.40', '4.37', '4.52', '4.60', '4.41']
2026-05-06 13:22:46 | INFO    | dpfl.core.base_simulator | Round  12/150 | Acc: 0.7321 | Loss: 0.8256 | eps_max: 2.78 eps_avg: 1.35 | P: 0.00 R: nan F1: nan
2026-05-06 13:22:46 | DEBUG   | dpfl.core.base_simulator | Update norms — honest: ['0.50', '0.88', '0.93', '0.51', '1.42'], attacker: ['4.62', '4.66', '4.87', '4.96', '4.74']
2026-05-06 13:22:55 | INFO    | dpfl.core.base_simulator | Round  13/150 | Acc: 0.7359 | Loss: 0.8044 | eps_max: 2.87 eps_avg: 1.42 | P: 0.00 R: nan F1: nan
2026-05-06 13:22:55 | DEBUG   | dpfl.core.base_simulator | Update norms — honest: ['1.25', '0.50', '1.80', '1.41', '0.92'], attacker: ['4.97', '4.88', '4.79', '4.98', '5.11']
2026-05-06 13:23:03 | INFO    | dpfl.core.base_simulator | Round  14/150 | Acc: 0.7399 | Loss: 0.7857 | eps_max: 2.97 eps_avg: 1.47 | P: 0.00 R: nan F1: nan
2026-05-06 13:23:03 | DEBUG   | dpfl.core.base_simulator | Update norms — honest: ['0.81', '0.79', '0.49', '0.50', '0.90'], attacker: ['5.12', '5.09', '4.82', '5.48', '5.54']
2026-05-06 13:23:11 | INFO    | dpfl.core.base_simulator | Round  15/150 | Acc: 0.7433 | Loss: 0.7693 | eps_max: 3.05 eps_avg: 1.53 | P: 0.00 R: nan F1: nan
2026-05-06 13:23:11 | DEBUG   | dpfl.core.base_simulator | Update norms — honest: ['0.69', '0.49', '1.60', '0.49', '0.49'], attacker: ['5.47', '5.56', '5.65', '5.67', '5.65']
2026-05-06 13:23:19 | INFO    | dpfl.core.base_simulator | Round  16/150 | Acc: 0.7462 | Loss: 0.7553 | eps_max: 3.14 eps_avg: 1.59 | P: 0.00 R: nan F1: nan
2026-05-06 13:23:19 | DEBUG   | dpfl.core.base_simulator | Update norms — honest: ['0.67', '0.87', '1.83', '1.39', '0.48'], attacker: ['5.31', '5.99', '5.68', '5.43', '5.38']
2026-05-06 13:23:28 | INFO    | dpfl.core.base_simulator | Round  17/150 | Acc: 0.7488 | Loss: 0.7426 | eps_max: 3.31 eps_avg: 1.63 | P: 0.00 R: nan F1: nan
2026-05-06 13:23:28 | DEBUG   | dpfl.core.base_simulator | Update norms — honest: ['0.85', '1.37', '1.66', '0.48', '1.33'], attacker: ['5.35', '6.05', '6.25', '5.75', '4.83']
2026-05-06 13:23:36 | INFO    | dpfl.core.base_simulator | Round  18/150 | Acc: 0.7516 | Loss: 0.7310 | eps_max: 3.47 eps_avg: 1.69 | P: 0.00 R: nan F1: nan
2026-05-06 13:23:36 | DEBUG   | dpfl.core.base_simulator | Update norms — honest: ['1.09', '1.44', '0.48', '0.81', '0.80'], attacker: ['5.66', '6.26', '5.92', '5.46', '5.34']
2026-05-06 13:23:44 | INFO    | dpfl.core.base_simulator | Round  19/150 | Acc: 0.7540 | Loss: 0.7209 | eps_max: 3.52 eps_avg: 1.75 | P: 0.00 R: nan F1: nan
2026-05-06 13:23:44 | DEBUG   | dpfl.core.base_simulator | Update norms — honest: ['0.47', '1.95', '0.47', '0.83', '0.47'], attacker: ['5.60', '6.26', '6.09', '6.43', '6.33']
2026-05-06 13:23:53 | INFO    | dpfl.core.base_simulator | Round  20/150 | Acc: 0.7563 | Loss: 0.7114 | eps_max: 3.55 eps_avg: 1.80 | P: 0.00 R: nan F1: nan
2026-05-06 13:23:53 | DEBUG   | dpfl.core.base_simulator | Update norms — honest: ['1.22', '1.44', '1.59', '1.00', '0.47'], attacker: ['5.66', '6.22', '6.48', '6.22', '6.44']
2026-05-06 13:24:01 | INFO    | dpfl.core.base_simulator | Round  21/150 | Acc: 0.7583 | Loss: 0.7030 | eps_max: 3.58 eps_avg: 1.86 | P: 0.00 R: nan F1: nan
2026-05-06 13:24:01 | DEBUG   | dpfl.core.base_simulator | Update norms — honest: ['0.46', '0.46', '1.92', '0.58', '0.78'], attacker: ['4.97', '6.64', '6.30', '5.91', '6.65']
2026-05-06 13:24:09 | INFO    | dpfl.core.base_simulator | Round  22/150 | Acc: 0.7602 | Loss: 0.6954 | eps_max: 3.62 eps_avg: 1.90 | P: 0.00 R: nan F1: nan
2026-05-06 13:24:09 | DEBUG   | dpfl.core.base_simulator | Update norms — honest: ['1.15', '0.81', '0.57', '1.24', '0.46'], attacker: ['4.73', '6.34', '6.10', '5.97', '6.74']
2026-05-06 13:24:18 | INFO    | dpfl.core.base_simulator | Round  23/150 | Acc: 0.7619 | Loss: 0.6880 | eps_max: 3.66 eps_avg: 1.95 | P: 0.00 R: nan F1: nan
2026-05-06 13:24:18 | DEBUG   | dpfl.core.base_simulator | Update norms — honest: ['0.80', '1.23', '1.87', '0.71', '0.85'], attacker: ['6.32', '6.15', '6.39', '6.32', '6.22']
2026-05-06 13:24:26 | INFO    | dpfl.core.base_simulator | Round  24/150 | Acc: 0.7639 | Loss: 0.6815 | eps_max: 3.69 eps_avg: 2.00 | P: 0.00 R: nan F1: nan
2026-05-06 13:24:26 | DEBUG   | dpfl.core.base_simulator | Update norms — honest: ['1.73', '0.39', '1.33', '1.39', '0.45'], attacker: ['5.95', '7.01', '6.45', '6.96', '5.59']
2026-05-06 13:24:34 | INFO    | dpfl.core.base_simulator | Round  25/150 | Acc: 0.7655 | Loss: 0.6753 | eps_max: 3.71 eps_avg: 2.05 | P: 0.00 R: nan F1: nan
2026-05-06 13:24:34 | DEBUG   | dpfl.core.base_simulator | Update norms — honest: ['2.01', '0.89', '0.44', '0.76', '0.80'], attacker: ['5.88', '6.67', '6.95', '6.95', '6.00']
2026-05-06 13:24:42 | INFO    | dpfl.core.base_simulator | Round  26/150 | Acc: 0.7669 | Loss: 0.6699 | eps_max: 3.74 eps_avg: 2.10 | P: 0.00 R: nan F1: nan
2026-05-06 13:24:42 | DEBUG   | dpfl.core.base_simulator | Update norms — honest: ['0.44', '0.59', '0.70', '1.13', '0.44'], attacker: ['6.29', '6.15', '7.06', '7.18', '5.79']
2026-05-06 13:24:50 | INFO    | dpfl.core.base_simulator | Round  27/150 | Acc: 0.7683 | Loss: 0.6644 | eps_max: 3.78 eps_avg: 2.15 | P: 0.00 R: nan F1: nan
2026-05-06 13:24:50 | DEBUG   | dpfl.core.base_simulator | Update norms — honest: ['1.17', '0.42', '1.41', '0.94', '0.43'], attacker: ['6.01', '6.00', '5.88', '6.75', '5.84']
2026-05-06 13:24:58 | INFO    | dpfl.core.base_simulator | Round  28/150 | Acc: 0.7698 | Loss: 0.6597 | eps_max: 3.81 eps_avg: 2.19 | P: 0.00 R: nan F1: nan
2026-05-06 13:24:58 | DEBUG   | dpfl.core.base_simulator | Update norms — honest: ['0.57', '0.43', '0.43', '1.19', '1.59'], attacker: ['7.20', '6.36', '4.97', '6.54', '4.81']
2026-05-06 13:25:07 | INFO    | dpfl.core.base_simulator | Round  29/150 | Acc: 0.7711 | Loss: 0.6550 | eps_max: 3.83 eps_avg: 2.25 | P: 0.00 R: nan F1: nan
2026-05-06 13:25:07 | DEBUG   | dpfl.core.base_simulator | Update norms — honest: ['1.77', '0.42', '0.86', '1.58', '1.12'], attacker: ['6.51', '6.51', '4.94', '6.75', '3.40']
2026-05-06 13:25:15 | INFO    | dpfl.core.base_simulator | Round  30/150 | Acc: 0.7722 | Loss: 0.6507 | eps_max: 3.86 eps_avg: 2.28 | P: 0.00 R: nan F1: nan
2026-05-06 13:25:15 | DEBUG   | dpfl.core.base_simulator | Update norms — honest: ['0.45', '1.02', '0.68', '1.39', '0.42'], attacker: ['6.46', '6.57', '4.33', '6.38', '5.12']
2026-05-06 13:25:24 | INFO    | dpfl.core.base_simulator | Round  31/150 | Acc: 0.7734 | Loss: 0.6467 | eps_max: 3.90 eps_avg: 2.33 | P: 0.00 R: nan F1: nan
2026-05-06 13:25:24 | DEBUG   | dpfl.core.base_simulator | Update norms — honest: ['0.55', '0.58', '1.91', '0.42', '0.37'], attacker: ['6.19', '6.31', '6.57', '6.65', '5.77']
2026-05-06 13:25:32 | INFO    | dpfl.core.base_simulator | Round  32/150 | Acc: 0.7745 | Loss: 0.6427 | eps_max: 3.93 eps_avg: 2.36 | P: 0.00 R: nan F1: nan
2026-05-06 13:25:32 | DEBUG   | dpfl.core.base_simulator | Update norms — honest: ['0.58', '0.61', '1.24', '0.41', '1.08'], attacker: ['6.28', '5.78', '6.07', '6.40', '5.70']
2026-05-06 13:25:41 | INFO    | dpfl.core.base_simulator | Round  33/150 | Acc: 0.7755 | Loss: 0.6393 | eps_max: 3.96 eps_avg: 2.40 | P: 0.00 R: nan F1: nan
2026-05-06 13:25:41 | DEBUG   | dpfl.core.base_simulator | Update norms — honest: ['0.98', '0.41', '1.77', '0.73', '1.69'], attacker: ['6.09', '6.62', '5.51', '6.19', '6.25']
2026-05-06 13:25:49 | INFO    | dpfl.core.base_simulator | Round  34/150 | Acc: 0.7765 | Loss: 0.6360 | eps_max: 4.00 eps_avg: 2.43 | P: 0.00 R: nan F1: nan
2026-05-06 13:25:49 | DEBUG   | dpfl.core.base_simulator | Update norms — honest: ['1.04', '1.68', '0.40', '0.60', '0.40'], attacker: ['4.35', '5.54', '6.36', '6.63', '4.19']
2026-05-06 13:25:57 | INFO    | dpfl.core.base_simulator | Round  35/150 | Acc: 0.7775 | Loss: 0.6328 | eps_max: 4.04 eps_avg: 2.47 | P: 0.00 R: nan F1: nan
2026-05-06 13:25:57 | DEBUG   | dpfl.core.base_simulator | Update norms — honest: ['0.79', '0.95', '0.40', '0.67', '1.47'], attacker: ['4.62', '5.59', '5.73', '6.89', '4.54']
2026-05-06 13:26:06 | INFO    | dpfl.core.base_simulator | Round  36/150 | Acc: 0.7783 | Loss: 0.6299 | eps_max: 4.10 eps_avg: 2.50 | P: 0.00 R: nan F1: nan
2026-05-06 13:26:06 | DEBUG   | dpfl.core.base_simulator | Update norms — honest: ['0.42', '0.53', '1.25', '1.10', '0.40'], attacker: ['5.97', '5.82', '4.82', '5.78', '4.81']
2026-05-06 13:26:14 | INFO    | dpfl.core.base_simulator | Round  37/150 | Acc: 0.7789 | Loss: 0.6273 | eps_max: 4.17 eps_avg: 2.55 | P: 0.00 R: nan F1: nan
2026-05-06 13:26:14 | DEBUG   | dpfl.core.base_simulator | Update norms — honest: ['0.39', '0.32', '1.15', '0.58', '0.87'], attacker: ['5.59', '5.99', '5.00', '5.70', '4.92']
2026-05-06 13:26:22 | INFO    | dpfl.core.base_simulator | Round  38/150 | Acc: 0.7798 | Loss: 0.6247 | eps_max: 4.26 eps_avg: 2.59 | P: 0.00 R: nan F1: nan
2026-05-06 13:26:22 | DEBUG   | dpfl.core.base_simulator | Update norms — honest: ['1.43', '0.43', '1.13', '1.26', '0.63'], attacker: ['5.20', '6.42', '5.62', '5.93', '5.30']
2026-05-06 13:26:31 | INFO    | dpfl.core.base_simulator | Round  39/150 | Acc: 0.7804 | Loss: 0.6223 | eps_max: 4.30 eps_avg: 2.61 | P: 0.00 R: nan F1: nan
2026-05-06 13:26:31 | DEBUG   | dpfl.core.base_simulator | Update norms — honest: ['0.20', '1.18', '2.28', '0.66', '0.56'], attacker: ['5.78', '6.39', '5.67', '6.03', '4.56']
2026-05-06 13:26:39 | INFO    | dpfl.core.base_simulator | Round  40/150 | Acc: 0.7813 | Loss: 0.6197 | eps_max: 4.34 eps_avg: 2.65 | P: 0.00 R: nan F1: nan
2026-05-06 13:26:39 | DEBUG   | dpfl.core.base_simulator | Update norms — honest: ['0.94', '1.02', '0.38', '1.37', '1.01'], attacker: ['5.69', '6.67', '5.57', '5.11', '4.37']
2026-05-06 13:26:48 | INFO    | dpfl.core.base_simulator | Round  41/150 | Acc: 0.7818 | Loss: 0.6178 | eps_max: 4.39 eps_avg: 2.68 | P: 0.00 R: nan F1: nan
2026-05-06 13:26:48 | DEBUG   | dpfl.core.base_simulator | Update norms — honest: ['2.05', '1.07', '0.77', '0.82', '2.15'], attacker: ['3.94', '5.04', '5.97', '5.27', '3.45']
2026-05-06 13:26:57 | INFO    | dpfl.core.base_simulator | Round  42/150 | Acc: 0.7828 | Loss: 0.6155 | eps_max: 4.43 eps_avg: 2.72 | P: 0.00 R: nan F1: nan
2026-05-06 13:26:57 | DEBUG   | dpfl.core.base_simulator | Update norms — honest: ['0.99', '1.73', '0.67', '0.69', '0.34'], attacker: ['4.21', '3.74', '5.12', '5.25', '2.91']
2026-05-06 13:27:05 | INFO    | dpfl.core.base_simulator | Round  43/150 | Acc: 0.7831 | Loss: 0.6137 | eps_max: 4.45 eps_avg: 2.75 | P: 0.00 R: nan F1: nan
2026-05-06 13:27:05 | DEBUG   | dpfl.core.base_simulator | Update norms — honest: ['1.05', '0.89', '0.46', '1.57', '1.10'], attacker: ['2.93', '4.99', '5.27', '6.25', '3.12']
2026-05-06 13:27:13 | INFO    | dpfl.core.base_simulator | Round  44/150 | Acc: 0.7838 | Loss: 0.6117 | eps_max: 4.62 eps_avg: 2.79 | P: 0.00 R: nan F1: nan
2026-05-06 13:27:13 | DEBUG   | dpfl.core.base_simulator | Update norms — honest: ['0.99', '2.65', '1.40', '0.66', '1.25'], attacker: ['1.88', '5.01', '4.44', '6.63', '2.93']
2026-05-06 13:27:22 | INFO    | dpfl.core.base_simulator | Round  45/150 | Acc: 0.7843 | Loss: 0.6099 | eps_max: 4.62 eps_avg: 2.84 | P: 0.00 R: nan F1: nan
2026-05-06 13:27:22 | DEBUG   | dpfl.core.base_simulator | Update norms — honest: ['1.64', '0.36', '1.13', '1.86', '0.35'], attacker: ['4.21', '5.69', '4.35', '5.32', '3.91']
2026-05-06 13:27:30 | INFO    | dpfl.core.base_simulator | Round  46/150 | Acc: 0.7848 | Loss: 0.6083 | eps_max: 4.62 eps_avg: 2.86 | P: 0.00 R: nan F1: nan
2026-05-06 13:27:30 | DEBUG   | dpfl.core.base_simulator | Update norms — honest: ['0.97', '1.32', '1.18', '1.74', '1.67'], attacker: ['2.92', '5.45', '3.78', '4.81', '3.91']
2026-05-06 13:27:38 | INFO    | dpfl.core.base_simulator | Round  47/150 | Acc: 0.7856 | Loss: 0.6065 | eps_max: 4.64 eps_avg: 2.88 | P: 0.00 R: nan F1: nan
2026-05-06 13:27:38 | DEBUG   | dpfl.core.base_simulator | Update norms — honest: ['1.28', '0.92', '1.34', '1.08', '0.97'], attacker: ['4.65', '6.08', '4.57', '5.29', '4.34']
2026-05-06 13:27:47 | INFO    | dpfl.core.base_simulator | Round  48/150 | Acc: 0.7858 | Loss: 0.6052 | eps_max: 4.75 eps_avg: 2.93 | P: 0.00 R: nan F1: nan
2026-05-06 13:27:47 | DEBUG   | dpfl.core.base_simulator | Update norms — honest: ['0.29', '2.60', '2.60', '0.35', '0.93'], attacker: ['3.38', '5.45', '5.42', '3.54', '4.58']
2026-05-06 13:27:55 | INFO    | dpfl.core.base_simulator | Round  49/150 | Acc: 0.7863 | Loss: 0.6037 | eps_max: 4.75 eps_avg: 2.95 | P: 0.00 R: nan F1: nan
2026-05-06 13:27:55 | DEBUG   | dpfl.core.base_simulator | Update norms — honest: ['1.66', '1.91', '0.41', '1.46', '0.51'], attacker: ['2.82', '5.06', '4.65', '5.19', '4.86']
2026-05-06 13:28:03 | INFO    | dpfl.core.base_simulator | Round  50/150 | Acc: 0.7868 | Loss: 0.6023 | eps_max: 5.02 eps_avg: 2.96 | P: 0.00 R: nan F1: nan
2026-05-06 13:28:03 | DEBUG   | dpfl.core.base_simulator | Update norms — honest: ['0.95', '0.51', '0.87', '1.10', '1.34'], attacker: ['3.22', '4.88', '4.26', '4.69', '5.10']
2026-05-06 13:28:09 | INFO    | dpfl.core.base_simulator | Round  51/150 | Acc: 0.7872 | Loss: 0.6012 | eps_max: 5.07 eps_avg: 2.71 | P: 0.49 R: 1.00 F1: 0.92
2026-05-06 13:28:09 | DEBUG   | dpfl.core.base_simulator | Update norms — honest: ['0.19', '0.50', '0.91', '1.15', '0.34'], attacker: ['7.40', '9.65', '8.58', '9.85', '8.31']
2026-05-06 13:28:14 | INFO    | dpfl.core.base_simulator | Round  52/150 | Acc: 0.7876 | Loss: 0.5999 | eps_max: 5.19 eps_avg: 2.74 | P: 0.48 R: 1.00 F1: 0.89
2026-05-06 13:28:14 | DEBUG   | dpfl.core.base_simulator | Update norms — honest: ['0.66', '3.40', '0.86', '0.55', '0.88'], attacker: ['8.32', '8.97', '9.08', '9.06', '8.26']
2026-05-06 13:28:19 | INFO    | dpfl.core.base_simulator | Round  53/150 | Acc: 0.7879 | Loss: 0.5988 | eps_max: 5.19 eps_avg: 2.77 | P: 0.33 R: 1.00 F1: 0.87
2026-05-06 13:28:19 | DEBUG   | dpfl.core.base_simulator | Update norms — honest: ['0.34', '1.27', '1.89', '0.34', '1.04'], attacker: ['7.01', '8.98', '8.47', '9.68', '7.65']
2026-05-06 13:28:24 | INFO    | dpfl.core.base_simulator | Round  54/150 | Acc: 0.7884 | Loss: 0.5976 | eps_max: 5.19 eps_avg: 2.80 | P: 0.67 R: 1.00 F1: 0.88
2026-05-06 13:28:24 | DEBUG   | dpfl.core.base_simulator | Update norms — honest: ['1.62', '1.55', '0.45', '0.34', '0.21'], attacker: ['7.98', '8.99', '8.51', '8.81', '7.63']
2026-05-06 13:28:30 | INFO    | dpfl.core.base_simulator | Round  55/150 | Acc: 0.7888 | Loss: 0.5967 | eps_max: 5.19 eps_avg: 2.82 | P: 0.45 R: 1.00 F1: 0.91
2026-05-06 13:28:30 | DEBUG   | dpfl.core.base_simulator | Update norms — honest: ['0.75', '2.97', '0.28', '0.60', '1.07'], attacker: ['7.03', '9.83', '8.08', '10.19', '7.41']
2026-05-06 13:28:35 | INFO    | dpfl.core.base_simulator | Round  56/150 | Acc: 0.7888 | Loss: 0.5961 | eps_max: 5.19 eps_avg: 2.84 | P: 0.33 R: 1.00 F1: 0.90
2026-05-06 13:28:35 | DEBUG   | dpfl.core.base_simulator | Update norms — honest: ['2.00', '0.92', '0.37', '1.51', '0.60'], attacker: ['7.70', '9.03', '8.94', '9.67', '8.17']
2026-05-06 13:28:40 | INFO    | dpfl.core.base_simulator | Round  57/150 | Acc: 0.7897 | Loss: 0.5942 | eps_max: 5.23 eps_avg: 2.86 | P: 0.36 R: 1.00 F1: 0.93
2026-05-06 13:28:40 | DEBUG   | dpfl.core.base_simulator | Update norms — honest: ['0.24', '0.53', '1.11', '1.30', '0.31'], attacker: ['7.59', '9.85', '8.76', '10.28', '8.57']
2026-05-06 13:28:45 | INFO    | dpfl.core.base_simulator | Round  58/150 | Acc: 0.7897 | Loss: 0.5939 | eps_max: 5.26 eps_avg: 2.96 | P: 0.28 R: 1.00 F1: 0.94
2026-05-06 13:28:45 | DEBUG   | dpfl.core.base_simulator | Update norms — honest: ['1.20', '0.42', '0.48', '1.44', '0.75'], attacker: ['7.63', '10.32', '8.57', '9.03', '7.93']
2026-05-06 13:28:51 | INFO    | dpfl.core.base_simulator | Round  59/150 | Acc: 0.7901 | Loss: 0.5928 | eps_max: 5.26 eps_avg: 3.02 | P: 0.38 R: 1.00 F1: 0.91
2026-05-06 13:28:51 | DEBUG   | dpfl.core.base_simulator | Update norms — honest: ['1.47', '0.77', '0.34', '0.68', '1.83'], attacker: ['7.19', '9.33', '7.71', '9.13', '7.45']
2026-05-06 13:28:56 | INFO    | dpfl.core.base_simulator | Round  60/150 | Acc: 0.7904 | Loss: 0.5922 | eps_max: 5.26 eps_avg: 3.05 | P: 0.48 R: 1.00 F1: 0.92
2026-05-06 13:28:56 | DEBUG   | dpfl.core.base_simulator | Update norms — honest: ['1.26', '0.99', '0.94', '0.54', '0.32'], attacker: ['7.80', '9.63', '8.82', '9.87', '8.13']
2026-05-06 13:29:01 | INFO    | dpfl.core.base_simulator | Round  61/150 | Acc: 0.7906 | Loss: 0.5916 | eps_max: 5.26 eps_avg: 3.07 | P: 0.56 R: 1.00 F1: 0.93
2026-05-06 13:29:01 | DEBUG   | dpfl.core.base_simulator | Update norms — honest: ['0.78', '0.28', '0.49', '1.44', '1.60'], attacker: ['8.38', '8.93', '8.29', '9.20', '7.85']
2026-05-06 13:29:07 | INFO    | dpfl.core.base_simulator | Round  62/150 | Acc: 0.7906 | Loss: 0.5913 | eps_max: 5.32 eps_avg: 3.12 | P: 0.39 R: 1.00 F1: 0.88
2026-05-06 13:29:07 | DEBUG   | dpfl.core.base_simulator | Update norms — honest: ['0.80', '0.34', '2.06', '1.88', '1.00'], attacker: ['7.91', '9.16', '7.99', '9.77', '7.85']
2026-05-06 13:29:12 | INFO    | dpfl.core.base_simulator | Round  63/150 | Acc: 0.7911 | Loss: 0.5902 | eps_max: 5.32 eps_avg: 3.18 | P: 0.34 R: 1.00 F1: 0.90
2026-05-06 13:29:12 | DEBUG   | dpfl.core.base_simulator | Update norms — honest: ['1.78', '0.34', '1.40', '0.96', '0.31'], attacker: ['7.76', '9.03', '8.78', '9.65', '8.86']
2026-05-06 13:29:18 | INFO    | dpfl.core.base_simulator | Round  64/150 | Acc: 0.7914 | Loss: 0.5898 | eps_max: 5.32 eps_avg: 3.22 | P: 0.35 R: 1.00 F1: 0.83
2026-05-06 13:29:18 | DEBUG   | dpfl.core.base_simulator | Update norms — honest: ['0.57', '0.66', '1.75', '0.27', '0.83'], attacker: ['7.47', '10.13', '8.09', '8.94', '8.77']
2026-05-06 13:29:24 | INFO    | dpfl.core.base_simulator | Round  65/150 | Acc: 0.7915 | Loss: 0.5896 | eps_max: 5.32 eps_avg: 3.27 | P: 0.60 R: 1.00 F1: 0.92
2026-05-06 13:29:24 | DEBUG   | dpfl.core.base_simulator | Update norms — honest: ['1.55', '1.26', '2.89', '1.61', '0.89'], attacker: ['7.38', '9.66', '8.44', '9.66', '7.46']
2026-05-06 13:29:29 | INFO    | dpfl.core.base_simulator | Round  66/150 | Acc: 0.7919 | Loss: 0.5888 | eps_max: 5.33 eps_avg: 3.31 | P: 0.46 R: 1.00 F1: 0.90
2026-05-06 13:29:29 | DEBUG   | dpfl.core.base_simulator | Update norms — honest: ['0.45', '0.92', '1.86', '0.48', '0.46'], attacker: ['7.60', '8.81', '9.31', '9.40', '7.70']
2026-05-06 13:29:35 | INFO    | dpfl.core.base_simulator | Round  67/150 | Acc: 0.7922 | Loss: 0.5882 | eps_max: 5.33 eps_avg: 3.33 | P: 0.21 R: 1.00 F1: 0.97
2026-05-06 13:29:35 | DEBUG   | dpfl.core.base_simulator | Update norms — honest: ['1.02', '1.66', '1.13', '1.43', '0.42'], attacker: ['7.46', '9.05', '8.63', '10.47', '8.17']
2026-05-06 13:29:40 | INFO    | dpfl.core.base_simulator | Round  68/150 | Acc: 0.7921 | Loss: 0.5883 | eps_max: 5.45 eps_avg: 3.41 | P: 0.28 R: 1.00 F1: 0.84
2026-05-06 13:29:40 | DEBUG   | dpfl.core.base_simulator | Update norms — honest: ['0.34', '0.51', '0.67', '0.05', '0.51'], attacker: ['8.93', '10.12', '8.00', '9.05', '7.52']
2026-05-06 13:29:46 | INFO    | dpfl.core.base_simulator | Round  69/150 | Acc: 0.7924 | Loss: 0.5878 | eps_max: 5.45 eps_avg: 3.47 | P: 0.33 R: 1.00 F1: 0.83
2026-05-06 13:29:46 | DEBUG   | dpfl.core.base_simulator | Update norms — honest: ['0.34', '0.79', '0.52', '1.17', '1.37'], attacker: ['7.24', '9.38', '8.65', '9.23', '7.84']
2026-05-06 13:29:50 | INFO    | dpfl.core.base_simulator | Round  70/150 | Acc: 0.7927 | Loss: 0.5871 | eps_max: 5.45 eps_avg: 3.51 | P: 0.22 R: 1.00 F1: 0.77
2026-05-06 13:29:50 | DEBUG   | dpfl.core.base_simulator | Update norms — honest: ['0.35', '0.76', '0.56', '1.58', '1.01'], attacker: ['8.85', '10.87', '8.69', '9.77', '8.29']
2026-05-06 13:29:55 | INFO    | dpfl.core.base_simulator | Round  71/150 | Acc: 0.7928 | Loss: 0.5868 | eps_max: 5.45 eps_avg: 3.54 | P: 0.35 R: 1.00 F1: 0.96
2026-05-06 13:29:55 | DEBUG   | dpfl.core.base_simulator | Update norms — honest: ['1.34', '1.03', '1.98', '0.56', '1.23'], attacker: ['9.01', '10.04', '8.27', '10.33', '7.79']
2026-05-06 13:30:00 | INFO    | dpfl.core.base_simulator | Round  72/150 | Acc: 0.7929 | Loss: 0.5867 | eps_max: 5.45 eps_avg: 3.57 | P: 0.42 R: 1.00 F1: 0.94
2026-05-06 13:30:00 | DEBUG   | dpfl.core.base_simulator | Update norms — honest: ['0.99', '1.07', '0.69', '0.92', '0.41'], attacker: ['7.69', '10.26', '8.36', '10.25', '8.56']
2026-05-06 13:30:06 | INFO    | dpfl.core.base_simulator | Round  73/150 | Acc: 0.7931 | Loss: 0.5863 | eps_max: 5.45 eps_avg: 3.60 | P: 0.26 R: 1.00 F1: 0.89
2026-05-06 13:30:06 | DEBUG   | dpfl.core.base_simulator | Update norms — honest: ['0.82', '1.09', '0.49', '0.72', '1.21'], attacker: ['7.42', '10.13', '8.28', '9.62', '8.54']
2026-05-06 13:30:11 | INFO    | dpfl.core.base_simulator | Round  74/150 | Acc: 0.7932 | Loss: 0.5864 | eps_max: 5.45 eps_avg: 3.65 | P: 0.36 R: 1.00 F1: 0.90
2026-05-06 13:30:11 | DEBUG   | dpfl.core.base_simulator | Update norms — honest: ['1.77', '1.32', '0.50', '1.54', '0.71'], attacker: ['8.48', '10.73', '9.33', '9.79', '7.76']
2026-05-06 13:30:17 | INFO    | dpfl.core.base_simulator | Round  75/150 | Acc: 0.7933 | Loss: 0.5861 | eps_max: 5.45 eps_avg: 3.70 | P: 0.31 R: 1.00 F1: 0.88
2026-05-06 13:30:17 | DEBUG   | dpfl.core.base_simulator | Update norms — honest: ['0.15', '0.68', '1.37', '0.78', '0.72'], attacker: ['9.42', '9.70', '8.26', '9.52', '8.05']
2026-05-06 13:30:22 | INFO    | dpfl.core.base_simulator | Round  76/150 | Acc: 0.7932 | Loss: 0.5863 | eps_max: 5.45 eps_avg: 3.74 | P: 0.42 R: 1.00 F1: 0.82
2026-05-06 13:30:22 | DEBUG   | dpfl.core.base_simulator | Update norms — honest: ['1.45', '2.03', '1.72', '0.28', '1.70'], attacker: ['7.21', '10.88', '8.96', '9.93', '7.87']
2026-05-06 13:30:27 | INFO    | dpfl.core.base_simulator | Round  77/150 | Acc: 0.7937 | Loss: 0.5856 | eps_max: 5.45 eps_avg: 3.79 | P: 0.31 R: 1.00 F1: 0.88
2026-05-06 13:30:27 | DEBUG   | dpfl.core.base_simulator | Update norms — honest: ['0.34', '1.37', '0.64', '1.96', '0.18'], attacker: ['9.15', '9.91', '8.12', '9.52', '7.94']
2026-05-06 13:30:32 | INFO    | dpfl.core.base_simulator | Round  78/150 | Acc: 0.7937 | Loss: 0.5860 | eps_max: 5.51 eps_avg: 3.84 | P: 0.37 R: 1.00 F1: 0.93
2026-05-06 13:30:32 | DEBUG   | dpfl.core.base_simulator | Update norms — honest: ['1.42', '1.10', '1.30', '1.00', '1.99'], attacker: ['9.34', '9.36', '8.86', '9.37', '8.28']
2026-05-06 13:30:38 | INFO    | dpfl.core.base_simulator | Round  79/150 | Acc: 0.7940 | Loss: 0.5855 | eps_max: 5.51 eps_avg: 3.86 | P: 0.53 R: 1.00 F1: 0.96
2026-05-06 13:30:38 | DEBUG   | dpfl.core.base_simulator | Update norms — honest: ['1.04', '2.59', '1.64', '0.69', '0.61'], attacker: ['7.38', '9.78', '8.95', '10.27', '8.74']
2026-05-06 13:30:43 | INFO    | dpfl.core.base_simulator | Round  80/150 | Acc: 0.7940 | Loss: 0.5857 | eps_max: 5.80 eps_avg: 3.91 | P: 0.25 R: 1.00 F1: 0.87
2026-05-06 13:30:43 | DEBUG   | dpfl.core.base_simulator | Update norms — honest: ['0.34', '0.62', '0.57', '1.39', '0.79'], attacker: ['9.85', '9.73', '8.68', '10.67', '8.28']
2026-05-06 13:30:48 | INFO    | dpfl.core.base_simulator | Round  81/150 | Acc: 0.7939 | Loss: 0.5863 | eps_max: 5.80 eps_avg: 3.97 | P: 0.50 R: 1.00 F1: 0.90
2026-05-06 13:30:48 | DEBUG   | dpfl.core.base_simulator | Update norms — honest: ['1.23', '1.40', '1.21', '2.51', '0.07'], attacker: ['8.12', '9.12', '8.67', '11.23', '8.68']
2026-05-06 13:30:54 | INFO    | dpfl.core.base_simulator | Round  82/150 | Acc: 0.7942 | Loss: 0.5858 | eps_max: 5.80 eps_avg: 4.01 | P: 0.46 R: 1.00 F1: 0.86
2026-05-06 13:30:54 | DEBUG   | dpfl.core.base_simulator | Update norms — honest: ['2.59', '0.21', '0.91', '1.92', '1.19'], attacker: ['8.11', '9.75', '8.53', '9.53', '7.51']
2026-05-06 13:30:58 | INFO    | dpfl.core.base_simulator | Round  83/150 | Acc: 0.7944 | Loss: 0.5855 | eps_max: 5.80 eps_avg: 4.03 | P: 0.30 R: 1.00 F1: 0.94
2026-05-06 13:30:58 | DEBUG   | dpfl.core.base_simulator | Update norms — honest: ['0.67', '1.18', '0.40', '2.20', '0.21'], attacker: ['7.80', '9.77', '8.86', '9.50', '9.85']
2026-05-06 13:31:03 | INFO    | dpfl.core.base_simulator | Round  84/150 | Acc: 0.7943 | Loss: 0.5862 | eps_max: 5.86 eps_avg: 4.07 | P: 0.39 R: 1.00 F1: 0.93
2026-05-06 13:31:03 | DEBUG   | dpfl.core.base_simulator | Update norms — honest: ['0.89', '1.75', '0.00', '1.52', '2.10'], attacker: ['8.65', '32.56', '39.30', '37.26', '33.24']
2026-05-06 13:31:09 | INFO    | dpfl.core.base_simulator | Round  85/150 | Acc: 0.7943 | Loss: 0.5860 | eps_max: 5.86 eps_avg: 4.13 | P: 0.52 R: 1.00 F1: 0.85
2026-05-06 13:31:09 | DEBUG   | dpfl.core.base_simulator | Update norms — honest: ['0.54', '1.06', '2.78', '0.65', '2.55'], attacker: ['8.47', '32.38', '40.31', '34.77', '34.24']
2026-05-06 13:31:14 | INFO    | dpfl.core.base_simulator | Round  86/150 | Acc: 0.7946 | Loss: 0.5859 | eps_max: 5.86 eps_avg: 4.17 | P: 0.27 R: 1.00 F1: 0.92
2026-05-06 13:31:14 | DEBUG   | dpfl.core.base_simulator | Update norms — honest: ['2.20', '1.01', '1.12', '1.07', '1.73'], attacker: ['8.44', '31.33', '40.53', '38.29', '33.75']
2026-05-06 13:31:20 | INFO    | dpfl.core.base_simulator | Round  87/150 | Acc: 0.7946 | Loss: 0.5860 | eps_max: 5.86 eps_avg: 4.21 | P: 0.43 R: 1.00 F1: 0.90
2026-05-06 13:31:20 | DEBUG   | dpfl.core.base_simulator | Update norms — honest: ['0.25', '1.14', '0.02', '2.29', '1.50'], attacker: ['8.31', '31.84', '41.20', '37.05', '35.06']
2026-05-06 13:31:25 | INFO    | dpfl.core.base_simulator | Round  88/150 | Acc: 0.7949 | Loss: 0.5861 | eps_max: 5.98 eps_avg: 4.24 | P: 0.49 R: 1.00 F1: 0.91
2026-05-06 13:31:25 | DEBUG   | dpfl.core.base_simulator | Update norms — honest: ['0.14', '1.06', '1.37', '0.11', '0.21'], attacker: ['8.34', '33.07', '39.28', '36.55', '32.73']
2026-05-06 13:31:30 | INFO    | dpfl.core.base_simulator | Round  89/150 | Acc: 0.7948 | Loss: 0.5864 | eps_max: 6.13 eps_avg: 4.27 | P: 0.39 R: 1.00 F1: 0.90
2026-05-06 13:31:30 | DEBUG   | dpfl.core.base_simulator | Update norms — honest: ['2.76', '0.61', '0.76', '1.05', '0.66'], attacker: ['8.41', '33.41', '40.16', '36.69', '32.86']
2026-05-06 13:31:35 | INFO    | dpfl.core.base_simulator | Round  90/150 | Acc: 0.7948 | Loss: 0.5867 | eps_max: 6.13 eps_avg: 4.31 | P: 0.55 R: 1.00 F1: 0.94
2026-05-06 13:31:35 | DEBUG   | dpfl.core.base_simulator | Update norms — honest: ['0.61', '1.69', '0.76', '1.01', '1.61'], attacker: ['7.19', '32.42', '39.22', '37.41', '34.89']
2026-05-06 13:31:41 | INFO    | dpfl.core.base_simulator | Round  91/150 | Acc: 0.7947 | Loss: 0.5870 | eps_max: 6.31 eps_avg: 4.40 | P: 0.34 R: 1.00 F1: 0.81
2026-05-06 13:31:41 | DEBUG   | dpfl.core.base_simulator | Update norms — honest: ['0.90', '2.06', '0.95', '1.68', '1.61'], attacker: ['7.37', '33.47', '39.97', '36.89', '31.38']
2026-05-06 13:31:46 | INFO    | dpfl.core.base_simulator | Round  92/150 | Acc: 0.7949 | Loss: 0.5869 | eps_max: 6.31 eps_avg: 4.44 | P: 0.48 R: 1.00 F1: 0.90
2026-05-06 13:31:46 | DEBUG   | dpfl.core.base_simulator | Update norms — honest: ['1.25', '1.52', '0.91', '0.87', '0.00'], attacker: ['8.88', '32.75', '41.77', '38.27', '33.12']
2026-05-06 13:31:52 | INFO    | dpfl.core.base_simulator | Round  93/150 | Acc: 0.7949 | Loss: 0.5872 | eps_max: 6.31 eps_avg: 4.48 | P: 0.31 R: 1.00 F1: 0.92
2026-05-06 13:31:52 | DEBUG   | dpfl.core.base_simulator | Update norms — honest: ['1.27', '1.97', '0.11', '2.51', '0.53'], attacker: ['8.64', '32.88', '41.64', '35.26', '33.72']
2026-05-06 13:31:57 | INFO    | dpfl.core.base_simulator | Round  94/150 | Acc: 0.7950 | Loss: 0.5876 | eps_max: 6.73 eps_avg: 4.51 | P: 0.36 R: 1.00 F1: 0.85
2026-05-06 13:31:57 | DEBUG   | dpfl.core.base_simulator | Update norms — honest: ['1.11', '2.37', '0.99', '0.57', '0.87'], attacker: ['7.37', '31.81', '39.38', '35.67', '33.50']
2026-05-06 13:32:02 | INFO    | dpfl.core.base_simulator | Round  95/150 | Acc: 0.7950 | Loss: 0.5880 | eps_max: 6.73 eps_avg: 4.56 | P: 0.55 R: 1.00 F1: 0.94
2026-05-06 13:32:02 | DEBUG   | dpfl.core.base_simulator | Update norms — honest: ['2.11', '0.76', '1.57', '0.34', '0.79'], attacker: ['9.19', '32.30', '40.72', '34.76', '34.26']
2026-05-06 13:32:08 | INFO    | dpfl.core.base_simulator | Round  96/150 | Acc: 0.7949 | Loss: 0.5884 | eps_max: 6.73 eps_avg: 4.62 | P: 0.35 R: 1.00 F1: 0.90
2026-05-06 13:32:08 | DEBUG   | dpfl.core.base_simulator | Update norms — honest: ['0.59', '1.74', '1.14', '1.47', '1.10'], attacker: ['8.28', '30.89', '40.60', '34.97', '31.37']
2026-05-06 13:32:13 | INFO    | dpfl.core.base_simulator | Round  97/150 | Acc: 0.7950 | Loss: 0.5887 | eps_max: 6.93 eps_avg: 4.67 | P: 0.19 R: 1.00 F1: 0.82
2026-05-06 13:32:13 | DEBUG   | dpfl.core.base_simulator | Update norms — honest: ['0.66', '0.91', '2.02', '0.87', '0.71'], attacker: ['10.05', '33.96', '40.86', '35.90', '33.71']
2026-05-06 13:32:19 | INFO    | dpfl.core.base_simulator | Round  98/150 | Acc: 0.7952 | Loss: 0.5885 | eps_max: 6.93 eps_avg: 4.71 | P: 0.35 R: 1.00 F1: 0.88
2026-05-06 13:32:19 | DEBUG   | dpfl.core.base_simulator | Update norms — honest: ['1.06', '1.63', '0.82', '1.38', '2.15'], attacker: ['8.34', '32.31', '39.01', '37.98', '32.09']
2026-05-06 13:32:24 | INFO    | dpfl.core.base_simulator | Round  99/150 | Acc: 0.7953 | Loss: 0.5889 | eps_max: 6.93 eps_avg: 4.74 | P: 0.46 R: 1.00 F1: 0.88
2026-05-06 13:32:24 | DEBUG   | dpfl.core.base_simulator | Update norms — honest: ['0.00', '0.67', '1.09', '0.92', '1.63'], attacker: ['7.93', '32.58', '41.69', '36.24', '34.27']
2026-05-06 13:32:29 | INFO    | dpfl.core.base_simulator | Round 100/150 | Acc: 0.7953 | Loss: 0.5896 | eps_max: 6.93 eps_avg: 4.78 | P: 0.45 R: 1.00 F1: 0.88
2026-05-06 13:32:29 | DEBUG   | dpfl.core.base_simulator | Update norms — honest: ['0.73', '1.41', '2.57', '1.96', '1.39'], attacker: ['8.51', '32.17', '38.76', '36.85', '35.67']
2026-05-06 13:32:35 | INFO    | dpfl.core.base_simulator | Round 101/150 | Acc: 0.7954 | Loss: 0.5894 | eps_max: 6.93 eps_avg: 4.82 | P: 0.24 R: 1.00 F1: 0.72
2026-05-06 13:32:35 | DEBUG   | dpfl.core.base_simulator | Update norms — honest: ['1.70', '0.49', '1.21', '0.81', '1.28'], attacker: ['9.00', '30.99', '41.65', '36.21', '33.34']
2026-05-06 13:32:40 | INFO    | dpfl.core.base_simulator | Round 102/150 | Acc: 0.7953 | Loss: 0.5902 | eps_max: 6.93 eps_avg: 4.86 | P: 0.50 R: 1.00 F1: 0.86
2026-05-06 13:32:40 | DEBUG   | dpfl.core.base_simulator | Update norms — honest: ['1.02', '0.27', '1.80', '0.74', '1.86'], attacker: ['7.75', '33.23', '41.39', '36.81', '33.14']
2026-05-06 13:32:46 | INFO    | dpfl.core.base_simulator | Round 103/150 | Acc: 0.7953 | Loss: 0.5907 | eps_max: 6.93 eps_avg: 4.91 | P: 0.44 R: 1.00 F1: 0.89
2026-05-06 13:32:46 | DEBUG   | dpfl.core.base_simulator | Update norms — honest: ['1.13', '2.30', '0.68', '0.45', '2.54'], attacker: ['8.27', '33.95', '41.51', '36.79', '33.92']
2026-05-06 13:32:52 | INFO    | dpfl.core.base_simulator | Round 104/150 | Acc: 0.7953 | Loss: 0.5912 | eps_max: 6.93 eps_avg: 4.97 | P: 0.45 R: 1.00 F1: 0.90
2026-05-06 13:32:52 | DEBUG   | dpfl.core.base_simulator | Update norms — honest: ['1.39', '0.34', '0.53', '1.33', '1.18'], attacker: ['8.27', '32.87', '39.94', '36.82', '33.62']
2026-05-06 13:32:57 | INFO    | dpfl.core.base_simulator | Round 105/150 | Acc: 0.7952 | Loss: 0.5916 | eps_max: 6.93 eps_avg: 5.02 | P: 0.51 R: 1.00 F1: 0.92
2026-05-06 13:32:57 | DEBUG   | dpfl.core.base_simulator | Update norms — honest: ['0.35', '0.00', '1.47', '1.91', '0.21'], attacker: ['7.81', '33.12', '40.62', '37.87', '33.76']
2026-05-06 13:33:03 | INFO    | dpfl.core.base_simulator | Round 106/150 | Acc: 0.7952 | Loss: 0.5920 | eps_max: 6.93 eps_avg: 5.05 | P: 0.53 R: 1.00 F1: 0.86
2026-05-06 13:33:03 | DEBUG   | dpfl.core.base_simulator | Update norms — honest: ['0.32', '2.10', '1.10', '1.68', '0.97'], attacker: ['9.07', '33.49', '37.84', '36.86', '32.60']
2026-05-06 13:33:09 | INFO    | dpfl.core.base_simulator | Round 107/150 | Acc: 0.7953 | Loss: 0.5924 | eps_max: 6.93 eps_avg: 5.08 | P: 0.36 R: 1.00 F1: 0.92
2026-05-06 13:33:09 | DEBUG   | dpfl.core.base_simulator | Update norms — honest: ['1.45', '2.20', '2.79', '0.67', '1.08'], attacker: ['7.51', '32.64', '39.57', '35.94', '33.11']
2026-05-06 13:33:14 | INFO    | dpfl.core.base_simulator | Round 108/150 | Acc: 0.7954 | Loss: 0.5928 | eps_max: 6.93 eps_avg: 5.10 | P: 0.42 R: 1.00 F1: 0.87
2026-05-06 13:33:14 | DEBUG   | dpfl.core.base_simulator | Update norms — honest: ['3.34', '1.10', '2.21', '1.40', '0.15'], attacker: ['8.79', '33.56', '42.13', '37.22', '34.51']
2026-05-06 13:33:19 | INFO    | dpfl.core.base_simulator | Round 109/150 | Acc: 0.7952 | Loss: 0.5941 | eps_max: 6.93 eps_avg: 5.13 | P: 0.43 R: 1.00 F1: 0.91
2026-05-06 13:33:19 | DEBUG   | dpfl.core.base_simulator | Update norms — honest: ['2.02', '1.64', '0.80', '1.40', '0.36'], attacker: ['9.53', '32.97', '39.71', '36.89', '33.66']
2026-05-06 13:33:26 | INFO    | dpfl.core.base_simulator | Round 110/150 | Acc: 0.7951 | Loss: 0.5945 | eps_max: 6.93 eps_avg: 5.19 | P: 0.37 R: 1.00 F1: 0.90
2026-05-06 13:33:26 | DEBUG   | dpfl.core.base_simulator | Update norms — honest: ['1.08', '1.95', '0.24', '2.65', '0.23'], attacker: ['9.21', '34.27', '41.30', '36.06', '33.36']
2026-05-06 13:33:31 | INFO    | dpfl.core.base_simulator | Round 111/150 | Acc: 0.7952 | Loss: 0.5952 | eps_max: 6.93 eps_avg: 5.24 | P: 0.28 R: 1.00 F1: 0.88
2026-05-06 13:33:31 | DEBUG   | dpfl.core.base_simulator | Update norms — honest: ['0.00', '2.48', '0.72', '0.77', '0.93'], attacker: ['8.35', '30.84', '38.57', '36.05', '32.67']
2026-05-06 13:33:37 | INFO    | dpfl.core.base_simulator | Round 112/150 | Acc: 0.7950 | Loss: 0.5958 | eps_max: 6.93 eps_avg: 5.28 | P: 0.40 R: 1.00 F1: 0.87
2026-05-06 13:33:37 | DEBUG   | dpfl.core.base_simulator | Update norms — honest: ['2.54', '0.39', '2.02', '2.46', '1.52'], attacker: ['8.42', '32.60', '39.73', '36.13', '33.60']
2026-05-06 13:33:42 | INFO    | dpfl.core.base_simulator | Round 113/150 | Acc: 0.7954 | Loss: 0.5957 | eps_max: 6.93 eps_avg: 5.30 | P: 0.54 R: 1.00 F1: 0.91
2026-05-06 13:33:42 | DEBUG   | dpfl.core.base_simulator | Update norms — honest: ['1.03', '0.69', '0.92', '1.80', '1.98'], attacker: ['7.94', '32.17', '39.33', '36.48', '35.38']
2026-05-06 13:33:48 | INFO    | dpfl.core.base_simulator | Round 114/150 | Acc: 0.7952 | Loss: 0.5971 | eps_max: 6.93 eps_avg: 5.34 | P: 0.45 R: 1.00 F1: 0.89
2026-05-06 13:33:48 | DEBUG   | dpfl.core.base_simulator | Update norms — honest: ['2.30', '2.64', '0.64', '1.34', '0.25'], attacker: ['9.07', '32.26', '39.93', '36.79', '31.81']
2026-05-06 13:33:53 | INFO    | dpfl.core.base_simulator | Round 115/150 | Acc: 0.7949 | Loss: 0.5975 | eps_max: 7.01 eps_avg: 5.37 | P: 0.60 R: 1.00 F1: 0.91
2026-05-06 13:33:53 | DEBUG   | dpfl.core.base_simulator | Update norms — honest: ['2.32', '0.14', '0.79', '0.57', '2.23'], attacker: ['7.79', '31.40', '39.16', '35.49', '34.57']
2026-05-06 13:33:59 | INFO    | dpfl.core.base_simulator | Round 116/150 | Acc: 0.7952 | Loss: 0.5979 | eps_max: 7.07 eps_avg: 5.40 | P: 0.41 R: 1.00 F1: 0.95
2026-05-06 13:33:59 | DEBUG   | dpfl.core.base_simulator | Update norms — honest: ['0.00', '1.75', '0.71', '1.10', '1.05'], attacker: ['8.25', '31.94', '38.08', '37.14', '34.35']
2026-05-06 13:34:05 | INFO    | dpfl.core.base_simulator | Round 117/150 | Acc: 0.7951 | Loss: 0.5987 | eps_max: 7.07 eps_avg: 5.43 | P: 0.34 R: 1.00 F1: 0.88
2026-05-06 13:34:05 | DEBUG   | dpfl.core.base_simulator | Update norms — honest: ['1.03', '2.71', '0.40', '2.50', '2.31'], attacker: ['8.60', '33.01', '40.41', '36.58', '34.67']
2026-05-06 13:34:10 | INFO    | dpfl.core.base_simulator | Round 118/150 | Acc: 0.7950 | Loss: 0.5993 | eps_max: 7.25 eps_avg: 5.47 | P: 0.40 R: 1.00 F1: 0.91
2026-05-06 13:34:10 | DEBUG   | dpfl.core.base_simulator | Update norms — honest: ['1.73', '0.96', '1.77', '0.97', '1.89'], attacker: ['9.63', '33.27', '41.16', '37.58', '32.84']
2026-05-06 13:34:16 | INFO    | dpfl.core.base_simulator | Round 119/150 | Acc: 0.7949 | Loss: 0.6008 | eps_max: 7.25 eps_avg: 5.51 | P: 0.29 R: 1.00 F1: 0.91
2026-05-06 13:34:16 | DEBUG   | dpfl.core.base_simulator | Update norms — honest: ['1.81', '0.86', '1.48', '0.00', '2.28'], attacker: ['8.51', '32.14', '39.20', '35.74', '34.54']
2026-05-06 13:34:21 | INFO    | dpfl.core.base_simulator | Round 120/150 | Acc: 0.7947 | Loss: 0.6012 | eps_max: 7.25 eps_avg: 5.55 | P: 0.27 R: 1.00 F1: 0.85
2026-05-06 13:34:21 | DEBUG   | dpfl.core.base_simulator | Update norms — honest: ['1.40', '1.65', '1.85', '2.19', '0.50'], attacker: ['8.04', '34.33', '39.03', '36.40', '31.98']
2026-05-06 13:34:27 | INFO    | dpfl.core.base_simulator | Round 121/150 | Acc: 0.7948 | Loss: 0.6019 | eps_max: 7.31 eps_avg: 5.58 | P: 0.41 R: 1.00 F1: 0.93
2026-05-06 13:34:27 | DEBUG   | dpfl.core.base_simulator | Update norms — honest: ['2.06', '2.45', '2.26', '0.00', '1.67'], attacker: ['8.66', '33.23', '41.33', '37.08', '30.89']
2026-05-06 13:34:33 | INFO    | dpfl.core.base_simulator | Round 122/150 | Acc: 0.7945 | Loss: 0.6034 | eps_max: 7.46 eps_avg: 5.61 | P: 0.41 R: 1.00 F1: 0.94
2026-05-06 13:34:33 | DEBUG   | dpfl.core.base_simulator | Update norms — honest: ['2.94', '2.12', '1.23', '2.21', '0.60'], attacker: ['7.94', '33.56', '40.06', '37.86', '34.80']
2026-05-06 13:34:38 | INFO    | dpfl.core.base_simulator | Round 123/150 | Acc: 0.7947 | Loss: 0.6040 | eps_max: 7.46 eps_avg: 5.63 | P: 0.52 R: 1.00 F1: 0.89
2026-05-06 13:34:38 | DEBUG   | dpfl.core.base_simulator | Update norms — honest: ['0.82', '3.23', '1.70', '0.47', '0.81'], attacker: ['8.16', '32.73', '40.05', '37.46', '36.00']
2026-05-06 13:34:43 | INFO    | dpfl.core.base_simulator | Round 124/150 | Acc: 0.7945 | Loss: 0.6049 | eps_max: 7.46 eps_avg: 5.64 | P: 0.34 R: 1.00 F1: 0.87
2026-05-06 13:34:43 | DEBUG   | dpfl.core.base_simulator | Update norms — honest: ['2.78', '1.67', '2.36', '1.33', '0.68'], attacker: ['8.31', '32.14', '43.53', '38.22', '33.38']
2026-05-06 13:34:48 | INFO    | dpfl.core.base_simulator | Round 125/150 | Acc: 0.7946 | Loss: 0.6053 | eps_max: 7.46 eps_avg: 5.67 | P: 0.54 R: 1.00 F1: 0.92
2026-05-06 13:34:48 | DEBUG   | dpfl.core.base_simulator | Update norms — honest: ['0.99', '1.11', '2.30', '1.00', '1.41'], attacker: ['8.33', '32.18', '41.26', '36.57', '34.00']
2026-05-06 13:34:54 | INFO    | dpfl.core.base_simulator | Round 126/150 | Acc: 0.7942 | Loss: 0.6062 | eps_max: 7.46 eps_avg: 5.69 | P: 0.54 R: 1.00 F1: 0.93
2026-05-06 13:34:54 | DEBUG   | dpfl.core.base_simulator | Update norms — honest: ['1.68', '1.02', '1.60', '2.45', '0.98'], attacker: ['8.72', '33.78', '39.07', '38.70', '34.12']
2026-05-06 13:34:59 | INFO    | dpfl.core.base_simulator | Round 127/150 | Acc: 0.7945 | Loss: 0.6063 | eps_max: 7.46 eps_avg: 5.71 | P: 0.68 R: 1.00 F1: 0.94
2026-05-06 13:34:59 | DEBUG   | dpfl.core.base_simulator | Update norms — honest: ['1.50', '0.75', '1.30', '1.02', '2.02'], attacker: ['9.34', '32.84', '39.07', '37.29', '32.34']
2026-05-06 13:35:04 | INFO    | dpfl.core.base_simulator | Round 128/150 | Acc: 0.7944 | Loss: 0.6077 | eps_max: 7.46 eps_avg: 5.73 | P: 0.31 R: 1.00 F1: 0.87
2026-05-06 13:35:04 | DEBUG   | dpfl.core.base_simulator | Update norms — honest: ['2.32', '1.92', '0.76', '1.99', '0.69'], attacker: ['8.02', '34.81', '41.30', '36.02', '34.85']
2026-05-06 13:35:09 | INFO    | dpfl.core.base_simulator | Round 129/150 | Acc: 0.7946 | Loss: 0.6075 | eps_max: 7.46 eps_avg: 5.76 | P: 0.53 R: 1.00 F1: 0.86
2026-05-06 13:35:09 | DEBUG   | dpfl.core.base_simulator | Update norms — honest: ['0.92', '0.57', '0.35', '0.59', '0.83'], attacker: ['8.71', '30.94', '74.58', '63.10', '52.00']
2026-05-06 13:35:15 | INFO    | dpfl.core.base_simulator | Round 130/150 | Acc: 0.7944 | Loss: 0.6090 | eps_max: 7.46 eps_avg: 5.79 | P: 0.43 R: 1.00 F1: 0.89
2026-05-06 13:35:15 | DEBUG   | dpfl.core.base_simulator | Update norms — honest: ['2.49', '0.00', '1.25', '1.54', '0.85'], attacker: ['8.26', '34.16', '73.61', '66.04', '50.26']
2026-05-06 13:35:20 | INFO    | dpfl.core.base_simulator | Round 131/150 | Acc: 0.7944 | Loss: 0.6095 | eps_max: 7.46 eps_avg: 5.81 | P: 0.56 R: 1.00 F1: 0.94
2026-05-06 13:35:20 | DEBUG   | dpfl.core.base_simulator | Update norms — honest: ['0.81', '1.01', '0.73', '2.94', '0.95'], attacker: ['8.25', '33.74', '74.96', '64.24', '53.37']
2026-05-06 13:35:25 | INFO    | dpfl.core.base_simulator | Round 132/150 | Acc: 0.7945 | Loss: 0.6101 | eps_max: 7.47 eps_avg: 5.83 | P: 0.42 R: 1.00 F1: 0.82
2026-05-06 13:35:25 | DEBUG   | dpfl.core.base_simulator | Update norms — honest: ['0.69', '1.02', '0.80', '1.55', '0.19'], attacker: ['7.97', '31.33', '74.61', '64.18', '50.54']
2026-05-06 13:35:32 | INFO    | dpfl.core.base_simulator | Round 133/150 | Acc: 0.7943 | Loss: 0.6112 | eps_max: 7.59 eps_avg: 5.87 | P: 0.46 R: 1.00 F1: 0.87
2026-05-06 13:35:32 | DEBUG   | dpfl.core.base_simulator | Update norms — honest: ['3.08', '2.31', '2.24', '0.85', '1.72'], attacker: ['8.64', '32.13', '72.65', '63.18', '51.25']
2026-05-06 13:35:37 | INFO    | dpfl.core.base_simulator | Round 134/150 | Acc: 0.7941 | Loss: 0.6127 | eps_max: 7.59 eps_avg: 5.90 | P: 0.36 R: 1.00 F1: 0.88
2026-05-06 13:35:37 | DEBUG   | dpfl.core.base_simulator | Update norms — honest: ['2.01', '1.78', '0.81', '0.86', '1.22'], attacker: ['8.38', '31.74', '74.42', '64.37', '50.67']
2026-05-06 13:35:42 | INFO    | dpfl.core.base_simulator | Round 135/150 | Acc: 0.7942 | Loss: 0.6132 | eps_max: 7.59 eps_avg: 5.92 | P: 0.46 R: 1.00 F1: 0.94
2026-05-06 13:35:42 | DEBUG   | dpfl.core.base_simulator | Update norms — honest: ['2.78', '1.33', '1.73', '0.86', '1.22'], attacker: ['8.33', '33.17', '76.07', '63.03', '52.13']
2026-05-06 13:35:48 | INFO    | dpfl.core.base_simulator | Round 136/150 | Acc: 0.7942 | Loss: 0.6142 | eps_max: 7.59 eps_avg: 5.94 | P: 0.40 R: 1.00 F1: 0.94
2026-05-06 13:35:48 | DEBUG   | dpfl.core.base_simulator | Update norms — honest: ['1.69', '2.51', '0.76', '1.63', '1.32'], attacker: ['8.19', '32.06', '73.12', '64.20', '51.63']
2026-05-06 13:35:54 | INFO    | dpfl.core.base_simulator | Round 137/150 | Acc: 0.7940 | Loss: 0.6151 | eps_max: 7.61 eps_avg: 5.97 | P: 0.46 R: 1.00 F1: 0.84
2026-05-06 13:35:54 | DEBUG   | dpfl.core.base_simulator | Update norms — honest: ['1.38', '1.11', '0.48', '1.18', '1.52'], attacker: ['10.40', '31.86', '74.98', '63.24', '50.23']
2026-05-06 13:35:59 | INFO    | dpfl.core.base_simulator | Round 138/150 | Acc: 0.7936 | Loss: 0.6180 | eps_max: 7.74 eps_avg: 5.99 | P: 0.44 R: 1.00 F1: 0.91
2026-05-06 13:35:59 | DEBUG   | dpfl.core.base_simulator | Update norms — honest: ['1.69', '1.22', '0.70', '2.34', '0.40'], attacker: ['8.57', '33.61', '74.10', '63.45', '49.91']
2026-05-06 13:36:05 | INFO    | dpfl.core.base_simulator | Round 139/150 | Acc: 0.7937 | Loss: 0.6182 | eps_max: 7.74 eps_avg: 6.02 | P: 0.46 R: 1.00 F1: 0.85
2026-05-06 13:36:05 | DEBUG   | dpfl.core.base_simulator | Update norms — honest: ['2.46', '0.70', '0.48', '0.00', '0.00'], attacker: ['9.00', '31.18', '77.52', '64.56', '49.48']
2026-05-06 13:36:11 | INFO    | dpfl.core.base_simulator | Round 140/150 | Acc: 0.7936 | Loss: 0.6190 | eps_max: 7.74 eps_avg: 6.05 | P: 0.47 R: 1.00 F1: 0.85
2026-05-06 13:36:11 | DEBUG   | dpfl.core.base_simulator | Update norms — honest: ['2.25', '2.59', '1.65', '0.97', '2.17'], attacker: ['8.71', '32.84', '77.23', '62.44', '51.34']
2026-05-06 13:36:16 | INFO    | dpfl.core.base_simulator | Round 141/150 | Acc: 0.7937 | Loss: 0.6194 | eps_max: 7.74 eps_avg: 6.07 | P: 0.44 R: 1.00 F1: 0.93
2026-05-06 13:36:16 | DEBUG   | dpfl.core.base_simulator | Update norms — honest: ['1.36', '1.26', '1.72', '1.16', '0.95'], attacker: ['8.36', '32.73', '74.17', '61.86', '51.10']
2026-05-06 13:36:21 | INFO    | dpfl.core.base_simulator | Round 142/150 | Acc: 0.7934 | Loss: 0.6215 | eps_max: 7.86 eps_avg: 6.09 | P: 0.34 R: 1.00 F1: 0.78
2026-05-06 13:36:21 | DEBUG   | dpfl.core.base_simulator | Update norms — honest: ['2.81', '2.82', '1.58', '1.50', '0.60'], attacker: ['8.50', '32.64', '75.31', '63.69', '50.96']
2026-05-06 13:36:27 | INFO    | dpfl.core.base_simulator | Round 143/150 | Acc: 0.7934 | Loss: 0.6221 | eps_max: 7.86 eps_avg: 6.12 | P: 0.46 R: 1.00 F1: 0.85
2026-05-06 13:36:27 | DEBUG   | dpfl.core.base_simulator | Update norms — honest: ['0.54', '0.11', '3.03', '0.00', '0.00'], attacker: ['8.81', '33.24', '73.98', '63.29', '52.04']
2026-05-06 13:36:32 | INFO    | dpfl.core.base_simulator | Round 144/150 | Acc: 0.7935 | Loss: 0.6226 | eps_max: 7.86 eps_avg: 6.14 | P: 0.46 R: 1.00 F1: 0.83
2026-05-06 13:36:32 | DEBUG   | dpfl.core.base_simulator | Update norms — honest: ['0.00', '1.98', '0.07', '0.94', '1.75'], attacker: ['8.69', '33.68', '72.89', '63.02', '52.12']
2026-05-06 13:36:38 | INFO    | dpfl.core.base_simulator | Round 145/150 | Acc: 0.7933 | Loss: 0.6242 | eps_max: 7.86 eps_avg: 6.17 | P: 0.61 R: 1.00 F1: 0.90
2026-05-06 13:36:38 | DEBUG   | dpfl.core.base_simulator | Update norms — honest: ['1.27', '2.49', '2.67', '2.17', '0.98'], attacker: ['9.04', '32.06', '76.75', '63.51', '50.58']
2026-05-06 13:36:43 | INFO    | dpfl.core.base_simulator | Round 146/150 | Acc: 0.7931 | Loss: 0.6252 | eps_max: 7.86 eps_avg: 6.20 | P: 0.38 R: 1.00 F1: 0.89
2026-05-06 13:36:43 | DEBUG   | dpfl.core.base_simulator | Update norms — honest: ['1.68', '0.76', '3.44', '2.92', '0.40'], attacker: ['8.37', '31.27', '73.82', '62.79', '50.61']
2026-05-06 13:36:49 | INFO    | dpfl.core.base_simulator | Round 147/150 | Acc: 0.7933 | Loss: 0.6257 | eps_max: 7.86 eps_avg: 6.22 | P: 0.35 R: 1.00 F1: 0.91
2026-05-06 13:36:49 | DEBUG   | dpfl.core.base_simulator | Update norms — honest: ['0.46', '1.88', '0.93', '0.81', '1.95'], attacker: ['8.57', '33.01', '75.86', '63.26', '50.81']
2026-05-06 13:36:55 | INFO    | dpfl.core.base_simulator | Round 148/150 | Acc: 0.7931 | Loss: 0.6267 | eps_max: 7.86 eps_avg: 6.25 | P: 0.45 R: 1.00 F1: 0.90
2026-05-06 13:36:55 | DEBUG   | dpfl.core.base_simulator | Update norms — honest: ['1.52', '0.56', '1.64', '0.50', '1.93'], attacker: ['8.42', '31.91', '75.82', '61.99', '52.17']
2026-05-06 13:37:00 | INFO    | dpfl.core.base_simulator | Round 149/150 | Acc: 0.7931 | Loss: 0.6279 | eps_max: 7.86 eps_avg: 6.27 | P: 0.57 R: 1.00 F1: 0.95
2026-05-06 13:37:00 | DEBUG   | dpfl.core.base_simulator | Update norms — honest: ['2.04', '4.08', '2.04', '0.15', '1.19'], attacker: ['8.17', '33.89', '72.88', '64.85', '50.89']
2026-05-06 13:37:06 | INFO    | dpfl.core.base_simulator | Round 150/150 | Acc: 0.7930 | Loss: 0.6289 | eps_max: 7.86 eps_avg: 6.28 | P: 0.48 R: 1.00 F1: 0.93
2026-05-06 13:37:06 | DEBUG   | dpfl.core.base_simulator | Update norms — honest: ['2.61', '1.46', '1.04', '0.36', '2.25'], attacker: ['8.26', '32.33', '75.30', '62.38', '50.15']
2026-05-06 13:37:08 | INFO    | dpfl | Experiment complete in 1036.2s
============================================================
REPORT: DP-SGD Decentralized Federated Learning
============================================================
Timestamp:                  20260506_131950
Rounds completed:           150
Attack-active rounds:       100  (from round 50)
Final accuracy:             0.7930
Final test loss:            0.6289
Final epsilon (max honest): 7.86
Final epsilon (avg honest): 6.28
Best alpha:                 1000.0
Avg precision:              0.4172
Avg recall:                 1.0000
Avg F1 score:               0.8912
Avg update norm (honest):   1.0956
Avg update norm (attacker): 48.3869

eps_system (max honest): 7.8631
eps_avg (honest):        6.2841
eps_std (honest):        0.8272
n_frozen:                0/400
============================================================
