2026-05-06 12:27:32 | INFO    | dpfl | Experiment start: algorithm=noise_game, dataset=mnist, model=mlp, device=cuda
2026-05-06 12:27:32 | INFO    | dpfl | Config: nodes=500, attackers=100, rounds=150, noise_mode=none, attack=scale
2026-05-06 12:27:32 | INFO    | dpfl.data.mnist_dataset | Loading MNIST dataset...
2026-05-06 12:27:32 | INFO    | dpfl.data.mnist_dataset | MNIST loaded: 60000 train, 10000 test samples
2026-05-06 12:29:06 | INFO    | dpfl.core.base_simulator | Vectorized state ready: param_spec.D=50890, X_test=(10000, 1, 28, 28), train clients N=500, max_n_samples=1000
2026-05-06 12:29:06 | INFO    | dpfl.core.base_simulator | Setup complete: 500 nodes (100 attackers), param_dim=50890, split=iid
2026-05-06 12:29:06 | DEBUG   | dpfl.core.base_simulator | Attacker IDs: {0, 1, 2, 3, 4, 5, 6, 7, 8, 9, 10, 11, 12, 13, 14, 15, 16, 17, 18, 19, 20, 21, 22, 23, 24, 25, 26, 27, 28, 29, 30, 31, 32, 33, 34, 35, 36, 37, 38, 39, 40, 41, 42, 43, 44, 45, 46, 47, 48, 49, 50, 51, 52, 53, 54, 55, 56, 57, 58, 59, 60, 61, 62, 63, 64, 65, 66, 67, 68, 69, 70, 71, 72, 73, 74, 75, 76, 77, 78, 79, 80, 81, 82, 83, 84, 85, 86, 87, 88, 89, 90, 91, 92, 93, 94, 95, 96, 97, 98, 99}
2026-05-06 12:29:14 | INFO    | dpfl.core.base_simulator | Round   1/150 | Acc: 0.3800 | Loss: 2.0957 | eps_max: 1.91 eps_avg: 0.43 | P: 0.00 R: nan F1: nan
2026-05-06 12:29:14 | DEBUG   | dpfl.core.base_simulator | Update norms — honest: ['0.56', '0.56', '0.56', '0.56', '0.56'], attacker: ['0.56', '0.57', '0.57', '0.56', '0.56']
2026-05-06 12:29:21 | INFO    | dpfl.core.base_simulator | Round   2/150 | Acc: 0.5537 | Loss: 1.8906 | eps_max: 1.97 eps_avg: 0.50 | P: 0.00 R: nan F1: nan
2026-05-06 12:29:21 | DEBUG   | dpfl.core.base_simulator | Update norms — honest: ['0.56', '0.56', '0.56', '0.56', '0.56'], attacker: ['1.02', '1.02', '1.03', '1.02', '1.03']
2026-05-06 12:29:29 | INFO    | dpfl.core.base_simulator | Round   3/150 | Acc: 0.6498 | Loss: 1.6803 | eps_max: 2.08 eps_avg: 0.60 | P: 0.00 R: nan F1: nan
2026-05-06 12:29:29 | DEBUG   | dpfl.core.base_simulator | Update norms — honest: ['0.55', '0.55', '0.55', '0.55', '0.55'], attacker: ['1.54', '1.55', '1.55', '1.55', '1.53']
2026-05-06 12:29:38 | INFO    | dpfl.core.base_simulator | Round   4/150 | Acc: 0.7083 | Loss: 1.4807 | eps_max: 2.23 eps_avg: 0.73 | P: 0.00 R: nan F1: nan
2026-05-06 12:29:38 | DEBUG   | dpfl.core.base_simulator | Update norms — honest: ['0.55', '0.55', '0.55', '0.55', '0.55'], attacker: ['2.02', '2.02', '2.03', '2.03', '2.01']
2026-05-06 12:29:45 | INFO    | dpfl.core.base_simulator | Round   5/150 | Acc: 0.7500 | Loss: 1.3005 | eps_max: 2.41 eps_avg: 0.83 | P: 0.00 R: nan F1: nan
2026-05-06 12:29:45 | DEBUG   | dpfl.core.base_simulator | Update norms — honest: ['0.54', '0.54', '0.54', '0.54', '0.54'], attacker: ['2.46', '2.48', '2.47', '2.47', '2.46']
2026-05-06 12:29:54 | INFO    | dpfl.core.base_simulator | Round   6/150 | Acc: 0.7788 | Loss: 1.1463 | eps_max: 2.46 eps_avg: 0.90 | P: 0.00 R: nan F1: nan
2026-05-06 12:29:54 | DEBUG   | dpfl.core.base_simulator | Update norms — honest: ['0.54', '1.04', '1.02', '0.53', '1.02'], attacker: ['2.89', '2.90', '2.92', '2.89', '2.90']
2026-05-06 12:30:02 | INFO    | dpfl.core.base_simulator | Round   7/150 | Acc: 0.7993 | Loss: 1.0201 | eps_max: 2.51 eps_avg: 0.97 | P: 0.00 R: nan F1: nan
2026-05-06 12:30:02 | DEBUG   | dpfl.core.base_simulator | Update norms — honest: ['1.02', '0.53', '0.95', '0.53', '0.53'], attacker: ['3.27', '3.30', '3.30', '3.31', '3.22']
2026-05-06 12:30:10 | INFO    | dpfl.core.base_simulator | Round   8/150 | Acc: 0.8136 | Loss: 0.9192 | eps_max: 2.57 eps_avg: 1.05 | P: 0.00 R: nan F1: nan
2026-05-06 12:30:10 | DEBUG   | dpfl.core.base_simulator | Update norms — honest: ['0.53', '0.92', '0.88', '0.53', '0.53'], attacker: ['3.67', '3.67', '3.68', '3.65', '3.56']
2026-05-06 12:30:18 | INFO    | dpfl.core.base_simulator | Round   9/150 | Acc: 0.8239 | Loss: 0.8396 | eps_max: 2.63 eps_avg: 1.14 | P: 0.00 R: nan F1: nan
2026-05-06 12:30:18 | DEBUG   | dpfl.core.base_simulator | Update norms — honest: ['0.52', '0.52', '1.00', '1.52', '0.52'], attacker: ['3.99', '3.97', '3.99', '4.02', '3.98']
2026-05-06 12:30:26 | INFO    | dpfl.core.base_simulator | Round  10/150 | Acc: 0.8319 | Loss: 0.7760 | eps_max: 2.69 eps_avg: 1.22 | P: 0.00 R: nan F1: nan
2026-05-06 12:30:26 | DEBUG   | dpfl.core.base_simulator | Update norms — honest: ['0.95', '0.51', '0.83', '0.51', '0.78'], attacker: ['4.31', '4.26', '4.22', '4.34', '4.34']
2026-05-06 12:30:35 | INFO    | dpfl.core.base_simulator | Round  11/150 | Acc: 0.8380 | Loss: 0.7252 | eps_max: 2.76 eps_avg: 1.31 | P: 0.00 R: nan F1: nan
2026-05-06 12:30:35 | DEBUG   | dpfl.core.base_simulator | Update norms — honest: ['0.51', '0.51', '0.97', '0.51', '0.51'], attacker: ['4.62', '4.48', '4.69', '4.64', '4.68']
2026-05-06 12:30:43 | INFO    | dpfl.core.base_simulator | Round  12/150 | Acc: 0.8433 | Loss: 0.6836 | eps_max: 2.87 eps_avg: 1.38 | P: 0.00 R: nan F1: nan
2026-05-06 12:30:43 | DEBUG   | dpfl.core.base_simulator | Update norms — honest: ['0.50', '0.93', '0.97', '0.51', '1.47'], attacker: ['4.95', '4.86', '4.93', '4.95', '4.91']
2026-05-06 12:30:52 | INFO    | dpfl.core.base_simulator | Round  13/150 | Acc: 0.8476 | Loss: 0.6494 | eps_max: 2.98 eps_avg: 1.45 | P: 0.00 R: nan F1: nan
2026-05-06 12:30:52 | DEBUG   | dpfl.core.base_simulator | Update norms — honest: ['1.42', '0.50', '1.92', '1.51', '0.95'], attacker: ['5.22', '5.23', '5.14', '5.23', '5.27']
2026-05-06 12:31:00 | INFO    | dpfl.core.base_simulator | Round  14/150 | Acc: 0.8511 | Loss: 0.6206 | eps_max: 3.09 eps_avg: 1.51 | P: 0.00 R: nan F1: nan
2026-05-06 12:31:00 | DEBUG   | dpfl.core.base_simulator | Update norms — honest: ['0.90', '0.96', '0.49', '0.50', '0.95'], attacker: ['5.46', '5.42', '5.57', '5.49', '5.55']
2026-05-06 12:31:08 | INFO    | dpfl.core.base_simulator | Round  15/150 | Acc: 0.8544 | Loss: 0.5962 | eps_max: 3.22 eps_avg: 1.57 | P: 0.00 R: nan F1: nan
2026-05-06 12:31:08 | DEBUG   | dpfl.core.base_simulator | Update norms — honest: ['0.83', '0.49', '1.93', '0.49', '0.49'], attacker: ['5.78', '5.68', '5.63', '5.62', '5.70']
2026-05-06 12:31:16 | INFO    | dpfl.core.base_simulator | Round  16/150 | Acc: 0.8572 | Loss: 0.5753 | eps_max: 3.34 eps_avg: 1.63 | P: 0.00 R: nan F1: nan
2026-05-06 12:31:16 | DEBUG   | dpfl.core.base_simulator | Update norms — honest: ['0.81', '0.93', '1.85', '1.38', '0.48'], attacker: ['5.94', '5.95', '5.90', '5.83', '6.02']
2026-05-06 12:31:24 | INFO    | dpfl.core.base_simulator | Round  17/150 | Acc: 0.8595 | Loss: 0.5572 | eps_max: 3.45 eps_avg: 1.68 | P: 0.00 R: nan F1: nan
2026-05-06 12:31:24 | DEBUG   | dpfl.core.base_simulator | Update norms — honest: ['0.90', '1.46', '1.85', '0.48', '1.40'], attacker: ['6.07', '5.88', '6.17', '5.94', '6.17']
2026-05-06 12:31:33 | INFO    | dpfl.core.base_simulator | Round  18/150 | Acc: 0.8617 | Loss: 0.5415 | eps_max: 3.52 eps_avg: 1.75 | P: 0.00 R: nan F1: nan
2026-05-06 12:31:33 | DEBUG   | dpfl.core.base_simulator | Update norms — honest: ['1.27', '1.88', '0.48', '0.88', '0.90'], attacker: ['6.18', '5.81', '6.43', '6.15', '6.14']
2026-05-06 12:31:41 | INFO    | dpfl.core.base_simulator | Round  19/150 | Acc: 0.8636 | Loss: 0.5278 | eps_max: 3.56 eps_avg: 1.81 | P: 0.00 R: nan F1: nan
2026-05-06 12:31:41 | DEBUG   | dpfl.core.base_simulator | Update norms — honest: ['0.47', '1.91', '0.47', '0.90', '0.47'], attacker: ['6.46', '6.15', '6.37', '6.62', '6.27']
2026-05-06 12:31:49 | INFO    | dpfl.core.base_simulator | Round  20/150 | Acc: 0.8653 | Loss: 0.5156 | eps_max: 3.61 eps_avg: 1.87 | P: 0.00 R: nan F1: nan
2026-05-06 12:31:49 | DEBUG   | dpfl.core.base_simulator | Update norms — honest: ['1.31', '1.71', '1.72', '1.10', '0.47'], attacker: ['6.54', '6.86', '6.54', '6.53', '6.50']
2026-05-06 12:31:58 | INFO    | dpfl.core.base_simulator | Round  21/150 | Acc: 0.8668 | Loss: 0.5047 | eps_max: 3.65 eps_avg: 1.92 | P: 0.00 R: nan F1: nan
2026-05-06 12:31:58 | DEBUG   | dpfl.core.base_simulator | Update norms — honest: ['0.46', '0.46', '1.80', '0.71', '0.78'], attacker: ['6.63', '6.78', '6.69', '6.35', '6.68']
2026-05-06 12:32:06 | INFO    | dpfl.core.base_simulator | Round  22/150 | Acc: 0.8682 | Loss: 0.4949 | eps_max: 3.70 eps_avg: 1.96 | P: 0.00 R: nan F1: nan
2026-05-06 12:32:06 | DEBUG   | dpfl.core.base_simulator | Update norms — honest: ['1.33', '0.87', '0.70', '1.09', '0.46'], attacker: ['6.78', '6.91', '7.05', '6.63', '6.60']
2026-05-06 12:32:14 | INFO    | dpfl.core.base_simulator | Round  23/150 | Acc: 0.8694 | Loss: 0.4863 | eps_max: 3.75 eps_avg: 2.01 | P: 0.00 R: nan F1: nan
2026-05-06 12:32:14 | DEBUG   | dpfl.core.base_simulator | Update norms — honest: ['0.77', '1.76', '2.17', '0.81', '0.84'], attacker: ['6.58', '6.95', '7.18', '6.75', '6.66']
2026-05-06 12:32:22 | INFO    | dpfl.core.base_simulator | Round  24/150 | Acc: 0.8706 | Loss: 0.4783 | eps_max: 3.80 eps_avg: 2.06 | P: 0.00 R: nan F1: nan
2026-05-06 12:32:22 | DEBUG   | dpfl.core.base_simulator | Update norms — honest: ['2.24', '0.57', '1.34', '2.04', '0.45'], attacker: ['6.37', '7.06', '7.16', '7.08', '6.69']
2026-05-06 12:32:31 | INFO    | dpfl.core.base_simulator | Round  25/150 | Acc: 0.8715 | Loss: 0.4713 | eps_max: 3.85 eps_avg: 2.11 | P: 0.00 R: nan F1: nan
2026-05-06 12:32:31 | DEBUG   | dpfl.core.base_simulator | Update norms — honest: ['2.31', '1.23', '0.44', '0.84', '0.82'], attacker: ['6.77', '7.06', '6.90', '7.04', '6.67']
2026-05-06 12:32:39 | INFO    | dpfl.core.base_simulator | Round  26/150 | Acc: 0.8726 | Loss: 0.4646 | eps_max: 3.89 eps_avg: 2.16 | P: 0.00 R: nan F1: nan
2026-05-06 12:32:39 | DEBUG   | dpfl.core.base_simulator | Update norms — honest: ['0.44', '0.80', '0.83', '1.25', '0.44'], attacker: ['7.04', '7.06', '6.77', '6.01', '5.86']
2026-05-06 12:32:47 | INFO    | dpfl.core.base_simulator | Round  27/150 | Acc: 0.8735 | Loss: 0.4585 | eps_max: 3.93 eps_avg: 2.21 | P: 0.00 R: nan F1: nan
2026-05-06 12:32:47 | DEBUG   | dpfl.core.base_simulator | Update norms — honest: ['1.24', '0.59', '1.41', '1.11', '0.43'], attacker: ['6.80', '7.11', '6.78', '6.61', '6.16']
2026-05-06 12:32:55 | INFO    | dpfl.core.base_simulator | Round  28/150 | Acc: 0.8742 | Loss: 0.4532 | eps_max: 3.96 eps_avg: 2.26 | P: 0.00 R: nan F1: nan
2026-05-06 12:32:55 | DEBUG   | dpfl.core.base_simulator | Update norms — honest: ['0.62', '0.43', '0.43', '1.25', '1.70'], attacker: ['6.27', '7.16', '6.78', '7.54', '6.18']
2026-05-06 12:33:04 | INFO    | dpfl.core.base_simulator | Round  29/150 | Acc: 0.8750 | Loss: 0.4481 | eps_max: 3.99 eps_avg: 2.32 | P: 0.00 R: nan F1: nan
2026-05-06 12:33:04 | DEBUG   | dpfl.core.base_simulator | Update norms — honest: ['2.35', '0.42', '1.04', '1.85', '1.22'], attacker: ['7.04', '7.16', '5.85', '7.75', '6.39']
2026-05-06 12:33:11 | INFO    | dpfl.core.base_simulator | Round  30/150 | Acc: 0.8757 | Loss: 0.4434 | eps_max: 4.02 eps_avg: 2.36 | P: 0.00 R: nan F1: nan
2026-05-06 12:33:11 | DEBUG   | dpfl.core.base_simulator | Update norms — honest: ['0.55', '1.29', '0.76', '1.42', '0.42'], attacker: ['7.13', '7.03', '6.55', '7.43', '5.70']
2026-05-06 12:33:49 | INFO    | dpfl.core.base_simulator | Round  31/150 | Acc: 0.8763 | Loss: 0.4392 | eps_max: 4.07 eps_avg: 2.42 | P: 0.00 R: nan F1: nan
2026-05-06 12:33:49 | DEBUG   | dpfl.core.base_simulator | Update norms — honest: ['1.96', '0.69', '2.25', '0.42', '0.46'], attacker: ['7.16', '7.12', '6.11', '7.08', '5.52']
2026-05-06 12:33:55 | INFO    | dpfl.core.base_simulator | Round  32/150 | Acc: 0.8769 | Loss: 0.4353 | eps_max: 4.13 eps_avg: 2.45 | P: 0.00 R: nan F1: nan
2026-05-06 12:33:55 | DEBUG   | dpfl.core.base_simulator | Update norms — honest: ['0.75', '0.91', '1.30', '0.41', '1.41'], attacker: ['7.55', '7.05', '6.14', '7.26', '5.92']
2026-05-06 12:34:04 | INFO    | dpfl.core.base_simulator | Round  33/150 | Acc: 0.8774 | Loss: 0.4316 | eps_max: 4.17 eps_avg: 2.50 | P: 0.00 R: nan F1: nan
2026-05-06 12:34:04 | DEBUG   | dpfl.core.base_simulator | Update norms — honest: ['1.08', '0.41', '1.83', '0.80', '1.73'], attacker: ['7.46', '6.14', '6.20', '7.11', '6.29']
2026-05-06 12:34:12 | INFO    | dpfl.core.base_simulator | Round  34/150 | Acc: 0.8779 | Loss: 0.4284 | eps_max: 4.21 eps_avg: 2.54 | P: 0.00 R: nan F1: nan
2026-05-06 12:34:12 | DEBUG   | dpfl.core.base_simulator | Update norms — honest: ['1.23', '1.84', '0.40', '0.67', '0.40'], attacker: ['6.84', '6.10', '6.48', '5.98', '6.69']
2026-05-06 12:34:22 | INFO    | dpfl.core.base_simulator | Round  35/150 | Acc: 0.8783 | Loss: 0.4255 | eps_max: 4.28 eps_avg: 2.58 | P: 0.00 R: nan F1: nan
2026-05-06 12:34:22 | DEBUG   | dpfl.core.base_simulator | Update norms — honest: ['0.69', '1.18', '0.40', '0.76', '1.44'], attacker: ['6.28', '6.68', '5.28', '6.58', '6.68']
2026-05-06 12:34:30 | INFO    | dpfl.core.base_simulator | Round  36/150 | Acc: 0.8788 | Loss: 0.4225 | eps_max: 4.33 eps_avg: 2.62 | P: 0.00 R: nan F1: nan
2026-05-06 12:34:30 | DEBUG   | dpfl.core.base_simulator | Update norms — honest: ['0.65', '0.73', '1.72', '1.15', '0.40'], attacker: ['6.34', '6.56', '5.58', '6.59', '5.93']
2026-05-06 12:34:39 | INFO    | dpfl.core.base_simulator | Round  37/150 | Acc: 0.8791 | Loss: 0.4198 | eps_max: 4.37 eps_avg: 2.68 | P: 0.00 R: nan F1: nan
2026-05-06 12:34:39 | DEBUG   | dpfl.core.base_simulator | Update norms — honest: ['0.39', '0.42', '1.09', '0.71', '1.26'], attacker: ['5.62', '6.59', '6.04', '6.65', '6.06']
2026-05-06 12:34:47 | INFO    | dpfl.core.base_simulator | Round  38/150 | Acc: 0.8796 | Loss: 0.4173 | eps_max: 4.44 eps_avg: 2.73 | P: 0.00 R: nan F1: nan
2026-05-06 12:34:47 | DEBUG   | dpfl.core.base_simulator | Update norms — honest: ['2.42', '0.47', '2.07', '1.01', '0.73'], attacker: ['6.36', '6.39', '5.73', '6.63', '6.62']
2026-05-06 12:34:56 | INFO    | dpfl.core.base_simulator | Round  39/150 | Acc: 0.8797 | Loss: 0.4153 | eps_max: 4.47 eps_avg: 2.76 | P: 0.00 R: nan F1: nan
2026-05-06 12:34:56 | DEBUG   | dpfl.core.base_simulator | Update norms — honest: ['0.32', '1.96', '2.32', '0.68', '0.69'], attacker: ['5.67', '6.08', '5.41', '7.14', '7.18']
2026-05-06 12:35:04 | INFO    | dpfl.core.base_simulator | Round  40/150 | Acc: 0.8801 | Loss: 0.4129 | eps_max: 4.52 eps_avg: 2.80 | P: 0.00 R: nan F1: nan
2026-05-06 12:35:04 | DEBUG   | dpfl.core.base_simulator | Update norms — honest: ['1.08', '1.18', '0.38', '1.56', '1.03'], attacker: ['6.11', '6.22', '5.99', '6.79', '6.87']
2026-05-06 12:35:13 | INFO    | dpfl.core.base_simulator | Round  41/150 | Acc: 0.8804 | Loss: 0.4109 | eps_max: 4.57 eps_avg: 2.85 | P: 0.00 R: nan F1: nan
2026-05-06 12:35:13 | DEBUG   | dpfl.core.base_simulator | Update norms — honest: ['2.47', '1.18', '1.46', '1.03', '2.26'], attacker: ['7.00', '6.97', '6.26', '6.16', '5.66']
2026-05-06 12:35:22 | INFO    | dpfl.core.base_simulator | Round  42/150 | Acc: 0.8805 | Loss: 0.4095 | eps_max: 4.61 eps_avg: 2.90 | P: 0.00 R: nan F1: nan
2026-05-06 12:35:22 | DEBUG   | dpfl.core.base_simulator | Update norms — honest: ['1.29', '1.89', '1.15', '1.17', '0.71'], attacker: ['6.65', '7.17', '6.97', '6.44', '5.16']
2026-05-06 12:35:30 | INFO    | dpfl.core.base_simulator | Round  43/150 | Acc: 0.8809 | Loss: 0.4075 | eps_max: 4.65 eps_avg: 2.95 | P: 0.00 R: nan F1: nan
2026-05-06 12:35:30 | DEBUG   | dpfl.core.base_simulator | Update norms — honest: ['1.35', '1.22', '0.71', '1.92', '1.10'], attacker: ['5.73', '6.77', '5.21', '7.19', '4.61']
2026-05-06 12:35:39 | INFO    | dpfl.core.base_simulator | Round  44/150 | Acc: 0.8811 | Loss: 0.4059 | eps_max: 4.70 eps_avg: 3.00 | P: 0.00 R: nan F1: nan
2026-05-06 12:35:39 | DEBUG   | dpfl.core.base_simulator | Update norms — honest: ['1.36', '2.56', '1.68', '0.93', '1.79'], attacker: ['5.40', '5.47', '5.34', '6.02', '5.13']
2026-05-06 12:35:48 | INFO    | dpfl.core.base_simulator | Round  45/150 | Acc: 0.8812 | Loss: 0.4047 | eps_max: 4.77 eps_avg: 3.06 | P: 0.00 R: nan F1: nan
2026-05-06 12:35:48 | DEBUG   | dpfl.core.base_simulator | Update norms — honest: ['1.98', '0.36', '1.14', '2.67', '0.66'], attacker: ['6.02', '5.47', '6.27', '5.22', '4.83']
2026-05-06 12:35:57 | INFO    | dpfl.core.base_simulator | Round  46/150 | Acc: 0.8815 | Loss: 0.4034 | eps_max: 4.86 eps_avg: 3.09 | P: 0.00 R: nan F1: nan
2026-05-06 12:35:57 | DEBUG   | dpfl.core.base_simulator | Update norms — honest: ['1.07', '1.49', '1.60', '2.01', '1.70'], attacker: ['6.22', '6.08', '5.33', '4.48', '4.57']
2026-05-06 12:36:05 | INFO    | dpfl.core.base_simulator | Round  47/150 | Acc: 0.8817 | Loss: 0.4019 | eps_max: 5.06 eps_avg: 3.13 | P: 0.00 R: nan F1: nan
2026-05-06 12:36:05 | DEBUG   | dpfl.core.base_simulator | Update norms — honest: ['1.52', '1.33', '1.53', '1.65', '1.16'], attacker: ['4.72', '6.50', '5.72', '4.68', '4.84']
2026-05-06 12:36:15 | INFO    | dpfl.core.base_simulator | Round  48/150 | Acc: 0.8817 | Loss: 0.4011 | eps_max: 5.06 eps_avg: 3.19 | P: 0.00 R: nan F1: nan
2026-05-06 12:36:15 | DEBUG   | dpfl.core.base_simulator | Update norms — honest: ['0.66', '2.91', '1.94', '0.35', '1.52'], attacker: ['4.71', '6.94', '5.35', '5.24', '4.56']
2026-05-06 12:36:23 | INFO    | dpfl.core.base_simulator | Round  49/150 | Acc: 0.8820 | Loss: 0.3998 | eps_max: 5.07 eps_avg: 3.21 | P: 0.00 R: nan F1: nan
2026-05-06 12:36:23 | DEBUG   | dpfl.core.base_simulator | Update norms — honest: ['1.75', '2.37', '0.71', '1.46', '0.57'], attacker: ['5.20', '6.12', '4.58', '2.83', '3.23']
2026-05-06 12:36:31 | INFO    | dpfl.core.base_simulator | Round  50/150 | Acc: 0.8820 | Loss: 0.3989 | eps_max: 5.11 eps_avg: 3.23 | P: 0.00 R: nan F1: nan
2026-05-06 12:36:31 | DEBUG   | dpfl.core.base_simulator | Update norms — honest: ['2.88', '0.59', '0.74', '1.35', '2.08'], attacker: ['4.47', '5.75', '2.78', '4.95', '4.87']
2026-05-06 12:36:37 | INFO    | dpfl.core.base_simulator | Round  51/150 | Acc: 0.8821 | Loss: 0.3979 | eps_max: 5.07 eps_avg: 2.95 | P: 0.49 R: 1.00 F1: 0.92
2026-05-06 12:36:37 | DEBUG   | dpfl.core.base_simulator | Update norms — honest: ['1.16', '0.71', '1.10', '1.63', '0.34'], attacker: ['2.50', '2.53', '2.43', '2.73', '2.29']
2026-05-06 12:36:42 | INFO    | dpfl.core.base_simulator | Round  52/150 | Acc: 0.8823 | Loss: 0.3971 | eps_max: 5.19 eps_avg: 2.99 | P: 0.48 R: 1.00 F1: 0.89
2026-05-06 12:36:42 | DEBUG   | dpfl.core.base_simulator | Update norms — honest: ['0.92', '2.97', '1.30', '0.64', '1.39'], attacker: ['2.52', '2.71', '2.28', '2.55', '2.21']
2026-05-06 12:36:47 | INFO    | dpfl.core.base_simulator | Round  53/150 | Acc: 0.8824 | Loss: 0.3963 | eps_max: 5.19 eps_avg: 3.04 | P: 0.33 R: 1.00 F1: 0.87
2026-05-06 12:36:47 | DEBUG   | dpfl.core.base_simulator | Update norms — honest: ['0.34', '1.44', '2.20', '0.34', '1.92'], attacker: ['2.48', '2.80', '2.50', '2.74', '2.21']
2026-05-06 12:36:52 | INFO    | dpfl.core.base_simulator | Round  54/150 | Acc: 0.8824 | Loss: 0.3955 | eps_max: 5.19 eps_avg: 3.08 | P: 0.67 R: 1.00 F1: 0.88
2026-05-06 12:36:52 | DEBUG   | dpfl.core.base_simulator | Update norms — honest: ['1.57', '2.00', '0.54', '0.34', '0.54'], attacker: ['2.44', '2.63', '2.43', '2.83', '2.33']
2026-05-06 12:36:58 | INFO    | dpfl.core.base_simulator | Round  55/150 | Acc: 0.8823 | Loss: 0.3952 | eps_max: 5.19 eps_avg: 3.14 | P: 0.45 R: 1.00 F1: 0.91
2026-05-06 12:36:58 | DEBUG   | dpfl.core.base_simulator | Update norms — honest: ['1.90', '3.25', '0.48', '1.39', '1.18'], attacker: ['2.63', '2.81', '2.46', '2.93', '2.25']
2026-05-06 12:37:03 | INFO    | dpfl.core.base_simulator | Round  56/150 | Acc: 0.8825 | Loss: 0.3943 | eps_max: 5.29 eps_avg: 3.17 | P: 0.33 R: 1.00 F1: 0.90
2026-05-06 12:37:03 | DEBUG   | dpfl.core.base_simulator | Update norms — honest: ['1.83', '0.92', '0.55', '1.48', '0.57'], attacker: ['2.51', '2.69', '2.50', '2.57', '2.26']
2026-05-06 12:37:08 | INFO    | dpfl.core.base_simulator | Round  57/150 | Acc: 0.8827 | Loss: 0.3933 | eps_max: 5.54 eps_avg: 3.20 | P: 0.36 R: 1.00 F1: 0.93
2026-05-06 12:37:08 | DEBUG   | dpfl.core.base_simulator | Update norms — honest: ['0.55', '0.60', '1.25', '1.51', '0.61'], attacker: ['2.58', '2.75', '2.46', '2.63', '2.25']
2026-05-06 12:37:13 | INFO    | dpfl.core.base_simulator | Round  58/150 | Acc: 0.8829 | Loss: 0.3926 | eps_max: 5.54 eps_avg: 3.31 | P: 0.28 R: 1.00 F1: 0.94
2026-05-06 12:37:13 | DEBUG   | dpfl.core.base_simulator | Update norms — honest: ['1.59', '0.54', '0.71', '1.52', '0.97'], attacker: ['2.63', '2.70', '2.47', '2.60', '2.19']
2026-05-06 12:37:19 | INFO    | dpfl.core.base_simulator | Round  59/150 | Acc: 0.8829 | Loss: 0.3921 | eps_max: 5.54 eps_avg: 3.40 | P: 0.38 R: 1.00 F1: 0.91
2026-05-06 12:37:19 | DEBUG   | dpfl.core.base_simulator | Update norms — honest: ['1.48', '1.18', '0.34', '0.93', '2.54'], attacker: ['2.52', '2.67', '2.59', '2.84', '2.35']
2026-05-06 12:37:25 | INFO    | dpfl.core.base_simulator | Round  60/150 | Acc: 0.8830 | Loss: 0.3916 | eps_max: 5.54 eps_avg: 3.46 | P: 0.48 R: 1.00 F1: 0.92
2026-05-06 12:37:25 | DEBUG   | dpfl.core.base_simulator | Update norms — honest: ['1.50', '0.97', '0.97', '1.07', '0.54'], attacker: ['2.53', '2.88', '2.63', '2.85', '2.22']
2026-05-06 12:37:30 | INFO    | dpfl.core.base_simulator | Round  61/150 | Acc: 0.8830 | Loss: 0.3913 | eps_max: 5.54 eps_avg: 3.49 | P: 0.56 R: 1.00 F1: 0.93
2026-05-06 12:37:30 | DEBUG   | dpfl.core.base_simulator | Update norms — honest: ['1.97', '1.35', '0.63', '1.22', '1.58'], attacker: ['2.46', '2.81', '2.46', '2.91', '2.37']
2026-05-06 12:37:35 | INFO    | dpfl.core.base_simulator | Round  62/150 | Acc: 0.8831 | Loss: 0.3908 | eps_max: 5.54 eps_avg: 3.56 | P: 0.39 R: 1.00 F1: 0.88
2026-05-06 12:37:35 | DEBUG   | dpfl.core.base_simulator | Update norms — honest: ['0.96', '0.34', '2.21', '1.90', '1.65'], attacker: ['2.52', '2.73', '2.68', '2.88', '2.34']
2026-05-06 12:37:41 | INFO    | dpfl.core.base_simulator | Round  63/150 | Acc: 0.8831 | Loss: 0.3906 | eps_max: 5.58 eps_avg: 3.64 | P: 0.34 R: 1.00 F1: 0.90
2026-05-06 12:37:41 | DEBUG   | dpfl.core.base_simulator | Update norms — honest: ['1.72', '0.34', '1.98', '2.05', '1.38'], attacker: ['2.67', '2.72', '2.44', '2.68', '2.30']
2026-05-06 12:37:47 | INFO    | dpfl.core.base_simulator | Round  64/150 | Acc: 0.8830 | Loss: 0.3907 | eps_max: 5.58 eps_avg: 3.70 | P: 0.35 R: 1.00 F1: 0.83
2026-05-06 12:37:47 | DEBUG   | dpfl.core.base_simulator | Update norms — honest: ['0.93', '1.35', '1.86', '0.53', '1.22'], attacker: ['2.47', '2.93', '2.53', '2.96', '2.45']
2026-05-06 12:37:52 | INFO    | dpfl.core.base_simulator | Round  65/150 | Acc: 0.8829 | Loss: 0.3908 | eps_max: 5.58 eps_avg: 3.77 | P: 0.60 R: 1.00 F1: 0.92
2026-05-06 12:37:52 | DEBUG   | dpfl.core.base_simulator | Update norms — honest: ['1.97', '1.71', '2.95', '1.65', '0.89'], attacker: ['2.63', '2.80', '2.53', '2.88', '2.23']
2026-05-06 12:37:58 | INFO    | dpfl.core.base_simulator | Round  66/150 | Acc: 0.8829 | Loss: 0.3906 | eps_max: 5.64 eps_avg: 3.83 | P: 0.46 R: 1.00 F1: 0.90
2026-05-06 12:37:58 | DEBUG   | dpfl.core.base_simulator | Update norms — honest: ['0.53', '1.13', '2.34', '1.13', '0.60'], attacker: ['2.70', '2.84', '2.61', '2.75', '2.37']
2026-05-06 12:38:03 | INFO    | dpfl.core.base_simulator | Round  67/150 | Acc: 0.8829 | Loss: 0.3902 | eps_max: 5.64 eps_avg: 3.87 | P: 0.21 R: 1.00 F1: 0.97
2026-05-06 12:38:03 | DEBUG   | dpfl.core.base_simulator | Update norms — honest: ['1.97', '1.40', '1.54', '1.81', '0.46'], attacker: ['2.66', '2.71', '2.63', '2.91', '2.45']
2026-05-06 12:38:09 | INFO    | dpfl.core.base_simulator | Round  68/150 | Acc: 0.8829 | Loss: 0.3901 | eps_max: 5.76 eps_avg: 3.97 | P: 0.28 R: 1.00 F1: 0.84
2026-05-06 12:38:09 | DEBUG   | dpfl.core.base_simulator | Update norms — honest: ['0.34', '3.28', '1.14', '1.43', '0.94'], attacker: ['2.62', '2.82', '2.67', '2.72', '2.34']
2026-05-06 12:38:14 | INFO    | dpfl.core.base_simulator | Round  69/150 | Acc: 0.8828 | Loss: 0.3907 | eps_max: 6.06 eps_avg: 4.06 | P: 0.33 R: 1.00 F1: 0.83
2026-05-06 12:38:14 | DEBUG   | dpfl.core.base_simulator | Update norms — honest: ['0.34', '1.64', '0.79', '1.34', '1.86'], attacker: ['2.45', '2.80', '2.64', '2.71', '2.39']
2026-05-06 12:38:19 | INFO    | dpfl.core.base_simulator | Round  70/150 | Acc: 0.8830 | Loss: 0.3899 | eps_max: 6.18 eps_avg: 4.11 | P: 0.22 R: 1.00 F1: 0.77
2026-05-06 12:38:19 | DEBUG   | dpfl.core.base_simulator | Update norms — honest: ['0.37', '1.06', '0.96', '2.04', '1.02'], attacker: ['2.62', '2.75', '2.57', '2.97', '2.63']
2026-05-06 12:38:24 | INFO    | dpfl.core.base_simulator | Round  71/150 | Acc: 0.8829 | Loss: 0.3899 | eps_max: 6.18 eps_avg: 4.15 | P: 0.35 R: 1.00 F1: 0.96
2026-05-06 12:38:24 | DEBUG   | dpfl.core.base_simulator | Update norms — honest: ['1.47', '1.21', '2.35', '2.48', '1.59'], attacker: ['2.74', '2.82', '2.86', '2.83', '2.32']
2026-05-06 12:38:30 | INFO    | dpfl.core.base_simulator | Round  72/150 | Acc: 0.8829 | Loss: 0.3900 | eps_max: 6.18 eps_avg: 4.19 | P: 0.42 R: 1.00 F1: 0.94
2026-05-06 12:38:30 | DEBUG   | dpfl.core.base_simulator | Update norms — honest: ['1.22', '1.14', '0.82', '1.30', '0.49'], attacker: ['2.73', '2.71', '2.63', '2.61', '2.34']
2026-05-06 12:38:35 | INFO    | dpfl.core.base_simulator | Round  73/150 | Acc: 0.8829 | Loss: 0.3899 | eps_max: 6.18 eps_avg: 4.25 | P: 0.26 R: 1.00 F1: 0.90
2026-05-06 12:38:35 | DEBUG   | dpfl.core.base_simulator | Update norms — honest: ['1.80', '1.65', '0.87', '1.61', '1.44'], attacker: ['2.62', '2.63', '2.87', '2.99', '2.36']
2026-05-06 12:38:41 | INFO    | dpfl.core.base_simulator | Round  74/150 | Acc: 0.8828 | Loss: 0.3904 | eps_max: 6.19 eps_avg: 4.31 | P: 0.36 R: 1.00 F1: 0.90
2026-05-06 12:38:41 | DEBUG   | dpfl.core.base_simulator | Update norms — honest: ['2.45', '2.37', '1.17', '1.36', '0.97'], attacker: ['2.46', '2.70', '2.76', '3.02', '2.30']
2026-05-06 12:38:46 | INFO    | dpfl.core.base_simulator | Round  75/150 | Acc: 0.8829 | Loss: 0.3902 | eps_max: 6.19 eps_avg: 4.38 | P: 0.31 R: 1.00 F1: 0.88
2026-05-06 12:38:46 | DEBUG   | dpfl.core.base_simulator | Update norms — honest: ['0.50', '1.95', '1.63', '1.15', '0.89'], attacker: ['2.75', '2.77', '2.58', '3.08', '2.36']
2026-05-06 12:38:51 | INFO    | dpfl.core.base_simulator | Round  76/150 | Acc: 0.8827 | Loss: 0.3907 | eps_max: 6.19 eps_avg: 4.42 | P: 0.42 R: 1.00 F1: 0.82
2026-05-06 12:38:51 | DEBUG   | dpfl.core.base_simulator | Update norms — honest: ['2.04', '2.04', '2.15', '0.48', '1.40'], attacker: ['2.59', '2.84', '2.75', '2.88', '2.56']
2026-05-06 12:38:57 | INFO    | dpfl.core.base_simulator | Round  77/150 | Acc: 0.8827 | Loss: 0.3910 | eps_max: 6.29 eps_avg: 4.46 | P: 0.31 R: 1.00 F1: 0.88
2026-05-06 12:38:57 | DEBUG   | dpfl.core.base_simulator | Update norms — honest: ['0.34', '2.39', '2.27', '2.42', '0.61'], attacker: ['2.82', '2.82', '2.65', '2.91', '2.32']
2026-05-06 12:39:02 | INFO    | dpfl.core.base_simulator | Round  78/150 | Acc: 0.8824 | Loss: 0.3917 | eps_max: 6.29 eps_avg: 4.51 | P: 0.37 R: 1.00 F1: 0.93
2026-05-06 12:39:02 | DEBUG   | dpfl.core.base_simulator | Update norms — honest: ['2.00', '1.39', '1.58', '1.31', '2.04'], attacker: ['2.79', '2.83', '2.87', '2.97', '2.57']
2026-05-06 12:39:07 | INFO    | dpfl.core.base_simulator | Round  79/150 | Acc: 0.8824 | Loss: 0.3917 | eps_max: 6.40 eps_avg: 4.54 | P: 0.53 R: 1.00 F1: 0.96
2026-05-06 12:39:07 | DEBUG   | dpfl.core.base_simulator | Update norms — honest: ['2.40', '3.50', '2.88', '2.22', '1.15'], attacker: ['2.85', '2.79', '2.88', '2.76', '2.40']
2026-05-06 12:39:12 | INFO    | dpfl.core.base_simulator | Round  80/150 | Acc: 0.8824 | Loss: 0.3918 | eps_max: 6.43 eps_avg: 4.59 | P: 0.25 R: 1.00 F1: 0.86
2026-05-06 12:39:12 | DEBUG   | dpfl.core.base_simulator | Update norms — honest: ['0.34', '1.36', '0.70', '1.52', '2.85'], attacker: ['2.74', '2.93', '2.77', '2.83', '2.46']
2026-05-06 12:39:18 | INFO    | dpfl.core.base_simulator | Round  81/150 | Acc: 0.8823 | Loss: 0.3924 | eps_max: 6.43 eps_avg: 4.64 | P: 0.50 R: 1.00 F1: 0.90
2026-05-06 12:39:18 | DEBUG   | dpfl.core.base_simulator | Update norms — honest: ['2.16', '1.24', '1.33', '2.69', '1.30'], attacker: ['2.79', '2.98', '2.92', '3.05', '2.43']
2026-05-06 12:39:23 | INFO    | dpfl.core.base_simulator | Round  82/150 | Acc: 0.8822 | Loss: 0.3925 | eps_max: 6.43 eps_avg: 4.68 | P: 0.46 R: 1.00 F1: 0.86
2026-05-06 12:39:23 | DEBUG   | dpfl.core.base_simulator | Update norms — honest: ['2.09', '0.82', '1.29', '2.64', '1.33'], attacker: ['2.82', '2.93', '2.66', '2.89', '2.34']
2026-05-06 12:39:28 | INFO    | dpfl.core.base_simulator | Round  83/150 | Acc: 0.8825 | Loss: 0.3921 | eps_max: 6.43 eps_avg: 4.71 | P: 0.30 R: 1.00 F1: 0.94
2026-05-06 12:39:28 | DEBUG   | dpfl.core.base_simulator | Update norms — honest: ['1.58', '2.00', '1.57', '2.26', '0.57'], attacker: ['2.78', '2.86', '2.70', '3.14', '2.43']
2026-05-06 12:39:33 | INFO    | dpfl.core.base_simulator | Round  84/150 | Acc: 0.8822 | Loss: 0.3927 | eps_max: 6.43 eps_avg: 4.76 | P: 0.39 R: 1.00 F1: 0.93
2026-05-06 12:39:33 | DEBUG   | dpfl.core.base_simulator | Update norms — honest: ['1.37', '3.21', '1.52', '1.99', '1.97'], attacker: ['3.89', '4.03', '4.25', '4.20', '6.37']
2026-05-06 12:39:39 | INFO    | dpfl.core.base_simulator | Round  85/150 | Acc: 0.8822 | Loss: 0.3929 | eps_max: 6.43 eps_avg: 4.80 | P: 0.52 R: 1.00 F1: 0.85
2026-05-06 12:39:39 | DEBUG   | dpfl.core.base_simulator | Update norms — honest: ['0.82', '1.01', '2.16', '0.73', '2.74'], attacker: ['4.04', '4.19', '4.11', '4.34', '6.48']
2026-05-06 12:39:44 | INFO    | dpfl.core.base_simulator | Round  86/150 | Acc: 0.8821 | Loss: 0.3932 | eps_max: 6.69 eps_avg: 4.84 | P: 0.28 R: 1.00 F1: 0.93
2026-05-06 12:39:44 | DEBUG   | dpfl.core.base_simulator | Update norms — honest: ['2.50', '1.08', '1.22', '2.62', '2.89'], attacker: ['4.04', '4.27', '4.32', '4.45', '6.15']
2026-05-06 12:39:50 | INFO    | dpfl.core.base_simulator | Round  87/150 | Acc: 0.8820 | Loss: 0.3938 | eps_max: 6.69 eps_avg: 4.87 | P: 0.43 R: 1.00 F1: 0.89
2026-05-06 12:39:50 | DEBUG   | dpfl.core.base_simulator | Update norms — honest: ['0.48', '1.16', '1.59', '2.02', '1.93'], attacker: ['4.00', '4.18', '3.94', '4.43', '6.67']
2026-05-06 12:39:55 | INFO    | dpfl.core.base_simulator | Round  88/150 | Acc: 0.8820 | Loss: 0.3937 | eps_max: 6.84 eps_avg: 4.91 | P: 0.49 R: 1.00 F1: 0.91
2026-05-06 12:39:55 | DEBUG   | dpfl.core.base_simulator | Update norms — honest: ['0.78', '1.40', '1.48', '0.31', '0.98'], attacker: ['3.88', '4.19', '3.98', '4.21', '6.38']
2026-05-06 12:40:00 | INFO    | dpfl.core.base_simulator | Round  89/150 | Acc: 0.8819 | Loss: 0.3944 | eps_max: 6.84 eps_avg: 4.94 | P: 0.39 R: 1.00 F1: 0.90
2026-05-06 12:40:00 | DEBUG   | dpfl.core.base_simulator | Update norms — honest: ['3.04', '1.09', '1.22', '1.22', '1.48'], attacker: ['4.28', '4.08', '3.82', '4.12', '6.36']
2026-05-06 12:40:05 | INFO    | dpfl.core.base_simulator | Round  90/150 | Acc: 0.8820 | Loss: 0.3947 | eps_max: 6.84 eps_avg: 4.97 | P: 0.55 R: 1.00 F1: 0.94
2026-05-06 12:40:05 | DEBUG   | dpfl.core.base_simulator | Update norms — honest: ['1.03', '4.03', '1.51', '1.33', '2.09'], attacker: ['4.10', '4.29', '4.14', '4.23', '6.07']
2026-05-06 12:40:11 | INFO    | dpfl.core.base_simulator | Round  91/150 | Acc: 0.8816 | Loss: 0.3959 | eps_max: 6.98 eps_avg: 5.05 | P: 0.34 R: 1.00 F1: 0.81
2026-05-06 12:40:11 | DEBUG   | dpfl.core.base_simulator | Update norms — honest: ['1.68', '2.37', '1.30', '2.82', '2.18'], attacker: ['4.09', '4.01', '4.00', '4.16', '6.52']
2026-05-06 12:40:16 | INFO    | dpfl.core.base_simulator | Round  92/150 | Acc: 0.8816 | Loss: 0.3959 | eps_max: 6.98 eps_avg: 5.09 | P: 0.48 R: 1.00 F1: 0.89
2026-05-06 12:40:16 | DEBUG   | dpfl.core.base_simulator | Update norms — honest: ['1.90', '1.62', '1.41', '2.07', '1.85'], attacker: ['4.19', '4.06', '4.19', '4.31', '6.60']
2026-05-06 12:40:22 | INFO    | dpfl.core.base_simulator | Round  93/150 | Acc: 0.8816 | Loss: 0.3963 | eps_max: 7.02 eps_avg: 5.12 | P: 0.31 R: 1.00 F1: 0.92
2026-05-06 12:40:22 | DEBUG   | dpfl.core.base_simulator | Update norms — honest: ['2.09', '3.04', '1.48', '2.10', '1.21'], attacker: ['4.10', '4.12', '4.05', '4.46', '6.37']
2026-05-06 12:40:27 | INFO    | dpfl.core.base_simulator | Round  94/150 | Acc: 0.8813 | Loss: 0.3974 | eps_max: 7.34 eps_avg: 5.15 | P: 0.36 R: 1.00 F1: 0.85
2026-05-06 12:40:27 | DEBUG   | dpfl.core.base_simulator | Update norms — honest: ['1.87', '2.58', '2.19', '0.63', '1.14'], attacker: ['4.05', '4.05', '4.18', '4.14', '6.25']
2026-05-06 12:40:32 | INFO    | dpfl.core.base_simulator | Round  95/150 | Acc: 0.8813 | Loss: 0.3976 | eps_max: 7.38 eps_avg: 5.19 | P: 0.56 R: 1.00 F1: 0.94
2026-05-06 12:40:32 | DEBUG   | dpfl.core.base_simulator | Update norms — honest: ['2.32', '1.84', '1.87', '0.34', '1.69'], attacker: ['4.30', '3.87', '3.88', '4.55', '6.76']
2026-05-06 12:40:38 | INFO    | dpfl.core.base_simulator | Round  96/150 | Acc: 0.8811 | Loss: 0.3983 | eps_max: 7.38 eps_avg: 5.24 | P: 0.35 R: 1.00 F1: 0.90
2026-05-06 12:40:38 | DEBUG   | dpfl.core.base_simulator | Update norms — honest: ['1.85', '2.77', '1.56', '1.78', '1.50'], attacker: ['4.31', '4.18', '4.29', '4.33', '6.53']
2026-05-06 12:40:44 | INFO    | dpfl.core.base_simulator | Round  97/150 | Acc: 0.8810 | Loss: 0.3989 | eps_max: 7.49 eps_avg: 5.28 | P: 0.19 R: 1.00 F1: 0.81
2026-05-06 12:40:44 | DEBUG   | dpfl.core.base_simulator | Update norms — honest: ['1.66', '0.99', '2.48', '1.13', '1.01'], attacker: ['4.26', '4.36', '3.92', '4.25', '6.16']
2026-05-06 12:40:49 | INFO    | dpfl.core.base_simulator | Round  98/150 | Acc: 0.8811 | Loss: 0.3990 | eps_max: 7.49 eps_avg: 5.32 | P: 0.35 R: 1.00 F1: 0.88
2026-05-06 12:40:49 | DEBUG   | dpfl.core.base_simulator | Update norms — honest: ['1.34', '1.82', '2.12', '1.54', '3.02'], attacker: ['4.11', '4.20', '4.05', '4.40', '6.43']
2026-05-06 12:40:54 | INFO    | dpfl.core.base_simulator | Round  99/150 | Acc: 0.8810 | Loss: 0.3995 | eps_max: 7.49 eps_avg: 5.34 | P: 0.46 R: 1.00 F1: 0.89
2026-05-06 12:40:54 | DEBUG   | dpfl.core.base_simulator | Update norms — honest: ['2.14', '1.15', '1.17', '1.06', '2.28'], attacker: ['3.94', '4.28', '4.06', '4.45', '6.33']
2026-05-06 12:41:00 | INFO    | dpfl.core.base_simulator | Round 100/150 | Acc: 0.8809 | Loss: 0.4003 | eps_max: 7.49 eps_avg: 5.37 | P: 0.45 R: 1.00 F1: 0.89
2026-05-06 12:41:00 | DEBUG   | dpfl.core.base_simulator | Update norms — honest: ['1.57', '2.25', '2.58', '2.26', '2.14'], attacker: ['4.41', '3.89', '3.97', '4.39', '6.75']
2026-05-06 12:41:05 | INFO    | dpfl.core.base_simulator | Round 101/150 | Acc: 0.8808 | Loss: 0.4009 | eps_max: 7.49 eps_avg: 5.40 | P: 0.24 R: 1.00 F1: 0.72
2026-05-06 12:41:05 | DEBUG   | dpfl.core.base_simulator | Update norms — honest: ['3.36', '1.71', '1.47', '1.55', '1.50'], attacker: ['3.98', '4.02', '4.08', '4.25', '6.24']
2026-05-06 12:41:10 | INFO    | dpfl.core.base_simulator | Round 102/150 | Acc: 0.8808 | Loss: 0.4010 | eps_max: 7.49 eps_avg: 5.43 | P: 0.50 R: 1.00 F1: 0.86
2026-05-06 12:41:10 | DEBUG   | dpfl.core.base_simulator | Update norms — honest: ['1.87', '0.48', '1.86', '1.13', '2.64'], attacker: ['4.00', '3.92', '4.12', '4.31', '6.19']
2026-05-06 12:41:16 | INFO    | dpfl.core.base_simulator | Round 103/150 | Acc: 0.8805 | Loss: 0.4024 | eps_max: 7.49 eps_avg: 5.47 | P: 0.44 R: 1.00 F1: 0.89
2026-05-06 12:41:16 | DEBUG   | dpfl.core.base_simulator | Update norms — honest: ['2.25', '2.28', '1.02', '0.53', '2.67'], attacker: ['4.35', '4.01', '3.90', '4.45', '6.22']
2026-05-06 12:41:22 | INFO    | dpfl.core.base_simulator | Round 104/150 | Acc: 0.8804 | Loss: 0.4027 | eps_max: 7.49 eps_avg: 5.52 | P: 0.45 R: 1.00 F1: 0.90
2026-05-06 12:41:22 | DEBUG   | dpfl.core.base_simulator | Update norms — honest: ['1.77', '0.34', '1.96', '1.54', '1.67'], attacker: ['3.92', '4.15', '4.03', '4.57', '6.51']
2026-05-06 12:41:28 | INFO    | dpfl.core.base_simulator | Round 105/150 | Acc: 0.8803 | Loss: 0.4032 | eps_max: 7.49 eps_avg: 5.55 | P: 0.51 R: 1.00 F1: 0.92
2026-05-06 12:41:28 | DEBUG   | dpfl.core.base_simulator | Update norms — honest: ['1.10', '0.64', '1.36', '2.37', '2.68'], attacker: ['4.11', '4.00', '3.85', '4.40', '6.63']
2026-05-06 12:41:33 | INFO    | dpfl.core.base_simulator | Round 106/150 | Acc: 0.8802 | Loss: 0.4040 | eps_max: 7.49 eps_avg: 5.58 | P: 0.53 R: 1.00 F1: 0.86
2026-05-06 12:41:33 | DEBUG   | dpfl.core.base_simulator | Update norms — honest: ['0.68', '2.86', '1.25', '2.13', '1.59'], attacker: ['4.07', '4.10', '4.06', '4.49', '6.61']
2026-05-06 12:41:39 | INFO    | dpfl.core.base_simulator | Round 107/150 | Acc: 0.8799 | Loss: 0.4052 | eps_max: 7.49 eps_avg: 5.60 | P: 0.36 R: 1.00 F1: 0.92
2026-05-06 12:41:39 | DEBUG   | dpfl.core.base_simulator | Update norms — honest: ['2.31', '3.49', '2.79', '0.77', '1.35'], attacker: ['4.27', '4.22', '4.19', '4.40', '6.55']
2026-05-06 12:41:44 | INFO    | dpfl.core.base_simulator | Round 108/150 | Acc: 0.8797 | Loss: 0.4066 | eps_max: 7.49 eps_avg: 5.62 | P: 0.42 R: 1.00 F1: 0.88
2026-05-06 12:41:44 | DEBUG   | dpfl.core.base_simulator | Update norms — honest: ['4.20', '2.42', '2.73', '1.93', '0.91'], attacker: ['4.14', '4.22', '3.91', '4.19', '6.26']
2026-05-06 12:41:49 | INFO    | dpfl.core.base_simulator | Round 109/150 | Acc: 0.8796 | Loss: 0.4073 | eps_max: 7.49 eps_avg: 5.65 | P: 0.43 R: 1.00 F1: 0.91
2026-05-06 12:41:49 | DEBUG   | dpfl.core.base_simulator | Update norms — honest: ['3.40', '3.01', '1.66', '2.34', '1.20'], attacker: ['4.26', '4.30', '4.01', '3.89', '6.55']
2026-05-06 12:41:56 | INFO    | dpfl.core.base_simulator | Round 110/150 | Acc: 0.8793 | Loss: 0.4084 | eps_max: 7.49 eps_avg: 5.69 | P: 0.37 R: 1.00 F1: 0.89
2026-05-06 12:41:56 | DEBUG   | dpfl.core.base_simulator | Update norms — honest: ['1.65', '2.07', '0.51', '2.31', '0.79'], attacker: ['4.19', '4.23', '4.01', '4.63', '6.77']
2026-05-06 12:42:02 | INFO    | dpfl.core.base_simulator | Round 111/150 | Acc: 0.8790 | Loss: 0.4097 | eps_max: 7.49 eps_avg: 5.73 | P: 0.28 R: 1.00 F1: 0.88
2026-05-06 12:42:02 | DEBUG   | dpfl.core.base_simulator | Update norms — honest: ['3.19', '1.21', '1.97', '2.14', '1.49'], attacker: ['4.25', '4.34', '4.01', '4.85', '6.26']
2026-05-06 12:42:07 | INFO    | dpfl.core.base_simulator | Round 112/150 | Acc: 0.8788 | Loss: 0.4105 | eps_max: 7.49 eps_avg: 5.76 | P: 0.40 R: 1.00 F1: 0.87
2026-05-06 12:42:07 | DEBUG   | dpfl.core.base_simulator | Update norms — honest: ['3.10', '0.52', '2.13', '3.09', '1.89'], attacker: ['4.13', '4.20', '4.01', '4.42', '6.56']
2026-05-06 12:42:12 | INFO    | dpfl.core.base_simulator | Round 113/150 | Acc: 0.8788 | Loss: 0.4110 | eps_max: 7.49 eps_avg: 5.77 | P: 0.55 R: 1.00 F1: 0.92
2026-05-06 12:42:12 | DEBUG   | dpfl.core.base_simulator | Update norms — honest: ['1.49', '1.01', '2.13', '2.23', '2.09'], attacker: ['4.30', '4.29', '4.07', '4.36', '6.78']
2026-05-06 12:42:18 | INFO    | dpfl.core.base_simulator | Round 114/150 | Acc: 0.8784 | Loss: 0.4129 | eps_max: 7.49 eps_avg: 5.80 | P: 0.45 R: 1.00 F1: 0.89
2026-05-06 12:42:18 | DEBUG   | dpfl.core.base_simulator | Update norms — honest: ['2.99', '2.72', '1.71', '1.78', '1.00'], attacker: ['4.22', '4.11', '4.16', '4.74', '6.62']
2026-05-06 12:42:24 | INFO    | dpfl.core.base_simulator | Round 115/150 | Acc: 0.8783 | Loss: 0.4138 | eps_max: 7.49 eps_avg: 5.83 | P: 0.60 R: 1.00 F1: 0.91
2026-05-06 12:42:24 | DEBUG   | dpfl.core.base_simulator | Update norms — honest: ['2.41', '2.50', '1.51', '2.32', '2.00'], attacker: ['4.38', '4.36', '4.25', '4.65', '6.52']
2026-05-06 12:42:30 | INFO    | dpfl.core.base_simulator | Round 116/150 | Acc: 0.8782 | Loss: 0.4143 | eps_max: 7.49 eps_avg: 5.85 | P: 0.41 R: 1.00 F1: 0.95
2026-05-06 12:42:30 | DEBUG   | dpfl.core.base_simulator | Update norms — honest: ['0.82', '2.11', '0.71', '1.06', '2.29'], attacker: ['4.31', '4.24', '3.96', '4.56', '6.38']
2026-05-06 12:42:35 | INFO    | dpfl.core.base_simulator | Round 117/150 | Acc: 0.8778 | Loss: 0.4163 | eps_max: 7.56 eps_avg: 5.88 | P: 0.34 R: 1.00 F1: 0.88
2026-05-06 12:42:35 | DEBUG   | dpfl.core.base_simulator | Update norms — honest: ['0.95', '3.15', '2.36', '3.11', '2.91'], attacker: ['4.39', '3.77', '4.15', '4.33', '6.52']
2026-05-06 12:42:40 | INFO    | dpfl.core.base_simulator | Round 118/150 | Acc: 0.8778 | Loss: 0.4167 | eps_max: 7.56 eps_avg: 5.91 | P: 0.40 R: 1.00 F1: 0.91
2026-05-06 12:42:40 | DEBUG   | dpfl.core.base_simulator | Update norms — honest: ['2.01', '1.16', '2.12', '1.53', '2.35'], attacker: ['4.35', '4.38', '4.02', '4.70', '6.28']
2026-05-06 12:42:46 | INFO    | dpfl.core.base_simulator | Round 119/150 | Acc: 0.8772 | Loss: 0.4196 | eps_max: 7.58 eps_avg: 5.95 | P: 0.29 R: 1.00 F1: 0.91
2026-05-06 12:42:46 | DEBUG   | dpfl.core.base_simulator | Update norms — honest: ['2.10', '2.56', '2.01', '2.04', '3.17'], attacker: ['4.27', '4.13', '3.81', '4.38', '6.55']
2026-05-06 12:42:52 | INFO    | dpfl.core.base_simulator | Round 120/150 | Acc: 0.8771 | Loss: 0.4199 | eps_max: 7.58 eps_avg: 5.98 | P: 0.27 R: 1.00 F1: 0.85
2026-05-06 12:42:52 | DEBUG   | dpfl.core.base_simulator | Update norms — honest: ['1.56', '1.94', '2.96', '2.40', '1.55'], attacker: ['4.06', '4.04', '4.15', '4.55', '6.69']
2026-05-06 12:42:58 | INFO    | dpfl.core.base_simulator | Round 121/150 | Acc: 0.8767 | Loss: 0.4220 | eps_max: 7.58 eps_avg: 6.00 | P: 0.41 R: 1.00 F1: 0.93
2026-05-06 12:42:58 | DEBUG   | dpfl.core.base_simulator | Update norms — honest: ['2.82', '3.77', '3.91', '1.11', '1.40'], attacker: ['4.45', '4.47', '4.08', '4.49', '6.47']
2026-05-06 12:43:03 | INFO    | dpfl.core.base_simulator | Round 122/150 | Acc: 0.8763 | Loss: 0.4239 | eps_max: 7.66 eps_avg: 6.02 | P: 0.41 R: 1.00 F1: 0.94
2026-05-06 12:43:03 | DEBUG   | dpfl.core.base_simulator | Update norms — honest: ['3.20', '3.60', '2.05', '2.37', '1.73'], attacker: ['4.31', '4.44', '3.96', '4.42', '6.52']
2026-05-06 12:43:09 | INFO    | dpfl.core.base_simulator | Round 123/150 | Acc: 0.8762 | Loss: 0.4247 | eps_max: 7.66 eps_avg: 6.04 | P: 0.53 R: 1.00 F1: 0.89
2026-05-06 12:43:09 | DEBUG   | dpfl.core.base_simulator | Update norms — honest: ['1.11', '2.53', '1.84', '1.67', '1.64'], attacker: ['4.29', '4.25', '4.47', '4.35', '6.54']
2026-05-06 12:43:14 | INFO    | dpfl.core.base_simulator | Round 124/150 | Acc: 0.8761 | Loss: 0.4254 | eps_max: 7.66 eps_avg: 6.05 | P: 0.34 R: 1.00 F1: 0.87
2026-05-06 12:43:14 | DEBUG   | dpfl.core.base_simulator | Update norms — honest: ['3.05', '1.32', '3.06', '1.26', '1.28'], attacker: ['4.35', '4.16', '4.11', '4.54', '6.45']
2026-05-06 12:43:19 | INFO    | dpfl.core.base_simulator | Round 125/150 | Acc: 0.8762 | Loss: 0.4257 | eps_max: 7.69 eps_avg: 6.07 | P: 0.54 R: 1.00 F1: 0.92
2026-05-06 12:43:19 | DEBUG   | dpfl.core.base_simulator | Update norms — honest: ['1.26', '2.02', '2.75', '2.40', '2.67'], attacker: ['4.27', '4.25', '4.34', '4.52', '6.25']
2026-05-06 12:43:24 | INFO    | dpfl.core.base_simulator | Round 126/150 | Acc: 0.8761 | Loss: 0.4263 | eps_max: 7.69 eps_avg: 6.09 | P: 0.54 R: 1.00 F1: 0.93
2026-05-06 12:43:24 | DEBUG   | dpfl.core.base_simulator | Update norms — honest: ['1.45', '1.23', '2.76', '2.13', '2.11'], attacker: ['4.49', '4.45', '4.46', '4.87', '6.60']
2026-05-06 12:43:29 | INFO    | dpfl.core.base_simulator | Round 127/150 | Acc: 0.8761 | Loss: 0.4269 | eps_max: 7.69 eps_avg: 6.10 | P: 0.69 R: 1.00 F1: 0.94
2026-05-06 12:43:29 | DEBUG   | dpfl.core.base_simulator | Update norms — honest: ['2.45', '1.19', '1.92', '1.80', '2.22'], attacker: ['4.49', '4.29', '4.25', '4.70', '6.53']
2026-05-06 12:43:35 | INFO    | dpfl.core.base_simulator | Round 128/150 | Acc: 0.8757 | Loss: 0.4292 | eps_max: 7.69 eps_avg: 6.13 | P: 0.31 R: 1.00 F1: 0.87
2026-05-06 12:43:35 | DEBUG   | dpfl.core.base_simulator | Update norms — honest: ['4.41', '3.11', '2.32', '2.13', '1.28'], attacker: ['4.41', '4.16', '4.08', '4.42', '6.83']
2026-05-06 12:43:40 | INFO    | dpfl.core.base_simulator | Round 129/150 | Acc: 0.8760 | Loss: 0.4287 | eps_max: 7.69 eps_avg: 6.15 | P: 0.53 R: 1.00 F1: 0.86
2026-05-06 12:43:40 | DEBUG   | dpfl.core.base_simulator | Update norms — honest: ['1.12', '0.71', '1.66', '0.73', '1.23'], attacker: ['4.37', '4.16', '9.14', '7.96', '10.16']
2026-05-06 12:43:46 | INFO    | dpfl.core.base_simulator | Round 130/150 | Acc: 0.8757 | Loss: 0.4302 | eps_max: 7.69 eps_avg: 6.17 | P: 0.43 R: 1.00 F1: 0.89
2026-05-06 12:43:46 | DEBUG   | dpfl.core.base_simulator | Update norms — honest: ['2.17', '1.23', '1.10', '2.97', '1.50'], attacker: ['4.48', '4.29', '9.02', '8.26', '10.59']
2026-05-06 12:43:51 | INFO    | dpfl.core.base_simulator | Round 131/150 | Acc: 0.8755 | Loss: 0.4315 | eps_max: 7.69 eps_avg: 6.19 | P: 0.56 R: 1.00 F1: 0.94
2026-05-06 12:43:51 | DEBUG   | dpfl.core.base_simulator | Update norms — honest: ['1.37', '1.58', '0.77', '3.43', '3.50'], attacker: ['4.66', '4.56', '8.57', '8.23', '10.46']
2026-05-06 12:43:56 | INFO    | dpfl.core.base_simulator | Round 132/150 | Acc: 0.8754 | Loss: 0.4325 | eps_max: 7.73 eps_avg: 6.20 | P: 0.41 R: 1.00 F1: 0.82
2026-05-06 12:43:56 | DEBUG   | dpfl.core.base_simulator | Update norms — honest: ['2.07', '1.91', '2.64', '2.41', '3.87'], attacker: ['4.44', '4.22', '8.87', '8.43', '10.45']
2026-05-06 12:44:02 | INFO    | dpfl.core.base_simulator | Round 133/150 | Acc: 0.8749 | Loss: 0.4346 | eps_max: 7.85 eps_avg: 6.24 | P: 0.46 R: 1.00 F1: 0.87
2026-05-06 12:44:02 | DEBUG   | dpfl.core.base_simulator | Update norms — honest: ['3.56', '2.98', '2.05', '2.36', '2.43'], attacker: ['4.29', '4.23', '8.67', '7.79', '10.39']
2026-05-06 12:44:08 | INFO    | dpfl.core.base_simulator | Round 134/150 | Acc: 0.8744 | Loss: 0.4374 | eps_max: 7.85 eps_avg: 6.26 | P: 0.36 R: 1.00 F1: 0.88
2026-05-06 12:44:08 | DEBUG   | dpfl.core.base_simulator | Update norms — honest: ['3.99', '1.44', '2.53', '1.60', '2.61'], attacker: ['4.55', '4.37', '8.93', '8.39', '10.69']
2026-05-06 12:44:13 | INFO    | dpfl.core.base_simulator | Round 135/150 | Acc: 0.8743 | Loss: 0.4386 | eps_max: 7.85 eps_avg: 6.29 | P: 0.46 R: 1.00 F1: 0.94
2026-05-06 12:44:13 | DEBUG   | dpfl.core.base_simulator | Update norms — honest: ['2.83', '3.11', '1.64', '2.13', '2.82'], attacker: ['4.37', '4.50', '8.73', '8.47', '10.81']
2026-05-06 12:44:19 | INFO    | dpfl.core.base_simulator | Round 136/150 | Acc: 0.8742 | Loss: 0.4395 | eps_max: 7.85 eps_avg: 6.30 | P: 0.40 R: 1.00 F1: 0.94
2026-05-06 12:44:19 | DEBUG   | dpfl.core.base_simulator | Update norms — honest: ['1.13', '3.31', '2.08', '3.25', '1.90'], attacker: ['4.79', '4.57', '9.19', '8.06', '10.04']
2026-05-06 12:44:24 | INFO    | dpfl.core.base_simulator | Round 137/150 | Acc: 0.8741 | Loss: 0.4412 | eps_max: 7.85 eps_avg: 6.32 | P: 0.46 R: 1.00 F1: 0.84
2026-05-06 12:44:24 | DEBUG   | dpfl.core.base_simulator | Update norms — honest: ['1.84', '1.19', '1.49', '1.07', '2.43'], attacker: ['4.44', '4.48', '9.18', '8.03', '9.68']
2026-05-06 12:44:30 | INFO    | dpfl.core.base_simulator | Round 138/150 | Acc: 0.8736 | Loss: 0.4445 | eps_max: 7.91 eps_avg: 6.34 | P: 0.44 R: 1.00 F1: 0.91
2026-05-06 12:44:30 | DEBUG   | dpfl.core.base_simulator | Update norms — honest: ['2.70', '2.99', '3.27', '2.76', '2.42'], attacker: ['4.33', '4.33', '9.26', '8.23', '10.68']
2026-05-06 12:44:36 | INFO    | dpfl.core.base_simulator | Round 139/150 | Acc: 0.8734 | Loss: 0.4452 | eps_max: 7.91 eps_avg: 6.36 | P: 0.46 R: 1.00 F1: 0.85
2026-05-06 12:44:36 | DEBUG   | dpfl.core.base_simulator | Update norms — honest: ['3.42', '2.49', '2.46', '1.76', '1.29'], attacker: ['4.36', '4.49', '9.31', '8.27', '10.12']
2026-05-06 12:44:41 | INFO    | dpfl.core.base_simulator | Round 140/150 | Acc: 0.8730 | Loss: 0.4474 | eps_max: 7.91 eps_avg: 6.39 | P: 0.47 R: 1.00 F1: 0.85
2026-05-06 12:44:41 | DEBUG   | dpfl.core.base_simulator | Update norms — honest: ['2.99', '2.09', '3.63', '3.19', '2.38'], attacker: ['4.59', '4.51', '8.89', '8.21', '10.14']
2026-05-06 12:44:47 | INFO    | dpfl.core.base_simulator | Round 141/150 | Acc: 0.8733 | Loss: 0.4469 | eps_max: 7.91 eps_avg: 6.41 | P: 0.44 R: 1.00 F1: 0.93
2026-05-06 12:44:47 | DEBUG   | dpfl.core.base_simulator | Update norms — honest: ['2.33', '1.42', '1.59', '1.30', '2.35'], attacker: ['4.54', '4.29', '9.37', '8.55', '10.74']
2026-05-06 12:44:52 | INFO    | dpfl.core.base_simulator | Round 142/150 | Acc: 0.8728 | Loss: 0.4504 | eps_max: 8.03 eps_avg: 6.42 | P: 0.34 R: 1.00 F1: 0.77
2026-05-06 12:44:52 | DEBUG   | dpfl.core.base_simulator | Update norms — honest: ['3.74', '2.38', '2.44', '1.45', '1.45'], attacker: ['4.43', '4.54', '9.29', '8.46', '10.38']
2026-05-06 12:44:52 | WARNING | dpfl.algorithms.noise_game.simulator | Round 142/150 | Budget exceeded (eps_max=8.03 > 8.00)
2026-05-06 12:44:54 | INFO    | dpfl | Experiment complete in 1040.6s
============================================================
REPORT: DP-SGD Decentralized Federated Learning
============================================================
Timestamp:                  20260506_122732
Rounds completed:           142
Attack-active rounds:       92  (from round 50)
Final accuracy:             0.8728
Final test loss:            0.4504
Final epsilon (max honest): 8.03
Final epsilon (avg honest): 6.42
Best alpha:                 1000.0
Avg precision:              0.4127
Avg recall:                 1.0000
Avg F1 score:               0.8910
Avg update norm (honest):   1.5142
Avg update norm (attacker): 6.4949

eps_system (max honest): 8.0303
eps_avg (honest):        6.4249
eps_std (honest):        0.9257
n_frozen:                0/400
============================================================
