2026-05-06 12:11:26 | INFO    | dpfl | Experiment start: algorithm=krum, dataset=mnist, model=mlp, device=cuda
2026-05-06 12:11:26 | INFO    | dpfl | Config: nodes=500, attackers=200, rounds=150, noise_mode=none, attack=scale
2026-05-06 12:11:26 | INFO    | dpfl.data.mnist_dataset | Loading MNIST dataset...
2026-05-06 12:11:26 | INFO    | dpfl.data.mnist_dataset | MNIST loaded: 60000 train, 10000 test samples
2026-05-06 12:12:06 | INFO    | dpfl.core.base_simulator | Vectorized state ready: param_spec.D=50890, X_test=(10000, 1, 28, 28), train clients N=500, max_n_samples=1000
2026-05-06 12:12:06 | INFO    | dpfl.core.base_simulator | Setup complete: 500 nodes (200 attackers), param_dim=50890, split=iid
2026-05-06 12:12:06 | DEBUG   | dpfl.core.base_simulator | Attacker IDs: {0, 1, 2, 3, 4, 5, 6, 7, 8, 9, 10, 11, 12, 13, 14, 15, 16, 17, 18, 19, 20, 21, 22, 23, 24, 25, 26, 27, 28, 29, 30, 31, 32, 33, 34, 35, 36, 37, 38, 39, 40, 41, 42, 43, 44, 45, 46, 47, 48, 49, 50, 51, 52, 53, 54, 55, 56, 57, 58, 59, 60, 61, 62, 63, 64, 65, 66, 67, 68, 69, 70, 71, 72, 73, 74, 75, 76, 77, 78, 79, 80, 81, 82, 83, 84, 85, 86, 87, 88, 89, 90, 91, 92, 93, 94, 95, 96, 97, 98, 99, 100, 101, 102, 103, 104, 105, 106, 107, 108, 109, 110, 111, 112, 113, 114, 115, 116, 117, 118, 119, 120, 121, 122, 123, 124, 125, 126, 127, 128, 129, 130, 131, 132, 133, 134, 135, 136, 137, 138, 139, 140, 141, 142, 143, 144, 145, 146, 147, 148, 149, 150, 151, 152, 153, 154, 155, 156, 157, 158, 159, 160, 161, 162, 163, 164, 165, 166, 167, 168, 169, 170, 171, 172, 173, 174, 175, 176, 177, 178, 179, 180, 181, 182, 183, 184, 185, 186, 187, 188, 189, 190, 191, 192, 193, 194, 195, 196, 197, 198, 199}
2026-05-06 12:12:09 | INFO    | dpfl.core.base_simulator | Round   1/150 | Acc: 0.3803 | Loss: 2.0956 | eps: 0.00 | P: 0.00 R: nan F1: nan
2026-05-06 12:12:09 | DEBUG   | dpfl.core.base_simulator | Update norms — honest: ['0.17', '0.17', '0.17', '0.17', '0.17'], attacker: ['0.18', '0.18', '0.17', '0.18', '0.18']
2026-05-06 12:12:11 | INFO    | dpfl.core.base_simulator | Round   2/150 | Acc: 0.5555 | Loss: 1.8903 | eps: 0.00 | P: 0.00 R: nan F1: nan
2026-05-06 12:12:11 | DEBUG   | dpfl.core.base_simulator | Update norms — honest: ['0.18', '0.18', '0.18', '0.18', '0.17'], attacker: ['0.18', '0.18', '0.18', '0.18', '0.18']
2026-05-06 12:12:13 | INFO    | dpfl.core.base_simulator | Round   3/150 | Acc: 0.6518 | Loss: 1.6796 | eps: 0.00 | P: 0.00 R: nan F1: nan
2026-05-06 12:12:13 | DEBUG   | dpfl.core.base_simulator | Update norms — honest: ['0.18', '0.18', '0.18', '0.18', '0.18'], attacker: ['0.19', '0.18', '0.18', '0.18', '0.19']
2026-05-06 12:12:15 | INFO    | dpfl.core.base_simulator | Round   4/150 | Acc: 0.7103 | Loss: 1.4798 | eps: 0.00 | P: 0.00 R: nan F1: nan
2026-05-06 12:12:15 | DEBUG   | dpfl.core.base_simulator | Update norms — honest: ['0.18', '0.18', '0.18', '0.18', '0.17'], attacker: ['0.18', '0.18', '0.18', '0.18', '0.18']
2026-05-06 12:12:17 | INFO    | dpfl.core.base_simulator | Round   5/150 | Acc: 0.7512 | Loss: 1.2995 | eps: 0.00 | P: 0.00 R: nan F1: nan
2026-05-06 12:12:17 | DEBUG   | dpfl.core.base_simulator | Update norms — honest: ['0.17', '0.17', '0.17', '0.17', '0.16'], attacker: ['0.18', '0.17', '0.17', '0.17', '0.18']
2026-05-06 12:12:19 | INFO    | dpfl.core.base_simulator | Round   6/150 | Acc: 0.7795 | Loss: 1.1451 | eps: 0.00 | P: 0.00 R: nan F1: nan
2026-05-06 12:12:19 | DEBUG   | dpfl.core.base_simulator | Update norms — honest: ['0.16', '0.15', '0.16', '0.15', '0.15'], attacker: ['0.16', '0.16', '0.16', '0.16', '0.17']
2026-05-06 12:12:21 | INFO    | dpfl.core.base_simulator | Round   7/150 | Acc: 0.8001 | Loss: 1.0186 | eps: 0.00 | P: 0.00 R: nan F1: nan
2026-05-06 12:12:21 | DEBUG   | dpfl.core.base_simulator | Update norms — honest: ['0.14', '0.14', '0.14', '0.14', '0.14'], attacker: ['0.15', '0.15', '0.15', '0.15', '0.16']
2026-05-06 12:12:24 | INFO    | dpfl.core.base_simulator | Round   8/150 | Acc: 0.8143 | Loss: 0.9178 | eps: 0.00 | P: 0.00 R: nan F1: nan
2026-05-06 12:12:24 | DEBUG   | dpfl.core.base_simulator | Update norms — honest: ['0.13', '0.13', '0.13', '0.13', '0.13'], attacker: ['0.14', '0.13', '0.14', '0.14', '0.14']
2026-05-06 12:12:26 | INFO    | dpfl.core.base_simulator | Round   9/150 | Acc: 0.8245 | Loss: 0.8381 | eps: 0.00 | P: 0.00 R: nan F1: nan
2026-05-06 12:12:26 | DEBUG   | dpfl.core.base_simulator | Update norms — honest: ['0.12', '0.11', '0.11', '0.11', '0.11'], attacker: ['0.13', '0.12', '0.12', '0.13', '0.13']
2026-05-06 12:12:28 | INFO    | dpfl.core.base_simulator | Round  10/150 | Acc: 0.8326 | Loss: 0.7743 | eps: 0.00 | P: 0.00 R: nan F1: nan
2026-05-06 12:12:28 | DEBUG   | dpfl.core.base_simulator | Update norms — honest: ['0.10', '0.10', '0.10', '0.10', '0.10'], attacker: ['0.12', '0.11', '0.12', '0.12', '0.12']
2026-05-06 12:12:30 | INFO    | dpfl.core.base_simulator | Round  11/150 | Acc: 0.8388 | Loss: 0.7235 | eps: 0.00 | P: 0.00 R: nan F1: nan
2026-05-06 12:12:30 | DEBUG   | dpfl.core.base_simulator | Update norms — honest: ['0.09', '0.09', '0.09', '0.09', '0.09'], attacker: ['0.11', '0.10', '0.11', '0.11', '0.11']
2026-05-06 12:12:32 | INFO    | dpfl.core.base_simulator | Round  12/150 | Acc: 0.8442 | Loss: 0.6816 | eps: 0.00 | P: 0.00 R: nan F1: nan
2026-05-06 12:12:32 | DEBUG   | dpfl.core.base_simulator | Update norms — honest: ['0.09', '0.08', '0.09', '0.08', '0.09'], attacker: ['0.10', '0.10', '0.10', '0.10', '0.11']
2026-05-06 12:12:34 | INFO    | dpfl.core.base_simulator | Round  13/150 | Acc: 0.8484 | Loss: 0.6473 | eps: 0.00 | P: 0.00 R: nan F1: nan
2026-05-06 12:12:34 | DEBUG   | dpfl.core.base_simulator | Update norms — honest: ['0.08', '0.08', '0.08', '0.08', '0.08'], attacker: ['0.09', '0.09', '0.10', '0.09', '0.10']
2026-05-06 12:12:36 | INFO    | dpfl.core.base_simulator | Round  14/150 | Acc: 0.8520 | Loss: 0.6186 | eps: 0.00 | P: 0.00 R: nan F1: nan
2026-05-06 12:12:36 | DEBUG   | dpfl.core.base_simulator | Update norms — honest: ['0.07', '0.07', '0.07', '0.07', '0.07'], attacker: ['0.09', '0.09', '0.08', '0.09', '0.09']
2026-05-06 12:12:39 | INFO    | dpfl.core.base_simulator | Round  15/150 | Acc: 0.8553 | Loss: 0.5941 | eps: 0.00 | P: 0.00 R: nan F1: nan
2026-05-06 12:12:39 | DEBUG   | dpfl.core.base_simulator | Update norms — honest: ['0.07', '0.07', '0.07', '0.07', '0.07'], attacker: ['0.09', '0.09', '0.09', '0.08', '0.09']
2026-05-06 12:12:41 | INFO    | dpfl.core.base_simulator | Round  16/150 | Acc: 0.8581 | Loss: 0.5733 | eps: 0.00 | P: 0.00 R: nan F1: nan
2026-05-06 12:12:41 | DEBUG   | dpfl.core.base_simulator | Update norms — honest: ['0.06', '0.06', '0.06', '0.06', '0.06'], attacker: ['0.08', '0.09', '0.08', '0.09', '0.09']
2026-05-06 12:12:43 | INFO    | dpfl.core.base_simulator | Round  17/150 | Acc: 0.8605 | Loss: 0.5551 | eps: 0.00 | P: 0.00 R: nan F1: nan
2026-05-06 12:12:43 | DEBUG   | dpfl.core.base_simulator | Update norms — honest: ['0.06', '0.06', '0.06', '0.06', '0.06'], attacker: ['0.08', '0.09', '0.08', '0.08', '0.09']
2026-05-06 12:12:45 | INFO    | dpfl.core.base_simulator | Round  18/150 | Acc: 0.8625 | Loss: 0.5394 | eps: 0.00 | P: 0.00 R: nan F1: nan
2026-05-06 12:12:45 | DEBUG   | dpfl.core.base_simulator | Update norms — honest: ['0.06', '0.06', '0.06', '0.06', '0.06'], attacker: ['0.08', '0.09', '0.08', '0.08', '0.09']
2026-05-06 12:12:47 | INFO    | dpfl.core.base_simulator | Round  19/150 | Acc: 0.8646 | Loss: 0.5256 | eps: 0.00 | P: 0.00 R: nan F1: nan
2026-05-06 12:12:47 | DEBUG   | dpfl.core.base_simulator | Update norms — honest: ['0.05', '0.05', '0.05', '0.05', '0.05'], attacker: ['0.08', '0.08', '0.07', '0.08', '0.09']
2026-05-06 12:12:49 | INFO    | dpfl.core.base_simulator | Round  20/150 | Acc: 0.8663 | Loss: 0.5133 | eps: 0.00 | P: 0.00 R: nan F1: nan
2026-05-06 12:12:49 | DEBUG   | dpfl.core.base_simulator | Update norms — honest: ['0.05', '0.05', '0.05', '0.05', '0.05'], attacker: ['0.07', '0.08', '0.07', '0.08', '0.09']
2026-05-06 12:12:51 | INFO    | dpfl.core.base_simulator | Round  21/150 | Acc: 0.8678 | Loss: 0.5023 | eps: 0.00 | P: 0.00 R: nan F1: nan
2026-05-06 12:12:51 | DEBUG   | dpfl.core.base_simulator | Update norms — honest: ['0.05', '0.05', '0.05', '0.05', '0.05'], attacker: ['0.08', '0.08', '0.07', '0.07', '0.08']
2026-05-06 12:12:54 | INFO    | dpfl.core.base_simulator | Round  22/150 | Acc: 0.8692 | Loss: 0.4926 | eps: 0.00 | P: 0.00 R: nan F1: nan
2026-05-06 12:12:54 | DEBUG   | dpfl.core.base_simulator | Update norms — honest: ['0.05', '0.05', '0.05', '0.05', '0.05'], attacker: ['0.07', '0.08', '0.08', '0.07', '0.08']
2026-05-06 12:13:03 | INFO    | dpfl.core.base_simulator | Round  23/150 | Acc: 0.8706 | Loss: 0.4836 | eps: 0.00 | P: 0.00 R: nan F1: nan
2026-05-06 12:13:03 | DEBUG   | dpfl.core.base_simulator | Update norms — honest: ['0.05', '0.05', '0.04', '0.05', '0.05'], attacker: ['0.07', '0.08', '0.08', '0.07', '0.08']
2026-05-06 12:13:05 | INFO    | dpfl.core.base_simulator | Round  24/150 | Acc: 0.8717 | Loss: 0.4757 | eps: 0.00 | P: 0.00 R: nan F1: nan
2026-05-06 12:13:05 | DEBUG   | dpfl.core.base_simulator | Update norms — honest: ['0.04', '0.04', '0.04', '0.04', '0.05'], attacker: ['0.08', '0.08', '0.08', '0.07', '0.08']
2026-05-06 12:13:07 | INFO    | dpfl.core.base_simulator | Round  25/150 | Acc: 0.8726 | Loss: 0.4686 | eps: 0.00 | P: 0.00 R: nan F1: nan
2026-05-06 12:13:07 | DEBUG   | dpfl.core.base_simulator | Update norms — honest: ['0.04', '0.04', '0.04', '0.04', '0.04'], attacker: ['0.07', '0.07', '0.08', '0.08', '0.08']
2026-05-06 12:13:09 | INFO    | dpfl.core.base_simulator | Round  26/150 | Acc: 0.8736 | Loss: 0.4620 | eps: 0.00 | P: 0.00 R: nan F1: nan
2026-05-06 12:13:09 | DEBUG   | dpfl.core.base_simulator | Update norms — honest: ['0.04', '0.04', '0.04', '0.04', '0.04'], attacker: ['0.07', '0.08', '0.07', '0.07', '0.07']
2026-05-06 12:13:11 | INFO    | dpfl.core.base_simulator | Round  27/150 | Acc: 0.8745 | Loss: 0.4558 | eps: 0.00 | P: 0.00 R: nan F1: nan
2026-05-06 12:13:11 | DEBUG   | dpfl.core.base_simulator | Update norms — honest: ['0.04', '0.04', '0.04', '0.04', '0.04'], attacker: ['0.08', '0.08', '0.07', '0.07', '0.07']
2026-05-06 12:13:14 | INFO    | dpfl.core.base_simulator | Round  28/150 | Acc: 0.8753 | Loss: 0.4505 | eps: 0.00 | P: 0.00 R: nan F1: nan
2026-05-06 12:13:14 | DEBUG   | dpfl.core.base_simulator | Update norms — honest: ['0.04', '0.04', '0.04', '0.04', '0.04'], attacker: ['0.08', '0.08', '0.08', '0.07', '0.07']
2026-05-06 12:13:16 | INFO    | dpfl.core.base_simulator | Round  29/150 | Acc: 0.8762 | Loss: 0.4453 | eps: 0.00 | P: 0.00 R: nan F1: nan
2026-05-06 12:13:16 | DEBUG   | dpfl.core.base_simulator | Update norms — honest: ['0.04', '0.04', '0.04', '0.04', '0.04'], attacker: ['0.07', '0.08', '0.08', '0.07', '0.07']
2026-05-06 12:13:18 | INFO    | dpfl.core.base_simulator | Round  30/150 | Acc: 0.8769 | Loss: 0.4405 | eps: 0.00 | P: 0.00 R: nan F1: nan
2026-05-06 12:13:18 | DEBUG   | dpfl.core.base_simulator | Update norms — honest: ['0.04', '0.04', '0.04', '0.04', '0.04'], attacker: ['0.08', '0.08', '0.08', '0.07', '0.07']
2026-05-06 12:13:20 | INFO    | dpfl.core.base_simulator | Round  31/150 | Acc: 0.8774 | Loss: 0.4362 | eps: 0.00 | P: 0.00 R: nan F1: nan
2026-05-06 12:13:20 | DEBUG   | dpfl.core.base_simulator | Update norms — honest: ['0.04', '0.04', '0.04', '0.04', '0.04'], attacker: ['0.08', '0.09', '0.08', '0.08', '0.08']
2026-05-06 12:13:22 | INFO    | dpfl.core.base_simulator | Round  32/150 | Acc: 0.8780 | Loss: 0.4322 | eps: 0.00 | P: 0.00 R: nan F1: nan
2026-05-06 12:13:22 | DEBUG   | dpfl.core.base_simulator | Update norms — honest: ['0.03', '0.04', '0.04', '0.04', '0.03'], attacker: ['0.09', '0.08', '0.09', '0.08', '0.07']
2026-05-06 12:13:24 | INFO    | dpfl.core.base_simulator | Round  33/150 | Acc: 0.8787 | Loss: 0.4284 | eps: 0.00 | P: 0.00 R: nan F1: nan
2026-05-06 12:13:24 | DEBUG   | dpfl.core.base_simulator | Update norms — honest: ['0.03', '0.04', '0.03', '0.04', '0.03'], attacker: ['0.09', '0.09', '0.09', '0.09', '0.08']
2026-05-06 12:13:26 | INFO    | dpfl.core.base_simulator | Round  34/150 | Acc: 0.8792 | Loss: 0.4250 | eps: 0.00 | P: 0.00 R: nan F1: nan
2026-05-06 12:13:26 | DEBUG   | dpfl.core.base_simulator | Update norms — honest: ['0.03', '0.03', '0.03', '0.04', '0.03'], attacker: ['0.09', '0.09', '0.10', '0.09', '0.08']
2026-05-06 12:13:28 | INFO    | dpfl.core.base_simulator | Round  35/150 | Acc: 0.8797 | Loss: 0.4218 | eps: 0.00 | P: 0.00 R: nan F1: nan
2026-05-06 12:13:28 | DEBUG   | dpfl.core.base_simulator | Update norms — honest: ['0.03', '0.03', '0.03', '0.04', '0.03'], attacker: ['0.09', '0.09', '0.10', '0.09', '0.08']
2026-05-06 12:13:30 | INFO    | dpfl.core.base_simulator | Round  36/150 | Acc: 0.8802 | Loss: 0.4188 | eps: 0.00 | P: 0.00 R: nan F1: nan
2026-05-06 12:13:30 | DEBUG   | dpfl.core.base_simulator | Update norms — honest: ['0.03', '0.03', '0.03', '0.03', '0.03'], attacker: ['0.10', '0.10', '0.10', '0.09', '0.08']
2026-05-06 12:13:33 | INFO    | dpfl.core.base_simulator | Round  37/150 | Acc: 0.8806 | Loss: 0.4160 | eps: 0.00 | P: 0.00 R: nan F1: nan
2026-05-06 12:13:33 | DEBUG   | dpfl.core.base_simulator | Update norms — honest: ['0.03', '0.03', '0.03', '0.03', '0.03'], attacker: ['0.11', '0.10', '0.10', '0.10', '0.09']
2026-05-06 12:13:35 | INFO    | dpfl.core.base_simulator | Round  38/150 | Acc: 0.8810 | Loss: 0.4134 | eps: 0.00 | P: 0.00 R: nan F1: nan
2026-05-06 12:13:35 | DEBUG   | dpfl.core.base_simulator | Update norms — honest: ['0.03', '0.03', '0.03', '0.03', '0.03'], attacker: ['0.11', '0.10', '0.10', '0.10', '0.08']
2026-05-06 12:13:37 | INFO    | dpfl.core.base_simulator | Round  39/150 | Acc: 0.8814 | Loss: 0.4110 | eps: 0.00 | P: 0.00 R: nan F1: nan
2026-05-06 12:13:37 | DEBUG   | dpfl.core.base_simulator | Update norms — honest: ['0.03', '0.03', '0.03', '0.03', '0.03'], attacker: ['0.10', '0.10', '0.10', '0.10', '0.09']
2026-05-06 12:13:39 | INFO    | dpfl.core.base_simulator | Round  40/150 | Acc: 0.8817 | Loss: 0.4087 | eps: 0.00 | P: 0.00 R: nan F1: nan
2026-05-06 12:13:39 | DEBUG   | dpfl.core.base_simulator | Update norms — honest: ['0.03', '0.03', '0.03', '0.03', '0.03'], attacker: ['0.10', '0.10', '0.10', '0.10', '0.10']
2026-05-06 12:13:41 | INFO    | dpfl.core.base_simulator | Round  41/150 | Acc: 0.8820 | Loss: 0.4065 | eps: 0.00 | P: 0.00 R: nan F1: nan
2026-05-06 12:13:41 | DEBUG   | dpfl.core.base_simulator | Update norms — honest: ['0.03', '0.03', '0.03', '0.03', '0.03'], attacker: ['0.11', '0.10', '0.10', '0.10', '0.09']
2026-05-06 12:13:43 | INFO    | dpfl.core.base_simulator | Round  42/150 | Acc: 0.8825 | Loss: 0.4045 | eps: 0.00 | P: 0.00 R: nan F1: nan
2026-05-06 12:13:43 | DEBUG   | dpfl.core.base_simulator | Update norms — honest: ['0.03', '0.03', '0.03', '0.03', '0.03'], attacker: ['0.10', '0.10', '0.10', '0.10', '0.09']
2026-05-06 12:13:45 | INFO    | dpfl.core.base_simulator | Round  43/150 | Acc: 0.8827 | Loss: 0.4026 | eps: 0.00 | P: 0.00 R: nan F1: nan
2026-05-06 12:13:45 | DEBUG   | dpfl.core.base_simulator | Update norms — honest: ['0.03', '0.03', '0.03', '0.03', '0.03'], attacker: ['0.11', '0.11', '0.11', '0.11', '0.09']
2026-05-06 12:13:47 | INFO    | dpfl.core.base_simulator | Round  44/150 | Acc: 0.8829 | Loss: 0.4008 | eps: 0.00 | P: 0.00 R: nan F1: nan
2026-05-06 12:13:47 | DEBUG   | dpfl.core.base_simulator | Update norms — honest: ['0.03', '0.03', '0.03', '0.03', '0.03'], attacker: ['0.11', '0.11', '0.10', '0.11', '0.09']
2026-05-06 12:13:49 | INFO    | dpfl.core.base_simulator | Round  45/150 | Acc: 0.8832 | Loss: 0.3992 | eps: 0.00 | P: 0.00 R: nan F1: nan
2026-05-06 12:13:49 | DEBUG   | dpfl.core.base_simulator | Update norms — honest: ['0.03', '0.03', '0.03', '0.03', '0.03'], attacker: ['0.11', '0.11', '0.11', '0.11', '0.10']
2026-05-06 12:13:52 | INFO    | dpfl.core.base_simulator | Round  46/150 | Acc: 0.8835 | Loss: 0.3976 | eps: 0.00 | P: 0.00 R: nan F1: nan
2026-05-06 12:13:52 | DEBUG   | dpfl.core.base_simulator | Update norms — honest: ['0.03', '0.03', '0.03', '0.03', '0.03'], attacker: ['0.12', '0.11', '0.12', '0.11', '0.09']
2026-05-06 12:13:54 | INFO    | dpfl.core.base_simulator | Round  47/150 | Acc: 0.8839 | Loss: 0.3960 | eps: 0.00 | P: 0.00 R: nan F1: nan
2026-05-06 12:13:54 | DEBUG   | dpfl.core.base_simulator | Update norms — honest: ['0.03', '0.03', '0.03', '0.03', '0.03'], attacker: ['0.11', '0.11', '0.12', '0.11', '0.09']
2026-05-06 12:13:56 | INFO    | dpfl.core.base_simulator | Round  48/150 | Acc: 0.8840 | Loss: 0.3947 | eps: 0.00 | P: 0.00 R: nan F1: nan
2026-05-06 12:13:56 | DEBUG   | dpfl.core.base_simulator | Update norms — honest: ['0.03', '0.03', '0.03', '0.03', '0.03'], attacker: ['0.11', '0.11', '0.12', '0.11', '0.10']
2026-05-06 12:13:58 | INFO    | dpfl.core.base_simulator | Round  49/150 | Acc: 0.8843 | Loss: 0.3935 | eps: 0.00 | P: 0.00 R: nan F1: nan
2026-05-06 12:13:58 | DEBUG   | dpfl.core.base_simulator | Update norms — honest: ['0.03', '0.03', '0.03', '0.03', '0.03'], attacker: ['0.12', '0.12', '0.11', '0.11', '0.10']
2026-05-06 12:14:00 | INFO    | dpfl.core.base_simulator | Round  50/150 | Acc: 0.8845 | Loss: 0.3921 | eps: 0.00 | P: 0.00 R: nan F1: nan
2026-05-06 12:14:00 | DEBUG   | dpfl.core.base_simulator | Update norms — honest: ['0.03', '0.03', '0.03', '0.03', '0.03'], attacker: ['0.12', '0.11', '0.12', '0.11', '0.10']
2026-05-06 12:14:02 | INFO    | dpfl.core.base_simulator | Round  51/150 | Acc: 0.8847 | Loss: 0.3909 | eps: 0.00 | P: 0.68 R: 1.00 F1: 0.86
2026-05-06 12:14:02 | DEBUG   | dpfl.core.base_simulator | Update norms — honest: ['0.03', '0.03', '0.03', '0.03', '0.03'], attacker: ['0.63', '0.60', '0.61', '0.59', '0.50']
2026-05-06 12:14:04 | INFO    | dpfl.core.base_simulator | Round  52/150 | Acc: 0.8849 | Loss: 0.3899 | eps: 0.00 | P: 0.60 R: 1.00 F1: 0.97
2026-05-06 12:14:04 | DEBUG   | dpfl.core.base_simulator | Update norms — honest: ['0.03', '0.03', '0.03', '0.03', '0.03'], attacker: ['0.64', '0.61', '0.62', '0.62', '0.51']
2026-05-06 12:14:06 | INFO    | dpfl.core.base_simulator | Round  53/150 | Acc: 0.8850 | Loss: 0.3889 | eps: 0.00 | P: 0.59 R: 1.00 F1: 0.90
2026-05-06 12:14:06 | DEBUG   | dpfl.core.base_simulator | Update norms — honest: ['0.03', '0.03', '0.03', '0.03', '0.03'], attacker: ['0.63', '0.58', '0.66', '0.62', '0.55']
2026-05-06 12:14:09 | INFO    | dpfl.core.base_simulator | Round  54/150 | Acc: 0.8839 | Loss: 0.3917 | eps: 0.00 | P: 0.68 R: 0.99 F1: 0.89
2026-05-06 12:14:09 | DEBUG   | dpfl.core.base_simulator | Update norms — honest: ['0.03', '0.03', '0.03', '0.03', '0.03'], attacker: ['0.63', '0.60', '0.63', '0.62', '0.55']
2026-05-06 12:14:11 | INFO    | dpfl.core.base_simulator | Round  55/150 | Acc: 0.8735 | Loss: 0.4862 | eps: 0.00 | P: 0.54 R: 0.98 F1: 0.89
2026-05-06 12:14:11 | DEBUG   | dpfl.core.base_simulator | Update norms — honest: ['0.03', '0.18', '0.02', '0.03', '0.03'], attacker: ['0.61', '0.62', '0.66', '0.64', '0.56']
2026-05-06 12:14:13 | INFO    | dpfl.core.base_simulator | Round  56/150 | Acc: 0.8592 | Loss: 2.6042 | eps: 0.00 | P: 0.60 R: 0.97 F1: 0.91
2026-05-06 12:14:13 | DEBUG   | dpfl.core.base_simulator | Update norms — honest: ['0.03', '0.04', '0.02', '0.03', '0.02'], attacker: ['1.98', '2.09', '1.67', '1.68', '1.67']
2026-05-06 12:14:15 | INFO    | dpfl.core.base_simulator | Round  57/150 | Acc: 0.8555 | Loss: 28.7510 | eps: 0.00 | P: 0.61 R: 0.97 F1: 0.92
2026-05-06 12:14:15 | DEBUG   | dpfl.core.base_simulator | Update norms — honest: ['0.02', '0.03', '0.03', '0.03', '0.02'], attacker: ['12.71', '12.80', '12.41', '12.31', '12.65']
2026-05-06 12:14:17 | INFO    | dpfl.core.base_simulator | Round  58/150 | Acc: 0.8503 | Loss: 673.6891 | eps: 0.00 | P: 0.34 R: 0.98 F1: 0.83
2026-05-06 12:14:17 | DEBUG   | dpfl.core.base_simulator | Update norms — honest: ['0.02', '0.03', '0.02', '0.02', '0.03'], attacker: ['58.87', '59.20', '58.98', '58.18', '59.10']
2026-05-06 12:14:19 | INFO    | dpfl.core.base_simulator | Round  59/150 | Acc: 0.8191 | Loss: 19658.2444 | eps: 0.00 | P: 0.47 R: 0.98 F1: 0.89
2026-05-06 12:14:19 | DEBUG   | dpfl.core.base_simulator | Update norms — honest: ['0.02', '0.03', '0.02', '0.02', '0.02'], attacker: ['263.95', '261.09', '277.47', '257.43', '274.62']
2026-05-06 12:14:22 | INFO    | dpfl.core.base_simulator | Round  60/150 | Acc: 0.8110 | Loss: 234245.4236 | eps: 0.00 | P: 0.50 R: 0.98 F1: 0.89
2026-05-06 12:14:22 | DEBUG   | dpfl.core.base_simulator | Update norms — honest: ['0.02', '0.03', '0.02', '0.03', '0.02'], attacker: ['1145.24', '1137.70', '1163.38', '1160.43', '1175.06']
2026-05-06 12:14:24 | INFO    | dpfl.core.base_simulator | Round  61/150 | Acc: 0.7982 | Loss: 4036960.2558 | eps: 0.00 | P: 0.65 R: 0.97 F1: 0.91
2026-05-06 12:14:24 | DEBUG   | dpfl.core.base_simulator | Update norms — honest: ['0.02', '0.03', '0.02', '0.02', '0.02'], attacker: ['4613.36', '4851.64', '4622.24', '4532.59', '4622.50']
2026-05-06 12:14:26 | INFO    | dpfl.core.base_simulator | Round  62/150 | Acc: 0.7825 | Loss: 50700057.4837 | eps: 0.00 | P: 0.42 R: 0.97 F1: 0.82
2026-05-06 12:14:26 | DEBUG   | dpfl.core.base_simulator | Update norms — honest: ['0.02', '0.02', '0.02', '0.02', '0.02'], attacker: ['18508.48', '18704.56', '18515.82', '19239.95', '18544.88']
2026-05-06 12:14:28 | INFO    | dpfl.core.base_simulator | Round  63/150 | Acc: 0.7639 | Loss: 927678324.3399 | eps: 0.00 | P: 0.53 R: 0.98 F1: 0.91
2026-05-06 12:14:28 | DEBUG   | dpfl.core.base_simulator | Update norms — honest: ['0.03', '0.03', '0.02', '0.02', '0.02'], attacker: ['68785.04', '69224.84', '67846.25', '72029.80', '73869.40']
2026-05-06 12:14:30 | INFO    | dpfl.core.base_simulator | Round  64/150 | Acc: 0.7445 | Loss: 20415886721.8240 | eps: 0.00 | P: 0.54 R: 0.98 F1: 0.87
2026-05-06 12:14:30 | DEBUG   | dpfl.core.base_simulator | Update norms — honest: ['0.02', '0.02', '0.02', '0.02', '0.02'], attacker: ['301477.38', '304556.91', '296858.25', '297546.00', '296083.62']
2026-05-06 12:14:32 | INFO    | dpfl.core.base_simulator | Round  65/150 | Acc: 0.7187 | Loss: 347750133786.8703 | eps: 0.00 | P: 0.71 R: 0.98 F1: 0.91
2026-05-06 12:14:32 | DEBUG   | dpfl.core.base_simulator | Update norms — honest: ['0.02', '0.02', '0.02', '0.02', '0.02'], attacker: ['1130149.75', '1158349.50', '1201714.62', '1185285.25', '1159724.38']
2026-05-06 12:14:35 | INFO    | dpfl.core.base_simulator | Round  66/150 | Acc: 0.6981 | Loss: 5927468349200.4648 | eps: 0.00 | P: 0.63 R: 0.98 F1: 0.87
2026-05-06 12:14:35 | DEBUG   | dpfl.core.base_simulator | Update norms — honest: ['0.02', '586735.62', '569675.19', '0.02', '0.02'], attacker: ['4871473.00', '4758106.00', '4865078.50', '4785349.50', '4823490.50']
2026-05-06 12:14:37 | INFO    | dpfl.core.base_simulator | Round  67/150 | Acc: 0.6889 | Loss: 59211173025599.6172 | eps: 0.00 | P: 0.50 R: 0.98 F1: 0.87
2026-05-06 12:14:37 | DEBUG   | dpfl.core.base_simulator | Update norms — honest: ['0.02', '104745.50', '75169.00', '0.02', '0.02'], attacker: ['19480130.00', '17704284.00', '18707136.00', '18788094.00', '18661142.00']
2026-05-06 12:14:39 | INFO    | dpfl.core.base_simulator | Round  68/150 | Acc: 0.6742 | Loss: 1240634739404075.5000 | eps: 0.00 | P: 0.44 R: 0.97 F1: 0.81
2026-05-06 12:14:39 | DEBUG   | dpfl.core.base_simulator | Update norms — honest: ['0.02', '71172.94', '9499557.00', '0.02', '0.02'], attacker: ['77046560.00', '75614632.00', '74969704.00', '76274040.00', '75706384.00']
2026-05-06 12:14:41 | INFO    | dpfl.core.base_simulator | Round  69/150 | Acc: 0.6567 | Loss: 19842633695324264.0000 | eps: 0.00 | P: 0.56 R: 0.98 F1: 0.81
2026-05-06 12:14:41 | DEBUG   | dpfl.core.base_simulator | Update norms — honest: ['0.02', '73255.30', '1694589.88', '0.02', '0.02'], attacker: ['301160128.00', '281952640.00', '274938176.00', '284258656.00', '294681824.00']
2026-05-06 12:14:43 | INFO    | dpfl.core.base_simulator | Round  70/150 | Acc: 0.6615 | Loss: 126657137308305360.0000 | eps: 0.00 | P: 0.43 R: 0.99 F1: 0.98
2026-05-06 12:14:43 | DEBUG   | dpfl.core.base_simulator | Update norms — honest: ['0.02', '54631.68', '1419364.62', '0.02', '160107568.00'], attacker: ['1201279232.00', '1198159488.00', '1189740800.00', '1222899456.00', '1199859968.00']
2026-05-06 12:14:45 | INFO    | dpfl.core.base_simulator | Round  71/150 | Acc: 0.6694 | Loss: 1146181527637853952.0000 | eps: 0.00 | P: 0.33 R: 0.97 F1: 0.92
2026-05-06 12:14:45 | DEBUG   | dpfl.core.base_simulator | Update norms — honest: ['0.02', '52548.19', '1016109.38', '0.02', '837443264.00'], attacker: ['4450572800.00', '4501321216.00', '4549073408.00', '4482793984.00', '4799307264.00']
2026-05-06 12:14:47 | INFO    | dpfl.core.base_simulator | Round  72/150 | Acc: 0.6614 | Loss: 41441252940983476224.0000 | eps: 0.00 | P: 0.57 R: 0.98 F1: 0.77
2026-05-06 12:14:47 | DEBUG   | dpfl.core.base_simulator | Update norms — honest: ['0.02', '32807.42', '909399.75', '0.02', '155332384.00'], attacker: ['19495686144.00', '19430137856.00', '18901139456.00', '19263705088.00', '19160188928.00']
2026-05-06 12:14:49 | INFO    | dpfl.core.base_simulator | Round  73/150 | Acc: 0.6511 | Loss: 816709543762870140928.0000 | eps: 0.00 | P: 0.48 R: 0.98 F1: 0.93
2026-05-06 12:14:49 | DEBUG   | dpfl.core.base_simulator | Update norms — honest: ['0.02', '39896.90', '904845.56', '0.02', '163659760.00'], attacker: ['68928274432.00', '70925934592.00', '75098652672.00', '76156215296.00', '77770579968.00']
2026-05-06 12:14:51 | INFO    | dpfl.core.base_simulator | Round  74/150 | Acc: 0.6381 | Loss: 22819974949004835291136.0000 | eps: 0.00 | P: 0.50 R: 0.98 F1: 0.89
2026-05-06 12:14:51 | DEBUG   | dpfl.core.base_simulator | Update norms — honest: ['0.02', '24006.27', '741338.12', '0.02', '139748496.00'], attacker: ['313098502144.00', '314427637760.00', '311730634752.00', '317778001920.00', '317236969472.00']
2026-05-06 12:14:54 | INFO    | dpfl.core.base_simulator | Round  75/150 | Acc: 0.6327 | Loss: 315436407696943323545600.0000 | eps: 0.00 | P: 0.68 R: 0.98 F1: 0.86
2026-05-06 12:14:54 | DEBUG   | dpfl.core.base_simulator | Update norms — honest: ['0.02', '21352.97', '749862.19', '0.02', '113715632.00'], attacker: ['1168873881600.00', '1189033148416.00', '1148150874112.00', '1262239088640.00', '1267014041600.00']
2026-05-06 12:14:56 | INFO    | dpfl.core.base_simulator | Round  76/150 | Acc: 0.6323 | Loss: 4401222918828343949262848.0000 | eps: 0.00 | P: 0.55 R: 0.97 F1: 0.90
2026-05-06 12:14:56 | DEBUG   | dpfl.core.base_simulator | Update norms — honest: ['0.02', '21654.54', '508091.72', '0.02', '86316728.00'], attacker: ['5048774950912.00', '5076247117824.00', '4973714210816.00', '4968903868416.00', '5075634225152.00']
2026-05-06 12:14:58 | INFO    | dpfl.core.base_simulator | Round  77/150 | Acc: 0.6268 | Loss: 57401138287068480970686464.0000 | eps: 0.00 | P: 0.52 R: 0.98 F1: 0.89
2026-05-06 12:14:58 | DEBUG   | dpfl.core.base_simulator | Update norms — honest: ['0.02', '25401.46', '434697.72', '0.02', '61888872.00'], attacker: ['18221920944128.00', '18433152385024.00', '17405621305344.00', '17479868874752.00', '19494168690688.00']
2026-05-06 12:15:00 | INFO    | dpfl.core.base_simulator | Round  78/150 | Acc: 0.6248 | Loss: 807343013334642328290197504.0000 | eps: 0.00 | P: 0.33 R: 0.97 F1: 0.87
2026-05-06 12:15:00 | DEBUG   | dpfl.core.base_simulator | Update norms — honest: ['0.02', '18380.77', '352759.44', '0.02', '61884876.00'], attacker: ['79506538758144.00', '79011275341824.00', '78287548186624.00', '79466206330880.00', '81131294687232.00']
2026-05-06 12:15:02 | INFO    | dpfl.core.base_simulator | Round  79/150 | Acc: 0.6232 | Loss: 14809700619143600921756303360.0000 | eps: 0.00 | P: 0.75 R: 0.98 F1: 0.94
2026-05-06 12:15:02 | DEBUG   | dpfl.core.base_simulator | Update norms — honest: ['0.02', '19393.92', '201713.64', '0.02', '52565532.00'], attacker: ['289198468759552.00', '298249307029504.00', '292127032475648.00', '304988614033408.00', '321119873662976.00']
2026-05-06 12:15:04 | INFO    | dpfl.core.base_simulator | Round  80/150 | Acc: 0.6160 | Loss: 272836247338796895425861255168.0000 | eps: 0.00 | P: 0.54 R: 0.98 F1: 0.77
2026-05-06 12:15:04 | DEBUG   | dpfl.core.base_simulator | Update norms — honest: ['0.02', '158904914804736.00', '271369.94', '0.02', '50344072.00'], attacker: ['1297664507379712.00', '1304398345011200.00', '1283626675208192.00', '1316247354474496.00', '1310868176371712.00']
2026-05-06 12:15:06 | INFO    | dpfl.core.base_simulator | Round  81/150 | Acc: 0.6175 | Loss: 2926626469113276173109625356288.0000 | eps: 0.00 | P: 0.47 R: 0.99 F1: 0.84
2026-05-06 12:15:06 | DEBUG   | dpfl.core.base_simulator | Update norms — honest: ['0.02', '21957928026112.00', '217567.27', '0.02', '35528908.00'], attacker: ['4764174219476992.00', '4675489050394624.00', '5107152590995456.00', '5136073290153984.00', '4948915795263488.00']
2026-05-06 12:15:08 | INFO    | dpfl.core.base_simulator | Round  82/150 | Acc: 0.6071 | Loss: 80731158642345547464308292583424.0000 | eps: 0.00 | P: 0.70 R: 0.98 F1: 0.87
2026-05-06 12:15:08 | DEBUG   | dpfl.core.base_simulator | Update norms — honest: ['0.02', '2381673182265344.00', '156530.92', '0.02', '21085710.00'], attacker: ['20669356165824512.00', '20528337357111296.00', '20252737895661568.00', '21039734818078720.00', '21191890476990464.00']
2026-05-06 12:15:11 | INFO    | dpfl.core.base_simulator | Round  83/150 | Acc: 0.6063 | Loss: 314349194247302247660286631739392.0000 | eps: 0.00 | P: 0.55 R: 0.96 F1: 0.94
2026-05-06 12:15:11 | DEBUG   | dpfl.core.base_simulator | Update norms — honest: ['0.02', '388155488337920.00', '183182.20', '0.02', '22380238.00'], attacker: ['73435737374064640.00', '74237049422479360.00', '72770876436643840.00', '71857366957555712.00', '81545829629820928.00']
2026-05-06 12:15:13 | INFO    | dpfl.core.base_simulator | Round  84/150 | Acc: 0.6002 | Loss: inf | eps: 0.00 | P: 0.54 R: 0.98 F1: 0.86
2026-05-06 12:15:13 | DEBUG   | dpfl.core.base_simulator | Update norms — honest: ['0.02', '364878007107584.00', '198167.14', '0.02', '19289772.00'], attacker: ['323801741973782528.00', '323666330244874240.00', '328788783119990784.00', '339463700995899392.00', '330980693909700608.00']
2026-05-06 12:15:15 | INFO    | dpfl.core.base_simulator | Round  85/150 | Acc: 0.5887 | Loss: inf | eps: 0.00 | P: 0.76 R: 0.98 F1: 0.87
2026-05-06 12:15:15 | DEBUG   | dpfl.core.base_simulator | Update norms — honest: ['0.02', '222167618813952.00', '143366.14', '0.02', '14766820.00'], attacker: ['1220345756645326848.00', '1210311338652336128.00', '1171484834296496128.00', '1162827417178341376.00', '1310476573064822784.00']
2026-05-06 12:15:17 | INFO    | dpfl.core.base_simulator | Round  86/150 | Acc: 0.5990 | Loss: nan | eps: 0.00 | P: 0.35 R: 0.97 F1: 0.90
2026-05-06 12:15:17 | DEBUG   | dpfl.core.base_simulator | Update norms — honest: ['0.02', '186652265807872.00', '123117.33', '0.02', '21466398.00'], attacker: ['5241833724491857920.00', '5212024314995408896.00', '5201162789380423680.00', '5193565164032491520.00', '5227874324865613824.00']
2026-05-06 12:15:19 | INFO    | dpfl.core.base_simulator | Round  87/150 | Acc: 0.6034 | Loss: inf | eps: 0.00 | P: 0.59 R: 1.00 F1: 0.87
2026-05-06 12:15:19 | DEBUG   | dpfl.core.base_simulator | Update norms — honest: ['0.02', '2705396188898656256.00', '109407.95', '0.02', '12867744.00'], attacker: ['nan', 'nan', 'nan', 'nan', 'nan']
2026-05-06 12:15:21 | INFO    | dpfl.core.base_simulator | Round  88/150 | Acc: 0.6122 | Loss: inf | eps: 0.00 | P: 0.77 R: 1.00 F1: 0.91
2026-05-06 12:15:21 | DEBUG   | dpfl.core.base_simulator | Update norms — honest: ['0.02', '810692944183951360.00', '110968.09', '0.02', '9779559.00'], attacker: ['nan', 'nan', 'nan', 'nan', 'nan']
2026-05-06 12:15:23 | INFO    | dpfl.core.base_simulator | Round  89/150 | Acc: 0.6193 | Loss: inf | eps: 0.00 | P: 0.52 R: 1.00 F1: 0.93
2026-05-06 12:15:23 | DEBUG   | dpfl.core.base_simulator | Update norms — honest: ['0.02', '652226861622886400.00', '109363.17', '0.02', '13509571.00'], attacker: ['nan', 'nan', 'nan', 'nan', 'nan']
2026-05-06 12:15:26 | INFO    | dpfl.core.base_simulator | Round  90/150 | Acc: 0.6225 | Loss: inf | eps: 0.00 | P: 0.70 R: 1.00 F1: 0.90
2026-05-06 12:15:26 | DEBUG   | dpfl.core.base_simulator | Update norms — honest: ['0.02', '588826409825206272.00', '112463.41', '0.02', '14124786.00'], attacker: ['nan', 'nan', 'nan', 'nan', 'nan']
2026-05-06 12:15:28 | INFO    | dpfl.core.base_simulator | Round  91/150 | Acc: 0.6115 | Loss: inf | eps: 0.00 | P: 0.53 R: 1.00 F1: 0.85
2026-05-06 12:15:28 | DEBUG   | dpfl.core.base_simulator | Update norms — honest: ['0.02', '472384829908844544.00', '142015.27', '0.02', '12548348.00'], attacker: ['nan', 'nan', 'nan', 'nan', 'nan']
2026-05-06 12:15:30 | INFO    | dpfl.core.base_simulator | Round  92/150 | Acc: 0.6245 | Loss: inf | eps: 0.00 | P: 0.42 R: 1.00 F1: 0.78
2026-05-06 12:15:30 | DEBUG   | dpfl.core.base_simulator | Update norms — honest: ['0.02', '342613492571832320.00', '105428.48', '0.02', '9813120.00'], attacker: ['nan', 'nan', 'nan', 'nan', 'nan']
2026-05-06 12:15:32 | INFO    | dpfl.core.base_simulator | Round  93/150 | Acc: 0.6324 | Loss: inf | eps: 0.00 | P: 0.38 R: 1.00 F1: 0.82
2026-05-06 12:15:32 | DEBUG   | dpfl.core.base_simulator | Update norms — honest: ['0.02', '292816164273258496.00', '67563.82', '0.02', '11649537.00'], attacker: ['nan', 'nan', 'nan', 'nan', 'nan']
2026-05-06 12:15:34 | INFO    | dpfl.core.base_simulator | Round  94/150 | Acc: 0.6275 | Loss: inf | eps: 0.00 | P: 0.54 R: 1.00 F1: 0.92
2026-05-06 12:15:34 | DEBUG   | dpfl.core.base_simulator | Update norms — honest: ['0.02', '256352080908779520.00', '85363.98', '0.02', '7595925.50'], attacker: ['nan', 'nan', 'nan', 'nan', 'nan']
2026-05-06 12:15:36 | INFO    | dpfl.core.base_simulator | Round  95/150 | Acc: 0.6381 | Loss: inf | eps: 0.00 | P: 0.57 R: 1.00 F1: 0.95
2026-05-06 12:15:36 | DEBUG   | dpfl.core.base_simulator | Update norms — honest: ['0.02', '242795635114246144.00', '110162.38', '0.02', '10319161.00'], attacker: ['nan', 'nan', 'nan', 'nan', 'nan']
2026-05-06 12:15:38 | INFO    | dpfl.core.base_simulator | Round  96/150 | Acc: 0.6504 | Loss: inf | eps: 0.00 | P: 0.50 R: 1.00 F1: 0.86
2026-05-06 12:15:38 | DEBUG   | dpfl.core.base_simulator | Update norms — honest: ['0.02', '221596260656742400.00', '101818.65', '0.02', '10261268.00'], attacker: ['nan', 'nan', 'nan', 'nan', 'nan']
2026-05-06 12:15:40 | INFO    | dpfl.core.base_simulator | Round  97/150 | Acc: 0.6505 | Loss: inf | eps: 0.00 | P: 0.47 R: 1.00 F1: 0.72
2026-05-06 12:15:40 | DEBUG   | dpfl.core.base_simulator | Update norms — honest: ['0.02', '150368626099093504.00', '95795.81', '0.02', '7232476.50'], attacker: ['nan', 'nan', 'nan', 'nan', 'nan']
2026-05-06 12:15:43 | INFO    | dpfl.core.base_simulator | Round  98/150 | Acc: 0.6547 | Loss: inf | eps: 0.00 | P: 0.50 R: 1.00 F1: 0.88
2026-05-06 12:15:43 | DEBUG   | dpfl.core.base_simulator | Update norms — honest: ['0.02', '100768969375350784.00', '74671.46', '0.02', '8183246.00'], attacker: ['nan', 'nan', 'nan', 'nan', 'nan']
2026-05-06 12:15:45 | INFO    | dpfl.core.base_simulator | Round  99/150 | Acc: 0.6690 | Loss: inf | eps: 0.00 | P: 0.53 R: 1.00 F1: 0.91
2026-05-06 12:15:45 | DEBUG   | dpfl.core.base_simulator | Update norms — honest: ['0.02', '107485920269172736.00', '76660.12', '0.02', '7974934.00'], attacker: ['nan', 'nan', 'nan', 'nan', 'nan']
2026-05-06 12:15:47 | INFO    | dpfl.core.base_simulator | Round 100/150 | Acc: 0.6759 | Loss: inf | eps: 0.00 | P: 0.48 R: 1.00 F1: 0.88
2026-05-06 12:15:47 | DEBUG   | dpfl.core.base_simulator | Update norms — honest: ['0.02', '130989304162811904.00', '51402.99', '0.02', '7893312.00'], attacker: ['nan', 'nan', 'nan', 'nan', 'nan']
2026-05-06 12:15:49 | INFO    | dpfl.core.base_simulator | Round 101/150 | Acc: 0.6830 | Loss: inf | eps: 0.00 | P: 0.46 R: 1.00 F1: 0.88
2026-05-06 12:15:49 | DEBUG   | dpfl.core.base_simulator | Update norms — honest: ['0.02', '107148481868595200.00', '37403.16', '0.02', '5439119.00'], attacker: ['nan', 'nan', 'nan', 'nan', 'nan']
2026-05-06 12:15:51 | INFO    | dpfl.core.base_simulator | Round 102/150 | Acc: 0.6832 | Loss: inf | eps: 0.00 | P: 0.51 R: 1.00 F1: 0.81
2026-05-06 12:15:51 | DEBUG   | dpfl.core.base_simulator | Update norms — honest: ['0.02', '71976419156033536.00', '98117.09', '0.02', '6937249.50'], attacker: ['nan', 'nan', 'nan', 'nan', 'nan']
2026-05-06 12:15:53 | INFO    | dpfl.core.base_simulator | Round 103/150 | Acc: 0.6948 | Loss: inf | eps: 0.00 | P: 0.66 R: 1.00 F1: 0.92
2026-05-06 12:15:53 | DEBUG   | dpfl.core.base_simulator | Update norms — honest: ['0.02', '62824397899038720.00', '105261.81', '0.02', '5484189.50'], attacker: ['nan', 'nan', 'nan', 'nan', 'nan']
2026-05-06 12:15:55 | INFO    | dpfl.core.base_simulator | Round 104/150 | Acc: 0.6969 | Loss: inf | eps: 0.00 | P: 0.54 R: 1.00 F1: 0.83
2026-05-06 12:15:55 | DEBUG   | dpfl.core.base_simulator | Update norms — honest: ['0.02', '52961572439457792.00', '56203.98', '0.02', '5356813.50'], attacker: ['nan', 'nan', 'nan', 'nan', 'nan']
2026-05-06 12:15:58 | INFO    | dpfl.core.base_simulator | Round 105/150 | Acc: 0.7063 | Loss: inf | eps: 0.00 | P: 0.66 R: 1.00 F1: 0.89
2026-05-06 12:15:58 | DEBUG   | dpfl.core.base_simulator | Update norms — honest: ['0.02', '59028153615515648.00', '50675.93', '0.02', '5713208.50'], attacker: ['nan', 'nan', 'nan', 'nan', 'nan']
2026-05-06 12:16:00 | INFO    | dpfl.core.base_simulator | Round 106/150 | Acc: 0.7164 | Loss: inf | eps: 0.00 | P: 0.49 R: 1.00 F1: 0.92
2026-05-06 12:16:00 | DEBUG   | dpfl.core.base_simulator | Update norms — honest: ['0.02', '59184108173000704.00', '61179.54', '0.02', '5571823.00'], attacker: ['nan', 'nan', 'nan', 'nan', 'nan']
2026-05-06 12:16:02 | INFO    | dpfl.core.base_simulator | Round 107/150 | Acc: 0.7051 | Loss: inf | eps: 0.00 | P: 0.42 R: 1.00 F1: 0.83
2026-05-06 12:16:02 | DEBUG   | dpfl.core.base_simulator | Update norms — honest: ['0.02', '40812540183183360.00', '52835.65', '0.01', '5208341.50'], attacker: ['nan', 'nan', 'nan', 'nan', 'nan']
2026-05-06 12:16:04 | INFO    | dpfl.core.base_simulator | Round 108/150 | Acc: 0.7172 | Loss: inf | eps: 0.00 | P: 0.57 R: 1.00 F1: 0.86
2026-05-06 12:16:04 | DEBUG   | dpfl.core.base_simulator | Update norms — honest: ['0.02', '31547986488066048.00', '34631.38', '0.01', '4706576.00'], attacker: ['nan', 'nan', 'nan', 'nan', 'nan']
2026-05-06 12:16:06 | INFO    | dpfl.core.base_simulator | Round 109/150 | Acc: 0.7196 | Loss: inf | eps: 0.00 | P: 0.60 R: 1.00 F1: 0.94
2026-05-06 12:16:06 | DEBUG   | dpfl.core.base_simulator | Update norms — honest: ['0.02', '34742890252992512.00', '50386.24', '0.01', '6200823.00'], attacker: ['nan', 'nan', 'nan', 'nan', 'nan']
2026-05-06 12:16:08 | INFO    | dpfl.core.base_simulator | Round 110/150 | Acc: 0.7221 | Loss: inf | eps: 0.00 | P: 0.57 R: 1.00 F1: 0.87
2026-05-06 12:16:08 | DEBUG   | dpfl.core.base_simulator | Update norms — honest: ['0.02', '51737107328139264.00', '51407.05', '0.01', '7186917.00'], attacker: ['nan', 'nan', 'nan', 'nan', 'nan']
2026-05-06 12:16:10 | INFO    | dpfl.core.base_simulator | Round 111/150 | Acc: 0.7139 | Loss: inf | eps: 0.00 | P: 0.48 R: 1.00 F1: 0.82
2026-05-06 12:16:10 | DEBUG   | dpfl.core.base_simulator | Update norms — honest: ['0.02', '47272501708849152.00', '42644.16', '0.02', '6132857.50'], attacker: ['nan', 'nan', 'nan', 'nan', 'nan']
2026-05-06 12:16:12 | INFO    | dpfl.core.base_simulator | Round 112/150 | Acc: 0.7141 | Loss: inf | eps: 0.00 | P: 0.47 R: 1.00 F1: 0.80
2026-05-06 12:16:12 | DEBUG   | dpfl.core.base_simulator | Update norms — honest: ['0.02', '30410842356842496.00', '32332.72', '0.01', '3926698.50'], attacker: ['nan', 'nan', 'nan', 'nan', 'nan']
2026-05-06 12:16:15 | INFO    | dpfl.core.base_simulator | Round 113/150 | Acc: 0.7240 | Loss: inf | eps: 0.00 | P: 0.78 R: 1.00 F1: 0.94
2026-05-06 12:16:15 | DEBUG   | dpfl.core.base_simulator | Update norms — honest: ['0.02', '32314182883868672.00', '36042.95', '0.01', '3676577.00'], attacker: ['nan', 'nan', 'nan', 'nan', 'nan']
2026-05-06 12:16:17 | INFO    | dpfl.core.base_simulator | Round 114/150 | Acc: 0.7262 | Loss: inf | eps: 0.00 | P: 0.50 R: 1.00 F1: 0.75
2026-05-06 12:16:17 | DEBUG   | dpfl.core.base_simulator | Update norms — honest: ['0.02', '29794170952482816.00', '38771.93', '0.01', '3692576.25'], attacker: ['nan', 'nan', 'nan', 'nan', 'nan']
2026-05-06 12:16:19 | INFO    | dpfl.core.base_simulator | Round 115/150 | Acc: 0.7291 | Loss: inf | eps: 0.00 | P: 0.75 R: 1.00 F1: 0.93
2026-05-06 12:16:19 | DEBUG   | dpfl.core.base_simulator | Update norms — honest: ['0.01', '24023691264262144.00', '32412.31', '0.01', '3608678.50'], attacker: ['nan', 'nan', 'nan', 'nan', 'nan']
2026-05-06 12:16:21 | INFO    | dpfl.core.base_simulator | Round 116/150 | Acc: 0.7290 | Loss: inf | eps: 0.00 | P: 0.51 R: 1.00 F1: 0.92
2026-05-06 12:16:21 | DEBUG   | dpfl.core.base_simulator | Update norms — honest: ['0.01', '22241363588284416.00', '36107.21', '0.01', '4196732.50'], attacker: ['nan', 'nan', 'nan', 'nan', 'nan']
2026-05-06 12:16:23 | INFO    | dpfl.core.base_simulator | Round 117/150 | Acc: 0.7288 | Loss: inf | eps: 0.00 | P: 0.44 R: 1.00 F1: 0.71
2026-05-06 12:16:23 | DEBUG   | dpfl.core.base_simulator | Update norms — honest: ['0.02', '24156225365082112.00', '38648.22', '0.01', '4877997.00'], attacker: ['nan', 'nan', 'nan', 'nan', 'nan']
2026-05-06 12:16:25 | INFO    | dpfl.core.base_simulator | Round 118/150 | Acc: 0.7351 | Loss: inf | eps: 0.00 | P: 0.46 R: 1.00 F1: 0.89
2026-05-06 12:16:25 | DEBUG   | dpfl.core.base_simulator | Update norms — honest: ['0.02', '24500509943529472.00', '32823.81', '0.01', '4759164.00'], attacker: ['nan', 'nan', 'nan', 'nan', 'nan']
2026-05-06 12:16:27 | INFO    | dpfl.core.base_simulator | Round 119/150 | Acc: 0.7284 | Loss: inf | eps: 0.00 | P: 0.50 R: 1.00 F1: 0.82
2026-05-06 12:16:27 | DEBUG   | dpfl.core.base_simulator | Update norms — honest: ['0.01', '28106248805154816.00', '27395.19', '0.01', '3930545.75'], attacker: ['nan', 'nan', 'nan', 'nan', 'nan']
2026-05-06 12:16:30 | INFO    | dpfl.core.base_simulator | Round 120/150 | Acc: 0.7320 | Loss: inf | eps: 0.00 | P: 0.48 R: 1.00 F1: 0.88
2026-05-06 12:16:30 | DEBUG   | dpfl.core.base_simulator | Update norms — honest: ['0.01', '27288197121703936.00', '34728.95', '0.01', '3674052.75'], attacker: ['nan', 'nan', 'nan', 'nan', 'nan']
2026-05-06 12:16:32 | INFO    | dpfl.core.base_simulator | Round 121/150 | Acc: 0.7253 | Loss: inf | eps: 0.00 | P: 0.54 R: 1.00 F1: 0.84
2026-05-06 12:16:32 | DEBUG   | dpfl.core.base_simulator | Update norms — honest: ['0.02', '20373155893739520.00', '31866.15', '0.01', '4186334.75'], attacker: ['nan', 'nan', 'nan', 'nan', 'nan']
2026-05-06 12:16:34 | INFO    | dpfl.core.base_simulator | Round 122/150 | Acc: 0.7303 | Loss: inf | eps: 0.00 | P: 0.50 R: 1.00 F1: 0.86
2026-05-06 12:16:34 | DEBUG   | dpfl.core.base_simulator | Update norms — honest: ['0.01', '13050337585790976.00', '18462.48', '0.01', '3386530.00'], attacker: ['nan', 'nan', 'nan', 'nan', 'nan']
2026-05-06 12:16:36 | INFO    | dpfl.core.base_simulator | Round 123/150 | Acc: 0.7279 | Loss: inf | eps: 0.00 | P: 0.55 R: 1.00 F1: 0.86
2026-05-06 12:16:36 | DEBUG   | dpfl.core.base_simulator | Update norms — honest: ['0.01', '14001271262412800.00', '24934.98', '0.01', '2791465.00'], attacker: ['nan', 'nan', 'nan', 'nan', 'nan']
2026-05-06 12:16:38 | INFO    | dpfl.core.base_simulator | Round 124/150 | Acc: 0.7251 | Loss: 468429623011415909391406412595200.0000 | eps: 0.00 | P: 0.45 R: 1.00 F1: 0.86
2026-05-06 12:16:38 | DEBUG   | dpfl.core.base_simulator | Update norms — honest: ['0.01', '12704026856521728.00', '25578.86', '0.01', '4177050.25'], attacker: ['nan', 'nan', 'nan', 'nan', 'nan']
2026-05-06 12:16:40 | INFO    | dpfl.core.base_simulator | Round 125/150 | Acc: 0.7325 | Loss: 468530972973797666309595992162304.0000 | eps: 0.00 | P: 0.52 R: 1.00 F1: 0.97
2026-05-06 12:16:40 | DEBUG   | dpfl.core.base_simulator | Update norms — honest: ['0.01', '16184394549035008.00', '26964.55', '0.01', '3412485.00'], attacker: ['nan', 'nan', 'nan', 'nan', 'nan']
2026-05-06 12:16:42 | INFO    | dpfl.core.base_simulator | Round 126/150 | Acc: 0.7350 | Loss: 464577672960055266530151221952512.0000 | eps: 0.00 | P: 0.70 R: 1.00 F1: 0.93
2026-05-06 12:16:42 | DEBUG   | dpfl.core.base_simulator | Update norms — honest: ['0.01', '14877885898686464.00', '21106.98', '0.01', '3468321.00'], attacker: ['nan', 'nan', 'nan', 'nan', 'nan']
2026-05-06 12:16:44 | INFO    | dpfl.core.base_simulator | Round 127/150 | Acc: 0.7360 | Loss: inf | eps: 0.00 | P: 0.61 R: 1.00 F1: 0.89
2026-05-06 12:16:44 | DEBUG   | dpfl.core.base_simulator | Update norms — honest: ['0.01', '15805035120164864.00', '31232.31', '0.01', '2686814.75'], attacker: ['nan', 'nan', 'nan', 'nan', 'nan']
2026-05-06 12:16:46 | INFO    | dpfl.core.base_simulator | Round 128/150 | Acc: 0.7343 | Loss: 461111107804600109873030278152192.0000 | eps: 0.00 | P: 0.48 R: 1.00 F1: 0.86
2026-05-06 12:16:46 | DEBUG   | dpfl.core.base_simulator | Update norms — honest: ['0.01', '17030943340494848.00', '41194.72', '0.01', '2481423.25'], attacker: ['nan', 'nan', 'nan', 'nan', 'nan']
2026-05-06 12:16:48 | INFO    | dpfl.core.base_simulator | Round 129/150 | Acc: 0.7410 | Loss: 477563063279640296422089137586176.0000 | eps: 0.00 | P: 0.57 R: 1.00 F1: 0.83
2026-05-06 12:16:48 | DEBUG   | dpfl.core.base_simulator | Update norms — honest: ['0.01', '15330386473123840.00', '29193.31', '0.01', '2005270.25'], attacker: ['nan', 'nan', 'nan', 'nan', 'nan']
2026-05-06 12:16:51 | INFO    | dpfl.core.base_simulator | Round 130/150 | Acc: 0.7304 | Loss: 441263519936958562355536923197440.0000 | eps: 0.00 | P: 0.53 R: 1.00 F1: 0.86
2026-05-06 12:16:51 | DEBUG   | dpfl.core.base_simulator | Update norms — honest: ['0.01', '17154995954647040.00', '40964.55', '0.01', '3099805.50'], attacker: ['nan', 'nan', 'nan', 'nan', 'nan']
2026-05-06 12:16:53 | INFO    | dpfl.core.base_simulator | Round 131/150 | Acc: 0.7369 | Loss: 431327563742237534844664972050432.0000 | eps: 0.00 | P: 0.56 R: 1.00 F1: 0.94
2026-05-06 12:16:53 | DEBUG   | dpfl.core.base_simulator | Update norms — honest: ['0.01', '17344160273006592.00', '16515.90', '0.01', '2775204.75'], attacker: ['nan', 'nan', 'nan', 'nan', 'nan']
2026-05-06 12:16:55 | INFO    | dpfl.core.base_simulator | Round 132/150 | Acc: 0.7366 | Loss: 446815969329092128797531809251328.0000 | eps: 0.00 | P: 0.70 R: 1.00 F1: 0.85
2026-05-06 12:16:55 | DEBUG   | dpfl.core.base_simulator | Update norms — honest: ['0.01', '11314088466448384.00', '30886.05', '0.01', '2514866.75'], attacker: ['nan', 'nan', 'nan', 'nan', 'nan']
2026-05-06 12:16:57 | INFO    | dpfl.core.base_simulator | Round 133/150 | Acc: 0.7322 | Loss: 394792129456973104677930158522368.0000 | eps: 0.00 | P: 0.30 R: 1.00 F1: 0.75
2026-05-06 12:16:57 | DEBUG   | dpfl.core.base_simulator | Update norms — honest: ['0.01', '13508447387516928.00', '16452.20', '0.01', '2341535.75'], attacker: ['nan', 'nan', 'nan', 'nan', 'nan']
2026-05-06 12:16:59 | INFO    | dpfl.core.base_simulator | Round 134/150 | Acc: 0.7378 | Loss: 403010745052810071131469369049088.0000 | eps: 0.00 | P: 0.55 R: 1.00 F1: 0.91
2026-05-06 12:16:59 | DEBUG   | dpfl.core.base_simulator | Update norms — honest: ['0.01', '11120004263051264.00', '33961.12', '0.01', '4109574.50'], attacker: ['nan', 'nan', 'nan', 'nan', 'nan']
2026-05-06 12:17:01 | INFO    | dpfl.core.base_simulator | Round 135/150 | Acc: 0.7374 | Loss: 406209370594296552069711599239168.0000 | eps: 0.00 | P: 0.68 R: 1.00 F1: 0.92
2026-05-06 12:17:01 | DEBUG   | dpfl.core.base_simulator | Update norms — honest: ['0.01', '11298155211522048.00', '29708.30', '0.01', '3697146.75'], attacker: ['nan', 'nan', 'nan', 'nan', 'nan']
2026-05-06 12:17:03 | INFO    | dpfl.core.base_simulator | Round 136/150 | Acc: 0.7408 | Loss: 403604004724807937963567200862208.0000 | eps: 0.00 | P: 0.44 R: 1.00 F1: 0.89
2026-05-06 12:17:03 | DEBUG   | dpfl.core.base_simulator | Update norms — honest: ['0.01', '14949079276584960.00', '29708.78', '0.01', '1712557.12'], attacker: ['nan', 'nan', 'nan', 'nan', 'nan']
2026-05-06 12:17:05 | INFO    | dpfl.core.base_simulator | Round 137/150 | Acc: 0.7429 | Loss: 416096347314198094877688319705088.0000 | eps: 0.00 | P: 0.67 R: 1.00 F1: 0.95
2026-05-06 12:17:05 | DEBUG   | dpfl.core.base_simulator | Update norms — honest: ['0.01', '20276353773338624.00', '18932.28', '0.01', '2445132.50'], attacker: ['nan', 'nan', 'nan', 'nan', 'nan']
2026-05-06 12:17:07 | INFO    | dpfl.core.base_simulator | Round 138/150 | Acc: 0.7424 | Loss: 378094671699393871593675516018688.0000 | eps: 0.00 | P: 0.60 R: 1.00 F1: 0.86
2026-05-06 12:17:07 | DEBUG   | dpfl.core.base_simulator | Update norms — honest: ['0.01', '12068991245746176.00', '27415.80', '0.01', '2563056.75'], attacker: ['nan', 'nan', 'nan', 'nan', 'nan']
2026-05-06 12:17:10 | INFO    | dpfl.core.base_simulator | Round 139/150 | Acc: 0.7411 | Loss: 372803234170312522601176389124096.0000 | eps: 0.00 | P: 0.59 R: 1.00 F1: 0.91
2026-05-06 12:17:10 | DEBUG   | dpfl.core.base_simulator | Update norms — honest: ['0.01', '11977628701425664.00', '27227.79', '0.01', '2356092.50'], attacker: ['nan', 'nan', 'nan', 'nan', 'nan']
2026-05-06 12:17:12 | INFO    | dpfl.core.base_simulator | Round 140/150 | Acc: 0.7381 | Loss: 375380107762520362293741016317952.0000 | eps: 0.00 | P: 0.60 R: 1.00 F1: 0.91
2026-05-06 12:17:12 | DEBUG   | dpfl.core.base_simulator | Update norms — honest: ['0.01', '9639350794977280.00', '14412.85', '0.01', '2007314.62'], attacker: ['nan', 'nan', 'nan', 'nan', 'nan']
2026-05-06 12:17:14 | INFO    | dpfl.core.base_simulator | Round 141/150 | Acc: 0.7429 | Loss: 362768041761313703431394149007360.0000 | eps: 0.00 | P: 0.39 R: 1.00 F1: 0.89
2026-05-06 12:17:14 | DEBUG   | dpfl.core.base_simulator | Update norms — honest: ['0.01', '12549532587917312.00', '18833.37', '0.01', '2383187.75'], attacker: ['nan', 'nan', 'nan', 'nan', 'nan']
2026-05-06 12:17:16 | INFO    | dpfl.core.base_simulator | Round 142/150 | Acc: 0.7427 | Loss: 372443163801892474726030304608256.0000 | eps: 0.00 | P: 0.40 R: 1.00 F1: 0.80
2026-05-06 12:17:16 | DEBUG   | dpfl.core.base_simulator | Update norms — honest: ['0.01', '13796803975577600.00', '17446.88', '0.01', '1932132.62'], attacker: ['nan', 'nan', 'nan', 'nan', 'nan']
2026-05-06 12:17:18 | INFO    | dpfl.core.base_simulator | Round 143/150 | Acc: 0.7479 | Loss: 399548806078463033803553648934912.0000 | eps: 0.00 | P: 0.64 R: 1.00 F1: 0.85
2026-05-06 12:17:18 | DEBUG   | dpfl.core.base_simulator | Update norms — honest: ['0.01', '12258864233709568.00', '31376.36', '0.01', '1681452.00'], attacker: ['nan', 'nan', 'nan', 'nan', 'nan']
2026-05-06 12:17:20 | INFO    | dpfl.core.base_simulator | Round 144/150 | Acc: 0.7470 | Loss: 356491593294131349996334173126656.0000 | eps: 0.00 | P: 0.57 R: 1.00 F1: 0.81
2026-05-06 12:17:20 | DEBUG   | dpfl.core.base_simulator | Update norms — honest: ['0.01', '9663850362175488.00', '30931.17', '0.01', '1684226.75'], attacker: ['nan', 'nan', 'nan', 'nan', 'nan']
2026-05-06 12:17:22 | INFO    | dpfl.core.base_simulator | Round 145/150 | Acc: 0.7473 | Loss: 390363470556006018516370700894208.0000 | eps: 0.00 | P: 0.77 R: 1.00 F1: 0.91
2026-05-06 12:17:22 | DEBUG   | dpfl.core.base_simulator | Update norms — honest: ['0.01', '10128368255107072.00', '16151.07', '0.01', '1482230.50'], attacker: ['nan', 'nan', 'nan', 'nan', 'nan']
2026-05-06 12:17:24 | INFO    | dpfl.core.base_simulator | Round 146/150 | Acc: 0.7416 | Loss: 375351451684876483899774254186496.0000 | eps: 0.00 | P: 0.37 R: 1.00 F1: 0.83
2026-05-06 12:17:24 | DEBUG   | dpfl.core.base_simulator | Update norms — honest: ['0.01', '9211780358209536.00', '12288.44', '0.01', '1652287.75'], attacker: ['nan', 'nan', 'nan', 'nan', 'nan']
2026-05-06 12:17:26 | INFO    | dpfl.core.base_simulator | Round 147/150 | Acc: 0.7394 | Loss: 398256870178324164208087491674112.0000 | eps: 0.00 | P: 0.47 R: 1.00 F1: 0.78
2026-05-06 12:17:26 | DEBUG   | dpfl.core.base_simulator | Update norms — honest: ['0.01', '8279684945018880.00', '17328.23', '0.01', '1776806.75'], attacker: ['nan', 'nan', 'nan', 'nan', 'nan']
2026-05-06 12:17:28 | INFO    | dpfl.core.base_simulator | Round 148/150 | Acc: 0.7339 | Loss: 363039161668369303835574871785472.0000 | eps: 0.00 | P: 0.46 R: 1.00 F1: 0.87
2026-05-06 12:17:28 | DEBUG   | dpfl.core.base_simulator | Update norms — honest: ['0.01', '8345596050014208.00', '46992.02', '0.01', '1834207.00'], attacker: ['nan', 'nan', 'nan', 'nan', 'nan']
2026-05-06 12:17:31 | INFO    | dpfl.core.base_simulator | Round 149/150 | Acc: 0.7376 | Loss: 366144897820899634292327800897536.0000 | eps: 0.00 | P: 0.69 R: 1.00 F1: 0.93
2026-05-06 12:17:31 | DEBUG   | dpfl.core.base_simulator | Update norms — honest: ['0.01', '8636201590325248.00', '32944.31', '0.01', '1386956.88'], attacker: ['nan', 'nan', 'nan', 'nan', 'nan']
2026-05-06 12:17:33 | INFO    | dpfl.core.base_simulator | Round 150/150 | Acc: 0.7393 | Loss: 361820588034532395835350346366976.0000 | eps: 0.00 | P: 0.62 R: 1.00 F1: 0.93
2026-05-06 12:17:33 | DEBUG   | dpfl.core.base_simulator | Update norms — honest: ['0.01', '9510298838892544.00', '17949.42', '0.01', '1831363.75'], attacker: ['nan', 'nan', 'nan', 'nan', 'nan']
2026-05-06 12:17:34 | INFO    | dpfl | Experiment complete in 366.6s
============================================================
REPORT: DP-SGD Decentralized Federated Learning
============================================================
Timestamp:                  20260506_121126
Rounds completed:           150
Attack-active rounds:       100  (from round 50)
Final accuracy:             0.7393
Final test loss:            361820588034532395835350346366976.0000
Final epsilon:              0.00
Best alpha:                 None
Avg precision:              0.5449
Avg recall:                 0.9926
Avg F1 score:               0.8741
Avg update norm (honest):   1397066562760284.0000
Avg update norm (attacker): nan
============================================================
