2026-05-07 16:12:01 | INFO    | dpfl | Experiment start: algorithm=noise_game, dataset=mnist, model=mlp, device=cuda
2026-05-07 16:12:01 | INFO    | dpfl | Config: nodes=500, attackers=200, rounds=150, noise_mode=none, attack=scale
2026-05-07 16:12:01 | INFO    | dpfl.data.mnist_dataset | Loading MNIST dataset...
2026-05-07 16:12:01 | INFO    | dpfl.data.mnist_dataset | MNIST loaded: 60000 train, 10000 test samples
2026-05-07 16:12:56 | INFO    | dpfl.core.base_simulator | Vectorized state ready: param_spec.D=50890, X_test=(10000, 1, 28, 28), train clients N=500, max_n_samples=1000
2026-05-07 16:12:56 | INFO    | dpfl.core.base_simulator | Setup complete: 500 nodes (200 attackers), param_dim=50890, split=iid
2026-05-07 16:12:56 | DEBUG   | dpfl.core.base_simulator | Attacker IDs: {0, 1, 2, 3, 4, 5, 6, 7, 8, 9, 10, 11, 12, 13, 14, 15, 16, 17, 18, 19, 20, 21, 22, 23, 24, 25, 26, 27, 28, 29, 30, 31, 32, 33, 34, 35, 36, 37, 38, 39, 40, 41, 42, 43, 44, 45, 46, 47, 48, 49, 50, 51, 52, 53, 54, 55, 56, 57, 58, 59, 60, 61, 62, 63, 64, 65, 66, 67, 68, 69, 70, 71, 72, 73, 74, 75, 76, 77, 78, 79, 80, 81, 82, 83, 84, 85, 86, 87, 88, 89, 90, 91, 92, 93, 94, 95, 96, 97, 98, 99, 100, 101, 102, 103, 104, 105, 106, 107, 108, 109, 110, 111, 112, 113, 114, 115, 116, 117, 118, 119, 120, 121, 122, 123, 124, 125, 126, 127, 128, 129, 130, 131, 132, 133, 134, 135, 136, 137, 138, 139, 140, 141, 142, 143, 144, 145, 146, 147, 148, 149, 150, 151, 152, 153, 154, 155, 156, 157, 158, 159, 160, 161, 162, 163, 164, 165, 166, 167, 168, 169, 170, 171, 172, 173, 174, 175, 176, 177, 178, 179, 180, 181, 182, 183, 184, 185, 186, 187, 188, 189, 190, 191, 192, 193, 194, 195, 196, 197, 198, 199}
2026-05-07 16:13:00 | INFO    | dpfl.core.base_simulator | Round   1/150 | Acc: 0.3800 | Loss: 2.0956 | eps_max: 0.63 eps_avg: 0.26 | P: 0.00 R: nan F1: nan
2026-05-07 16:13:00 | DEBUG   | dpfl.core.base_simulator | Update norms — honest: ['1.01', '1.01', '1.02', '1.01', '1.02'], attacker: ['1.01', '1.02', '1.02', '1.02', '1.01']
2026-05-07 16:13:04 | INFO    | dpfl.core.base_simulator | Round   2/150 | Acc: 0.5531 | Loss: 1.8909 | eps_max: 0.67 eps_avg: 0.29 | P: 0.00 R: nan F1: nan
2026-05-07 16:13:04 | DEBUG   | dpfl.core.base_simulator | Update norms — honest: ['1.01', '1.00', '1.01', '1.00', '1.00'], attacker: ['1.82', '1.82', '1.84', '1.82', '1.82']
2026-05-07 16:13:08 | INFO    | dpfl.core.base_simulator | Round   3/150 | Acc: 0.6493 | Loss: 1.6806 | eps_max: 0.72 eps_avg: 0.32 | P: 0.00 R: nan F1: nan
2026-05-07 16:13:08 | DEBUG   | dpfl.core.base_simulator | Update norms — honest: ['1.00', '0.99', '0.99', '1.00', '0.99'], attacker: ['2.74', '2.76', '2.76', '2.74', '2.73']
2026-05-07 16:13:12 | INFO    | dpfl.core.base_simulator | Round   4/150 | Acc: 0.7086 | Loss: 1.4807 | eps_max: 0.76 eps_avg: 0.36 | P: 0.00 R: nan F1: nan
2026-05-07 16:13:12 | DEBUG   | dpfl.core.base_simulator | Update norms — honest: ['0.99', '0.98', '0.99', '0.98', '0.99'], attacker: ['3.55', '3.53', '3.56', '3.58', '3.52']
2026-05-07 16:13:16 | INFO    | dpfl.core.base_simulator | Round   5/150 | Acc: 0.7502 | Loss: 1.3002 | eps_max: 0.79 eps_avg: 0.40 | P: 0.00 R: nan F1: nan
2026-05-07 16:13:16 | DEBUG   | dpfl.core.base_simulator | Update norms — honest: ['0.98', '0.97', '0.98', '0.97', '0.97'], attacker: ['4.37', '4.40', '4.33', '4.38', '4.37']
2026-05-07 16:13:20 | INFO    | dpfl.core.base_simulator | Round   6/150 | Acc: 0.7786 | Loss: 1.1463 | eps_max: 0.80 eps_avg: 0.42 | P: 0.00 R: nan F1: nan
2026-05-07 16:13:20 | DEBUG   | dpfl.core.base_simulator | Update norms — honest: ['0.96', '1.84', '1.82', '0.96', '1.84'], attacker: ['5.11', '5.16', '5.16', '5.12', '5.10']
2026-05-07 16:13:24 | INFO    | dpfl.core.base_simulator | Round   7/150 | Acc: 0.7987 | Loss: 1.0201 | eps_max: 0.81 eps_avg: 0.44 | P: 0.00 R: nan F1: nan
2026-05-07 16:13:24 | DEBUG   | dpfl.core.base_simulator | Update norms — honest: ['1.84', '0.95', '1.72', '0.96', '0.95'], attacker: ['5.85', '5.83', '5.80', '5.90', '5.70']
2026-05-07 16:13:28 | INFO    | dpfl.core.base_simulator | Round   8/150 | Acc: 0.8130 | Loss: 0.9194 | eps_max: 0.82 eps_avg: 0.46 | P: 0.00 R: nan F1: nan
2026-05-07 16:13:28 | DEBUG   | dpfl.core.base_simulator | Update norms — honest: ['0.95', '1.69', '1.55', '0.95', '0.94'], attacker: ['6.49', '6.43', '6.56', '6.58', '6.27']
2026-05-07 16:13:32 | INFO    | dpfl.core.base_simulator | Round   9/150 | Acc: 0.8232 | Loss: 0.8401 | eps_max: 0.83 eps_avg: 0.49 | P: 0.00 R: nan F1: nan
2026-05-07 16:13:32 | DEBUG   | dpfl.core.base_simulator | Update norms — honest: ['0.94', '0.94', '1.77', '2.64', '0.94'], attacker: ['7.23', '7.12', '7.06', '7.14', '7.09']
2026-05-07 16:13:36 | INFO    | dpfl.core.base_simulator | Round  10/150 | Acc: 0.8312 | Loss: 0.7766 | eps_max: 0.85 eps_avg: 0.51 | P: 0.00 R: nan F1: nan
2026-05-07 16:13:36 | DEBUG   | dpfl.core.base_simulator | Update norms — honest: ['1.72', '0.92', '1.46', '0.92', '1.48'], attacker: ['7.69', '7.82', '7.65', '7.83', '7.83']
2026-05-07 16:13:40 | INFO    | dpfl.core.base_simulator | Round  11/150 | Acc: 0.8372 | Loss: 0.7260 | eps_max: 0.86 eps_avg: 0.53 | P: 0.00 R: nan F1: nan
2026-05-07 16:13:40 | DEBUG   | dpfl.core.base_simulator | Update norms — honest: ['0.92', '0.92', '1.73', '0.93', '0.92'], attacker: ['8.36', '8.05', '8.43', '8.27', '8.39']
2026-05-07 16:13:45 | INFO    | dpfl.core.base_simulator | Round  12/150 | Acc: 0.8422 | Loss: 0.6850 | eps_max: 0.88 eps_avg: 0.55 | P: 0.00 R: nan F1: nan
2026-05-07 16:13:45 | DEBUG   | dpfl.core.base_simulator | Update norms — honest: ['0.91', '1.69', '1.73', '0.91', '2.63'], attacker: ['8.86', '8.66', '8.86', '8.84', '8.84']
2026-05-07 16:13:49 | INFO    | dpfl.core.base_simulator | Round  13/150 | Acc: 0.8465 | Loss: 0.6506 | eps_max: 0.90 eps_avg: 0.57 | P: 0.00 R: nan F1: nan
2026-05-07 16:13:49 | DEBUG   | dpfl.core.base_simulator | Update norms — honest: ['2.51', '0.90', '2.92', '2.64', '1.68'], attacker: ['9.23', '9.31', '9.18', '9.31', '9.34']
2026-05-07 16:13:53 | INFO    | dpfl.core.base_simulator | Round  14/150 | Acc: 0.8498 | Loss: 0.6226 | eps_max: 0.92 eps_avg: 0.58 | P: 0.00 R: nan F1: nan
2026-05-07 16:13:53 | DEBUG   | dpfl.core.base_simulator | Update norms — honest: ['1.52', '1.70', '0.89', '0.89', '1.65'], attacker: ['9.54', '9.53', '9.91', '9.74', '9.66']
2026-05-07 16:13:57 | INFO    | dpfl.core.base_simulator | Round  15/150 | Acc: 0.8533 | Loss: 0.5978 | eps_max: 0.94 eps_avg: 0.59 | P: 0.00 R: nan F1: nan
2026-05-07 16:13:57 | DEBUG   | dpfl.core.base_simulator | Update norms — honest: ['1.50', '0.88', '3.40', '0.89', '0.88'], attacker: ['10.29', '9.97', '9.94', '10.09', '10.13']
2026-05-07 16:14:01 | INFO    | dpfl.core.base_simulator | Round  16/150 | Acc: 0.8560 | Loss: 0.5772 | eps_max: 0.95 eps_avg: 0.61 | P: 0.00 R: nan F1: nan
2026-05-07 16:14:01 | DEBUG   | dpfl.core.base_simulator | Update norms — honest: ['1.43', '1.67', '3.35', '2.51', '0.87'], attacker: ['10.35', '10.53', '10.10', '10.56', '10.65']
2026-05-07 16:14:06 | INFO    | dpfl.core.base_simulator | Round  17/150 | Acc: 0.8584 | Loss: 0.5591 | eps_max: 0.97 eps_avg: 0.62 | P: 0.00 R: nan F1: nan
2026-05-07 16:14:06 | DEBUG   | dpfl.core.base_simulator | Update norms — honest: ['1.62', '2.60', '3.26', '0.87', '2.44'], attacker: ['10.63', '10.41', '10.49', '10.81', '10.93']
2026-05-07 16:14:10 | INFO    | dpfl.core.base_simulator | Round  18/150 | Acc: 0.8605 | Loss: 0.5434 | eps_max: 0.99 eps_avg: 0.64 | P: 0.00 R: nan F1: nan
2026-05-07 16:14:10 | DEBUG   | dpfl.core.base_simulator | Update norms — honest: ['2.28', '2.62', '0.86', '1.61', '1.54'], attacker: ['9.98', '9.33', '10.36', '10.70', '10.71']
2026-05-07 16:14:15 | INFO    | dpfl.core.base_simulator | Round  19/150 | Acc: 0.8624 | Loss: 0.5297 | eps_max: 1.01 eps_avg: 0.66 | P: 0.00 R: nan F1: nan
2026-05-07 16:14:15 | DEBUG   | dpfl.core.base_simulator | Update norms — honest: ['0.85', '3.23', '0.85', '1.56', '0.85'], attacker: ['10.97', '10.72', '10.25', '11.59', '10.70']
2026-05-07 16:14:19 | INFO    | dpfl.core.base_simulator | Round  20/150 | Acc: 0.8641 | Loss: 0.5177 | eps_max: 1.04 eps_avg: 0.67 | P: 0.00 R: nan F1: nan
2026-05-07 16:14:19 | DEBUG   | dpfl.core.base_simulator | Update norms — honest: ['2.31', '3.12', '2.95', '2.04', '0.84'], attacker: ['11.51', '11.88', '11.53', '11.30', '11.23']
2026-05-07 16:14:23 | INFO    | dpfl.core.base_simulator | Round  21/150 | Acc: 0.8657 | Loss: 0.5067 | eps_max: 1.07 eps_avg: 0.69 | P: 0.00 R: nan F1: nan
2026-05-07 16:14:23 | DEBUG   | dpfl.core.base_simulator | Update norms — honest: ['0.83', '0.83', '3.20', '1.29', '1.50'], attacker: ['11.31', '11.68', '12.04', '11.26', '11.64']
2026-05-07 16:14:27 | INFO    | dpfl.core.base_simulator | Round  22/150 | Acc: 0.8670 | Loss: 0.4970 | eps_max: 1.09 eps_avg: 0.70 | P: 0.00 R: nan F1: nan
2026-05-07 16:14:27 | DEBUG   | dpfl.core.base_simulator | Update norms — honest: ['2.30', '1.49', '1.22', '2.04', '0.82'], attacker: ['11.59', '11.63', '12.36', '11.35', '11.60']
2026-05-07 16:14:32 | INFO    | dpfl.core.base_simulator | Round  23/150 | Acc: 0.8681 | Loss: 0.4888 | eps_max: 1.11 eps_avg: 0.72 | P: 0.00 R: nan F1: nan
2026-05-07 16:14:32 | DEBUG   | dpfl.core.base_simulator | Update norms — honest: ['1.45', '2.03', '3.76', '1.51', '1.52'], attacker: ['11.64', '11.57', '12.44', '12.02', '11.23']
2026-05-07 16:14:36 | INFO    | dpfl.core.base_simulator | Round  24/150 | Acc: 0.8690 | Loss: 0.4812 | eps_max: 1.14 eps_avg: 0.74 | P: 0.00 R: nan F1: nan
2026-05-07 16:14:36 | DEBUG   | dpfl.core.base_simulator | Update norms — honest: ['3.89', '1.08', '2.37', '2.95', '0.81'], attacker: ['11.16', '12.28', '12.80', '12.30', '11.74']
2026-05-07 16:14:40 | INFO    | dpfl.core.base_simulator | Round  25/150 | Acc: 0.8700 | Loss: 0.4739 | eps_max: 1.17 eps_avg: 0.75 | P: 0.00 R: nan F1: nan
2026-05-07 16:14:40 | DEBUG   | dpfl.core.base_simulator | Update norms — honest: ['3.79', '2.22', '0.80', '1.42', '1.39'], attacker: ['11.39', '12.40', '11.97', '12.32', '11.62']
2026-05-07 16:14:44 | INFO    | dpfl.core.base_simulator | Round  26/150 | Acc: 0.8712 | Loss: 0.4672 | eps_max: 1.19 eps_avg: 0.77 | P: 0.00 R: nan F1: nan
2026-05-07 16:14:44 | DEBUG   | dpfl.core.base_simulator | Update norms — honest: ['0.79', '1.30', '1.52', '2.07', '0.79'], attacker: ['11.97', '12.99', '11.85', '10.22', '10.90']
2026-05-07 16:14:49 | INFO    | dpfl.core.base_simulator | Round  27/150 | Acc: 0.8719 | Loss: 0.4615 | eps_max: 1.20 eps_avg: 0.79 | P: 0.00 R: nan F1: nan
2026-05-07 16:14:49 | DEBUG   | dpfl.core.base_simulator | Update norms — honest: ['2.22', '1.03', '3.33', '2.05', '0.78'], attacker: ['11.61', '12.30', '11.28', '11.10', '12.17']
2026-05-07 16:14:53 | INFO    | dpfl.core.base_simulator | Round  28/150 | Acc: 0.8725 | Loss: 0.4564 | eps_max: 1.22 eps_avg: 0.81 | P: 0.00 R: nan F1: nan
2026-05-07 16:14:53 | DEBUG   | dpfl.core.base_simulator | Update norms — honest: ['1.18', '0.77', '0.78', '2.19', '2.70'], attacker: ['11.23', '11.79', '11.17', '12.44', '11.18']
2026-05-07 16:14:57 | INFO    | dpfl.core.base_simulator | Round  29/150 | Acc: 0.8733 | Loss: 0.4516 | eps_max: 1.23 eps_avg: 0.83 | P: 0.00 R: nan F1: nan
2026-05-07 16:14:57 | DEBUG   | dpfl.core.base_simulator | Update norms — honest: ['4.01', '0.77', '2.38', '3.07', '2.18'], attacker: ['11.25', '12.31', '10.17', '12.35', '11.46']
2026-05-07 16:15:02 | INFO    | dpfl.core.base_simulator | Round  30/150 | Acc: 0.8742 | Loss: 0.4466 | eps_max: 1.24 eps_avg: 0.84 | P: 0.00 R: nan F1: nan
2026-05-07 16:15:02 | DEBUG   | dpfl.core.base_simulator | Update norms — honest: ['0.96', '2.41', '1.39', '2.50', '0.76'], attacker: ['11.48', '12.16', '11.04', '11.85', '10.14']
2026-05-07 16:15:06 | INFO    | dpfl.core.base_simulator | Round  31/150 | Acc: 0.8746 | Loss: 0.4428 | eps_max: 1.26 eps_avg: 0.86 | P: 0.00 R: nan F1: nan
2026-05-07 16:15:06 | DEBUG   | dpfl.core.base_simulator | Update norms — honest: ['2.23', '1.17', '3.04', '0.75', '0.90'], attacker: ['12.44', '12.06', '10.11', '11.87', '10.19']
2026-05-07 16:15:11 | INFO    | dpfl.core.base_simulator | Round  32/150 | Acc: 0.8751 | Loss: 0.4390 | eps_max: 1.27 eps_avg: 0.88 | P: 0.00 R: nan F1: nan
2026-05-07 16:15:11 | DEBUG   | dpfl.core.base_simulator | Update norms — honest: ['1.34', '1.48', '2.09', '0.74', '2.41'], attacker: ['12.17', '12.12', '10.37', '13.21', '10.71']
2026-05-07 16:15:15 | INFO    | dpfl.core.base_simulator | Round  33/150 | Acc: 0.8757 | Loss: 0.4354 | eps_max: 1.28 eps_avg: 0.89 | P: 0.00 R: nan F1: nan
2026-05-07 16:15:15 | DEBUG   | dpfl.core.base_simulator | Update norms — honest: ['1.91', '0.74', '3.05', '1.39', '3.18'], attacker: ['12.15', '10.35', '10.75', '12.24', '11.74']
2026-05-07 16:15:19 | INFO    | dpfl.core.base_simulator | Round  34/150 | Acc: 0.8761 | Loss: 0.4322 | eps_max: 1.29 eps_avg: 0.91 | P: 0.00 R: nan F1: nan
2026-05-07 16:15:19 | DEBUG   | dpfl.core.base_simulator | Update norms — honest: ['2.12', '2.37', '0.73', '1.20', '0.73'], attacker: ['11.38', '10.78', '11.89', '11.03', '12.02']
2026-05-07 16:15:23 | INFO    | dpfl.core.base_simulator | Round  35/150 | Acc: 0.8762 | Loss: 0.4302 | eps_max: 1.30 eps_avg: 0.92 | P: 0.00 R: nan F1: nan
2026-05-07 16:15:23 | DEBUG   | dpfl.core.base_simulator | Update norms — honest: ['1.43', '2.10', '0.72', '1.31', '1.99'], attacker: ['11.19', '11.58', '10.35', '11.47', '11.72']
2026-05-07 16:15:28 | INFO    | dpfl.core.base_simulator | Round  36/150 | Acc: 0.8768 | Loss: 0.4271 | eps_max: 1.32 eps_avg: 0.93 | P: 0.00 R: nan F1: nan
2026-05-07 16:15:28 | DEBUG   | dpfl.core.base_simulator | Update norms — honest: ['1.42', '1.20', '3.49', '1.93', '0.72'], attacker: ['11.65', '10.47', '10.63', '12.10', '10.53']
2026-05-07 16:15:32 | INFO    | dpfl.core.base_simulator | Round  37/150 | Acc: 0.8773 | Loss: 0.4241 | eps_max: 1.33 eps_avg: 0.95 | P: 0.00 R: nan F1: nan
2026-05-07 16:15:32 | DEBUG   | dpfl.core.base_simulator | Update norms — honest: ['0.71', '0.87', '2.01', '1.15', '2.06'], attacker: ['11.70', '10.92', '9.71', '10.87', '9.13']
2026-05-07 16:15:36 | INFO    | dpfl.core.base_simulator | Round  38/150 | Acc: 0.8776 | Loss: 0.4219 | eps_max: 1.34 eps_avg: 0.96 | P: 0.00 R: nan F1: nan
2026-05-07 16:15:36 | DEBUG   | dpfl.core.base_simulator | Update norms — honest: ['3.90', '0.93', '3.46', '2.56', '1.29'], attacker: ['11.55', '11.93', '10.88', '11.62', '9.55']
2026-05-07 16:15:40 | INFO    | dpfl.core.base_simulator | Round  39/150 | Acc: 0.8776 | Loss: 0.4206 | eps_max: 1.36 eps_avg: 0.97 | P: 0.00 R: nan F1: nan
2026-05-07 16:15:40 | DEBUG   | dpfl.core.base_simulator | Update norms — honest: ['0.70', '3.28', '4.29', '1.15', '1.25'], attacker: ['8.74', '9.67', '9.96', '11.87', '11.95']
2026-05-07 16:15:44 | INFO    | dpfl.core.base_simulator | Round  40/150 | Acc: 0.8780 | Loss: 0.4181 | eps_max: 1.37 eps_avg: 0.98 | P: 0.00 R: nan F1: nan
2026-05-07 16:15:44 | DEBUG   | dpfl.core.base_simulator | Update norms — honest: ['1.95', '2.11', '0.69', '2.71', '1.77'], attacker: ['10.25', '10.62', '10.50', '11.53', '11.27']
2026-05-07 16:15:49 | INFO    | dpfl.core.base_simulator | Round  41/150 | Acc: 0.8782 | Loss: 0.4164 | eps_max: 1.40 eps_avg: 1.00 | P: 0.00 R: nan F1: nan
2026-05-07 16:15:49 | DEBUG   | dpfl.core.base_simulator | Update norms — honest: ['4.49', '1.95', '2.35', '1.72', '3.41'], attacker: ['12.19', '11.34', '10.61', '9.95', '9.51']
2026-05-07 16:15:53 | INFO    | dpfl.core.base_simulator | Round  42/150 | Acc: 0.8780 | Loss: 0.4161 | eps_max: 1.42 eps_avg: 1.01 | P: 0.00 R: nan F1: nan
2026-05-07 16:15:53 | DEBUG   | dpfl.core.base_simulator | Update norms — honest: ['2.23', '3.42', '1.96', '2.05', '1.01'], attacker: ['9.98', '12.19', '10.46', '10.90', '9.20']
2026-05-07 16:15:58 | INFO    | dpfl.core.base_simulator | Round  43/150 | Acc: 0.8785 | Loss: 0.4140 | eps_max: 1.44 eps_avg: 1.02 | P: 0.00 R: nan F1: nan
2026-05-07 16:15:58 | DEBUG   | dpfl.core.base_simulator | Update norms — honest: ['2.36', '2.21', '1.26', '3.04', '1.83'], attacker: ['9.53', '11.37', '9.29', '12.51', '8.76']
2026-05-07 16:16:02 | INFO    | dpfl.core.base_simulator | Round  44/150 | Acc: 0.8784 | Loss: 0.4132 | eps_max: 1.46 eps_avg: 1.04 | P: 0.00 R: nan F1: nan
2026-05-07 16:16:02 | DEBUG   | dpfl.core.base_simulator | Update norms — honest: ['1.73', '4.22', '2.72', '1.67', '2.51'], attacker: ['9.00', '10.76', '10.58', '10.26', '9.64']
2026-05-07 16:16:06 | INFO    | dpfl.core.base_simulator | Round  45/150 | Acc: 0.8785 | Loss: 0.4120 | eps_max: 1.47 eps_avg: 1.05 | P: 0.00 R: nan F1: nan
2026-05-07 16:16:06 | DEBUG   | dpfl.core.base_simulator | Update norms — honest: ['3.42', '0.66', '1.81', '4.51', '1.23'], attacker: ['9.99', '9.72', '10.49', '9.70', '8.51']
2026-05-07 16:16:11 | INFO    | dpfl.core.base_simulator | Round  46/150 | Acc: 0.8783 | Loss: 0.4117 | eps_max: 1.49 eps_avg: 1.06 | P: 0.00 R: nan F1: nan
2026-05-07 16:16:11 | DEBUG   | dpfl.core.base_simulator | Update norms — honest: ['1.97', '2.46', '3.21', '3.06', '2.91'], attacker: ['9.63', '10.47', '10.14', '9.15', '6.80']
2026-05-07 16:16:16 | INFO    | dpfl.core.base_simulator | Round  47/150 | Acc: 0.8786 | Loss: 0.4101 | eps_max: 1.54 eps_avg: 1.08 | P: 0.00 R: nan F1: nan
2026-05-07 16:16:16 | DEBUG   | dpfl.core.base_simulator | Update norms — honest: ['2.59', '2.47', '2.86', '3.09', '1.90'], attacker: ['6.81', '11.01', '11.24', '9.18', '9.23']
2026-05-07 16:16:20 | INFO    | dpfl.core.base_simulator | Round  48/150 | Acc: 0.8783 | Loss: 0.4105 | eps_max: 1.59 eps_avg: 1.09 | P: 0.00 R: nan F1: nan
2026-05-07 16:16:20 | DEBUG   | dpfl.core.base_simulator | Update norms — honest: ['1.15', '4.55', '4.13', '0.63', '2.75'], attacker: ['6.80', '11.15', '9.45', '7.74', '8.24']
2026-05-07 16:16:25 | INFO    | dpfl.core.base_simulator | Round  49/150 | Acc: 0.8786 | Loss: 0.4090 | eps_max: 1.59 eps_avg: 1.10 | P: 0.00 R: nan F1: nan
2026-05-07 16:16:25 | DEBUG   | dpfl.core.base_simulator | Update norms — honest: ['2.75', '4.33', '1.23', '2.04', '1.05'], attacker: ['9.08', '10.01', '8.21', '5.85', '4.26']
2026-05-07 16:16:29 | INFO    | dpfl.core.base_simulator | Round  50/150 | Acc: 0.8788 | Loss: 0.4079 | eps_max: 1.59 eps_avg: 1.10 | P: 0.00 R: nan F1: nan
2026-05-07 16:16:29 | DEBUG   | dpfl.core.base_simulator | Update norms — honest: ['4.64', '1.16', '1.59', '2.64', '3.81'], attacker: ['7.16', '10.17', '6.91', '7.62', '6.19']
2026-05-07 16:16:31 | INFO    | dpfl.core.base_simulator | Round  51/150 | Acc: 0.8785 | Loss: 0.4081 | eps_max: 1.79 eps_avg: 0.91 | P: 0.68 R: 1.00 F1: 0.86
2026-05-07 16:16:31 | DEBUG   | dpfl.core.base_simulator | Update norms — honest: ['2.22', '1.25', '2.05', '3.20', '0.62'], attacker: ['8.27', '9.15', '8.85', '9.58', '7.57']
2026-05-07 16:16:33 | INFO    | dpfl.core.base_simulator | Round  52/150 | Acc: 0.8787 | Loss: 0.4074 | eps_max: 1.80 eps_avg: 0.93 | P: 0.60 R: 1.00 F1: 0.97
2026-05-07 16:16:33 | DEBUG   | dpfl.core.base_simulator | Update norms — honest: ['1.69', '6.02', '2.22', '1.22', '2.48'], attacker: ['8.57', '9.63', '8.74', '8.92', '7.58']
2026-05-07 16:16:36 | INFO    | dpfl.core.base_simulator | Round  53/150 | Acc: 0.8786 | Loss: 0.4073 | eps_max: 1.81 eps_avg: 0.94 | P: 0.59 R: 1.00 F1: 0.90
2026-05-07 16:16:36 | DEBUG   | dpfl.core.base_simulator | Update norms — honest: ['0.60', '2.11', '4.05', '0.60', '4.04'], attacker: ['8.90', '9.43', '8.87', '10.02', '7.89']
2026-05-07 16:16:38 | INFO    | dpfl.core.base_simulator | Round  54/150 | Acc: 0.8788 | Loss: 0.4061 | eps_max: 1.82 eps_avg: 0.96 | P: 0.68 R: 1.00 F1: 0.90
2026-05-07 16:16:38 | DEBUG   | dpfl.core.base_simulator | Update norms — honest: ['2.31', '3.87', '0.86', '0.60', '1.11'], attacker: ['8.76', '8.95', '8.62', '9.57', '8.00']
2026-05-07 16:16:40 | INFO    | dpfl.core.base_simulator | Round  55/150 | Acc: 0.8786 | Loss: 0.4065 | eps_max: 1.82 eps_avg: 0.97 | P: 0.55 R: 1.00 F1: 0.91
2026-05-07 16:16:40 | DEBUG   | dpfl.core.base_simulator | Update norms — honest: ['3.23', '4.70', '0.85', '2.49', '1.94'], attacker: ['21.62', '19.41', '21.31', '24.97', '19.11']
2026-05-07 16:16:43 | INFO    | dpfl.core.base_simulator | Round  56/150 | Acc: 0.8788 | Loss: 0.4058 | eps_max: 1.82 eps_avg: 0.98 | P: 0.61 R: 1.00 F1: 0.94
2026-05-07 16:16:43 | DEBUG   | dpfl.core.base_simulator | Update norms — honest: ['3.45', '1.95', '0.98', '2.97', '1.13'], attacker: ['21.60', '19.59', '21.19', '24.16', '18.20']
2026-05-07 16:16:45 | INFO    | dpfl.core.base_simulator | Round  57/150 | Acc: 0.8791 | Loss: 0.4045 | eps_max: 1.85 eps_avg: 0.99 | P: 0.63 R: 1.00 F1: 0.95
2026-05-07 16:16:45 | DEBUG   | dpfl.core.base_simulator | Update norms — honest: ['1.03', '1.12', '2.51', '2.47', '1.02'], attacker: ['21.98', '19.11', '21.43', '22.89', '17.51']
2026-05-07 16:16:47 | INFO    | dpfl.core.base_simulator | Round  58/150 | Acc: 0.8792 | Loss: 0.4040 | eps_max: 1.87 eps_avg: 1.03 | P: 0.35 R: 1.00 F1: 0.85
2026-05-07 16:16:47 | DEBUG   | dpfl.core.base_simulator | Update norms — honest: ['3.37', '0.95', '1.42', '2.92', '1.61'], attacker: ['22.01', '19.10', '20.80', '23.48', '18.11']
2026-05-07 16:16:50 | INFO    | dpfl.core.base_simulator | Round  59/150 | Acc: 0.8791 | Loss: 0.4039 | eps_max: 1.89 eps_avg: 1.07 | P: 0.48 R: 1.00 F1: 0.90
2026-05-07 16:16:50 | DEBUG   | dpfl.core.base_simulator | Update norms — honest: ['3.17', '2.06', '0.57', '1.77', '4.35'], attacker: ['20.38', '18.19', '21.53', '24.96', '18.47']
2026-05-07 16:16:52 | INFO    | dpfl.core.base_simulator | Round  60/150 | Acc: 0.8794 | Loss: 0.4029 | eps_max: 1.91 eps_avg: 1.09 | P: 0.51 R: 1.00 F1: 0.91
2026-05-07 16:16:52 | DEBUG   | dpfl.core.base_simulator | Update norms — honest: ['2.75', '1.83', '1.97', '2.25', '0.94'], attacker: ['21.87', '20.48', '22.77', '24.11', '17.43']
2026-05-07 16:16:55 | INFO    | dpfl.core.base_simulator | Round  61/150 | Acc: 0.8792 | Loss: 0.4031 | eps_max: 1.91 eps_avg: 1.09 | P: 0.66 R: 1.00 F1: 0.94
2026-05-07 16:16:55 | DEBUG   | dpfl.core.base_simulator | Update norms — honest: ['4.67', '1.60', '1.19', '2.31', '2.53'], attacker: ['21.18', '18.30', '22.15', '23.87', '17.20']
2026-05-07 16:16:57 | INFO    | dpfl.core.base_simulator | Round  62/150 | Acc: 0.8790 | Loss: 0.4037 | eps_max: 1.98 eps_avg: 1.11 | P: 0.43 R: 1.00 F1: 0.84
2026-05-07 16:16:57 | DEBUG   | dpfl.core.base_simulator | Update norms — honest: ['1.65', '0.55', '3.42', '2.97', '3.04'], attacker: ['22.04', '20.55', '23.44', '25.09', '17.91']
2026-05-07 16:16:59 | INFO    | dpfl.core.base_simulator | Round  63/150 | Acc: 0.8790 | Loss: 0.4033 | eps_max: 2.02 eps_avg: 1.14 | P: 0.54 R: 1.00 F1: 0.93
2026-05-07 16:16:59 | DEBUG   | dpfl.core.base_simulator | Update norms — honest: ['3.10', '0.55', '3.53', '2.89', '2.46'], attacker: ['22.81', '19.98', '21.11', '24.23', '18.15']
2026-05-07 16:17:02 | INFO    | dpfl.core.base_simulator | Round  64/150 | Acc: 0.8787 | Loss: 0.4040 | eps_max: 2.03 eps_avg: 1.16 | P: 0.55 R: 1.00 F1: 0.89
2026-05-07 16:17:02 | DEBUG   | dpfl.core.base_simulator | Update norms — honest: ['1.45', '2.20', '2.54', '0.80', '1.54'], attacker: ['22.53', '18.17', '21.54', '26.37', '18.62']
2026-05-07 16:17:04 | INFO    | dpfl.core.base_simulator | Round  65/150 | Acc: 0.8781 | Loss: 0.4062 | eps_max: 2.11 eps_avg: 1.18 | P: 0.72 R: 1.00 F1: 0.92
2026-05-07 16:17:04 | DEBUG   | dpfl.core.base_simulator | Update norms — honest: ['3.24', '2.85', '5.60', '2.69', '1.60'], attacker: ['21.34', '18.89', '21.82', '23.87', '18.79']
2026-05-07 16:17:07 | INFO    | dpfl.core.base_simulator | Round  66/150 | Acc: 0.8781 | Loss: 0.4062 | eps_max: 2.11 eps_avg: 1.20 | P: 0.64 R: 1.00 F1: 0.89
2026-05-07 16:17:07 | DEBUG   | dpfl.core.base_simulator | Update norms — honest: ['0.86', '1.75', '4.25', '1.66', '0.96'], attacker: ['22.16', '20.50', '21.50', '24.48', '18.49']
2026-05-07 16:17:09 | INFO    | dpfl.core.base_simulator | Round  67/150 | Acc: 0.8779 | Loss: 0.4065 | eps_max: 2.11 eps_avg: 1.21 | P: 0.51 R: 1.00 F1: 0.89
2026-05-07 16:17:09 | DEBUG   | dpfl.core.base_simulator | Update norms — honest: ['2.83', '3.33', '3.17', '2.85', '0.87'], attacker: ['23.07', '18.86', '19.70', '25.78', '18.63']
2026-05-07 16:17:12 | INFO    | dpfl.core.base_simulator | Round  68/150 | Acc: 0.8777 | Loss: 0.4076 | eps_max: 2.29 eps_avg: 1.25 | P: 0.45 R: 1.00 F1: 0.84
2026-05-07 16:17:12 | DEBUG   | dpfl.core.base_simulator | Update norms — honest: ['0.52', '5.23', '1.99', '1.98', '1.67'], attacker: ['23.28', '18.49', '21.52', '25.36', '17.64']
2026-05-07 16:17:14 | INFO    | dpfl.core.base_simulator | Round  69/150 | Acc: 0.8771 | Loss: 0.4096 | eps_max: 2.36 eps_avg: 1.29 | P: 0.57 R: 1.00 F1: 0.83
2026-05-07 16:17:14 | DEBUG   | dpfl.core.base_simulator | Update norms — honest: ['0.51', '2.37', '1.40', '2.29', '3.14'], attacker: ['21.73', '19.19', '20.17', '23.46', '17.78']
2026-05-07 16:17:16 | INFO    | dpfl.core.base_simulator | Round  70/150 | Acc: 0.8778 | Loss: 0.4075 | eps_max: 2.39 eps_avg: 1.30 | P: 0.44 R: 1.00 F1: 0.99
2026-05-07 16:17:16 | DEBUG   | dpfl.core.base_simulator | Update norms — honest: ['0.73', '1.49', '1.87', '2.98', '1.74'], attacker: ['22.72', '18.33', '20.92', '24.36', '18.67']
2026-05-07 16:17:19 | INFO    | dpfl.core.base_simulator | Round  71/150 | Acc: 0.8777 | Loss: 0.4076 | eps_max: 2.39 eps_avg: 1.31 | P: 0.34 R: 1.00 F1: 0.95
2026-05-07 16:17:19 | DEBUG   | dpfl.core.base_simulator | Update norms — honest: ['2.63', '2.07', '3.97', '4.19', '2.81'], attacker: ['22.59', '19.62', '21.36', '24.61', '19.40']
2026-05-07 16:17:21 | INFO    | dpfl.core.base_simulator | Round  72/150 | Acc: 0.8777 | Loss: 0.4078 | eps_max: 2.39 eps_avg: 1.33 | P: 0.58 R: 1.00 F1: 0.79
2026-05-07 16:17:21 | DEBUG   | dpfl.core.base_simulator | Update norms — honest: ['2.33', '2.03', '1.74', '2.22', '0.77'], attacker: ['21.91', '20.49', '22.85', '23.40', '18.71']
2026-05-07 16:17:23 | INFO    | dpfl.core.base_simulator | Round  73/150 | Acc: 0.8775 | Loss: 0.4084 | eps_max: 2.39 eps_avg: 1.35 | P: 0.48 R: 1.00 F1: 0.95
2026-05-07 16:17:23 | DEBUG   | dpfl.core.base_simulator | Update norms — honest: ['3.36', '2.76', '1.23', '3.13', '2.84'], attacker: ['21.50', '19.02', '22.13', '23.56', '17.99']
2026-05-07 16:17:26 | INFO    | dpfl.core.base_simulator | Round  74/150 | Acc: 0.8766 | Loss: 0.4116 | eps_max: 2.40 eps_avg: 1.38 | P: 0.51 R: 1.00 F1: 0.91
2026-05-07 16:17:26 | DEBUG   | dpfl.core.base_simulator | Update norms — honest: ['4.36', '4.09', '1.91', '2.84', '1.49'], attacker: ['21.25', '19.17', '21.99', '25.76', '18.54']
2026-05-07 16:17:28 | INFO    | dpfl.core.base_simulator | Round  75/150 | Acc: 0.8767 | Loss: 0.4116 | eps_max: 2.54 eps_avg: 1.41 | P: 0.69 R: 1.00 F1: 0.88
2026-05-07 16:17:28 | DEBUG   | dpfl.core.base_simulator | Update norms — honest: ['0.82', '3.00', '3.78', '1.92', '1.62'], attacker: ['21.80', '18.48', '21.16', '25.83', '18.26']
2026-05-07 16:17:31 | INFO    | dpfl.core.base_simulator | Round  76/150 | Acc: 0.8765 | Loss: 0.4122 | eps_max: 2.54 eps_avg: 1.42 | P: 0.56 R: 1.00 F1: 0.92
2026-05-07 16:17:31 | DEBUG   | dpfl.core.base_simulator | Update norms — honest: ['3.51', '4.66', '3.86', '1.14', '3.17'], attacker: ['22.48', '19.76', '21.79', '25.80', '18.49']
2026-05-07 16:17:33 | INFO    | dpfl.core.base_simulator | Round  77/150 | Acc: 0.8757 | Loss: 0.4150 | eps_max: 2.64 eps_avg: 1.45 | P: 0.53 R: 1.00 F1: 0.91
2026-05-07 16:17:33 | DEBUG   | dpfl.core.base_simulator | Update norms — honest: ['0.48', '4.28', '3.58', '4.09', '1.18'], attacker: ['22.78', '19.65', '22.00', '24.69', '18.46']
2026-05-07 16:17:36 | INFO    | dpfl.core.base_simulator | Round  78/150 | Acc: 0.8753 | Loss: 0.4167 | eps_max: 2.64 eps_avg: 1.48 | P: 0.34 R: 1.00 F1: 0.89
2026-05-07 16:17:36 | DEBUG   | dpfl.core.base_simulator | Update norms — honest: ['4.18', '2.25', '2.66', '2.45', '3.07'], attacker: ['22.65', '19.50', '23.10', '24.58', '18.83']
2026-05-07 16:17:38 | INFO    | dpfl.core.base_simulator | Round  79/150 | Acc: 0.8751 | Loss: 0.4183 | eps_max: 2.64 eps_avg: 1.49 | P: 0.75 R: 1.00 F1: 0.96
2026-05-07 16:17:38 | DEBUG   | dpfl.core.base_simulator | Update norms — honest: ['3.35', '6.16', '4.68', '3.76', '2.12'], attacker: ['22.77', '19.18', '22.29', '25.05', '17.25']
2026-05-07 16:17:41 | INFO    | dpfl.core.base_simulator | Round  80/150 | Acc: 0.8752 | Loss: 0.4182 | eps_max: 2.82 eps_avg: 1.52 | P: 0.56 R: 1.00 F1: 0.79
2026-05-07 16:17:41 | DEBUG   | dpfl.core.base_simulator | Update norms — honest: ['0.46', '2.88', '1.62', '2.23', '4.09'], attacker: ['22.15', '20.32', '21.70', '24.03', '18.21']
2026-05-07 16:17:44 | INFO    | dpfl.core.base_simulator | Round  81/150 | Acc: 0.8750 | Loss: 0.4195 | eps_max: 2.82 eps_avg: 1.55 | P: 0.48 R: 1.00 F1: 0.85
2026-05-07 16:17:44 | DEBUG   | dpfl.core.base_simulator | Update norms — honest: ['3.76', '2.71', '2.62', '4.18', '1.97'], attacker: ['21.85', '19.77', '21.90', '26.12', '18.49']
2026-05-07 16:17:46 | INFO    | dpfl.core.base_simulator | Round  82/150 | Acc: 0.8750 | Loss: 0.4192 | eps_max: 2.82 eps_avg: 1.57 | P: 0.71 R: 1.00 F1: 0.89
2026-05-07 16:17:46 | DEBUG   | dpfl.core.base_simulator | Update norms — honest: ['3.85', '1.59', '2.27', '4.83', '2.53'], attacker: ['22.80', '19.53', '20.79', '24.69', '19.97']
2026-05-07 16:17:48 | INFO    | dpfl.core.base_simulator | Round  83/150 | Acc: 0.8754 | Loss: 0.4181 | eps_max: 2.82 eps_avg: 1.58 | P: 0.56 R: 1.00 F1: 0.96
2026-05-07 16:17:48 | DEBUG   | dpfl.core.base_simulator | Update norms — honest: ['2.60', '3.08', '2.31', '3.61', '0.98'], attacker: ['21.72', '20.15', '22.68', '24.89', '18.43']
2026-05-07 16:17:51 | INFO    | dpfl.core.base_simulator | Round  84/150 | Acc: 0.8747 | Loss: 0.4214 | eps_max: 2.82 eps_avg: 1.61 | P: 0.55 R: 1.00 F1: 0.88
2026-05-07 16:17:51 | DEBUG   | dpfl.core.base_simulator | Update norms — honest: ['2.83', '5.52', '2.76', '3.10', '4.31'], attacker: ['21.77', '20.53', '22.97', '24.32', '17.97']
2026-05-07 16:17:53 | INFO    | dpfl.core.base_simulator | Round  85/150 | Acc: 0.8746 | Loss: 0.4220 | eps_max: 2.82 eps_avg: 1.63 | P: 0.78 R: 1.00 F1: 0.89
2026-05-07 16:17:53 | DEBUG   | dpfl.core.base_simulator | Update norms — honest: ['1.29', '2.54', '5.03', '1.53', '3.93'], attacker: ['22.05', '19.50', '20.94', '24.90', '18.28']
2026-05-07 16:17:56 | INFO    | dpfl.core.base_simulator | Round  86/150 | Acc: 0.8718 | Loss: 3193.1892 | eps_max: 2.82 eps_avg: 1.66 | P: 0.36 R: 1.00 F1: 0.92
2026-05-07 16:17:56 | DEBUG   | dpfl.core.base_simulator | Update norms — honest: ['4.46', '2.22', '2.18', '3.30', '4.34'], attacker: ['21.49', '18.43', '20.95', '25.23', '18.14']
2026-05-07 16:17:58 | INFO    | dpfl.core.base_simulator | Round  87/150 | Acc: 0.8718 | Loss: 153.0824 | eps_max: 3.02 eps_avg: 1.67 | P: 0.60 R: 1.00 F1: 0.88
2026-05-07 16:17:58 | DEBUG   | dpfl.core.base_simulator | Update norms — honest: ['0.76', '1.94', '2.98', '4.22', '3.18'], attacker: ['22.42', '20.55', '21.98', '25.34', '18.11']
2026-05-07 16:18:00 | INFO    | dpfl.core.base_simulator | Round  88/150 | Acc: 0.8718 | Loss: 98.1847 | eps_max: 3.02 eps_avg: 1.70 | P: 0.79 R: 1.00 F1: 0.92
2026-05-07 16:18:00 | DEBUG   | dpfl.core.base_simulator | Update norms — honest: ['1.23', '2.68', '2.87', '0.61', '1.47'], attacker: ['21.86', '19.98', '21.17', '25.85', '18.72']
2026-05-07 16:18:03 | INFO    | dpfl.core.base_simulator | Round  89/150 | Acc: 0.8719 | Loss: 56.0088 | eps_max: 3.02 eps_avg: 1.71 | P: 0.53 R: 1.00 F1: 0.94
2026-05-07 16:18:03 | DEBUG   | dpfl.core.base_simulator | Update norms — honest: ['5.81', '1.83', '2.25', '2.73', '2.02'], attacker: ['21.96', '18.88', '21.60', '25.50', '18.31']
2026-05-07 16:18:05 | INFO    | dpfl.core.base_simulator | Round  90/150 | Acc: 0.8724 | Loss: 25.3706 | eps_max: 3.02 eps_avg: 1.74 | P: 0.71 R: 1.00 F1: 0.91
2026-05-07 16:18:05 | DEBUG   | dpfl.core.base_simulator | Update norms — honest: ['1.68', '5.89', '2.61', '2.09', '2.66'], attacker: ['22.45', '18.74', '21.76', '24.90', '16.96']
2026-05-07 16:18:08 | INFO    | dpfl.core.base_simulator | Round  91/150 | Acc: 0.8712 | Loss: 42.2835 | eps_max: 3.02 eps_avg: 1.79 | P: 0.54 R: 1.00 F1: 0.86
2026-05-07 16:18:08 | DEBUG   | dpfl.core.base_simulator | Update norms — honest: ['3.25', '4.29', '2.17', '4.23', '3.53'], attacker: ['22.25', '18.81', '21.86', '23.19', '18.40']
2026-05-07 16:18:10 | INFO    | dpfl.core.base_simulator | Round  92/150 | Acc: 0.8720 | Loss: 31.8618 | eps_max: 3.02 eps_avg: 1.81 | P: 0.42 R: 1.00 F1: 0.79
2026-05-07 16:18:10 | DEBUG   | dpfl.core.base_simulator | Update norms — honest: ['3.14', '2.89', '2.41', '2.89', '2.89'], attacker: ['21.55', '19.63', '22.81', '25.32', '19.65']
2026-05-07 16:18:13 | INFO    | dpfl.core.base_simulator | Round  93/150 | Acc: 0.8713 | Loss: 18.8883 | eps_max: 3.02 eps_avg: 1.84 | P: 0.38 R: 1.00 F1: 0.82
2026-05-07 16:18:13 | DEBUG   | dpfl.core.base_simulator | Update norms — honest: ['3.04', '4.55', '2.56', '4.85', '1.55'], attacker: ['21.26', '18.69', '23.18', '24.99', '18.49']
2026-05-07 16:18:15 | INFO    | dpfl.core.base_simulator | Round  94/150 | Acc: 0.8708 | Loss: 12.4221 | eps_max: 3.33 eps_avg: 1.87 | P: 0.54 R: 1.00 F1: 0.93
2026-05-07 16:18:15 | DEBUG   | dpfl.core.base_simulator | Update norms — honest: ['3.40', '4.90', '4.11', '1.57', '2.62'], attacker: ['22.66', '19.46', '22.08', '24.44', '18.85']
2026-05-07 16:18:17 | INFO    | dpfl.core.base_simulator | Round  95/150 | Acc: 0.8717 | Loss: 11.4556 | eps_max: 3.70 eps_avg: 1.90 | P: 0.58 R: 1.00 F1: 0.95
2026-05-07 16:18:17 | DEBUG   | dpfl.core.base_simulator | Update norms — honest: ['4.80', '2.99', '2.36', '0.40', '3.19'], attacker: ['22.12', '19.01', '21.34', '25.79', '18.31']
2026-05-07 16:18:20 | INFO    | dpfl.core.base_simulator | Round  96/150 | Acc: 0.8713 | Loss: 7.4280 | eps_max: 3.70 eps_avg: 1.95 | P: 0.51 R: 1.00 F1: 0.87
2026-05-07 16:18:20 | DEBUG   | dpfl.core.base_simulator | Update norms — honest: ['4.30', '4.74', '3.14', '3.30', '2.26'], attacker: ['21.73', '19.10', '22.50', '23.72', '16.79']
2026-05-07 16:18:23 | INFO    | dpfl.core.base_simulator | Round  97/150 | Acc: 0.8709 | Loss: 6.4890 | eps_max: 3.70 eps_avg: 2.00 | P: 0.47 R: 1.00 F1: 0.73
2026-05-07 16:18:23 | DEBUG   | dpfl.core.base_simulator | Update norms — honest: ['3.03', '1.74', '4.38', '2.07', '1.94'], attacker: ['22.39', '19.18', '21.63', '25.06', '16.47']
2026-05-07 16:18:25 | INFO    | dpfl.core.base_simulator | Round  98/150 | Acc: 0.8710 | Loss: 3.8645 | eps_max: 3.70 eps_avg: 2.04 | P: 0.51 R: 1.00 F1: 0.89
2026-05-07 16:18:25 | DEBUG   | dpfl.core.base_simulator | Update norms — honest: ['2.41', '2.37', '3.33', '3.33', '3.56'], attacker: ['22.12', '18.60', '21.82', '25.14', '17.84']
2026-05-07 16:18:27 | INFO    | dpfl.core.base_simulator | Round  99/150 | Acc: 0.8708 | Loss: 8.1510 | eps_max: 3.70 eps_avg: 2.06 | P: 0.54 R: 1.00 F1: 0.91
2026-05-07 16:18:27 | DEBUG   | dpfl.core.base_simulator | Update norms — honest: ['3.47', '1.97', '2.46', '2.15', '4.19'], attacker: ['20.48', '18.98', '20.89', '24.10', '17.28']
2026-05-07 16:18:30 | INFO    | dpfl.core.base_simulator | Round 100/150 | Acc: 0.8710 | Loss: 5.3368 | eps_max: 3.70 eps_avg: 2.08 | P: 0.49 R: 1.00 F1: 0.90
2026-05-07 16:18:30 | DEBUG   | dpfl.core.base_simulator | Update norms — honest: ['2.82', '2.75', '4.17', '3.61', '3.27'], attacker: ['21.95', '18.27', '21.35', '23.29', '17.72']
2026-05-07 16:18:32 | INFO    | dpfl.core.base_simulator | Round 101/150 | Acc: 0.8699 | Loss: 15.8460 | eps_max: 3.70 eps_avg: 2.13 | P: 0.47 R: 1.00 F1: 0.89
2026-05-07 16:18:32 | DEBUG   | dpfl.core.base_simulator | Update norms — honest: ['5.89', '3.22', '3.20', '2.75', '2.79'], attacker: ['22.07', '18.50', '22.57', '24.52', '17.74']
2026-05-07 16:18:35 | INFO    | dpfl.core.base_simulator | Round 102/150 | Acc: 0.8707 | Loss: 4.8727 | eps_max: 3.70 eps_avg: 2.15 | P: 0.52 R: 1.00 F1: 0.82
2026-05-07 16:18:35 | DEBUG   | dpfl.core.base_simulator | Update norms — honest: ['2.80', '0.69', '3.42', '1.69', '3.69'], attacker: ['21.41', '18.60', '20.68', '25.08', '18.21']
2026-05-07 16:18:37 | INFO    | dpfl.core.base_simulator | Round 103/150 | Acc: 0.8701 | Loss: 3.8664 | eps_max: 3.86 eps_avg: 2.20 | P: 0.67 R: 1.00 F1: 0.93
2026-05-07 16:18:37 | DEBUG   | dpfl.core.base_simulator | Update norms — honest: ['3.84', '3.51', '2.01', '0.62', '4.39'], attacker: ['23.03', '19.02', '21.69', '25.57', '19.34']
2026-05-07 16:18:40 | INFO    | dpfl.core.base_simulator | Round 104/150 | Acc: 0.8699 | Loss: 3.6426 | eps_max: 4.46 eps_avg: 2.26 | P: 0.55 R: 1.00 F1: 0.84
2026-05-07 16:18:40 | DEBUG   | dpfl.core.base_simulator | Update norms — honest: ['2.90', '0.36', '3.53', '2.35', '2.61'], attacker: ['21.43', '18.70', '22.50', '26.02', '17.09']
2026-05-07 16:18:43 | INFO    | dpfl.core.base_simulator | Round 105/150 | Acc: 0.8697 | Loss: 4.9026 | eps_max: 4.46 eps_avg: 2.30 | P: 0.67 R: 1.00 F1: 0.90
2026-05-07 16:18:43 | DEBUG   | dpfl.core.base_simulator | Update norms — honest: ['2.04', '1.65', '1.01', '4.18', '4.03'], attacker: ['20.75', '18.00', '21.07', '23.29', '18.65']
2026-05-07 16:18:45 | INFO    | dpfl.core.base_simulator | Round 106/150 | Acc: 0.8700 | Loss: 3.6439 | eps_max: 4.46 eps_avg: 2.32 | P: 0.49 R: 1.00 F1: 0.92
2026-05-07 16:18:45 | DEBUG   | dpfl.core.base_simulator | Update norms — honest: ['1.06', '4.73', '2.55', '6.33', '2.40'], attacker: ['21.15', '19.89', '22.74', '25.00', '19.04']
2026-05-07 16:18:48 | INFO    | dpfl.core.base_simulator | Round 107/150 | Acc: 0.8694 | Loss: 4.1312 | eps_max: 4.46 eps_avg: 2.36 | P: 0.42 R: 1.00 F1: 0.84
2026-05-07 16:18:48 | DEBUG   | dpfl.core.base_simulator | Update norms — honest: ['4.64', '5.89', '4.81', '0.93', '1.97'], attacker: ['23.28', '19.09', '21.99', '25.63', '19.08']
2026-05-07 16:18:50 | INFO    | dpfl.core.base_simulator | Round 108/150 | Acc: 0.8688 | Loss: 3.8350 | eps_max: 4.69 eps_avg: 2.40 | P: 0.59 R: 1.00 F1: 0.87
2026-05-07 16:18:50 | DEBUG   | dpfl.core.base_simulator | Update norms — honest: ['7.01', '4.63', '4.27', '2.93', '1.23'], attacker: ['21.98', '19.41', '22.05', '25.72', '18.65']
2026-05-07 16:18:53 | INFO    | dpfl.core.base_simulator | Round 109/150 | Acc: 0.8681 | Loss: 15.0828 | eps_max: 4.69 eps_avg: 2.43 | P: 0.61 R: 1.00 F1: 0.95
2026-05-07 16:18:53 | DEBUG   | dpfl.core.base_simulator | Update norms — honest: ['5.16', '4.60', '2.98', '1.16', '2.41'], attacker: ['20.97', '18.92', '20.31', '24.01', '17.93']
2026-05-07 16:18:56 | INFO    | dpfl.core.base_simulator | Round 110/150 | Acc: 0.8672 | Loss: 3.6691 | eps_max: 4.69 eps_avg: 2.51 | P: 0.58 R: 1.00 F1: 0.88
2026-05-07 16:18:56 | DEBUG   | dpfl.core.base_simulator | Update norms — honest: ['3.26', '3.57', '0.85', '6.53', '1.21'], attacker: ['21.67', '19.97', '21.42', '26.38', '19.16']
2026-05-07 16:18:59 | INFO    | dpfl.core.base_simulator | Round 111/150 | Acc: 0.8656 | Loss: 6.9732 | eps_max: 4.69 eps_avg: 2.60 | P: 0.49 R: 1.00 F1: 0.83
2026-05-07 16:18:59 | DEBUG   | dpfl.core.base_simulator | Update norms — honest: ['5.10', '4.04', '3.80', '4.20', '2.40'], attacker: ['23.07', '19.45', '21.50', '25.66', '19.58']
2026-05-07 16:19:01 | INFO    | dpfl.core.base_simulator | Round 112/150 | Acc: 0.8664 | Loss: 3.1889 | eps_max: 4.69 eps_avg: 2.64 | P: 0.48 R: 1.00 F1: 0.82
2026-05-07 16:19:01 | DEBUG   | dpfl.core.base_simulator | Update norms — honest: ['5.09', '1.03', '3.75', '4.93', '3.42'], attacker: ['21.26', '19.57', '22.33', '25.55', '18.38']
2026-05-07 16:19:03 | INFO    | dpfl.core.base_simulator | Round 113/150 | Acc: 0.8665 | Loss: 3.3737 | eps_max: 4.69 eps_avg: 2.66 | P: 0.80 R: 1.00 F1: 0.95
2026-05-07 16:19:03 | DEBUG   | dpfl.core.base_simulator | Update norms — honest: ['3.25', '0.97', '3.85', '3.92', '3.90'], attacker: ['23.58', '18.45', '23.39', '25.59', '19.17']
2026-05-07 16:19:06 | INFO    | dpfl.core.base_simulator | Round 114/150 | Acc: 0.8655 | Loss: 3.6936 | eps_max: 4.69 eps_avg: 2.71 | P: 0.51 R: 1.00 F1: 0.77
2026-05-07 16:19:06 | DEBUG   | dpfl.core.base_simulator | Update norms — honest: ['4.76', '4.47', '2.73', '3.18', '1.85'], attacker: ['23.02', '19.96', '22.00', '27.61', '18.84']
2026-05-07 16:19:09 | INFO    | dpfl.core.base_simulator | Round 115/150 | Acc: 0.8656 | Loss: 3.3170 | eps_max: 4.69 eps_avg: 2.76 | P: 0.76 R: 1.00 F1: 0.93
2026-05-07 16:19:09 | DEBUG   | dpfl.core.base_simulator | Update norms — honest: ['0.00', '3.82', '3.35', '3.94', '4.59'], attacker: ['23.16', '18.80', '21.79', '26.17', '18.42']
2026-05-07 16:19:11 | INFO    | dpfl.core.base_simulator | Round 116/150 | Acc: 0.8651 | Loss: 5.0337 | eps_max: 5.11 eps_avg: 2.80 | P: 0.52 R: 1.00 F1: 0.92
2026-05-07 16:19:11 | DEBUG   | dpfl.core.base_simulator | Update norms — honest: ['0.98', '2.63', '1.73', '2.81', '3.84'], attacker: ['21.36', '20.14', '22.07', '26.53', '19.64']
2026-05-07 16:19:14 | INFO    | dpfl.core.base_simulator | Round 117/150 | Acc: 0.8637 | Loss: 3.0610 | eps_max: 5.15 eps_avg: 2.88 | P: 0.45 R: 1.00 F1: 0.72
2026-05-07 16:19:14 | DEBUG   | dpfl.core.base_simulator | Update norms — honest: ['1.99', '3.99', '4.31', '7.40', '5.61'], attacker: ['23.30', '20.20', '21.29', '26.71', '18.95']
2026-05-07 16:19:17 | INFO    | dpfl.core.base_simulator | Round 118/150 | Acc: 0.8643 | Loss: 3.2274 | eps_max: 5.15 eps_avg: 2.92 | P: 0.47 R: 1.00 F1: 0.90
2026-05-07 16:19:17 | DEBUG   | dpfl.core.base_simulator | Update norms — honest: ['3.77', '2.01', '4.49', '3.00', '4.57'], attacker: ['22.57', '18.65', '21.73', '25.59', '20.87']
2026-05-07 16:19:20 | INFO    | dpfl.core.base_simulator | Round 119/150 | Acc: 0.8621 | Loss: 3.6186 | eps_max: 5.15 eps_avg: 2.99 | P: 0.51 R: 1.00 F1: 0.83
2026-05-07 16:19:20 | DEBUG   | dpfl.core.base_simulator | Update norms — honest: ['3.21', '3.96', '3.42', '3.54', '5.38'], attacker: ['22.39', '20.46', '21.42', '26.18', '19.24']
2026-05-07 16:19:22 | INFO    | dpfl.core.base_simulator | Round 120/150 | Acc: 0.8625 | Loss: 3.2285 | eps_max: 5.15 eps_avg: 3.07 | P: 0.49 R: 1.00 F1: 0.89
2026-05-07 16:19:22 | DEBUG   | dpfl.core.base_simulator | Update norms — honest: ['2.31', '3.22', '5.26', '4.15', '3.15'], attacker: ['22.52', '19.58', '22.16', '25.87', '19.89']
2026-05-07 16:19:25 | INFO    | dpfl.core.base_simulator | Round 121/150 | Acc: 0.8611 | Loss: 3.0958 | eps_max: 5.37 eps_avg: 3.16 | P: 0.55 R: 1.00 F1: 0.85
2026-05-07 16:19:25 | DEBUG   | dpfl.core.base_simulator | Update norms — honest: ['5.26', '5.74', '5.35', '2.27', '2.99'], attacker: ['22.89', '18.78', '21.79', '27.39', '18.73']
2026-05-07 16:19:28 | INFO    | dpfl.core.base_simulator | Round 122/150 | Acc: 0.8608 | Loss: 3.0653 | eps_max: 5.37 eps_avg: 3.19 | P: 0.51 R: 1.00 F1: 0.87
2026-05-07 16:19:28 | DEBUG   | dpfl.core.base_simulator | Update norms — honest: ['4.31', '4.97', '3.10', '4.52', '2.74'], attacker: ['22.51', '19.26', '21.48', '26.05', '18.77']
2026-05-07 16:19:30 | INFO    | dpfl.core.base_simulator | Round 123/150 | Acc: 0.8607 | Loss: 2.8989 | eps_max: 5.37 eps_avg: 3.26 | P: 0.56 R: 1.00 F1: 0.87
2026-05-07 16:19:30 | DEBUG   | dpfl.core.base_simulator | Update norms — honest: ['2.00', '5.75', '3.56', '2.67', '2.95'], attacker: ['21.87', '18.24', '23.26', '23.52', '19.27']
2026-05-07 16:19:33 | INFO    | dpfl.core.base_simulator | Round 124/150 | Acc: 0.8612 | Loss: 2.9612 | eps_max: 5.37 eps_avg: 3.28 | P: 0.46 R: 1.00 F1: 0.88
2026-05-07 16:19:33 | DEBUG   | dpfl.core.base_simulator | Update norms — honest: ['5.76', '4.17', '4.56', '0.77', '2.21'], attacker: ['23.52', '19.16', '21.61', '26.01', '18.23']
2026-05-07 16:19:35 | INFO    | dpfl.core.base_simulator | Round 125/150 | Acc: 0.8615 | Loss: 3.7329 | eps_max: 5.42 eps_avg: 3.32 | P: 0.52 R: 1.00 F1: 0.97
2026-05-07 16:19:35 | DEBUG   | dpfl.core.base_simulator | Update norms — honest: ['2.69', '2.85', '0.40', '3.88', '4.58'], attacker: ['22.86', '19.86', '22.70', '25.18', '18.77']
2026-05-07 16:19:38 | INFO    | dpfl.core.base_simulator | Round 126/150 | Acc: 0.8613 | Loss: 2.7994 | eps_max: 5.42 eps_avg: 3.40 | P: 0.71 R: 1.00 F1: 0.94
2026-05-07 16:19:38 | DEBUG   | dpfl.core.base_simulator | Update norms — honest: ['3.11', '2.29', '4.06', '4.44', '4.28'], attacker: ['23.10', '19.76', '23.69', '26.33', '19.67']
2026-05-07 16:19:40 | INFO    | dpfl.core.base_simulator | Round 127/150 | Acc: 0.8614 | Loss: 3.0932 | eps_max: 5.42 eps_avg: 3.43 | P: 0.64 R: 1.00 F1: 0.92
2026-05-07 16:19:40 | DEBUG   | dpfl.core.base_simulator | Update norms — honest: ['4.28', '1.88', '2.98', '3.58', '3.66'], attacker: ['21.28', '20.27', '22.95', '27.86', '17.75']
2026-05-07 16:19:43 | INFO    | dpfl.core.base_simulator | Round 128/150 | Acc: 0.8605 | Loss: 2.8865 | eps_max: 5.61 eps_avg: 3.50 | P: 0.49 R: 1.00 F1: 0.87
2026-05-07 16:19:43 | DEBUG   | dpfl.core.base_simulator | Update norms — honest: ['6.91', '4.99', '2.85', '3.25', '1.65'], attacker: ['81.21', '71.80', '62.58', '66.32', '65.82']
2026-05-07 16:19:45 | INFO    | dpfl.core.base_simulator | Round 129/150 | Acc: 0.8612 | Loss: 3.0688 | eps_max: 5.61 eps_avg: 3.57 | P: 0.58 R: 1.00 F1: 0.84
2026-05-07 16:19:45 | DEBUG   | dpfl.core.base_simulator | Update norms — honest: ['1.77', '1.14', '3.29', '1.56', '1.08'], attacker: ['78.02', '73.21', '64.75', '65.05', '64.05']
2026-05-07 16:19:48 | INFO    | dpfl.core.base_simulator | Round 130/150 | Acc: 0.8603 | Loss: 3.1758 | eps_max: 5.61 eps_avg: 3.65 | P: 0.54 R: 1.00 F1: 0.87
2026-05-07 16:19:48 | DEBUG   | dpfl.core.base_simulator | Update norms — honest: ['3.83', '2.31', '2.73', '4.97', '2.16'], attacker: ['77.55', '74.19', '62.10', '65.76', '65.64']
2026-05-07 16:19:50 | INFO    | dpfl.core.base_simulator | Round 131/150 | Acc: 0.8604 | Loss: 2.8893 | eps_max: 5.77 eps_avg: 3.69 | P: 0.57 R: 1.00 F1: 0.94
2026-05-07 16:19:50 | DEBUG   | dpfl.core.base_simulator | Update norms — honest: ['2.66', '3.07', '1.28', '3.78', '5.97'], attacker: ['79.46', '75.88', '62.82', '67.65', '64.24']
2026-05-07 16:19:53 | INFO    | dpfl.core.base_simulator | Round 132/150 | Acc: 0.8601 | Loss: 3.0923 | eps_max: 5.80 eps_avg: 3.74 | P: 0.72 R: 1.00 F1: 0.86
2026-05-07 16:19:53 | DEBUG   | dpfl.core.base_simulator | Update norms — honest: ['3.68', '3.37', '4.56', '3.85', '5.79'], attacker: ['79.17', '72.81', '64.26', '65.70', '65.42']
2026-05-07 16:19:55 | INFO    | dpfl.core.base_simulator | Round 133/150 | Acc: 0.8594 | Loss: 3.0830 | eps_max: 6.22 eps_avg: 3.81 | P: 0.30 R: 1.00 F1: 0.76
2026-05-07 16:19:55 | DEBUG   | dpfl.core.base_simulator | Update norms — honest: ['3.81', '4.06', '3.84', '3.74', '4.60'], attacker: ['79.98', '73.09', '63.99', '68.53', '64.30']
2026-05-07 16:19:58 | INFO    | dpfl.core.base_simulator | Round 134/150 | Acc: 0.8583 | Loss: 3.5317 | eps_max: 6.22 eps_avg: 3.88 | P: 0.56 R: 1.00 F1: 0.92
2026-05-07 16:19:58 | DEBUG   | dpfl.core.base_simulator | Update norms — honest: ['6.60', '2.33', '3.95', '3.15', '4.97'], attacker: ['79.37', '73.59', '63.51', '66.45', '65.22']
2026-05-07 16:20:01 | INFO    | dpfl.core.base_simulator | Round 135/150 | Acc: 0.8583 | Loss: 2.9158 | eps_max: 6.22 eps_avg: 3.95 | P: 0.70 R: 1.00 F1: 0.93
2026-05-07 16:20:01 | DEBUG   | dpfl.core.base_simulator | Update norms — honest: ['0.00', '4.53', '3.12', '3.46', '5.38'], attacker: ['79.22', '73.49', '64.04', '66.76', '65.34']
2026-05-07 16:20:03 | INFO    | dpfl.core.base_simulator | Round 136/150 | Acc: 0.8580 | Loss: 3.0731 | eps_max: 6.22 eps_avg: 3.99 | P: 0.45 R: 1.00 F1: 0.90
2026-05-07 16:20:03 | DEBUG   | dpfl.core.base_simulator | Update norms — honest: ['0.00', '5.25', '4.12', '4.01', '3.30'], attacker: ['80.52', '72.50', '64.37', '67.20', '64.74']
2026-05-07 16:20:06 | INFO    | dpfl.core.base_simulator | Round 137/150 | Acc: 0.8585 | Loss: 2.8629 | eps_max: 6.22 eps_avg: 4.03 | P: 0.68 R: 1.00 F1: 0.95
2026-05-07 16:20:06 | DEBUG   | dpfl.core.base_simulator | Update norms — honest: ['3.10', '2.16', '1.63', '3.00', '0.59'], attacker: ['79.80', '74.48', '63.93', '66.83', '62.64']
2026-05-07 16:20:09 | INFO    | dpfl.core.base_simulator | Round 138/150 | Acc: 0.8570 | Loss: 3.0118 | eps_max: 6.64 eps_avg: 4.10 | P: 0.61 R: 1.00 F1: 0.86
2026-05-07 16:20:09 | DEBUG   | dpfl.core.base_simulator | Update norms — honest: ['4.23', '5.00', '6.00', '3.48', '4.79'], attacker: ['78.87', '74.40', '65.61', '67.12', '65.84']
2026-05-07 16:20:11 | INFO    | dpfl.core.base_simulator | Round 139/150 | Acc: 0.8565 | Loss: 3.8725 | eps_max: 6.64 eps_avg: 4.17 | P: 0.60 R: 1.00 F1: 0.92
2026-05-07 16:20:11 | DEBUG   | dpfl.core.base_simulator | Update norms — honest: ['5.70', '3.49', '4.10', '3.07', '2.89'], attacker: ['79.96', '73.05', '66.15', '66.02', '64.69']
2026-05-07 16:20:14 | INFO    | dpfl.core.base_simulator | Round 140/150 | Acc: 0.8559 | Loss: 7.2215 | eps_max: 6.64 eps_avg: 4.25 | P: 0.61 R: 1.00 F1: 0.92
2026-05-07 16:20:14 | DEBUG   | dpfl.core.base_simulator | Update norms — honest: ['5.37', '4.37', '6.23', '4.96', '4.30'], attacker: ['79.75', '73.61', '63.55', '66.95', '65.15']
2026-05-07 16:20:16 | INFO    | dpfl.core.base_simulator | Round 141/150 | Acc: 0.8570 | Loss: 2.8966 | eps_max: 6.64 eps_avg: 4.29 | P: 0.39 R: 1.00 F1: 0.90
2026-05-07 16:20:16 | DEBUG   | dpfl.core.base_simulator | Update norms — honest: ['4.20', '2.37', '2.97', '2.04', '4.00'], attacker: ['77.66', '75.06', '63.75', '67.37', '65.61']
2026-05-07 16:20:19 | INFO    | dpfl.core.base_simulator | Round 142/150 | Acc: 0.8559 | Loss: 3.2357 | eps_max: 6.83 eps_avg: 4.37 | P: 0.40 R: 1.00 F1: 0.81
2026-05-07 16:20:19 | DEBUG   | dpfl.core.base_simulator | Update norms — honest: ['7.82', '4.01', '5.06', '2.15', '2.66'], attacker: ['79.23', '74.39', '66.35', '67.92', '65.59']
2026-05-07 16:20:21 | INFO    | dpfl.core.base_simulator | Round 143/150 | Acc: 0.8566 | Loss: 2.8111 | eps_max: 6.83 eps_avg: 4.42 | P: 0.66 R: 1.00 F1: 0.87
2026-05-07 16:20:21 | DEBUG   | dpfl.core.base_simulator | Update norms — honest: ['3.58', '2.24', '2.71', '3.37', '2.96'], attacker: ['78.93', '72.66', '64.30', '67.77', '65.42']
2026-05-07 16:20:24 | INFO    | dpfl.core.base_simulator | Round 144/150 | Acc: 0.8561 | Loss: 3.2789 | eps_max: 6.83 eps_avg: 4.46 | P: 0.58 R: 1.00 F1: 0.82
2026-05-07 16:20:24 | DEBUG   | dpfl.core.base_simulator | Update norms — honest: ['4.03', '3.05', '1.90', '3.29', '3.87'], attacker: ['79.52', '73.08', '63.40', '65.61', '65.28']
2026-05-07 16:20:26 | INFO    | dpfl.core.base_simulator | Round 145/150 | Acc: 0.8559 | Loss: 3.0076 | eps_max: 6.83 eps_avg: 4.51 | P: 0.78 R: 1.00 F1: 0.92
2026-05-07 16:20:26 | DEBUG   | dpfl.core.base_simulator | Update norms — honest: ['3.56', '4.18', '4.17', '3.92', '3.44'], attacker: ['80.86', '74.14', '63.98', '66.19', '65.42']
2026-05-07 16:20:29 | INFO    | dpfl.core.base_simulator | Round 146/150 | Acc: 0.8554 | Loss: 2.8998 | eps_max: 6.83 eps_avg: 4.55 | P: 0.38 R: 1.00 F1: 0.84
2026-05-07 16:20:29 | DEBUG   | dpfl.core.base_simulator | Update norms — honest: ['2.83', '4.14', '6.00', '4.62', '3.01'], attacker: ['80.32', '73.96', '67.39', '68.40', '63.70']
2026-05-07 16:20:32 | INFO    | dpfl.core.base_simulator | Round 147/150 | Acc: 0.8549 | Loss: 2.8760 | eps_max: 6.83 eps_avg: 4.62 | P: 0.48 R: 1.00 F1: 0.79
2026-05-07 16:20:32 | DEBUG   | dpfl.core.base_simulator | Update norms — honest: ['2.13', '4.11', '4.76', '2.74', '1.80'], attacker: ['80.73', '74.69', '65.48', '66.90', '64.27']
2026-05-07 16:20:35 | INFO    | dpfl.core.base_simulator | Round 148/150 | Acc: 0.8537 | Loss: 4.4962 | eps_max: 6.83 eps_avg: 4.69 | P: 0.47 R: 1.00 F1: 0.88
2026-05-07 16:20:35 | DEBUG   | dpfl.core.base_simulator | Update norms — honest: ['5.07', '3.17', '4.07', '1.58', '4.90'], attacker: ['81.20', '73.03', '65.08', '65.28', '64.68']
2026-05-07 16:20:37 | INFO    | dpfl.core.base_simulator | Round 149/150 | Acc: 0.8540 | Loss: 2.7482 | eps_max: 6.83 eps_avg: 4.73 | P: 0.70 R: 1.00 F1: 0.94
2026-05-07 16:20:37 | DEBUG   | dpfl.core.base_simulator | Update norms — honest: ['0.00', '7.63', '2.96', '6.11', '3.86'], attacker: ['79.59', '74.15', '64.41', '67.20', '65.13']
2026-05-07 16:20:40 | INFO    | dpfl.core.base_simulator | Round 150/150 | Acc: 0.8531 | Loss: 3.0316 | eps_max: 6.83 eps_avg: 4.77 | P: 0.63 R: 1.00 F1: 0.93
2026-05-07 16:20:40 | DEBUG   | dpfl.core.base_simulator | Update norms — honest: ['5.93', '5.30', '3.21', '3.04', '7.16'], attacker: ['80.64', '76.47', '65.77', '66.87', '66.33']
2026-05-07 16:20:41 | INFO    | dpfl | Experiment complete in 518.2s
============================================================
REPORT: DP-SGD Decentralized Federated Learning
============================================================
Timestamp:                  20260507_161201
Rounds completed:           150
Attack-active rounds:       100  (from round 50)
Final accuracy:             0.8531
Final test loss:            3.0316
Final epsilon (max honest): 6.83
Final epsilon (avg honest): 4.77
Best alpha:                 1000.0
Avg precision:              0.5538
Avg recall:                 1.0000
Avg F1 score:               0.8858
Avg update norm (honest):   2.6800
Avg update norm (attacker): 3498.7634

eps_system (max honest): 6.8257
eps_avg (honest):        4.7732
eps_std (honest):        1.2109
n_frozen:                0/300
============================================================
