2026-05-05 19:35:47 | INFO    | dpfl | Experiment start: algorithm=trust_d2b, dataset=fashion_mnist, model=mlp, device=cuda
2026-05-05 19:35:47 | INFO    | dpfl | Config: nodes=500, attackers=200, rounds=150, noise_mode=none, attack=scale
2026-05-05 19:35:47 | INFO    | dpfl.data.fashion_mnist_dataset | Loading Fashion-MNIST dataset...
2026-05-05 19:35:47 | INFO    | dpfl.data.fashion_mnist_dataset | Fashion-MNIST loaded: 60000 train, 10000 test samples
2026-05-05 19:36:42 | INFO    | dpfl.core.base_simulator | Vectorized state ready: param_spec.D=50890, X_test=(10000, 1, 28, 28), train clients N=500, max_n_samples=1000
2026-05-05 19:36:42 | INFO    | dpfl.core.base_simulator | Setup complete: 500 nodes (200 attackers), param_dim=50890, split=iid
2026-05-05 19:36:42 | DEBUG   | dpfl.core.base_simulator | Attacker IDs: {0, 1, 2, 3, 4, 5, 6, 7, 8, 9, 10, 11, 12, 13, 14, 15, 16, 17, 18, 19, 20, 21, 22, 23, 24, 25, 26, 27, 28, 29, 30, 31, 32, 33, 34, 35, 36, 37, 38, 39, 40, 41, 42, 43, 44, 45, 46, 47, 48, 49, 50, 51, 52, 53, 54, 55, 56, 57, 58, 59, 60, 61, 62, 63, 64, 65, 66, 67, 68, 69, 70, 71, 72, 73, 74, 75, 76, 77, 78, 79, 80, 81, 82, 83, 84, 85, 86, 87, 88, 89, 90, 91, 92, 93, 94, 95, 96, 97, 98, 99, 100, 101, 102, 103, 104, 105, 106, 107, 108, 109, 110, 111, 112, 113, 114, 115, 116, 117, 118, 119, 120, 121, 122, 123, 124, 125, 126, 127, 128, 129, 130, 131, 132, 133, 134, 135, 136, 137, 138, 139, 140, 141, 142, 143, 144, 145, 146, 147, 148, 149, 150, 151, 152, 153, 154, 155, 156, 157, 158, 159, 160, 161, 162, 163, 164, 165, 166, 167, 168, 169, 170, 171, 172, 173, 174, 175, 176, 177, 178, 179, 180, 181, 182, 183, 184, 185, 186, 187, 188, 189, 190, 191, 192, 193, 194, 195, 196, 197, 198, 199}
2026-05-05 19:36:42 | INFO    | dpfl.algorithms.trust_aware.simulator | Trust-Aware D2B-DP: rounds=150, n_workers=5, layers=4, ρ∈[0.300,5.000]
2026-05-05 19:36:43 | DEBUG   | dpfl.algorithms.trust_aware.simulator | Round 0 Phase 1+2: 1.08s
2026-05-05 19:37:03 | INFO    | dpfl.core.base_simulator | Round   1/150 | Acc: 0.4526 | Loss: 1.9777 | eps_max: 0.26 eps_avg: 0.26 | P: nan R: nan F1: nan
2026-05-05 19:37:03 | DEBUG   | dpfl.core.base_simulator | Update norms — honest: ['0.23', '0.24', '0.23', '0.24', '0.23'], attacker: ['0.23', '0.23', '0.24', '0.23', '0.24']
2026-05-05 19:37:04 | DEBUG   | dpfl.algorithms.trust_aware.simulator | Round 1 Phase 1+2: 0.90s
2026-05-05 19:37:26 | INFO    | dpfl.core.base_simulator | Round   2/150 | Acc: 0.5645 | Loss: 1.7187 | eps_max: 0.30 eps_avg: 0.30 | P: nan R: nan F1: nan
2026-05-05 19:37:26 | DEBUG   | dpfl.core.base_simulator | Update norms — honest: ['0.21', '0.20', '0.20', '0.20', '0.21'], attacker: ['0.23', '0.23', '0.23', '0.22', '0.24']
2026-05-05 19:37:26 | DEBUG   | dpfl.algorithms.trust_aware.simulator | Round 2 Phase 1+2: 0.18s
2026-05-05 19:37:47 | INFO    | dpfl.core.base_simulator | Round   3/150 | Acc: 0.6165 | Loss: 1.4976 | eps_max: 0.34 eps_avg: 0.34 | P: nan R: nan F1: nan
2026-05-05 19:37:47 | DEBUG   | dpfl.core.base_simulator | Update norms — honest: ['0.19', '0.19', '0.19', '0.19', '0.19'], attacker: ['0.21', '0.22', '0.22', '0.21', '0.23']
2026-05-05 19:37:47 | DEBUG   | dpfl.algorithms.trust_aware.simulator | Round 3 Phase 1+2: 0.18s
2026-05-05 19:38:05 | INFO    | dpfl.core.base_simulator | Round   4/150 | Acc: 0.6467 | Loss: 1.3238 | eps_max: 0.39 eps_avg: 0.39 | P: nan R: nan F1: nan
2026-05-05 19:38:05 | DEBUG   | dpfl.core.base_simulator | Update norms — honest: ['0.17', '0.16', '0.17', '0.17', '0.17'], attacker: ['0.20', '0.20', '0.21', '0.20', '0.21']
2026-05-05 19:38:05 | DEBUG   | dpfl.algorithms.trust_aware.simulator | Round 4 Phase 1+2: 0.18s
2026-05-05 19:38:20 | INFO    | dpfl.core.base_simulator | Round   5/150 | Acc: 0.6697 | Loss: 1.1923 | eps_max: 0.44 eps_avg: 0.44 | P: nan R: nan F1: nan
2026-05-05 19:38:20 | DEBUG   | dpfl.core.base_simulator | Update norms — honest: ['0.14', '0.14', '0.14', '0.14', '0.14'], attacker: ['0.18', '0.18', '0.18', '0.18', '0.18']
2026-05-05 19:38:20 | DEBUG   | dpfl.algorithms.trust_aware.simulator | Round 5 Phase 1+2: 0.17s
2026-05-05 19:38:32 | INFO    | dpfl.core.base_simulator | Round   6/150 | Acc: 0.6876 | Loss: 1.0949 | eps_max: 0.53 eps_avg: 0.53 | P: nan R: nan F1: nan
2026-05-05 19:38:32 | DEBUG   | dpfl.core.base_simulator | Update norms — honest: ['0.12', '0.14', '0.14', '0.12', '0.14'], attacker: ['0.16', '0.16', '0.16', '0.16', '0.16']
2026-05-05 19:38:32 | DEBUG   | dpfl.algorithms.trust_aware.simulator | Round 6 Phase 1+2: 0.18s
2026-05-05 19:38:41 | INFO    | dpfl.core.base_simulator | Round   7/150 | Acc: 0.6994 | Loss: 1.0230 | eps_max: 0.56 eps_avg: 0.56 | P: nan R: nan F1: nan
2026-05-05 19:38:41 | DEBUG   | dpfl.core.base_simulator | Update norms — honest: ['0.12', '0.11', '0.12', '0.11', '0.11'], attacker: ['0.14', '0.14', '0.14', '0.14', '0.14']
2026-05-05 19:38:42 | DEBUG   | dpfl.algorithms.trust_aware.simulator | Round 7 Phase 1+2: 0.92s
2026-05-05 19:38:49 | INFO    | dpfl.core.base_simulator | Round   8/150 | Acc: 0.7079 | Loss: 0.9683 | eps_max: 0.59 eps_avg: 0.59 | P: nan R: nan F1: nan
2026-05-05 19:38:49 | DEBUG   | dpfl.core.base_simulator | Update norms — honest: ['0.09', '0.10', '0.10', '0.10', '0.09'], attacker: ['0.12', '0.12', '0.12', '0.12', '0.12']
2026-05-05 19:38:50 | DEBUG   | dpfl.algorithms.trust_aware.simulator | Round 8 Phase 1+2: 0.93s
2026-05-05 19:39:03 | INFO    | dpfl.core.base_simulator | Round   9/150 | Acc: 0.7142 | Loss: 0.9249 | eps_max: 0.62 eps_avg: 0.62 | P: nan R: nan F1: nan
2026-05-05 19:39:03 | DEBUG   | dpfl.core.base_simulator | Update norms — honest: ['0.08', '0.08', '0.09', '0.09', '0.09'], attacker: ['0.11', '0.11', '0.11', '0.11', '0.11']
2026-05-05 19:39:04 | DEBUG   | dpfl.algorithms.trust_aware.simulator | Round 9 Phase 1+2: 0.92s
2026-05-05 19:39:21 | INFO    | dpfl.core.base_simulator | Round  10/150 | Acc: 0.7206 | Loss: 0.8889 | eps_max: 0.65 eps_avg: 0.65 | P: 0.00 R: nan F1: nan
2026-05-05 19:39:21 | DEBUG   | dpfl.core.base_simulator | Update norms — honest: ['0.09', '0.08', '0.08', '0.08', '0.08'], attacker: ['0.10', '0.09', '0.09', '0.09', '0.09']
2026-05-05 19:39:22 | DEBUG   | dpfl.algorithms.trust_aware.simulator | Round 10 Phase 1+2: 0.90s
2026-05-05 19:39:43 | INFO    | dpfl.core.base_simulator | Round  11/150 | Acc: 0.7256 | Loss: 0.8588 | eps_max: 0.69 eps_avg: 0.69 | P: 0.00 R: nan F1: nan
2026-05-05 19:39:43 | DEBUG   | dpfl.core.base_simulator | Update norms — honest: ['0.07', '0.07', '0.08', '0.07', '0.07'], attacker: ['0.10', '0.08', '0.08', '0.08', '0.08']
2026-05-05 19:39:44 | DEBUG   | dpfl.algorithms.trust_aware.simulator | Round 11 Phase 1+2: 0.18s
2026-05-05 19:40:02 | INFO    | dpfl.core.base_simulator | Round  12/150 | Acc: 0.7303 | Loss: 0.8332 | eps_max: 0.72 eps_avg: 0.72 | P: nan R: nan F1: nan
2026-05-05 19:40:02 | DEBUG   | dpfl.core.base_simulator | Update norms — honest: ['0.07', '0.07', '0.07', '0.07', '0.07'], attacker: ['0.08', '0.08', '0.08', '0.08', '0.08']
2026-05-05 19:40:02 | DEBUG   | dpfl.algorithms.trust_aware.simulator | Round 12 Phase 1+2: 0.18s
2026-05-05 19:40:12 | INFO    | dpfl.core.base_simulator | Round  13/150 | Acc: 0.7344 | Loss: 0.8111 | eps_max: 0.76 eps_avg: 0.76 | P: nan R: nan F1: nan
2026-05-05 19:40:12 | DEBUG   | dpfl.core.base_simulator | Update norms — honest: ['0.07', '0.06', '0.07', '0.07', '0.07'], attacker: ['0.08', '0.07', '0.07', '0.07', '0.07']
2026-05-05 19:40:13 | DEBUG   | dpfl.algorithms.trust_aware.simulator | Round 13 Phase 1+2: 0.92s
2026-05-05 19:40:19 | INFO    | dpfl.core.base_simulator | Round  14/150 | Acc: 0.7381 | Loss: 0.7921 | eps_max: 0.80 eps_avg: 0.80 | P: 0.00 R: nan F1: nan
2026-05-05 19:40:19 | DEBUG   | dpfl.core.base_simulator | Update norms — honest: ['0.06', '0.06', '0.06', '0.06', '0.07'], attacker: ['0.07', '0.07', '0.07', '0.07', '0.07']
2026-05-05 19:40:20 | DEBUG   | dpfl.algorithms.trust_aware.simulator | Round 14 Phase 1+2: 0.89s
2026-05-05 19:40:33 | INFO    | dpfl.core.base_simulator | Round  15/150 | Acc: 0.7415 | Loss: 0.7753 | eps_max: 0.84 eps_avg: 0.84 | P: nan R: nan F1: nan
2026-05-05 19:40:33 | DEBUG   | dpfl.core.base_simulator | Update norms — honest: ['0.06', '0.06', '0.06', '0.06', '0.06'], attacker: ['0.07', '0.06', '0.07', '0.06', '0.06']
2026-05-05 19:40:33 | DEBUG   | dpfl.algorithms.trust_aware.simulator | Round 15 Phase 1+2: 0.92s
2026-05-05 19:40:52 | INFO    | dpfl.core.base_simulator | Round  16/150 | Acc: 0.7444 | Loss: 0.7606 | eps_max: 0.88 eps_avg: 0.88 | P: 0.00 R: nan F1: nan
2026-05-05 19:40:52 | DEBUG   | dpfl.core.base_simulator | Update norms — honest: ['0.06', '0.05', '0.06', '0.06', '0.07'], attacker: ['0.06', '0.06', '0.06', '0.06', '0.07']
2026-05-05 19:40:52 | DEBUG   | dpfl.algorithms.trust_aware.simulator | Round 16 Phase 1+2: 0.18s
2026-05-05 19:41:13 | INFO    | dpfl.core.base_simulator | Round  17/150 | Acc: 0.7472 | Loss: 0.7476 | eps_max: 0.91 eps_avg: 0.91 | P: 0.00 R: nan F1: nan
2026-05-05 19:41:13 | DEBUG   | dpfl.core.base_simulator | Update norms — honest: ['0.05', '0.05', '0.06', '0.05', '0.06'], attacker: ['0.06', '0.06', '0.06', '0.06', '0.06']
2026-05-05 19:41:13 | DEBUG   | dpfl.algorithms.trust_aware.simulator | Round 17 Phase 1+2: 0.18s
2026-05-05 19:41:28 | INFO    | dpfl.core.base_simulator | Round  18/150 | Acc: 0.7502 | Loss: 0.7358 | eps_max: 0.95 eps_avg: 0.95 | P: nan R: nan F1: nan
2026-05-05 19:41:28 | DEBUG   | dpfl.core.base_simulator | Update norms — honest: ['0.05', '0.05', '0.05', '0.05', '0.05'], attacker: ['0.06', '0.06', '0.06', '0.06', '0.05']
2026-05-05 19:41:28 | DEBUG   | dpfl.algorithms.trust_aware.simulator | Round 18 Phase 1+2: 0.18s
2026-05-05 19:41:38 | INFO    | dpfl.core.base_simulator | Round  19/150 | Acc: 0.7527 | Loss: 0.7254 | eps_max: 0.98 eps_avg: 0.98 | P: nan R: nan F1: nan
2026-05-05 19:41:38 | DEBUG   | dpfl.core.base_simulator | Update norms — honest: ['0.05', '0.05', '0.05', '0.05', '0.05'], attacker: ['0.06', '0.06', '0.05', '0.06', '0.05']
2026-05-05 19:41:38 | DEBUG   | dpfl.algorithms.trust_aware.simulator | Round 19 Phase 1+2: 0.31s
2026-05-05 19:41:44 | INFO    | dpfl.core.base_simulator | Round  20/150 | Acc: 0.7547 | Loss: 0.7157 | eps_max: 1.02 eps_avg: 1.02 | P: 0.00 R: nan F1: nan
2026-05-05 19:41:44 | DEBUG   | dpfl.core.base_simulator | Update norms — honest: ['0.05', '0.05', '0.05', '0.05', '0.05'], attacker: ['0.05', '0.05', '0.05', '0.05', '0.05']
2026-05-05 19:41:45 | DEBUG   | dpfl.algorithms.trust_aware.simulator | Round 20 Phase 1+2: 0.91s
2026-05-05 19:41:55 | INFO    | dpfl.core.base_simulator | Round  21/150 | Acc: 0.7568 | Loss: 0.7070 | eps_max: 1.06 eps_avg: 1.06 | P: nan R: nan F1: nan
2026-05-05 19:41:55 | DEBUG   | dpfl.core.base_simulator | Update norms — honest: ['0.05', '0.05', '0.04', '0.05', '0.05'], attacker: ['0.05', '0.05', '0.05', '0.05', '0.05']
2026-05-05 19:41:56 | DEBUG   | dpfl.algorithms.trust_aware.simulator | Round 21 Phase 1+2: 0.90s
2026-05-05 19:42:13 | INFO    | dpfl.core.base_simulator | Round  22/150 | Acc: 0.7587 | Loss: 0.6993 | eps_max: 1.10 eps_avg: 1.10 | P: nan R: nan F1: nan
2026-05-05 19:42:13 | DEBUG   | dpfl.core.base_simulator | Update norms — honest: ['0.05', '0.05', '0.05', '0.05', '0.04'], attacker: ['0.05', '0.05', '0.05', '0.05', '0.05']
2026-05-05 19:42:13 | DEBUG   | dpfl.algorithms.trust_aware.simulator | Round 22 Phase 1+2: 0.18s
2026-05-05 19:42:35 | INFO    | dpfl.core.base_simulator | Round  23/150 | Acc: 0.7608 | Loss: 0.6916 | eps_max: 1.15 eps_avg: 1.15 | P: nan R: nan F1: nan
2026-05-05 19:42:35 | DEBUG   | dpfl.core.base_simulator | Update norms — honest: ['0.04', '0.05', '0.05', '0.04', '0.04'], attacker: ['0.05', '0.05', '0.05', '0.05', '0.05']
2026-05-05 19:42:36 | DEBUG   | dpfl.algorithms.trust_aware.simulator | Round 23 Phase 1+2: 0.17s
2026-05-05 19:42:51 | INFO    | dpfl.core.base_simulator | Round  24/150 | Acc: 0.7624 | Loss: 0.6850 | eps_max: 1.19 eps_avg: 1.19 | P: 0.00 R: nan F1: nan
2026-05-05 19:42:51 | DEBUG   | dpfl.core.base_simulator | Update norms — honest: ['0.05', '0.04', '0.05', '0.05', '0.04'], attacker: ['0.05', '0.05', '0.04', '0.04', '0.05']
2026-05-05 19:42:51 | DEBUG   | dpfl.algorithms.trust_aware.simulator | Round 24 Phase 1+2: 0.17s
2026-05-05 19:43:00 | INFO    | dpfl.core.base_simulator | Round  25/150 | Acc: 0.7642 | Loss: 0.6786 | eps_max: 1.22 eps_avg: 1.22 | P: 0.00 R: nan F1: nan
2026-05-05 19:43:00 | DEBUG   | dpfl.core.base_simulator | Update norms — honest: ['0.04', '0.04', '0.04', '0.04', '0.04'], attacker: ['0.05', '0.05', '0.04', '0.04', '0.05']
2026-05-05 19:43:00 | DEBUG   | dpfl.algorithms.trust_aware.simulator | Round 25 Phase 1+2: 0.17s
2026-05-05 19:43:06 | INFO    | dpfl.core.base_simulator | Round  26/150 | Acc: 0.7656 | Loss: 0.6732 | eps_max: 1.26 eps_avg: 1.26 | P: nan R: nan F1: nan
2026-05-05 19:43:06 | DEBUG   | dpfl.core.base_simulator | Update norms — honest: ['0.04', '0.04', '0.04', '0.04', '0.04'], attacker: ['0.05', '0.05', '0.04', '0.04', '0.04']
2026-05-05 19:43:07 | DEBUG   | dpfl.algorithms.trust_aware.simulator | Round 26 Phase 1+2: 0.90s
2026-05-05 19:43:18 | INFO    | dpfl.core.base_simulator | Round  27/150 | Acc: 0.7670 | Loss: 0.6675 | eps_max: 1.29 eps_avg: 1.29 | P: 0.00 R: nan F1: nan
2026-05-05 19:43:18 | DEBUG   | dpfl.core.base_simulator | Update norms — honest: ['0.04', '0.05', '0.04', '0.05', '0.04'], attacker: ['0.04', '0.04', '0.04', '0.04', '0.04']
2026-05-05 19:43:19 | DEBUG   | dpfl.algorithms.trust_aware.simulator | Round 27 Phase 1+2: 0.91s
2026-05-05 19:43:37 | INFO    | dpfl.core.base_simulator | Round  28/150 | Acc: 0.7685 | Loss: 0.6625 | eps_max: 1.32 eps_avg: 1.32 | P: 0.00 R: nan F1: nan
2026-05-05 19:43:37 | DEBUG   | dpfl.core.base_simulator | Update norms — honest: ['0.04', '0.04', '0.04', '0.04', '0.04'], attacker: ['0.04', '0.04', '0.04', '0.04', '0.04']
2026-05-05 19:43:37 | DEBUG   | dpfl.algorithms.trust_aware.simulator | Round 28 Phase 1+2: 0.18s
2026-05-05 19:43:59 | INFO    | dpfl.core.base_simulator | Round  29/150 | Acc: 0.7699 | Loss: 0.6576 | eps_max: 1.36 eps_avg: 1.36 | P: 0.00 R: nan F1: nan
2026-05-05 19:43:59 | DEBUG   | dpfl.core.base_simulator | Update norms — honest: ['0.05', '0.05', '0.04', '0.04', '0.04'], attacker: ['0.04', '0.04', '0.04', '0.04', '0.04']
2026-05-05 19:43:59 | DEBUG   | dpfl.algorithms.trust_aware.simulator | Round 29 Phase 1+2: 0.17s
2026-05-05 19:44:15 | INFO    | dpfl.core.base_simulator | Round  30/150 | Acc: 0.7712 | Loss: 0.6532 | eps_max: 1.39 eps_avg: 1.39 | P: nan R: nan F1: nan
2026-05-05 19:44:15 | DEBUG   | dpfl.core.base_simulator | Update norms — honest: ['0.04', '0.04', '0.04', '0.04', '0.04'], attacker: ['0.04', '0.04', '0.04', '0.04', '0.04']
2026-05-05 19:44:15 | DEBUG   | dpfl.algorithms.trust_aware.simulator | Round 30 Phase 1+2: 0.18s
2026-05-05 19:44:24 | INFO    | dpfl.core.base_simulator | Round  31/150 | Acc: 0.7724 | Loss: 0.6490 | eps_max: 1.43 eps_avg: 1.43 | P: nan R: nan F1: nan
2026-05-05 19:44:24 | DEBUG   | dpfl.core.base_simulator | Update norms — honest: ['0.04', '0.04', '0.04', '0.04', '0.04'], attacker: ['0.04', '0.04', '0.04', '0.04', '0.04']
2026-05-05 19:44:24 | DEBUG   | dpfl.algorithms.trust_aware.simulator | Round 31 Phase 1+2: 0.17s
2026-05-05 19:44:30 | INFO    | dpfl.core.base_simulator | Round  32/150 | Acc: 0.7735 | Loss: 0.6451 | eps_max: 1.47 eps_avg: 1.47 | P: 0.00 R: nan F1: nan
2026-05-05 19:44:30 | DEBUG   | dpfl.core.base_simulator | Update norms — honest: ['0.04', '0.04', '0.04', '0.04', '0.04'], attacker: ['0.04', '0.04', '0.04', '0.04', '0.04']
2026-05-05 19:44:31 | DEBUG   | dpfl.algorithms.trust_aware.simulator | Round 32 Phase 1+2: 0.91s
2026-05-05 19:44:42 | INFO    | dpfl.core.base_simulator | Round  33/150 | Acc: 0.7745 | Loss: 0.6415 | eps_max: 1.51 eps_avg: 1.51 | P: 0.00 R: nan F1: nan
2026-05-05 19:44:42 | DEBUG   | dpfl.core.base_simulator | Update norms — honest: ['0.04', '0.04', '0.04', '0.04', '0.04'], attacker: ['0.04', '0.05', '0.04', '0.04', '0.04']
2026-05-05 19:44:43 | DEBUG   | dpfl.algorithms.trust_aware.simulator | Round 33 Phase 1+2: 0.90s
2026-05-05 19:45:01 | INFO    | dpfl.core.base_simulator | Round  34/150 | Acc: 0.7756 | Loss: 0.6379 | eps_max: 1.56 eps_avg: 1.56 | P: nan R: nan F1: nan
2026-05-05 19:45:01 | DEBUG   | dpfl.core.base_simulator | Update norms — honest: ['0.04', '0.04', '0.04', '0.04', '0.04'], attacker: ['0.04', '0.04', '0.04', '0.04', '0.04']
2026-05-05 19:45:01 | DEBUG   | dpfl.algorithms.trust_aware.simulator | Round 34 Phase 1+2: 0.18s
2026-05-05 19:45:24 | INFO    | dpfl.core.base_simulator | Round  35/150 | Acc: 0.7766 | Loss: 0.6347 | eps_max: 1.60 eps_avg: 1.60 | P: 0.00 R: nan F1: nan
2026-05-05 19:45:24 | DEBUG   | dpfl.core.base_simulator | Update norms — honest: ['0.04', '0.04', '0.03', '0.04', '0.03'], attacker: ['0.04', '0.04', '0.04', '0.04', '0.04']
2026-05-05 19:45:25 | DEBUG   | dpfl.algorithms.trust_aware.simulator | Round 35 Phase 1+2: 0.17s
2026-05-05 19:45:40 | INFO    | dpfl.core.base_simulator | Round  36/150 | Acc: 0.7775 | Loss: 0.6316 | eps_max: 1.63 eps_avg: 1.63 | P: nan R: nan F1: nan
2026-05-05 19:45:40 | DEBUG   | dpfl.core.base_simulator | Update norms — honest: ['0.04', '0.04', '0.03', '0.03', '0.04'], attacker: ['0.04', '0.04', '0.04', '0.04', '0.04']
2026-05-05 19:45:40 | DEBUG   | dpfl.algorithms.trust_aware.simulator | Round 36 Phase 1+2: 0.18s
2026-05-05 19:46:01 | INFO    | dpfl.core.base_simulator | Round  37/150 | Acc: 0.7780 | Loss: 0.6291 | eps_max: 1.67 eps_avg: 1.67 | P: 0.00 R: nan F1: nan
2026-05-05 19:46:01 | DEBUG   | dpfl.core.base_simulator | Update norms — honest: ['0.03', '0.04', '0.04', '0.03', '0.03'], attacker: ['0.05', '0.04', '0.03', '0.04', '0.04']
2026-05-05 19:46:01 | DEBUG   | dpfl.algorithms.trust_aware.simulator | Round 37 Phase 1+2: 0.86s
2026-05-05 19:46:24 | INFO    | dpfl.core.base_simulator | Round  38/150 | Acc: 0.7790 | Loss: 0.6265 | eps_max: 1.70 eps_avg: 1.70 | P: nan R: nan F1: nan
2026-05-05 19:46:24 | DEBUG   | dpfl.core.base_simulator | Update norms — honest: ['0.03', '0.04', '0.03', '0.03', '0.04'], attacker: ['0.03', '0.04', '0.03', '0.04', '0.04']
2026-05-05 19:46:25 | DEBUG   | dpfl.algorithms.trust_aware.simulator | Round 38 Phase 1+2: 0.92s
2026-05-05 19:46:45 | INFO    | dpfl.core.base_simulator | Round  39/150 | Acc: 0.7796 | Loss: 0.6239 | eps_max: 1.74 eps_avg: 1.74 | P: 0.00 R: nan F1: nan
2026-05-05 19:46:45 | DEBUG   | dpfl.core.base_simulator | Update norms — honest: ['0.03', '0.04', '0.03', '0.03', '0.04'], attacker: ['0.04', '0.04', '0.04', '0.04', '0.04']
2026-05-05 19:46:46 | DEBUG   | dpfl.algorithms.trust_aware.simulator | Round 39 Phase 1+2: 0.89s
2026-05-05 19:47:02 | INFO    | dpfl.core.base_simulator | Round  40/150 | Acc: 0.7805 | Loss: 0.6212 | eps_max: 1.78 eps_avg: 1.78 | P: 0.00 R: nan F1: nan
2026-05-05 19:47:02 | DEBUG   | dpfl.core.base_simulator | Update norms — honest: ['0.03', '0.03', '0.03', '0.03', '0.04'], attacker: ['0.03', '0.04', '0.03', '0.04', '0.04']
2026-05-05 19:47:03 | DEBUG   | dpfl.algorithms.trust_aware.simulator | Round 40 Phase 1+2: 0.90s
2026-05-05 19:47:14 | INFO    | dpfl.core.base_simulator | Round  41/150 | Acc: 0.7812 | Loss: 0.6191 | eps_max: 1.82 eps_avg: 1.82 | P: 0.00 R: nan F1: nan
2026-05-05 19:47:14 | DEBUG   | dpfl.core.base_simulator | Update norms — honest: ['0.04', '0.04', '0.04', '0.04', '0.03'], attacker: ['0.04', '0.03', '0.03', '0.03', '0.04']
2026-05-05 19:47:14 | DEBUG   | dpfl.algorithms.trust_aware.simulator | Round 41 Phase 1+2: 0.18s
2026-05-05 19:47:22 | INFO    | dpfl.core.base_simulator | Round  42/150 | Acc: 0.7821 | Loss: 0.6168 | eps_max: 1.86 eps_avg: 1.86 | P: 0.00 R: nan F1: nan
2026-05-05 19:47:22 | DEBUG   | dpfl.core.base_simulator | Update norms — honest: ['0.03', '0.03', '0.03', '0.04', '0.03'], attacker: ['0.03', '0.04', '0.03', '0.03', '0.03']
2026-05-05 19:47:23 | DEBUG   | dpfl.algorithms.trust_aware.simulator | Round 42 Phase 1+2: 0.17s
2026-05-05 19:47:35 | INFO    | dpfl.core.base_simulator | Round  43/150 | Acc: 0.7824 | Loss: 0.6149 | eps_max: 1.90 eps_avg: 1.90 | P: 0.00 R: nan F1: nan
2026-05-05 19:47:35 | DEBUG   | dpfl.core.base_simulator | Update norms — honest: ['0.04', '0.04', '0.03', '0.03', '0.03'], attacker: ['0.03', '0.04', '0.03', '0.03', '0.03']
2026-05-05 19:47:36 | DEBUG   | dpfl.algorithms.trust_aware.simulator | Round 43 Phase 1+2: 0.18s
2026-05-05 19:47:52 | INFO    | dpfl.core.base_simulator | Round  44/150 | Acc: 0.7833 | Loss: 0.6126 | eps_max: 1.95 eps_avg: 1.95 | P: 0.00 R: nan F1: nan
2026-05-05 19:47:52 | DEBUG   | dpfl.core.base_simulator | Update norms — honest: ['0.03', '0.04', '0.04', '0.04', '0.04'], attacker: ['0.04', '0.03', '0.03', '0.04', '0.04']
2026-05-05 19:47:52 | DEBUG   | dpfl.algorithms.trust_aware.simulator | Round 44 Phase 1+2: 0.18s
2026-05-05 19:48:15 | INFO    | dpfl.core.base_simulator | Round  45/150 | Acc: 0.7838 | Loss: 0.6106 | eps_max: 2.00 eps_avg: 2.00 | P: 0.00 R: nan F1: nan
2026-05-05 19:48:15 | DEBUG   | dpfl.core.base_simulator | Update norms — honest: ['0.04', '0.04', '0.03', '0.03', '0.03'], attacker: ['0.03', '0.03', '0.03', '0.04', '0.03']
2026-05-05 19:48:15 | DEBUG   | dpfl.algorithms.trust_aware.simulator | Round 45 Phase 1+2: 0.91s
2026-05-05 19:48:37 | INFO    | dpfl.core.base_simulator | Round  46/150 | Acc: 0.7844 | Loss: 0.6089 | eps_max: 2.04 eps_avg: 2.04 | P: 0.00 R: nan F1: nan
2026-05-05 19:48:37 | DEBUG   | dpfl.core.base_simulator | Update norms — honest: ['0.04', '0.04', '0.04', '0.03', '0.03'], attacker: ['0.03', '0.04', '0.03', '0.04', '0.03']
2026-05-05 19:48:38 | DEBUG   | dpfl.algorithms.trust_aware.simulator | Round 46 Phase 1+2: 0.89s
2026-05-05 19:48:59 | INFO    | dpfl.core.base_simulator | Round  47/150 | Acc: 0.7851 | Loss: 0.6071 | eps_max: 2.08 eps_avg: 2.08 | P: nan R: nan F1: nan
2026-05-05 19:48:59 | DEBUG   | dpfl.core.base_simulator | Update norms — honest: ['0.03', '0.03', '0.03', '0.03', '0.03'], attacker: ['0.03', '0.03', '0.03', '0.04', '0.03']
2026-05-05 19:49:00 | DEBUG   | dpfl.algorithms.trust_aware.simulator | Round 47 Phase 1+2: 0.91s
2026-05-05 19:49:16 | INFO    | dpfl.core.base_simulator | Round  48/150 | Acc: 0.7855 | Loss: 0.6056 | eps_max: 2.11 eps_avg: 2.11 | P: 0.00 R: nan F1: nan
2026-05-05 19:49:16 | DEBUG   | dpfl.core.base_simulator | Update norms — honest: ['0.03', '0.04', '0.04', '0.03', '0.03'], attacker: ['0.03', '0.04', '0.03', '0.03', '0.03']
2026-05-05 19:49:17 | DEBUG   | dpfl.algorithms.trust_aware.simulator | Round 48 Phase 1+2: 0.89s
2026-05-05 19:49:27 | INFO    | dpfl.core.base_simulator | Round  49/150 | Acc: 0.7861 | Loss: 0.6039 | eps_max: 2.15 eps_avg: 2.15 | P: 0.00 R: nan F1: nan
2026-05-05 19:49:27 | DEBUG   | dpfl.core.base_simulator | Update norms — honest: ['0.04', '0.03', '0.03', '0.03', '0.03'], attacker: ['0.03', '0.04', '0.03', '0.04', '0.03']
2026-05-05 19:49:27 | DEBUG   | dpfl.algorithms.trust_aware.simulator | Round 49 Phase 1+2: 0.17s
2026-05-05 19:49:37 | INFO    | dpfl.core.base_simulator | Round  50/150 | Acc: 0.7867 | Loss: 0.6024 | eps_max: 2.19 eps_avg: 2.19 | P: nan R: nan F1: nan
2026-05-05 19:49:37 | DEBUG   | dpfl.core.base_simulator | Update norms — honest: ['0.03', '0.03', '0.03', '0.03', '0.04'], attacker: ['0.03', '0.03', '0.03', '0.04', '0.04']
2026-05-05 19:49:37 | DEBUG   | dpfl.algorithms.trust_aware.simulator | Round 50 Phase 1+2: 0.15s
2026-05-05 19:49:52 | INFO    | dpfl.core.base_simulator | Round  51/150 | Acc: 0.7870 | Loss: 0.6012 | eps_max: 2.22 eps_avg: 2.22 | P: 0.92 R: 0.85 F1: 0.91
2026-05-05 19:49:52 | DEBUG   | dpfl.core.base_simulator | Update norms — honest: ['0.04', '0.03', '0.04', '0.03', '0.04'], attacker: ['0.17', '0.17', '0.16', '0.17', '0.16']
2026-05-05 19:49:52 | DEBUG   | dpfl.algorithms.trust_aware.simulator | Round 51 Phase 1+2: 0.13s
2026-05-05 19:50:02 | INFO    | dpfl.core.base_simulator | Round  52/150 | Acc: 0.7874 | Loss: 0.5997 | eps_max: 2.26 eps_avg: 2.26 | P: 0.87 R: 0.70 F1: 0.82
2026-05-05 19:50:02 | DEBUG   | dpfl.core.base_simulator | Update norms — honest: ['0.03', '0.04', '0.03', '0.03', '0.03'], attacker: ['0.18', '0.23', '0.17', '0.20', '0.28']
2026-05-05 19:50:02 | DEBUG   | dpfl.algorithms.trust_aware.simulator | Round 52 Phase 1+2: 0.13s
2026-05-05 19:50:08 | INFO    | dpfl.core.base_simulator | Round  53/150 | Acc: 0.7878 | Loss: 0.5989 | eps_max: 2.30 eps_avg: 2.30 | P: 1.00 R: 0.49 F1: 0.63
2026-05-05 19:50:08 | DEBUG   | dpfl.core.base_simulator | Update norms — honest: ['0.03', '0.03', '0.03', '0.03', '0.04'], attacker: ['0.38', '0.49', '0.29', '0.38', '0.56']
2026-05-05 19:50:08 | DEBUG   | dpfl.algorithms.trust_aware.simulator | Round 53 Phase 1+2: 0.49s
2026-05-05 19:50:16 | INFO    | dpfl.core.base_simulator | Round  54/150 | Acc: 0.7877 | Loss: 0.5987 | eps_max: 2.34 eps_avg: 2.34 | P: 0.91 R: 0.33 F1: 0.49
2026-05-05 19:50:16 | DEBUG   | dpfl.core.base_simulator | Update norms — honest: ['0.03', '0.04', '0.03', '0.04', '0.03'], attacker: ['0.94', '1.24', '0.63', '0.99', '1.37']
2026-05-05 19:50:17 | DEBUG   | dpfl.algorithms.trust_aware.simulator | Round 54 Phase 1+2: 0.50s
2026-05-05 19:50:31 | INFO    | dpfl.core.base_simulator | Round  55/150 | Acc: 0.7877 | Loss: 0.5992 | eps_max: 2.39 eps_avg: 2.39 | P: 0.83 R: 0.24 F1: 0.37
2026-05-05 19:50:31 | DEBUG   | dpfl.core.base_simulator | Update norms — honest: ['0.03', '0.03', '0.03', '0.03', '0.03'], attacker: ['2.47', '3.19', '1.60', '2.51', '2.42']
2026-05-05 19:50:31 | DEBUG   | dpfl.algorithms.trust_aware.simulator | Round 55 Phase 1+2: 0.49s
2026-05-05 19:50:50 | INFO    | dpfl.core.base_simulator | Round  56/150 | Acc: 0.7859 | Loss: 0.6054 | eps_max: 2.43 eps_avg: 2.43 | P: 0.89 R: 0.20 F1: 0.31
2026-05-05 19:50:50 | DEBUG   | dpfl.core.base_simulator | Update norms — honest: ['0.04', '0.03', '0.03', '0.03', '0.03'], attacker: ['5.69', '6.24', '3.46', '5.69', '4.90']
2026-05-05 19:50:50 | DEBUG   | dpfl.algorithms.trust_aware.simulator | Round 56 Phase 1+2: 0.14s
2026-05-05 19:51:12 | INFO    | dpfl.core.base_simulator | Round  57/150 | Acc: 0.7863 | Loss: 0.6099 | eps_max: 2.48 eps_avg: 2.48 | P: 1.00 R: 0.29 F1: 0.42
2026-05-05 19:51:12 | DEBUG   | dpfl.core.base_simulator | Update norms — honest: ['0.03', '0.03', '0.03', '0.03', '0.03'], attacker: ['12.89', '14.50', '6.94', '13.68', '11.28']
2026-05-05 19:51:12 | DEBUG   | dpfl.algorithms.trust_aware.simulator | Round 57 Phase 1+2: 0.13s
2026-05-05 19:51:28 | INFO    | dpfl.core.base_simulator | Round  58/150 | Acc: 0.7868 | Loss: 0.6181 | eps_max: 2.52 eps_avg: 2.52 | P: 0.78 R: 0.85 F1: 0.89
2026-05-05 19:51:28 | DEBUG   | dpfl.core.base_simulator | Update norms — honest: ['0.03', '0.03', '0.03', '0.04', '0.03'], attacker: ['30.29', '33.98', '15.31', '34.78', '27.78']
2026-05-05 19:51:28 | DEBUG   | dpfl.algorithms.trust_aware.simulator | Round 58 Phase 1+2: 0.14s
2026-05-05 19:51:39 | INFO    | dpfl.core.base_simulator | Round  59/150 | Acc: 0.7897 | Loss: 0.5935 | eps_max: 2.57 eps_avg: 2.57 | P: 0.87 R: 0.98 F1: 0.99
2026-05-05 19:51:39 | DEBUG   | dpfl.core.base_simulator | Update norms — honest: ['0.03', '0.03', '0.03', '0.03', '0.03'], attacker: ['72.89', '84.00', '35.90', '89.36', '68.79']
2026-05-05 19:51:40 | DEBUG   | dpfl.algorithms.trust_aware.simulator | Round 59 Phase 1+2: 0.13s
2026-05-05 19:51:46 | INFO    | dpfl.core.base_simulator | Round  60/150 | Acc: 0.7891 | Loss: 0.5977 | eps_max: 2.62 eps_avg: 2.62 | P: 1.00 R: 1.00 F1: 1.00
2026-05-05 19:51:46 | DEBUG   | dpfl.core.base_simulator | Update norms — honest: ['0.06', '0.03', '0.03', '0.03', '0.03'], attacker: ['178.93', '212.04', '85.53', '228.60', '170.49']
2026-05-05 19:51:47 | DEBUG   | dpfl.algorithms.trust_aware.simulator | Round 60 Phase 1+2: 0.13s
2026-05-05 19:51:53 | INFO    | dpfl.core.base_simulator | Round  61/150 | Acc: 0.7888 | Loss: 0.6055 | eps_max: 2.67 eps_avg: 2.67 | P: 1.00 R: 1.00 F1: 1.00
2026-05-05 19:51:53 | DEBUG   | dpfl.core.base_simulator | Update norms — honest: ['0.27', '0.04', '0.03', '0.03', '0.03'], attacker: ['440.45', '550.32', '208.23', '580.69', '431.45']
2026-05-05 19:51:53 | DEBUG   | dpfl.algorithms.trust_aware.simulator | Round 61 Phase 1+2: 0.50s
2026-05-05 19:52:01 | INFO    | dpfl.core.base_simulator | Round  62/150 | Acc: 0.7904 | Loss: 0.5917 | eps_max: 2.73 eps_avg: 2.73 | P: 0.90 R: 1.00 F1: 1.00
2026-05-05 19:52:01 | DEBUG   | dpfl.core.base_simulator | Update norms — honest: ['0.03', '0.04', '0.03', '0.04', '0.03'], attacker: ['1098.13', '1427.25', '523.70', '1455.98', '1102.16']
2026-05-05 19:52:01 | DEBUG   | dpfl.algorithms.trust_aware.simulator | Round 62 Phase 1+2: 0.50s
2026-05-05 19:52:14 | INFO    | dpfl.core.base_simulator | Round  63/150 | Acc: 0.7909 | Loss: 0.5911 | eps_max: 2.78 eps_avg: 2.78 | P: 0.83 R: 1.00 F1: 1.00
2026-05-05 19:52:14 | DEBUG   | dpfl.core.base_simulator | Update norms — honest: ['0.03', '0.03', '0.03', '0.03', '0.03'], attacker: ['2756.38', '3677.93', '1332.01', '3651.54', '2852.58']
2026-05-05 19:52:15 | DEBUG   | dpfl.algorithms.trust_aware.simulator | Round 63 Phase 1+2: 0.51s
2026-05-05 19:52:33 | INFO    | dpfl.core.base_simulator | Round  64/150 | Acc: 0.7912 | Loss: 0.5898 | eps_max: 2.84 eps_avg: 2.84 | P: 0.85 R: 1.00 F1: 0.99
2026-05-05 19:52:33 | DEBUG   | dpfl.core.base_simulator | Update norms — honest: ['0.03', '0.03', '0.03', '0.03', '0.03'], attacker: ['7010.59', '9165.71', '3410.72', '9144.96', '7457.78']
2026-05-05 19:52:34 | DEBUG   | dpfl.algorithms.trust_aware.simulator | Round 64 Phase 1+2: 0.52s
2026-05-05 19:52:57 | INFO    | dpfl.core.base_simulator | Round  65/150 | Acc: 0.7912 | Loss: 0.5899 | eps_max: 2.88 eps_avg: 2.88 | P: 0.99 R: 1.00 F1: 0.99
2026-05-05 19:52:57 | DEBUG   | dpfl.core.base_simulator | Update norms — honest: ['0.03', '0.03', '0.03', '0.03', '0.03'], attacker: ['18046.24', '23553.97', '8931.33', '22761.38', '19440.77']
2026-05-05 19:52:57 | DEBUG   | dpfl.algorithms.trust_aware.simulator | Round 65 Phase 1+2: 0.13s
2026-05-05 19:53:16 | INFO    | dpfl.core.base_simulator | Round  66/150 | Acc: 0.7917 | Loss: 0.5892 | eps_max: 2.91 eps_avg: 2.91 | P: 1.00 R: 1.00 F1: 1.00
2026-05-05 19:53:16 | DEBUG   | dpfl.core.base_simulator | Update norms — honest: ['0.03', '0.04', '0.03', '0.03', '0.03'], attacker: ['46695.26', '58664.04', '23670.11', '57109.36', '48746.76']
2026-05-05 19:53:16 | DEBUG   | dpfl.algorithms.trust_aware.simulator | Round 66 Phase 1+2: 0.13s
2026-05-05 19:53:31 | INFO    | dpfl.core.base_simulator | Round  67/150 | Acc: 0.7920 | Loss: 0.5885 | eps_max: 2.95 eps_avg: 2.95 | P: 1.00 R: 1.00 F1: 1.00
2026-05-05 19:53:31 | DEBUG   | dpfl.core.base_simulator | Update norms — honest: ['0.03', '0.03', '0.03', '0.03', '0.03'], attacker: ['122633.80', '144573.80', '62124.60', '142307.00', '125583.50']
2026-05-05 19:53:31 | DEBUG   | dpfl.algorithms.trust_aware.simulator | Round 67 Phase 1+2: 0.13s
2026-05-05 19:53:42 | INFO    | dpfl.core.base_simulator | Round  68/150 | Acc: 0.7921 | Loss: 0.5875 | eps_max: 2.99 eps_avg: 2.99 | P: 0.90 R: 1.00 F1: 0.99
2026-05-05 19:53:42 | DEBUG   | dpfl.core.base_simulator | Update norms — honest: ['0.03', '0.03', '0.03', '0.05', '0.03'], attacker: ['323640.44', '362280.06', '157108.48', '356546.22', '308499.69']
2026-05-05 19:53:42 | DEBUG   | dpfl.algorithms.trust_aware.simulator | Round 68 Phase 1+2: 0.14s
2026-05-05 19:53:50 | INFO    | dpfl.core.base_simulator | Round  69/150 | Acc: 0.7927 | Loss: 0.5865 | eps_max: 3.02 eps_avg: 3.02 | P: 0.83 R: 1.00 F1: 0.99
2026-05-05 19:53:50 | DEBUG   | dpfl.core.base_simulator | Update norms — honest: ['0.03', '0.03', '0.03', '0.03', '0.02'], attacker: ['827980.62', '926765.88', '395439.94', '891083.44', '784798.38']
2026-05-05 19:53:50 | DEBUG   | dpfl.algorithms.trust_aware.simulator | Round 69 Phase 1+2: 0.14s
2026-05-05 19:53:57 | INFO    | dpfl.core.base_simulator | Round  70/150 | Acc: 0.7927 | Loss: 0.5865 | eps_max: 3.06 eps_avg: 3.06 | P: 1.00 R: 1.00 F1: 1.00
2026-05-05 19:53:57 | DEBUG   | dpfl.core.base_simulator | Update norms — honest: ['0.03', '0.03', '0.03', '0.03', '0.04'], attacker: ['2089676.38', '2266495.00', '987689.81', '2251436.25', '1918347.75']
2026-05-05 19:53:57 | DEBUG   | dpfl.algorithms.trust_aware.simulator | Round 70 Phase 1+2: 0.16s
2026-05-05 19:54:04 | INFO    | dpfl.core.base_simulator | Round  71/150 | Acc: 0.7931 | Loss: 0.5854 | eps_max: 3.10 eps_avg: 3.10 | P: 0.60 R: 1.00 F1: 1.00
2026-05-05 19:54:04 | DEBUG   | dpfl.core.base_simulator | Update norms — honest: ['0.03', '0.03', '0.03', '0.03', '0.03'], attacker: ['5210916.50', '5694673.00', '2463478.00', '5528531.00', '4869792.00']
2026-05-05 19:54:04 | DEBUG   | dpfl.algorithms.trust_aware.simulator | Round 71 Phase 1+2: 0.16s
2026-05-05 19:54:11 | INFO    | dpfl.core.base_simulator | Round  72/150 | Acc: 0.7929 | Loss: 0.5858 | eps_max: 3.14 eps_avg: 3.14 | P: 1.00 R: 1.00 F1: 1.00
2026-05-05 19:54:11 | DEBUG   | dpfl.core.base_simulator | Update norms — honest: ['0.02', '0.03', '0.03', '0.02', '0.03'], attacker: ['13031225.00', '14280846.00', '6063299.00', '13856279.00', '12092177.00']
2026-05-05 19:54:11 | DEBUG   | dpfl.algorithms.trust_aware.simulator | Round 72 Phase 1+2: 0.50s
2026-05-05 19:54:25 | INFO    | dpfl.core.base_simulator | Round  73/150 | Acc: 0.7934 | Loss: 0.5846 | eps_max: 3.18 eps_avg: 3.18 | P: 0.89 R: 1.00 F1: 1.00
2026-05-05 19:54:25 | DEBUG   | dpfl.core.base_simulator | Update norms — honest: ['0.04', '0.03', '0.02', '0.03', '0.03'], attacker: ['32507022.00', '35650576.00', '15135260.00', '35064048.00', '30576796.00']
2026-05-05 19:54:25 | DEBUG   | dpfl.algorithms.trust_aware.simulator | Round 73 Phase 1+2: 0.51s
2026-05-05 19:54:43 | INFO    | dpfl.core.base_simulator | Round  74/150 | Acc: 0.7935 | Loss: 0.5850 | eps_max: 3.23 eps_avg: 3.23 | P: 0.85 R: 1.00 F1: 1.00
2026-05-05 19:54:43 | DEBUG   | dpfl.core.base_simulator | Update norms — honest: ['0.03', '0.03', '0.03', '0.03', '0.03'], attacker: ['82224360.00', '88864544.00', '38361068.00', '86865392.00', '76020448.00']
2026-05-05 19:54:43 | DEBUG   | dpfl.algorithms.trust_aware.simulator | Round 74 Phase 1+2: 0.21s
2026-05-05 19:55:07 | INFO    | dpfl.core.base_simulator | Round  75/150 | Acc: 0.7936 | Loss: 0.5843 | eps_max: 3.27 eps_avg: 3.27 | P: 1.00 R: 1.00 F1: 1.00
2026-05-05 19:55:07 | DEBUG   | dpfl.core.base_simulator | Update norms — honest: ['0.03', '0.03', '0.03', '0.03', '0.03'], attacker: ['203706896.00', '222122480.00', '95019824.00', '216928432.00', '190197520.00']
2026-05-05 19:55:07 | DEBUG   | dpfl.algorithms.trust_aware.simulator | Round 75 Phase 1+2: 0.13s
2026-05-05 19:55:27 | INFO    | dpfl.core.base_simulator | Round  76/150 | Acc: 0.7937 | Loss: 0.5841 | eps_max: 3.31 eps_avg: 3.31 | P: 0.99 R: 1.00 F1: 1.00
2026-05-05 19:55:27 | DEBUG   | dpfl.core.base_simulator | Update norms — honest: ['0.03', '0.03', '0.03', '0.03', '0.03'], attacker: ['511210784.00', '556570240.00', '237334176.00', '542393024.00', '475007808.00']
2026-05-05 19:55:27 | DEBUG   | dpfl.algorithms.trust_aware.simulator | Round 76 Phase 1+2: 0.13s
2026-05-05 19:55:44 | INFO    | dpfl.core.base_simulator | Round  77/150 | Acc: 0.7943 | Loss: 0.5835 | eps_max: 3.36 eps_avg: 3.36 | P: 1.00 R: 1.00 F1: 1.00
2026-05-05 19:55:44 | DEBUG   | dpfl.core.base_simulator | Update norms — honest: ['0.03', '0.04', '0.03', '0.03', '0.03'], attacker: ['1269282560.00', '1396967040.00', '596985088.00', '1350617216.00', '1186521728.00']
2026-05-05 19:55:44 | DEBUG   | dpfl.algorithms.trust_aware.simulator | Round 77 Phase 1+2: 0.14s
2026-05-05 19:55:55 | INFO    | dpfl.core.base_simulator | Round  78/150 | Acc: 0.7943 | Loss: 0.5835 | eps_max: 3.40 eps_avg: 3.40 | P: 0.76 R: 1.00 F1: 0.99
2026-05-05 19:55:55 | DEBUG   | dpfl.core.base_simulator | Update norms — honest: ['0.02', '0.03', '0.03', '0.03', '0.03'], attacker: ['3130185984.00', '3481660928.00', '1486847616.00', '3376698112.00', '2965089280.00']
2026-05-05 19:55:55 | DEBUG   | dpfl.algorithms.trust_aware.simulator | Round 78 Phase 1+2: 0.13s
2026-05-05 19:56:04 | INFO    | dpfl.core.base_simulator | Round  79/150 | Acc: 0.7946 | Loss: 0.5830 | eps_max: 3.45 eps_avg: 3.45 | P: 1.00 R: 1.00 F1: 1.00
2026-05-05 19:56:04 | DEBUG   | dpfl.core.base_simulator | Update norms — honest: ['0.02', '0.03', '0.03', '0.03', '0.03'], attacker: ['7833165824.00', '8711652352.00', '3677953280.00', '8566301696.00', '7425187328.00']
2026-05-05 19:56:04 | DEBUG   | dpfl.algorithms.trust_aware.simulator | Round 79 Phase 1+2: 0.13s
2026-05-05 19:56:11 | INFO    | dpfl.core.base_simulator | Round  80/150 | Acc: 0.7947 | Loss: 0.5832 | eps_max: 3.50 eps_avg: 3.50 | P: 1.00 R: 1.00 F1: 1.00
2026-05-05 19:56:11 | DEBUG   | dpfl.core.base_simulator | Update norms — honest: ['0.02', '0.03', '0.03', '0.03', '0.03'], attacker: ['19619059712.00', '21874204672.00', '9254370304.00', '21629161472.00', '18563010560.00']
2026-05-05 19:56:11 | DEBUG   | dpfl.algorithms.trust_aware.simulator | Round 80 Phase 1+2: 0.14s
2026-05-05 19:56:18 | INFO    | dpfl.core.base_simulator | Round  81/150 | Acc: 0.7947 | Loss: 0.5832 | eps_max: 3.55 eps_avg: 3.55 | P: 0.91 R: 1.00 F1: 1.00
2026-05-05 19:56:18 | DEBUG   | dpfl.core.base_simulator | Update norms — honest: ['0.03', '0.03', '0.03', '0.03', '0.03'], attacker: ['49272606720.00', '55643283456.00', '23260184576.00', '53605810176.00', '46815813632.00']
2026-05-05 19:56:19 | DEBUG   | dpfl.algorithms.trust_aware.simulator | Round 81 Phase 1+2: 0.13s
2026-05-05 19:56:26 | INFO    | dpfl.core.base_simulator | Round  82/150 | Acc: 0.7943 | Loss: 0.5852 | eps_max: 3.60 eps_avg: 3.60 | P: 1.00 R: 1.00 F1: 1.00
2026-05-05 19:56:26 | DEBUG   | dpfl.core.base_simulator | Update norms — honest: ['0.03', '0.03', '0.03', '0.04', '0.03'], attacker: ['121030090752.00', '135196041216.00', '57337417728.00', '132209401856.00', '117534408704.00']
2026-05-05 19:56:26 | DEBUG   | dpfl.algorithms.trust_aware.simulator | Round 82 Phase 1+2: 0.13s
2026-05-05 19:56:33 | INFO    | dpfl.core.base_simulator | Round  83/150 | Acc: 0.7948 | Loss: 0.5836 | eps_max: 3.65 eps_avg: 3.65 | P: 1.00 R: 1.00 F1: 1.00
2026-05-05 19:56:33 | DEBUG   | dpfl.core.base_simulator | Update norms — honest: ['0.03', '0.03', '0.04', '0.03', '0.03'], attacker: ['306581864448.00', '341179105280.00', '143386312704.00', '333804765184.00', '291801006080.00']
2026-05-05 19:56:34 | DEBUG   | dpfl.algorithms.trust_aware.simulator | Round 83 Phase 1+2: 0.50s
2026-05-05 19:56:43 | INFO    | dpfl.core.base_simulator | Round  84/150 | Acc: 0.7947 | Loss: 0.5840 | eps_max: 3.71 eps_avg: 3.71 | P: 0.99 R: 1.00 F1: 1.00
2026-05-05 19:56:43 | DEBUG   | dpfl.core.base_simulator | Update norms — honest: ['0.03', '0.02', '0.02', '0.03', '0.03'], attacker: ['759250223104.00', '867839442944.00', '358271680512.00', '830494081024.00', '723630489600.00']
2026-05-05 19:56:44 | DEBUG   | dpfl.algorithms.trust_aware.simulator | Round 84 Phase 1+2: 0.50s
2026-05-05 19:56:59 | INFO    | dpfl.core.base_simulator | Round  85/150 | Acc: 0.7950 | Loss: 0.5830 | eps_max: 3.76 eps_avg: 3.76 | P: 1.00 R: 1.00 F1: 1.00
2026-05-05 19:56:59 | DEBUG   | dpfl.core.base_simulator | Update norms — honest: ['0.04', '0.03', '0.03', '0.02', '0.03'], attacker: ['1935453585408.00', '2126987132928.00', '906711334912.00', '2078392320000.00', '1818152140800.00']
2026-05-05 19:57:00 | DEBUG   | dpfl.algorithms.trust_aware.simulator | Round 85 Phase 1+2: 0.49s
2026-05-05 19:57:16 | INFO    | dpfl.core.base_simulator | Round  86/150 | Acc: 0.7954 | Loss: 0.5822 | eps_max: 3.82 eps_avg: 3.82 | P: 0.83 R: 1.00 F1: 1.00
2026-05-05 19:57:16 | DEBUG   | dpfl.core.base_simulator | Update norms — honest: ['0.03', '0.03', '0.03', '0.02', '0.03'], attacker: ['4824060919808.00', '5333571338240.00', '2230392717312.00', '5183105400832.00', '4524569264128.00']
2026-05-05 19:57:16 | DEBUG   | dpfl.algorithms.trust_aware.simulator | Round 86 Phase 1+2: 0.49s
2026-05-05 19:57:36 | INFO    | dpfl.core.base_simulator | Round  87/150 | Acc: 0.7954 | Loss: 0.5825 | eps_max: 3.87 eps_avg: 3.87 | P: 1.00 R: 1.00 F1: 1.00
2026-05-05 19:57:36 | DEBUG   | dpfl.core.base_simulator | Update norms — honest: ['0.03', '0.02', '0.03', '0.03', '0.03'], attacker: ['12008201125888.00', '13295171928064.00', '5607002734592.00', '13065211871232.00', '11441883054080.00']
2026-05-05 19:57:37 | DEBUG   | dpfl.algorithms.trust_aware.simulator | Round 87 Phase 1+2: 0.51s
2026-05-05 19:58:01 | INFO    | dpfl.core.base_simulator | Round  88/150 | Acc: 0.7956 | Loss: 0.5829 | eps_max: 3.92 eps_avg: 3.92 | P: 0.91 R: 1.00 F1: 1.00
2026-05-05 19:58:01 | DEBUG   | dpfl.core.base_simulator | Update norms — honest: ['0.03', '0.03', '0.03', '0.03', '0.04'], attacker: ['29395905413120.00', '33216335446016.00', '13969477599232.00', '32227842850816.00', '28498613764096.00']
2026-05-05 19:58:01 | DEBUG   | dpfl.algorithms.trust_aware.simulator | Round 88 Phase 1+2: 0.13s
2026-05-05 19:58:22 | INFO    | dpfl.core.base_simulator | Round  89/150 | Acc: 0.7956 | Loss: 0.5828 | eps_max: 3.96 eps_avg: 3.96 | P: 0.85 R: 1.00 F1: 1.00
2026-05-05 19:58:22 | DEBUG   | dpfl.core.base_simulator | Update norms — honest: ['0.03', '0.03', '0.03', '0.02', '0.03'], attacker: ['74696317992960.00', '83797328527360.00', '34886427607040.00', '80997362171904.00', '71456629194752.00']
2026-05-05 19:58:22 | DEBUG   | dpfl.algorithms.trust_aware.simulator | Round 89 Phase 1+2: 0.13s
2026-05-05 19:58:41 | INFO    | dpfl.core.base_simulator | Round  90/150 | Acc: 0.7958 | Loss: 0.5823 | eps_max: 4.00 eps_avg: 4.00 | P: 0.99 R: 1.00 F1: 1.00
2026-05-05 19:58:41 | DEBUG   | dpfl.core.base_simulator | Update norms — honest: ['0.02', '0.03', '0.03', '0.03', '0.04'], attacker: ['186660838965248.00', '206815342100480.00', '87390991417344.00', '205672008384512.00', '177589045952512.00']
2026-05-05 19:58:41 | DEBUG   | dpfl.algorithms.trust_aware.simulator | Round 90 Phase 1+2: 0.13s
2026-05-05 19:58:54 | INFO    | dpfl.core.base_simulator | Round  91/150 | Acc: 0.7957 | Loss: 0.5828 | eps_max: 4.05 eps_avg: 4.05 | P: 0.99 R: 1.00 F1: 0.99
2026-05-05 19:58:54 | DEBUG   | dpfl.core.base_simulator | Update norms — honest: ['0.02', '0.03', '0.03', '0.03', '0.03'], attacker: ['463084716032000.00', '520951548608512.00', '217820122054656.00', '507989572190208.00', '445033203367936.00']
2026-05-05 19:58:54 | DEBUG   | dpfl.algorithms.trust_aware.simulator | Round 91 Phase 1+2: 0.13s
2026-05-05 19:59:03 | INFO    | dpfl.core.base_simulator | Round  92/150 | Acc: 0.7961 | Loss: 0.5824 | eps_max: 4.09 eps_avg: 4.09 | P: 1.00 R: 1.00 F1: 1.00
2026-05-05 19:59:03 | DEBUG   | dpfl.core.base_simulator | Update norms — honest: ['0.03', '0.04', '0.02', '0.03', '0.02'], attacker: ['1132445571219456.00', '1291701213724672.00', '541584470835200.00', '1257413416058880.00', '1107058556403712.00']
2026-05-05 19:59:03 | DEBUG   | dpfl.algorithms.trust_aware.simulator | Round 92 Phase 1+2: 0.14s
2026-05-05 19:59:11 | INFO    | dpfl.core.base_simulator | Round  93/150 | Acc: 0.7959 | Loss: 0.5824 | eps_max: 4.14 eps_avg: 4.14 | P: 0.72 R: 1.00 F1: 0.99
2026-05-05 19:59:11 | DEBUG   | dpfl.core.base_simulator | Update norms — honest: ['0.03', '0.03', '0.02', '0.02', '0.03'], attacker: ['2903526741114880.00', '3242692255416320.00', '1348202045374464.00', '3160940774162432.00', '2830969979535360.00']
2026-05-05 19:59:11 | DEBUG   | dpfl.algorithms.trust_aware.simulator | Round 93 Phase 1+2: 0.13s
2026-05-05 19:59:19 | INFO    | dpfl.core.base_simulator | Round  94/150 | Acc: 0.7963 | Loss: 0.5824 | eps_max: 4.18 eps_avg: 4.18 | P: 0.83 R: 1.00 F1: 1.00
2026-05-05 19:59:19 | DEBUG   | dpfl.core.base_simulator | Update norms — honest: ['0.03', '0.02', '0.03', '0.02', '0.03'], attacker: ['7258675118866432.00', '8163081951641600.00', '3435956120059904.00', '7851297927593984.00', '6882156810862592.00']
2026-05-05 19:59:19 | DEBUG   | dpfl.algorithms.trust_aware.simulator | Round 94 Phase 1+2: 0.13s
2026-05-05 19:59:26 | INFO    | dpfl.core.base_simulator | Round  95/150 | Acc: 0.7963 | Loss: 0.5826 | eps_max: 4.23 eps_avg: 4.23 | P: 1.00 R: 1.00 F1: 1.00
2026-05-05 19:59:26 | DEBUG   | dpfl.core.base_simulator | Update norms — honest: ['0.03', '0.02', '0.03', '0.03', '0.03'], attacker: ['18109746783453184.00', '20362167219912704.00', '8352157149429760.00', '20072237600079872.00', '17430763993563136.00']
2026-05-05 19:59:26 | DEBUG   | dpfl.algorithms.trust_aware.simulator | Round 95 Phase 1+2: 0.13s
2026-05-05 19:59:34 | INFO    | dpfl.core.base_simulator | Round  96/150 | Acc: 0.7961 | Loss: 0.5837 | eps_max: 4.28 eps_avg: 4.28 | P: 0.92 R: 1.00 F1: 1.00
2026-05-05 19:59:34 | DEBUG   | dpfl.core.base_simulator | Update norms — honest: ['0.06', '0.02', '0.03', '0.03', '0.04'], attacker: ['43948076762660864.00', '50904210090229760.00', '21211312319102976.00', '48866879468470272.00', '44269009603919872.00']
2026-05-05 19:59:34 | DEBUG   | dpfl.algorithms.trust_aware.simulator | Round 96 Phase 1+2: 0.13s
2026-05-05 19:59:42 | INFO    | dpfl.core.base_simulator | Round  97/150 | Acc: 0.7962 | Loss: 0.5831 | eps_max: 4.33 eps_avg: 4.33 | P: 1.00 R: 1.00 F1: 1.00
2026-05-05 19:59:42 | DEBUG   | dpfl.core.base_simulator | Update norms — honest: ['0.03', '0.02', '0.02', '0.03', '0.04'], attacker: ['111539355784314880.00', '127879799380115456.00', '52404802943975424.00', '124436343710285824.00', '109994919904411648.00']
2026-05-05 19:59:43 | DEBUG   | dpfl.algorithms.trust_aware.simulator | Round 97 Phase 1+2: 0.50s
2026-05-05 19:59:56 | INFO    | dpfl.core.base_simulator | Round  98/150 | Acc: 0.7964 | Loss: 0.5828 | eps_max: 4.38 eps_avg: 4.38 | P: 0.92 R: 1.00 F1: 1.00
2026-05-05 19:59:56 | DEBUG   | dpfl.core.base_simulator | Update norms — honest: ['0.03', '0.03', '0.03', '0.02', '0.03'], attacker: ['280252577478606848.00', '318923174521602048.00', '132403001238224896.00', '306023944622702592.00', '271443444935688192.00']
2026-05-05 19:59:57 | DEBUG   | dpfl.algorithms.trust_aware.simulator | Round 98 Phase 1+2: 0.49s
2026-05-05 20:00:15 | INFO    | dpfl.core.base_simulator | Round  99/150 | Acc: 0.7966 | Loss: 0.5829 | eps_max: 4.43 eps_avg: 4.43 | P: 1.00 R: 1.00 F1: 1.00
2026-05-05 20:00:15 | DEBUG   | dpfl.core.base_simulator | Update norms — honest: ['0.02', '0.03', '0.02', '0.03', '0.02'], attacker: ['695511335873544192.00', '801594691622535168.00', '332911058370953216.00', '775110342727434240.00', '685601368852922368.00']
2026-05-05 20:00:15 | DEBUG   | dpfl.algorithms.trust_aware.simulator | Round 99 Phase 1+2: 0.21s
2026-05-05 20:00:40 | INFO    | dpfl.core.base_simulator | Round 100/150 | Acc: 0.7967 | Loss: 0.5833 | eps_max: 4.49 eps_avg: 4.49 | P: 1.00 R: 1.00 F1: 1.00
2026-05-05 20:00:40 | DEBUG   | dpfl.core.base_simulator | Update norms — honest: ['0.03', '0.03', '0.03', '0.04', '0.02'], attacker: ['1731340624558292992.00', '1999846861619331072.00', '812581492843610112.00', '1904389598558027776.00', '1720185117021831168.00']
2026-05-05 20:00:40 | DEBUG   | dpfl.algorithms.trust_aware.simulator | Round 100 Phase 1+2: 0.13s
2026-05-05 20:01:01 | INFO    | dpfl.core.base_simulator | Round 101/150 | Acc: 0.7969 | Loss: 0.5831 | eps_max: 4.54 eps_avg: 4.54 | P: 1.00 R: 1.00 F1: 1.00
2026-05-05 20:01:01 | DEBUG   | dpfl.core.base_simulator | Update norms — honest: ['0.03', '0.03', '0.03', '0.02', '0.02'], attacker: ['4335940047053258752.00', '4977154887407108096.00', '2068579395055910912.00', '4817957698333048832.00', '4300338410301685760.00']
2026-05-05 20:01:01 | DEBUG   | dpfl.algorithms.trust_aware.simulator | Round 101 Phase 1+2: 0.13s
2026-05-05 20:01:20 | INFO    | dpfl.core.base_simulator | Round 102/150 | Acc: 0.7970 | Loss: 0.5832 | eps_max: 4.60 eps_avg: 4.60 | P: 1.00 R: 1.00 F1: 1.00
2026-05-05 20:01:20 | DEBUG   | dpfl.core.base_simulator | Update norms — honest: ['0.03', '0.03', '0.02', '0.02', '0.02'], attacker: ['10683321168401793024.00', '12499737467231928320.00', '5172882800558211072.00', '12021090368847085568.00', '10662154470055477248.00']
2026-05-05 20:01:20 | DEBUG   | dpfl.algorithms.trust_aware.simulator | Round 102 Phase 1+2: 0.13s
2026-05-05 20:01:36 | INFO    | dpfl.core.base_simulator | Round 103/150 | Acc: 0.7970 | Loss: 0.5837 | eps_max: 4.65 eps_avg: 4.65 | P: 0.86 R: 1.00 F1: 1.00
2026-05-05 20:01:36 | DEBUG   | dpfl.core.base_simulator | Update norms — honest: ['0.02', '0.02', '0.04', '0.03', '0.03'], attacker: ['nan', 'nan', '12872000218559676416.00', 'nan', 'nan']
2026-05-05 20:01:36 | DEBUG   | dpfl.algorithms.trust_aware.simulator | Round 103 Phase 1+2: 0.14s
2026-05-05 20:01:49 | INFO    | dpfl.core.base_simulator | Round 104/150 | Acc: 0.7969 | Loss: 0.5842 | eps_max: 4.71 eps_avg: 4.71 | P: 1.00 R: 1.00 F1: 1.00
2026-05-05 20:01:49 | DEBUG   | dpfl.core.base_simulator | Update norms — honest: ['0.02', '0.03', '0.02', '0.03', '0.03'], attacker: ['nan', 'nan', 'nan', 'nan', 'nan']
2026-05-05 20:01:49 | DEBUG   | dpfl.algorithms.trust_aware.simulator | Round 104 Phase 1+2: 0.13s
2026-05-05 20:02:01 | INFO    | dpfl.core.base_simulator | Round 105/150 | Acc: 0.7966 | Loss: 0.5858 | eps_max: 4.77 eps_avg: 4.77 | P: 1.00 R: 1.00 F1: 1.00
2026-05-05 20:02:01 | DEBUG   | dpfl.core.base_simulator | Update norms — honest: ['0.03', '0.03', '0.02', '0.03', '0.02'], attacker: ['nan', 'nan', 'nan', 'nan', 'nan']
2026-05-05 20:02:01 | DEBUG   | dpfl.algorithms.trust_aware.simulator | Round 105 Phase 1+2: 0.13s
2026-05-05 20:02:09 | INFO    | dpfl.core.base_simulator | Round 106/150 | Acc: 0.7969 | Loss: 0.5856 | eps_max: 4.83 eps_avg: 4.83 | P: 1.00 R: 1.00 F1: 1.00
2026-05-05 20:02:09 | DEBUG   | dpfl.core.base_simulator | Update norms — honest: ['0.03', '0.03', '0.03', '0.03', '0.02'], attacker: ['nan', 'nan', 'nan', 'nan', 'nan']
2026-05-05 20:02:09 | DEBUG   | dpfl.algorithms.trust_aware.simulator | Round 106 Phase 1+2: 0.14s
2026-05-05 20:02:17 | INFO    | dpfl.core.base_simulator | Round 107/150 | Acc: 0.7969 | Loss: 0.5850 | eps_max: 4.90 eps_avg: 4.90 | P: 0.91 R: 1.00 F1: 1.00
2026-05-05 20:02:17 | DEBUG   | dpfl.core.base_simulator | Update norms — honest: ['0.03', '0.03', '0.04', '0.02', '0.03'], attacker: ['nan', 'nan', 'nan', 'nan', 'nan']
2026-05-05 20:02:18 | DEBUG   | dpfl.algorithms.trust_aware.simulator | Round 107 Phase 1+2: 0.14s
2026-05-05 20:02:26 | INFO    | dpfl.core.base_simulator | Round 108/150 | Acc: 0.7972 | Loss: 0.5848 | eps_max: 4.96 eps_avg: 4.96 | P: 0.91 R: 1.00 F1: 0.99
2026-05-05 20:02:26 | DEBUG   | dpfl.core.base_simulator | Update norms — honest: ['0.03', '0.03', '0.02', '0.03', '0.03'], attacker: ['nan', 'nan', 'nan', 'nan', 'nan']
2026-05-05 20:02:26 | DEBUG   | dpfl.algorithms.trust_aware.simulator | Round 108 Phase 1+2: 0.13s
2026-05-05 20:02:34 | INFO    | dpfl.core.base_simulator | Round 109/150 | Acc: 0.7972 | Loss: 0.5857 | eps_max: 5.02 eps_avg: 5.02 | P: 0.99 R: 1.00 F1: 1.00
2026-05-05 20:02:34 | DEBUG   | dpfl.core.base_simulator | Update norms — honest: ['0.04', '0.02', '0.03', '0.02', '0.03'], attacker: ['nan', 'nan', 'nan', 'nan', 'nan']
2026-05-05 20:02:34 | DEBUG   | dpfl.algorithms.trust_aware.simulator | Round 109 Phase 1+2: 0.14s
2026-05-05 20:02:43 | INFO    | dpfl.core.base_simulator | Round 110/150 | Acc: 0.7971 | Loss: 0.5857 | eps_max: 5.09 eps_avg: 5.09 | P: 0.90 R: 1.00 F1: 1.00
2026-05-05 20:02:43 | DEBUG   | dpfl.core.base_simulator | Update norms — honest: ['0.02', '0.03', '0.03', '0.02', '0.02'], attacker: ['nan', 'nan', 'nan', 'nan', 'nan']
2026-05-05 20:02:44 | DEBUG   | dpfl.algorithms.trust_aware.simulator | Round 110 Phase 1+2: 0.52s
2026-05-05 20:02:58 | INFO    | dpfl.core.base_simulator | Round 111/150 | Acc: 0.7972 | Loss: 0.5862 | eps_max: 5.16 eps_avg: 5.16 | P: 1.00 R: 1.00 F1: 1.00
2026-05-05 20:02:58 | DEBUG   | dpfl.core.base_simulator | Update norms — honest: ['0.03', '0.03', '0.03', '0.03', '0.03'], attacker: ['nan', 'nan', 'nan', 'nan', 'nan']
2026-05-05 20:02:59 | DEBUG   | dpfl.algorithms.trust_aware.simulator | Round 111 Phase 1+2: 0.50s
2026-05-05 20:03:16 | INFO    | dpfl.core.base_simulator | Round 112/150 | Acc: 0.7972 | Loss: 0.5865 | eps_max: 5.21 eps_avg: 5.21 | P: 0.78 R: 1.00 F1: 0.98
2026-05-05 20:03:16 | DEBUG   | dpfl.core.base_simulator | Update norms — honest: ['0.04', '0.03', '0.02', '0.02', '0.02'], attacker: ['nan', 'nan', 'nan', 'nan', 'nan']
2026-05-05 20:03:16 | DEBUG   | dpfl.algorithms.trust_aware.simulator | Round 112 Phase 1+2: 0.48s
2026-05-05 20:03:37 | INFO    | dpfl.core.base_simulator | Round 113/150 | Acc: 0.7975 | Loss: 0.5863 | eps_max: 5.25 eps_avg: 5.25 | P: 1.00 R: 1.00 F1: 1.00
2026-05-05 20:03:37 | DEBUG   | dpfl.core.base_simulator | Update norms — honest: ['0.02', '0.03', '0.03', '0.02', '0.02'], attacker: ['nan', 'nan', 'nan', 'nan', 'nan']
2026-05-05 20:03:37 | DEBUG   | dpfl.algorithms.trust_aware.simulator | Round 113 Phase 1+2: 0.13s
2026-05-05 20:04:02 | INFO    | dpfl.core.base_simulator | Round 114/150 | Acc: 0.7976 | Loss: 0.5867 | eps_max: 5.30 eps_avg: 5.30 | P: 0.92 R: 1.00 F1: 1.00
2026-05-05 20:04:02 | DEBUG   | dpfl.core.base_simulator | Update norms — honest: ['0.03', '0.02', '0.03', '0.03', '0.02'], attacker: ['nan', 'nan', 'nan', 'nan', 'nan']
2026-05-05 20:04:02 | DEBUG   | dpfl.algorithms.trust_aware.simulator | Round 114 Phase 1+2: 0.13s
2026-05-05 20:04:25 | INFO    | dpfl.core.base_simulator | Round 115/150 | Acc: 0.7972 | Loss: 0.5874 | eps_max: 5.34 eps_avg: 5.34 | P: 1.00 R: 1.00 F1: 1.00
2026-05-05 20:04:25 | DEBUG   | dpfl.core.base_simulator | Update norms — honest: ['0.02', '0.02', '0.03', '0.02', '0.02'], attacker: ['nan', 'nan', 'nan', 'nan', 'nan']
2026-05-05 20:04:25 | DEBUG   | dpfl.algorithms.trust_aware.simulator | Round 115 Phase 1+2: 0.13s
2026-05-05 20:04:46 | INFO    | dpfl.core.base_simulator | Round 116/150 | Acc: 0.7976 | Loss: 0.5874 | eps_max: 5.39 eps_avg: 5.39 | P: 1.00 R: 1.00 F1: 1.00
2026-05-05 20:04:46 | DEBUG   | dpfl.core.base_simulator | Update norms — honest: ['0.04', '0.02', '0.02', '0.03', '0.03'], attacker: ['nan', 'nan', 'nan', 'nan', 'nan']
2026-05-05 20:04:47 | DEBUG   | dpfl.algorithms.trust_aware.simulator | Round 116 Phase 1+2: 0.14s
2026-05-05 20:05:05 | INFO    | dpfl.core.base_simulator | Round 117/150 | Acc: 0.7973 | Loss: 0.5887 | eps_max: 5.44 eps_avg: 5.44 | P: 0.81 R: 1.00 F1: 0.97
2026-05-05 20:05:05 | DEBUG   | dpfl.core.base_simulator | Update norms — honest: ['0.03', '0.04', '0.03', '0.02', '0.03'], attacker: ['nan', 'nan', 'nan', 'nan', 'nan']
2026-05-05 20:05:06 | DEBUG   | dpfl.algorithms.trust_aware.simulator | Round 117 Phase 1+2: 0.13s
2026-05-05 20:05:19 | INFO    | dpfl.core.base_simulator | Round 118/150 | Acc: 0.7977 | Loss: 0.5882 | eps_max: 5.49 eps_avg: 5.49 | P: 0.75 R: 1.00 F1: 1.00
2026-05-05 20:05:19 | DEBUG   | dpfl.core.base_simulator | Update norms — honest: ['0.03', '0.04', '0.02', '0.02', '0.02'], attacker: ['nan', 'nan', 'nan', 'nan', 'nan']
2026-05-05 20:05:19 | DEBUG   | dpfl.algorithms.trust_aware.simulator | Round 118 Phase 1+2: 0.14s
2026-05-05 20:05:28 | INFO    | dpfl.core.base_simulator | Round 119/150 | Acc: 0.7976 | Loss: 0.5887 | eps_max: 5.54 eps_avg: 5.54 | P: 1.00 R: 1.00 F1: 1.00
2026-05-05 20:05:28 | DEBUG   | dpfl.core.base_simulator | Update norms — honest: ['0.02', '0.02', '0.02', '0.02', '0.03'], attacker: ['nan', 'nan', 'nan', 'nan', 'nan']
2026-05-05 20:05:28 | DEBUG   | dpfl.algorithms.trust_aware.simulator | Round 119 Phase 1+2: 0.15s
2026-05-05 20:05:37 | INFO    | dpfl.core.base_simulator | Round 120/150 | Acc: 0.7974 | Loss: 0.5894 | eps_max: 5.59 eps_avg: 5.59 | P: 0.99 R: 1.00 F1: 1.00
2026-05-05 20:05:37 | DEBUG   | dpfl.core.base_simulator | Update norms — honest: ['0.03', '0.02', '0.02', '0.02', '0.03'], attacker: ['nan', 'nan', 'nan', 'nan', 'nan']
2026-05-05 20:05:37 | DEBUG   | dpfl.algorithms.trust_aware.simulator | Round 120 Phase 1+2: 0.13s
2026-05-05 20:05:46 | INFO    | dpfl.core.base_simulator | Round 121/150 | Acc: 0.7977 | Loss: 0.5893 | eps_max: 5.64 eps_avg: 5.64 | P: 1.00 R: 1.00 F1: 1.00
2026-05-05 20:05:46 | DEBUG   | dpfl.core.base_simulator | Update norms — honest: ['0.02', '0.02', '0.03', '0.02', '0.03'], attacker: ['nan', 'nan', 'nan', 'nan', 'nan']
2026-05-05 20:05:46 | DEBUG   | dpfl.algorithms.trust_aware.simulator | Round 121 Phase 1+2: 0.14s
2026-05-05 20:05:55 | INFO    | dpfl.core.base_simulator | Round 122/150 | Acc: 0.7975 | Loss: 0.5906 | eps_max: 5.69 eps_avg: 5.69 | P: 0.99 R: 1.00 F1: 1.00
2026-05-05 20:05:55 | DEBUG   | dpfl.core.base_simulator | Update norms — honest: ['0.02', '0.02', '0.02', '0.02', '0.03'], attacker: ['nan', 'nan', 'nan', 'nan', 'nan']
2026-05-05 20:05:55 | DEBUG   | dpfl.algorithms.trust_aware.simulator | Round 122 Phase 1+2: 0.13s
2026-05-05 20:06:04 | INFO    | dpfl.core.base_simulator | Round 123/150 | Acc: 0.7980 | Loss: 0.5899 | eps_max: 5.74 eps_avg: 5.74 | P: 0.96 R: 1.00 F1: 0.98
2026-05-05 20:06:04 | DEBUG   | dpfl.core.base_simulator | Update norms — honest: ['0.04', '0.02', '0.03', '0.02', '0.03'], attacker: ['nan', 'nan', 'nan', 'nan', 'nan']
2026-05-05 20:06:04 | DEBUG   | dpfl.algorithms.trust_aware.simulator | Round 123 Phase 1+2: 0.13s
2026-05-05 20:06:13 | INFO    | dpfl.core.base_simulator | Round 124/150 | Acc: 0.7978 | Loss: 0.5904 | eps_max: 5.80 eps_avg: 5.80 | P: 1.00 R: 1.00 F1: 1.00
2026-05-05 20:06:13 | DEBUG   | dpfl.core.base_simulator | Update norms — honest: ['0.02', '0.02', '0.02', '0.03', '0.02'], attacker: ['nan', 'nan', 'nan', 'nan', 'nan']
2026-05-05 20:06:13 | DEBUG   | dpfl.algorithms.trust_aware.simulator | Round 124 Phase 1+2: 0.14s
2026-05-05 20:06:22 | INFO    | dpfl.core.base_simulator | Round 125/150 | Acc: 0.7979 | Loss: 0.5907 | eps_max: 5.85 eps_avg: 5.85 | P: 1.00 R: 1.00 F1: 1.00
2026-05-05 20:06:22 | DEBUG   | dpfl.core.base_simulator | Update norms — honest: ['0.03', '0.03', '0.03', '0.02', '0.02'], attacker: ['nan', 'nan', 'nan', 'nan', 'nan']
2026-05-05 20:06:23 | DEBUG   | dpfl.algorithms.trust_aware.simulator | Round 125 Phase 1+2: 0.47s
2026-05-05 20:06:32 | INFO    | dpfl.core.base_simulator | Round 126/150 | Acc: 0.7977 | Loss: 0.5914 | eps_max: 5.91 eps_avg: 5.91 | P: 1.00 R: 1.00 F1: 1.00
2026-05-05 20:06:32 | DEBUG   | dpfl.core.base_simulator | Update norms — honest: ['0.03', '0.02', '0.02', '0.02', '0.02'], attacker: ['nan', 'nan', 'nan', 'nan', 'nan']
2026-05-05 20:06:33 | DEBUG   | dpfl.algorithms.trust_aware.simulator | Round 126 Phase 1+2: 0.48s
2026-05-05 20:06:44 | INFO    | dpfl.core.base_simulator | Round 127/150 | Acc: 0.7979 | Loss: 0.5915 | eps_max: 5.97 eps_avg: 5.97 | P: 1.00 R: 1.00 F1: 1.00
2026-05-05 20:06:44 | DEBUG   | dpfl.core.base_simulator | Update norms — honest: ['0.03', '0.02', '0.02', '0.02', '0.02'], attacker: ['nan', 'nan', 'nan', 'nan', 'nan']
2026-05-05 20:06:45 | DEBUG   | dpfl.algorithms.trust_aware.simulator | Round 127 Phase 1+2: 0.50s
2026-05-05 20:07:00 | INFO    | dpfl.core.base_simulator | Round 128/150 | Acc: 0.7978 | Loss: 0.5923 | eps_max: 6.02 eps_avg: 6.02 | P: 0.83 R: 1.00 F1: 1.00
2026-05-05 20:07:00 | DEBUG   | dpfl.core.base_simulator | Update norms — honest: ['0.02', '0.03', '0.02', '0.03', '0.03'], attacker: ['nan', 'nan', 'nan', 'nan', 'nan']
2026-05-05 20:07:00 | DEBUG   | dpfl.algorithms.trust_aware.simulator | Round 128 Phase 1+2: 0.50s
2026-05-05 20:07:18 | INFO    | dpfl.core.base_simulator | Round 129/150 | Acc: 0.7976 | Loss: 0.5934 | eps_max: 6.08 eps_avg: 6.08 | P: 1.00 R: 1.00 F1: 1.00
2026-05-05 20:07:18 | DEBUG   | dpfl.core.base_simulator | Update norms — honest: ['0.03', '0.03', '0.04', '0.03', '0.03'], attacker: ['nan', 'nan', 'nan', 'nan', 'nan']
2026-05-05 20:07:19 | DEBUG   | dpfl.algorithms.trust_aware.simulator | Round 129 Phase 1+2: 0.50s
2026-05-05 20:07:41 | INFO    | dpfl.core.base_simulator | Round 130/150 | Acc: 0.7978 | Loss: 0.5935 | eps_max: 6.14 eps_avg: 6.14 | P: 1.00 R: 1.00 F1: 1.00
2026-05-05 20:07:41 | DEBUG   | dpfl.core.base_simulator | Update norms — honest: ['0.02', '0.03', '0.02', '0.03', '0.02'], attacker: ['nan', 'nan', 'nan', 'nan', 'nan']
2026-05-05 20:07:41 | DEBUG   | dpfl.algorithms.trust_aware.simulator | Round 130 Phase 1+2: 0.21s
2026-05-05 20:08:07 | INFO    | dpfl.core.base_simulator | Round 131/150 | Acc: 0.7978 | Loss: 0.5945 | eps_max: 6.20 eps_avg: 6.20 | P: 1.00 R: 1.00 F1: 1.00
2026-05-05 20:08:07 | DEBUG   | dpfl.core.base_simulator | Update norms — honest: ['0.05', '0.02', '0.03', '0.02', '0.02'], attacker: ['nan', 'nan', 'nan', 'nan', 'nan']
2026-05-05 20:08:07 | DEBUG   | dpfl.algorithms.trust_aware.simulator | Round 131 Phase 1+2: 0.13s
2026-05-05 20:08:31 | INFO    | dpfl.core.base_simulator | Round 132/150 | Acc: 0.7978 | Loss: 0.5945 | eps_max: 6.27 eps_avg: 6.27 | P: 1.00 R: 1.00 F1: 1.00
2026-05-05 20:08:31 | DEBUG   | dpfl.core.base_simulator | Update norms — honest: ['0.05', '0.02', '0.03', '0.03', '0.03'], attacker: ['nan', 'nan', 'nan', 'nan', 'nan']
2026-05-05 20:08:31 | DEBUG   | dpfl.algorithms.trust_aware.simulator | Round 132 Phase 1+2: 0.14s
2026-05-05 20:08:52 | INFO    | dpfl.core.base_simulator | Round 133/150 | Acc: 0.7978 | Loss: 0.5946 | eps_max: 6.33 eps_avg: 6.33 | P: 1.00 R: 1.00 F1: 1.00
2026-05-05 20:08:52 | DEBUG   | dpfl.core.base_simulator | Update norms — honest: ['0.02', '0.02', '0.02', '0.02', '0.03'], attacker: ['nan', 'nan', 'nan', 'nan', 'nan']
2026-05-05 20:08:52 | DEBUG   | dpfl.algorithms.trust_aware.simulator | Round 133 Phase 1+2: 0.14s
2026-05-05 20:09:12 | INFO    | dpfl.core.base_simulator | Round 134/150 | Acc: 0.7978 | Loss: 0.5952 | eps_max: 6.39 eps_avg: 6.39 | P: 1.00 R: 1.00 F1: 1.00
2026-05-05 20:09:12 | DEBUG   | dpfl.core.base_simulator | Update norms — honest: ['0.02', '0.02', '0.02', '0.03', '0.02'], attacker: ['nan', 'nan', 'nan', 'nan', 'nan']
2026-05-05 20:09:12 | DEBUG   | dpfl.algorithms.trust_aware.simulator | Round 134 Phase 1+2: 0.13s
2026-05-05 20:09:30 | INFO    | dpfl.core.base_simulator | Round 135/150 | Acc: 0.7977 | Loss: 0.5960 | eps_max: 6.46 eps_avg: 6.46 | P: 1.00 R: 1.00 F1: 1.00
2026-05-05 20:09:30 | DEBUG   | dpfl.core.base_simulator | Update norms — honest: ['0.03', '0.02', '0.03', '0.02', '0.03'], attacker: ['nan', 'nan', 'nan', 'nan', 'nan']
2026-05-05 20:09:30 | DEBUG   | dpfl.algorithms.trust_aware.simulator | Round 135 Phase 1+2: 0.13s
2026-05-05 20:09:45 | INFO    | dpfl.core.base_simulator | Round 136/150 | Acc: 0.7979 | Loss: 0.5962 | eps_max: 6.53 eps_avg: 6.53 | P: 1.00 R: 1.00 F1: 1.00
2026-05-05 20:09:45 | DEBUG   | dpfl.core.base_simulator | Update norms — honest: ['0.02', '0.03', '0.04', '0.02', '0.02'], attacker: ['nan', 'nan', 'nan', 'nan', 'nan']
2026-05-05 20:09:45 | DEBUG   | dpfl.algorithms.trust_aware.simulator | Round 136 Phase 1+2: 0.13s
2026-05-05 20:09:55 | INFO    | dpfl.core.base_simulator | Round 137/150 | Acc: 0.7981 | Loss: 0.5961 | eps_max: 6.59 eps_avg: 6.59 | P: 0.90 R: 1.00 F1: 1.00
2026-05-05 20:09:55 | DEBUG   | dpfl.core.base_simulator | Update norms — honest: ['0.02', '0.02', '0.02', '0.02', '0.02'], attacker: ['nan', 'nan', 'nan', 'nan', 'nan']
2026-05-05 20:09:55 | DEBUG   | dpfl.algorithms.trust_aware.simulator | Round 137 Phase 1+2: 0.14s
2026-05-05 20:10:05 | INFO    | dpfl.core.base_simulator | Round 138/150 | Acc: 0.7980 | Loss: 0.5971 | eps_max: 6.66 eps_avg: 6.66 | P: 0.99 R: 1.00 F1: 1.00
2026-05-05 20:10:05 | DEBUG   | dpfl.core.base_simulator | Update norms — honest: ['0.03', '0.04', '0.03', '0.02', '0.03'], attacker: ['nan', 'nan', 'nan', 'nan', 'nan']
2026-05-05 20:10:05 | DEBUG   | dpfl.algorithms.trust_aware.simulator | Round 138 Phase 1+2: 0.14s
2026-05-05 20:10:14 | INFO    | dpfl.core.base_simulator | Round 139/150 | Acc: 0.7981 | Loss: 0.5974 | eps_max: 6.73 eps_avg: 6.73 | P: 1.00 R: 1.00 F1: 1.00
2026-05-05 20:10:14 | DEBUG   | dpfl.core.base_simulator | Update norms — honest: ['0.02', '0.02', '0.02', '0.03', '0.02'], attacker: ['nan', 'nan', 'nan', 'nan', 'nan']
2026-05-05 20:10:14 | DEBUG   | dpfl.algorithms.trust_aware.simulator | Round 139 Phase 1+2: 0.15s
2026-05-05 20:10:24 | INFO    | dpfl.core.base_simulator | Round 140/150 | Acc: 0.7980 | Loss: 0.5977 | eps_max: 6.81 eps_avg: 6.81 | P: 1.00 R: 1.00 F1: 1.00
2026-05-05 20:10:24 | DEBUG   | dpfl.core.base_simulator | Update norms — honest: ['0.03', '0.02', '0.03', '0.03', '0.04'], attacker: ['nan', 'nan', 'nan', 'nan', 'nan']
2026-05-05 20:10:24 | DEBUG   | dpfl.algorithms.trust_aware.simulator | Round 140 Phase 1+2: 0.13s
2026-05-05 20:10:59 | INFO    | dpfl.core.base_simulator | Round 141/150 | Acc: 0.7979 | Loss: 0.5986 | eps_max: 6.88 eps_avg: 6.88 | P: 1.00 R: 1.00 F1: 1.00
2026-05-05 20:10:59 | DEBUG   | dpfl.core.base_simulator | Update norms — honest: ['0.02', '0.02', '0.02', '0.03', '0.03'], attacker: ['nan', 'nan', 'nan', 'nan', 'nan']
2026-05-05 20:11:02 | DEBUG   | dpfl.algorithms.trust_aware.simulator | Round 141 Phase 1+2: 3.41s
2026-05-05 20:11:18 | INFO    | dpfl.core.base_simulator | Round 142/150 | Acc: 0.7978 | Loss: 0.6002 | eps_max: 6.96 eps_avg: 6.96 | P: 1.00 R: 1.00 F1: 1.00
2026-05-05 20:11:18 | DEBUG   | dpfl.core.base_simulator | Update norms — honest: ['0.02', '0.03', '0.03', '0.02', '0.02'], attacker: ['nan', 'nan', 'nan', 'nan', 'nan']
2026-05-05 20:11:18 | DEBUG   | dpfl.algorithms.trust_aware.simulator | Round 142 Phase 1+2: 0.13s
2026-05-05 20:11:41 | INFO    | dpfl.core.base_simulator | Round 143/150 | Acc: 0.7981 | Loss: 0.5993 | eps_max: 7.03 eps_avg: 7.03 | P: 1.00 R: 1.00 F1: 1.00
2026-05-05 20:11:41 | DEBUG   | dpfl.core.base_simulator | Update norms — honest: ['0.03', '0.03', '0.02', '0.02', '0.02'], attacker: ['nan', 'nan', 'nan', 'nan', 'nan']
2026-05-05 20:11:41 | DEBUG   | dpfl.algorithms.trust_aware.simulator | Round 143 Phase 1+2: 0.13s
2026-05-05 20:12:01 | INFO    | dpfl.core.base_simulator | Round 144/150 | Acc: 0.7981 | Loss: 0.5999 | eps_max: 7.11 eps_avg: 7.11 | P: 1.00 R: 1.00 F1: 1.00
2026-05-05 20:12:01 | DEBUG   | dpfl.core.base_simulator | Update norms — honest: ['0.03', '0.03', '0.02', '0.02', '0.03'], attacker: ['nan', 'nan', 'nan', 'nan', 'nan']
2026-05-05 20:12:01 | DEBUG   | dpfl.algorithms.trust_aware.simulator | Round 144 Phase 1+2: 0.49s
2026-05-05 20:12:15 | INFO    | dpfl.core.base_simulator | Round 145/150 | Acc: 0.7980 | Loss: 0.6007 | eps_max: 7.19 eps_avg: 7.19 | P: 1.00 R: 1.00 F1: 1.00
2026-05-05 20:12:15 | DEBUG   | dpfl.core.base_simulator | Update norms — honest: ['0.02', '0.02', '0.03', '0.02', '0.02'], attacker: ['nan', 'nan', 'nan', 'nan', 'nan']
2026-05-05 20:12:15 | DEBUG   | dpfl.algorithms.trust_aware.simulator | Round 145 Phase 1+2: 0.50s
2026-05-05 20:12:31 | INFO    | dpfl.core.base_simulator | Round 146/150 | Acc: 0.7979 | Loss: 0.6014 | eps_max: 7.27 eps_avg: 7.27 | P: 1.00 R: 1.00 F1: 1.00
2026-05-05 20:12:31 | DEBUG   | dpfl.core.base_simulator | Update norms — honest: ['0.02', '0.04', '0.02', '0.02', '0.02'], attacker: ['nan', 'nan', 'nan', 'nan', 'nan']
2026-05-05 20:12:32 | DEBUG   | dpfl.algorithms.trust_aware.simulator | Round 146 Phase 1+2: 0.51s
2026-05-05 20:12:54 | INFO    | dpfl.core.base_simulator | Round 147/150 | Acc: 0.7980 | Loss: 0.6020 | eps_max: 7.35 eps_avg: 7.35 | P: 1.00 R: 1.00 F1: 1.00
2026-05-05 20:12:54 | DEBUG   | dpfl.core.base_simulator | Update norms — honest: ['0.03', '0.03', '0.03', '0.02', '0.02'], attacker: ['nan', 'nan', 'nan', 'nan', 'nan']
2026-05-05 20:12:55 | DEBUG   | dpfl.algorithms.trust_aware.simulator | Round 147 Phase 1+2: 0.49s
2026-05-05 20:13:21 | INFO    | dpfl.core.base_simulator | Round 148/150 | Acc: 0.7981 | Loss: 0.6019 | eps_max: 7.44 eps_avg: 7.44 | P: 0.92 R: 1.00 F1: 1.00
2026-05-05 20:13:21 | DEBUG   | dpfl.core.base_simulator | Update norms — honest: ['0.02', '0.02', '0.02', '0.03', '0.03'], attacker: ['nan', 'nan', 'nan', 'nan', 'nan']
2026-05-05 20:13:21 | DEBUG   | dpfl.algorithms.trust_aware.simulator | Round 148 Phase 1+2: 0.13s
2026-05-05 20:13:43 | INFO    | dpfl.core.base_simulator | Round 149/150 | Acc: 0.7980 | Loss: 0.6031 | eps_max: 7.52 eps_avg: 7.52 | P: 1.00 R: 1.00 F1: 1.00
2026-05-05 20:13:43 | DEBUG   | dpfl.core.base_simulator | Update norms — honest: ['0.02', '0.02', '0.02', '0.02', '0.02'], attacker: ['nan', 'nan', 'nan', 'nan', 'nan']
2026-05-05 20:13:43 | DEBUG   | dpfl.algorithms.trust_aware.simulator | Round 149 Phase 1+2: 0.13s
2026-05-05 20:13:59 | INFO    | dpfl.core.base_simulator | Round 150/150 | Acc: 0.7979 | Loss: 0.6036 | eps_max: 7.61 eps_avg: 7.61 | P: 1.00 R: 1.00 F1: 1.00
2026-05-05 20:13:59 | DEBUG   | dpfl.core.base_simulator | Update norms — honest: ['0.03', '0.02', '0.02', '0.03', '0.03'], attacker: ['nan', 'nan', 'nan', 'nan', 'nan']
2026-05-05 20:14:01 | INFO    | dpfl | Experiment complete in 2292.0s
============================================================
REPORT: DP-SGD Decentralized Federated Learning
============================================================
Timestamp:                  20260505_193547
Rounds completed:           150
Attack-active rounds:       100  (from round 50)
Final accuracy:             0.7979
Final test loss:            0.6036
Final epsilon (max honest): 7.61
Final epsilon (avg honest): 7.61
Best alpha:                 1000.0
Avg precision:              0.9470
Avg recall:                 0.9592
Avg F1 score:               0.9661
Avg update norm (honest):   0.0398
Avg update norm (attacker): nan

eps_system (max honest): 7.6098
eps_avg (honest):        7.6098
eps_std (honest):        0.0000
n_frozen:                0/300
============================================================
