2026-05-06 12:26:55 | INFO    | dpfl | Experiment start: algorithm=krum, dataset=mnist, model=mlp, device=cuda
2026-05-06 12:26:55 | INFO    | dpfl | Config: nodes=500, attackers=100, rounds=150, noise_mode=none, attack=scale
2026-05-06 12:26:55 | INFO    | dpfl.data.mnist_dataset | Loading MNIST dataset...
2026-05-06 12:26:55 | INFO    | dpfl.data.mnist_dataset | MNIST loaded: 60000 train, 10000 test samples
2026-05-06 12:28:39 | INFO    | dpfl.core.base_simulator | Vectorized state ready: param_spec.D=50890, X_test=(10000, 1, 28, 28), train clients N=500, max_n_samples=1000
2026-05-06 12:28:39 | INFO    | dpfl.core.base_simulator | Setup complete: 500 nodes (100 attackers), param_dim=50890, split=iid
2026-05-06 12:28:39 | DEBUG   | dpfl.core.base_simulator | Attacker IDs: {0, 1, 2, 3, 4, 5, 6, 7, 8, 9, 10, 11, 12, 13, 14, 15, 16, 17, 18, 19, 20, 21, 22, 23, 24, 25, 26, 27, 28, 29, 30, 31, 32, 33, 34, 35, 36, 37, 38, 39, 40, 41, 42, 43, 44, 45, 46, 47, 48, 49, 50, 51, 52, 53, 54, 55, 56, 57, 58, 59, 60, 61, 62, 63, 64, 65, 66, 67, 68, 69, 70, 71, 72, 73, 74, 75, 76, 77, 78, 79, 80, 81, 82, 83, 84, 85, 86, 87, 88, 89, 90, 91, 92, 93, 94, 95, 96, 97, 98, 99}
2026-05-06 12:29:00 | INFO    | dpfl.core.base_simulator | Round   1/150 | Acc: 0.3802 | Loss: 2.0957 | eps: 0.00 | P: 0.00 R: nan F1: nan
2026-05-06 12:29:00 | DEBUG   | dpfl.core.base_simulator | Update norms — honest: ['0.17', '0.17', '0.18', '0.18', '0.17'], attacker: ['0.18', '0.18', '0.17', '0.18', '0.18']
2026-05-06 12:29:01 | INFO    | dpfl.core.base_simulator | Round   2/150 | Acc: 0.5545 | Loss: 1.8905 | eps: 0.00 | P: 0.00 R: nan F1: nan
2026-05-06 12:29:01 | DEBUG   | dpfl.core.base_simulator | Update norms — honest: ['0.17', '0.18', '0.18', '0.19', '0.18'], attacker: ['0.18', '0.18', '0.18', '0.18', '0.18']
2026-05-06 12:29:02 | INFO    | dpfl.core.base_simulator | Round   3/150 | Acc: 0.6511 | Loss: 1.6798 | eps: 0.00 | P: 0.00 R: nan F1: nan
2026-05-06 12:29:02 | DEBUG   | dpfl.core.base_simulator | Update norms — honest: ['0.18', '0.18', '0.18', '0.18', '0.18'], attacker: ['0.19', '0.18', '0.18', '0.18', '0.19']
2026-05-06 12:29:03 | INFO    | dpfl.core.base_simulator | Round   4/150 | Acc: 0.7093 | Loss: 1.4799 | eps: 0.00 | P: 0.00 R: nan F1: nan
2026-05-06 12:29:03 | DEBUG   | dpfl.core.base_simulator | Update norms — honest: ['0.17', '0.17', '0.18', '0.18', '0.18'], attacker: ['0.18', '0.18', '0.18', '0.18', '0.18']
2026-05-06 12:29:04 | INFO    | dpfl.core.base_simulator | Round   5/150 | Acc: 0.7509 | Loss: 1.2996 | eps: 0.00 | P: 0.00 R: nan F1: nan
2026-05-06 12:29:04 | DEBUG   | dpfl.core.base_simulator | Update norms — honest: ['0.17', '0.16', '0.17', '0.17', '0.17'], attacker: ['0.17', '0.17', '0.17', '0.17', '0.17']
2026-05-06 12:29:05 | INFO    | dpfl.core.base_simulator | Round   6/150 | Acc: 0.7795 | Loss: 1.1453 | eps: 0.00 | P: 0.00 R: nan F1: nan
2026-05-06 12:29:05 | DEBUG   | dpfl.core.base_simulator | Update norms — honest: ['0.16', '0.15', '0.16', '0.15', '0.16'], attacker: ['0.16', '0.16', '0.16', '0.16', '0.16']
2026-05-06 12:29:09 | INFO    | dpfl.core.base_simulator | Round   7/150 | Acc: 0.8003 | Loss: 1.0188 | eps: 0.00 | P: 0.00 R: nan F1: nan
2026-05-06 12:29:09 | DEBUG   | dpfl.core.base_simulator | Update norms — honest: ['0.14', '0.14', '0.14', '0.14', '0.14'], attacker: ['0.15', '0.14', '0.14', '0.14', '0.15']
2026-05-06 12:29:11 | INFO    | dpfl.core.base_simulator | Round   8/150 | Acc: 0.8145 | Loss: 0.9179 | eps: 0.00 | P: 0.00 R: nan F1: nan
2026-05-06 12:29:11 | DEBUG   | dpfl.core.base_simulator | Update norms — honest: ['0.13', '0.13', '0.13', '0.12', '0.13'], attacker: ['0.13', '0.13', '0.13', '0.13', '0.13']
2026-05-06 12:29:12 | INFO    | dpfl.core.base_simulator | Round   9/150 | Acc: 0.8246 | Loss: 0.8383 | eps: 0.00 | P: 0.00 R: nan F1: nan
2026-05-06 12:29:12 | DEBUG   | dpfl.core.base_simulator | Update norms — honest: ['0.11', '0.11', '0.11', '0.11', '0.11'], attacker: ['0.12', '0.12', '0.12', '0.12', '0.12']
2026-05-06 12:29:13 | INFO    | dpfl.core.base_simulator | Round  10/150 | Acc: 0.8327 | Loss: 0.7745 | eps: 0.00 | P: 0.00 R: nan F1: nan
2026-05-06 12:29:13 | DEBUG   | dpfl.core.base_simulator | Update norms — honest: ['0.10', '0.10', '0.10', '0.10', '0.10'], attacker: ['0.11', '0.11', '0.11', '0.11', '0.11']
2026-05-06 12:29:18 | INFO    | dpfl.core.base_simulator | Round  11/150 | Acc: 0.8389 | Loss: 0.7236 | eps: 0.00 | P: 0.00 R: nan F1: nan
2026-05-06 12:29:18 | DEBUG   | dpfl.core.base_simulator | Update norms — honest: ['0.09', '0.09', '0.09', '0.09', '0.09'], attacker: ['0.10', '0.10', '0.10', '0.10', '0.10']
2026-05-06 12:29:19 | INFO    | dpfl.core.base_simulator | Round  12/150 | Acc: 0.8443 | Loss: 0.6817 | eps: 0.00 | P: 0.00 R: nan F1: nan
2026-05-06 12:29:19 | DEBUG   | dpfl.core.base_simulator | Update norms — honest: ['0.09', '0.08', '0.08', '0.08', '0.08'], attacker: ['0.10', '0.09', '0.09', '0.09', '0.10']
2026-05-06 12:29:20 | INFO    | dpfl.core.base_simulator | Round  13/150 | Acc: 0.8486 | Loss: 0.6474 | eps: 0.00 | P: 0.00 R: nan F1: nan
2026-05-06 12:29:20 | DEBUG   | dpfl.core.base_simulator | Update norms — honest: ['0.08', '0.08', '0.08', '0.08', '0.08'], attacker: ['0.09', '0.08', '0.09', '0.09', '0.09']
2026-05-06 12:29:21 | INFO    | dpfl.core.base_simulator | Round  14/150 | Acc: 0.8521 | Loss: 0.6187 | eps: 0.00 | P: 0.00 R: nan F1: nan
2026-05-06 12:29:21 | DEBUG   | dpfl.core.base_simulator | Update norms — honest: ['0.07', '0.07', '0.07', '0.07', '0.07'], attacker: ['0.08', '0.08', '0.08', '0.08', '0.08']
2026-05-06 12:29:24 | INFO    | dpfl.core.base_simulator | Round  15/150 | Acc: 0.8554 | Loss: 0.5942 | eps: 0.00 | P: 0.00 R: nan F1: nan
2026-05-06 12:29:24 | DEBUG   | dpfl.core.base_simulator | Update norms — honest: ['0.07', '0.07', '0.06', '0.07', '0.07'], attacker: ['0.08', '0.08', '0.08', '0.08', '0.08']
2026-05-06 12:29:27 | INFO    | dpfl.core.base_simulator | Round  16/150 | Acc: 0.8582 | Loss: 0.5733 | eps: 0.00 | P: 0.00 R: nan F1: nan
2026-05-06 12:29:27 | DEBUG   | dpfl.core.base_simulator | Update norms — honest: ['0.06', '0.06', '0.06', '0.06', '0.06'], attacker: ['0.08', '0.08', '0.08', '0.08', '0.08']
2026-05-06 12:29:27 | INFO    | dpfl.core.base_simulator | Round  17/150 | Acc: 0.8606 | Loss: 0.5551 | eps: 0.00 | P: 0.00 R: nan F1: nan
2026-05-06 12:29:27 | DEBUG   | dpfl.core.base_simulator | Update norms — honest: ['0.06', '0.06', '0.06', '0.06', '0.06'], attacker: ['0.08', '0.08', '0.07', '0.07', '0.08']
2026-05-06 12:29:28 | INFO    | dpfl.core.base_simulator | Round  18/150 | Acc: 0.8627 | Loss: 0.5394 | eps: 0.00 | P: 0.00 R: nan F1: nan
2026-05-06 12:29:28 | DEBUG   | dpfl.core.base_simulator | Update norms — honest: ['0.06', '0.06', '0.06', '0.06', '0.06'], attacker: ['0.07', '0.07', '0.08', '0.07', '0.08']
2026-05-06 12:29:29 | INFO    | dpfl.core.base_simulator | Round  19/150 | Acc: 0.8648 | Loss: 0.5255 | eps: 0.00 | P: 0.00 R: nan F1: nan
2026-05-06 12:29:29 | DEBUG   | dpfl.core.base_simulator | Update norms — honest: ['0.06', '0.05', '0.05', '0.05', '0.05'], attacker: ['0.07', '0.07', '0.07', '0.07', '0.08']
2026-05-06 12:29:34 | INFO    | dpfl.core.base_simulator | Round  20/150 | Acc: 0.8664 | Loss: 0.5133 | eps: 0.00 | P: 0.00 R: nan F1: nan
2026-05-06 12:29:34 | DEBUG   | dpfl.core.base_simulator | Update norms — honest: ['0.05', '0.05', '0.05', '0.05', '0.05'], attacker: ['0.07', '0.07', '0.07', '0.07', '0.07']
2026-05-06 12:29:35 | INFO    | dpfl.core.base_simulator | Round  21/150 | Acc: 0.8679 | Loss: 0.5024 | eps: 0.00 | P: 0.00 R: nan F1: nan
2026-05-06 12:29:35 | DEBUG   | dpfl.core.base_simulator | Update norms — honest: ['0.05', '0.05', '0.05', '0.05', '0.05'], attacker: ['0.07', '0.07', '0.07', '0.07', '0.07']
2026-05-06 12:29:36 | INFO    | dpfl.core.base_simulator | Round  22/150 | Acc: 0.8694 | Loss: 0.4925 | eps: 0.00 | P: 0.00 R: nan F1: nan
2026-05-06 12:29:36 | DEBUG   | dpfl.core.base_simulator | Update norms — honest: ['0.05', '0.05', '0.05', '0.05', '0.05'], attacker: ['0.07', '0.07', '0.07', '0.07', '0.07']
2026-05-06 12:29:36 | INFO    | dpfl.core.base_simulator | Round  23/150 | Acc: 0.8707 | Loss: 0.4836 | eps: 0.00 | P: 0.00 R: nan F1: nan
2026-05-06 12:29:36 | DEBUG   | dpfl.core.base_simulator | Update norms — honest: ['0.05', '0.05', '0.04', '0.05', '0.05'], attacker: ['0.07', '0.06', '0.06', '0.07', '0.07']
2026-05-06 12:29:37 | INFO    | dpfl.core.base_simulator | Round  24/150 | Acc: 0.8718 | Loss: 0.4756 | eps: 0.00 | P: 0.00 R: nan F1: nan
2026-05-06 12:29:37 | DEBUG   | dpfl.core.base_simulator | Update norms — honest: ['0.05', '0.05', '0.04', '0.04', '0.04'], attacker: ['0.07', '0.07', '0.06', '0.07', '0.07']
2026-05-06 12:29:42 | INFO    | dpfl.core.base_simulator | Round  25/150 | Acc: 0.8727 | Loss: 0.4685 | eps: 0.00 | P: 0.00 R: nan F1: nan
2026-05-06 12:29:42 | DEBUG   | dpfl.core.base_simulator | Update norms — honest: ['0.04', '0.04', '0.04', '0.04', '0.04'], attacker: ['0.07', '0.07', '0.06', '0.07', '0.06']
2026-05-06 12:29:43 | INFO    | dpfl.core.base_simulator | Round  26/150 | Acc: 0.8738 | Loss: 0.4619 | eps: 0.00 | P: 0.00 R: nan F1: nan
2026-05-06 12:29:43 | DEBUG   | dpfl.core.base_simulator | Update norms — honest: ['0.04', '0.04', '0.04', '0.04', '0.04'], attacker: ['0.07', '0.07', '0.06', '0.07', '0.07']
2026-05-06 12:29:44 | INFO    | dpfl.core.base_simulator | Round  27/150 | Acc: 0.8746 | Loss: 0.4558 | eps: 0.00 | P: 0.00 R: nan F1: nan
2026-05-06 12:29:44 | DEBUG   | dpfl.core.base_simulator | Update norms — honest: ['0.04', '0.04', '0.04', '0.04', '0.04'], attacker: ['0.06', '0.06', '0.06', '0.07', '0.06']
2026-05-06 12:29:44 | INFO    | dpfl.core.base_simulator | Round  28/150 | Acc: 0.8754 | Loss: 0.4504 | eps: 0.00 | P: 0.00 R: nan F1: nan
2026-05-06 12:29:44 | DEBUG   | dpfl.core.base_simulator | Update norms — honest: ['0.04', '0.04', '0.04', '0.04', '0.04'], attacker: ['0.06', '0.06', '0.06', '0.06', '0.06']
2026-05-06 12:29:46 | INFO    | dpfl.core.base_simulator | Round  29/150 | Acc: 0.8762 | Loss: 0.4452 | eps: 0.00 | P: 0.00 R: nan F1: nan
2026-05-06 12:29:46 | DEBUG   | dpfl.core.base_simulator | Update norms — honest: ['0.04', '0.04', '0.04', '0.04', '0.04'], attacker: ['0.07', '0.07', '0.06', '0.07', '0.06']
2026-05-06 12:29:50 | INFO    | dpfl.core.base_simulator | Round  30/150 | Acc: 0.8770 | Loss: 0.4404 | eps: 0.00 | P: 0.00 R: nan F1: nan
2026-05-06 12:29:50 | DEBUG   | dpfl.core.base_simulator | Update norms — honest: ['0.04', '0.04', '0.04', '0.04', '0.04'], attacker: ['0.07', '0.07', '0.06', '0.07', '0.07']
2026-05-06 12:29:51 | INFO    | dpfl.core.base_simulator | Round  31/150 | Acc: 0.8776 | Loss: 0.4361 | eps: 0.00 | P: 0.00 R: nan F1: nan
2026-05-06 12:29:51 | DEBUG   | dpfl.core.base_simulator | Update norms — honest: ['0.04', '0.04', '0.03', '0.04', '0.03'], attacker: ['0.07', '0.06', '0.06', '0.07', '0.07']
2026-05-06 12:29:52 | INFO    | dpfl.core.base_simulator | Round  32/150 | Acc: 0.8781 | Loss: 0.4321 | eps: 0.00 | P: 0.00 R: nan F1: nan
2026-05-06 12:29:52 | DEBUG   | dpfl.core.base_simulator | Update norms — honest: ['0.04', '0.04', '0.03', '0.03', '0.03'], attacker: ['0.06', '0.07', '0.06', '0.07', '0.06']
2026-05-06 12:29:53 | INFO    | dpfl.core.base_simulator | Round  33/150 | Acc: 0.8788 | Loss: 0.4284 | eps: 0.00 | P: 0.00 R: nan F1: nan
2026-05-06 12:29:53 | DEBUG   | dpfl.core.base_simulator | Update norms — honest: ['0.04', '0.04', '0.03', '0.03', '0.03'], attacker: ['0.06', '0.07', '0.06', '0.07', '0.07']
2026-05-06 12:29:54 | INFO    | dpfl.core.base_simulator | Round  34/150 | Acc: 0.8793 | Loss: 0.4249 | eps: 0.00 | P: 0.00 R: nan F1: nan
2026-05-06 12:29:54 | DEBUG   | dpfl.core.base_simulator | Update norms — honest: ['0.04', '0.03', '0.03', '0.03', '0.03'], attacker: ['0.06', '0.07', '0.07', '0.07', '0.06']
2026-05-06 12:29:59 | INFO    | dpfl.core.base_simulator | Round  35/150 | Acc: 0.8798 | Loss: 0.4216 | eps: 0.00 | P: 0.00 R: nan F1: nan
2026-05-06 12:29:59 | DEBUG   | dpfl.core.base_simulator | Update norms — honest: ['0.04', '0.03', '0.03', '0.03', '0.03'], attacker: ['0.06', '0.06', '0.06', '0.07', '0.07']
2026-05-06 12:29:59 | INFO    | dpfl.core.base_simulator | Round  36/150 | Acc: 0.8804 | Loss: 0.4186 | eps: 0.00 | P: 0.00 R: nan F1: nan
2026-05-06 12:29:59 | DEBUG   | dpfl.core.base_simulator | Update norms — honest: ['0.04', '0.03', '0.03', '0.03', '0.03'], attacker: ['0.06', '0.06', '0.06', '0.06', '0.06']
2026-05-06 12:30:00 | INFO    | dpfl.core.base_simulator | Round  37/150 | Acc: 0.8807 | Loss: 0.4158 | eps: 0.00 | P: 0.00 R: nan F1: nan
2026-05-06 12:30:00 | DEBUG   | dpfl.core.base_simulator | Update norms — honest: ['0.04', '0.03', '0.03', '0.03', '0.03'], attacker: ['0.07', '0.07', '0.06', '0.07', '0.06']
2026-05-06 12:30:01 | INFO    | dpfl.core.base_simulator | Round  38/150 | Acc: 0.8812 | Loss: 0.4133 | eps: 0.00 | P: 0.00 R: nan F1: nan
2026-05-06 12:30:01 | DEBUG   | dpfl.core.base_simulator | Update norms — honest: ['0.03', '0.03', '0.03', '0.03', '0.03'], attacker: ['0.06', '0.07', '0.07', '0.07', '0.07']
2026-05-06 12:30:03 | INFO    | dpfl.core.base_simulator | Round  39/150 | Acc: 0.8815 | Loss: 0.4108 | eps: 0.00 | P: 0.00 R: nan F1: nan
2026-05-06 12:30:03 | DEBUG   | dpfl.core.base_simulator | Update norms — honest: ['0.03', '0.03', '0.03', '0.03', '0.03'], attacker: ['0.06', '0.07', '0.07', '0.07', '0.07']
2026-05-06 12:30:07 | INFO    | dpfl.core.base_simulator | Round  40/150 | Acc: 0.8818 | Loss: 0.4086 | eps: 0.00 | P: 0.00 R: nan F1: nan
2026-05-06 12:30:07 | DEBUG   | dpfl.core.base_simulator | Update norms — honest: ['0.03', '0.03', '0.03', '0.03', '0.03'], attacker: ['0.07', '0.07', '0.07', '0.07', '0.06']
2026-05-06 12:30:07 | INFO    | dpfl.core.base_simulator | Round  41/150 | Acc: 0.8822 | Loss: 0.4063 | eps: 0.00 | P: 0.00 R: nan F1: nan
2026-05-06 12:30:07 | DEBUG   | dpfl.core.base_simulator | Update norms — honest: ['0.03', '0.03', '0.03', '0.03', '0.03'], attacker: ['0.07', '0.07', '0.07', '0.07', '0.07']
2026-05-06 12:30:08 | INFO    | dpfl.core.base_simulator | Round  42/150 | Acc: 0.8826 | Loss: 0.4043 | eps: 0.00 | P: 0.00 R: nan F1: nan
2026-05-06 12:30:08 | DEBUG   | dpfl.core.base_simulator | Update norms — honest: ['0.03', '0.03', '0.03', '0.03', '0.03'], attacker: ['0.06', '0.07', '0.07', '0.06', '0.06']
2026-05-06 12:30:09 | INFO    | dpfl.core.base_simulator | Round  43/150 | Acc: 0.8828 | Loss: 0.4023 | eps: 0.00 | P: 0.00 R: nan F1: nan
2026-05-06 12:30:09 | DEBUG   | dpfl.core.base_simulator | Update norms — honest: ['0.03', '0.03', '0.03', '0.03', '0.03'], attacker: ['0.07', '0.07', '0.06', '0.07', '0.06']
2026-05-06 12:30:13 | INFO    | dpfl.core.base_simulator | Round  44/150 | Acc: 0.8831 | Loss: 0.4006 | eps: 0.00 | P: 0.00 R: nan F1: nan
2026-05-06 12:30:13 | DEBUG   | dpfl.core.base_simulator | Update norms — honest: ['0.03', '0.03', '0.03', '0.03', '0.03'], attacker: ['0.06', '0.06', '0.06', '0.07', '0.07']
2026-05-06 12:30:15 | INFO    | dpfl.core.base_simulator | Round  45/150 | Acc: 0.8834 | Loss: 0.3989 | eps: 0.00 | P: 0.00 R: nan F1: nan
2026-05-06 12:30:15 | DEBUG   | dpfl.core.base_simulator | Update norms — honest: ['0.03', '0.03', '0.03', '0.03', '0.03'], attacker: ['0.07', '0.07', '0.07', '0.07', '0.07']
2026-05-06 12:30:16 | INFO    | dpfl.core.base_simulator | Round  46/150 | Acc: 0.8837 | Loss: 0.3973 | eps: 0.00 | P: 0.00 R: nan F1: nan
2026-05-06 12:30:16 | DEBUG   | dpfl.core.base_simulator | Update norms — honest: ['0.03', '0.03', '0.03', '0.03', '0.03'], attacker: ['0.06', '0.07', '0.07', '0.07', '0.06']
2026-05-06 12:30:17 | INFO    | dpfl.core.base_simulator | Round  47/150 | Acc: 0.8840 | Loss: 0.3957 | eps: 0.00 | P: 0.00 R: nan F1: nan
2026-05-06 12:30:17 | DEBUG   | dpfl.core.base_simulator | Update norms — honest: ['0.03', '0.03', '0.03', '0.03', '0.03'], attacker: ['0.07', '0.07', '0.07', '0.07', '0.07']
2026-05-06 12:30:17 | INFO    | dpfl.core.base_simulator | Round  48/150 | Acc: 0.8842 | Loss: 0.3944 | eps: 0.00 | P: 0.00 R: nan F1: nan
2026-05-06 12:30:17 | DEBUG   | dpfl.core.base_simulator | Update norms — honest: ['0.03', '0.03', '0.03', '0.03', '0.03'], attacker: ['0.06', '0.07', '0.07', '0.07', '0.07']
2026-05-06 12:30:21 | INFO    | dpfl.core.base_simulator | Round  49/150 | Acc: 0.8844 | Loss: 0.3931 | eps: 0.00 | P: 0.00 R: nan F1: nan
2026-05-06 12:30:21 | DEBUG   | dpfl.core.base_simulator | Update norms — honest: ['0.03', '0.03', '0.03', '0.03', '0.03'], attacker: ['0.06', '0.06', '0.06', '0.06', '0.06']
2026-05-06 12:30:24 | INFO    | dpfl.core.base_simulator | Round  50/150 | Acc: 0.8846 | Loss: 0.3917 | eps: 0.00 | P: 0.00 R: nan F1: nan
2026-05-06 12:30:24 | DEBUG   | dpfl.core.base_simulator | Update norms — honest: ['0.03', '0.03', '0.03', '0.03', '0.03'], attacker: ['0.06', '0.06', '0.06', '0.06', '0.06']
2026-05-06 12:30:24 | INFO    | dpfl.core.base_simulator | Round  51/150 | Acc: 0.8848 | Loss: 0.3906 | eps: 0.00 | P: 0.49 R: 1.00 F1: 0.92
2026-05-06 12:30:24 | DEBUG   | dpfl.core.base_simulator | Update norms — honest: ['0.03', '0.03', '0.03', '0.03', '0.02'], attacker: ['0.55', '0.56', '0.58', '0.57', '0.53']
2026-05-06 12:30:25 | INFO    | dpfl.core.base_simulator | Round  52/150 | Acc: 0.8849 | Loss: 0.3896 | eps: 0.00 | P: 0.48 R: 1.00 F1: 0.89
2026-05-06 12:30:25 | DEBUG   | dpfl.core.base_simulator | Update norms — honest: ['0.03', '0.03', '0.02', '0.03', '0.02'], attacker: ['0.57', '0.58', '0.56', '0.55', '0.51']
2026-05-06 12:30:26 | INFO    | dpfl.core.base_simulator | Round  53/150 | Acc: 0.8851 | Loss: 0.3885 | eps: 0.00 | P: 0.33 R: 1.00 F1: 0.86
2026-05-06 12:30:26 | DEBUG   | dpfl.core.base_simulator | Update norms — honest: ['0.03', '0.03', '0.03', '0.02', '0.03'], attacker: ['0.64', '0.61', '0.58', '0.62', '0.55']
2026-05-06 12:30:30 | INFO    | dpfl.core.base_simulator | Round  54/150 | Acc: 0.8852 | Loss: 0.3876 | eps: 0.00 | P: 0.67 R: 1.00 F1: 0.88
2026-05-06 12:30:30 | DEBUG   | dpfl.core.base_simulator | Update norms — honest: ['0.03', '0.03', '0.02', '0.02', '0.02'], attacker: ['0.64', '0.67', '0.63', '0.62', '0.57']
2026-05-06 12:30:32 | INFO    | dpfl.core.base_simulator | Round  55/150 | Acc: 0.8854 | Loss: 0.3867 | eps: 0.00 | P: 0.45 R: 1.00 F1: 0.91
2026-05-06 12:30:32 | DEBUG   | dpfl.core.base_simulator | Update norms — honest: ['0.03', '0.03', '0.02', '0.03', '0.02'], attacker: ['0.64', '0.67', '0.63', '0.61', '0.60']
2026-05-06 12:30:33 | INFO    | dpfl.core.base_simulator | Round  56/150 | Acc: 0.8851 | Loss: 0.3877 | eps: 0.00 | P: 0.33 R: 1.00 F1: 0.89
2026-05-06 12:30:33 | DEBUG   | dpfl.core.base_simulator | Update norms — honest: ['0.02', '0.03', '0.02', '0.03', '0.02'], attacker: ['0.76', '0.77', '0.78', '0.67', '0.66']
2026-05-06 12:30:33 | INFO    | dpfl.core.base_simulator | Round  57/150 | Acc: 0.8842 | Loss: 0.3916 | eps: 0.00 | P: 0.36 R: 0.99 F1: 0.92
2026-05-06 12:30:33 | DEBUG   | dpfl.core.base_simulator | Update norms — honest: ['0.03', '0.02', '0.02', '0.03', '0.02'], attacker: ['0.74', '0.73', '0.72', '0.73', '0.65']
2026-05-06 12:30:34 | INFO    | dpfl.core.base_simulator | Round  58/150 | Acc: 0.8835 | Loss: 0.3931 | eps: 0.00 | P: 0.28 R: 0.99 F1: 0.93
2026-05-06 12:30:34 | DEBUG   | dpfl.core.base_simulator | Update norms — honest: ['0.02', '0.02', '0.03', '0.02', '0.02'], attacker: ['0.68', '0.75', '0.73', '0.75', '0.67']
2026-05-06 12:30:39 | INFO    | dpfl.core.base_simulator | Round  59/150 | Acc: 0.8775 | Loss: 0.4260 | eps: 0.00 | P: 0.37 R: 0.99 F1: 0.90
2026-05-06 12:30:39 | DEBUG   | dpfl.core.base_simulator | Update norms — honest: ['0.02', '0.02', '0.02', '0.03', '0.02'], attacker: ['0.71', '0.77', '0.76', '0.80', '0.79']
2026-05-06 12:30:40 | INFO    | dpfl.core.base_simulator | Round  60/150 | Acc: 0.8675 | Loss: 2.2487 | eps: 0.00 | P: 0.47 R: 0.98 F1: 0.90
2026-05-06 12:30:40 | DEBUG   | dpfl.core.base_simulator | Update norms — honest: ['0.02', '0.03', '0.02', '0.02', '0.02'], attacker: ['4.50', '4.72', '4.62', '4.57', '4.70']
2026-05-06 12:30:41 | INFO    | dpfl.core.base_simulator | Round  61/150 | Acc: 0.8554 | Loss: 115.7216 | eps: 0.00 | P: 0.55 R: 0.97 F1: 0.90
2026-05-06 12:30:41 | DEBUG   | dpfl.core.base_simulator | Update norms — honest: ['0.03', '0.02', '0.02', '0.02', '0.02'], attacker: ['30.57', '31.01', '30.68', '30.46', '30.92']
2026-05-06 12:30:42 | INFO    | dpfl.core.base_simulator | Round  62/150 | Acc: 0.8437 | Loss: 3308.2893 | eps: 0.00 | P: 0.39 R: 0.98 F1: 0.87
2026-05-06 12:30:42 | DEBUG   | dpfl.core.base_simulator | Update norms — honest: ['0.02', '0.02', '0.02', '0.03', '0.02'], attacker: ['203.57', '208.94', '208.80', '209.25', '206.94']
2026-05-06 12:30:43 | INFO    | dpfl.core.base_simulator | Round  63/150 | Acc: 0.8314 | Loss: 129020.7023 | eps: 0.00 | P: 0.33 R: 0.98 F1: 0.88
2026-05-06 12:30:43 | DEBUG   | dpfl.core.base_simulator | Update norms — honest: ['0.02', '0.02', '0.02', '0.02', '0.02'], attacker: ['1312.57', '1279.74', '1264.34', '1387.52', '1274.54']
2026-05-06 12:30:47 | INFO    | dpfl.core.base_simulator | Round  64/150 | Acc: 0.8214 | Loss: 7056790.4318 | eps: 0.00 | P: 0.35 R: 0.98 F1: 0.81
2026-05-06 12:30:47 | DEBUG   | dpfl.core.base_simulator | Update norms — honest: ['0.03', '0.02', '0.02', '0.02', '0.02'], attacker: ['8554.40', '8423.19', '7628.90', '7837.86', '7858.30']
2026-05-06 12:30:49 | INFO    | dpfl.core.base_simulator | Round  65/150 | Acc: 0.8010 | Loss: 400283326.5303 | eps: 0.00 | P: 0.59 R: 0.98 F1: 0.90
2026-05-06 12:30:49 | DEBUG   | dpfl.core.base_simulator | Update norms — honest: ['0.03', '0.02', '0.02', '0.02', '0.02'], attacker: ['50749.53', '50788.92', '50485.57', '50243.51', '46764.67']
2026-05-06 12:30:50 | INFO    | dpfl.core.base_simulator | Round  66/150 | Acc: 0.7826 | Loss: 13020897752.5108 | eps: 0.00 | P: 0.45 R: 0.98 F1: 0.88
2026-05-06 12:30:50 | DEBUG   | dpfl.core.base_simulator | Update norms — honest: ['0.02', '21100.38', '20100.77', '0.02', '0.02'], attacker: ['296421.59', '296618.56', '303423.62', '293446.19', '308530.69']
2026-05-06 12:30:50 | INFO    | dpfl.core.base_simulator | Round  67/150 | Acc: 0.7797 | Loss: 164179138097.9626 | eps: 0.00 | P: 0.21 R: 0.98 F1: 0.96
2026-05-06 12:30:50 | DEBUG   | dpfl.core.base_simulator | Update norms — honest: ['0.02', '5296.04', '4541.40', '0.02', '0.02'], attacker: ['1924483.50', '1815011.50', '1790257.00', '1849827.50', '1797930.50']
2026-05-06 12:30:51 | INFO    | dpfl.core.base_simulator | Round  68/150 | Acc: 0.7716 | Loss: 12550768158475.3652 | eps: 0.00 | P: 0.27 R: 0.98 F1: 0.82
2026-05-06 12:30:51 | DEBUG   | dpfl.core.base_simulator | Update norms — honest: ['0.02', '4203.89', '847745.69', '0.02', '0.02'], attacker: ['11439145.00', '11775475.00', '11798548.00', '11932416.00', '12312823.00']
2026-05-06 12:30:55 | INFO    | dpfl.core.base_simulator | Round  69/150 | Acc: 0.7605 | Loss: 745991591006840.0000 | eps: 0.00 | P: 0.33 R: 0.97 F1: 0.81
2026-05-06 12:30:55 | DEBUG   | dpfl.core.base_simulator | Update norms — honest: ['0.02', '3762.94', '199137.66', '0.02', '0.02'], attacker: ['77959448.00', '78596720.00', '76316448.00', '77625320.00', '75286912.00']
2026-05-06 12:30:57 | INFO    | dpfl.core.base_simulator | Round  70/150 | Acc: 0.7624 | Loss: 6870374720810721.0000 | eps: 0.00 | P: 0.22 R: 0.99 F1: 0.74
2026-05-06 12:30:57 | DEBUG   | dpfl.core.base_simulator | Update norms — honest: ['0.02', '3512.51', '176407.59', '0.02', '35734788.00'], attacker: ['492914400.00', '444504352.00', '446914976.00', '483362496.00', '473852352.00']
2026-05-06 12:30:58 | INFO    | dpfl.core.base_simulator | Round  71/150 | Acc: 0.7577 | Loss: 562075327780243712.0000 | eps: 0.00 | P: 0.35 R: 0.98 F1: 0.94
2026-05-06 12:30:58 | DEBUG   | dpfl.core.base_simulator | Update norms — honest: ['0.02', '2648.76', '163589.98', '0.02', '296642752.00'], attacker: ['3017983232.00', '2879124992.00', '2931111936.00', '3031560448.00', '3009808384.00']
2026-05-06 12:30:58 | INFO    | dpfl.core.base_simulator | Round  72/150 | Acc: 0.7511 | Loss: 33416606310196076544.0000 | eps: 0.00 | P: 0.41 R: 0.98 F1: 0.92
2026-05-06 12:30:58 | DEBUG   | dpfl.core.base_simulator | Update norms — honest: ['0.02', '2094.22', '136576.58', '0.02', '55193928.00'], attacker: ['18250094592.00', '18503370752.00', '18628513792.00', '18941065216.00', '19464437760.00']
2026-05-06 12:30:59 | INFO    | dpfl.core.base_simulator | Round  73/150 | Acc: 0.7465 | Loss: 861487248967676461056.0000 | eps: 0.00 | P: 0.26 R: 0.98 F1: 0.88
2026-05-06 12:30:59 | DEBUG   | dpfl.core.base_simulator | Update norms — honest: ['0.02', '1708.35', '122342.61', '0.02', '54254572.00'], attacker: ['120730820608.00', '121740460032.00', '117787860992.00', '110436524032.00', '118173990912.00']
2026-05-06 12:31:03 | INFO    | dpfl.core.base_simulator | Round  74/150 | Acc: 0.7365 | Loss: 66436661423124758134784.0000 | eps: 0.00 | P: 0.35 R: 0.97 F1: 0.88
2026-05-06 12:31:03 | DEBUG   | dpfl.core.base_simulator | Update norms — honest: ['0.02', '1683.86', '94543.91', '0.02', '34198132.00'], attacker: ['764630401024.00', '699833909248.00', '745802563584.00', '709034508288.00', '755691225088.00']
2026-05-06 12:31:05 | INFO    | dpfl.core.base_simulator | Round  75/150 | Acc: 0.7359 | Loss: 1641556062482118318489600.0000 | eps: 0.00 | P: 0.30 R: 0.99 F1: 0.87
2026-05-06 12:31:05 | DEBUG   | dpfl.core.base_simulator | Update norms — honest: ['0.02', '1383.20', '66000.86', '0.02', '30109284.00'], attacker: ['4802134671360.00', '4910790737920.00', '4771668295680.00', '4752513957888.00', '4479788253184.00']
2026-05-06 12:31:06 | INFO    | dpfl.core.base_simulator | Round  76/150 | Acc: 0.7284 | Loss: 96879914164890205094412288.0000 | eps: 0.00 | P: 0.41 R: 0.97 F1: 0.79
2026-05-06 12:31:06 | DEBUG   | dpfl.core.base_simulator | Update norms — honest: ['0.02', '1514.10', '57202.96', '0.02', '27732334.00'], attacker: ['29496080072704.00', '30399688343552.00', '30041371049984.00', '29442002911232.00', '29055944491008.00']
2026-05-06 12:31:07 | INFO    | dpfl.core.base_simulator | Round  77/150 | Acc: 0.7259 | Loss: 2516667339302945260386123776.0000 | eps: 0.00 | P: 0.31 R: 0.98 F1: 0.86
2026-05-06 12:31:07 | DEBUG   | dpfl.core.base_simulator | Update norms — honest: ['0.02', '1034.75', '55862.10', '0.02', '27703278.00'], attacker: ['183639027482624.00', '189196463505408.00', '187701110243328.00', '194799919431680.00', '186056959852544.00']
2026-05-06 12:31:07 | INFO    | dpfl.core.base_simulator | Round  78/150 | Acc: 0.7238 | Loss: 144636394700074337548105678848.0000 | eps: 0.00 | P: 0.37 R: 0.98 F1: 0.91
2026-05-06 12:31:07 | DEBUG   | dpfl.core.base_simulator | Update norms — honest: ['0.02', '684.72', '43730.46', '0.02', '18235570.00'], attacker: ['1220482334457856.00', '1214496358006784.00', '1134213487132672.00', '1124744359313408.00', '1101033858138112.00']
2026-05-06 12:31:12 | INFO    | dpfl.core.base_simulator | Round  79/150 | Acc: 0.7203 | Loss: 5331647181766965763346624675840.0000 | eps: 0.00 | P: 0.52 R: 0.98 F1: 0.95
2026-05-06 12:31:12 | DEBUG   | dpfl.core.base_simulator | Update norms — honest: ['0.02', '808.26', '32548.06', '0.02', '15371364.00'], attacker: ['7671209412001792.00', '7502473031843840.00', '6938467053338624.00', '7468788677083136.00', '7594153940615168.00']
2026-05-06 12:31:13 | INFO    | dpfl.core.base_simulator | Round  80/150 | Acc: 0.7188 | Loss: 129916356637070949395412652392448.0000 | eps: 0.00 | P: 0.24 R: 0.97 F1: 0.84
2026-05-06 12:31:13 | DEBUG   | dpfl.core.base_simulator | Update norms — honest: ['0.02', '3237902830010368.00', '29686.34', '0.02', '11421804.00'], attacker: ['48069372761079808.00', '45488625697161216.00', '46914692278386688.00', '46005537896136704.00', '44829498541080576.00']
2026-05-06 12:31:14 | INFO    | dpfl.core.base_simulator | Round  81/150 | Acc: 0.7125 | Loss: inf | eps: 0.00 | P: 0.50 R: 0.99 F1: 0.88
2026-05-06 12:31:14 | DEBUG   | dpfl.core.base_simulator | Update norms — honest: ['0.02', '734925477117952.00', '35330.40', '0.02', '11882970.00'], attacker: ['303001009200824320.00', '301181283097116672.00', '271656080176578560.00', '288730104186535936.00', '285493743249784832.00']
2026-05-06 12:31:15 | INFO    | dpfl.core.base_simulator | Round  82/150 | Acc: 0.7046 | Loss: inf | eps: 0.00 | P: 0.45 R: 0.97 F1: 0.84
2026-05-06 12:31:15 | DEBUG   | dpfl.core.base_simulator | Update norms — honest: ['0.02', '136379677097852928.00', '32588.52', '0.02', '11343826.00'], attacker: ['1841541926231212032.00', '1929595627746885632.00', '1893362184126201856.00', '1856092863113199616.00', '1835981558490595328.00']
2026-05-06 12:31:15 | INFO    | dpfl.core.base_simulator | Round  83/150 | Acc: 0.7075 | Loss: nan | eps: 0.00 | P: 0.29 R: 0.94 F1: 0.91
2026-05-06 12:31:15 | DEBUG   | dpfl.core.base_simulator | Update norms — honest: ['0.02', '33834816055017472.00', '22134.25', '0.02', '8375120.00'], attacker: ['11628543827010125824.00', '12229172944403693568.00', '11888156114514083840.00', '11872705777120575488.00', '12246997127401570304.00']
2026-05-06 12:31:19 | INFO    | dpfl.core.base_simulator | Round  84/150 | Acc: 0.7136 | Loss: nan | eps: 0.00 | P: 0.38 R: 1.00 F1: 0.92
2026-05-06 12:31:19 | DEBUG   | dpfl.core.base_simulator | Update norms — honest: ['0.02', '26502576736305152.00', '26627.43', '0.02', '7080067.00'], attacker: ['nan', 'nan', 'nan', 'nan', 'nan']
2026-05-06 12:31:22 | INFO    | dpfl.core.base_simulator | Round  85/150 | Acc: 0.7126 | Loss: nan | eps: 0.00 | P: 0.51 R: 1.00 F1: 0.84
2026-05-06 12:31:22 | DEBUG   | dpfl.core.base_simulator | Update norms — honest: ['0.02', '24356701553557504.00', '23769.54', '0.02', '6086364.50'], attacker: ['nan', 'nan', 'nan', 'nan', 'nan']
2026-05-06 12:31:22 | INFO    | dpfl.core.base_simulator | Round  86/150 | Acc: 0.7208 | Loss: nan | eps: 0.00 | P: 0.27 R: 1.00 F1: 0.92
2026-05-06 12:31:22 | DEBUG   | dpfl.core.base_simulator | Update norms — honest: ['0.02', '23212949615149056.00', '15817.07', '0.02', '5342002.50'], attacker: ['nan', 'nan', 'nan', 'nan', 'nan']
2026-05-06 12:31:23 | INFO    | dpfl.core.base_simulator | Round  87/150 | Acc: 0.7245 | Loss: nan | eps: 0.00 | P: 0.42 R: 1.00 F1: 0.89
2026-05-06 12:31:23 | DEBUG   | dpfl.core.base_simulator | Update norms — honest: ['0.02', '13801068878102528.00', '18913.56', '0.02', '5819207.00'], attacker: ['nan', 'nan', 'nan', 'nan', 'nan']
2026-05-06 12:31:24 | INFO    | dpfl.core.base_simulator | Round  88/150 | Acc: 0.7305 | Loss: nan | eps: 0.00 | P: 0.48 R: 1.00 F1: 0.90
2026-05-06 12:31:24 | DEBUG   | dpfl.core.base_simulator | Update norms — honest: ['0.02', '11920431548203008.00', '25876.68', '0.02', '5324706.50'], attacker: ['nan', 'nan', 'nan', 'nan', 'nan']
2026-05-06 12:31:27 | INFO    | dpfl.core.base_simulator | Round  89/150 | Acc: 0.7368 | Loss: nan | eps: 0.00 | P: 0.38 R: 1.00 F1: 0.89
2026-05-06 12:31:27 | DEBUG   | dpfl.core.base_simulator | Update norms — honest: ['0.02', '14772366068416512.00', '26552.40', '0.02', '4616251.50'], attacker: ['nan', 'nan', 'nan', 'nan', 'nan']
2026-05-06 12:31:30 | INFO    | dpfl.core.base_simulator | Round  90/150 | Acc: 0.7433 | Loss: nan | eps: 0.00 | P: 0.55 R: 1.00 F1: 0.93
2026-05-06 12:31:30 | DEBUG   | dpfl.core.base_simulator | Update norms — honest: ['0.02', '10961058260844544.00', '17728.28', '0.02', '2832206.00'], attacker: ['nan', 'nan', 'nan', 'nan', 'nan']
2026-05-06 12:31:30 | INFO    | dpfl.core.base_simulator | Round  91/150 | Acc: 0.7333 | Loss: nan | eps: 0.00 | P: 0.33 R: 1.00 F1: 0.80
2026-05-06 12:31:30 | DEBUG   | dpfl.core.base_simulator | Update norms — honest: ['0.02', '10165708700778496.00', '14385.63', '0.02', '2399135.50'], attacker: ['nan', 'nan', 'nan', 'nan', 'nan']
2026-05-06 12:31:31 | INFO    | dpfl.core.base_simulator | Round  92/150 | Acc: 0.7441 | Loss: nan | eps: 0.00 | P: 0.47 R: 1.00 F1: 0.88
2026-05-06 12:31:31 | DEBUG   | dpfl.core.base_simulator | Update norms — honest: ['0.02', '8485782708813824.00', '12116.28', '0.02', '2907246.25'], attacker: ['nan', 'nan', 'nan', 'nan', 'nan']
2026-05-06 12:31:32 | INFO    | dpfl.core.base_simulator | Round  93/150 | Acc: 0.7528 | Loss: nan | eps: 0.00 | P: 0.30 R: 1.00 F1: 0.92
2026-05-06 12:31:32 | DEBUG   | dpfl.core.base_simulator | Update norms — honest: ['0.02', '5048457567928320.00', '13368.11', '0.02', '2476197.25'], attacker: ['nan', 'nan', 'nan', 'nan', 'nan']
2026-05-06 12:31:35 | INFO    | dpfl.core.base_simulator | Round  94/150 | Acc: 0.7575 | Loss: nan | eps: 0.00 | P: 0.36 R: 1.00 F1: 0.84
2026-05-06 12:31:35 | DEBUG   | dpfl.core.base_simulator | Update norms — honest: ['0.02', '7837661406429184.00', '11551.80', '0.02', '2795706.50'], attacker: ['nan', 'nan', 'nan', 'nan', 'nan']
2026-05-06 12:31:38 | INFO    | dpfl.core.base_simulator | Round  95/150 | Acc: 0.7621 | Loss: nan | eps: 0.00 | P: 0.55 R: 1.00 F1: 0.93
2026-05-06 12:31:38 | DEBUG   | dpfl.core.base_simulator | Update norms — honest: ['0.02', '5762977990967296.00', '12254.26', '0.02', '2848256.25'], attacker: ['nan', 'nan', 'nan', 'nan', 'nan']
2026-05-06 12:31:39 | INFO    | dpfl.core.base_simulator | Round  96/150 | Acc: 0.7630 | Loss: nan | eps: 0.00 | P: 0.34 R: 1.00 F1: 0.89
2026-05-06 12:31:39 | DEBUG   | dpfl.core.base_simulator | Update norms — honest: ['0.02', '5213793407729664.00', '13235.23', '0.02', '2797989.75'], attacker: ['nan', 'nan', 'nan', 'nan', 'nan']
2026-05-06 12:31:39 | INFO    | dpfl.core.base_simulator | Round  97/150 | Acc: 0.7696 | Loss: nan | eps: 0.00 | P: 0.18 R: 1.00 F1: 0.80
2026-05-06 12:31:39 | DEBUG   | dpfl.core.base_simulator | Update norms — honest: ['0.02', '5343187350585344.00', '10843.50', '0.02', '2356714.50'], attacker: ['nan', 'nan', 'nan', 'nan', 'nan']
2026-05-06 12:31:40 | INFO    | dpfl.core.base_simulator | Round  98/150 | Acc: 0.7697 | Loss: nan | eps: 0.00 | P: 0.34 R: 1.00 F1: 0.87
2026-05-06 12:31:40 | DEBUG   | dpfl.core.base_simulator | Update norms — honest: ['0.02', '4784642959867904.00', '8825.60', '0.02', '2525517.00'], attacker: ['nan', 'nan', 'nan', 'nan', 'nan']
2026-05-06 12:31:42 | INFO    | dpfl.core.base_simulator | Round  99/150 | Acc: 0.7773 | Loss: nan | eps: 0.00 | P: 0.46 R: 1.00 F1: 0.88
2026-05-06 12:31:42 | DEBUG   | dpfl.core.base_simulator | Update norms — honest: ['0.02', '3853160116387840.00', '10519.57', '0.02', '2191463.75'], attacker: ['nan', 'nan', 'nan', 'nan', 'nan']
2026-05-06 12:31:46 | INFO    | dpfl.core.base_simulator | Round 100/150 | Acc: 0.7818 | Loss: nan | eps: 0.00 | P: 0.44 R: 1.00 F1: 0.88
2026-05-06 12:31:46 | DEBUG   | dpfl.core.base_simulator | Update norms — honest: ['0.02', '3220989785669632.00', '11585.29', '0.02', '1862934.88'], attacker: ['nan', 'nan', 'nan', 'nan', 'nan']
2026-05-06 12:31:47 | INFO    | dpfl.core.base_simulator | Round 101/150 | Acc: 0.7850 | Loss: nan | eps: 0.00 | P: 0.23 R: 1.00 F1: 0.71
2026-05-06 12:31:47 | DEBUG   | dpfl.core.base_simulator | Update norms — honest: ['0.02', '3361460717617152.00', '13432.66', '0.02', '1721765.00'], attacker: ['nan', 'nan', 'nan', 'nan', 'nan']
2026-05-06 12:31:48 | INFO    | dpfl.core.base_simulator | Round 102/150 | Acc: 0.7890 | Loss: nan | eps: 0.00 | P: 0.49 R: 1.00 F1: 0.86
2026-05-06 12:31:48 | DEBUG   | dpfl.core.base_simulator | Update norms — honest: ['0.02', '3141980372598784.00', '11818.56', '0.02', '1704663.12'], attacker: ['nan', 'nan', 'nan', 'nan', 'nan']
2026-05-06 12:31:48 | INFO    | dpfl.core.base_simulator | Round 103/150 | Acc: 0.7781 | Loss: nan | eps: 0.00 | P: 0.43 R: 1.00 F1: 0.88
2026-05-06 12:31:48 | DEBUG   | dpfl.core.base_simulator | Update norms — honest: ['0.01', '2842965554757632.00', '10589.73', '0.02', '2512611.75'], attacker: ['nan', 'nan', 'nan', 'nan', 'nan']
2026-05-06 12:31:50 | INFO    | dpfl.core.base_simulator | Round 104/150 | Acc: 0.7843 | Loss: nan | eps: 0.00 | P: 0.44 R: 1.00 F1: 0.89
2026-05-06 12:31:50 | DEBUG   | dpfl.core.base_simulator | Update norms — honest: ['0.01', '2643661087047680.00', '8172.15', '0.01', '2332158.25'], attacker: ['nan', 'nan', 'nan', 'nan', 'nan']
2026-05-06 12:31:54 | INFO    | dpfl.core.base_simulator | Round 105/150 | Acc: 0.7881 | Loss: nan | eps: 0.00 | P: 0.51 R: 1.00 F1: 0.91
2026-05-06 12:31:54 | DEBUG   | dpfl.core.base_simulator | Update norms — honest: ['0.02', '3259038632509440.00', '8198.41', '0.01', '1512067.62'], attacker: ['nan', 'nan', 'nan', 'nan', 'nan']
2026-05-06 12:31:55 | INFO    | dpfl.core.base_simulator | Round 106/150 | Acc: 0.7924 | Loss: nan | eps: 0.00 | P: 0.52 R: 1.00 F1: 0.85
2026-05-06 12:31:55 | DEBUG   | dpfl.core.base_simulator | Update norms — honest: ['0.02', '2152276563066880.00', '7558.49', '0.02', '1921236.00'], attacker: ['nan', 'nan', 'nan', 'nan', 'nan']
2026-05-06 12:31:56 | INFO    | dpfl.core.base_simulator | Round 107/150 | Acc: 0.7945 | Loss: nan | eps: 0.00 | P: 0.35 R: 1.00 F1: 0.91
2026-05-06 12:31:56 | DEBUG   | dpfl.core.base_simulator | Update norms — honest: ['0.02', '2001628571893760.00', '9022.14', '0.01', '2004024.75'], attacker: ['nan', 'nan', 'nan', 'nan', 'nan']
2026-05-06 12:31:57 | INFO    | dpfl.core.base_simulator | Round 108/150 | Acc: 0.7982 | Loss: nan | eps: 0.00 | P: 0.41 R: 1.00 F1: 0.87
2026-05-06 12:31:57 | DEBUG   | dpfl.core.base_simulator | Update norms — honest: ['0.01', '2840082289524736.00', '11448.15', '0.02', '1928467.38'], attacker: ['nan', 'nan', 'nan', 'nan', 'nan']
2026-05-06 12:31:58 | INFO    | dpfl.core.base_simulator | Round 109/150 | Acc: 0.7985 | Loss: nan | eps: 0.00 | P: 0.42 R: 1.00 F1: 0.90
2026-05-06 12:31:58 | DEBUG   | dpfl.core.base_simulator | Update norms — honest: ['0.02', '3681936681730048.00', '12358.50', '0.01', '1478982.38'], attacker: ['nan', 'nan', 'nan', 'nan', 'nan']
2026-05-06 12:32:02 | INFO    | dpfl.core.base_simulator | Round 110/150 | Acc: 0.8029 | Loss: nan | eps: 0.00 | P: 0.37 R: 1.00 F1: 0.89
2026-05-06 12:32:02 | DEBUG   | dpfl.core.base_simulator | Update norms — honest: ['0.01', '2460038887112704.00', '12813.94', '0.01', '2011588.00'], attacker: ['nan', 'nan', 'nan', 'nan', 'nan']
2026-05-06 12:32:03 | INFO    | dpfl.core.base_simulator | Round 111/150 | Acc: 0.8001 | Loss: nan | eps: 0.00 | P: 0.28 R: 1.00 F1: 0.87
2026-05-06 12:32:03 | DEBUG   | dpfl.core.base_simulator | Update norms — honest: ['0.01', '2146182138691584.00', '7322.09', '0.01', '2024195.88'], attacker: ['nan', 'nan', 'nan', 'nan', 'nan']
2026-05-06 12:32:04 | INFO    | dpfl.core.base_simulator | Round 112/150 | Acc: 0.8047 | Loss: nan | eps: 0.00 | P: 0.39 R: 1.00 F1: 0.86
2026-05-06 12:32:04 | DEBUG   | dpfl.core.base_simulator | Update norms — honest: ['0.02', '1515952059449344.00', '6095.49', '0.01', '978246.31'], attacker: ['nan', 'nan', 'nan', 'nan', 'nan']
2026-05-06 12:32:05 | INFO    | dpfl.core.base_simulator | Round 113/150 | Acc: 0.8070 | Loss: nan | eps: 0.00 | P: 0.54 R: 1.00 F1: 0.90
2026-05-06 12:32:05 | DEBUG   | dpfl.core.base_simulator | Update norms — honest: ['0.01', '1448642271510528.00', '8051.32', '0.01', '1153616.38'], attacker: ['nan', 'nan', 'nan', 'nan', 'nan']
2026-05-06 12:32:06 | INFO    | dpfl.core.base_simulator | Round 114/150 | Acc: 0.8073 | Loss: nan | eps: 0.00 | P: 0.44 R: 1.00 F1: 0.88
2026-05-06 12:32:06 | DEBUG   | dpfl.core.base_simulator | Update norms — honest: ['0.01', '1952579374284800.00', '9952.74', '0.01', '978026.62'], attacker: ['nan', 'nan', 'nan', 'nan', 'nan']
2026-05-06 12:32:11 | INFO    | dpfl.core.base_simulator | Round 115/150 | Acc: 0.8081 | Loss: nan | eps: 0.00 | P: 0.60 R: 1.00 F1: 0.90
2026-05-06 12:32:11 | DEBUG   | dpfl.core.base_simulator | Update norms — honest: ['0.01', '2284043475353600.00', '8235.49', '0.01', '949886.56'], attacker: ['nan', 'nan', 'nan', 'nan', 'nan']
2026-05-06 12:32:12 | INFO    | dpfl.core.base_simulator | Round 116/150 | Acc: 0.8093 | Loss: nan | eps: 0.00 | P: 0.40 R: 1.00 F1: 0.94
2026-05-06 12:32:12 | DEBUG   | dpfl.core.base_simulator | Update norms — honest: ['0.01', '1654653464870912.00', '6734.54', '0.01', '1256514.38'], attacker: ['nan', 'nan', 'nan', 'nan', 'nan']
2026-05-06 12:32:12 | INFO    | dpfl.core.base_simulator | Round 117/150 | Acc: 0.8119 | Loss: nan | eps: 0.00 | P: 0.33 R: 1.00 F1: 0.87
2026-05-06 12:32:12 | DEBUG   | dpfl.core.base_simulator | Update norms — honest: ['0.01', '1679888411000832.00', '8053.83', '0.01', '1505222.38'], attacker: ['nan', 'nan', 'nan', 'nan', 'nan']
2026-05-06 12:32:13 | INFO    | dpfl.core.base_simulator | Round 118/150 | Acc: 0.8139 | Loss: nan | eps: 0.00 | P: 0.39 R: 1.00 F1: 0.90
2026-05-06 12:32:13 | DEBUG   | dpfl.core.base_simulator | Update norms — honest: ['0.01', '1389587679150080.00', '12339.55', '0.01', '1245960.62'], attacker: ['nan', 'nan', 'nan', 'nan', 'nan']
2026-05-06 12:32:14 | INFO    | dpfl.core.base_simulator | Round 119/150 | Acc: 0.8154 | Loss: nan | eps: 0.00 | P: 0.29 R: 1.00 F1: 0.90
2026-05-06 12:32:14 | DEBUG   | dpfl.core.base_simulator | Update norms — honest: ['0.01', '1362571529551872.00', '8352.43', '0.01', '1065328.12'], attacker: ['nan', 'nan', 'nan', 'nan', 'nan']
2026-05-06 12:32:18 | INFO    | dpfl.core.base_simulator | Round 120/150 | Acc: 0.8164 | Loss: nan | eps: 0.00 | P: 0.27 R: 1.00 F1: 0.83
2026-05-06 12:32:18 | DEBUG   | dpfl.core.base_simulator | Update norms — honest: ['0.01', '1083639509024768.00', '7965.76', '0.01', '1611180.62'], attacker: ['nan', 'nan', 'nan', 'nan', 'nan']
2026-05-06 12:32:20 | INFO    | dpfl.core.base_simulator | Round 121/150 | Acc: 0.8124 | Loss: nan | eps: 0.00 | P: 0.40 R: 1.00 F1: 0.93
2026-05-06 12:32:20 | DEBUG   | dpfl.core.base_simulator | Update norms — honest: ['0.02', '983774003200000.00', '7310.33', '0.01', '1412782.75'], attacker: ['nan', 'nan', 'nan', 'nan', 'nan']
2026-05-06 12:32:20 | INFO    | dpfl.core.base_simulator | Round 122/150 | Acc: 0.8143 | Loss: nan | eps: 0.00 | P: 0.40 R: 1.00 F1: 0.93
2026-05-06 12:32:20 | DEBUG   | dpfl.core.base_simulator | Update norms — honest: ['0.01', '1213843120324608.00', '5427.34', '0.01', '1296671.25'], attacker: ['nan', 'nan', 'nan', 'nan', 'nan']
2026-05-06 12:32:21 | INFO    | dpfl.core.base_simulator | Round 123/150 | Acc: 0.8134 | Loss: nan | eps: 0.00 | P: 0.52 R: 1.00 F1: 0.88
2026-05-06 12:32:21 | DEBUG   | dpfl.core.base_simulator | Update norms — honest: ['0.01', '1265249047019520.00', '5246.49', '0.01', '1513217.88'], attacker: ['nan', 'nan', 'nan', 'nan', 'nan']
2026-05-06 12:32:22 | INFO    | dpfl.core.base_simulator | Round 124/150 | Acc: 0.8131 | Loss: nan | eps: 0.00 | P: 0.33 R: 1.00 F1: 0.86
2026-05-06 12:32:22 | DEBUG   | dpfl.core.base_simulator | Update norms — honest: ['0.01', '773338255327232.00', '6420.21', '0.01', '1223829.12'], attacker: ['nan', 'nan', 'nan', 'nan', 'nan']
2026-05-06 12:32:26 | INFO    | dpfl.core.base_simulator | Round 125/150 | Acc: 0.8101 | Loss: nan | eps: 0.00 | P: 0.53 R: 1.00 F1: 0.91
2026-05-06 12:32:26 | DEBUG   | dpfl.core.base_simulator | Update norms — honest: ['0.01', '1608587793137664.00', '5295.14', '0.01', '1424944.88'], attacker: ['nan', 'nan', 'nan', 'nan', 'nan']
2026-05-06 12:32:28 | INFO    | dpfl.core.base_simulator | Round 126/150 | Acc: 0.8128 | Loss: nan | eps: 0.00 | P: 0.53 R: 1.00 F1: 0.92
2026-05-06 12:32:28 | DEBUG   | dpfl.core.base_simulator | Update norms — honest: ['0.01', '1080756176683008.00', '4941.07', '0.01', '1351304.75'], attacker: ['nan', 'nan', 'nan', 'nan', 'nan']
2026-05-06 12:32:29 | INFO    | dpfl.core.base_simulator | Round 127/150 | Acc: 0.8165 | Loss: nan | eps: 0.00 | P: 0.67 R: 1.00 F1: 0.93
2026-05-06 12:32:29 | DEBUG   | dpfl.core.base_simulator | Update norms — honest: ['0.01', '1394651848245248.00', '6448.28', '0.01', '1252546.62'], attacker: ['nan', 'nan', 'nan', 'nan', 'nan']
2026-05-06 12:32:30 | INFO    | dpfl.core.base_simulator | Round 128/150 | Acc: 0.8190 | Loss: nan | eps: 0.00 | P: 0.31 R: 1.00 F1: 0.86
2026-05-06 12:32:30 | DEBUG   | dpfl.core.base_simulator | Update norms — honest: ['0.01', '797105127948288.00', '6806.80', '0.01', '1126163.50'], attacker: ['nan', 'nan', 'nan', 'nan', 'nan']
2026-05-06 12:32:32 | INFO    | dpfl.core.base_simulator | Round 129/150 | Acc: 0.8204 | Loss: nan | eps: 0.00 | P: 0.53 R: 1.00 F1: 0.85
2026-05-06 12:32:32 | DEBUG   | dpfl.core.base_simulator | Update norms — honest: ['0.01', '1028992559742976.00', '5296.32', '0.01', '709370.94'], attacker: ['nan', 'nan', 'nan', 'nan', 'nan']
2026-05-06 12:32:36 | INFO    | dpfl.core.base_simulator | Round 130/150 | Acc: 0.8205 | Loss: nan | eps: 0.00 | P: 0.43 R: 1.00 F1: 0.88
2026-05-06 12:32:36 | DEBUG   | dpfl.core.base_simulator | Update norms — honest: ['0.01', '724082630852608.00', '5052.92', '0.01', '919341.44'], attacker: ['nan', 'nan', 'nan', 'nan', 'nan']
2026-05-06 12:32:36 | INFO    | dpfl.core.base_simulator | Round 131/150 | Acc: 0.8212 | Loss: nan | eps: 0.00 | P: 0.55 R: 1.00 F1: 0.94
2026-05-06 12:32:36 | DEBUG   | dpfl.core.base_simulator | Update norms — honest: ['0.01', '1204566796271616.00', '5723.39', '0.01', '1037071.00'], attacker: ['nan', 'nan', 'nan', 'nan', 'nan']
2026-05-06 12:32:37 | INFO    | dpfl.core.base_simulator | Round 132/150 | Acc: 0.8171 | Loss: nan | eps: 0.00 | P: 0.40 R: 1.00 F1: 0.80
2026-05-06 12:32:37 | DEBUG   | dpfl.core.base_simulator | Update norms — honest: ['0.01', '1381930826203136.00', '7714.59', '0.01', '1182759.12'], attacker: ['nan', 'nan', 'nan', 'nan', 'nan']
2026-05-06 12:32:38 | INFO    | dpfl.core.base_simulator | Round 133/150 | Acc: 0.8175 | Loss: nan | eps: 0.00 | P: 0.45 R: 1.00 F1: 0.86
2026-05-06 12:32:38 | DEBUG   | dpfl.core.base_simulator | Update norms — honest: ['0.01', '1099166956650496.00', '9763.61', '0.01', '662610.94'], attacker: ['nan', 'nan', 'nan', 'nan', 'nan']
2026-05-06 12:32:41 | INFO    | dpfl.core.base_simulator | Round 134/150 | Acc: 0.8134 | Loss: nan | eps: 0.00 | P: 0.36 R: 1.00 F1: 0.87
2026-05-06 12:32:41 | DEBUG   | dpfl.core.base_simulator | Update norms — honest: ['0.01', '1147469232603136.00', '6646.00', '0.01', '885758.69'], attacker: ['nan', 'nan', 'nan', 'nan', 'nan']
2026-05-06 12:32:44 | INFO    | dpfl.core.base_simulator | Round 135/150 | Acc: 0.8149 | Loss: nan | eps: 0.00 | P: 0.46 R: 1.00 F1: 0.93
2026-05-06 12:32:44 | DEBUG   | dpfl.core.base_simulator | Update norms — honest: ['0.01', '1098540830949376.00', '6989.57', '0.01', '911761.44'], attacker: ['nan', 'nan', 'nan', 'nan', 'nan']
2026-05-06 12:32:44 | INFO    | dpfl.core.base_simulator | Round 136/150 | Acc: 0.8150 | Loss: nan | eps: 0.00 | P: 0.40 R: 1.00 F1: 0.94
2026-05-06 12:32:44 | DEBUG   | dpfl.core.base_simulator | Update norms — honest: ['0.01', '682217034481664.00', '4898.84', '0.01', '1245293.88'], attacker: ['nan', 'nan', 'nan', 'nan', 'nan']
2026-05-06 12:32:45 | INFO    | dpfl.core.base_simulator | Round 137/150 | Acc: 0.8161 | Loss: nan | eps: 0.00 | P: 0.45 R: 1.00 F1: 0.83
2026-05-06 12:32:45 | DEBUG   | dpfl.core.base_simulator | Update norms — honest: ['0.01', '814602086514688.00', '4737.67', '0.01', '1345185.62'], attacker: ['nan', 'nan', 'nan', 'nan', 'nan']
2026-05-06 12:32:46 | INFO    | dpfl.core.base_simulator | Round 138/150 | Acc: 0.8133 | Loss: nan | eps: 0.00 | P: 0.44 R: 1.00 F1: 0.90
2026-05-06 12:32:46 | DEBUG   | dpfl.core.base_simulator | Update norms — honest: ['0.01', '915607436394496.00', '4969.71', '0.01', '1242383.88'], attacker: ['nan', 'nan', 'nan', 'nan', 'nan']
2026-05-06 12:32:49 | INFO    | dpfl.core.base_simulator | Round 139/150 | Acc: 0.8139 | Loss: nan | eps: 0.00 | P: 0.45 R: 1.00 F1: 0.84
2026-05-06 12:32:49 | DEBUG   | dpfl.core.base_simulator | Update norms — honest: ['0.01', '731729216143360.00', '4747.57', '0.01', '980679.56'], attacker: ['nan', 'nan', 'nan', 'nan', 'nan']
2026-05-06 12:32:52 | INFO    | dpfl.core.base_simulator | Round 140/150 | Acc: 0.8107 | Loss: nan | eps: 0.00 | P: 0.47 R: 1.00 F1: 0.84
2026-05-06 12:32:52 | DEBUG   | dpfl.core.base_simulator | Update norms — honest: ['0.01', '699757412483072.00', '6290.23', '0.01', '868924.06'], attacker: ['nan', 'nan', 'nan', 'nan', 'nan']
2026-05-06 12:32:53 | INFO    | dpfl.core.base_simulator | Round 141/150 | Acc: 0.8125 | Loss: nan | eps: 0.00 | P: 0.44 R: 1.00 F1: 0.93
2026-05-06 12:32:53 | DEBUG   | dpfl.core.base_simulator | Update norms — honest: ['0.01', '411239998029824.00', '8516.29', '0.01', '731077.31'], attacker: ['nan', 'nan', 'nan', 'nan', 'nan']
2026-05-06 12:32:53 | INFO    | dpfl.core.base_simulator | Round 142/150 | Acc: 0.8149 | Loss: nan | eps: 0.00 | P: 0.33 R: 1.00 F1: 0.76
2026-05-06 12:32:53 | DEBUG   | dpfl.core.base_simulator | Update norms — honest: ['0.01', '705747415465984.00', '15971.74', '0.01', '824819.69'], attacker: ['nan', 'nan', 'nan', 'nan', 'nan']
2026-05-06 12:32:54 | INFO    | dpfl.core.base_simulator | Round 143/150 | Acc: 0.8128 | Loss: nan | eps: 0.00 | P: 0.46 R: 1.00 F1: 0.84
2026-05-06 12:32:54 | DEBUG   | dpfl.core.base_simulator | Update norms — honest: ['0.01', '1079866246037504.00', '10569.57', '0.01', '692486.56'], attacker: ['nan', 'nan', 'nan', 'nan', 'nan']
2026-05-06 12:32:57 | INFO    | dpfl.core.base_simulator | Round 144/150 | Acc: 0.8154 | Loss: nan | eps: 0.00 | P: 0.46 R: 1.00 F1: 0.83
2026-05-06 12:32:57 | DEBUG   | dpfl.core.base_simulator | Update norms — honest: ['0.01', '415920505749504.00', '4762.78', '0.01', '862025.44'], attacker: ['nan', 'nan', 'nan', 'nan', 'nan']
2026-05-06 12:33:00 | INFO    | dpfl.core.base_simulator | Round 145/150 | Acc: 0.8155 | Loss: nan | eps: 0.00 | P: 0.60 R: 1.00 F1: 0.90
2026-05-06 12:33:00 | DEBUG   | dpfl.core.base_simulator | Update norms — honest: ['0.01', '375371719507968.00', '3863.37', '0.01', '860452.38'], attacker: ['nan', 'nan', 'nan', 'nan', 'nan']
2026-05-06 12:33:01 | INFO    | dpfl.core.base_simulator | Round 146/150 | Acc: 0.8103 | Loss: nan | eps: 0.00 | P: 0.37 R: 1.00 F1: 0.88
2026-05-06 12:33:01 | DEBUG   | dpfl.core.base_simulator | Update norms — honest: ['0.01', '1612250997587968.00', '4463.07', '0.01', '690898.94'], attacker: ['nan', 'nan', 'nan', 'nan', 'nan']
2026-05-06 12:33:02 | INFO    | dpfl.core.base_simulator | Round 147/150 | Acc: 0.8128 | Loss: nan | eps: 0.00 | P: 0.34 R: 1.00 F1: 0.90
2026-05-06 12:33:02 | DEBUG   | dpfl.core.base_simulator | Update norms — honest: ['0.01', '1155420156592128.00', '4722.82', '0.01', '644873.81'], attacker: ['nan', 'nan', 'nan', 'nan', 'nan']
2026-05-06 12:33:03 | INFO    | dpfl.core.base_simulator | Round 148/150 | Acc: 0.8136 | Loss: nan | eps: 0.00 | P: 0.44 R: 1.00 F1: 0.89
2026-05-06 12:33:03 | DEBUG   | dpfl.core.base_simulator | Update norms — honest: ['0.01', '1230749990649856.00', '3988.65', '0.01', '689696.81'], attacker: ['nan', 'nan', 'nan', 'nan', 'nan']
2026-05-06 12:33:04 | INFO    | dpfl.core.base_simulator | Round 149/150 | Acc: 0.8173 | Loss: nan | eps: 0.00 | P: 0.56 R: 1.00 F1: 0.94
2026-05-06 12:33:04 | DEBUG   | dpfl.core.base_simulator | Update norms — honest: ['0.01', '1015968138526720.00', '4797.43', '0.01', '478410.62'], attacker: ['nan', 'nan', 'nan', 'nan', 'nan']
2026-05-06 12:33:08 | INFO    | dpfl.core.base_simulator | Round 150/150 | Acc: 0.8168 | Loss: nan | eps: 0.00 | P: 0.48 R: 1.00 F1: 0.93
2026-05-06 12:33:08 | DEBUG   | dpfl.core.base_simulator | Update norms — honest: ['0.01', '1124740668325888.00', '5508.75', '0.01', '1100623.12'], attacker: ['nan', 'nan', 'nan', 'nan', 'nan']
2026-05-06 12:33:10 | INFO    | dpfl | Experiment complete in 373.3s
============================================================
REPORT: DP-SGD Decentralized Federated Learning
============================================================
Timestamp:                  20260506_122655
Rounds completed:           150
Attack-active rounds:       100  (from round 50)
Final accuracy:             0.8168
Final test loss:            nan
Final epsilon:              0.00
Best alpha:                 None
Avg precision:              0.4112
Avg recall:                 0.9940
Avg F1 score:               0.8807
Avg update norm (honest):   nan
Avg update norm (attacker): nan
============================================================
