2026-05-07 07:41:43 | INFO    | dpfl | Experiment start: algorithm=krum, dataset=fashion_mnist, model=mlp, device=cuda
2026-05-07 07:41:43 | INFO    | dpfl | Config: nodes=500, attackers=300, rounds=150, noise_mode=none, attack=scale
2026-05-07 07:41:43 | INFO    | dpfl.data.fashion_mnist_dataset | Loading Fashion-MNIST dataset...
2026-05-07 07:41:43 | INFO    | dpfl.data.fashion_mnist_dataset | Fashion-MNIST loaded: 60000 train, 10000 test samples
2026-05-07 07:42:23 | INFO    | dpfl.core.base_simulator | Vectorized state ready: param_spec.D=50890, X_test=(10000, 1, 28, 28), train clients N=500, max_n_samples=1000
2026-05-07 07:42:23 | INFO    | dpfl.core.base_simulator | Setup complete: 500 nodes (300 attackers), param_dim=50890, split=iid
2026-05-07 07:42:23 | DEBUG   | dpfl.core.base_simulator | Attacker IDs: {0, 1, 2, 3, 4, 5, 6, 7, 8, 9, 10, 11, 12, 13, 14, 15, 16, 17, 18, 19, 20, 21, 22, 23, 24, 25, 26, 27, 28, 29, 30, 31, 32, 33, 34, 35, 36, 37, 38, 39, 40, 41, 42, 43, 44, 45, 46, 47, 48, 49, 50, 51, 52, 53, 54, 55, 56, 57, 58, 59, 60, 61, 62, 63, 64, 65, 66, 67, 68, 69, 70, 71, 72, 73, 74, 75, 76, 77, 78, 79, 80, 81, 82, 83, 84, 85, 86, 87, 88, 89, 90, 91, 92, 93, 94, 95, 96, 97, 98, 99, 100, 101, 102, 103, 104, 105, 106, 107, 108, 109, 110, 111, 112, 113, 114, 115, 116, 117, 118, 119, 120, 121, 122, 123, 124, 125, 126, 127, 128, 129, 130, 131, 132, 133, 134, 135, 136, 137, 138, 139, 140, 141, 142, 143, 144, 145, 146, 147, 148, 149, 150, 151, 152, 153, 154, 155, 156, 157, 158, 159, 160, 161, 162, 163, 164, 165, 166, 167, 168, 169, 170, 171, 172, 173, 174, 175, 176, 177, 178, 179, 180, 181, 182, 183, 184, 185, 186, 187, 188, 189, 190, 191, 192, 193, 194, 195, 196, 197, 198, 199, 200, 201, 202, 203, 204, 205, 206, 207, 208, 209, 210, 211, 212, 213, 214, 215, 216, 217, 218, 219, 220, 221, 222, 223, 224, 225, 226, 227, 228, 229, 230, 231, 232, 233, 234, 235, 236, 237, 238, 239, 240, 241, 242, 243, 244, 245, 246, 247, 248, 249, 250, 251, 252, 253, 254, 255, 256, 257, 258, 259, 260, 261, 262, 263, 264, 265, 266, 267, 268, 269, 270, 271, 272, 273, 274, 275, 276, 277, 278, 279, 280, 281, 282, 283, 284, 285, 286, 287, 288, 289, 290, 291, 292, 293, 294, 295, 296, 297, 298, 299}
2026-05-07 07:42:27 | INFO    | dpfl.core.base_simulator | Round   1/150 | Acc: 0.4589 | Loss: 1.9725 | eps: 0.00 | P: 0.00 R: nan F1: nan
2026-05-07 07:42:27 | DEBUG   | dpfl.core.base_simulator | Update norms — honest: ['0.23', '0.24', '0.23', '0.23', '0.24'], attacker: ['0.23', '0.23', '0.24', '0.23', '0.24']
2026-05-07 07:42:30 | INFO    | dpfl.core.base_simulator | Round   2/150 | Acc: 0.5733 | Loss: 1.7057 | eps: 0.00 | P: 0.00 R: nan F1: nan
2026-05-07 07:42:30 | DEBUG   | dpfl.core.base_simulator | Update norms — honest: ['0.21', '0.20', '0.20', '0.21', '0.21'], attacker: ['0.20', '0.20', '0.21', '0.20', '0.21']
2026-05-07 07:42:34 | INFO    | dpfl.core.base_simulator | Round   3/150 | Acc: 0.6227 | Loss: 1.4812 | eps: 0.00 | P: 0.00 R: nan F1: nan
2026-05-07 07:42:34 | DEBUG   | dpfl.core.base_simulator | Update norms — honest: ['0.19', '0.19', '0.19', '0.18', '0.19'], attacker: ['0.19', '0.19', '0.19', '0.18', '0.20']
2026-05-07 07:42:37 | INFO    | dpfl.core.base_simulator | Round   4/150 | Acc: 0.6516 | Loss: 1.3049 | eps: 0.00 | P: 0.00 R: nan F1: nan
2026-05-07 07:42:37 | DEBUG   | dpfl.core.base_simulator | Update norms — honest: ['0.17', '0.17', '0.17', '0.17', '0.17'], attacker: ['0.17', '0.17', '0.17', '0.16', '0.17']
2026-05-07 07:42:41 | INFO    | dpfl.core.base_simulator | Round   5/150 | Acc: 0.6738 | Loss: 1.1754 | eps: 0.00 | P: 0.00 R: nan F1: nan
2026-05-07 07:42:41 | DEBUG   | dpfl.core.base_simulator | Update norms — honest: ['0.15', '0.15', '0.14', '0.14', '0.14'], attacker: ['0.15', '0.15', '0.15', '0.14', '0.15']
2026-05-07 07:42:44 | INFO    | dpfl.core.base_simulator | Round   6/150 | Acc: 0.6911 | Loss: 1.0813 | eps: 0.00 | P: 0.00 R: nan F1: nan
2026-05-07 07:42:44 | DEBUG   | dpfl.core.base_simulator | Update norms — honest: ['0.13', '0.12', '0.12', '0.13', '0.12'], attacker: ['0.13', '0.13', '0.13', '0.13', '0.13']
2026-05-07 07:42:47 | INFO    | dpfl.core.base_simulator | Round   7/150 | Acc: 0.7025 | Loss: 1.0111 | eps: 0.00 | P: 0.00 R: nan F1: nan
2026-05-07 07:42:47 | DEBUG   | dpfl.core.base_simulator | Update norms — honest: ['0.11', '0.11', '0.11', '0.11', '0.11'], attacker: ['0.11', '0.11', '0.12', '0.11', '0.11']
2026-05-07 07:42:51 | INFO    | dpfl.core.base_simulator | Round   8/150 | Acc: 0.7103 | Loss: 0.9573 | eps: 0.00 | P: 0.00 R: nan F1: nan
2026-05-07 07:42:51 | DEBUG   | dpfl.core.base_simulator | Update norms — honest: ['0.10', '0.10', '0.09', '0.10', '0.09'], attacker: ['0.10', '0.10', '0.11', '0.10', '0.10']
2026-05-07 07:42:54 | INFO    | dpfl.core.base_simulator | Round   9/150 | Acc: 0.7167 | Loss: 0.9143 | eps: 0.00 | P: 0.00 R: nan F1: nan
2026-05-07 07:42:54 | DEBUG   | dpfl.core.base_simulator | Update norms — honest: ['0.09', '0.09', '0.08', '0.09', '0.09'], attacker: ['0.10', '0.09', '0.10', '0.09', '0.09']
2026-05-07 07:42:58 | INFO    | dpfl.core.base_simulator | Round  10/150 | Acc: 0.7229 | Loss: 0.8792 | eps: 0.00 | P: 0.00 R: nan F1: nan
2026-05-07 07:42:58 | DEBUG   | dpfl.core.base_simulator | Update norms — honest: ['0.08', '0.08', '0.08', '0.08', '0.08'], attacker: ['0.09', '0.09', '0.10', '0.09', '0.09']
2026-05-07 07:43:01 | INFO    | dpfl.core.base_simulator | Round  11/150 | Acc: 0.7279 | Loss: 0.8500 | eps: 0.00 | P: 0.00 R: nan F1: nan
2026-05-07 07:43:01 | DEBUG   | dpfl.core.base_simulator | Update norms — honest: ['0.07', '0.07', '0.07', '0.07', '0.07'], attacker: ['0.11', '0.09', '0.09', '0.09', '0.08']
2026-05-07 07:43:05 | INFO    | dpfl.core.base_simulator | Round  12/150 | Acc: 0.7325 | Loss: 0.8250 | eps: 0.00 | P: 0.00 R: nan F1: nan
2026-05-07 07:43:05 | DEBUG   | dpfl.core.base_simulator | Update norms — honest: ['0.07', '0.07', '0.07', '0.07', '0.07'], attacker: ['0.10', '0.10', '0.10', '0.10', '0.09']
2026-05-07 07:43:08 | INFO    | dpfl.core.base_simulator | Round  13/150 | Acc: 0.7367 | Loss: 0.8034 | eps: 0.00 | P: 0.00 R: nan F1: nan
2026-05-07 07:43:08 | DEBUG   | dpfl.core.base_simulator | Update norms — honest: ['0.07', '0.07', '0.06', '0.07', '0.06'], attacker: ['0.10', '0.10', '0.09', '0.11', '0.10']
2026-05-07 07:43:12 | INFO    | dpfl.core.base_simulator | Round  14/150 | Acc: 0.7403 | Loss: 0.7847 | eps: 0.00 | P: 0.00 R: nan F1: nan
2026-05-07 07:43:12 | DEBUG   | dpfl.core.base_simulator | Update norms — honest: ['0.06', '0.06', '0.06', '0.06', '0.07'], attacker: ['0.11', '0.11', '0.10', '0.11', '0.11']
2026-05-07 07:43:15 | INFO    | dpfl.core.base_simulator | Round  15/150 | Acc: 0.7435 | Loss: 0.7687 | eps: 0.00 | P: 0.00 R: nan F1: nan
2026-05-07 07:43:15 | DEBUG   | dpfl.core.base_simulator | Update norms — honest: ['0.06', '0.06', '0.06', '0.06', '0.06'], attacker: ['0.11', '0.10', '0.11', '0.10', '0.10']
2026-05-07 07:43:18 | INFO    | dpfl.core.base_simulator | Round  16/150 | Acc: 0.7464 | Loss: 0.7545 | eps: 0.00 | P: 0.00 R: nan F1: nan
2026-05-07 07:43:18 | DEBUG   | dpfl.core.base_simulator | Update norms — honest: ['0.05', '0.05', '0.05', '0.06', '0.06'], attacker: ['0.12', '0.11', '0.10', '0.11', '0.10']
2026-05-07 07:43:22 | INFO    | dpfl.core.base_simulator | Round  17/150 | Acc: 0.7492 | Loss: 0.7415 | eps: 0.00 | P: 0.00 R: nan F1: nan
2026-05-07 07:43:22 | DEBUG   | dpfl.core.base_simulator | Update norms — honest: ['0.05', '0.06', '0.06', '0.05', '0.05'], attacker: ['0.11', '0.10', '0.10', '0.11', '0.12']
2026-05-07 07:43:25 | INFO    | dpfl.core.base_simulator | Round  18/150 | Acc: 0.7519 | Loss: 0.7305 | eps: 0.00 | P: 0.00 R: nan F1: nan
2026-05-07 07:43:25 | DEBUG   | dpfl.core.base_simulator | Update norms — honest: ['0.05', '0.06', '0.05', '0.05', '0.05'], attacker: ['0.12', '0.12', '0.12', '0.10', '0.13']
2026-05-07 07:43:29 | INFO    | dpfl.core.base_simulator | Round  19/150 | Acc: 0.7544 | Loss: 0.7202 | eps: 0.00 | P: 0.00 R: nan F1: nan
2026-05-07 07:43:29 | DEBUG   | dpfl.core.base_simulator | Update norms — honest: ['0.05', '0.05', '0.05', '0.05', '0.05'], attacker: ['0.12', '0.10', '0.12', '0.12', '0.13']
2026-05-07 07:43:32 | INFO    | dpfl.core.base_simulator | Round  20/150 | Acc: 0.7562 | Loss: 0.7112 | eps: 0.00 | P: 0.00 R: nan F1: nan
2026-05-07 07:43:32 | DEBUG   | dpfl.core.base_simulator | Update norms — honest: ['0.05', '0.05', '0.05', '0.05', '0.05'], attacker: ['0.12', '0.12', '0.12', '0.13', '0.13']
2026-05-07 07:43:36 | INFO    | dpfl.core.base_simulator | Round  21/150 | Acc: 0.7580 | Loss: 0.7039 | eps: 0.00 | P: 0.00 R: nan F1: nan
2026-05-07 07:43:36 | DEBUG   | dpfl.core.base_simulator | Update norms — honest: ['0.05', '0.05', '0.05', '0.06', '0.04'], attacker: ['0.14', '0.14', '0.13', '0.16', '0.15']
2026-05-07 07:43:39 | INFO    | dpfl.core.base_simulator | Round  22/150 | Acc: 0.7603 | Loss: 0.6947 | eps: 0.00 | P: 0.00 R: nan F1: nan
2026-05-07 07:43:39 | DEBUG   | dpfl.core.base_simulator | Update norms — honest: ['0.04', '0.05', '0.05', '0.05', '0.04'], attacker: ['0.13', '0.14', '0.15', '0.15', '0.15']
2026-05-07 07:43:42 | INFO    | dpfl.core.base_simulator | Round  23/150 | Acc: 0.7623 | Loss: 0.6877 | eps: 0.00 | P: 0.00 R: nan F1: nan
2026-05-07 07:43:42 | DEBUG   | dpfl.core.base_simulator | Update norms — honest: ['0.05', '0.05', '0.05', '0.05', '0.05'], attacker: ['0.14', '0.14', '0.16', '0.16', '0.16']
2026-05-07 07:43:46 | INFO    | dpfl.core.base_simulator | Round  24/150 | Acc: 0.7631 | Loss: 0.6842 | eps: 0.00 | P: 0.00 R: nan F1: nan
2026-05-07 07:43:46 | DEBUG   | dpfl.core.base_simulator | Update norms — honest: ['0.04', '0.05', '0.05', '0.04', '0.04'], attacker: ['0.17', '0.16', '0.17', '0.17', '0.16']
2026-05-07 07:43:49 | INFO    | dpfl.core.base_simulator | Round  25/150 | Acc: 0.7655 | Loss: 0.6754 | eps: 0.00 | P: 0.00 R: nan F1: nan
2026-05-07 07:43:49 | DEBUG   | dpfl.core.base_simulator | Update norms — honest: ['0.04', '0.04', '0.04', '0.04', '0.04'], attacker: ['0.18', '0.17', '0.17', '0.17', '0.18']
2026-05-07 07:43:53 | INFO    | dpfl.core.base_simulator | Round  26/150 | Acc: 0.7668 | Loss: 0.6701 | eps: 0.00 | P: 0.00 R: nan F1: nan
2026-05-07 07:43:53 | DEBUG   | dpfl.core.base_simulator | Update norms — honest: ['0.04', '0.04', '0.04', '0.05', '0.05'], attacker: ['0.16', '0.16', '0.17', '0.17', '0.18']
2026-05-07 07:43:56 | INFO    | dpfl.core.base_simulator | Round  27/150 | Acc: 0.7680 | Loss: 0.6660 | eps: 0.00 | P: 0.00 R: nan F1: nan
2026-05-07 07:43:56 | DEBUG   | dpfl.core.base_simulator | Update norms — honest: ['0.04', '0.05', '0.04', '0.04', '0.05'], attacker: ['0.16', '0.18', '0.17', '0.17', '0.19']
2026-05-07 07:43:59 | INFO    | dpfl.core.base_simulator | Round  28/150 | Acc: 0.7695 | Loss: 0.6607 | eps: 0.00 | P: 0.00 R: nan F1: nan
2026-05-07 07:43:59 | DEBUG   | dpfl.core.base_simulator | Update norms — honest: ['0.04', '0.05', '0.04', '0.05', '0.04'], attacker: ['0.18', '0.18', '0.18', '0.19', '0.21']
2026-05-07 07:44:03 | INFO    | dpfl.core.base_simulator | Round  29/150 | Acc: 0.7696 | Loss: 0.6616 | eps: 0.00 | P: 0.00 R: nan F1: nan
2026-05-07 07:44:03 | DEBUG   | dpfl.core.base_simulator | Update norms — honest: ['0.04', '0.04', '0.04', '0.05', '0.04'], attacker: ['0.19', '0.20', '0.21', '0.20', '0.21']
2026-05-07 07:44:06 | INFO    | dpfl.core.base_simulator | Round  30/150 | Acc: 0.7712 | Loss: 0.6568 | eps: 0.00 | P: 0.00 R: nan F1: nan
2026-05-07 07:44:06 | DEBUG   | dpfl.core.base_simulator | Update norms — honest: ['0.04', '0.04', '0.04', '0.04', '0.04'], attacker: ['0.20', '0.21', '0.20', '0.21', '0.22']
2026-05-07 07:44:10 | INFO    | dpfl.core.base_simulator | Round  31/150 | Acc: 0.7709 | Loss: 0.6603 | eps: 0.00 | P: 0.00 R: nan F1: nan
2026-05-07 07:44:10 | DEBUG   | dpfl.core.base_simulator | Update norms — honest: ['0.03', '0.04', '0.03', '0.04', '0.04'], attacker: ['0.22', '0.22', '0.21', '0.22', '0.23']
2026-05-07 07:44:13 | INFO    | dpfl.core.base_simulator | Round  32/150 | Acc: 0.7729 | Loss: 0.6529 | eps: 0.00 | P: 0.00 R: nan F1: nan
2026-05-07 07:44:13 | DEBUG   | dpfl.core.base_simulator | Update norms — honest: ['0.04', '0.04', '0.04', '0.04', '0.04'], attacker: ['0.23', '0.28', '0.27', '0.28', '0.32']
2026-05-07 07:44:16 | INFO    | dpfl.core.base_simulator | Round  33/150 | Acc: 0.7739 | Loss: 0.6478 | eps: 0.00 | P: 0.00 R: nan F1: nan
2026-05-07 07:44:16 | DEBUG   | dpfl.core.base_simulator | Update norms — honest: ['0.04', '0.04', '0.04', '0.04', '0.04'], attacker: ['0.23', '0.28', '0.26', '0.26', '0.31']
2026-05-07 07:44:20 | INFO    | dpfl.core.base_simulator | Round  34/150 | Acc: 0.7758 | Loss: 0.6433 | eps: 0.00 | P: 0.00 R: nan F1: nan
2026-05-07 07:44:20 | DEBUG   | dpfl.core.base_simulator | Update norms — honest: ['0.04', '0.04', '0.04', '0.04', '0.03'], attacker: ['0.23', '0.26', '0.26', '0.29', '0.32']
2026-05-07 07:44:23 | INFO    | dpfl.core.base_simulator | Round  35/150 | Acc: 0.7724 | Loss: 0.6630 | eps: 0.00 | P: 0.00 R: nan F1: nan
2026-05-07 07:44:23 | DEBUG   | dpfl.core.base_simulator | Update norms — honest: ['0.03', '0.03', '0.04', '0.04', '0.04'], attacker: ['0.25', '0.35', '0.37', '0.37', '0.41']
2026-05-07 07:44:26 | INFO    | dpfl.core.base_simulator | Round  36/150 | Acc: 0.7736 | Loss: 0.6615 | eps: 0.00 | P: 0.00 R: nan F1: nan
2026-05-07 07:44:26 | DEBUG   | dpfl.core.base_simulator | Update norms — honest: ['0.03', '0.04', '0.04', '0.04', '0.04'], attacker: ['0.24', '0.36', '0.37', '0.38', '0.42']
2026-05-07 07:44:30 | INFO    | dpfl.core.base_simulator | Round  37/150 | Acc: 0.7764 | Loss: 0.6447 | eps: 0.00 | P: 0.00 R: nan F1: nan
2026-05-07 07:44:30 | DEBUG   | dpfl.core.base_simulator | Update norms — honest: ['0.03', '0.04', '0.04', '0.03', '0.03'], attacker: ['0.25', '0.37', '0.38', '0.38', '0.43']
2026-05-07 07:44:33 | INFO    | dpfl.core.base_simulator | Round  38/150 | Acc: 0.7756 | Loss: 0.6493 | eps: 0.00 | P: 0.00 R: nan F1: nan
2026-05-07 07:44:33 | DEBUG   | dpfl.core.base_simulator | Update norms — honest: ['0.03', '0.04', '0.04', '0.04', '0.04'], attacker: ['0.28', '0.40', '0.39', '0.41', '0.44']
2026-05-07 07:44:37 | INFO    | dpfl.core.base_simulator | Round  39/150 | Acc: 0.7721 | Loss: 0.6706 | eps: 0.00 | P: 0.00 R: nan F1: nan
2026-05-07 07:44:37 | DEBUG   | dpfl.core.base_simulator | Update norms — honest: ['0.03', '0.03', '0.03', '0.03', '0.04'], attacker: ['0.29', '0.41', '0.41', '0.41', '0.45']
2026-05-07 07:44:40 | INFO    | dpfl.core.base_simulator | Round  40/150 | Acc: 0.7743 | Loss: 0.6734 | eps: 0.00 | P: 0.00 R: nan F1: nan
2026-05-07 07:44:40 | DEBUG   | dpfl.core.base_simulator | Update norms — honest: ['0.03', '0.03', '0.04', '0.04', '0.03'], attacker: ['0.30', '0.41', '0.41', '0.41', '0.45']
2026-05-07 07:44:43 | INFO    | dpfl.core.base_simulator | Round  41/150 | Acc: 0.7793 | Loss: 0.6294 | eps: 0.00 | P: 0.00 R: nan F1: nan
2026-05-07 07:44:43 | DEBUG   | dpfl.core.base_simulator | Update norms — honest: ['0.03', '0.04', '0.04', '0.03', '0.03'], attacker: ['0.30', '0.41', '0.40', '0.41', '0.45']
2026-05-07 07:44:47 | INFO    | dpfl.core.base_simulator | Round  42/150 | Acc: 0.7775 | Loss: 0.6482 | eps: 0.00 | P: 0.00 R: nan F1: nan
2026-05-07 07:44:47 | DEBUG   | dpfl.core.base_simulator | Update norms — honest: ['0.03', '0.04', '0.03', '0.03', '0.03'], attacker: ['0.30', '0.39', '0.41', '0.44', '0.47']
2026-05-07 07:44:50 | INFO    | dpfl.core.base_simulator | Round  43/150 | Acc: 0.7805 | Loss: 0.6300 | eps: 0.00 | P: 0.00 R: nan F1: nan
2026-05-07 07:44:50 | DEBUG   | dpfl.core.base_simulator | Update norms — honest: ['0.03', '0.04', '0.03', '0.03', '0.03'], attacker: ['0.30', '0.41', '0.41', '0.44', '0.48']
2026-05-07 07:44:54 | INFO    | dpfl.core.base_simulator | Round  44/150 | Acc: 0.7772 | Loss: 0.6411 | eps: 0.00 | P: 0.00 R: nan F1: nan
2026-05-07 07:44:54 | DEBUG   | dpfl.core.base_simulator | Update norms — honest: ['0.03', '0.04', '0.03', '0.03', '0.03'], attacker: ['0.31', '0.40', '0.42', '0.44', '0.48']
2026-05-07 07:44:57 | INFO    | dpfl.core.base_simulator | Round  45/150 | Acc: 0.7787 | Loss: 0.6409 | eps: 0.00 | P: 0.00 R: nan F1: nan
2026-05-07 07:44:57 | DEBUG   | dpfl.core.base_simulator | Update norms — honest: ['0.03', '0.03', '0.04', '0.03', '0.04'], attacker: ['0.32', '0.42', '0.43', '0.45', '0.48']
2026-05-07 07:45:00 | INFO    | dpfl.core.base_simulator | Round  46/150 | Acc: 0.7755 | Loss: 0.6573 | eps: 0.00 | P: 0.00 R: nan F1: nan
2026-05-07 07:45:00 | DEBUG   | dpfl.core.base_simulator | Update norms — honest: ['0.04', '0.03', '0.03', '0.04', '0.04'], attacker: ['0.31', '0.43', '0.43', '0.45', '0.50']
2026-05-07 07:45:04 | INFO    | dpfl.core.base_simulator | Round  47/150 | Acc: 0.7785 | Loss: 0.6449 | eps: 0.00 | P: 0.00 R: nan F1: nan
2026-05-07 07:45:04 | DEBUG   | dpfl.core.base_simulator | Update norms — honest: ['0.04', '0.03', '0.04', '0.04', '0.03'], attacker: ['0.34', '0.43', '0.45', '0.45', '0.50']
2026-05-07 07:45:07 | INFO    | dpfl.core.base_simulator | Round  48/150 | Acc: 0.7801 | Loss: 0.6349 | eps: 0.00 | P: 0.00 R: nan F1: nan
2026-05-07 07:45:07 | DEBUG   | dpfl.core.base_simulator | Update norms — honest: ['0.03', '0.04', '0.04', '0.29', '0.03'], attacker: ['0.34', '0.44', '0.48', '0.50', '0.54']
2026-05-07 07:45:11 | INFO    | dpfl.core.base_simulator | Round  49/150 | Acc: 0.7833 | Loss: 0.6181 | eps: 0.00 | P: 0.00 R: nan F1: nan
2026-05-07 07:45:11 | DEBUG   | dpfl.core.base_simulator | Update norms — honest: ['0.03', '0.25', '0.03', '0.08', '0.03'], attacker: ['0.36', '0.45', '0.49', '0.53', '0.57']
2026-05-07 07:45:14 | INFO    | dpfl.core.base_simulator | Round  50/150 | Acc: 0.7833 | Loss: 0.6166 | eps: 0.00 | P: 0.00 R: nan F1: nan
2026-05-07 07:45:14 | DEBUG   | dpfl.core.base_simulator | Update norms — honest: ['0.03', '0.06', '0.03', '0.05', '0.04'], attacker: ['0.36', '0.45', '0.52', '0.54', '0.56']
2026-05-07 07:45:17 | INFO    | dpfl.core.base_simulator | Round  51/150 | Acc: 0.7672 | Loss: 1.5536 | eps: 0.00 | P: 0.90 R: 0.98 F1: 0.94
2026-05-07 07:45:17 | DEBUG   | dpfl.core.base_simulator | Update norms — honest: ['0.03', '0.04', '0.03', '0.04', '0.03'], attacker: ['1.83', '2.32', '2.64', '2.76', '2.87']
2026-05-07 07:45:21 | INFO    | dpfl.core.base_simulator | Round  52/150 | Acc: 0.7591 | Loss: 1.5032 | eps: 0.00 | P: 0.91 R: 0.98 F1: 0.94
2026-05-07 07:45:21 | DEBUG   | dpfl.core.base_simulator | Update norms — honest: ['0.04', '1.34', '0.04', '0.03', '0.03'], attacker: ['1.99', '2.50', '2.75', '2.86', '2.93']
2026-05-07 07:45:24 | INFO    | dpfl.core.base_simulator | Round  53/150 | Acc: 0.7647 | Loss: 1.3918 | eps: 0.00 | P: 0.84 R: 0.98 F1: 0.88
2026-05-07 07:45:24 | DEBUG   | dpfl.core.base_simulator | Update norms — honest: ['0.03', '0.13', '1.53', '0.03', '0.03'], attacker: ['3.60', '3.70', '2.81', '2.96', '2.99']
2026-05-07 07:45:28 | INFO    | dpfl.core.base_simulator | Round  54/150 | Acc: 0.7431 | Loss: 5.1356 | eps: 0.00 | P: 0.80 R: 0.97 F1: 0.87
2026-05-07 07:45:28 | DEBUG   | dpfl.core.base_simulator | Update norms — honest: ['0.03', '0.07', '0.14', '0.04', '0.03'], attacker: ['5.88', '6.01', '5.21', '5.31', '5.21']
2026-05-07 07:45:31 | INFO    | dpfl.core.base_simulator | Round  55/150 | Acc: 0.7364 | Loss: 65.5482 | eps: 0.00 | P: 0.73 R: 0.98 F1: 0.82
2026-05-07 07:45:31 | DEBUG   | dpfl.core.base_simulator | Update norms — honest: ['0.03', '1.65', '0.08', '0.04', '0.04'], attacker: ['24.07', '23.03', '21.89', '21.89', '21.85']
2026-05-07 07:45:34 | INFO    | dpfl.core.base_simulator | Round  56/150 | Acc: 0.7328 | Loss: 923.8851 | eps: 0.00 | P: 0.74 R: 0.97 F1: 0.81
2026-05-07 07:45:34 | DEBUG   | dpfl.core.base_simulator | Update norms — honest: ['0.03', '0.65', '0.07', '0.03', '0.03'], attacker: ['101.88', '99.73', '99.34', '99.35', '100.01']
2026-05-07 07:45:38 | INFO    | dpfl.core.base_simulator | Round  57/150 | Acc: 0.7280 | Loss: 15313.3616 | eps: 0.00 | P: 0.85 R: 0.95 F1: 0.89
2026-05-07 07:45:38 | DEBUG   | dpfl.core.base_simulator | Update norms — honest: ['0.05', '0.21', '0.06', '0.03', '0.03'], attacker: ['410.66', '423.60', '406.65', '411.29', '417.06']
2026-05-07 07:45:41 | INFO    | dpfl.core.base_simulator | Round  58/150 | Acc: 0.6941 | Loss: 788362.2382 | eps: 0.00 | P: 0.80 R: 0.98 F1: 0.87
2026-05-07 07:45:41 | DEBUG   | dpfl.core.base_simulator | Update norms — honest: ['0.04', '0.11', '0.06', '0.04', '0.03'], attacker: ['1631.50', '1664.32', '1607.92', '1652.23', '1643.73']
2026-05-07 07:45:45 | INFO    | dpfl.core.base_simulator | Round  59/150 | Acc: 0.6399 | Loss: 11105520.2799 | eps: 0.00 | P: 0.77 R: 0.98 F1: 0.85
2026-05-07 07:45:45 | DEBUG   | dpfl.core.base_simulator | Update norms — honest: ['0.03', '0.07', '0.05', '0.04', '0.03'], attacker: ['6537.45', '6792.36', '6511.45', '6582.21', '6849.22']
2026-05-07 07:45:48 | INFO    | dpfl.core.base_simulator | Round  60/150 | Acc: 0.6221 | Loss: 93766958.4002 | eps: 0.00 | P: 0.88 R: 0.99 F1: 0.92
2026-05-07 07:45:48 | DEBUG   | dpfl.core.base_simulator | Update norms — honest: ['0.03', '0.05', '0.04', '0.03', '0.03'], attacker: ['22764.92', '21154.47', '21269.86', '22255.92', '21498.07']
2026-05-07 07:45:52 | INFO    | dpfl.core.base_simulator | Round  61/150 | Acc: 0.6220 | Loss: 951335924.7195 | eps: 0.00 | P: 0.81 R: 0.98 F1: 0.87
2026-05-07 07:45:52 | DEBUG   | dpfl.core.base_simulator | Update norms — honest: ['0.03', '0.05', '0.04', '0.03', '0.03'], attacker: ['89276.65', '84551.42', '83907.88', '85589.68', '86035.64']
2026-05-07 07:45:55 | INFO    | dpfl.core.base_simulator | Round  62/150 | Acc: 0.5927 | Loss: 19350414941.6536 | eps: 0.00 | P: 0.74 R: 0.98 F1: 0.81
2026-05-07 07:45:55 | DEBUG   | dpfl.core.base_simulator | Update norms — honest: ['0.03', '0.05', '0.06', '0.03', '0.04'], attacker: ['325229.31', '331757.56', '338681.41', '343432.88', '321672.47']
2026-05-07 07:45:58 | INFO    | dpfl.core.base_simulator | Round  63/150 | Acc: 0.5798 | Loss: 306326963317.4949 | eps: 0.00 | P: 0.84 R: 0.97 F1: 0.90
2026-05-07 07:45:58 | DEBUG   | dpfl.core.base_simulator | Update norms — honest: ['0.03', '0.05', '0.04', '0.03', '0.04'], attacker: ['1250075.38', '1246824.50', '1266304.75', '1304471.25', '1268333.75']
2026-05-07 07:46:02 | INFO    | dpfl.core.base_simulator | Round  64/150 | Acc: 0.5568 | Loss: 5042519194476.5576 | eps: 0.00 | P: 0.76 R: 0.97 F1: 0.84
2026-05-07 07:46:02 | DEBUG   | dpfl.core.base_simulator | Update norms — honest: ['0.04', '0.05', '0.05', '0.03', '0.03'], attacker: ['5116957.50', '4945123.00', '4935791.50', '5168065.00', '5124610.50']
2026-05-07 07:46:05 | INFO    | dpfl.core.base_simulator | Round  65/150 | Acc: 0.5334 | Loss: 90697144567343.0469 | eps: 0.00 | P: 0.84 R: 0.98 F1: 0.90
2026-05-07 07:46:05 | DEBUG   | dpfl.core.base_simulator | Update norms — honest: ['0.04', '0.04', '0.04', '0.03', '0.03'], attacker: ['19389080.00', '19051410.00', '19131688.00', '19119748.00', '18860652.00']
2026-05-07 07:46:09 | INFO    | dpfl.core.base_simulator | Round  66/150 | Acc: 0.5214 | Loss: 1326515799935803.2500 | eps: 0.00 | P: 0.76 R: 0.97 F1: 0.85
2026-05-07 07:46:09 | DEBUG   | dpfl.core.base_simulator | Update norms — honest: ['0.03', '6792477.00', '7640863.00', '0.03', '0.03'], attacker: ['73624704.00', '74245952.00', '74886968.00', '73644536.00', '74187064.00']
2026-05-07 07:46:12 | INFO    | dpfl.core.base_simulator | Round  67/150 | Acc: 0.5199 | Loss: 17954676625049676.0000 | eps: 0.00 | P: 0.86 R: 0.97 F1: 0.91
2026-05-07 07:46:12 | DEBUG   | dpfl.core.base_simulator | Update norms — honest: ['0.03', '1801893.88', '1637423.12', '0.03', '0.03'], attacker: ['299428512.00', '302297376.00', '308176224.00', '300081728.00', '310521824.00']
2026-05-07 07:46:16 | INFO    | dpfl.core.base_simulator | Round  68/150 | Acc: 0.5047 | Loss: 469904897199056896.0000 | eps: 0.00 | P: 0.77 R: 0.98 F1: 0.85
2026-05-07 07:46:16 | DEBUG   | dpfl.core.base_simulator | Update norms — honest: ['0.03', '1177027.88', '122338184.00', '0.03', '0.03'], attacker: ['1174386944.00', '1182580480.00', '1225722880.00', '1135313792.00', '1097902976.00']
2026-05-07 07:46:19 | INFO    | dpfl.core.base_simulator | Round  69/150 | Acc: 0.4876 | Loss: 4669324280272230400.0000 | eps: 0.00 | P: 0.83 R: 0.98 F1: 0.89
2026-05-07 07:46:19 | DEBUG   | dpfl.core.base_simulator | Update norms — honest: ['0.02', '1271606.50', '33089662.00', '0.03', '0.03'], attacker: ['4524913152.00', '4448565248.00', '4412713984.00', '4520538112.00', '4518259712.00']
2026-05-07 07:46:22 | INFO    | dpfl.core.base_simulator | Round  70/150 | Acc: 0.5001 | Loss: 55795672136097128448.0000 | eps: 0.00 | P: 0.93 R: 0.98 F1: 0.95
2026-05-07 07:46:22 | DEBUG   | dpfl.core.base_simulator | Update norms — honest: ['0.03', '1145199.62', '20836768.00', '0.03', '1970781824.00'], attacker: ['17541263360.00', '17788577792.00', '18316382208.00', '18218731520.00', '17626456064.00']
2026-05-07 07:46:26 | INFO    | dpfl.core.base_simulator | Round  71/150 | Acc: 0.4981 | Loss: 710640039671069147136.0000 | eps: 0.00 | P: 0.87 R: 0.96 F1: 0.91
2026-05-07 07:46:26 | DEBUG   | dpfl.core.base_simulator | Update norms — honest: ['0.03', '864004.38', '18588312.00', '0.03', '11866624000.00'], attacker: ['74925228032.00', '71863427072.00', '71543013376.00', '73267683328.00', '71586848768.00']
2026-05-07 07:46:29 | INFO    | dpfl.core.base_simulator | Round  72/150 | Acc: 0.5067 | Loss: 6002460852727847059456.0000 | eps: 0.00 | P: 0.91 R: 0.95 F1: 0.93
2026-05-07 07:46:29 | DEBUG   | dpfl.core.base_simulator | Update norms — honest: ['0.02', '449531.38', '18293110.00', '0.02', '1824876032.00'], attacker: ['272560570368.00', '283915124736.00', '284505243648.00', '274083299328.00', '272472440832.00']
2026-05-07 07:46:33 | INFO    | dpfl.core.base_simulator | Round  73/150 | Acc: 0.4975 | Loss: 297531595503121068982272.0000 | eps: 0.00 | P: 0.88 R: 0.98 F1: 0.92
2026-05-07 07:46:33 | DEBUG   | dpfl.core.base_simulator | Update norms — honest: ['0.02', '347930.84', '13703721.00', '0.02', '1544718848.00'], attacker: ['1098206085120.00', '1108723105792.00', '1117969973248.00', '1156908056576.00', '1082501038080.00']
2026-05-07 07:46:36 | INFO    | dpfl.core.base_simulator | Round  74/150 | Acc: 0.4800 | Loss: 7923759885995003302903808.0000 | eps: 0.00 | P: 0.78 R: 0.97 F1: 0.86
2026-05-07 07:46:36 | DEBUG   | dpfl.core.base_simulator | Update norms — honest: ['0.03', '385901.19', '14241694.00', '0.03', '1293944320.00'], attacker: ['4577526022144.00', '4437483454464.00', '4410731134976.00', '4374579380224.00', '4389307940864.00']
2026-05-07 07:46:39 | INFO    | dpfl.core.base_simulator | Round  75/150 | Acc: 0.4836 | Loss: 41849827808657637134827520.0000 | eps: 0.00 | P: 0.98 R: 0.99 F1: 0.98
2026-05-07 07:46:39 | DEBUG   | dpfl.core.base_simulator | Update norms — honest: ['0.03', '321827.03', '9970363.00', '0.03', '1064015616.00'], attacker: ['18262238691328.00', '17170041929728.00', '18106705510400.00', '17148567093248.00', '17728440107008.00']
2026-05-07 07:46:43 | INFO    | dpfl.core.base_simulator | Round  76/150 | Acc: 0.4748 | Loss: 1355079856285800959764856832.0000 | eps: 0.00 | P: 0.75 R: 0.97 F1: 0.83
2026-05-07 07:46:43 | DEBUG   | dpfl.core.base_simulator | Update norms — honest: ['0.03', '320632.72', '6658543.00', '0.03', '658433216.00'], attacker: ['65821162340352.00', '70865576263680.00', '71460202741760.00', '66536299560960.00', '66986453237760.00']
2026-05-07 07:46:46 | INFO    | dpfl.core.base_simulator | Round  77/150 | Acc: 0.4756 | Loss: 23756934793352237740978077696.0000 | eps: 0.00 | P: 0.76 R: 0.97 F1: 0.84
2026-05-07 07:46:46 | DEBUG   | dpfl.core.base_simulator | Update norms — honest: ['0.03', '216015.12', '4812677.00', '0.04', '689025216.00'], attacker: ['277687151099904.00', '282803061129216.00', '283563371003904.00', '285350043844608.00', '290503903936512.00']
2026-05-07 07:46:50 | INFO    | dpfl.core.base_simulator | Round  78/150 | Acc: 0.4644 | Loss: 445971754235014501573496668160.0000 | eps: 0.00 | P: 0.78 R: 0.98 F1: 0.86
2026-05-07 07:46:50 | DEBUG   | dpfl.core.base_simulator | Update norms — honest: ['0.04', '267129.47', '5163510.00', '0.04', '486846752.00'], attacker: ['1090283219451904.00', '1123819934711808.00', '1129185019953152.00', '1089881640009728.00', '1097855984992256.00']
2026-05-07 07:46:53 | INFO    | dpfl.core.base_simulator | Round  79/150 | Acc: 0.4554 | Loss: 3650482190704928970002000773120.0000 | eps: 0.00 | P: 0.90 R: 0.98 F1: 0.94
2026-05-07 07:46:53 | DEBUG   | dpfl.core.base_simulator | Update norms — honest: ['0.03', '152594.48', '5573675.00', '0.03', '276221280.00'], attacker: ['4248788881375232.00', '4332135674544128.00', '4443137225261056.00', '4402964517093376.00', '4375040250347520.00']
2026-05-07 07:46:56 | INFO    | dpfl.core.base_simulator | Round  80/150 | Acc: 0.4584 | Loss: 41501149631143620448814234599424.0000 | eps: 0.00 | P: 0.77 R: 0.96 F1: 0.84
2026-05-07 07:46:56 | DEBUG   | dpfl.core.base_simulator | Update norms — honest: ['0.02', '2244204029804544.00', '4311063.50', '0.03', '231756160.00'], attacker: ['17535513950945280.00', '17305486239989760.00', '17929651288539136.00', '17271882415865856.00', '17205628250357760.00']
2026-05-07 07:47:00 | INFO    | dpfl.core.base_simulator | Round  81/150 | Acc: 0.4523 | Loss: 1462477237146290914948016450306048.0000 | eps: 0.00 | P: 0.76 R: 0.98 F1: 0.85
2026-05-07 07:47:00 | DEBUG   | dpfl.core.base_simulator | Update norms — honest: ['0.03', '493828125491200.00', '3455260.00', '0.03', '206015200.00'], attacker: ['73275371885166592.00', '72337385387458560.00', '73100077089947648.00', '71386002886754304.00', '71567263391547392.00']
2026-05-07 07:47:03 | INFO    | dpfl.core.base_simulator | Round  82/150 | Acc: 0.4533 | Loss: inf | eps: 0.00 | P: 0.89 R: 0.98 F1: 0.93
2026-05-07 07:47:03 | DEBUG   | dpfl.core.base_simulator | Update norms — honest: ['0.03', '33932919550509056.00', '2323449.00', '0.02', '238507968.00'], attacker: ['273929251747528704.00', '278349889786609664.00', '280272969983328256.00', '285694593100414976.00', '279068403455492096.00']
2026-05-07 07:47:07 | INFO    | dpfl.core.base_simulator | Round  83/150 | Acc: 0.4611 | Loss: inf | eps: 0.00 | P: 0.88 R: 0.93 F1: 0.91
2026-05-07 07:47:07 | DEBUG   | dpfl.core.base_simulator | Update norms — honest: ['0.02', '8325361922211840.00', '2086248.88', '0.02', '223420288.00'], attacker: ['1158578491931754496.00', '1139696853625864192.00', '1143155711048417280.00', '1103765088508051456.00', '1121348134862061568.00']
2026-05-07 07:47:10 | INFO    | dpfl.core.base_simulator | Round  84/150 | Acc: 0.4559 | Loss: inf | eps: 0.00 | P: 0.83 R: 0.97 F1: 0.89
2026-05-07 07:47:10 | DEBUG   | dpfl.core.base_simulator | Update norms — honest: ['0.03', '6210864696786944.00', '2696253.50', '0.03', '226728768.00'], attacker: ['4670730342594772992.00', '4459695028561772544.00', '4686169135116189696.00', '4591178202424016896.00', '4319564195747069952.00']
2026-05-07 07:47:13 | INFO    | dpfl.core.base_simulator | Round  85/150 | Acc: 0.4669 | Loss: inf | eps: 0.00 | P: 0.92 R: 1.00 F1: 0.96
2026-05-07 07:47:13 | DEBUG   | dpfl.core.base_simulator | Update norms — honest: ['0.02', '7012891320385536.00', '2656144.75', '0.02', '181958352.00'], attacker: ['nan', 'nan', 'nan', 'nan', 'nan']
2026-05-07 07:47:17 | INFO    | dpfl.core.base_simulator | Round  86/150 | Acc: 0.4850 | Loss: inf | eps: 0.00 | P: 0.86 R: 1.00 F1: 0.91
2026-05-07 07:47:17 | DEBUG   | dpfl.core.base_simulator | Update norms — honest: ['0.03', '5105769611526144.00', '2457777.75', '0.03', '176103040.00'], attacker: ['nan', 'nan', 'nan', 'nan', 'nan']
2026-05-07 07:47:20 | INFO    | dpfl.core.base_simulator | Round  87/150 | Acc: 0.4965 | Loss: inf | eps: 0.00 | P: 0.76 R: 1.00 F1: 0.86
2026-05-07 07:47:20 | DEBUG   | dpfl.core.base_simulator | Update norms — honest: ['0.03', '4053000649703424.00', '2499260.00', '0.03', '162305696.00'], attacker: ['nan', 'nan', 'nan', 'nan', 'nan']
2026-05-07 07:47:24 | INFO    | dpfl.core.base_simulator | Round  88/150 | Acc: 0.5063 | Loss: inf | eps: 0.00 | P: 0.82 R: 1.00 F1: 0.89
2026-05-07 07:47:24 | DEBUG   | dpfl.core.base_simulator | Update norms — honest: ['0.03', '3898365184049152.00', '2089934.88', '0.02', '196754912.00'], attacker: ['nan', 'nan', 'nan', 'nan', 'nan']
2026-05-07 07:47:27 | INFO    | dpfl.core.base_simulator | Round  89/150 | Acc: 0.5227 | Loss: inf | eps: 0.00 | P: 0.79 R: 1.00 F1: 0.84
2026-05-07 07:47:27 | DEBUG   | dpfl.core.base_simulator | Update norms — honest: ['0.03', '3125963634245632.00', '2086307.88', '0.02', '161851328.00'], attacker: ['nan', 'nan', 'nan', 'nan', 'nan']
2026-05-07 07:47:30 | INFO    | dpfl.core.base_simulator | Round  90/150 | Acc: 0.5343 | Loss: inf | eps: 0.00 | P: 0.81 R: 1.00 F1: 0.88
2026-05-07 07:47:30 | DEBUG   | dpfl.core.base_simulator | Update norms — honest: ['0.02', '1970013988716544.00', '1837129.25', '0.03', '240570048.00'], attacker: ['nan', 'nan', 'nan', 'nan', 'nan']
2026-05-07 07:47:34 | INFO    | dpfl.core.base_simulator | Round  91/150 | Acc: 0.5503 | Loss: inf | eps: 0.00 | P: 0.71 R: 1.00 F1: 0.81
2026-05-07 07:47:34 | DEBUG   | dpfl.core.base_simulator | Update norms — honest: ['0.03', '1803780232314880.00', '1715368.00', '0.03', '194788192.00'], attacker: ['nan', 'nan', 'nan', 'nan', 'nan']
2026-05-07 07:47:37 | INFO    | dpfl.core.base_simulator | Round  92/150 | Acc: 0.5587 | Loss: inf | eps: 0.00 | P: 0.79 R: 1.00 F1: 0.87
2026-05-07 07:47:37 | DEBUG   | dpfl.core.base_simulator | Update norms — honest: ['0.03', '1232677088788480.00', '1451474.12', '0.02', '185177200.00'], attacker: ['nan', 'nan', 'nan', 'nan', 'nan']
2026-05-07 07:47:40 | INFO    | dpfl.core.base_simulator | Round  93/150 | Acc: 0.5644 | Loss: inf | eps: 0.00 | P: 0.85 R: 1.00 F1: 0.91
2026-05-07 07:47:40 | DEBUG   | dpfl.core.base_simulator | Update norms — honest: ['0.03', '1273745834508288.00', '1494157.62', '0.02', '198658096.00'], attacker: ['nan', 'nan', 'nan', 'nan', 'nan']
2026-05-07 07:47:44 | INFO    | dpfl.core.base_simulator | Round  94/150 | Acc: 0.5847 | Loss: inf | eps: 0.00 | P: 0.73 R: 1.00 F1: 0.82
2026-05-07 07:47:44 | DEBUG   | dpfl.core.base_simulator | Update norms — honest: ['0.03', '849149796810752.00', '3687425.75', '0.03', '158113072.00'], attacker: ['nan', 'nan', 'nan', 'nan', 'nan']
2026-05-07 07:47:47 | INFO    | dpfl.core.base_simulator | Round  95/150 | Acc: 0.5845 | Loss: inf | eps: 0.00 | P: 0.88 R: 1.00 F1: 0.94
2026-05-07 07:47:47 | DEBUG   | dpfl.core.base_simulator | Update norms — honest: ['0.03', '1376561177559040.00', '3480467.00', '0.03', '218977728.00'], attacker: ['nan', 'nan', 'nan', 'nan', 'nan']
2026-05-07 07:47:51 | INFO    | dpfl.core.base_simulator | Round  96/150 | Acc: 0.5996 | Loss: inf | eps: 0.00 | P: 0.73 R: 1.00 F1: 0.81
2026-05-07 07:47:51 | DEBUG   | dpfl.core.base_simulator | Update norms — honest: ['0.04', '1490869450440704.00', '1778118.38', '0.03', '233347088.00'], attacker: ['nan', 'nan', 'nan', 'nan', 'nan']
2026-05-07 07:47:54 | INFO    | dpfl.core.base_simulator | Round  97/150 | Acc: 0.6024 | Loss: inf | eps: 0.00 | P: 0.80 R: 1.00 F1: 0.85
2026-05-07 07:47:54 | DEBUG   | dpfl.core.base_simulator | Update norms — honest: ['0.03', '825005638156288.00', '1709497.50', '0.04', '166412752.00'], attacker: ['nan', 'nan', 'nan', 'nan', 'nan']
2026-05-07 07:47:57 | INFO    | dpfl.core.base_simulator | Round  98/150 | Acc: 0.6143 | Loss: inf | eps: 0.00 | P: 0.80 R: 1.00 F1: 0.87
2026-05-07 07:47:57 | DEBUG   | dpfl.core.base_simulator | Update norms — honest: ['0.03', '1028366702477312.00', '1954480.38', '0.03', '150125984.00'], attacker: ['nan', 'nan', 'nan', 'nan', 'nan']
2026-05-07 07:48:01 | INFO    | dpfl.core.base_simulator | Round  99/150 | Acc: 0.6217 | Loss: inf | eps: 0.00 | P: 0.83 R: 1.00 F1: 0.89
2026-05-07 07:48:01 | DEBUG   | dpfl.core.base_simulator | Update norms — honest: ['0.03', '689411238920192.00', '2373791.25', '0.03', '83754264.00'], attacker: ['nan', 'nan', 'nan', 'nan', 'nan']
2026-05-07 07:48:04 | INFO    | dpfl.core.base_simulator | Round 100/150 | Acc: 0.6236 | Loss: inf | eps: 0.00 | P: 0.86 R: 1.00 F1: 0.92
2026-05-07 07:48:04 | DEBUG   | dpfl.core.base_simulator | Update norms — honest: ['0.02', '655140017143808.00', '1584956.38', '0.02', '118569456.00'], attacker: ['nan', 'nan', 'nan', 'nan', 'nan']
2026-05-07 07:48:08 | INFO    | dpfl.core.base_simulator | Round 101/150 | Acc: 0.6320 | Loss: inf | eps: 0.00 | P: 0.77 R: 1.00 F1: 0.86
2026-05-07 07:48:08 | DEBUG   | dpfl.core.base_simulator | Update norms — honest: ['0.03', '492629091418112.00', '1537880.75', '0.03', '96814688.00'], attacker: ['nan', 'nan', 'nan', 'nan', 'nan']
2026-05-07 07:48:11 | INFO    | dpfl.core.base_simulator | Round 102/150 | Acc: 0.6384 | Loss: inf | eps: 0.00 | P: 0.74 R: 1.00 F1: 0.82
2026-05-07 07:48:11 | DEBUG   | dpfl.core.base_simulator | Update norms — honest: ['0.02', '425288836055040.00', '1539162.62', '0.02', '92741664.00'], attacker: ['nan', 'nan', 'nan', 'nan', 'nan']
2026-05-07 07:48:14 | INFO    | dpfl.core.base_simulator | Round 103/150 | Acc: 0.6403 | Loss: inf | eps: 0.00 | P: 0.80 R: 1.00 F1: 0.88
2026-05-07 07:48:14 | DEBUG   | dpfl.core.base_simulator | Update norms — honest: ['0.02', '667827753189376.00', '1841602.75', '0.02', '129351384.00'], attacker: ['nan', 'nan', 'nan', 'nan', 'nan']
2026-05-07 07:48:18 | INFO    | dpfl.core.base_simulator | Round 104/150 | Acc: 0.6413 | Loss: inf | eps: 0.00 | P: 0.80 R: 1.00 F1: 0.87
2026-05-07 07:48:18 | DEBUG   | dpfl.core.base_simulator | Update norms — honest: ['0.02', '769452182339584.00', '1562194.25', '0.02', '89309216.00'], attacker: ['nan', 'nan', 'nan', 'nan', 'nan']
2026-05-07 07:48:21 | INFO    | dpfl.core.base_simulator | Round 105/150 | Acc: 0.6562 | Loss: inf | eps: 0.00 | P: 0.90 R: 1.00 F1: 0.95
2026-05-07 07:48:21 | DEBUG   | dpfl.core.base_simulator | Update norms — honest: ['0.02', '428726856712192.00', '1328714.25', '0.02', '81036952.00'], attacker: ['nan', 'nan', 'nan', 'nan', 'nan']
2026-05-07 07:48:25 | INFO    | dpfl.core.base_simulator | Round 106/150 | Acc: 0.6557 | Loss: inf | eps: 0.00 | P: 0.93 R: 1.00 F1: 0.96
2026-05-07 07:48:25 | DEBUG   | dpfl.core.base_simulator | Update norms — honest: ['0.03', '537219643211776.00', '1241545.38', '0.02', '85148000.00'], attacker: ['nan', 'nan', 'nan', 'nan', 'nan']
2026-05-07 07:48:28 | INFO    | dpfl.core.base_simulator | Round 107/150 | Acc: 0.6564 | Loss: inf | eps: 0.00 | P: 0.79 R: 1.00 F1: 0.88
2026-05-07 07:48:28 | DEBUG   | dpfl.core.base_simulator | Update norms — honest: ['0.02', '387207038763008.00', '1994328.88', '0.02', '73286592.00'], attacker: ['nan', 'nan', 'nan', 'nan', 'nan']
2026-05-07 07:48:31 | INFO    | dpfl.core.base_simulator | Round 108/150 | Acc: 0.6616 | Loss: inf | eps: 0.00 | P: 0.72 R: 1.00 F1: 0.82
2026-05-07 07:48:31 | DEBUG   | dpfl.core.base_simulator | Update norms — honest: ['0.03', '478990624096256.00', '1554144.75', '0.03', '74822640.00'], attacker: ['nan', 'nan', 'nan', 'nan', 'nan']
2026-05-07 07:48:35 | INFO    | dpfl.core.base_simulator | Round 109/150 | Acc: 0.6706 | Loss: inf | eps: 0.00 | P: 0.97 R: 1.00 F1: 0.98
2026-05-07 07:48:35 | DEBUG   | dpfl.core.base_simulator | Update norms — honest: ['0.03', '447663199748096.00', '1191519.38', '0.03', '97531168.00'], attacker: ['nan', 'nan', 'nan', 'nan', 'nan']
2026-05-07 07:48:38 | INFO    | dpfl.core.base_simulator | Round 110/150 | Acc: 0.6643 | Loss: inf | eps: 0.00 | P: 0.75 R: 1.00 F1: 0.85
2026-05-07 07:48:38 | DEBUG   | dpfl.core.base_simulator | Update norms — honest: ['0.02', '362227005652992.00', '2094034.12', '0.03', '81488752.00'], attacker: ['nan', 'nan', 'nan', 'nan', 'nan']
2026-05-07 07:48:42 | INFO    | dpfl.core.base_simulator | Round 111/150 | Acc: 0.6722 | Loss: inf | eps: 0.00 | P: 0.84 R: 1.00 F1: 0.91
2026-05-07 07:48:42 | DEBUG   | dpfl.core.base_simulator | Update norms — honest: ['0.03', '561219719135232.00', '2444755.25', '0.03', '76212056.00'], attacker: ['nan', 'nan', 'nan', 'nan', 'nan']
2026-05-07 07:48:45 | INFO    | dpfl.core.base_simulator | Round 112/150 | Acc: 0.6774 | Loss: inf | eps: 0.00 | P: 0.78 R: 1.00 F1: 0.85
2026-05-07 07:48:45 | DEBUG   | dpfl.core.base_simulator | Update norms — honest: ['0.02', '388640383434752.00', '1793572.12', '0.03', '81389736.00'], attacker: ['nan', 'nan', 'nan', 'nan', 'nan']
2026-05-07 07:48:48 | INFO    | dpfl.core.base_simulator | Round 113/150 | Acc: 0.6830 | Loss: inf | eps: 0.00 | P: 0.91 R: 1.00 F1: 0.95
2026-05-07 07:48:48 | DEBUG   | dpfl.core.base_simulator | Update norms — honest: ['0.03', '326126228471808.00', '1751969.75', '0.03', '85110912.00'], attacker: ['nan', 'nan', 'nan', 'nan', 'nan']
2026-05-07 07:48:52 | INFO    | dpfl.core.base_simulator | Round 114/150 | Acc: 0.6811 | Loss: inf | eps: 0.00 | P: 0.69 R: 1.00 F1: 0.80
2026-05-07 07:48:52 | DEBUG   | dpfl.core.base_simulator | Update norms — honest: ['0.03', '318899442679808.00', '1425416.38', '0.02', '65452064.00'], attacker: ['nan', 'nan', 'nan', 'nan', 'nan']
2026-05-07 07:48:55 | INFO    | dpfl.core.base_simulator | Round 115/150 | Acc: 0.6820 | Loss: inf | eps: 0.00 | P: 0.84 R: 1.00 F1: 0.91
2026-05-07 07:48:55 | DEBUG   | dpfl.core.base_simulator | Update norms — honest: ['0.02', '277636735565824.00', '1129325.25', '0.02', '54587132.00'], attacker: ['nan', 'nan', 'nan', 'nan', 'nan']
2026-05-07 07:48:59 | INFO    | dpfl.core.base_simulator | Round 116/150 | Acc: 0.6853 | Loss: inf | eps: 0.00 | P: 0.85 R: 1.00 F1: 0.91
2026-05-07 07:48:59 | DEBUG   | dpfl.core.base_simulator | Update norms — honest: ['0.03', '539112918482944.00', '1358642.25', '0.03', '80161136.00'], attacker: ['nan', 'nan', 'nan', 'nan', 'nan']
2026-05-07 07:49:02 | INFO    | dpfl.core.base_simulator | Round 117/150 | Acc: 0.6891 | Loss: inf | eps: 0.00 | P: 0.76 R: 1.00 F1: 0.86
2026-05-07 07:49:02 | DEBUG   | dpfl.core.base_simulator | Update norms — honest: ['0.02', '346905045368832.00', '1296961.75', '0.03', '106008792.00'], attacker: ['nan', 'nan', 'nan', 'nan', 'nan']
2026-05-07 07:49:05 | INFO    | dpfl.core.base_simulator | Round 118/150 | Acc: 0.6886 | Loss: inf | eps: 0.00 | P: 0.93 R: 1.00 F1: 0.96
2026-05-07 07:49:05 | DEBUG   | dpfl.core.base_simulator | Update norms — honest: ['0.03', '353354643406848.00', '1338435.12', '0.04', '119134152.00'], attacker: ['nan', 'nan', 'nan', 'nan', 'nan']
2026-05-07 07:49:09 | INFO    | dpfl.core.base_simulator | Round 119/150 | Acc: 0.6935 | Loss: inf | eps: 0.00 | P: 0.75 R: 1.00 F1: 0.85
2026-05-07 07:49:09 | DEBUG   | dpfl.core.base_simulator | Update norms — honest: ['0.03', '358081422688256.00', '2600445.25', '0.03', '51599796.00'], attacker: ['nan', 'nan', 'nan', 'nan', 'nan']
2026-05-07 07:49:12 | INFO    | dpfl.core.base_simulator | Round 120/150 | Acc: 0.6939 | Loss: inf | eps: 0.00 | P: 0.78 R: 1.00 F1: 0.86
2026-05-07 07:49:12 | DEBUG   | dpfl.core.base_simulator | Update norms — honest: ['0.03', '341518451736576.00', '2483495.75', '0.03', '72215528.00'], attacker: ['nan', 'nan', 'nan', 'nan', 'nan']
2026-05-07 07:49:16 | INFO    | dpfl.core.base_simulator | Round 121/150 | Acc: 0.6960 | Loss: inf | eps: 0.00 | P: 0.74 R: 1.00 F1: 0.83
2026-05-07 07:49:16 | DEBUG   | dpfl.core.base_simulator | Update norms — honest: ['0.03', '421808201269248.00', '1387782.50', '0.03', '78516304.00'], attacker: ['nan', 'nan', 'nan', 'nan', 'nan']
2026-05-07 07:49:19 | INFO    | dpfl.core.base_simulator | Round 122/150 | Acc: 0.6973 | Loss: inf | eps: 0.00 | P: 0.85 R: 1.00 F1: 0.91
2026-05-07 07:49:19 | DEBUG   | dpfl.core.base_simulator | Update norms — honest: ['0.03', '375777895907328.00', '995033.38', '0.03', '84722536.00'], attacker: ['nan', 'nan', 'nan', 'nan', 'nan']
2026-05-07 07:49:23 | INFO    | dpfl.core.base_simulator | Round 123/150 | Acc: 0.7004 | Loss: inf | eps: 0.00 | P: 0.81 R: 1.00 F1: 0.87
2026-05-07 07:49:23 | DEBUG   | dpfl.core.base_simulator | Update norms — honest: ['0.03', '208325476089856.00', '806544.06', '0.02', '107851976.00'], attacker: ['nan', 'nan', 'nan', 'nan', 'nan']
2026-05-07 07:49:26 | INFO    | dpfl.core.base_simulator | Round 124/150 | Acc: 0.7020 | Loss: inf | eps: 0.00 | P: 0.82 R: 1.00 F1: 0.88
2026-05-07 07:49:26 | DEBUG   | dpfl.core.base_simulator | Update norms — honest: ['0.02', '232091979612160.00', '1855775.25', '0.02', '81902592.00'], attacker: ['nan', 'nan', 'nan', 'nan', 'nan']
2026-05-07 07:49:29 | INFO    | dpfl.core.base_simulator | Round 125/150 | Acc: 0.7004 | Loss: inf | eps: 0.00 | P: 0.88 R: 1.00 F1: 0.93
2026-05-07 07:49:29 | DEBUG   | dpfl.core.base_simulator | Update norms — honest: ['0.02', '241905359126528.00', '2200129.50', '0.02', '94769360.00'], attacker: ['nan', 'nan', 'nan', 'nan', 'nan']
2026-05-07 07:49:33 | INFO    | dpfl.core.base_simulator | Round 126/150 | Acc: 0.7006 | Loss: inf | eps: 0.00 | P: 0.91 R: 1.00 F1: 0.95
2026-05-07 07:49:33 | DEBUG   | dpfl.core.base_simulator | Update norms — honest: ['0.02', '315515713093632.00', '1097315.75', '0.03', '71142256.00'], attacker: ['nan', 'nan', 'nan', 'nan', 'nan']
2026-05-07 07:49:36 | INFO    | dpfl.core.base_simulator | Round 127/150 | Acc: 0.7045 | Loss: inf | eps: 0.00 | P: 0.88 R: 1.00 F1: 0.93
2026-05-07 07:49:36 | DEBUG   | dpfl.core.base_simulator | Update norms — honest: ['0.03', '276559218868224.00', '1140995.88', '0.02', '80244216.00'], attacker: ['nan', 'nan', 'nan', 'nan', 'nan']
2026-05-07 07:49:40 | INFO    | dpfl.core.base_simulator | Round 128/150 | Acc: 0.7051 | Loss: inf | eps: 0.00 | P: 0.80 R: 1.00 F1: 0.87
2026-05-07 07:49:40 | DEBUG   | dpfl.core.base_simulator | Update norms — honest: ['0.02', '200336216162304.00', '1060984.62', '0.02', '50409328.00'], attacker: ['nan', 'nan', 'nan', 'nan', 'nan']
2026-05-07 07:49:43 | INFO    | dpfl.core.base_simulator | Round 129/150 | Acc: 0.7091 | Loss: inf | eps: 0.00 | P: 0.77 R: 1.00 F1: 0.84
2026-05-07 07:49:43 | DEBUG   | dpfl.core.base_simulator | Update norms — honest: ['0.03', '268899429908480.00', '1190231.50', '0.02', '96087264.00'], attacker: ['nan', 'nan', 'nan', 'nan', 'nan']
2026-05-07 07:49:47 | INFO    | dpfl.core.base_simulator | Round 130/150 | Acc: 0.7042 | Loss: inf | eps: 0.00 | P: 0.77 R: 1.00 F1: 0.85
2026-05-07 07:49:47 | DEBUG   | dpfl.core.base_simulator | Update norms — honest: ['0.03', '294934968008704.00', '1558351.25', '0.02', '91235376.00'], attacker: ['nan', 'nan', 'nan', 'nan', 'nan']
2026-05-07 07:49:50 | INFO    | dpfl.core.base_simulator | Round 131/150 | Acc: 0.7086 | Loss: inf | eps: 0.00 | P: 0.84 R: 1.00 F1: 0.91
2026-05-07 07:49:50 | DEBUG   | dpfl.core.base_simulator | Update norms — honest: ['0.02', '274766908882944.00', '3327522.00', '0.02', '72323096.00'], attacker: ['nan', 'nan', 'nan', 'nan', 'nan']
2026-05-07 07:49:54 | INFO    | dpfl.core.base_simulator | Round 132/150 | Acc: 0.7125 | Loss: inf | eps: 0.00 | P: 0.80 R: 1.00 F1: 0.87
2026-05-07 07:49:54 | DEBUG   | dpfl.core.base_simulator | Update norms — honest: ['0.03', '245829499617280.00', '2258631.75', '0.02', '65419116.00'], attacker: ['nan', 'nan', 'nan', 'nan', 'nan']
2026-05-07 07:49:57 | INFO    | dpfl.core.base_simulator | Round 133/150 | Acc: 0.7092 | Loss: inf | eps: 0.00 | P: 0.72 R: 1.00 F1: 0.83
2026-05-07 07:49:57 | DEBUG   | dpfl.core.base_simulator | Update norms — honest: ['0.03', '251895755046912.00', '1023059.38', '0.03', '56060344.00'], attacker: ['nan', 'nan', 'nan', 'nan', 'nan']
2026-05-07 07:50:00 | INFO    | dpfl.core.base_simulator | Round 134/150 | Acc: 0.7094 | Loss: inf | eps: 0.00 | P: 0.79 R: 1.00 F1: 0.87
2026-05-07 07:50:00 | DEBUG   | dpfl.core.base_simulator | Update norms — honest: ['0.03', '188163842637824.00', '1438364.75', '0.03', '67879096.00'], attacker: ['nan', 'nan', 'nan', 'nan', 'nan']
2026-05-07 07:50:04 | INFO    | dpfl.core.base_simulator | Round 135/150 | Acc: 0.7139 | Loss: 1303632815933779714883773892919296.0000 | eps: 0.00 | P: 0.87 R: 1.00 F1: 0.93
2026-05-07 07:50:04 | DEBUG   | dpfl.core.base_simulator | Update norms — honest: ['0.02', '257493909372928.00', '1410537.50', '0.02', '61383852.00'], attacker: ['nan', 'nan', 'nan', 'nan', 'nan']
2026-05-07 07:50:07 | INFO    | dpfl.core.base_simulator | Round 136/150 | Acc: 0.7169 | Loss: 1303226231818175153902432318128128.0000 | eps: 0.00 | P: 0.69 R: 1.00 F1: 0.79
2026-05-07 07:50:07 | DEBUG   | dpfl.core.base_simulator | Update norms — honest: ['0.02', '253070344716288.00', '843487.56', '0.02', '55195148.00'], attacker: ['nan', 'nan', 'nan', 'nan', 'nan']
2026-05-07 07:50:11 | INFO    | dpfl.core.base_simulator | Round 137/150 | Acc: 0.7159 | Loss: 1351252155192249766764012720095232.0000 | eps: 0.00 | P: 0.94 R: 1.00 F1: 0.97
2026-05-07 07:50:11 | DEBUG   | dpfl.core.base_simulator | Update norms — honest: ['0.02', '215702837395456.00', '1559917.25', '0.02', '82988768.00'], attacker: ['nan', 'nan', 'nan', 'nan', 'nan']
2026-05-07 07:50:14 | INFO    | dpfl.core.base_simulator | Round 138/150 | Acc: 0.7139 | Loss: 1345925362843269909070522225786880.0000 | eps: 0.00 | P: 0.81 R: 1.00 F1: 0.87
2026-05-07 07:50:14 | DEBUG   | dpfl.core.base_simulator | Update norms — honest: ['0.02', '194864226500608.00', '1227013.50', '0.02', '73291752.00'], attacker: ['nan', 'nan', 'nan', 'nan', 'nan']
2026-05-07 07:50:18 | INFO    | dpfl.core.base_simulator | Round 139/150 | Acc: 0.7170 | Loss: inf | eps: 0.00 | P: 0.84 R: 1.00 F1: 0.90
2026-05-07 07:50:18 | DEBUG   | dpfl.core.base_simulator | Update norms — honest: ['0.03', '283401873522688.00', '1406819.38', '0.02', '53972956.00'], attacker: ['nan', 'nan', 'nan', 'nan', 'nan']
2026-05-07 07:50:21 | INFO    | dpfl.core.base_simulator | Round 140/150 | Acc: 0.7185 | Loss: inf | eps: 0.00 | P: 0.78 R: 1.00 F1: 0.86
2026-05-07 07:50:21 | DEBUG   | dpfl.core.base_simulator | Update norms — honest: ['0.03', '252990887821312.00', '988292.38', '0.02', '40026220.00'], attacker: ['nan', 'nan', 'nan', 'nan', 'nan']
2026-05-07 07:50:24 | INFO    | dpfl.core.base_simulator | Round 141/150 | Acc: 0.7145 | Loss: 1167519746949542161648370147393536.0000 | eps: 0.00 | P: 0.94 R: 1.00 F1: 0.97
2026-05-07 07:50:24 | DEBUG   | dpfl.core.base_simulator | Update norms — honest: ['0.03', '198741189459968.00', '780883.62', '0.03', '55135104.00'], attacker: ['nan', 'nan', 'nan', 'nan', 'nan']
2026-05-07 07:50:28 | INFO    | dpfl.core.base_simulator | Round 142/150 | Acc: 0.7152 | Loss: inf | eps: 0.00 | P: 0.58 R: 1.00 F1: 0.71
2026-05-07 07:50:28 | DEBUG   | dpfl.core.base_simulator | Update norms — honest: ['0.02', '153473274347520.00', '1077311.62', '0.02', '48708008.00'], attacker: ['nan', 'nan', 'nan', 'nan', 'nan']
2026-05-07 07:50:31 | INFO    | dpfl.core.base_simulator | Round 143/150 | Acc: 0.7231 | Loss: 1185473323477783827990693745262592.0000 | eps: 0.00 | P: 0.76 R: 1.00 F1: 0.85
2026-05-07 07:50:31 | DEBUG   | dpfl.core.base_simulator | Update norms — honest: ['0.02', '162523307311104.00', '1158461.75', '0.02', '58012920.00'], attacker: ['nan', 'nan', 'nan', 'nan', 'nan']
2026-05-07 07:50:35 | INFO    | dpfl.core.base_simulator | Round 144/150 | Acc: 0.7212 | Loss: inf | eps: 0.00 | P: 0.76 R: 1.00 F1: 0.84
2026-05-07 07:50:35 | DEBUG   | dpfl.core.base_simulator | Update norms — honest: ['0.02', '185369865748480.00', '849046.00', '0.02', '56779232.00'], attacker: ['nan', 'nan', 'nan', 'nan', 'nan']
2026-05-07 07:50:38 | INFO    | dpfl.core.base_simulator | Round 145/150 | Acc: 0.7232 | Loss: 1127316106286282820802163781926912.0000 | eps: 0.00 | P: 0.86 R: 1.00 F1: 0.92
2026-05-07 07:50:38 | DEBUG   | dpfl.core.base_simulator | Update norms — honest: ['0.02', '246295251910656.00', '966875.06', '0.02', '51534912.00'], attacker: ['nan', 'nan', 'nan', 'nan', 'nan']
2026-05-07 07:50:42 | INFO    | dpfl.core.base_simulator | Round 146/150 | Acc: 0.7267 | Loss: 1052259023699709788322982197723136.0000 | eps: 0.00 | P: 0.79 R: 1.00 F1: 0.87
2026-05-07 07:50:42 | DEBUG   | dpfl.core.base_simulator | Update norms — honest: ['0.02', '198374489849856.00', '1335154.00', '0.02', '40514756.00'], attacker: ['nan', 'nan', 'nan', 'nan', 'nan']
2026-05-07 07:50:45 | INFO    | dpfl.core.base_simulator | Round 147/150 | Acc: 0.7220 | Loss: 1107218350199371695516017080926208.0000 | eps: 0.00 | P: 0.85 R: 1.00 F1: 0.91
2026-05-07 07:50:45 | DEBUG   | dpfl.core.base_simulator | Update norms — honest: ['0.02', '218080135348224.00', '1354015.12', '0.02', '51764932.00'], attacker: ['nan', 'nan', 'nan', 'nan', 'nan']
2026-05-07 07:50:48 | INFO    | dpfl.core.base_simulator | Round 148/150 | Acc: 0.7228 | Loss: 1128221631696190573595692929908736.0000 | eps: 0.00 | P: 0.77 R: 1.00 F1: 0.86
2026-05-07 07:50:48 | DEBUG   | dpfl.core.base_simulator | Update norms — honest: ['0.03', '205881438371840.00', '1439903.88', '0.02', '45700744.00'], attacker: ['nan', 'nan', 'nan', 'nan', 'nan']
2026-05-07 07:50:52 | INFO    | dpfl.core.base_simulator | Round 149/150 | Acc: 0.7258 | Loss: inf | eps: 0.00 | P: 0.91 R: 1.00 F1: 0.95
2026-05-07 07:50:52 | DEBUG   | dpfl.core.base_simulator | Update norms — honest: ['0.02', '183045869010944.00', '1944661.25', '0.02', '47215220.00'], attacker: ['nan', 'nan', 'nan', 'nan', 'nan']
2026-05-07 07:50:55 | INFO    | dpfl.core.base_simulator | Round 150/150 | Acc: 0.7266 | Loss: 1097702598827243525894605115490304.0000 | eps: 0.00 | P: 0.85 R: 1.00 F1: 0.92
2026-05-07 07:50:55 | DEBUG   | dpfl.core.base_simulator | Update norms — honest: ['0.02', '188871086178304.00', '940880.06', '0.02', '40091092.00'], attacker: ['nan', 'nan', 'nan', 'nan', 'nan']
2026-05-07 07:50:57 | INFO    | dpfl | Experiment complete in 552.6s
============================================================
REPORT: DP-SGD Decentralized Federated Learning
============================================================
Timestamp:                  20260507_074143
Rounds completed:           150
Attack-active rounds:       100  (from round 50)
Final accuracy:             0.7266
Final test loss:            1097702598827243525894605115490304.0000
Final epsilon:              0.00
Best alpha:                 None
Avg precision:              0.8171
Avg recall:                 0.9908
Avg F1 score:               0.8826
Avg update norm (honest):   2301160642765586.5000
Avg update norm (attacker): nan
============================================================
