2026-05-05 18:26:56 | INFO    | dpfl | Experiment start: algorithm=trust_d2b, dataset=fashion_mnist, model=mlp, device=cuda
2026-05-05 18:26:56 | INFO    | dpfl | Config: nodes=500, attackers=100, rounds=150, noise_mode=none, attack=scale
2026-05-05 18:26:56 | INFO    | dpfl.data.fashion_mnist_dataset | Loading Fashion-MNIST dataset...
2026-05-05 18:26:56 | INFO    | dpfl.data.fashion_mnist_dataset | Fashion-MNIST loaded: 60000 train, 10000 test samples
2026-05-05 18:27:47 | INFO    | dpfl.core.base_simulator | Vectorized state ready: param_spec.D=50890, X_test=(10000, 1, 28, 28), train clients N=500, max_n_samples=1000
2026-05-05 18:27:47 | INFO    | dpfl.core.base_simulator | Setup complete: 500 nodes (100 attackers), param_dim=50890, split=iid
2026-05-05 18:27:47 | DEBUG   | dpfl.core.base_simulator | Attacker IDs: {0, 1, 2, 3, 4, 5, 6, 7, 8, 9, 10, 11, 12, 13, 14, 15, 16, 17, 18, 19, 20, 21, 22, 23, 24, 25, 26, 27, 28, 29, 30, 31, 32, 33, 34, 35, 36, 37, 38, 39, 40, 41, 42, 43, 44, 45, 46, 47, 48, 49, 50, 51, 52, 53, 54, 55, 56, 57, 58, 59, 60, 61, 62, 63, 64, 65, 66, 67, 68, 69, 70, 71, 72, 73, 74, 75, 76, 77, 78, 79, 80, 81, 82, 83, 84, 85, 86, 87, 88, 89, 90, 91, 92, 93, 94, 95, 96, 97, 98, 99}
2026-05-05 18:27:47 | INFO    | dpfl.algorithms.trust_aware.simulator | Trust-Aware D2B-DP: rounds=150, n_workers=5, layers=4, ρ∈[0.300,5.000]
2026-05-05 18:27:47 | DEBUG   | dpfl.algorithms.trust_aware.simulator | Round 0 Phase 1+2: 0.39s
2026-05-05 18:27:56 | INFO    | dpfl.core.base_simulator | Round   1/150 | Acc: 0.4499 | Loss: 1.9796 | eps_max: 0.26 eps_avg: 0.26 | P: nan R: nan F1: nan
2026-05-05 18:27:56 | DEBUG   | dpfl.core.base_simulator | Update norms — honest: ['0.23', '0.23', '0.24', '0.23', '0.24'], attacker: ['0.23', '0.23', '0.24', '0.23', '0.24']
2026-05-05 18:27:57 | DEBUG   | dpfl.algorithms.trust_aware.simulator | Round 1 Phase 1+2: 0.15s
2026-05-05 18:28:05 | INFO    | dpfl.core.base_simulator | Round   2/150 | Acc: 0.5647 | Loss: 1.7193 | eps_max: 0.30 eps_avg: 0.30 | P: nan R: nan F1: nan
2026-05-05 18:28:05 | DEBUG   | dpfl.core.base_simulator | Update norms — honest: ['0.21', '0.21', '0.20', '0.20', '0.21'], attacker: ['0.23', '0.23', '0.23', '0.22', '0.24']
2026-05-05 18:28:05 | DEBUG   | dpfl.algorithms.trust_aware.simulator | Round 2 Phase 1+2: 0.18s
2026-05-05 18:28:15 | INFO    | dpfl.core.base_simulator | Round   3/150 | Acc: 0.6155 | Loss: 1.4986 | eps_max: 0.34 eps_avg: 0.34 | P: nan R: nan F1: nan
2026-05-05 18:28:15 | DEBUG   | dpfl.core.base_simulator | Update norms — honest: ['0.18', '0.18', '0.18', '0.19', '0.19'], attacker: ['0.21', '0.22', '0.22', '0.21', '0.22']
2026-05-05 18:28:15 | DEBUG   | dpfl.algorithms.trust_aware.simulator | Round 3 Phase 1+2: 0.17s
2026-05-05 18:28:24 | INFO    | dpfl.core.base_simulator | Round   4/150 | Acc: 0.6463 | Loss: 1.3254 | eps_max: 0.39 eps_avg: 0.39 | P: nan R: nan F1: nan
2026-05-05 18:28:24 | DEBUG   | dpfl.core.base_simulator | Update norms — honest: ['0.17', '0.17', '0.17', '0.17', '0.16'], attacker: ['0.20', '0.20', '0.20', '0.19', '0.21']
2026-05-05 18:28:25 | DEBUG   | dpfl.algorithms.trust_aware.simulator | Round 4 Phase 1+2: 0.43s
2026-05-05 18:28:35 | INFO    | dpfl.core.base_simulator | Round   5/150 | Acc: 0.6696 | Loss: 1.1930 | eps_max: 0.44 eps_avg: 0.44 | P: nan R: nan F1: nan
2026-05-05 18:28:35 | DEBUG   | dpfl.core.base_simulator | Update norms — honest: ['0.14', '0.14', '0.15', '0.14', '0.14'], attacker: ['0.18', '0.18', '0.18', '0.18', '0.18']
2026-05-05 18:28:35 | DEBUG   | dpfl.algorithms.trust_aware.simulator | Round 5 Phase 1+2: 0.69s
2026-05-05 18:28:45 | INFO    | dpfl.core.base_simulator | Round   6/150 | Acc: 0.6871 | Loss: 1.0961 | eps_max: 0.53 eps_avg: 0.53 | P: nan R: nan F1: nan
2026-05-05 18:28:45 | DEBUG   | dpfl.core.base_simulator | Update norms — honest: ['0.12', '0.14', '0.14', '0.12', '0.14'], attacker: ['0.16', '0.15', '0.16', '0.15', '0.16']
2026-05-05 18:28:46 | DEBUG   | dpfl.algorithms.trust_aware.simulator | Round 6 Phase 1+2: 0.61s
2026-05-05 18:28:56 | INFO    | dpfl.core.base_simulator | Round   7/150 | Acc: 0.6994 | Loss: 1.0237 | eps_max: 0.56 eps_avg: 0.56 | P: nan R: nan F1: nan
2026-05-05 18:28:56 | DEBUG   | dpfl.core.base_simulator | Update norms — honest: ['0.12', '0.11', '0.12', '0.11', '0.10'], attacker: ['0.14', '0.13', '0.13', '0.14', '0.13']
2026-05-05 18:28:56 | DEBUG   | dpfl.algorithms.trust_aware.simulator | Round 7 Phase 1+2: 0.69s
2026-05-05 18:29:06 | INFO    | dpfl.core.base_simulator | Round   8/150 | Acc: 0.7078 | Loss: 0.9687 | eps_max: 0.59 eps_avg: 0.59 | P: nan R: nan F1: nan
2026-05-05 18:29:06 | DEBUG   | dpfl.core.base_simulator | Update norms — honest: ['0.10', '0.10', '0.10', '0.10', '0.10'], attacker: ['0.12', '0.11', '0.11', '0.11', '0.11']
2026-05-05 18:29:06 | DEBUG   | dpfl.algorithms.trust_aware.simulator | Round 8 Phase 1+2: 0.71s
2026-05-05 18:29:16 | INFO    | dpfl.core.base_simulator | Round   9/150 | Acc: 0.7143 | Loss: 0.9253 | eps_max: 0.62 eps_avg: 0.62 | P: nan R: nan F1: nan
2026-05-05 18:29:16 | DEBUG   | dpfl.core.base_simulator | Update norms — honest: ['0.09', '0.08', '0.09', '0.09', '0.09'], attacker: ['0.10', '0.10', '0.10', '0.10', '0.10']
2026-05-05 18:29:17 | DEBUG   | dpfl.algorithms.trust_aware.simulator | Round 9 Phase 1+2: 0.44s
2026-05-05 18:29:26 | INFO    | dpfl.core.base_simulator | Round  10/150 | Acc: 0.7205 | Loss: 0.8893 | eps_max: 0.65 eps_avg: 0.65 | P: nan R: nan F1: nan
2026-05-05 18:29:26 | DEBUG   | dpfl.core.base_simulator | Update norms — honest: ['0.08', '0.08', '0.08', '0.08', '0.08'], attacker: ['0.09', '0.09', '0.09', '0.09', '0.09']
2026-05-05 18:29:27 | DEBUG   | dpfl.algorithms.trust_aware.simulator | Round 10 Phase 1+2: 0.42s
2026-05-05 18:29:36 | INFO    | dpfl.core.base_simulator | Round  11/150 | Acc: 0.7254 | Loss: 0.8593 | eps_max: 0.69 eps_avg: 0.69 | P: 0.00 R: nan F1: nan
2026-05-05 18:29:36 | DEBUG   | dpfl.core.base_simulator | Update norms — honest: ['0.07', '0.07', '0.07', '0.07', '0.07'], attacker: ['0.10', '0.08', '0.08', '0.08', '0.09']
2026-05-05 18:29:37 | DEBUG   | dpfl.algorithms.trust_aware.simulator | Round 11 Phase 1+2: 0.15s
2026-05-05 18:29:46 | INFO    | dpfl.core.base_simulator | Round  12/150 | Acc: 0.7301 | Loss: 0.8337 | eps_max: 0.72 eps_avg: 0.72 | P: nan R: nan F1: nan
2026-05-05 18:29:46 | DEBUG   | dpfl.core.base_simulator | Update norms — honest: ['0.07', '0.07', '0.07', '0.07', '0.07'], attacker: ['0.08', '0.08', '0.08', '0.08', '0.08']
2026-05-05 18:29:46 | DEBUG   | dpfl.algorithms.trust_aware.simulator | Round 12 Phase 1+2: 0.15s
2026-05-05 18:29:55 | INFO    | dpfl.core.base_simulator | Round  13/150 | Acc: 0.7337 | Loss: 0.8121 | eps_max: 0.76 eps_avg: 0.76 | P: nan R: nan F1: nan
2026-05-05 18:29:55 | DEBUG   | dpfl.core.base_simulator | Update norms — honest: ['0.07', '0.06', '0.07', '0.07', '0.07'], attacker: ['0.07', '0.07', '0.07', '0.08', '0.07']
2026-05-05 18:29:55 | DEBUG   | dpfl.algorithms.trust_aware.simulator | Round 13 Phase 1+2: 0.18s
2026-05-05 18:30:02 | INFO    | dpfl.core.base_simulator | Round  14/150 | Acc: 0.7378 | Loss: 0.7928 | eps_max: 0.80 eps_avg: 0.80 | P: 0.00 R: nan F1: nan
2026-05-05 18:30:02 | DEBUG   | dpfl.core.base_simulator | Update norms — honest: ['0.06', '0.06', '0.06', '0.06', '0.06'], attacker: ['0.07', '0.07', '0.07', '0.07', '0.07']
2026-05-05 18:30:03 | DEBUG   | dpfl.algorithms.trust_aware.simulator | Round 14 Phase 1+2: 0.15s
2026-05-05 18:30:09 | INFO    | dpfl.core.base_simulator | Round  15/150 | Acc: 0.7412 | Loss: 0.7760 | eps_max: 0.84 eps_avg: 0.84 | P: nan R: nan F1: nan
2026-05-05 18:30:09 | DEBUG   | dpfl.core.base_simulator | Update norms — honest: ['0.06', '0.06', '0.06', '0.06', '0.05'], attacker: ['0.06', '0.06', '0.06', '0.06', '0.06']
2026-05-05 18:30:09 | DEBUG   | dpfl.algorithms.trust_aware.simulator | Round 15 Phase 1+2: 0.18s
2026-05-05 18:30:15 | INFO    | dpfl.core.base_simulator | Round  16/150 | Acc: 0.7442 | Loss: 0.7615 | eps_max: 0.88 eps_avg: 0.88 | P: 0.00 R: nan F1: nan
2026-05-05 18:30:15 | DEBUG   | dpfl.core.base_simulator | Update norms — honest: ['0.06', '0.05', '0.06', '0.06', '0.06'], attacker: ['0.06', '0.06', '0.06', '0.06', '0.07']
2026-05-05 18:30:16 | DEBUG   | dpfl.algorithms.trust_aware.simulator | Round 16 Phase 1+2: 0.15s
2026-05-05 18:30:22 | INFO    | dpfl.core.base_simulator | Round  17/150 | Acc: 0.7470 | Loss: 0.7484 | eps_max: 0.91 eps_avg: 0.91 | P: 0.00 R: nan F1: nan
2026-05-05 18:30:22 | DEBUG   | dpfl.core.base_simulator | Update norms — honest: ['0.06', '0.06', '0.06', '0.05', '0.06'], attacker: ['0.06', '0.06', '0.06', '0.06', '0.06']
2026-05-05 18:30:22 | DEBUG   | dpfl.algorithms.trust_aware.simulator | Round 17 Phase 1+2: 0.17s
2026-05-05 18:30:28 | INFO    | dpfl.core.base_simulator | Round  18/150 | Acc: 0.7499 | Loss: 0.7365 | eps_max: 0.95 eps_avg: 0.95 | P: nan R: nan F1: nan
2026-05-05 18:30:28 | DEBUG   | dpfl.core.base_simulator | Update norms — honest: ['0.06', '0.05', '0.05', '0.05', '0.05'], attacker: ['0.06', '0.06', '0.06', '0.06', '0.06']
2026-05-05 18:30:28 | DEBUG   | dpfl.algorithms.trust_aware.simulator | Round 18 Phase 1+2: 0.15s
2026-05-05 18:30:34 | INFO    | dpfl.core.base_simulator | Round  19/150 | Acc: 0.7523 | Loss: 0.7262 | eps_max: 0.98 eps_avg: 0.98 | P: nan R: nan F1: nan
2026-05-05 18:30:34 | DEBUG   | dpfl.core.base_simulator | Update norms — honest: ['0.05', '0.05', '0.05', '0.05', '0.05'], attacker: ['0.06', '0.06', '0.05', '0.05', '0.05']
2026-05-05 18:30:34 | DEBUG   | dpfl.algorithms.trust_aware.simulator | Round 19 Phase 1+2: 0.15s
2026-05-05 18:30:39 | INFO    | dpfl.core.base_simulator | Round  20/150 | Acc: 0.7546 | Loss: 0.7163 | eps_max: 1.02 eps_avg: 1.02 | P: 0.00 R: nan F1: nan
2026-05-05 18:30:39 | DEBUG   | dpfl.core.base_simulator | Update norms — honest: ['0.05', '0.05', '0.05', '0.05', '0.05'], attacker: ['0.05', '0.05', '0.05', '0.05', '0.05']
2026-05-05 18:30:39 | DEBUG   | dpfl.algorithms.trust_aware.simulator | Round 20 Phase 1+2: 0.17s
2026-05-05 18:30:43 | INFO    | dpfl.core.base_simulator | Round  21/150 | Acc: 0.7566 | Loss: 0.7077 | eps_max: 1.06 eps_avg: 1.06 | P: nan R: nan F1: nan
2026-05-05 18:30:43 | DEBUG   | dpfl.core.base_simulator | Update norms — honest: ['0.05', '0.04', '0.05', '0.05', '0.05'], attacker: ['0.05', '0.05', '0.06', '0.05', '0.05']
2026-05-05 18:30:44 | DEBUG   | dpfl.algorithms.trust_aware.simulator | Round 21 Phase 1+2: 0.15s
2026-05-05 18:30:48 | INFO    | dpfl.core.base_simulator | Round  22/150 | Acc: 0.7586 | Loss: 0.6999 | eps_max: 1.10 eps_avg: 1.10 | P: nan R: nan F1: nan
2026-05-05 18:30:48 | DEBUG   | dpfl.core.base_simulator | Update norms — honest: ['0.05', '0.05', '0.04', '0.05', '0.05'], attacker: ['0.05', '0.05', '0.05', '0.05', '0.05']
2026-05-05 18:30:48 | DEBUG   | dpfl.algorithms.trust_aware.simulator | Round 22 Phase 1+2: 0.19s
2026-05-05 18:30:52 | INFO    | dpfl.core.base_simulator | Round  23/150 | Acc: 0.7604 | Loss: 0.6922 | eps_max: 1.15 eps_avg: 1.15 | P: nan R: nan F1: nan
2026-05-05 18:30:52 | DEBUG   | dpfl.core.base_simulator | Update norms — honest: ['0.04', '0.04', '0.04', '0.04', '0.05'], attacker: ['0.04', '0.05', '0.05', '0.05', '0.05']
2026-05-05 18:30:52 | DEBUG   | dpfl.algorithms.trust_aware.simulator | Round 23 Phase 1+2: 0.15s
2026-05-05 18:30:56 | INFO    | dpfl.core.base_simulator | Round  24/150 | Acc: 0.7623 | Loss: 0.6857 | eps_max: 1.19 eps_avg: 1.19 | P: 0.00 R: nan F1: nan
2026-05-05 18:30:56 | DEBUG   | dpfl.core.base_simulator | Update norms — honest: ['0.05', '0.05', '0.04', '0.05', '0.04'], attacker: ['0.05', '0.05', '0.05', '0.04', '0.05']
2026-05-05 18:30:56 | DEBUG   | dpfl.algorithms.trust_aware.simulator | Round 24 Phase 1+2: 0.15s
2026-05-05 18:31:00 | INFO    | dpfl.core.base_simulator | Round  25/150 | Acc: 0.7639 | Loss: 0.6794 | eps_max: 1.22 eps_avg: 1.22 | P: 0.00 R: nan F1: nan
2026-05-05 18:31:00 | DEBUG   | dpfl.core.base_simulator | Update norms — honest: ['0.05', '0.04', '0.04', '0.04', '0.04'], attacker: ['0.05', '0.05', '0.05', '0.04', '0.05']
2026-05-05 18:31:01 | DEBUG   | dpfl.algorithms.trust_aware.simulator | Round 25 Phase 1+2: 0.67s
2026-05-05 18:31:06 | INFO    | dpfl.core.base_simulator | Round  26/150 | Acc: 0.7654 | Loss: 0.6738 | eps_max: 1.26 eps_avg: 1.26 | P: nan R: nan F1: nan
2026-05-05 18:31:06 | DEBUG   | dpfl.core.base_simulator | Update norms — honest: ['0.04', '0.04', '0.04', '0.04', '0.04'], attacker: ['0.05', '0.05', '0.04', '0.04', '0.04']
2026-05-05 18:31:07 | DEBUG   | dpfl.algorithms.trust_aware.simulator | Round 26 Phase 1+2: 0.68s
2026-05-05 18:31:15 | INFO    | dpfl.core.base_simulator | Round  27/150 | Acc: 0.7668 | Loss: 0.6683 | eps_max: 1.29 eps_avg: 1.29 | P: 0.00 R: nan F1: nan
2026-05-05 18:31:15 | DEBUG   | dpfl.core.base_simulator | Update norms — honest: ['0.04', '0.04', '0.05', '0.05', '0.04'], attacker: ['0.04', '0.04', '0.05', '0.04', '0.04']
2026-05-05 18:31:15 | DEBUG   | dpfl.algorithms.trust_aware.simulator | Round 27 Phase 1+2: 0.15s
2026-05-05 18:31:23 | INFO    | dpfl.core.base_simulator | Round  28/150 | Acc: 0.7682 | Loss: 0.6634 | eps_max: 1.32 eps_avg: 1.32 | P: 0.00 R: nan F1: nan
2026-05-05 18:31:23 | DEBUG   | dpfl.core.base_simulator | Update norms — honest: ['0.04', '0.04', '0.04', '0.04', '0.04'], attacker: ['0.04', '0.04', '0.04', '0.04', '0.04']
2026-05-05 18:31:24 | DEBUG   | dpfl.algorithms.trust_aware.simulator | Round 28 Phase 1+2: 0.16s
2026-05-05 18:31:30 | INFO    | dpfl.core.base_simulator | Round  29/150 | Acc: 0.7696 | Loss: 0.6585 | eps_max: 1.36 eps_avg: 1.36 | P: 0.00 R: nan F1: nan
2026-05-05 18:31:30 | DEBUG   | dpfl.core.base_simulator | Update norms — honest: ['0.04', '0.04', '0.04', '0.04', '0.04'], attacker: ['0.04', '0.04', '0.04', '0.04', '0.04']
2026-05-05 18:31:30 | DEBUG   | dpfl.algorithms.trust_aware.simulator | Round 29 Phase 1+2: 0.15s
2026-05-05 18:31:34 | INFO    | dpfl.core.base_simulator | Round  30/150 | Acc: 0.7708 | Loss: 0.6542 | eps_max: 1.39 eps_avg: 1.39 | P: nan R: nan F1: nan
2026-05-05 18:31:34 | DEBUG   | dpfl.core.base_simulator | Update norms — honest: ['0.04', '0.04', '0.04', '0.04', '0.04'], attacker: ['0.04', '0.04', '0.04', '0.04', '0.04']
2026-05-05 18:31:35 | DEBUG   | dpfl.algorithms.trust_aware.simulator | Round 30 Phase 1+2: 0.15s
2026-05-05 18:31:39 | INFO    | dpfl.core.base_simulator | Round  31/150 | Acc: 0.7719 | Loss: 0.6502 | eps_max: 1.43 eps_avg: 1.43 | P: 0.00 R: nan F1: nan
2026-05-05 18:31:39 | DEBUG   | dpfl.core.base_simulator | Update norms — honest: ['0.04', '0.04', '0.04', '0.04', '0.04'], attacker: ['0.04', '0.04', '0.04', '0.04', '0.04']
2026-05-05 18:31:39 | DEBUG   | dpfl.algorithms.trust_aware.simulator | Round 31 Phase 1+2: 0.15s
2026-05-05 18:31:44 | INFO    | dpfl.core.base_simulator | Round  32/150 | Acc: 0.7732 | Loss: 0.6460 | eps_max: 1.47 eps_avg: 1.47 | P: 0.00 R: nan F1: nan
2026-05-05 18:31:44 | DEBUG   | dpfl.core.base_simulator | Update norms — honest: ['0.04', '0.04', '0.04', '0.03', '0.05'], attacker: ['0.04', '0.04', '0.04', '0.04', '0.04']
2026-05-05 18:31:44 | DEBUG   | dpfl.algorithms.trust_aware.simulator | Round 32 Phase 1+2: 0.18s
2026-05-05 18:31:49 | INFO    | dpfl.core.base_simulator | Round  33/150 | Acc: 0.7741 | Loss: 0.6425 | eps_max: 1.51 eps_avg: 1.51 | P: 0.00 R: nan F1: nan
2026-05-05 18:31:49 | DEBUG   | dpfl.core.base_simulator | Update norms — honest: ['0.04', '0.04', '0.04', '0.04', '0.04'], attacker: ['0.04', '0.05', '0.04', '0.04', '0.04']
2026-05-05 18:31:49 | DEBUG   | dpfl.algorithms.trust_aware.simulator | Round 33 Phase 1+2: 0.45s
2026-05-05 18:31:54 | INFO    | dpfl.core.base_simulator | Round  34/150 | Acc: 0.7752 | Loss: 0.6390 | eps_max: 1.56 eps_avg: 1.56 | P: 0.00 R: nan F1: nan
2026-05-05 18:31:54 | DEBUG   | dpfl.core.base_simulator | Update norms — honest: ['0.04', '0.04', '0.04', '0.03', '0.04'], attacker: ['0.04', '0.04', '0.04', '0.04', '0.04']
2026-05-05 18:31:55 | DEBUG   | dpfl.algorithms.trust_aware.simulator | Round 34 Phase 1+2: 0.71s
2026-05-05 18:32:04 | INFO    | dpfl.core.base_simulator | Round  35/150 | Acc: 0.7762 | Loss: 0.6357 | eps_max: 1.60 eps_avg: 1.60 | P: 0.00 R: nan F1: nan
2026-05-05 18:32:04 | DEBUG   | dpfl.core.base_simulator | Update norms — honest: ['0.03', '0.04', '0.04', '0.04', '0.04'], attacker: ['0.04', '0.04', '0.04', '0.04', '0.04']
2026-05-05 18:32:04 | DEBUG   | dpfl.algorithms.trust_aware.simulator | Round 35 Phase 1+2: 0.68s
2026-05-05 18:32:15 | INFO    | dpfl.core.base_simulator | Round  36/150 | Acc: 0.7771 | Loss: 0.6325 | eps_max: 1.63 eps_avg: 1.63 | P: 0.00 R: nan F1: nan
2026-05-05 18:32:15 | DEBUG   | dpfl.core.base_simulator | Update norms — honest: ['0.04', '0.04', '0.04', '0.04', '0.04'], attacker: ['0.04', '0.04', '0.04', '0.04', '0.04']
2026-05-05 18:32:15 | DEBUG   | dpfl.algorithms.trust_aware.simulator | Round 36 Phase 1+2: 0.16s
2026-05-05 18:32:24 | INFO    | dpfl.core.base_simulator | Round  37/150 | Acc: 0.7777 | Loss: 0.6300 | eps_max: 1.67 eps_avg: 1.67 | P: 0.00 R: nan F1: nan
2026-05-05 18:32:24 | DEBUG   | dpfl.core.base_simulator | Update norms — honest: ['0.03', '0.03', '0.04', '0.04', '0.04'], attacker: ['0.04', '0.04', '0.03', '0.04', '0.04']
2026-05-05 18:32:24 | DEBUG   | dpfl.algorithms.trust_aware.simulator | Round 37 Phase 1+2: 0.17s
2026-05-05 18:32:32 | INFO    | dpfl.core.base_simulator | Round  38/150 | Acc: 0.7787 | Loss: 0.6274 | eps_max: 1.70 eps_avg: 1.70 | P: nan R: nan F1: nan
2026-05-05 18:32:32 | DEBUG   | dpfl.core.base_simulator | Update norms — honest: ['0.04', '0.03', '0.04', '0.03', '0.04'], attacker: ['0.03', '0.04', '0.03', '0.04', '0.04']
2026-05-05 18:32:32 | DEBUG   | dpfl.algorithms.trust_aware.simulator | Round 38 Phase 1+2: 0.15s
2026-05-05 18:32:38 | INFO    | dpfl.core.base_simulator | Round  39/150 | Acc: 0.7793 | Loss: 0.6248 | eps_max: 1.74 eps_avg: 1.74 | P: 0.00 R: nan F1: nan
2026-05-05 18:32:38 | DEBUG   | dpfl.core.base_simulator | Update norms — honest: ['0.04', '0.04', '0.03', '0.03', '0.04'], attacker: ['0.04', '0.04', '0.04', '0.04', '0.04']
2026-05-05 18:32:39 | DEBUG   | dpfl.algorithms.trust_aware.simulator | Round 39 Phase 1+2: 0.15s
2026-05-05 18:32:44 | INFO    | dpfl.core.base_simulator | Round  40/150 | Acc: 0.7802 | Loss: 0.6222 | eps_max: 1.78 eps_avg: 1.78 | P: 0.00 R: nan F1: nan
2026-05-05 18:32:44 | DEBUG   | dpfl.core.base_simulator | Update norms — honest: ['0.04', '0.04', '0.04', '0.04', '0.04'], attacker: ['0.03', '0.04', '0.03', '0.04', '0.04']
2026-05-05 18:32:44 | DEBUG   | dpfl.algorithms.trust_aware.simulator | Round 40 Phase 1+2: 0.15s
2026-05-05 18:32:49 | INFO    | dpfl.core.base_simulator | Round  41/150 | Acc: 0.7809 | Loss: 0.6200 | eps_max: 1.82 eps_avg: 1.82 | P: 0.00 R: nan F1: nan
2026-05-05 18:32:49 | DEBUG   | dpfl.core.base_simulator | Update norms — honest: ['0.04', '0.03', '0.04', '0.03', '0.03'], attacker: ['0.04', '0.03', '0.03', '0.04', '0.04']
2026-05-05 18:32:49 | DEBUG   | dpfl.algorithms.trust_aware.simulator | Round 41 Phase 1+2: 0.15s
2026-05-05 18:32:54 | INFO    | dpfl.core.base_simulator | Round  42/150 | Acc: 0.7818 | Loss: 0.6175 | eps_max: 1.86 eps_avg: 1.86 | P: 0.00 R: nan F1: nan
2026-05-05 18:32:54 | DEBUG   | dpfl.core.base_simulator | Update norms — honest: ['0.03', '0.03', '0.04', '0.04', '0.04'], attacker: ['0.03', '0.04', '0.03', '0.03', '0.03']
2026-05-05 18:32:54 | DEBUG   | dpfl.algorithms.trust_aware.simulator | Round 42 Phase 1+2: 0.15s
2026-05-05 18:33:00 | INFO    | dpfl.core.base_simulator | Round  43/150 | Acc: 0.7821 | Loss: 0.6158 | eps_max: 1.90 eps_avg: 1.90 | P: 0.00 R: nan F1: nan
2026-05-05 18:33:00 | DEBUG   | dpfl.core.base_simulator | Update norms — honest: ['0.03', '0.03', '0.04', '0.03', '0.03'], attacker: ['0.03', '0.04', '0.03', '0.03', '0.03']
2026-05-05 18:33:00 | DEBUG   | dpfl.algorithms.trust_aware.simulator | Round 43 Phase 1+2: 0.15s
2026-05-05 18:33:05 | INFO    | dpfl.core.base_simulator | Round  44/150 | Acc: 0.7829 | Loss: 0.6135 | eps_max: 1.95 eps_avg: 1.95 | P: 0.00 R: nan F1: nan
2026-05-05 18:33:05 | DEBUG   | dpfl.core.base_simulator | Update norms — honest: ['0.03', '0.03', '0.03', '0.04', '0.03'], attacker: ['0.04', '0.03', '0.04', '0.04', '0.03']
2026-05-05 18:33:05 | DEBUG   | dpfl.algorithms.trust_aware.simulator | Round 44 Phase 1+2: 0.15s
2026-05-05 18:33:11 | INFO    | dpfl.core.base_simulator | Round  45/150 | Acc: 0.7834 | Loss: 0.6117 | eps_max: 2.00 eps_avg: 2.00 | P: 0.00 R: nan F1: nan
2026-05-05 18:33:11 | DEBUG   | dpfl.core.base_simulator | Update norms — honest: ['0.04', '0.03', '0.04', '0.03', '0.04'], attacker: ['0.03', '0.03', '0.03', '0.03', '0.03']
2026-05-05 18:33:11 | DEBUG   | dpfl.algorithms.trust_aware.simulator | Round 45 Phase 1+2: 0.15s
2026-05-05 18:33:19 | INFO    | dpfl.core.base_simulator | Round  46/150 | Acc: 0.7841 | Loss: 0.6099 | eps_max: 2.04 eps_avg: 2.04 | P: 0.00 R: nan F1: nan
2026-05-05 18:33:19 | DEBUG   | dpfl.core.base_simulator | Update norms — honest: ['0.03', '0.03', '0.04', '0.03', '0.03'], attacker: ['0.03', '0.03', '0.03', '0.04', '0.03']
2026-05-05 18:33:19 | DEBUG   | dpfl.algorithms.trust_aware.simulator | Round 46 Phase 1+2: 0.14s
2026-05-05 18:33:30 | INFO    | dpfl.core.base_simulator | Round  47/150 | Acc: 0.7847 | Loss: 0.6081 | eps_max: 2.08 eps_avg: 2.08 | P: 0.00 R: nan F1: nan
2026-05-05 18:33:30 | DEBUG   | dpfl.core.base_simulator | Update norms — honest: ['0.03', '0.03', '0.04', '0.03', '0.03'], attacker: ['0.03', '0.04', '0.03', '0.04', '0.03']
2026-05-05 18:33:30 | DEBUG   | dpfl.algorithms.trust_aware.simulator | Round 47 Phase 1+2: 0.70s
2026-05-05 18:33:40 | INFO    | dpfl.core.base_simulator | Round  48/150 | Acc: 0.7853 | Loss: 0.6065 | eps_max: 2.11 eps_avg: 2.11 | P: 0.00 R: nan F1: nan
2026-05-05 18:33:40 | DEBUG   | dpfl.core.base_simulator | Update norms — honest: ['0.04', '0.03', '0.03', '0.04', '0.03'], attacker: ['0.03', '0.04', '0.03', '0.03', '0.03']
2026-05-05 18:33:40 | DEBUG   | dpfl.algorithms.trust_aware.simulator | Round 48 Phase 1+2: 0.67s
2026-05-05 18:33:46 | INFO    | dpfl.core.base_simulator | Round  49/150 | Acc: 0.7858 | Loss: 0.6049 | eps_max: 2.15 eps_avg: 2.15 | P: 0.00 R: nan F1: nan
2026-05-05 18:33:46 | DEBUG   | dpfl.core.base_simulator | Update norms — honest: ['0.03', '0.03', '0.03', '0.03', '0.03'], attacker: ['0.03', '0.03', '0.03', '0.04', '0.03']
2026-05-05 18:33:47 | DEBUG   | dpfl.algorithms.trust_aware.simulator | Round 49 Phase 1+2: 0.15s
2026-05-05 18:33:53 | INFO    | dpfl.core.base_simulator | Round  50/150 | Acc: 0.7863 | Loss: 0.6034 | eps_max: 2.19 eps_avg: 2.19 | P: 0.00 R: nan F1: nan
2026-05-05 18:33:53 | DEBUG   | dpfl.core.base_simulator | Update norms — honest: ['0.03', '0.03', '0.03', '0.03', '0.04'], attacker: ['0.03', '0.03', '0.03', '0.03', '0.04']
2026-05-05 18:33:53 | DEBUG   | dpfl.algorithms.trust_aware.simulator | Round 50 Phase 1+2: 0.13s
2026-05-05 18:33:58 | INFO    | dpfl.core.base_simulator | Round  51/150 | Acc: 0.7867 | Loss: 0.6021 | eps_max: 2.22 eps_avg: 2.22 | P: 0.86 R: 0.81 F1: 0.89
2026-05-05 18:33:58 | DEBUG   | dpfl.core.base_simulator | Update norms — honest: ['0.04', '0.04', '0.03', '0.03', '0.03'], attacker: ['0.16', '0.16', '0.16', '0.18', '0.16']
2026-05-05 18:33:58 | DEBUG   | dpfl.algorithms.trust_aware.simulator | Round 51 Phase 1+2: 0.13s
2026-05-05 18:34:03 | INFO    | dpfl.core.base_simulator | Round  52/150 | Acc: 0.7872 | Loss: 0.6007 | eps_max: 2.26 eps_avg: 2.26 | P: 0.83 R: 0.64 F1: 0.77
2026-05-05 18:34:03 | DEBUG   | dpfl.core.base_simulator | Update norms — honest: ['0.03', '0.03', '0.03', '0.03', '0.03'], attacker: ['0.16', '0.22', '0.18', '0.20', '0.27']
2026-05-05 18:34:04 | DEBUG   | dpfl.algorithms.trust_aware.simulator | Round 52 Phase 1+2: 0.47s
2026-05-05 18:34:10 | INFO    | dpfl.core.base_simulator | Round  53/150 | Acc: 0.7875 | Loss: 0.5997 | eps_max: 2.30 eps_avg: 2.30 | P: 0.86 R: 0.34 F1: 0.56
2026-05-05 18:34:10 | DEBUG   | dpfl.core.base_simulator | Update norms — honest: ['0.03', '0.03', '0.03', '0.03', '0.04'], attacker: ['0.32', '0.46', '0.33', '0.40', '0.55']
2026-05-05 18:34:10 | DEBUG   | dpfl.algorithms.trust_aware.simulator | Round 53 Phase 1+2: 0.47s
2026-05-05 18:34:21 | INFO    | dpfl.core.base_simulator | Round  54/150 | Acc: 0.7875 | Loss: 0.5996 | eps_max: 2.34 eps_avg: 2.34 | P: 0.91 R: 0.23 F1: 0.38
2026-05-05 18:34:21 | DEBUG   | dpfl.core.base_simulator | Update norms — honest: ['0.03', '0.03', '0.03', '0.03', '0.04'], attacker: ['0.78', '1.14', '0.76', '1.02', '1.31']
2026-05-05 18:34:21 | DEBUG   | dpfl.algorithms.trust_aware.simulator | Round 54 Phase 1+2: 0.50s
2026-05-05 18:34:33 | INFO    | dpfl.core.base_simulator | Round  55/150 | Acc: 0.7873 | Loss: 0.6008 | eps_max: 2.39 eps_avg: 2.39 | P: 0.82 R: 0.25 F1: 0.38
2026-05-05 18:34:33 | DEBUG   | dpfl.core.base_simulator | Update norms — honest: ['0.03', '0.03', '0.03', '0.03', '0.03'], attacker: ['2.04', '2.86', '1.79', '2.57', '2.24']
2026-05-05 18:34:33 | DEBUG   | dpfl.algorithms.trust_aware.simulator | Round 55 Phase 1+2: 0.13s
2026-05-05 18:34:43 | INFO    | dpfl.core.base_simulator | Round  56/150 | Acc: 0.7870 | Loss: 0.6014 | eps_max: 2.43 eps_avg: 2.43 | P: 0.74 R: 0.21 F1: 0.34
2026-05-05 18:34:43 | DEBUG   | dpfl.core.base_simulator | Update norms — honest: ['0.03', '0.03', '0.03', '0.04', '0.03'], attacker: ['4.68', '5.28', '4.22', '5.85', '4.62']
2026-05-05 18:34:43 | DEBUG   | dpfl.algorithms.trust_aware.simulator | Round 56 Phase 1+2: 0.13s
2026-05-05 18:34:49 | INFO    | dpfl.core.base_simulator | Round  57/150 | Acc: 0.7878 | Loss: 0.6005 | eps_max: 2.48 eps_avg: 2.48 | P: 0.80 R: 0.28 F1: 0.49
2026-05-05 18:34:49 | DEBUG   | dpfl.core.base_simulator | Update norms — honest: ['0.03', '0.03', '0.03', '0.04', '0.03'], attacker: ['10.67', '11.28', '9.68', '13.19', '10.51']
2026-05-05 18:34:49 | DEBUG   | dpfl.algorithms.trust_aware.simulator | Round 57 Phase 1+2: 0.13s
2026-05-05 18:34:55 | INFO    | dpfl.core.base_simulator | Round  58/150 | Acc: 0.7870 | Loss: 0.6061 | eps_max: 2.52 eps_avg: 2.52 | P: 0.89 R: 0.83 F1: 0.89
2026-05-05 18:34:55 | DEBUG   | dpfl.core.base_simulator | Update norms — honest: ['0.03', '0.03', '0.04', '0.03', '0.03'], attacker: ['24.79', '24.62', '23.54', '30.50', '25.40']
2026-05-05 18:34:55 | DEBUG   | dpfl.algorithms.trust_aware.simulator | Round 58 Phase 1+2: 0.15s
2026-05-05 18:35:01 | INFO    | dpfl.core.base_simulator | Round  59/150 | Acc: 0.7892 | Loss: 0.5949 | eps_max: 2.57 eps_avg: 2.57 | P: 0.79 R: 0.98 F1: 0.98
2026-05-05 18:35:01 | DEBUG   | dpfl.core.base_simulator | Update norms — honest: ['0.03', '0.03', '0.03', '0.03', '0.04'], attacker: ['59.73', '55.33', '58.43', '71.97', '60.64']
2026-05-05 18:35:01 | DEBUG   | dpfl.algorithms.trust_aware.simulator | Round 59 Phase 1+2: 0.13s
2026-05-05 18:35:06 | INFO    | dpfl.core.base_simulator | Round  60/150 | Acc: 0.7891 | Loss: 0.5963 | eps_max: 2.62 eps_avg: 2.62 | P: 1.00 R: 1.00 F1: 1.00
2026-05-05 18:35:06 | DEBUG   | dpfl.core.base_simulator | Update norms — honest: ['0.07', '0.03', '0.03', '0.04', '0.03'], attacker: ['146.46', '125.81', '150.06', '173.72', '146.52']
2026-05-05 18:35:07 | DEBUG   | dpfl.algorithms.trust_aware.simulator | Round 60 Phase 1+2: 0.13s
2026-05-05 18:35:13 | INFO    | dpfl.core.base_simulator | Round  61/150 | Acc: 0.7892 | Loss: 0.6005 | eps_max: 2.67 eps_avg: 2.67 | P: 0.91 R: 1.00 F1: 1.00
2026-05-05 18:35:13 | DEBUG   | dpfl.core.base_simulator | Update norms — honest: ['0.25', '0.03', '0.03', '0.03', '0.03'], attacker: ['358.14', '293.89', '390.55', '423.39', '357.01']
2026-05-05 18:35:13 | DEBUG   | dpfl.algorithms.trust_aware.simulator | Round 61 Phase 1+2: 0.14s
2026-05-05 18:35:19 | INFO    | dpfl.core.base_simulator | Round  62/150 | Acc: 0.7902 | Loss: 0.5926 | eps_max: 2.73 eps_avg: 2.73 | P: 0.82 R: 1.00 F1: 1.00
2026-05-05 18:35:19 | DEBUG   | dpfl.core.base_simulator | Update norms — honest: ['0.03', '0.03', '0.03', '0.03', '0.03'], attacker: ['892.17', '716.90', '1005.81', '1034.62', '875.84']
2026-05-05 18:35:19 | DEBUG   | dpfl.algorithms.trust_aware.simulator | Round 62 Phase 1+2: 0.13s
2026-05-05 18:35:25 | INFO    | dpfl.core.base_simulator | Round  63/150 | Acc: 0.7907 | Loss: 0.5912 | eps_max: 2.78 eps_avg: 2.78 | P: 0.73 R: 1.00 F1: 0.99
2026-05-05 18:35:25 | DEBUG   | dpfl.core.base_simulator | Update norms — honest: ['0.03', '0.03', '0.03', '0.03', '0.03'], attacker: ['2243.89', '1766.50', '2535.10', '2534.47', '2170.03']
2026-05-05 18:35:25 | DEBUG   | dpfl.algorithms.trust_aware.simulator | Round 63 Phase 1+2: 0.13s
2026-05-05 18:35:31 | INFO    | dpfl.core.base_simulator | Round  64/150 | Acc: 0.7910 | Loss: 0.5907 | eps_max: 2.84 eps_avg: 2.84 | P: 0.75 R: 1.00 F1: 0.99
2026-05-05 18:35:31 | DEBUG   | dpfl.core.base_simulator | Update norms — honest: ['0.03', '0.03', '0.04', '0.03', '0.04'], attacker: ['5666.49', '4348.03', '6367.66', '6239.29', '5380.63']
2026-05-05 18:35:31 | DEBUG   | dpfl.algorithms.trust_aware.simulator | Round 64 Phase 1+2: 0.14s
2026-05-05 18:35:37 | INFO    | dpfl.core.base_simulator | Round  65/150 | Acc: 0.7913 | Loss: 0.5905 | eps_max: 2.88 eps_avg: 2.88 | P: 0.99 R: 1.00 F1: 0.99
2026-05-05 18:35:37 | DEBUG   | dpfl.core.base_simulator | Update norms — honest: ['0.03', '0.03', '0.03', '0.03', '0.03'], attacker: ['14502.59', '10740.72', '15702.49', '15317.98', '13297.39']
2026-05-05 18:35:38 | DEBUG   | dpfl.algorithms.trust_aware.simulator | Round 65 Phase 1+2: 0.13s
2026-05-05 18:35:44 | INFO    | dpfl.core.base_simulator | Round  66/150 | Acc: 0.7917 | Loss: 0.5899 | eps_max: 2.91 eps_avg: 2.91 | P: 1.00 R: 1.00 F1: 1.00
2026-05-05 18:35:44 | DEBUG   | dpfl.core.base_simulator | Update norms — honest: ['0.03', '0.03', '0.03', '0.03', '0.03'], attacker: ['37773.37', '26481.59', '39772.09', '37682.12', '33084.97']
2026-05-05 18:35:44 | DEBUG   | dpfl.algorithms.trust_aware.simulator | Round 66 Phase 1+2: 0.13s
2026-05-05 18:35:50 | INFO    | dpfl.core.base_simulator | Round  67/150 | Acc: 0.7920 | Loss: 0.5889 | eps_max: 2.95 eps_avg: 2.95 | P: 1.00 R: 1.00 F1: 1.00
2026-05-05 18:35:50 | DEBUG   | dpfl.core.base_simulator | Update norms — honest: ['0.03', '0.03', '0.03', '0.03', '0.03'], attacker: ['97062.80', '65306.57', '97492.04', '92895.67', '82336.96']
2026-05-05 18:35:50 | DEBUG   | dpfl.algorithms.trust_aware.simulator | Round 67 Phase 1+2: 0.13s
2026-05-05 18:35:57 | INFO    | dpfl.core.base_simulator | Round  68/150 | Acc: 0.7921 | Loss: 0.5881 | eps_max: 2.99 eps_avg: 2.99 | P: 0.86 R: 1.00 F1: 0.98
2026-05-05 18:35:57 | DEBUG   | dpfl.core.base_simulator | Update norms — honest: ['0.03', '0.03', '0.03', '0.05', '0.03'], attacker: ['259285.38', '161742.59', '245712.53', '228106.30', '206615.80']
2026-05-05 18:35:57 | DEBUG   | dpfl.algorithms.trust_aware.simulator | Round 68 Phase 1+2: 0.13s
2026-05-05 18:36:03 | INFO    | dpfl.core.base_simulator | Round  69/150 | Acc: 0.7922 | Loss: 0.5889 | eps_max: 3.02 eps_avg: 3.02 | P: 0.60 R: 1.00 F1: 1.00
2026-05-05 18:36:03 | DEBUG   | dpfl.core.base_simulator | Update norms — honest: ['0.03', '0.03', '0.03', '0.03', '0.03'], attacker: ['680613.06', '402586.62', '616248.25', '559624.38', '527377.19']
2026-05-05 18:36:04 | DEBUG   | dpfl.algorithms.trust_aware.simulator | Round 69 Phase 1+2: 0.46s
2026-05-05 18:36:11 | INFO    | dpfl.core.base_simulator | Round  70/150 | Acc: 0.7927 | Loss: 0.5870 | eps_max: 3.06 eps_avg: 3.06 | P: 1.00 R: 1.00 F1: 1.00
2026-05-05 18:36:11 | DEBUG   | dpfl.core.base_simulator | Update norms — honest: ['0.03', '0.03', '0.03', '0.02', '0.03'], attacker: ['1753234.00', '1006471.31', '1559751.12', '1376327.12', '1336477.38']
2026-05-05 18:36:12 | DEBUG   | dpfl.algorithms.trust_aware.simulator | Round 70 Phase 1+2: 0.46s
2026-05-05 18:36:24 | INFO    | dpfl.core.base_simulator | Round  71/150 | Acc: 0.7930 | Loss: 0.5862 | eps_max: 3.10 eps_avg: 3.10 | P: 0.71 R: 1.00 F1: 1.00
2026-05-05 18:36:24 | DEBUG   | dpfl.core.base_simulator | Update norms — honest: ['0.03', '0.03', '0.03', '0.03', '0.04'], attacker: ['4270829.00', '2504240.00', '3866523.75', '3390609.50', '3465984.00']
2026-05-05 18:36:25 | DEBUG   | dpfl.algorithms.trust_aware.simulator | Round 71 Phase 1+2: 0.48s
2026-05-05 18:36:37 | INFO    | dpfl.core.base_simulator | Round  72/150 | Acc: 0.7928 | Loss: 0.5868 | eps_max: 3.14 eps_avg: 3.14 | P: 0.89 R: 1.00 F1: 1.00
2026-05-05 18:36:37 | DEBUG   | dpfl.core.base_simulator | Update norms — honest: ['0.03', '0.04', '0.03', '0.02', '0.03'], attacker: ['10841067.00', '6252093.50', '9528622.00', '8368089.00', '8916752.00']
2026-05-05 18:36:37 | DEBUG   | dpfl.algorithms.trust_aware.simulator | Round 72 Phase 1+2: 0.13s
2026-05-05 18:36:49 | INFO    | dpfl.core.base_simulator | Round  73/150 | Acc: 0.7932 | Loss: 0.5860 | eps_max: 3.18 eps_avg: 3.18 | P: 0.67 R: 1.00 F1: 1.00
2026-05-05 18:36:49 | DEBUG   | dpfl.core.base_simulator | Update norms — honest: ['0.04', '0.03', '0.03', '0.03', '0.03'], attacker: ['26752424.00', '15741076.00', '23641796.00', '20688602.00', '23601324.00']
2026-05-05 18:36:50 | DEBUG   | dpfl.algorithms.trust_aware.simulator | Round 73 Phase 1+2: 0.51s
2026-05-05 18:37:00 | INFO    | dpfl.core.base_simulator | Round  74/150 | Acc: 0.7935 | Loss: 0.5851 | eps_max: 3.23 eps_avg: 3.23 | P: 0.91 R: 1.00 F1: 1.00
2026-05-05 18:37:00 | DEBUG   | dpfl.core.base_simulator | Update norms — honest: ['0.03', '0.03', '0.04', '0.03', '0.03'], attacker: ['67823416.00', '39793384.00', '60538608.00', '51285332.00', '62428564.00']
2026-05-05 18:37:01 | DEBUG   | dpfl.algorithms.trust_aware.simulator | Round 74 Phase 1+2: 0.47s
2026-05-05 18:37:12 | INFO    | dpfl.core.base_simulator | Round  75/150 | Acc: 0.7936 | Loss: 0.5852 | eps_max: 3.27 eps_avg: 3.27 | P: 0.88 R: 1.00 F1: 1.00
2026-05-05 18:37:12 | DEBUG   | dpfl.core.base_simulator | Update norms — honest: ['0.03', '0.03', '0.03', '0.03', '0.03'], attacker: ['168470960.00', '101953072.00', '149233056.00', '127569880.00', '160826672.00']
2026-05-05 18:37:13 | DEBUG   | dpfl.algorithms.trust_aware.simulator | Round 75 Phase 1+2: 0.23s
2026-05-05 18:37:25 | INFO    | dpfl.core.base_simulator | Round  76/150 | Acc: 0.7935 | Loss: 0.5858 | eps_max: 3.31 eps_avg: 3.31 | P: 0.91 R: 1.00 F1: 1.00
2026-05-05 18:37:25 | DEBUG   | dpfl.core.base_simulator | Update norms — honest: ['0.03', '0.03', '0.03', '0.03', '0.02'], attacker: ['426051552.00', '263457488.00', '374283808.00', '317012960.00', '406363968.00']
2026-05-05 18:37:25 | DEBUG   | dpfl.algorithms.trust_aware.simulator | Round 76 Phase 1+2: 0.13s
2026-05-05 18:37:38 | INFO    | dpfl.core.base_simulator | Round  77/150 | Acc: 0.7942 | Loss: 0.5840 | eps_max: 3.36 eps_avg: 3.36 | P: 0.88 R: 1.00 F1: 1.00
2026-05-05 18:37:38 | DEBUG   | dpfl.core.base_simulator | Update norms — honest: ['0.03', '0.03', '0.03', '0.03', '0.04'], attacker: ['1052577216.00', '685411520.00', '948411264.00', '797629376.00', '1008846208.00']
2026-05-05 18:37:38 | DEBUG   | dpfl.algorithms.trust_aware.simulator | Round 77 Phase 1+2: 0.13s
2026-05-05 18:37:50 | INFO    | dpfl.core.base_simulator | Round  78/150 | Acc: 0.7941 | Loss: 0.5845 | eps_max: 3.40 eps_avg: 3.40 | P: 0.74 R: 1.00 F1: 0.99
2026-05-05 18:37:50 | DEBUG   | dpfl.core.base_simulator | Update norms — honest: ['0.03', '0.03', '0.02', '0.03', '0.03'], attacker: ['2660913152.00', '1781137920.00', '2307933440.00', '1998590848.00', '2540111104.00']
2026-05-05 18:37:50 | DEBUG   | dpfl.algorithms.trust_aware.simulator | Round 78 Phase 1+2: 0.13s
2026-05-05 18:38:02 | INFO    | dpfl.core.base_simulator | Round  79/150 | Acc: 0.7943 | Loss: 0.5841 | eps_max: 3.45 eps_avg: 3.45 | P: 1.00 R: 1.00 F1: 1.00
2026-05-05 18:38:02 | DEBUG   | dpfl.core.base_simulator | Update norms — honest: ['0.04', '0.03', '0.02', '0.03', '0.03'], attacker: ['6622875136.00', '4785161216.00', '5748332032.00', '5032010240.00', '6387338240.00']
2026-05-05 18:38:02 | DEBUG   | dpfl.algorithms.trust_aware.simulator | Round 79 Phase 1+2: 0.13s
2026-05-05 18:38:13 | INFO    | dpfl.core.base_simulator | Round  80/150 | Acc: 0.7945 | Loss: 0.5837 | eps_max: 3.50 eps_avg: 3.50 | P: 0.98 R: 1.00 F1: 0.99
2026-05-05 18:38:13 | DEBUG   | dpfl.core.base_simulator | Update norms — honest: ['0.03', '0.03', '0.03', '0.03', '0.03'], attacker: ['16612525056.00', '11924055040.00', '14721344512.00', '12919248896.00', '16133066752.00']
2026-05-05 18:38:13 | DEBUG   | dpfl.algorithms.trust_aware.simulator | Round 80 Phase 1+2: 0.13s
2026-05-05 18:38:22 | INFO    | dpfl.core.base_simulator | Round  81/150 | Acc: 0.7945 | Loss: 0.5840 | eps_max: 3.55 eps_avg: 3.55 | P: 0.93 R: 1.00 F1: 1.00
2026-05-05 18:38:22 | DEBUG   | dpfl.core.base_simulator | Update norms — honest: ['0.03', '0.03', '0.04', '0.03', '0.03'], attacker: ['40826163200.00', '29880086528.00', '36362956800.00', '33407021056.00', '40182763520.00']
2026-05-05 18:38:22 | DEBUG   | dpfl.algorithms.trust_aware.simulator | Round 81 Phase 1+2: 0.13s
2026-05-05 18:38:31 | INFO    | dpfl.core.base_simulator | Round  82/150 | Acc: 0.7947 | Loss: 0.5839 | eps_max: 3.60 eps_avg: 3.60 | P: 0.97 R: 1.00 F1: 0.98
2026-05-05 18:38:31 | DEBUG   | dpfl.core.base_simulator | Update norms — honest: ['0.03', '0.03', '0.03', '0.03', '0.03'], attacker: ['104614789120.00', '71503683584.00', '90265485312.00', '87178371072.00', '100832739328.00']
2026-05-05 18:38:31 | DEBUG   | dpfl.algorithms.trust_aware.simulator | Round 82 Phase 1+2: 0.13s
2026-05-05 18:38:39 | INFO    | dpfl.core.base_simulator | Round  83/150 | Acc: 0.7950 | Loss: 0.5830 | eps_max: 3.65 eps_avg: 3.65 | P: 1.00 R: 1.00 F1: 1.00
2026-05-05 18:38:39 | DEBUG   | dpfl.core.base_simulator | Update norms — honest: ['0.03', '0.03', '0.03', '0.03', '0.04'], attacker: ['261520130048.00', '190562648064.00', '226157543424.00', '229573001216.00', '247270735872.00']
2026-05-05 18:38:39 | DEBUG   | dpfl.algorithms.trust_aware.simulator | Round 83 Phase 1+2: 0.13s
2026-05-05 18:38:47 | INFO    | dpfl.core.base_simulator | Round  84/150 | Acc: 0.7949 | Loss: 0.5841 | eps_max: 3.71 eps_avg: 3.71 | P: 0.89 R: 1.00 F1: 1.00
2026-05-05 18:38:47 | DEBUG   | dpfl.core.base_simulator | Update norms — honest: ['0.03', '0.03', '0.04', '0.03', '0.03'], attacker: ['654724759552.00', '470809444352.00', '564586545152.00', '606825807872.00', '626865012736.00']
2026-05-05 18:38:47 | DEBUG   | dpfl.algorithms.trust_aware.simulator | Round 84 Phase 1+2: 0.13s
2026-05-05 18:38:55 | INFO    | dpfl.core.base_simulator | Round  85/150 | Acc: 0.7949 | Loss: 0.5842 | eps_max: 3.76 eps_avg: 3.76 | P: 0.89 R: 1.00 F1: 1.00
2026-05-05 18:38:55 | DEBUG   | dpfl.core.base_simulator | Update norms — honest: ['0.03', '0.03', '0.02', '0.02', '0.02'], attacker: ['1607026737152.00', '1170342281216.00', '1430264872960.00', '1447519715328.00', '1568635879424.00']
2026-05-05 18:38:55 | DEBUG   | dpfl.algorithms.trust_aware.simulator | Round 85 Phase 1+2: 0.13s
2026-05-05 18:39:02 | INFO    | dpfl.core.base_simulator | Round  86/150 | Acc: 0.7951 | Loss: 0.5839 | eps_max: 3.82 eps_avg: 3.82 | P: 0.62 R: 1.00 F1: 1.00
2026-05-05 18:39:02 | DEBUG   | dpfl.core.base_simulator | Update norms — honest: ['0.02', '0.03', '0.03', '0.02', '0.03'], attacker: ['4116162281472.00', '2834890227712.00', '3535364685824.00', '3764609089536.00', '3940835655680.00']
2026-05-05 18:39:03 | DEBUG   | dpfl.algorithms.trust_aware.simulator | Round 86 Phase 1+2: 0.13s
2026-05-05 18:39:10 | INFO    | dpfl.core.base_simulator | Round  87/150 | Acc: 0.7954 | Loss: 0.5828 | eps_max: 3.87 eps_avg: 3.87 | P: 1.00 R: 1.00 F1: 1.00
2026-05-05 18:39:10 | DEBUG   | dpfl.core.base_simulator | Update norms — honest: ['0.03', '0.03', '0.03', '0.03', '0.03'], attacker: ['10040234737664.00', '7534922956800.00', '8878527873024.00', '9309339516928.00', '9693208510464.00']
2026-05-05 18:39:11 | DEBUG   | dpfl.algorithms.trust_aware.simulator | Round 87 Phase 1+2: 0.13s
2026-05-05 18:39:18 | INFO    | dpfl.core.base_simulator | Round  88/150 | Acc: 0.7957 | Loss: 0.5830 | eps_max: 3.92 eps_avg: 3.92 | P: 0.80 R: 1.00 F1: 1.00
2026-05-05 18:39:18 | DEBUG   | dpfl.core.base_simulator | Update norms — honest: ['0.03', '0.04', '0.02', '0.03', '0.03'], attacker: ['25668364533760.00', '18555026276352.00', '22310763364352.00', '23094947217408.00', '25052714106880.00']
2026-05-05 18:39:18 | DEBUG   | dpfl.algorithms.trust_aware.simulator | Round 88 Phase 1+2: 0.12s
2026-05-05 18:39:26 | INFO    | dpfl.core.base_simulator | Round  89/150 | Acc: 0.7958 | Loss: 0.5827 | eps_max: 3.96 eps_avg: 3.96 | P: 0.67 R: 1.00 F1: 1.00
2026-05-05 18:39:26 | DEBUG   | dpfl.core.base_simulator | Update norms — honest: ['0.02', '0.03', '0.03', '0.03', '0.03'], attacker: ['63582666489856.00', '46220416385024.00', '54958292467712.00', '57884050194432.00', '60686705098752.00']
2026-05-05 18:39:26 | DEBUG   | dpfl.algorithms.trust_aware.simulator | Round 89 Phase 1+2: 0.13s
2026-05-05 18:39:33 | INFO    | dpfl.core.base_simulator | Round  90/150 | Acc: 0.7958 | Loss: 0.5830 | eps_max: 4.00 eps_avg: 4.00 | P: 0.99 R: 1.00 F1: 0.99
2026-05-05 18:39:33 | DEBUG   | dpfl.core.base_simulator | Update norms — honest: ['0.03', '0.02', '0.03', '0.02', '0.03'], attacker: ['159819038195712.00', '115678526832640.00', '137598345412608.00', '146515913867264.00', '152702059282432.00']
2026-05-05 18:39:33 | DEBUG   | dpfl.algorithms.trust_aware.simulator | Round 90 Phase 1+2: 0.13s
2026-05-05 18:39:41 | INFO    | dpfl.core.base_simulator | Round  91/150 | Acc: 0.7957 | Loss: 0.5836 | eps_max: 4.05 eps_avg: 4.05 | P: 0.87 R: 1.00 F1: 0.99
2026-05-05 18:39:41 | DEBUG   | dpfl.core.base_simulator | Update norms — honest: ['0.03', '0.03', '0.02', '0.02', '0.03'], attacker: ['399786695983104.00', '289768726331392.00', '343747439099904.00', '362084466425856.00', '381279312805888.00']
2026-05-05 18:39:41 | DEBUG   | dpfl.algorithms.trust_aware.simulator | Round 91 Phase 1+2: 0.13s
2026-05-05 18:39:49 | INFO    | dpfl.core.base_simulator | Round  92/150 | Acc: 0.7961 | Loss: 0.5827 | eps_max: 4.09 eps_avg: 4.09 | P: 1.00 R: 1.00 F1: 1.00
2026-05-05 18:39:49 | DEBUG   | dpfl.core.base_simulator | Update norms — honest: ['0.02', '0.02', '0.03', '0.02', '0.05'], attacker: ['1013472762527744.00', '727278354956288.00', '856020200980480.00', '919581086449664.00', '953241282019328.00']
2026-05-05 18:39:49 | DEBUG   | dpfl.algorithms.trust_aware.simulator | Round 92 Phase 1+2: 0.13s
2026-05-05 18:39:57 | INFO    | dpfl.core.base_simulator | Round  93/150 | Acc: 0.7959 | Loss: 0.5834 | eps_max: 4.14 eps_avg: 4.14 | P: 0.54 R: 1.00 F1: 1.00
2026-05-05 18:39:57 | DEBUG   | dpfl.core.base_simulator | Update norms — honest: ['0.02', '0.02', '0.03', '0.02', '0.03'], attacker: ['2456685054525440.00', '1825128233041920.00', '2180696227446784.00', '2290416133079040.00', '2386591993561088.00']
2026-05-05 18:39:57 | DEBUG   | dpfl.algorithms.trust_aware.simulator | Round 93 Phase 1+2: 0.13s
2026-05-05 18:40:05 | INFO    | dpfl.core.base_simulator | Round  94/150 | Acc: 0.7963 | Loss: 0.5832 | eps_max: 4.18 eps_avg: 4.18 | P: 0.77 R: 1.00 F1: 1.00
2026-05-05 18:40:05 | DEBUG   | dpfl.core.base_simulator | Update norms — honest: ['0.03', '0.03', '0.04', '0.03', '0.02'], attacker: ['6302273948876800.00', '4400736502808576.00', '5331294049271808.00', '5769064496496640.00', '5944679266779136.00']
2026-05-05 18:40:05 | DEBUG   | dpfl.algorithms.trust_aware.simulator | Round 94 Phase 1+2: 0.14s
2026-05-05 18:40:13 | INFO    | dpfl.core.base_simulator | Round  95/150 | Acc: 0.7964 | Loss: 0.5831 | eps_max: 4.23 eps_avg: 4.23 | P: 1.00 R: 1.00 F1: 1.00
2026-05-05 18:40:13 | DEBUG   | dpfl.core.base_simulator | Update norms — honest: ['0.03', '0.02', '0.02', '0.02', '0.03'], attacker: ['15573116549857280.00', '11562274225389568.00', '13304825135497216.00', '14333975535288320.00', '14957181732388864.00']
2026-05-05 18:40:14 | DEBUG   | dpfl.algorithms.trust_aware.simulator | Round 95 Phase 1+2: 0.13s
2026-05-05 18:40:22 | INFO    | dpfl.core.base_simulator | Round  96/150 | Acc: 0.7962 | Loss: 0.5834 | eps_max: 4.28 eps_avg: 4.28 | P: 0.84 R: 1.00 F1: 1.00
2026-05-05 18:40:22 | DEBUG   | dpfl.core.base_simulator | Update norms — honest: ['0.05', '0.02', '0.02', '0.02', '0.02'], attacker: ['39392009814802432.00', '28562745846661120.00', '33940822290333696.00', '35958698857725952.00', '37437490457477120.00']
2026-05-05 18:40:22 | DEBUG   | dpfl.algorithms.trust_aware.simulator | Round 96 Phase 1+2: 0.13s
2026-05-05 18:40:30 | INFO    | dpfl.core.base_simulator | Round  97/150 | Acc: 0.7963 | Loss: 0.5838 | eps_max: 4.33 eps_avg: 4.33 | P: 1.00 R: 1.00 F1: 1.00
2026-05-05 18:40:30 | DEBUG   | dpfl.core.base_simulator | Update norms — honest: ['0.03', '0.03', '0.03', '0.03', '0.03'], attacker: ['97159281291296768.00', '72295698434883584.00', '82925922881110016.00', '88765369006686208.00', '93062354937315328.00']
2026-05-05 18:40:30 | DEBUG   | dpfl.algorithms.trust_aware.simulator | Round 97 Phase 1+2: 0.13s
2026-05-05 18:40:39 | INFO    | dpfl.core.base_simulator | Round  98/150 | Acc: 0.7965 | Loss: 0.5833 | eps_max: 4.38 eps_avg: 4.38 | P: 0.90 R: 1.00 F1: 1.00
2026-05-05 18:40:39 | DEBUG   | dpfl.core.base_simulator | Update norms — honest: ['0.02', '0.02', '0.03', '0.03', '0.03'], attacker: ['248662749419143168.00', '171725213539500032.00', '208437030617612288.00', '225520950232219648.00', '232883108293115904.00']
2026-05-05 18:40:39 | DEBUG   | dpfl.algorithms.trust_aware.simulator | Round 98 Phase 1+2: 0.13s
2026-05-05 18:40:47 | INFO    | dpfl.core.base_simulator | Round  99/150 | Acc: 0.7966 | Loss: 0.5837 | eps_max: 4.43 eps_avg: 4.43 | P: 1.00 R: 1.00 F1: 1.00
2026-05-05 18:40:47 | DEBUG   | dpfl.core.base_simulator | Update norms — honest: ['0.02', '0.02', '0.03', '0.02', '0.03'], attacker: ['619051091119570944.00', '458482845405413376.00', '529372002180399104.00', '537539208911257600.00', '581128591480193024.00']
2026-05-05 18:40:47 | DEBUG   | dpfl.algorithms.trust_aware.simulator | Round 99 Phase 1+2: 0.13s
2026-05-05 18:40:56 | INFO    | dpfl.core.base_simulator | Round 100/150 | Acc: 0.7966 | Loss: 0.5842 | eps_max: 4.49 eps_avg: 4.49 | P: 1.00 R: 1.00 F1: 1.00
2026-05-05 18:40:56 | DEBUG   | dpfl.core.base_simulator | Update norms — honest: ['0.02', '0.03', '0.02', '0.03', '0.03'], attacker: ['1551814427559329792.00', '1127073498066321408.00', '1301177453472907264.00', '1420455086194163712.00', '1473401243995996160.00']
2026-05-05 18:40:56 | DEBUG   | dpfl.algorithms.trust_aware.simulator | Round 100 Phase 1+2: 0.13s
2026-05-05 18:41:04 | INFO    | dpfl.core.base_simulator | Round 101/150 | Acc: 0.7969 | Loss: 0.5838 | eps_max: 4.54 eps_avg: 4.54 | P: 0.77 R: 1.00 F1: 1.00
2026-05-05 18:41:04 | DEBUG   | dpfl.core.base_simulator | Update norms — honest: ['0.02', '0.03', '0.02', '0.02', '0.02'], attacker: ['3829351884305465344.00', '2828734455500242944.00', '3229579286469935104.00', '3435020010462904320.00', '3614264595046203392.00']
2026-05-05 18:41:04 | DEBUG   | dpfl.algorithms.trust_aware.simulator | Round 101 Phase 1+2: 0.13s
2026-05-05 18:41:13 | INFO    | dpfl.core.base_simulator | Round 102/150 | Acc: 0.7969 | Loss: 0.5841 | eps_max: 4.60 eps_avg: 4.60 | P: 1.00 R: 1.00 F1: 1.00
2026-05-05 18:41:13 | DEBUG   | dpfl.core.base_simulator | Update norms — honest: ['0.03', '0.02', '0.02', '0.03', '0.02'], attacker: ['9631253467364327424.00', '6837686341522685952.00', '8194352298558750720.00', '8877895038047092736.00', '9215932741181243392.00']
2026-05-05 18:41:13 | DEBUG   | dpfl.algorithms.trust_aware.simulator | Round 102 Phase 1+2: 0.14s
2026-05-05 18:41:22 | INFO    | dpfl.core.base_simulator | Round 103/150 | Acc: 0.7968 | Loss: 0.5852 | eps_max: 4.65 eps_avg: 4.65 | P: 0.72 R: 1.00 F1: 1.00
2026-05-05 18:41:22 | DEBUG   | dpfl.core.base_simulator | Update norms — honest: ['0.03', '0.02', '0.02', '0.02', '0.02'], attacker: ['nan', '17987744148601438208.00', 'inf', 'nan', 'nan']
2026-05-05 18:41:22 | DEBUG   | dpfl.algorithms.trust_aware.simulator | Round 103 Phase 1+2: 0.13s
2026-05-05 18:41:31 | INFO    | dpfl.core.base_simulator | Round 104/150 | Acc: 0.7969 | Loss: 0.5850 | eps_max: 4.71 eps_avg: 4.71 | P: 0.93 R: 1.00 F1: 1.00
2026-05-05 18:41:31 | DEBUG   | dpfl.core.base_simulator | Update norms — honest: ['0.02', '0.03', '0.03', '0.02', '0.03'], attacker: ['nan', 'nan', 'nan', 'nan', 'nan']
2026-05-05 18:41:31 | DEBUG   | dpfl.algorithms.trust_aware.simulator | Round 104 Phase 1+2: 0.13s
2026-05-05 18:41:39 | INFO    | dpfl.core.base_simulator | Round 105/150 | Acc: 0.7966 | Loss: 0.5862 | eps_max: 4.77 eps_avg: 4.77 | P: 1.00 R: 1.00 F1: 1.00
2026-05-05 18:41:39 | DEBUG   | dpfl.core.base_simulator | Update norms — honest: ['0.03', '0.03', '0.03', '0.03', '0.02'], attacker: ['nan', 'nan', 'nan', 'nan', 'nan']
2026-05-05 18:41:40 | DEBUG   | dpfl.algorithms.trust_aware.simulator | Round 105 Phase 1+2: 0.13s
2026-05-05 18:41:48 | INFO    | dpfl.core.base_simulator | Round 106/150 | Acc: 0.7966 | Loss: 0.5871 | eps_max: 4.83 eps_avg: 4.83 | P: 0.99 R: 1.00 F1: 1.00
2026-05-05 18:41:48 | DEBUG   | dpfl.core.base_simulator | Update norms — honest: ['0.02', '0.02', '0.03', '0.03', '0.03'], attacker: ['nan', 'nan', 'nan', 'nan', 'nan']
2026-05-05 18:41:48 | DEBUG   | dpfl.algorithms.trust_aware.simulator | Round 106 Phase 1+2: 0.13s
2026-05-05 18:41:58 | INFO    | dpfl.core.base_simulator | Round 107/150 | Acc: 0.7970 | Loss: 0.5855 | eps_max: 4.90 eps_avg: 4.90 | P: 1.00 R: 1.00 F1: 1.00
2026-05-05 18:41:58 | DEBUG   | dpfl.core.base_simulator | Update norms — honest: ['0.03', '0.03', '0.02', '0.03', '0.03'], attacker: ['nan', 'nan', 'nan', 'nan', 'nan']
2026-05-05 18:41:58 | DEBUG   | dpfl.algorithms.trust_aware.simulator | Round 107 Phase 1+2: 0.13s
2026-05-05 18:42:09 | INFO    | dpfl.core.base_simulator | Round 108/150 | Acc: 0.7973 | Loss: 0.5853 | eps_max: 4.96 eps_avg: 4.96 | P: 0.76 R: 1.00 F1: 1.00
2026-05-05 18:42:09 | DEBUG   | dpfl.core.base_simulator | Update norms — honest: ['0.02', '0.03', '0.02', '0.02', '0.02'], attacker: ['nan', 'nan', 'nan', 'nan', 'nan']
2026-05-05 18:42:09 | DEBUG   | dpfl.algorithms.trust_aware.simulator | Round 108 Phase 1+2: 0.15s
2026-05-05 18:42:18 | INFO    | dpfl.core.base_simulator | Round 109/150 | Acc: 0.7972 | Loss: 0.5862 | eps_max: 5.02 eps_avg: 5.02 | P: 0.89 R: 1.00 F1: 1.00
2026-05-05 18:42:18 | DEBUG   | dpfl.core.base_simulator | Update norms — honest: ['0.02', '0.03', '0.02', '0.03', '0.02'], attacker: ['nan', 'nan', 'nan', 'nan', 'nan']
2026-05-05 18:42:18 | DEBUG   | dpfl.algorithms.trust_aware.simulator | Round 109 Phase 1+2: 0.14s
2026-05-05 18:42:27 | INFO    | dpfl.core.base_simulator | Round 110/150 | Acc: 0.7972 | Loss: 0.5864 | eps_max: 5.09 eps_avg: 5.09 | P: 0.71 R: 1.00 F1: 1.00
2026-05-05 18:42:27 | DEBUG   | dpfl.core.base_simulator | Update norms — honest: ['0.03', '0.03', '0.03', '0.02', '0.03'], attacker: ['nan', 'nan', 'nan', 'nan', 'nan']
2026-05-05 18:42:28 | DEBUG   | dpfl.algorithms.trust_aware.simulator | Round 110 Phase 1+2: 0.13s
2026-05-05 18:42:36 | INFO    | dpfl.core.base_simulator | Round 111/150 | Acc: 0.7973 | Loss: 0.5865 | eps_max: 5.16 eps_avg: 5.16 | P: 0.91 R: 1.00 F1: 1.00
2026-05-05 18:42:36 | DEBUG   | dpfl.core.base_simulator | Update norms — honest: ['0.04', '0.02', '0.02', '0.03', '0.02'], attacker: ['nan', 'nan', 'nan', 'nan', 'nan']
2026-05-05 18:42:36 | DEBUG   | dpfl.algorithms.trust_aware.simulator | Round 111 Phase 1+2: 0.13s
2026-05-05 18:42:45 | INFO    | dpfl.core.base_simulator | Round 112/150 | Acc: 0.7972 | Loss: 0.5872 | eps_max: 5.21 eps_avg: 5.21 | P: 0.69 R: 1.00 F1: 0.98
2026-05-05 18:42:45 | DEBUG   | dpfl.core.base_simulator | Update norms — honest: ['0.02', '0.02', '0.03', '0.03', '0.03'], attacker: ['nan', 'nan', 'nan', 'nan', 'nan']
2026-05-05 18:42:45 | DEBUG   | dpfl.algorithms.trust_aware.simulator | Round 112 Phase 1+2: 0.13s
2026-05-05 18:42:54 | INFO    | dpfl.core.base_simulator | Round 113/150 | Acc: 0.7976 | Loss: 0.5869 | eps_max: 5.25 eps_avg: 5.25 | P: 0.82 R: 1.00 F1: 1.00
2026-05-05 18:42:54 | DEBUG   | dpfl.core.base_simulator | Update norms — honest: ['0.02', '0.02', '0.03', '0.02', '0.02'], attacker: ['nan', 'nan', 'nan', 'nan', 'nan']
2026-05-05 18:42:54 | DEBUG   | dpfl.algorithms.trust_aware.simulator | Round 113 Phase 1+2: 0.13s
2026-05-05 18:43:04 | INFO    | dpfl.core.base_simulator | Round 114/150 | Acc: 0.7975 | Loss: 0.5876 | eps_max: 5.30 eps_avg: 5.30 | P: 0.93 R: 1.00 F1: 1.00
2026-05-05 18:43:04 | DEBUG   | dpfl.core.base_simulator | Update norms — honest: ['0.03', '0.03', '0.03', '0.02', '0.02'], attacker: ['nan', 'nan', 'nan', 'nan', 'nan']
2026-05-05 18:43:04 | DEBUG   | dpfl.algorithms.trust_aware.simulator | Round 114 Phase 1+2: 0.13s
2026-05-05 18:43:13 | INFO    | dpfl.core.base_simulator | Round 115/150 | Acc: 0.7973 | Loss: 0.5881 | eps_max: 5.34 eps_avg: 5.34 | P: 0.94 R: 1.00 F1: 1.00
2026-05-05 18:43:13 | DEBUG   | dpfl.core.base_simulator | Update norms — honest: ['0.02', '0.03', '0.03', '0.02', '0.03'], attacker: ['nan', 'nan', 'nan', 'nan', 'nan']
2026-05-05 18:43:13 | DEBUG   | dpfl.algorithms.trust_aware.simulator | Round 115 Phase 1+2: 0.13s
2026-05-05 18:43:23 | INFO    | dpfl.core.base_simulator | Round 116/150 | Acc: 0.7976 | Loss: 0.5879 | eps_max: 5.39 eps_avg: 5.39 | P: 1.00 R: 1.00 F1: 1.00
2026-05-05 18:43:23 | DEBUG   | dpfl.core.base_simulator | Update norms — honest: ['0.03', '0.03', '0.03', '0.02', '0.02'], attacker: ['nan', 'nan', 'nan', 'nan', 'nan']
2026-05-05 18:43:23 | DEBUG   | dpfl.algorithms.trust_aware.simulator | Round 116 Phase 1+2: 0.14s
2026-05-05 18:43:33 | INFO    | dpfl.core.base_simulator | Round 117/150 | Acc: 0.7976 | Loss: 0.5884 | eps_max: 5.44 eps_avg: 5.44 | P: 0.68 R: 1.00 F1: 0.99
2026-05-05 18:43:33 | DEBUG   | dpfl.core.base_simulator | Update norms — honest: ['0.03', '0.02', '0.04', '0.03', '0.02'], attacker: ['nan', 'nan', 'nan', 'nan', 'nan']
2026-05-05 18:43:33 | DEBUG   | dpfl.algorithms.trust_aware.simulator | Round 117 Phase 1+2: 0.13s
2026-05-05 18:43:43 | INFO    | dpfl.core.base_simulator | Round 118/150 | Acc: 0.7977 | Loss: 0.5887 | eps_max: 5.49 eps_avg: 5.49 | P: 0.73 R: 1.00 F1: 1.00
2026-05-05 18:43:43 | DEBUG   | dpfl.core.base_simulator | Update norms — honest: ['0.03', '0.02', '0.02', '0.03', '0.02'], attacker: ['nan', 'nan', 'nan', 'nan', 'nan']
2026-05-05 18:43:43 | DEBUG   | dpfl.algorithms.trust_aware.simulator | Round 118 Phase 1+2: 0.13s
2026-05-05 18:43:52 | INFO    | dpfl.core.base_simulator | Round 119/150 | Acc: 0.7977 | Loss: 0.5891 | eps_max: 5.54 eps_avg: 5.54 | P: 0.90 R: 1.00 F1: 0.99
2026-05-05 18:43:52 | DEBUG   | dpfl.core.base_simulator | Update norms — honest: ['0.03', '0.03', '0.02', '0.03', '0.03'], attacker: ['nan', 'nan', 'nan', 'nan', 'nan']
2026-05-05 18:43:52 | DEBUG   | dpfl.algorithms.trust_aware.simulator | Round 119 Phase 1+2: 0.13s
2026-05-05 18:44:02 | INFO    | dpfl.core.base_simulator | Round 120/150 | Acc: 0.7975 | Loss: 0.5898 | eps_max: 5.59 eps_avg: 5.59 | P: 0.88 R: 1.00 F1: 1.00
2026-05-05 18:44:02 | DEBUG   | dpfl.core.base_simulator | Update norms — honest: ['0.03', '0.02', '0.04', '0.02', '0.02'], attacker: ['nan', 'nan', 'nan', 'nan', 'nan']
2026-05-05 18:44:02 | DEBUG   | dpfl.algorithms.trust_aware.simulator | Round 120 Phase 1+2: 0.13s
2026-05-05 18:44:12 | INFO    | dpfl.core.base_simulator | Round 121/150 | Acc: 0.7977 | Loss: 0.5901 | eps_max: 5.64 eps_avg: 5.64 | P: 1.00 R: 1.00 F1: 1.00
2026-05-05 18:44:12 | DEBUG   | dpfl.core.base_simulator | Update norms — honest: ['0.02', '0.02', '0.02', '0.03', '0.02'], attacker: ['nan', 'nan', 'nan', 'nan', 'nan']
2026-05-05 18:44:12 | DEBUG   | dpfl.algorithms.trust_aware.simulator | Round 121 Phase 1+2: 0.13s
2026-05-05 18:44:22 | INFO    | dpfl.core.base_simulator | Round 122/150 | Acc: 0.7976 | Loss: 0.5908 | eps_max: 5.69 eps_avg: 5.69 | P: 0.91 R: 1.00 F1: 1.00
2026-05-05 18:44:22 | DEBUG   | dpfl.core.base_simulator | Update norms — honest: ['0.02', '0.02', '0.03', '0.03', '0.02'], attacker: ['nan', 'nan', 'nan', 'nan', 'nan']
2026-05-05 18:44:22 | DEBUG   | dpfl.algorithms.trust_aware.simulator | Round 122 Phase 1+2: 0.13s
2026-05-05 18:44:32 | INFO    | dpfl.core.base_simulator | Round 123/150 | Acc: 0.7979 | Loss: 0.5905 | eps_max: 5.74 eps_avg: 5.74 | P: 0.90 R: 1.00 F1: 0.98
2026-05-05 18:44:32 | DEBUG   | dpfl.core.base_simulator | Update norms — honest: ['0.03', '0.02', '0.02', '0.03', '0.03'], attacker: ['nan', 'nan', 'nan', 'nan', 'nan']
2026-05-05 18:44:32 | DEBUG   | dpfl.algorithms.trust_aware.simulator | Round 123 Phase 1+2: 0.13s
2026-05-05 18:44:41 | INFO    | dpfl.core.base_simulator | Round 124/150 | Acc: 0.7977 | Loss: 0.5912 | eps_max: 5.80 eps_avg: 5.80 | P: 1.00 R: 1.00 F1: 1.00
2026-05-05 18:44:41 | DEBUG   | dpfl.core.base_simulator | Update norms — honest: ['0.02', '0.02', '0.02', '0.02', '0.02'], attacker: ['nan', 'nan', 'nan', 'nan', 'nan']
2026-05-05 18:44:42 | DEBUG   | dpfl.algorithms.trust_aware.simulator | Round 124 Phase 1+2: 0.13s
2026-05-05 18:44:51 | INFO    | dpfl.core.base_simulator | Round 125/150 | Acc: 0.7979 | Loss: 0.5917 | eps_max: 5.85 eps_avg: 5.85 | P: 0.91 R: 1.00 F1: 1.00
2026-05-05 18:44:51 | DEBUG   | dpfl.core.base_simulator | Update norms — honest: ['0.03', '0.02', '0.02', '0.02', '0.04'], attacker: ['nan', 'nan', 'nan', 'nan', 'nan']
2026-05-05 18:44:52 | DEBUG   | dpfl.algorithms.trust_aware.simulator | Round 125 Phase 1+2: 0.13s
2026-05-05 18:45:02 | INFO    | dpfl.core.base_simulator | Round 126/150 | Acc: 0.7977 | Loss: 0.5923 | eps_max: 5.91 eps_avg: 5.91 | P: 1.00 R: 1.00 F1: 1.00
2026-05-05 18:45:02 | DEBUG   | dpfl.core.base_simulator | Update norms — honest: ['0.03', '0.02', '0.03', '0.02', '0.02'], attacker: ['nan', 'nan', 'nan', 'nan', 'nan']
2026-05-05 18:45:02 | DEBUG   | dpfl.algorithms.trust_aware.simulator | Round 126 Phase 1+2: 0.13s
2026-05-05 18:45:12 | INFO    | dpfl.core.base_simulator | Round 127/150 | Acc: 0.7978 | Loss: 0.5925 | eps_max: 5.97 eps_avg: 5.97 | P: 1.00 R: 1.00 F1: 1.00
2026-05-05 18:45:12 | DEBUG   | dpfl.core.base_simulator | Update norms — honest: ['0.02', '0.02', '0.02', '0.02', '0.02'], attacker: ['nan', 'nan', 'nan', 'nan', 'nan']
2026-05-05 18:45:12 | DEBUG   | dpfl.algorithms.trust_aware.simulator | Round 127 Phase 1+2: 0.14s
2026-05-05 18:45:22 | INFO    | dpfl.core.base_simulator | Round 128/150 | Acc: 0.7978 | Loss: 0.5930 | eps_max: 6.02 eps_avg: 6.02 | P: 0.78 R: 1.00 F1: 1.00
2026-05-05 18:45:22 | DEBUG   | dpfl.core.base_simulator | Update norms — honest: ['0.02', '0.02', '0.02', '0.02', '0.03'], attacker: ['nan', 'nan', 'nan', 'nan', 'nan']
2026-05-05 18:45:22 | DEBUG   | dpfl.algorithms.trust_aware.simulator | Round 128 Phase 1+2: 0.13s
2026-05-05 18:45:33 | INFO    | dpfl.core.base_simulator | Round 129/150 | Acc: 0.7978 | Loss: 0.5939 | eps_max: 6.08 eps_avg: 6.08 | P: 1.00 R: 1.00 F1: 1.00
2026-05-05 18:45:33 | DEBUG   | dpfl.core.base_simulator | Update norms — honest: ['0.02', '0.02', '0.02', '0.02', '0.02'], attacker: ['nan', 'nan', 'nan', 'nan', 'nan']
2026-05-05 18:45:33 | DEBUG   | dpfl.algorithms.trust_aware.simulator | Round 129 Phase 1+2: 0.14s
2026-05-05 18:45:43 | INFO    | dpfl.core.base_simulator | Round 130/150 | Acc: 0.7979 | Loss: 0.5939 | eps_max: 6.14 eps_avg: 6.14 | P: 0.94 R: 1.00 F1: 1.00
2026-05-05 18:45:43 | DEBUG   | dpfl.core.base_simulator | Update norms — honest: ['0.03', '0.03', '0.04', '0.03', '0.03'], attacker: ['nan', 'nan', 'nan', 'nan', 'nan']
2026-05-05 18:45:43 | DEBUG   | dpfl.algorithms.trust_aware.simulator | Round 130 Phase 1+2: 0.13s
2026-05-05 18:45:53 | INFO    | dpfl.core.base_simulator | Round 131/150 | Acc: 0.7979 | Loss: 0.5942 | eps_max: 6.20 eps_avg: 6.20 | P: 1.00 R: 1.00 F1: 1.00
2026-05-05 18:45:53 | DEBUG   | dpfl.core.base_simulator | Update norms — honest: ['0.05', '0.03', '0.02', '0.02', '0.03'], attacker: ['nan', 'nan', 'nan', 'nan', 'nan']
2026-05-05 18:45:53 | DEBUG   | dpfl.algorithms.trust_aware.simulator | Round 131 Phase 1+2: 0.13s
2026-05-05 18:46:03 | INFO    | dpfl.core.base_simulator | Round 132/150 | Acc: 0.7980 | Loss: 0.5946 | eps_max: 6.27 eps_avg: 6.27 | P: 1.00 R: 1.00 F1: 1.00
2026-05-05 18:46:03 | DEBUG   | dpfl.core.base_simulator | Update norms — honest: ['0.03', '0.03', '0.02', '0.03', '0.02'], attacker: ['nan', 'nan', 'nan', 'nan', 'nan']
2026-05-05 18:46:04 | DEBUG   | dpfl.algorithms.trust_aware.simulator | Round 132 Phase 1+2: 0.17s
2026-05-05 18:46:14 | INFO    | dpfl.core.base_simulator | Round 133/150 | Acc: 0.7979 | Loss: 0.5950 | eps_max: 6.33 eps_avg: 6.33 | P: 1.00 R: 1.00 F1: 1.00
2026-05-05 18:46:14 | DEBUG   | dpfl.core.base_simulator | Update norms — honest: ['0.02', '0.02', '0.03', '0.03', '0.03'], attacker: ['nan', 'nan', 'nan', 'nan', 'nan']
2026-05-05 18:46:14 | DEBUG   | dpfl.algorithms.trust_aware.simulator | Round 133 Phase 1+2: 0.13s
2026-05-05 18:46:24 | INFO    | dpfl.core.base_simulator | Round 134/150 | Acc: 0.7978 | Loss: 0.5964 | eps_max: 6.39 eps_avg: 6.39 | P: 0.91 R: 1.00 F1: 1.00
2026-05-05 18:46:24 | DEBUG   | dpfl.core.base_simulator | Update norms — honest: ['0.02', '0.02', '0.02', '0.03', '0.02'], attacker: ['nan', 'nan', 'nan', 'nan', 'nan']
2026-05-05 18:46:24 | DEBUG   | dpfl.algorithms.trust_aware.simulator | Round 134 Phase 1+2: 0.13s
2026-05-05 18:46:34 | INFO    | dpfl.core.base_simulator | Round 135/150 | Acc: 0.7980 | Loss: 0.5963 | eps_max: 6.46 eps_avg: 6.46 | P: 1.00 R: 1.00 F1: 1.00
2026-05-05 18:46:34 | DEBUG   | dpfl.core.base_simulator | Update norms — honest: ['0.02', '0.02', '0.02', '0.02', '0.03'], attacker: ['nan', 'nan', 'nan', 'nan', 'nan']
2026-05-05 18:46:35 | DEBUG   | dpfl.algorithms.trust_aware.simulator | Round 135 Phase 1+2: 0.13s
2026-05-05 18:46:46 | INFO    | dpfl.core.base_simulator | Round 136/150 | Acc: 0.7980 | Loss: 0.5968 | eps_max: 6.53 eps_avg: 6.53 | P: 0.99 R: 1.00 F1: 1.00
2026-05-05 18:46:46 | DEBUG   | dpfl.core.base_simulator | Update norms — honest: ['0.02', '0.02', '0.02', '0.02', '0.02'], attacker: ['nan', 'nan', 'nan', 'nan', 'nan']
2026-05-05 18:46:46 | DEBUG   | dpfl.algorithms.trust_aware.simulator | Round 136 Phase 1+2: 0.14s
2026-05-05 18:46:57 | INFO    | dpfl.core.base_simulator | Round 137/150 | Acc: 0.7980 | Loss: 0.5968 | eps_max: 6.59 eps_avg: 6.59 | P: 0.82 R: 1.00 F1: 1.00
2026-05-05 18:46:57 | DEBUG   | dpfl.core.base_simulator | Update norms — honest: ['0.02', '0.03', '0.02', '0.03', '0.03'], attacker: ['nan', 'nan', 'nan', 'nan', 'nan']
2026-05-05 18:46:57 | DEBUG   | dpfl.algorithms.trust_aware.simulator | Round 137 Phase 1+2: 0.13s
2026-05-05 18:47:08 | INFO    | dpfl.core.base_simulator | Round 138/150 | Acc: 0.7980 | Loss: 0.5976 | eps_max: 6.66 eps_avg: 6.66 | P: 0.92 R: 1.00 F1: 1.00
2026-05-05 18:47:08 | DEBUG   | dpfl.core.base_simulator | Update norms — honest: ['0.02', '0.03', '0.03', '0.02', '0.03'], attacker: ['nan', 'nan', 'nan', 'nan', 'nan']
2026-05-05 18:47:08 | DEBUG   | dpfl.algorithms.trust_aware.simulator | Round 138 Phase 1+2: 0.13s
2026-05-05 18:47:19 | INFO    | dpfl.core.base_simulator | Round 139/150 | Acc: 0.7981 | Loss: 0.5980 | eps_max: 6.73 eps_avg: 6.73 | P: 0.84 R: 1.00 F1: 0.99
2026-05-05 18:47:19 | DEBUG   | dpfl.core.base_simulator | Update norms — honest: ['0.02', '0.03', '0.03', '0.03', '0.03'], attacker: ['nan', 'nan', 'nan', 'nan', 'nan']
2026-05-05 18:47:19 | DEBUG   | dpfl.algorithms.trust_aware.simulator | Round 139 Phase 1+2: 0.13s
2026-05-05 18:47:30 | INFO    | dpfl.core.base_simulator | Round 140/150 | Acc: 0.7980 | Loss: 0.5983 | eps_max: 6.81 eps_avg: 6.81 | P: 1.00 R: 1.00 F1: 1.00
2026-05-05 18:47:30 | DEBUG   | dpfl.core.base_simulator | Update norms — honest: ['0.02', '0.02', '0.03', '0.02', '0.02'], attacker: ['nan', 'nan', 'nan', 'nan', 'nan']
2026-05-05 18:47:30 | DEBUG   | dpfl.algorithms.trust_aware.simulator | Round 140 Phase 1+2: 0.14s
2026-05-05 18:47:41 | INFO    | dpfl.core.base_simulator | Round 141/150 | Acc: 0.7981 | Loss: 0.5992 | eps_max: 6.88 eps_avg: 6.88 | P: 1.00 R: 1.00 F1: 1.00
2026-05-05 18:47:41 | DEBUG   | dpfl.core.base_simulator | Update norms — honest: ['0.02', '0.02', '0.02', '0.02', '0.03'], attacker: ['nan', 'nan', 'nan', 'nan', 'nan']
2026-05-05 18:47:41 | DEBUG   | dpfl.algorithms.trust_aware.simulator | Round 141 Phase 1+2: 0.13s
2026-05-05 18:47:51 | INFO    | dpfl.core.base_simulator | Round 142/150 | Acc: 0.7980 | Loss: 0.5996 | eps_max: 6.96 eps_avg: 6.96 | P: 1.00 R: 1.00 F1: 1.00
2026-05-05 18:47:51 | DEBUG   | dpfl.core.base_simulator | Update norms — honest: ['0.02', '0.02', '0.03', '0.02', '0.02'], attacker: ['nan', 'nan', 'nan', 'nan', 'nan']
2026-05-05 18:47:52 | DEBUG   | dpfl.algorithms.trust_aware.simulator | Round 142 Phase 1+2: 0.13s
2026-05-05 18:48:18 | INFO    | dpfl.core.base_simulator | Round 143/150 | Acc: 0.7981 | Loss: 0.5999 | eps_max: 7.03 eps_avg: 7.03 | P: 1.00 R: 1.00 F1: 1.00
2026-05-05 18:48:18 | DEBUG   | dpfl.core.base_simulator | Update norms — honest: ['0.02', '0.03', '0.02', '0.02', '0.02'], attacker: ['nan', 'nan', 'nan', 'nan', 'nan']
2026-05-05 18:48:20 | DEBUG   | dpfl.algorithms.trust_aware.simulator | Round 143 Phase 1+2: 2.29s
2026-05-05 18:48:53 | INFO    | dpfl.core.base_simulator | Round 144/150 | Acc: 0.7981 | Loss: 0.6005 | eps_max: 7.11 eps_avg: 7.11 | P: 1.00 R: 1.00 F1: 1.00
2026-05-05 18:48:53 | DEBUG   | dpfl.core.base_simulator | Update norms — honest: ['0.03', '0.02', '0.02', '0.02', '0.02'], attacker: ['nan', 'nan', 'nan', 'nan', 'nan']
2026-05-05 18:48:54 | DEBUG   | dpfl.algorithms.trust_aware.simulator | Round 144 Phase 1+2: 0.48s
2026-05-05 18:49:12 | INFO    | dpfl.core.base_simulator | Round 145/150 | Acc: 0.7980 | Loss: 0.6013 | eps_max: 7.19 eps_avg: 7.19 | P: 1.00 R: 1.00 F1: 1.00
2026-05-05 18:49:12 | DEBUG   | dpfl.core.base_simulator | Update norms — honest: ['0.02', '0.03', '0.02', '0.02', '0.02'], attacker: ['nan', 'nan', 'nan', 'nan', 'nan']
2026-05-05 18:49:12 | DEBUG   | dpfl.algorithms.trust_aware.simulator | Round 145 Phase 1+2: 0.13s
2026-05-05 18:49:22 | INFO    | dpfl.core.base_simulator | Round 146/150 | Acc: 0.7981 | Loss: 0.6017 | eps_max: 7.27 eps_avg: 7.27 | P: 0.84 R: 1.00 F1: 1.00
2026-05-05 18:49:22 | DEBUG   | dpfl.core.base_simulator | Update norms — honest: ['0.02', '0.03', '0.03', '0.02', '0.04'], attacker: ['nan', 'nan', 'nan', 'nan', 'nan']
2026-05-05 18:49:22 | DEBUG   | dpfl.algorithms.trust_aware.simulator | Round 146 Phase 1+2: 0.13s
2026-05-05 18:49:33 | INFO    | dpfl.core.base_simulator | Round 147/150 | Acc: 0.7981 | Loss: 0.6022 | eps_max: 7.35 eps_avg: 7.35 | P: 1.00 R: 1.00 F1: 1.00
2026-05-05 18:49:33 | DEBUG   | dpfl.core.base_simulator | Update norms — honest: ['0.02', '0.02', '0.02', '0.02', '0.02'], attacker: ['nan', 'nan', 'nan', 'nan', 'nan']
2026-05-05 18:49:33 | DEBUG   | dpfl.algorithms.trust_aware.simulator | Round 147 Phase 1+2: 0.13s
2026-05-05 18:49:44 | INFO    | dpfl.core.base_simulator | Round 148/150 | Acc: 0.7982 | Loss: 0.6023 | eps_max: 7.44 eps_avg: 7.44 | P: 1.00 R: 1.00 F1: 1.00
2026-05-05 18:49:44 | DEBUG   | dpfl.core.base_simulator | Update norms — honest: ['0.03', '0.02', '0.02', '0.03', '0.02'], attacker: ['nan', 'nan', 'nan', 'nan', 'nan']
2026-05-05 18:49:44 | DEBUG   | dpfl.algorithms.trust_aware.simulator | Round 148 Phase 1+2: 0.13s
2026-05-05 18:49:55 | INFO    | dpfl.core.base_simulator | Round 149/150 | Acc: 0.7981 | Loss: 0.6033 | eps_max: 7.52 eps_avg: 7.52 | P: 0.92 R: 1.00 F1: 1.00
2026-05-05 18:49:55 | DEBUG   | dpfl.core.base_simulator | Update norms — honest: ['0.02', '0.02', '0.02', '0.02', '0.02'], attacker: ['nan', 'nan', 'nan', 'nan', 'nan']
2026-05-05 18:49:55 | DEBUG   | dpfl.algorithms.trust_aware.simulator | Round 149 Phase 1+2: 0.13s
2026-05-05 18:50:07 | INFO    | dpfl.core.base_simulator | Round 150/150 | Acc: 0.7982 | Loss: 0.6035 | eps_max: 7.61 eps_avg: 7.61 | P: 1.00 R: 1.00 F1: 1.00
2026-05-05 18:50:07 | DEBUG   | dpfl.core.base_simulator | Update norms — honest: ['0.02', '0.03', '0.02', '0.02', '0.02'], attacker: ['nan', 'nan', 'nan', 'nan', 'nan']
2026-05-05 18:50:09 | INFO    | dpfl | Experiment complete in 1391.2s
============================================================
REPORT: DP-SGD Decentralized Federated Learning
============================================================
Timestamp:                  20260505_182656
Rounds completed:           150
Attack-active rounds:       100  (from round 50)
Final accuracy:             0.7982
Final test loss:            0.6035
Final epsilon (max honest): 7.61
Final epsilon (avg honest): 7.61
Best alpha:                 1000.0
Avg precision:              0.8928
Avg recall:                 0.9557
Avg F1 score:               0.9647
Avg update norm (honest):   0.0395
Avg update norm (attacker): nan

eps_system (max honest): 7.6098
eps_avg (honest):        7.6098
eps_std (honest):        0.0000
n_frozen:                0/400
============================================================
