2026-05-05 18:48:02 | INFO    | dpfl | Experiment start: algorithm=trust_d2b, dataset=mnist, model=mlp, device=cuda
2026-05-05 18:48:02 | INFO    | dpfl | Config: nodes=500, attackers=100, rounds=150, noise_mode=none, attack=scale
2026-05-05 18:48:02 | INFO    | dpfl.data.mnist_dataset | Loading MNIST dataset...
2026-05-05 18:48:02 | INFO    | dpfl.data.mnist_dataset | MNIST loaded: 60000 train, 10000 test samples
2026-05-05 18:48:46 | INFO    | dpfl.core.base_simulator | Vectorized state ready: param_spec.D=50890, X_test=(10000, 1, 28, 28), train clients N=500, max_n_samples=1000
2026-05-05 18:48:46 | INFO    | dpfl.core.base_simulator | Setup complete: 500 nodes (100 attackers), param_dim=50890, split=iid
2026-05-05 18:48:46 | DEBUG   | dpfl.core.base_simulator | Attacker IDs: {0, 1, 2, 3, 4, 5, 6, 7, 8, 9, 10, 11, 12, 13, 14, 15, 16, 17, 18, 19, 20, 21, 22, 23, 24, 25, 26, 27, 28, 29, 30, 31, 32, 33, 34, 35, 36, 37, 38, 39, 40, 41, 42, 43, 44, 45, 46, 47, 48, 49, 50, 51, 52, 53, 54, 55, 56, 57, 58, 59, 60, 61, 62, 63, 64, 65, 66, 67, 68, 69, 70, 71, 72, 73, 74, 75, 76, 77, 78, 79, 80, 81, 82, 83, 84, 85, 86, 87, 88, 89, 90, 91, 92, 93, 94, 95, 96, 97, 98, 99}
2026-05-05 18:48:46 | INFO    | dpfl.algorithms.trust_aware.simulator | Trust-Aware D2B-DP: rounds=150, n_workers=5, layers=4, ρ∈[0.300,5.000]
2026-05-05 18:48:46 | DEBUG   | dpfl.algorithms.trust_aware.simulator | Round 0 Phase 1+2: 0.31s
2026-05-05 18:48:50 | INFO    | dpfl.core.base_simulator | Round   1/150 | Acc: 0.3749 | Loss: 2.0998 | eps_max: 0.26 eps_avg: 0.26 | P: nan R: nan F1: nan
2026-05-05 18:48:50 | DEBUG   | dpfl.core.base_simulator | Update norms — honest: ['0.17', '0.17', '0.17', '0.17', '0.17'], attacker: ['0.18', '0.18', '0.17', '0.18', '0.18']
2026-05-05 18:48:50 | DEBUG   | dpfl.algorithms.trust_aware.simulator | Round 1 Phase 1+2: 0.14s
2026-05-05 18:48:53 | INFO    | dpfl.core.base_simulator | Round   2/150 | Acc: 0.5421 | Loss: 1.9027 | eps_max: 0.30 eps_avg: 0.30 | P: nan R: nan F1: nan
2026-05-05 18:48:53 | DEBUG   | dpfl.core.base_simulator | Update norms — honest: ['0.18', '0.18', '0.18', '0.18', '0.18'], attacker: ['0.18', '0.18', '0.18', '0.18', '0.18']
2026-05-05 18:48:54 | DEBUG   | dpfl.algorithms.trust_aware.simulator | Round 2 Phase 1+2: 0.64s
2026-05-05 18:49:03 | INFO    | dpfl.core.base_simulator | Round   3/150 | Acc: 0.6367 | Loss: 1.7001 | eps_max: 0.34 eps_avg: 0.34 | P: nan R: nan F1: nan
2026-05-05 18:49:03 | DEBUG   | dpfl.core.base_simulator | Update norms — honest: ['0.18', '0.18', '0.18', '0.18', '0.18'], attacker: ['0.19', '0.18', '0.18', '0.19', '0.19']
2026-05-05 18:49:03 | DEBUG   | dpfl.algorithms.trust_aware.simulator | Round 3 Phase 1+2: 0.15s
2026-05-05 18:49:06 | INFO    | dpfl.core.base_simulator | Round   4/150 | Acc: 0.6958 | Loss: 1.5084 | eps_max: 0.39 eps_avg: 0.39 | P: nan R: nan F1: nan
2026-05-05 18:49:06 | DEBUG   | dpfl.core.base_simulator | Update norms — honest: ['0.18', '0.17', '0.17', '0.18', '0.18'], attacker: ['0.19', '0.19', '0.18', '0.19', '0.19']
2026-05-05 18:49:07 | DEBUG   | dpfl.algorithms.trust_aware.simulator | Round 4 Phase 1+2: 0.15s
2026-05-05 18:49:10 | INFO    | dpfl.core.base_simulator | Round   5/150 | Acc: 0.7401 | Loss: 1.3302 | eps_max: 0.44 eps_avg: 0.44 | P: nan R: nan F1: nan
2026-05-05 18:49:10 | DEBUG   | dpfl.core.base_simulator | Update norms — honest: ['0.17', '0.17', '0.17', '0.17', '0.17'], attacker: ['0.18', '0.18', '0.18', '0.18', '0.18']
2026-05-05 18:49:10 | DEBUG   | dpfl.algorithms.trust_aware.simulator | Round 5 Phase 1+2: 0.15s
2026-05-05 18:49:13 | INFO    | dpfl.core.base_simulator | Round   6/150 | Acc: 0.7708 | Loss: 1.1753 | eps_max: 0.53 eps_avg: 0.53 | P: nan R: nan F1: nan
2026-05-05 18:49:13 | DEBUG   | dpfl.core.base_simulator | Update norms — honest: ['0.15', '0.16', '0.17', '0.15', '0.17'], attacker: ['0.18', '0.17', '0.17', '0.17', '0.18']
2026-05-05 18:49:14 | DEBUG   | dpfl.algorithms.trust_aware.simulator | Round 6 Phase 1+2: 0.15s
2026-05-05 18:49:17 | INFO    | dpfl.core.base_simulator | Round   7/150 | Acc: 0.7927 | Loss: 1.0473 | eps_max: 0.56 eps_avg: 0.56 | P: nan R: nan F1: nan
2026-05-05 18:49:17 | DEBUG   | dpfl.core.base_simulator | Update norms — honest: ['0.15', '0.14', '0.15', '0.14', '0.14'], attacker: ['0.17', '0.17', '0.17', '0.17', '0.17']
2026-05-05 18:49:17 | DEBUG   | dpfl.algorithms.trust_aware.simulator | Round 7 Phase 1+2: 0.15s
2026-05-05 18:49:20 | INFO    | dpfl.core.base_simulator | Round   8/150 | Acc: 0.8082 | Loss: 0.9446 | eps_max: 0.59 eps_avg: 0.59 | P: nan R: nan F1: nan
2026-05-05 18:49:20 | DEBUG   | dpfl.core.base_simulator | Update norms — honest: ['0.13', '0.13', '0.13', '0.12', '0.13'], attacker: ['0.16', '0.16', '0.16', '0.15', '0.16']
2026-05-05 18:49:20 | DEBUG   | dpfl.algorithms.trust_aware.simulator | Round 8 Phase 1+2: 0.15s
2026-05-05 18:49:24 | INFO    | dpfl.core.base_simulator | Round   9/150 | Acc: 0.8190 | Loss: 0.8631 | eps_max: 0.62 eps_avg: 0.62 | P: nan R: nan F1: nan
2026-05-05 18:49:24 | DEBUG   | dpfl.core.base_simulator | Update norms — honest: ['0.11', '0.11', '0.13', '0.13', '0.11'], attacker: ['0.15', '0.15', '0.14', '0.14', '0.15']
2026-05-05 18:49:24 | DEBUG   | dpfl.algorithms.trust_aware.simulator | Round 9 Phase 1+2: 0.15s
2026-05-05 18:49:27 | INFO    | dpfl.core.base_simulator | Round  10/150 | Acc: 0.8275 | Loss: 0.7971 | eps_max: 0.65 eps_avg: 0.65 | P: nan R: nan F1: nan
2026-05-05 18:49:27 | DEBUG   | dpfl.core.base_simulator | Update norms — honest: ['0.11', '0.10', '0.11', '0.10', '0.11'], attacker: ['0.14', '0.13', '0.13', '0.13', '0.13']
2026-05-05 18:49:27 | DEBUG   | dpfl.algorithms.trust_aware.simulator | Round 10 Phase 1+2: 0.15s
2026-05-05 18:49:31 | INFO    | dpfl.core.base_simulator | Round  11/150 | Acc: 0.8341 | Loss: 0.7437 | eps_max: 0.69 eps_avg: 0.69 | P: nan R: nan F1: nan
2026-05-05 18:49:31 | DEBUG   | dpfl.core.base_simulator | Update norms — honest: ['0.09', '0.09', '0.10', '0.09', '0.09'], attacker: ['0.12', '0.12', '0.12', '0.12', '0.12']
2026-05-05 18:49:31 | DEBUG   | dpfl.algorithms.trust_aware.simulator | Round 11 Phase 1+2: 0.15s
2026-05-05 18:49:34 | INFO    | dpfl.core.base_simulator | Round  12/150 | Acc: 0.8396 | Loss: 0.7000 | eps_max: 0.72 eps_avg: 0.72 | P: nan R: nan F1: nan
2026-05-05 18:49:34 | DEBUG   | dpfl.core.base_simulator | Update norms — honest: ['0.08', '0.09', '0.09', '0.08', '0.09'], attacker: ['0.11', '0.11', '0.11', '0.11', '0.11']
2026-05-05 18:49:34 | DEBUG   | dpfl.algorithms.trust_aware.simulator | Round 12 Phase 1+2: 0.15s
2026-05-05 18:49:38 | INFO    | dpfl.core.base_simulator | Round  13/150 | Acc: 0.8444 | Loss: 0.6639 | eps_max: 0.76 eps_avg: 0.76 | P: nan R: nan F1: nan
2026-05-05 18:49:38 | DEBUG   | dpfl.core.base_simulator | Update norms — honest: ['0.09', '0.08', '0.09', '0.09', '0.08'], attacker: ['0.10', '0.10', '0.10', '0.10', '0.10']
2026-05-05 18:49:38 | DEBUG   | dpfl.algorithms.trust_aware.simulator | Round 13 Phase 1+2: 0.15s
2026-05-05 18:49:41 | INFO    | dpfl.core.base_simulator | Round  14/150 | Acc: 0.8481 | Loss: 0.6336 | eps_max: 0.80 eps_avg: 0.80 | P: 0.00 R: nan F1: nan
2026-05-05 18:49:41 | DEBUG   | dpfl.core.base_simulator | Update norms — honest: ['0.07', '0.08', '0.08', '0.07', '0.08'], attacker: ['0.09', '0.09', '0.10', '0.09', '0.09']
2026-05-05 18:49:41 | DEBUG   | dpfl.algorithms.trust_aware.simulator | Round 14 Phase 1+2: 0.15s
2026-05-05 18:49:45 | INFO    | dpfl.core.base_simulator | Round  15/150 | Acc: 0.8517 | Loss: 0.6076 | eps_max: 0.84 eps_avg: 0.84 | P: nan R: nan F1: nan
2026-05-05 18:49:45 | DEBUG   | dpfl.core.base_simulator | Update norms — honest: ['0.07', '0.07', '0.07', '0.07', '0.07'], attacker: ['0.08', '0.08', '0.09', '0.08', '0.08']
2026-05-05 18:49:45 | DEBUG   | dpfl.algorithms.trust_aware.simulator | Round 15 Phase 1+2: 0.17s
2026-05-05 18:49:49 | INFO    | dpfl.core.base_simulator | Round  16/150 | Acc: 0.8547 | Loss: 0.5858 | eps_max: 0.88 eps_avg: 0.88 | P: 0.00 R: nan F1: nan
2026-05-05 18:49:49 | DEBUG   | dpfl.core.base_simulator | Update norms — honest: ['0.07', '0.07', '0.07', '0.07', '0.06'], attacker: ['0.08', '0.08', '0.08', '0.08', '0.08']
2026-05-05 18:49:49 | DEBUG   | dpfl.algorithms.trust_aware.simulator | Round 16 Phase 1+2: 0.15s
2026-05-05 18:49:53 | INFO    | dpfl.core.base_simulator | Round  17/150 | Acc: 0.8572 | Loss: 0.5665 | eps_max: 0.91 eps_avg: 0.91 | P: 0.00 R: nan F1: nan
2026-05-05 18:49:53 | DEBUG   | dpfl.core.base_simulator | Update norms — honest: ['0.06', '0.06', '0.06', '0.06', '0.06'], attacker: ['0.07', '0.07', '0.07', '0.07', '0.07']
2026-05-05 18:49:53 | DEBUG   | dpfl.algorithms.trust_aware.simulator | Round 17 Phase 1+2: 0.15s
2026-05-05 18:49:57 | INFO    | dpfl.core.base_simulator | Round  18/150 | Acc: 0.8596 | Loss: 0.5500 | eps_max: 0.95 eps_avg: 0.95 | P: nan R: nan F1: nan
2026-05-05 18:49:57 | DEBUG   | dpfl.core.base_simulator | Update norms — honest: ['0.06', '0.06', '0.06', '0.06', '0.06'], attacker: ['0.07', '0.07', '0.07', '0.07', '0.07']
2026-05-05 18:49:57 | DEBUG   | dpfl.algorithms.trust_aware.simulator | Round 18 Phase 1+2: 0.43s
2026-05-05 18:50:00 | INFO    | dpfl.core.base_simulator | Round  19/150 | Acc: 0.8616 | Loss: 0.5355 | eps_max: 0.98 eps_avg: 0.98 | P: nan R: nan F1: nan
2026-05-05 18:50:00 | DEBUG   | dpfl.core.base_simulator | Update norms — honest: ['0.05', '0.06', '0.05', '0.06', '0.05'], attacker: ['0.06', '0.07', '0.07', '0.07', '0.06']
2026-05-05 18:50:01 | DEBUG   | dpfl.algorithms.trust_aware.simulator | Round 19 Phase 1+2: 0.15s
2026-05-05 18:50:04 | INFO    | dpfl.core.base_simulator | Round  20/150 | Acc: 0.8633 | Loss: 0.5225 | eps_max: 1.02 eps_avg: 1.02 | P: 0.00 R: nan F1: nan
2026-05-05 18:50:04 | DEBUG   | dpfl.core.base_simulator | Update norms — honest: ['0.05', '0.05', '0.05', '0.06', '0.05'], attacker: ['0.06', '0.06', '0.06', '0.06', '0.06']
2026-05-05 18:50:04 | DEBUG   | dpfl.algorithms.trust_aware.simulator | Round 20 Phase 1+2: 0.15s
2026-05-05 18:50:08 | INFO    | dpfl.core.base_simulator | Round  21/150 | Acc: 0.8650 | Loss: 0.5112 | eps_max: 1.06 eps_avg: 1.06 | P: nan R: nan F1: nan
2026-05-05 18:50:08 | DEBUG   | dpfl.core.base_simulator | Update norms — honest: ['0.05', '0.05', '0.05', '0.05', '0.05'], attacker: ['0.06', '0.06', '0.06', '0.06', '0.06']
2026-05-05 18:50:08 | DEBUG   | dpfl.algorithms.trust_aware.simulator | Round 21 Phase 1+2: 0.15s
2026-05-05 18:50:12 | INFO    | dpfl.core.base_simulator | Round  22/150 | Acc: 0.8665 | Loss: 0.5010 | eps_max: 1.10 eps_avg: 1.10 | P: nan R: nan F1: nan
2026-05-05 18:50:12 | DEBUG   | dpfl.core.base_simulator | Update norms — honest: ['0.05', '0.05', '0.05', '0.05', '0.05'], attacker: ['0.05', '0.06', '0.06', '0.06', '0.06']
2026-05-05 18:50:15 | DEBUG   | dpfl.algorithms.trust_aware.simulator | Round 22 Phase 1+2: 2.58s
2026-05-05 18:50:57 | INFO    | dpfl.core.base_simulator | Round  23/150 | Acc: 0.8679 | Loss: 0.4917 | eps_max: 1.15 eps_avg: 1.15 | P: 0.00 R: nan F1: nan
2026-05-05 18:50:57 | DEBUG   | dpfl.core.base_simulator | Update norms — honest: ['0.05', '0.05', '0.05', '0.05', '0.05'], attacker: ['0.05', '0.05', '0.05', '0.05', '0.05']
2026-05-05 18:50:57 | DEBUG   | dpfl.algorithms.trust_aware.simulator | Round 23 Phase 1+2: 0.15s
2026-05-05 18:51:03 | INFO    | dpfl.core.base_simulator | Round  24/150 | Acc: 0.8691 | Loss: 0.4834 | eps_max: 1.19 eps_avg: 1.19 | P: 0.00 R: nan F1: nan
2026-05-05 18:51:03 | DEBUG   | dpfl.core.base_simulator | Update norms — honest: ['0.05', '0.04', '0.05', '0.05', '0.04'], attacker: ['0.05', '0.05', '0.05', '0.05', '0.05']
2026-05-05 18:51:03 | DEBUG   | dpfl.algorithms.trust_aware.simulator | Round 24 Phase 1+2: 0.15s
2026-05-05 18:51:11 | INFO    | dpfl.core.base_simulator | Round  25/150 | Acc: 0.8701 | Loss: 0.4759 | eps_max: 1.22 eps_avg: 1.22 | P: nan R: nan F1: nan
2026-05-05 18:51:11 | DEBUG   | dpfl.core.base_simulator | Update norms — honest: ['0.04', '0.04', '0.04', '0.04', '0.04'], attacker: ['0.05', '0.05', '0.05', '0.05', '0.05']
2026-05-05 18:51:11 | DEBUG   | dpfl.algorithms.trust_aware.simulator | Round 25 Phase 1+2: 0.67s
2026-05-05 18:51:21 | INFO    | dpfl.core.base_simulator | Round  26/150 | Acc: 0.8713 | Loss: 0.4690 | eps_max: 1.26 eps_avg: 1.26 | P: nan R: nan F1: nan
2026-05-05 18:51:21 | DEBUG   | dpfl.core.base_simulator | Update norms — honest: ['0.04', '0.04', '0.04', '0.04', '0.04'], attacker: ['0.05', '0.05', '0.05', '0.05', '0.05']
2026-05-05 18:51:22 | DEBUG   | dpfl.algorithms.trust_aware.simulator | Round 26 Phase 1+2: 0.67s
2026-05-05 18:51:29 | INFO    | dpfl.core.base_simulator | Round  27/150 | Acc: 0.8722 | Loss: 0.4626 | eps_max: 1.29 eps_avg: 1.29 | P: 0.00 R: nan F1: nan
2026-05-05 18:51:29 | DEBUG   | dpfl.core.base_simulator | Update norms — honest: ['0.04', '0.04', '0.04', '0.04', '0.04'], attacker: ['0.05', '0.05', '0.05', '0.05', '0.04']
2026-05-05 18:51:29 | DEBUG   | dpfl.algorithms.trust_aware.simulator | Round 27 Phase 1+2: 0.17s
2026-05-05 18:51:33 | INFO    | dpfl.core.base_simulator | Round  28/150 | Acc: 0.8730 | Loss: 0.4571 | eps_max: 1.32 eps_avg: 1.32 | P: 0.00 R: nan F1: nan
2026-05-05 18:51:33 | DEBUG   | dpfl.core.base_simulator | Update norms — honest: ['0.04', '0.04', '0.04', '0.04', '0.04'], attacker: ['0.04', '0.05', '0.05', '0.05', '0.04']
2026-05-05 18:51:33 | DEBUG   | dpfl.algorithms.trust_aware.simulator | Round 28 Phase 1+2: 0.15s
2026-05-05 18:51:37 | INFO    | dpfl.core.base_simulator | Round  29/150 | Acc: 0.8738 | Loss: 0.4518 | eps_max: 1.36 eps_avg: 1.36 | P: 0.00 R: nan F1: nan
2026-05-05 18:51:37 | DEBUG   | dpfl.core.base_simulator | Update norms — honest: ['0.04', '0.04', '0.04', '0.04', '0.04'], attacker: ['0.04', '0.04', '0.05', '0.04', '0.04']
2026-05-05 18:51:37 | DEBUG   | dpfl.algorithms.trust_aware.simulator | Round 29 Phase 1+2: 0.15s
2026-05-05 18:51:46 | INFO    | dpfl.core.base_simulator | Round  30/150 | Acc: 0.8746 | Loss: 0.4468 | eps_max: 1.39 eps_avg: 1.39 | P: nan R: nan F1: nan
2026-05-05 18:51:46 | DEBUG   | dpfl.core.base_simulator | Update norms — honest: ['0.04', '0.04', '0.03', '0.04', '0.04'], attacker: ['0.04', '0.04', '0.04', '0.04', '0.04']
2026-05-05 18:51:47 | DEBUG   | dpfl.algorithms.trust_aware.simulator | Round 30 Phase 1+2: 0.69s
2026-05-05 18:51:56 | INFO    | dpfl.core.base_simulator | Round  31/150 | Acc: 0.8752 | Loss: 0.4423 | eps_max: 1.43 eps_avg: 1.43 | P: nan R: nan F1: nan
2026-05-05 18:51:56 | DEBUG   | dpfl.core.base_simulator | Update norms — honest: ['0.04', '0.04', '0.04', '0.04', '0.04'], attacker: ['0.04', '0.04', '0.04', '0.04', '0.04']
2026-05-05 18:51:56 | DEBUG   | dpfl.algorithms.trust_aware.simulator | Round 31 Phase 1+2: 0.68s
2026-05-05 18:52:01 | INFO    | dpfl.core.base_simulator | Round  32/150 | Acc: 0.8758 | Loss: 0.4381 | eps_max: 1.47 eps_avg: 1.47 | P: 0.00 R: nan F1: nan
2026-05-05 18:52:01 | DEBUG   | dpfl.core.base_simulator | Update norms — honest: ['0.04', '0.04', '0.04', '0.04', '0.04'], attacker: ['0.04', '0.04', '0.04', '0.04', '0.04']
2026-05-05 18:52:01 | DEBUG   | dpfl.algorithms.trust_aware.simulator | Round 32 Phase 1+2: 0.15s
2026-05-05 18:52:05 | INFO    | dpfl.core.base_simulator | Round  33/150 | Acc: 0.8766 | Loss: 0.4343 | eps_max: 1.51 eps_avg: 1.51 | P: 0.00 R: nan F1: nan
2026-05-05 18:52:05 | DEBUG   | dpfl.core.base_simulator | Update norms — honest: ['0.04', '0.04', '0.04', '0.03', '0.04'], attacker: ['0.04', '0.04', '0.04', '0.04', '0.04']
2026-05-05 18:52:06 | DEBUG   | dpfl.algorithms.trust_aware.simulator | Round 33 Phase 1+2: 0.15s
2026-05-05 18:52:14 | INFO    | dpfl.core.base_simulator | Round  34/150 | Acc: 0.8771 | Loss: 0.4307 | eps_max: 1.56 eps_avg: 1.56 | P: 0.00 R: nan F1: nan
2026-05-05 18:52:14 | DEBUG   | dpfl.core.base_simulator | Update norms — honest: ['0.04', '0.04', '0.03', '0.04', '0.04'], attacker: ['0.04', '0.04', '0.04', '0.04', '0.04']
2026-05-05 18:52:15 | DEBUG   | dpfl.algorithms.trust_aware.simulator | Round 34 Phase 1+2: 0.70s
2026-05-05 18:52:23 | INFO    | dpfl.core.base_simulator | Round  35/150 | Acc: 0.8776 | Loss: 0.4274 | eps_max: 1.60 eps_avg: 1.60 | P: 0.00 R: nan F1: nan
2026-05-05 18:52:23 | DEBUG   | dpfl.core.base_simulator | Update norms — honest: ['0.04', '0.03', '0.03', '0.03', '0.03'], attacker: ['0.04', '0.04', '0.04', '0.04', '0.04']
2026-05-05 18:52:23 | DEBUG   | dpfl.algorithms.trust_aware.simulator | Round 35 Phase 1+2: 0.15s
2026-05-05 18:52:28 | INFO    | dpfl.core.base_simulator | Round  36/150 | Acc: 0.8782 | Loss: 0.4243 | eps_max: 1.63 eps_avg: 1.63 | P: 0.00 R: nan F1: nan
2026-05-05 18:52:28 | DEBUG   | dpfl.core.base_simulator | Update norms — honest: ['0.03', '0.03', '0.03', '0.03', '0.03'], attacker: ['0.04', '0.04', '0.04', '0.04', '0.04']
2026-05-05 18:52:28 | DEBUG   | dpfl.algorithms.trust_aware.simulator | Round 36 Phase 1+2: 0.15s
2026-05-05 18:52:37 | INFO    | dpfl.core.base_simulator | Round  37/150 | Acc: 0.8786 | Loss: 0.4214 | eps_max: 1.67 eps_avg: 1.67 | P: 0.00 R: nan F1: nan
2026-05-05 18:52:37 | DEBUG   | dpfl.core.base_simulator | Update norms — honest: ['0.03', '0.03', '0.03', '0.03', '0.03'], attacker: ['0.04', '0.04', '0.04', '0.04', '0.04']
2026-05-05 18:52:37 | DEBUG   | dpfl.algorithms.trust_aware.simulator | Round 37 Phase 1+2: 0.67s
2026-05-05 18:52:45 | INFO    | dpfl.core.base_simulator | Round  38/150 | Acc: 0.8791 | Loss: 0.4187 | eps_max: 1.70 eps_avg: 1.70 | P: 0.00 R: nan F1: nan
2026-05-05 18:52:45 | DEBUG   | dpfl.core.base_simulator | Update norms — honest: ['0.03', '0.03', '0.03', '0.03', '0.03'], attacker: ['0.03', '0.04', '0.04', '0.04', '0.03']
2026-05-05 18:52:45 | DEBUG   | dpfl.algorithms.trust_aware.simulator | Round 38 Phase 1+2: 0.16s
2026-05-05 18:52:50 | INFO    | dpfl.core.base_simulator | Round  39/150 | Acc: 0.8793 | Loss: 0.4164 | eps_max: 1.74 eps_avg: 1.74 | P: 0.00 R: nan F1: nan
2026-05-05 18:52:50 | DEBUG   | dpfl.core.base_simulator | Update norms — honest: ['0.03', '0.03', '0.03', '0.03', '0.03'], attacker: ['0.03', '0.04', '0.04', '0.04', '0.03']
2026-05-05 18:52:50 | DEBUG   | dpfl.algorithms.trust_aware.simulator | Round 39 Phase 1+2: 0.15s
2026-05-05 18:52:59 | INFO    | dpfl.core.base_simulator | Round  40/150 | Acc: 0.8797 | Loss: 0.4140 | eps_max: 1.78 eps_avg: 1.78 | P: 0.00 R: nan F1: nan
2026-05-05 18:52:59 | DEBUG   | dpfl.core.base_simulator | Update norms — honest: ['0.03', '0.03', '0.03', '0.03', '0.03'], attacker: ['0.03', '0.03', '0.04', '0.03', '0.04']
2026-05-05 18:53:00 | DEBUG   | dpfl.algorithms.trust_aware.simulator | Round 40 Phase 1+2: 0.69s
2026-05-05 18:53:08 | INFO    | dpfl.core.base_simulator | Round  41/150 | Acc: 0.8801 | Loss: 0.4117 | eps_max: 1.82 eps_avg: 1.82 | P: 0.00 R: nan F1: nan
2026-05-05 18:53:08 | DEBUG   | dpfl.core.base_simulator | Update norms — honest: ['0.03', '0.03', '0.03', '0.03', '0.03'], attacker: ['0.03', '0.03', '0.03', '0.03', '0.03']
2026-05-05 18:53:08 | DEBUG   | dpfl.algorithms.trust_aware.simulator | Round 41 Phase 1+2: 0.15s
2026-05-05 18:53:13 | INFO    | dpfl.core.base_simulator | Round  42/150 | Acc: 0.8804 | Loss: 0.4097 | eps_max: 1.86 eps_avg: 1.86 | P: 0.00 R: nan F1: nan
2026-05-05 18:53:13 | DEBUG   | dpfl.core.base_simulator | Update norms — honest: ['0.03', '0.03', '0.03', '0.03', '0.03'], attacker: ['0.03', '0.03', '0.04', '0.03', '0.04']
2026-05-05 18:53:13 | DEBUG   | dpfl.algorithms.trust_aware.simulator | Round 42 Phase 1+2: 0.15s
2026-05-05 18:53:23 | INFO    | dpfl.core.base_simulator | Round  43/150 | Acc: 0.8808 | Loss: 0.4077 | eps_max: 1.90 eps_avg: 1.90 | P: 0.00 R: nan F1: nan
2026-05-05 18:53:23 | DEBUG   | dpfl.core.base_simulator | Update norms — honest: ['0.03', '0.03', '0.03', '0.03', '0.03'], attacker: ['0.03', '0.03', '0.03', '0.03', '0.03']
2026-05-05 18:53:24 | DEBUG   | dpfl.algorithms.trust_aware.simulator | Round 43 Phase 1+2: 0.69s
2026-05-05 18:53:30 | INFO    | dpfl.core.base_simulator | Round  44/150 | Acc: 0.8810 | Loss: 0.4059 | eps_max: 1.95 eps_avg: 1.95 | P: 0.00 R: nan F1: nan
2026-05-05 18:53:30 | DEBUG   | dpfl.core.base_simulator | Update norms — honest: ['0.03', '0.03', '0.03', '0.03', '0.03'], attacker: ['0.03', '0.03', '0.03', '0.03', '0.04']
2026-05-05 18:53:30 | DEBUG   | dpfl.algorithms.trust_aware.simulator | Round 44 Phase 1+2: 0.15s
2026-05-05 18:53:36 | INFO    | dpfl.core.base_simulator | Round  45/150 | Acc: 0.8813 | Loss: 0.4043 | eps_max: 2.00 eps_avg: 2.00 | P: 0.00 R: nan F1: nan
2026-05-05 18:53:36 | DEBUG   | dpfl.core.base_simulator | Update norms — honest: ['0.03', '0.03', '0.03', '0.03', '0.03'], attacker: ['0.03', '0.03', '0.03', '0.03', '0.03']
2026-05-05 18:53:36 | DEBUG   | dpfl.algorithms.trust_aware.simulator | Round 45 Phase 1+2: 0.15s
2026-05-05 18:53:47 | INFO    | dpfl.core.base_simulator | Round  46/150 | Acc: 0.8816 | Loss: 0.4027 | eps_max: 2.04 eps_avg: 2.04 | P: 0.00 R: nan F1: nan
2026-05-05 18:53:47 | DEBUG   | dpfl.core.base_simulator | Update norms — honest: ['0.03', '0.03', '0.03', '0.03', '0.03'], attacker: ['0.03', '0.03', '0.03', '0.03', '0.03']
2026-05-05 18:53:48 | DEBUG   | dpfl.algorithms.trust_aware.simulator | Round 46 Phase 1+2: 0.55s
2026-05-05 18:53:53 | INFO    | dpfl.core.base_simulator | Round  47/150 | Acc: 0.8819 | Loss: 0.4011 | eps_max: 2.08 eps_avg: 2.08 | P: 0.00 R: nan F1: nan
2026-05-05 18:53:53 | DEBUG   | dpfl.core.base_simulator | Update norms — honest: ['0.03', '0.03', '0.03', '0.03', '0.03'], attacker: ['0.03', '0.03', '0.03', '0.03', '0.03']
2026-05-05 18:53:54 | DEBUG   | dpfl.algorithms.trust_aware.simulator | Round 47 Phase 1+2: 0.15s
2026-05-05 18:53:59 | INFO    | dpfl.core.base_simulator | Round  48/150 | Acc: 0.8821 | Loss: 0.3998 | eps_max: 2.11 eps_avg: 2.11 | P: 0.00 R: nan F1: nan
2026-05-05 18:53:59 | DEBUG   | dpfl.core.base_simulator | Update norms — honest: ['0.03', '0.03', '0.03', '0.03', '0.03'], attacker: ['0.03', '0.03', '0.03', '0.03', '0.03']
2026-05-05 18:53:59 | DEBUG   | dpfl.algorithms.trust_aware.simulator | Round 48 Phase 1+2: 0.15s
2026-05-05 18:54:10 | INFO    | dpfl.core.base_simulator | Round  49/150 | Acc: 0.8823 | Loss: 0.3984 | eps_max: 2.15 eps_avg: 2.15 | P: 0.00 R: nan F1: nan
2026-05-05 18:54:10 | DEBUG   | dpfl.core.base_simulator | Update norms — honest: ['0.03', '0.03', '0.03', '0.02', '0.03'], attacker: ['0.03', '0.03', '0.03', '0.03', '0.03']
2026-05-05 18:54:10 | DEBUG   | dpfl.algorithms.trust_aware.simulator | Round 49 Phase 1+2: 0.31s
2026-05-05 18:54:16 | INFO    | dpfl.core.base_simulator | Round  50/150 | Acc: 0.8826 | Loss: 0.3970 | eps_max: 2.19 eps_avg: 2.19 | P: 0.00 R: nan F1: nan
2026-05-05 18:54:16 | DEBUG   | dpfl.core.base_simulator | Update norms — honest: ['0.03', '0.03', '0.03', '0.03', '0.03'], attacker: ['0.03', '0.03', '0.03', '0.03', '0.03']
2026-05-05 18:54:16 | DEBUG   | dpfl.algorithms.trust_aware.simulator | Round 50 Phase 1+2: 0.13s
2026-05-05 18:54:21 | INFO    | dpfl.core.base_simulator | Round  51/150 | Acc: 0.8828 | Loss: 0.3959 | eps_max: 2.22 eps_avg: 2.22 | P: 0.75 R: 1.00 F1: 1.00
2026-05-05 18:54:21 | DEBUG   | dpfl.core.base_simulator | Update norms — honest: ['0.03', '0.03', '0.03', '0.03', '0.03'], attacker: ['0.28', '0.32', '0.30', '0.31', '0.29']
2026-05-05 18:54:21 | DEBUG   | dpfl.algorithms.trust_aware.simulator | Round 51 Phase 1+2: 0.13s
2026-05-05 18:54:26 | INFO    | dpfl.core.base_simulator | Round  52/150 | Acc: 0.8829 | Loss: 0.3949 | eps_max: 2.26 eps_avg: 2.26 | P: 0.77 R: 0.99 F1: 0.99
2026-05-05 18:54:26 | DEBUG   | dpfl.core.base_simulator | Update norms — honest: ['0.03', '0.03', '0.02', '0.03', '0.03'], attacker: ['0.32', '0.52', '0.43', '0.44', '0.35']
2026-05-05 18:54:26 | DEBUG   | dpfl.algorithms.trust_aware.simulator | Round 52 Phase 1+2: 0.13s
2026-05-05 18:54:31 | INFO    | dpfl.core.base_simulator | Round  53/150 | Acc: 0.8829 | Loss: 0.3943 | eps_max: 2.30 eps_avg: 2.30 | P: 0.88 R: 0.76 F1: 0.85
2026-05-05 18:54:31 | DEBUG   | dpfl.core.base_simulator | Update norms — honest: ['0.02', '0.03', '0.03', '0.02', '0.03'], attacker: ['0.71', '1.77', '1.15', '1.22', '0.76']
2026-05-05 18:54:31 | DEBUG   | dpfl.algorithms.trust_aware.simulator | Round 53 Phase 1+2: 0.12s
2026-05-05 18:54:36 | INFO    | dpfl.core.base_simulator | Round  54/150 | Acc: 0.8810 | Loss: 0.3985 | eps_max: 2.34 eps_avg: 2.34 | P: 0.92 R: 0.53 F1: 0.69
2026-05-05 18:54:36 | DEBUG   | dpfl.core.base_simulator | Update norms — honest: ['0.03', '0.03', '0.02', '0.02', '0.02'], attacker: ['2.48', '6.45', '4.61', '4.34', '2.74']
2026-05-05 18:54:36 | DEBUG   | dpfl.algorithms.trust_aware.simulator | Round 54 Phase 1+2: 0.13s
2026-05-05 18:54:41 | INFO    | dpfl.core.base_simulator | Round  55/150 | Acc: 0.8776 | Loss: 0.4121 | eps_max: 2.39 eps_avg: 2.39 | P: 0.73 R: 0.54 F1: 0.66
2026-05-05 18:54:41 | DEBUG   | dpfl.core.base_simulator | Update norms — honest: ['0.03', '0.03', '0.02', '0.03', '0.02'], attacker: ['8.01', '19.24', '15.45', '9.82', '9.52']
2026-05-05 18:54:42 | DEBUG   | dpfl.algorithms.trust_aware.simulator | Round 55 Phase 1+2: 0.13s
2026-05-05 18:54:47 | INFO    | dpfl.core.base_simulator | Round  56/150 | Acc: 0.8828 | Loss: 0.3937 | eps_max: 2.43 eps_avg: 2.43 | P: 0.84 R: 0.83 F1: 0.88
2026-05-05 18:54:47 | DEBUG   | dpfl.core.base_simulator | Update norms — honest: ['0.03', '0.02', '0.03', '0.03', '0.03'], attacker: ['28.12', '68.68', '54.98', '29.31', '27.89']
2026-05-05 18:54:48 | DEBUG   | dpfl.algorithms.trust_aware.simulator | Round 56 Phase 1+2: 0.13s
2026-05-05 18:54:55 | INFO    | dpfl.core.base_simulator | Round  57/150 | Acc: 0.8836 | Loss: 0.3906 | eps_max: 2.48 eps_avg: 2.48 | P: 0.71 R: 1.00 F1: 1.00
2026-05-05 18:54:55 | DEBUG   | dpfl.core.base_simulator | Update norms — honest: ['0.02', '0.03', '0.03', '0.02', '0.02'], attacker: ['102.96', '245.55', '198.32', '92.99', '97.14']
2026-05-05 18:54:55 | DEBUG   | dpfl.algorithms.trust_aware.simulator | Round 57 Phase 1+2: 0.13s
2026-05-05 18:55:04 | INFO    | dpfl.core.base_simulator | Round  58/150 | Acc: 0.8838 | Loss: 0.3898 | eps_max: 2.52 eps_avg: 2.52 | P: 0.89 R: 1.00 F1: 1.00
2026-05-05 18:55:04 | DEBUG   | dpfl.core.base_simulator | Update norms — honest: ['0.03', '0.03', '0.02', '0.02', '0.02'], attacker: ['358.29', '869.16', '702.43', '321.74', '358.87']
2026-05-05 18:55:04 | DEBUG   | dpfl.algorithms.trust_aware.simulator | Round 58 Phase 1+2: 0.13s
2026-05-05 18:55:15 | INFO    | dpfl.core.base_simulator | Round  59/150 | Acc: 0.8837 | Loss: 0.3896 | eps_max: 2.57 eps_avg: 2.57 | P: 0.84 R: 1.00 F1: 0.99
2026-05-05 18:55:15 | DEBUG   | dpfl.core.base_simulator | Update norms — honest: ['0.03', '0.03', '0.02', '0.03', '0.02'], attacker: ['1259.51', '3034.02', '2464.40', '1171.09', '1293.24']
2026-05-05 18:55:15 | DEBUG   | dpfl.algorithms.trust_aware.simulator | Round 59 Phase 1+2: 0.49s
2026-05-05 18:55:27 | INFO    | dpfl.core.base_simulator | Round  60/150 | Acc: 0.8841 | Loss: 0.3884 | eps_max: 2.62 eps_avg: 2.62 | P: 0.84 R: 1.00 F1: 1.00
2026-05-05 18:55:27 | DEBUG   | dpfl.core.base_simulator | Update norms — honest: ['0.02', '0.02', '0.02', '0.03', '0.02'], attacker: ['4362.60', '10710.19', '8650.90', '4279.14', '4651.64']
2026-05-05 18:55:27 | DEBUG   | dpfl.algorithms.trust_aware.simulator | Round 60 Phase 1+2: 0.47s
2026-05-05 18:55:39 | INFO    | dpfl.core.base_simulator | Round  61/150 | Acc: 0.8840 | Loss: 0.3881 | eps_max: 2.67 eps_avg: 2.67 | P: 0.92 R: 1.00 F1: 1.00
2026-05-05 18:55:39 | DEBUG   | dpfl.core.base_simulator | Update norms — honest: ['0.02', '0.03', '0.02', '0.02', '0.02'], attacker: ['15163.84', '37107.29', '30050.98', '15946.52', '15932.29']
2026-05-05 18:55:39 | DEBUG   | dpfl.algorithms.trust_aware.simulator | Round 61 Phase 1+2: 0.47s
2026-05-05 18:55:50 | INFO    | dpfl.core.base_simulator | Round  62/150 | Acc: 0.8843 | Loss: 0.3871 | eps_max: 2.73 eps_avg: 2.73 | P: 0.75 R: 1.00 F1: 1.00
2026-05-05 18:55:50 | DEBUG   | dpfl.core.base_simulator | Update norms — honest: ['0.02', '0.02', '0.02', '0.02', '0.02'], attacker: ['51140.47', '127009.28', '106567.91', '58580.21', '54630.89']
2026-05-05 18:55:51 | DEBUG   | dpfl.algorithms.trust_aware.simulator | Round 62 Phase 1+2: 0.48s
2026-05-05 18:56:02 | INFO    | dpfl.core.base_simulator | Round  63/150 | Acc: 0.8842 | Loss: 0.3870 | eps_max: 2.78 eps_avg: 2.78 | P: 0.67 R: 1.00 F1: 0.98
2026-05-05 18:56:02 | DEBUG   | dpfl.core.base_simulator | Update norms — honest: ['0.03', '0.02', '0.02', '0.02', '0.02'], attacker: ['182972.94', '440735.34', '364426.72', '217436.50', '197234.36']
2026-05-05 18:56:02 | DEBUG   | dpfl.algorithms.trust_aware.simulator | Round 63 Phase 1+2: 0.49s
2026-05-05 18:56:12 | INFO    | dpfl.core.base_simulator | Round  64/150 | Acc: 0.8843 | Loss: 0.3866 | eps_max: 2.84 eps_avg: 2.84 | P: 0.74 R: 1.00 F1: 0.98
2026-05-05 18:56:12 | DEBUG   | dpfl.core.base_simulator | Update norms — honest: ['0.02', '0.02', '0.02', '0.02', '0.02'], attacker: ['625064.31', '1516742.12', '1257278.75', '765891.06', '661896.81']
2026-05-05 18:56:13 | DEBUG   | dpfl.algorithms.trust_aware.simulator | Round 64 Phase 1+2: 0.49s
2026-05-05 18:56:23 | INFO    | dpfl.core.base_simulator | Round  65/150 | Acc: 0.8842 | Loss: 0.3868 | eps_max: 2.88 eps_avg: 2.88 | P: 0.93 R: 1.00 F1: 0.99
2026-05-05 18:56:23 | DEBUG   | dpfl.core.base_simulator | Update norms — honest: ['0.02', '0.02', '0.02', '0.02', '0.02'], attacker: ['2146895.75', '5263151.00', '4494543.00', '2692816.50', '2350536.75']
2026-05-05 18:56:23 | DEBUG   | dpfl.algorithms.trust_aware.simulator | Round 65 Phase 1+2: 0.49s
2026-05-05 18:56:32 | INFO    | dpfl.core.base_simulator | Round  66/150 | Acc: 0.8845 | Loss: 0.3856 | eps_max: 2.91 eps_avg: 2.91 | P: 1.00 R: 1.00 F1: 1.00
2026-05-05 18:56:32 | DEBUG   | dpfl.core.base_simulator | Update norms — honest: ['0.02', '0.02', '0.02', '0.02', '0.02'], attacker: ['7444907.50', '18145796.00', '14803938.00', '9397744.00', '8140234.00']
2026-05-05 18:56:32 | DEBUG   | dpfl.algorithms.trust_aware.simulator | Round 66 Phase 1+2: 0.13s
2026-05-05 18:56:38 | INFO    | dpfl.core.base_simulator | Round  67/150 | Acc: 0.8847 | Loss: 0.3848 | eps_max: 2.95 eps_avg: 2.95 | P: 1.00 R: 1.00 F1: 1.00
2026-05-05 18:56:38 | DEBUG   | dpfl.core.base_simulator | Update norms — honest: ['0.02', '0.02', '0.02', '0.02', '0.02'], attacker: ['26001754.00', '60603524.00', '53613228.00', '32690680.00', '28278046.00']
2026-05-05 18:56:38 | DEBUG   | dpfl.algorithms.trust_aware.simulator | Round 67 Phase 1+2: 0.13s
2026-05-05 18:56:44 | INFO    | dpfl.core.base_simulator | Round  68/150 | Acc: 0.8848 | Loss: 0.3846 | eps_max: 2.99 eps_avg: 2.99 | P: 0.59 R: 1.00 F1: 0.98
2026-05-05 18:56:44 | DEBUG   | dpfl.core.base_simulator | Update norms — honest: ['0.03', '0.02', '0.02', '0.06', '0.02'], attacker: ['89283256.00', '213952192.00', '180766448.00', '114081624.00', '98269400.00']
2026-05-05 18:56:44 | DEBUG   | dpfl.algorithms.trust_aware.simulator | Round 68 Phase 1+2: 0.13s
2026-05-05 18:56:51 | INFO    | dpfl.core.base_simulator | Round  69/150 | Acc: 0.8845 | Loss: 0.3856 | eps_max: 3.02 eps_avg: 3.02 | P: 0.55 R: 1.00 F1: 1.00
2026-05-05 18:56:51 | DEBUG   | dpfl.core.base_simulator | Update norms — honest: ['0.02', '0.02', '0.02', '0.02', '0.02'], attacker: ['309676608.00', '727858944.00', '637455808.00', '400634976.00', '340565248.00']
2026-05-05 18:56:51 | DEBUG   | dpfl.algorithms.trust_aware.simulator | Round 69 Phase 1+2: 0.47s
2026-05-05 18:57:03 | INFO    | dpfl.core.base_simulator | Round  70/150 | Acc: 0.8850 | Loss: 0.3838 | eps_max: 3.06 eps_avg: 3.06 | P: 1.00 R: 1.00 F1: 1.00
2026-05-05 18:57:03 | DEBUG   | dpfl.core.base_simulator | Update norms — honest: ['0.02', '0.02', '0.02', '0.02', '0.02'], attacker: ['1097686400.00', '2490316800.00', '2169370368.00', '1379088000.00', '1170802560.00']
2026-05-05 18:57:03 | DEBUG   | dpfl.algorithms.trust_aware.simulator | Round 70 Phase 1+2: 0.13s
2026-05-05 18:57:09 | INFO    | dpfl.core.base_simulator | Round  71/150 | Acc: 0.8849 | Loss: 0.3837 | eps_max: 3.10 eps_avg: 3.10 | P: 0.71 R: 1.00 F1: 1.00
2026-05-05 18:57:09 | DEBUG   | dpfl.core.base_simulator | Update norms — honest: ['0.02', '0.02', '0.02', '0.02', '0.02'], attacker: ['3754520832.00', '8884747264.00', '7477305344.00', '4650370048.00', '4109978880.00']
2026-05-05 18:57:09 | DEBUG   | dpfl.algorithms.trust_aware.simulator | Round 71 Phase 1+2: 0.13s
2026-05-05 18:57:16 | INFO    | dpfl.core.base_simulator | Round  72/150 | Acc: 0.8850 | Loss: 0.3834 | eps_max: 3.14 eps_avg: 3.14 | P: 0.72 R: 1.00 F1: 1.00
2026-05-05 18:57:16 | DEBUG   | dpfl.core.base_simulator | Update norms — honest: ['0.02', '0.02', '0.02', '0.02', '0.02'], attacker: ['13148416000.00', '30701864960.00', '26714304512.00', '16476655616.00', '14449064960.00']
2026-05-05 18:57:16 | DEBUG   | dpfl.algorithms.trust_aware.simulator | Round 72 Phase 1+2: 0.13s
2026-05-05 18:57:22 | INFO    | dpfl.core.base_simulator | Round  73/150 | Acc: 0.8851 | Loss: 0.3830 | eps_max: 3.18 eps_avg: 3.18 | P: 0.67 R: 1.00 F1: 1.00
2026-05-05 18:57:22 | DEBUG   | dpfl.core.base_simulator | Update norms — honest: ['0.02', '0.02', '0.02', '0.02', '0.02'], attacker: ['44048060416.00', '105653288960.00', '90187038720.00', '56676397056.00', '50929704960.00']
2026-05-05 18:57:22 | DEBUG   | dpfl.algorithms.trust_aware.simulator | Round 73 Phase 1+2: 0.13s
2026-05-05 18:57:28 | INFO    | dpfl.core.base_simulator | Round  74/150 | Acc: 0.8850 | Loss: 0.3833 | eps_max: 3.23 eps_avg: 3.23 | P: 0.76 R: 1.00 F1: 1.00
2026-05-05 18:57:28 | DEBUG   | dpfl.core.base_simulator | Update norms — honest: ['0.02', '0.02', '0.02', '0.02', '0.02'], attacker: ['156437168128.00', '367143550976.00', '311281975296.00', '188502441984.00', '168451653632.00']
2026-05-05 18:57:28 | DEBUG   | dpfl.algorithms.trust_aware.simulator | Round 74 Phase 1+2: 0.13s
2026-05-05 18:57:40 | INFO    | dpfl.core.base_simulator | Round  75/150 | Acc: 0.8849 | Loss: 0.3835 | eps_max: 3.27 eps_avg: 3.27 | P: 0.64 R: 1.00 F1: 1.00
2026-05-05 18:57:40 | DEBUG   | dpfl.core.base_simulator | Update norms — honest: ['0.02', '0.02', '0.02', '0.02', '0.02'], attacker: ['538194182144.00', '1246363385856.00', '1114170064896.00', '673912717312.00', '616313257984.00']
2026-05-05 18:57:40 | DEBUG   | dpfl.algorithms.trust_aware.simulator | Round 75 Phase 1+2: 0.47s
2026-05-05 18:57:49 | INFO    | dpfl.core.base_simulator | Round  76/150 | Acc: 0.8852 | Loss: 0.3825 | eps_max: 3.31 eps_avg: 3.31 | P: 0.84 R: 1.00 F1: 1.00
2026-05-05 18:57:49 | DEBUG   | dpfl.core.base_simulator | Update norms — honest: ['0.02', '0.02', '0.02', '0.02', '0.02'], attacker: ['1819563130880.00', '4499053740032.00', '3743901810688.00', '2280514125824.00', '2003185434624.00']
2026-05-05 18:57:49 | DEBUG   | dpfl.algorithms.trust_aware.simulator | Round 76 Phase 1+2: 0.13s
2026-05-05 18:57:55 | INFO    | dpfl.core.base_simulator | Round  77/150 | Acc: 0.8853 | Loss: 0.3823 | eps_max: 3.36 eps_avg: 3.36 | P: 0.78 R: 1.00 F1: 1.00
2026-05-05 18:57:55 | DEBUG   | dpfl.core.base_simulator | Update norms — honest: ['0.02', '0.02', '0.02', '0.02', '0.02'], attacker: ['6299516403712.00', '15529703112704.00', '13533709336576.00', '8166985170944.00', '7219396476928.00']
2026-05-05 18:57:55 | DEBUG   | dpfl.algorithms.trust_aware.simulator | Round 77 Phase 1+2: 0.13s
2026-05-05 18:58:02 | INFO    | dpfl.core.base_simulator | Round  78/150 | Acc: 0.8853 | Loss: 0.3822 | eps_max: 3.40 eps_avg: 3.40 | P: 0.63 R: 1.00 F1: 0.99
2026-05-05 18:58:02 | DEBUG   | dpfl.core.base_simulator | Update norms — honest: ['0.02', '0.02', '0.02', '0.02', '0.02'], attacker: ['22488153063424.00', '51740317581312.00', '45188760207360.00', '27110842302464.00', '25061530533888.00']
2026-05-05 18:58:02 | DEBUG   | dpfl.algorithms.trust_aware.simulator | Round 78 Phase 1+2: 0.13s
2026-05-05 18:58:09 | INFO    | dpfl.core.base_simulator | Round  79/150 | Acc: 0.8854 | Loss: 0.3820 | eps_max: 3.45 eps_avg: 3.45 | P: 1.00 R: 1.00 F1: 1.00
2026-05-05 18:58:09 | DEBUG   | dpfl.core.base_simulator | Update norms — honest: ['0.02', '0.02', '0.02', '0.02', '0.02'], attacker: ['77763411181568.00', '182705291526144.00', '154639055978496.00', '96443314470912.00', '88691888357376.00']
2026-05-05 18:58:09 | DEBUG   | dpfl.algorithms.trust_aware.simulator | Round 79 Phase 1+2: 0.13s
2026-05-05 18:58:16 | INFO    | dpfl.core.base_simulator | Round  80/150 | Acc: 0.8854 | Loss: 0.3820 | eps_max: 3.50 eps_avg: 3.50 | P: 0.84 R: 1.00 F1: 0.99
2026-05-05 18:58:16 | DEBUG   | dpfl.core.base_simulator | Update norms — honest: ['0.02', '0.02', '0.02', '0.02', '0.02'], attacker: ['271383212851200.00', '632946847383552.00', '553550149058560.00', '319361789198336.00', '309179461926912.00']
2026-05-05 18:58:16 | DEBUG   | dpfl.algorithms.trust_aware.simulator | Round 80 Phase 1+2: 0.13s
2026-05-05 18:58:27 | INFO    | dpfl.core.base_simulator | Round  81/150 | Acc: 0.8852 | Loss: 0.3825 | eps_max: 3.55 eps_avg: 3.55 | P: 0.93 R: 1.00 F1: 1.00
2026-05-05 18:58:27 | DEBUG   | dpfl.core.base_simulator | Update norms — honest: ['0.02', '0.02', '0.02', '0.02', '0.02'], attacker: ['938423913283584.00', '2141935758213120.00', '1875961586909184.00', '1144869703647232.00', '1031225875628032.00']
2026-05-05 18:58:28 | DEBUG   | dpfl.algorithms.trust_aware.simulator | Round 81 Phase 1+2: 0.47s
2026-05-05 18:58:39 | INFO    | dpfl.core.base_simulator | Round  82/150 | Acc: 0.8855 | Loss: 0.3817 | eps_max: 3.60 eps_avg: 3.60 | P: 0.89 R: 1.00 F1: 0.98
2026-05-05 18:58:39 | DEBUG   | dpfl.core.base_simulator | Update norms — honest: ['0.02', '0.02', '0.02', '0.02', '0.02'], attacker: ['3225707538808832.00', '7528120429051904.00', '6422480419815424.00', '3947817169059840.00', '3543447340318720.00']
2026-05-05 18:58:39 | DEBUG   | dpfl.algorithms.trust_aware.simulator | Round 82 Phase 1+2: 0.12s
2026-05-05 18:58:46 | INFO    | dpfl.core.base_simulator | Round  83/150 | Acc: 0.8856 | Loss: 0.3816 | eps_max: 3.65 eps_avg: 3.65 | P: 1.00 R: 1.00 F1: 1.00
2026-05-05 18:58:46 | DEBUG   | dpfl.core.base_simulator | Update norms — honest: ['0.02', '0.02', '0.02', '0.02', '0.02'], attacker: ['11333044304609280.00', '25073022641635328.00', '23219381328674816.00', '13584951492476928.00', '12584807154319360.00']
2026-05-05 18:58:46 | DEBUG   | dpfl.algorithms.trust_aware.simulator | Round 83 Phase 1+2: 0.13s
2026-05-05 18:58:53 | INFO    | dpfl.core.base_simulator | Round  84/150 | Acc: 0.8856 | Loss: 0.3816 | eps_max: 3.71 eps_avg: 3.71 | P: 0.67 R: 1.00 F1: 1.00
2026-05-05 18:58:53 | DEBUG   | dpfl.core.base_simulator | Update norms — honest: ['0.02', '0.02', '0.02', '0.02', '0.02'], attacker: ['38358606323646464.00', '90977964358893568.00', '80464425584164864.00', '47051474101862400.00', '43220187180171264.00']
2026-05-05 18:58:53 | DEBUG   | dpfl.algorithms.trust_aware.simulator | Round 84 Phase 1+2: 0.13s
2026-05-05 18:59:00 | INFO    | dpfl.core.base_simulator | Round  85/150 | Acc: 0.8855 | Loss: 0.3818 | eps_max: 3.76 eps_avg: 3.76 | P: 0.89 R: 1.00 F1: 1.00
2026-05-05 18:59:00 | DEBUG   | dpfl.core.base_simulator | Update norms — honest: ['0.02', '0.02', '0.02', '0.02', '0.02'], attacker: ['129604864404619264.00', '302960018032951296.00', '272360111215738880.00', '164511042871754752.00', '152199879895023616.00']
2026-05-05 18:59:00 | DEBUG   | dpfl.algorithms.trust_aware.simulator | Round 85 Phase 1+2: 0.13s
2026-05-05 18:59:07 | INFO    | dpfl.core.base_simulator | Round  86/150 | Acc: 0.8856 | Loss: 0.3816 | eps_max: 3.82 eps_avg: 3.82 | P: 0.50 R: 1.00 F1: 1.00
2026-05-05 18:59:07 | DEBUG   | dpfl.core.base_simulator | Update norms — honest: ['0.02', '0.02', '0.02', '0.02', '0.02'], attacker: ['453907227766423552.00', '1119037786054197248.00', '928617078091415552.00', '570208997907365888.00', '520246708504887296.00']
2026-05-05 18:59:08 | DEBUG   | dpfl.algorithms.trust_aware.simulator | Round 86 Phase 1+2: 0.13s
2026-05-05 18:59:15 | INFO    | dpfl.core.base_simulator | Round  87/150 | Acc: 0.8856 | Loss: 0.3817 | eps_max: 3.87 eps_avg: 3.87 | P: 0.91 R: 1.00 F1: 1.00
2026-05-05 18:59:15 | DEBUG   | dpfl.core.base_simulator | Update norms — honest: ['0.02', '0.02', '0.02', '0.02', '0.02'], attacker: ['1583592512625311744.00', '3657672214599172096.00', '3307757037105971200.00', '1953513991380664320.00', '1823439154474647552.00']
2026-05-05 18:59:15 | DEBUG   | dpfl.algorithms.trust_aware.simulator | Round 87 Phase 1+2: 0.13s
2026-05-05 18:59:25 | INFO    | dpfl.core.base_simulator | Round  88/150 | Acc: 0.8856 | Loss: 0.3816 | eps_max: 3.92 eps_avg: 3.92 | P: 0.78 R: 1.00 F1: 0.99
2026-05-05 18:59:25 | DEBUG   | dpfl.core.base_simulator | Update norms — honest: ['0.02', '0.02', '0.02', '0.02', '0.02'], attacker: ['5601334994111823872.00', '13140526246830014464.00', '11410455695640756224.00', '6748101432626380800.00', '6400477637365465088.00']
2026-05-05 18:59:26 | DEBUG   | dpfl.algorithms.trust_aware.simulator | Round 88 Phase 1+2: 0.48s
2026-05-05 18:59:39 | INFO    | dpfl.core.base_simulator | Round  89/150 | Acc: 0.8856 | Loss: 0.3820 | eps_max: 3.96 eps_avg: 3.96 | P: 0.61 R: 1.00 F1: 1.00
2026-05-05 18:59:39 | DEBUG   | dpfl.core.base_simulator | Update norms — honest: ['0.02', '0.02', '0.02', '0.02', '0.02'], attacker: ['inf', 'nan', 'nan', 'inf', 'inf']
2026-05-05 18:59:40 | DEBUG   | dpfl.algorithms.trust_aware.simulator | Round 89 Phase 1+2: 0.47s
2026-05-05 18:59:50 | INFO    | dpfl.core.base_simulator | Round  90/150 | Acc: 0.8857 | Loss: 0.3819 | eps_max: 4.00 eps_avg: 4.00 | P: 0.98 R: 1.00 F1: 0.99
2026-05-05 18:59:50 | DEBUG   | dpfl.core.base_simulator | Update norms — honest: ['0.02', '0.02', '0.02', '0.02', '0.02'], attacker: ['nan', 'nan', 'nan', 'nan', 'nan']
2026-05-05 18:59:50 | DEBUG   | dpfl.algorithms.trust_aware.simulator | Round 90 Phase 1+2: 0.51s
2026-05-05 19:00:00 | INFO    | dpfl.core.base_simulator | Round  91/150 | Acc: 0.8855 | Loss: 0.3823 | eps_max: 4.05 eps_avg: 4.05 | P: 0.63 R: 1.00 F1: 0.99
2026-05-05 19:00:00 | DEBUG   | dpfl.core.base_simulator | Update norms — honest: ['0.02', '0.02', '0.02', '0.02', '0.02'], attacker: ['nan', 'nan', 'nan', 'nan', 'nan']
2026-05-05 19:00:00 | DEBUG   | dpfl.algorithms.trust_aware.simulator | Round 91 Phase 1+2: 0.13s
2026-05-05 19:00:08 | INFO    | dpfl.core.base_simulator | Round  92/150 | Acc: 0.8858 | Loss: 0.3818 | eps_max: 4.09 eps_avg: 4.09 | P: 0.99 R: 1.00 F1: 1.00
2026-05-05 19:00:08 | DEBUG   | dpfl.core.base_simulator | Update norms — honest: ['0.02', '0.02', '0.02', '0.02', '0.02'], attacker: ['nan', 'nan', 'nan', 'nan', 'nan']
2026-05-05 19:00:08 | DEBUG   | dpfl.algorithms.trust_aware.simulator | Round 92 Phase 1+2: 0.12s
2026-05-05 19:00:16 | INFO    | dpfl.core.base_simulator | Round  93/150 | Acc: 0.8858 | Loss: 0.3818 | eps_max: 4.14 eps_avg: 4.14 | P: 0.54 R: 1.00 F1: 1.00
2026-05-05 19:00:16 | DEBUG   | dpfl.core.base_simulator | Update norms — honest: ['0.02', '0.02', '0.02', '0.02', '0.02'], attacker: ['nan', 'nan', 'nan', 'nan', 'nan']
2026-05-05 19:00:16 | DEBUG   | dpfl.algorithms.trust_aware.simulator | Round 93 Phase 1+2: 0.13s
2026-05-05 19:00:23 | INFO    | dpfl.core.base_simulator | Round  94/150 | Acc: 0.8853 | Loss: 0.3837 | eps_max: 4.18 eps_avg: 4.18 | P: 0.71 R: 1.00 F1: 1.00
2026-05-05 19:00:23 | DEBUG   | dpfl.core.base_simulator | Update norms — honest: ['0.02', '0.02', '0.02', '0.02', '0.02'], attacker: ['nan', 'nan', 'nan', 'nan', 'nan']
2026-05-05 19:00:24 | DEBUG   | dpfl.algorithms.trust_aware.simulator | Round 94 Phase 1+2: 0.14s
2026-05-05 19:00:32 | INFO    | dpfl.core.base_simulator | Round  95/150 | Acc: 0.8855 | Loss: 0.3828 | eps_max: 4.23 eps_avg: 4.23 | P: 0.90 R: 1.00 F1: 1.00
2026-05-05 19:00:32 | DEBUG   | dpfl.core.base_simulator | Update norms — honest: ['0.02', '0.02', '0.02', '0.02', '0.02'], attacker: ['nan', 'nan', 'nan', 'nan', 'nan']
2026-05-05 19:00:32 | DEBUG   | dpfl.algorithms.trust_aware.simulator | Round 95 Phase 1+2: 0.13s
2026-05-05 19:00:40 | INFO    | dpfl.core.base_simulator | Round  96/150 | Acc: 0.8852 | Loss: 0.3846 | eps_max: 4.28 eps_avg: 4.28 | P: 0.73 R: 1.00 F1: 1.00
2026-05-05 19:00:40 | DEBUG   | dpfl.core.base_simulator | Update norms — honest: ['0.16', '0.02', '0.02', '0.02', '0.02'], attacker: ['nan', 'nan', 'nan', 'nan', 'nan']
2026-05-05 19:00:40 | DEBUG   | dpfl.algorithms.trust_aware.simulator | Round 96 Phase 1+2: 0.13s
2026-05-05 19:00:48 | INFO    | dpfl.core.base_simulator | Round  97/150 | Acc: 0.8858 | Loss: 0.3822 | eps_max: 4.33 eps_avg: 4.33 | P: 0.86 R: 1.00 F1: 1.00
2026-05-05 19:00:48 | DEBUG   | dpfl.core.base_simulator | Update norms — honest: ['0.02', '0.02', '0.02', '0.02', '0.02'], attacker: ['nan', 'nan', 'nan', 'nan', 'nan']
2026-05-05 19:00:48 | DEBUG   | dpfl.algorithms.trust_aware.simulator | Round 97 Phase 1+2: 0.13s
2026-05-05 19:00:56 | INFO    | dpfl.core.base_simulator | Round  98/150 | Acc: 0.8859 | Loss: 0.3822 | eps_max: 4.38 eps_avg: 4.38 | P: 0.82 R: 1.00 F1: 1.00
2026-05-05 19:00:56 | DEBUG   | dpfl.core.base_simulator | Update norms — honest: ['0.01', '0.02', '0.02', '0.02', '0.02'], attacker: ['nan', 'nan', 'nan', 'nan', 'nan']
2026-05-05 19:00:56 | DEBUG   | dpfl.algorithms.trust_aware.simulator | Round 98 Phase 1+2: 0.14s
2026-05-05 19:01:05 | INFO    | dpfl.core.base_simulator | Round  99/150 | Acc: 0.8859 | Loss: 0.3824 | eps_max: 4.43 eps_avg: 4.43 | P: 0.88 R: 1.00 F1: 1.00
2026-05-05 19:01:05 | DEBUG   | dpfl.core.base_simulator | Update norms — honest: ['0.02', '0.02', '0.02', '0.02', '0.02'], attacker: ['nan', 'nan', 'nan', 'nan', 'nan']
2026-05-05 19:01:05 | DEBUG   | dpfl.algorithms.trust_aware.simulator | Round 99 Phase 1+2: 0.13s
2026-05-05 19:01:18 | INFO    | dpfl.core.base_simulator | Round 100/150 | Acc: 0.8859 | Loss: 0.3825 | eps_max: 4.49 eps_avg: 4.49 | P: 0.89 R: 1.00 F1: 0.98
2026-05-05 19:01:18 | DEBUG   | dpfl.core.base_simulator | Update norms — honest: ['0.02', '0.02', '0.02', '0.02', '0.02'], attacker: ['nan', 'nan', 'nan', 'nan', 'nan']
2026-05-05 19:01:18 | DEBUG   | dpfl.algorithms.trust_aware.simulator | Round 100 Phase 1+2: 0.48s
2026-05-05 19:01:31 | INFO    | dpfl.core.base_simulator | Round 101/150 | Acc: 0.8858 | Loss: 0.3828 | eps_max: 4.54 eps_avg: 4.54 | P: 0.58 R: 1.00 F1: 0.94
2026-05-05 19:01:31 | DEBUG   | dpfl.core.base_simulator | Update norms — honest: ['0.02', '0.02', '0.02', '0.02', '0.02'], attacker: ['nan', 'nan', 'nan', 'nan', 'nan']
2026-05-05 19:01:31 | DEBUG   | dpfl.algorithms.trust_aware.simulator | Round 101 Phase 1+2: 0.13s
2026-05-05 19:01:40 | INFO    | dpfl.core.base_simulator | Round 102/150 | Acc: 0.8859 | Loss: 0.3828 | eps_max: 4.60 eps_avg: 4.60 | P: 0.93 R: 1.00 F1: 1.00
2026-05-05 19:01:40 | DEBUG   | dpfl.core.base_simulator | Update norms — honest: ['0.02', '0.02', '0.02', '0.02', '0.02'], attacker: ['nan', 'nan', 'nan', 'nan', 'nan']
2026-05-05 19:01:40 | DEBUG   | dpfl.algorithms.trust_aware.simulator | Round 102 Phase 1+2: 0.13s
2026-05-05 19:01:48 | INFO    | dpfl.core.base_simulator | Round 103/150 | Acc: 0.8858 | Loss: 0.3832 | eps_max: 4.65 eps_avg: 4.65 | P: 0.68 R: 1.00 F1: 1.00
2026-05-05 19:01:48 | DEBUG   | dpfl.core.base_simulator | Update norms — honest: ['0.02', '0.02', '0.02', '0.01', '0.02'], attacker: ['nan', 'nan', 'nan', 'nan', 'nan']
2026-05-05 19:01:48 | DEBUG   | dpfl.algorithms.trust_aware.simulator | Round 103 Phase 1+2: 0.14s
2026-05-05 19:01:57 | INFO    | dpfl.core.base_simulator | Round 104/150 | Acc: 0.8858 | Loss: 0.3833 | eps_max: 4.71 eps_avg: 4.71 | P: 0.76 R: 1.00 F1: 1.00
2026-05-05 19:01:57 | DEBUG   | dpfl.core.base_simulator | Update norms — honest: ['0.01', '0.02', '0.02', '0.02', '0.02'], attacker: ['nan', 'nan', 'nan', 'nan', 'nan']
2026-05-05 19:01:57 | DEBUG   | dpfl.algorithms.trust_aware.simulator | Round 104 Phase 1+2: 0.13s
2026-05-05 19:02:05 | INFO    | dpfl.core.base_simulator | Round 105/150 | Acc: 0.8859 | Loss: 0.3833 | eps_max: 4.77 eps_avg: 4.77 | P: 0.93 R: 1.00 F1: 1.00
2026-05-05 19:02:05 | DEBUG   | dpfl.core.base_simulator | Update norms — honest: ['0.02', '0.01', '0.02', '0.02', '0.01'], attacker: ['nan', 'nan', 'nan', 'nan', 'nan']
2026-05-05 19:02:06 | DEBUG   | dpfl.algorithms.trust_aware.simulator | Round 105 Phase 1+2: 0.13s
2026-05-05 19:02:14 | INFO    | dpfl.core.base_simulator | Round 106/150 | Acc: 0.8860 | Loss: 0.3835 | eps_max: 4.83 eps_avg: 4.83 | P: 0.98 R: 1.00 F1: 0.99
2026-05-05 19:02:14 | DEBUG   | dpfl.core.base_simulator | Update norms — honest: ['0.01', '0.02', '0.02', '0.02', '0.02'], attacker: ['nan', 'nan', 'nan', 'nan', 'nan']
2026-05-05 19:02:14 | DEBUG   | dpfl.algorithms.trust_aware.simulator | Round 106 Phase 1+2: 0.13s
2026-05-05 19:02:23 | INFO    | dpfl.core.base_simulator | Round 107/150 | Acc: 0.8857 | Loss: 0.3843 | eps_max: 4.90 eps_avg: 4.90 | P: 0.98 R: 1.00 F1: 0.99
2026-05-05 19:02:23 | DEBUG   | dpfl.core.base_simulator | Update norms — honest: ['0.02', '0.02', '0.02', '0.01', '0.01'], attacker: ['nan', 'nan', 'nan', 'nan', 'nan']
2026-05-05 19:02:23 | DEBUG   | dpfl.algorithms.trust_aware.simulator | Round 107 Phase 1+2: 0.13s
2026-05-05 19:02:31 | INFO    | dpfl.core.base_simulator | Round 108/150 | Acc: 0.8859 | Loss: 0.3839 | eps_max: 4.96 eps_avg: 4.96 | P: 0.71 R: 1.00 F1: 0.99
2026-05-05 19:02:31 | DEBUG   | dpfl.core.base_simulator | Update norms — honest: ['0.01', '0.02', '0.02', '0.01', '0.02'], attacker: ['nan', 'nan', 'nan', 'nan', 'nan']
2026-05-05 19:02:31 | DEBUG   | dpfl.algorithms.trust_aware.simulator | Round 108 Phase 1+2: 0.13s
2026-05-05 19:02:40 | INFO    | dpfl.core.base_simulator | Round 109/150 | Acc: 0.8858 | Loss: 0.3842 | eps_max: 5.02 eps_avg: 5.02 | P: 0.74 R: 1.00 F1: 0.99
2026-05-05 19:02:40 | DEBUG   | dpfl.core.base_simulator | Update norms — honest: ['0.02', '0.01', '0.02', '0.02', '0.02'], attacker: ['nan', 'nan', 'nan', 'nan', 'nan']
2026-05-05 19:02:40 | DEBUG   | dpfl.algorithms.trust_aware.simulator | Round 109 Phase 1+2: 0.13s
2026-05-05 19:02:55 | INFO    | dpfl.core.base_simulator | Round 110/150 | Acc: 0.8860 | Loss: 0.3842 | eps_max: 5.09 eps_avg: 5.09 | P: 0.57 R: 1.00 F1: 0.99
2026-05-05 19:02:55 | DEBUG   | dpfl.core.base_simulator | Update norms — honest: ['0.01', '0.01', '0.02', '0.01', '0.01'], attacker: ['nan', 'nan', 'nan', 'nan', 'nan']
2026-05-05 19:02:56 | DEBUG   | dpfl.algorithms.trust_aware.simulator | Round 110 Phase 1+2: 0.52s
2026-05-05 19:03:08 | INFO    | dpfl.core.base_simulator | Round 111/150 | Acc: 0.8859 | Loss: 0.3844 | eps_max: 5.16 eps_avg: 5.16 | P: 0.55 R: 1.00 F1: 1.00
2026-05-05 19:03:08 | DEBUG   | dpfl.core.base_simulator | Update norms — honest: ['0.02', '0.02', '0.02', '0.02', '0.01'], attacker: ['nan', 'nan', 'nan', 'nan', 'nan']
2026-05-05 19:03:09 | DEBUG   | dpfl.algorithms.trust_aware.simulator | Round 111 Phase 1+2: 0.48s
2026-05-05 19:03:19 | INFO    | dpfl.core.base_simulator | Round 112/150 | Acc: 0.8859 | Loss: 0.3847 | eps_max: 5.21 eps_avg: 5.21 | P: 0.68 R: 1.00 F1: 0.97
2026-05-05 19:03:19 | DEBUG   | dpfl.core.base_simulator | Update norms — honest: ['0.01', '0.01', '0.01', '0.01', '0.02'], attacker: ['nan', 'nan', 'nan', 'nan', 'nan']
2026-05-05 19:03:19 | DEBUG   | dpfl.algorithms.trust_aware.simulator | Round 112 Phase 1+2: 0.13s
2026-05-05 19:03:28 | INFO    | dpfl.core.base_simulator | Round 113/150 | Acc: 0.8859 | Loss: 0.3848 | eps_max: 5.25 eps_avg: 5.25 | P: 0.82 R: 1.00 F1: 1.00
2026-05-05 19:03:28 | DEBUG   | dpfl.core.base_simulator | Update norms — honest: ['0.01', '0.01', '0.02', '0.01', '0.02'], attacker: ['nan', 'nan', 'nan', 'nan', 'nan']
2026-05-05 19:03:28 | DEBUG   | dpfl.algorithms.trust_aware.simulator | Round 113 Phase 1+2: 0.13s
2026-05-05 19:03:37 | INFO    | dpfl.core.base_simulator | Round 114/150 | Acc: 0.8859 | Loss: 0.3851 | eps_max: 5.30 eps_avg: 5.30 | P: 0.81 R: 1.00 F1: 0.99
2026-05-05 19:03:37 | DEBUG   | dpfl.core.base_simulator | Update norms — honest: ['0.01', '0.02', '0.01', '0.02', '0.02'], attacker: ['nan', 'nan', 'nan', 'nan', 'nan']
2026-05-05 19:03:37 | DEBUG   | dpfl.algorithms.trust_aware.simulator | Round 114 Phase 1+2: 0.13s
2026-05-05 19:03:46 | INFO    | dpfl.core.base_simulator | Round 115/150 | Acc: 0.8859 | Loss: 0.3853 | eps_max: 5.34 eps_avg: 5.34 | P: 0.88 R: 1.00 F1: 1.00
2026-05-05 19:03:46 | DEBUG   | dpfl.core.base_simulator | Update norms — honest: ['0.02', '0.01', '0.01', '0.01', '0.01'], attacker: ['nan', 'nan', 'nan', 'nan', 'nan']
2026-05-05 19:03:46 | DEBUG   | dpfl.algorithms.trust_aware.simulator | Round 115 Phase 1+2: 0.13s
2026-05-05 19:03:55 | INFO    | dpfl.core.base_simulator | Round 116/150 | Acc: 0.8860 | Loss: 0.3855 | eps_max: 5.39 eps_avg: 5.39 | P: 0.90 R: 1.00 F1: 1.00
2026-05-05 19:03:55 | DEBUG   | dpfl.core.base_simulator | Update norms — honest: ['0.02', '0.01', '0.01', '0.02', '0.02'], attacker: ['nan', 'nan', 'nan', 'nan', 'nan']
2026-05-05 19:03:55 | DEBUG   | dpfl.algorithms.trust_aware.simulator | Round 116 Phase 1+2: 0.13s
2026-05-05 19:04:04 | INFO    | dpfl.core.base_simulator | Round 117/150 | Acc: 0.8860 | Loss: 0.3857 | eps_max: 5.44 eps_avg: 5.44 | P: 0.52 R: 1.00 F1: 0.99
2026-05-05 19:04:04 | DEBUG   | dpfl.core.base_simulator | Update norms — honest: ['0.01', '0.01', '0.01', '0.01', '0.01'], attacker: ['nan', 'nan', 'nan', 'nan', 'nan']
2026-05-05 19:04:04 | DEBUG   | dpfl.algorithms.trust_aware.simulator | Round 117 Phase 1+2: 0.13s
2026-05-05 19:04:13 | INFO    | dpfl.core.base_simulator | Round 118/150 | Acc: 0.8859 | Loss: 0.3861 | eps_max: 5.49 eps_avg: 5.49 | P: 0.57 R: 1.00 F1: 1.00
2026-05-05 19:04:13 | DEBUG   | dpfl.core.base_simulator | Update norms — honest: ['0.01', '0.01', '0.01', '0.01', '0.01'], attacker: ['nan', 'nan', 'nan', 'nan', 'nan']
2026-05-05 19:04:13 | DEBUG   | dpfl.algorithms.trust_aware.simulator | Round 118 Phase 1+2: 0.13s
2026-05-05 19:04:22 | INFO    | dpfl.core.base_simulator | Round 119/150 | Acc: 0.8859 | Loss: 0.3862 | eps_max: 5.54 eps_avg: 5.54 | P: 0.62 R: 1.00 F1: 0.99
2026-05-05 19:04:22 | DEBUG   | dpfl.core.base_simulator | Update norms — honest: ['0.01', '0.01', '0.01', '0.01', '0.01'], attacker: ['nan', 'nan', 'nan', 'nan', 'nan']
2026-05-05 19:04:22 | DEBUG   | dpfl.algorithms.trust_aware.simulator | Round 119 Phase 1+2: 0.13s
2026-05-05 19:04:32 | INFO    | dpfl.core.base_simulator | Round 120/150 | Acc: 0.8859 | Loss: 0.3864 | eps_max: 5.59 eps_avg: 5.59 | P: 0.71 R: 1.00 F1: 0.99
2026-05-05 19:04:32 | DEBUG   | dpfl.core.base_simulator | Update norms — honest: ['0.01', '0.01', '0.01', '0.01', '0.01'], attacker: ['nan', 'nan', 'nan', 'nan', 'nan']
2026-05-05 19:04:32 | DEBUG   | dpfl.algorithms.trust_aware.simulator | Round 120 Phase 1+2: 0.13s
2026-05-05 19:04:41 | INFO    | dpfl.core.base_simulator | Round 121/150 | Acc: 0.8859 | Loss: 0.3868 | eps_max: 5.64 eps_avg: 5.64 | P: 0.86 R: 1.00 F1: 1.00
2026-05-05 19:04:41 | DEBUG   | dpfl.core.base_simulator | Update norms — honest: ['0.01', '0.01', '0.01', '0.01', '0.01'], attacker: ['nan', 'nan', 'nan', 'nan', 'nan']
2026-05-05 19:04:41 | DEBUG   | dpfl.algorithms.trust_aware.simulator | Round 121 Phase 1+2: 0.13s
2026-05-05 19:04:51 | INFO    | dpfl.core.base_simulator | Round 122/150 | Acc: 0.8859 | Loss: 0.3869 | eps_max: 5.69 eps_avg: 5.69 | P: 0.73 R: 1.00 F1: 1.00
2026-05-05 19:04:51 | DEBUG   | dpfl.core.base_simulator | Update norms — honest: ['0.01', '0.01', '0.02', '0.01', '0.01'], attacker: ['nan', 'nan', 'nan', 'nan', 'nan']
2026-05-05 19:04:51 | DEBUG   | dpfl.algorithms.trust_aware.simulator | Round 122 Phase 1+2: 0.13s
2026-05-05 19:05:00 | INFO    | dpfl.core.base_simulator | Round 123/150 | Acc: 0.8859 | Loss: 0.3874 | eps_max: 5.74 eps_avg: 5.74 | P: 0.83 R: 1.00 F1: 0.98
2026-05-05 19:05:00 | DEBUG   | dpfl.core.base_simulator | Update norms — honest: ['0.01', '0.01', '0.01', '0.01', '0.01'], attacker: ['nan', 'nan', 'nan', 'nan', 'nan']
2026-05-05 19:05:00 | DEBUG   | dpfl.algorithms.trust_aware.simulator | Round 123 Phase 1+2: 0.12s
2026-05-05 19:05:10 | INFO    | dpfl.core.base_simulator | Round 124/150 | Acc: 0.8859 | Loss: 0.3875 | eps_max: 5.80 eps_avg: 5.80 | P: 0.71 R: 1.00 F1: 1.00
2026-05-05 19:05:10 | DEBUG   | dpfl.core.base_simulator | Update norms — honest: ['0.01', '0.02', '0.01', '0.01', '0.01'], attacker: ['nan', 'nan', 'nan', 'nan', 'nan']
2026-05-05 19:05:10 | DEBUG   | dpfl.algorithms.trust_aware.simulator | Round 124 Phase 1+2: 0.12s
2026-05-05 19:05:20 | INFO    | dpfl.core.base_simulator | Round 125/150 | Acc: 0.8860 | Loss: 0.3876 | eps_max: 5.85 eps_avg: 5.85 | P: 0.91 R: 1.00 F1: 1.00
2026-05-05 19:05:20 | DEBUG   | dpfl.core.base_simulator | Update norms — honest: ['0.01', '0.01', '0.01', '0.01', '0.01'], attacker: ['nan', 'nan', 'nan', 'nan', 'nan']
2026-05-05 19:05:20 | DEBUG   | dpfl.algorithms.trust_aware.simulator | Round 125 Phase 1+2: 0.13s
2026-05-05 19:05:33 | INFO    | dpfl.core.base_simulator | Round 126/150 | Acc: 0.8859 | Loss: 0.3879 | eps_max: 5.91 eps_avg: 5.91 | P: 1.00 R: 1.00 F1: 1.00
2026-05-05 19:05:33 | DEBUG   | dpfl.core.base_simulator | Update norms — honest: ['0.01', '0.01', '0.01', '0.01', '0.01'], attacker: ['nan', 'nan', 'nan', 'nan', 'nan']
2026-05-05 19:05:34 | DEBUG   | dpfl.algorithms.trust_aware.simulator | Round 126 Phase 1+2: 0.46s
2026-05-05 19:05:49 | INFO    | dpfl.core.base_simulator | Round 127/150 | Acc: 0.8860 | Loss: 0.3880 | eps_max: 5.97 eps_avg: 5.97 | P: 1.00 R: 1.00 F1: 1.00
2026-05-05 19:05:49 | DEBUG   | dpfl.core.base_simulator | Update norms — honest: ['0.01', '0.01', '0.01', '0.01', '0.01'], attacker: ['nan', 'nan', 'nan', 'nan', 'nan']
2026-05-05 19:05:49 | DEBUG   | dpfl.algorithms.trust_aware.simulator | Round 127 Phase 1+2: 0.47s
2026-05-05 19:06:04 | INFO    | dpfl.core.base_simulator | Round 128/150 | Acc: 0.8859 | Loss: 0.3885 | eps_max: 6.02 eps_avg: 6.02 | P: 0.63 R: 1.00 F1: 1.00
2026-05-05 19:06:04 | DEBUG   | dpfl.core.base_simulator | Update norms — honest: ['0.01', '0.01', '0.01', '0.02', '0.01'], attacker: ['nan', 'nan', 'nan', 'nan', 'nan']
2026-05-05 19:06:05 | DEBUG   | dpfl.algorithms.trust_aware.simulator | Round 128 Phase 1+2: 0.47s
2026-05-05 19:06:14 | INFO    | dpfl.core.base_simulator | Round 129/150 | Acc: 0.8860 | Loss: 0.3886 | eps_max: 6.08 eps_avg: 6.08 | P: 0.83 R: 1.00 F1: 1.00
2026-05-05 19:06:14 | DEBUG   | dpfl.core.base_simulator | Update norms — honest: ['0.01', '0.01', '0.01', '0.01', '0.01'], attacker: ['nan', 'nan', 'nan', 'nan', 'nan']
2026-05-05 19:06:14 | DEBUG   | dpfl.algorithms.trust_aware.simulator | Round 129 Phase 1+2: 0.13s
2026-05-05 19:06:24 | INFO    | dpfl.core.base_simulator | Round 130/150 | Acc: 0.8860 | Loss: 0.3888 | eps_max: 6.14 eps_avg: 6.14 | P: 0.83 R: 1.00 F1: 1.00
2026-05-05 19:06:24 | DEBUG   | dpfl.core.base_simulator | Update norms — honest: ['0.01', '0.01', '0.02', '0.01', '0.01'], attacker: ['nan', 'nan', 'nan', 'nan', 'nan']
2026-05-05 19:06:24 | DEBUG   | dpfl.algorithms.trust_aware.simulator | Round 130 Phase 1+2: 0.13s
2026-05-05 19:06:34 | INFO    | dpfl.core.base_simulator | Round 131/150 | Acc: 0.8860 | Loss: 0.3891 | eps_max: 6.20 eps_avg: 6.20 | P: 0.83 R: 1.00 F1: 1.00
2026-05-05 19:06:34 | DEBUG   | dpfl.core.base_simulator | Update norms — honest: ['0.01', '0.01', '0.01', '0.01', '0.01'], attacker: ['nan', 'nan', 'nan', 'nan', 'nan']
2026-05-05 19:06:34 | DEBUG   | dpfl.algorithms.trust_aware.simulator | Round 131 Phase 1+2: 0.13s
2026-05-05 19:06:43 | INFO    | dpfl.core.base_simulator | Round 132/150 | Acc: 0.8860 | Loss: 0.3893 | eps_max: 6.27 eps_avg: 6.27 | P: 1.00 R: 1.00 F1: 1.00
2026-05-05 19:06:43 | DEBUG   | dpfl.core.base_simulator | Update norms — honest: ['0.01', '0.01', '0.01', '0.01', '0.01'], attacker: ['nan', 'nan', 'nan', 'nan', 'nan']
2026-05-05 19:06:44 | DEBUG   | dpfl.algorithms.trust_aware.simulator | Round 132 Phase 1+2: 0.13s
2026-05-05 19:06:53 | INFO    | dpfl.core.base_simulator | Round 133/150 | Acc: 0.8860 | Loss: 0.3895 | eps_max: 6.33 eps_avg: 6.33 | P: 0.65 R: 1.00 F1: 0.99
2026-05-05 19:06:53 | DEBUG   | dpfl.core.base_simulator | Update norms — honest: ['0.01', '0.01', '0.01', '0.01', '0.01'], attacker: ['nan', 'nan', 'nan', 'nan', 'nan']
2026-05-05 19:06:53 | DEBUG   | dpfl.algorithms.trust_aware.simulator | Round 133 Phase 1+2: 0.13s
2026-05-05 19:07:03 | INFO    | dpfl.core.base_simulator | Round 134/150 | Acc: 0.8860 | Loss: 0.3899 | eps_max: 6.39 eps_avg: 6.39 | P: 0.71 R: 1.00 F1: 1.00
2026-05-05 19:07:03 | DEBUG   | dpfl.core.base_simulator | Update norms — honest: ['0.01', '0.01', '0.01', '0.01', '0.01'], attacker: ['nan', 'nan', 'nan', 'nan', 'nan']
2026-05-05 19:07:03 | DEBUG   | dpfl.algorithms.trust_aware.simulator | Round 134 Phase 1+2: 0.14s
2026-05-05 19:07:13 | INFO    | dpfl.core.base_simulator | Round 135/150 | Acc: 0.8860 | Loss: 0.3901 | eps_max: 6.46 eps_avg: 6.46 | P: 0.83 R: 1.00 F1: 1.00
2026-05-05 19:07:13 | DEBUG   | dpfl.core.base_simulator | Update norms — honest: ['0.01', '0.01', '0.01', '0.01', '0.01'], attacker: ['nan', 'nan', 'nan', 'nan', 'nan']
2026-05-05 19:07:13 | DEBUG   | dpfl.algorithms.trust_aware.simulator | Round 135 Phase 1+2: 0.13s
2026-05-05 19:07:23 | INFO    | dpfl.core.base_simulator | Round 136/150 | Acc: 0.8860 | Loss: 0.3904 | eps_max: 6.53 eps_avg: 6.53 | P: 0.60 R: 1.00 F1: 1.00
2026-05-05 19:07:23 | DEBUG   | dpfl.core.base_simulator | Update norms — honest: ['0.01', '0.01', '0.01', '0.01', '0.01'], attacker: ['nan', 'nan', 'nan', 'nan', 'nan']
2026-05-05 19:07:23 | DEBUG   | dpfl.algorithms.trust_aware.simulator | Round 136 Phase 1+2: 0.13s
2026-05-05 19:07:33 | INFO    | dpfl.core.base_simulator | Round 137/150 | Acc: 0.8860 | Loss: 0.3906 | eps_max: 6.59 eps_avg: 6.59 | P: 0.78 R: 1.00 F1: 1.00
2026-05-05 19:07:33 | DEBUG   | dpfl.core.base_simulator | Update norms — honest: ['0.01', '0.01', '0.01', '0.01', '0.01'], attacker: ['nan', 'nan', 'nan', 'nan', 'nan']
2026-05-05 19:07:33 | DEBUG   | dpfl.algorithms.trust_aware.simulator | Round 137 Phase 1+2: 0.13s
2026-05-05 19:07:43 | INFO    | dpfl.core.base_simulator | Round 138/150 | Acc: 0.8860 | Loss: 0.3909 | eps_max: 6.66 eps_avg: 6.66 | P: 0.75 R: 1.00 F1: 1.00
2026-05-05 19:07:43 | DEBUG   | dpfl.core.base_simulator | Update norms — honest: ['0.01', '0.01', '0.02', '0.01', '0.01'], attacker: ['nan', 'nan', 'nan', 'nan', 'nan']
2026-05-05 19:07:43 | DEBUG   | dpfl.algorithms.trust_aware.simulator | Round 138 Phase 1+2: 0.13s
2026-05-05 19:07:53 | INFO    | dpfl.core.base_simulator | Round 139/150 | Acc: 0.8860 | Loss: 0.3912 | eps_max: 6.73 eps_avg: 6.73 | P: 0.83 R: 1.00 F1: 0.99
2026-05-05 19:07:53 | DEBUG   | dpfl.core.base_simulator | Update norms — honest: ['0.01', '0.01', '0.01', '0.01', '0.01'], attacker: ['nan', 'nan', 'nan', 'nan', 'nan']
2026-05-05 19:07:53 | DEBUG   | dpfl.algorithms.trust_aware.simulator | Round 139 Phase 1+2: 0.13s
2026-05-05 19:08:04 | INFO    | dpfl.core.base_simulator | Round 140/150 | Acc: 0.8860 | Loss: 0.3915 | eps_max: 6.81 eps_avg: 6.81 | P: 0.83 R: 1.00 F1: 0.99
2026-05-05 19:08:04 | DEBUG   | dpfl.core.base_simulator | Update norms — honest: ['0.01', '0.01', '0.01', '0.01', '0.01'], attacker: ['nan', 'nan', 'nan', 'nan', 'nan']
2026-05-05 19:08:04 | DEBUG   | dpfl.algorithms.trust_aware.simulator | Round 140 Phase 1+2: 0.13s
2026-05-05 19:08:14 | INFO    | dpfl.core.base_simulator | Round 141/150 | Acc: 0.8860 | Loss: 0.3917 | eps_max: 6.88 eps_avg: 6.88 | P: 1.00 R: 1.00 F1: 1.00
2026-05-05 19:08:14 | DEBUG   | dpfl.core.base_simulator | Update norms — honest: ['0.01', '0.01', '0.01', '0.01', '0.01'], attacker: ['nan', 'nan', 'nan', 'nan', 'nan']
2026-05-05 19:08:14 | DEBUG   | dpfl.algorithms.trust_aware.simulator | Round 141 Phase 1+2: 0.13s
2026-05-05 19:08:24 | INFO    | dpfl.core.base_simulator | Round 142/150 | Acc: 0.8860 | Loss: 0.3920 | eps_max: 6.96 eps_avg: 6.96 | P: 0.76 R: 1.00 F1: 0.98
2026-05-05 19:08:24 | DEBUG   | dpfl.core.base_simulator | Update norms — honest: ['0.01', '0.01', '0.01', '0.01', '0.01'], attacker: ['nan', 'nan', 'nan', 'nan', 'nan']
2026-05-05 19:08:24 | DEBUG   | dpfl.algorithms.trust_aware.simulator | Round 142 Phase 1+2: 0.13s
2026-05-05 19:08:35 | INFO    | dpfl.core.base_simulator | Round 143/150 | Acc: 0.8860 | Loss: 0.3923 | eps_max: 7.03 eps_avg: 7.03 | P: 0.99 R: 1.00 F1: 0.99
2026-05-05 19:08:35 | DEBUG   | dpfl.core.base_simulator | Update norms — honest: ['0.01', '0.01', '0.01', '0.01', '0.01'], attacker: ['nan', 'nan', 'nan', 'nan', 'nan']
2026-05-05 19:08:35 | DEBUG   | dpfl.algorithms.trust_aware.simulator | Round 143 Phase 1+2: 0.13s
2026-05-05 19:08:45 | INFO    | dpfl.core.base_simulator | Round 144/150 | Acc: 0.8860 | Loss: 0.3925 | eps_max: 7.11 eps_avg: 7.11 | P: 1.00 R: 1.00 F1: 1.00
2026-05-05 19:08:45 | DEBUG   | dpfl.core.base_simulator | Update norms — honest: ['0.01', '0.01', '0.01', '0.01', '0.01'], attacker: ['nan', 'nan', 'nan', 'nan', 'nan']
2026-05-05 19:08:45 | DEBUG   | dpfl.algorithms.trust_aware.simulator | Round 144 Phase 1+2: 0.15s
2026-05-05 19:08:56 | INFO    | dpfl.core.base_simulator | Round 145/150 | Acc: 0.8860 | Loss: 0.3928 | eps_max: 7.19 eps_avg: 7.19 | P: 0.91 R: 1.00 F1: 0.99
2026-05-05 19:08:56 | DEBUG   | dpfl.core.base_simulator | Update norms — honest: ['0.01', '0.01', '0.01', '0.01', '0.01'], attacker: ['nan', 'nan', 'nan', 'nan', 'nan']
2026-05-05 19:08:56 | DEBUG   | dpfl.algorithms.trust_aware.simulator | Round 145 Phase 1+2: 0.15s
2026-05-05 19:09:08 | INFO    | dpfl.core.base_simulator | Round 146/150 | Acc: 0.8860 | Loss: 0.3931 | eps_max: 7.27 eps_avg: 7.27 | P: 0.63 R: 1.00 F1: 0.99
2026-05-05 19:09:08 | DEBUG   | dpfl.core.base_simulator | Update norms — honest: ['0.01', '0.01', '0.01', '0.01', '0.01'], attacker: ['nan', 'nan', 'nan', 'nan', 'nan']
2026-05-05 19:09:08 | DEBUG   | dpfl.algorithms.trust_aware.simulator | Round 146 Phase 1+2: 0.13s
2026-05-05 19:09:24 | INFO    | dpfl.core.base_simulator | Round 147/150 | Acc: 0.8860 | Loss: 0.3933 | eps_max: 7.35 eps_avg: 7.35 | P: 0.90 R: 1.00 F1: 1.00
2026-05-05 19:09:24 | DEBUG   | dpfl.core.base_simulator | Update norms — honest: ['0.01', '0.01', '0.01', '0.01', '0.01'], attacker: ['nan', 'nan', 'nan', 'nan', 'nan']
2026-05-05 19:09:24 | DEBUG   | dpfl.algorithms.trust_aware.simulator | Round 147 Phase 1+2: 0.43s
2026-05-05 19:09:41 | INFO    | dpfl.core.base_simulator | Round 148/150 | Acc: 0.8860 | Loss: 0.3937 | eps_max: 7.44 eps_avg: 7.44 | P: 0.78 R: 1.00 F1: 1.00
2026-05-05 19:09:41 | DEBUG   | dpfl.core.base_simulator | Update norms — honest: ['0.01', '0.01', '0.01', '0.01', '0.01'], attacker: ['nan', 'nan', 'nan', 'nan', 'nan']
2026-05-05 19:09:42 | DEBUG   | dpfl.algorithms.trust_aware.simulator | Round 148 Phase 1+2: 0.47s
2026-05-05 19:09:55 | INFO    | dpfl.core.base_simulator | Round 149/150 | Acc: 0.8860 | Loss: 0.3939 | eps_max: 7.52 eps_avg: 7.52 | P: 0.80 R: 1.00 F1: 1.00
2026-05-05 19:09:55 | DEBUG   | dpfl.core.base_simulator | Update norms — honest: ['0.01', '0.01', '0.01', '0.01', '0.01'], attacker: ['nan', 'nan', 'nan', 'nan', 'nan']
2026-05-05 19:09:56 | DEBUG   | dpfl.algorithms.trust_aware.simulator | Round 149 Phase 1+2: 0.46s
2026-05-05 19:10:06 | INFO    | dpfl.core.base_simulator | Round 150/150 | Acc: 0.8860 | Loss: 0.3941 | eps_max: 7.61 eps_avg: 7.61 | P: 0.92 R: 1.00 F1: 1.00
2026-05-05 19:10:06 | DEBUG   | dpfl.core.base_simulator | Update norms — honest: ['0.01', '0.01', '0.01', '0.01', '0.01'], attacker: ['nan', 'nan', 'nan', 'nan', 'nan']
2026-05-05 19:10:08 | INFO    | dpfl | Experiment complete in 1323.6s
============================================================
REPORT: DP-SGD Decentralized Federated Learning
============================================================
Timestamp:                  20260505_184802
Rounds completed:           150
Attack-active rounds:       100  (from round 50)
Final accuracy:             0.8860
Final test loss:            0.3941
Final epsilon (max honest): 7.61
Final epsilon (avg honest): 7.61
Best alpha:                 1000.0
Avg precision:              0.7972
Avg recall:                 0.9865
Avg F1 score:               0.9856
Avg update norm (honest):   0.0337
Avg update norm (attacker): nan

eps_system (max honest): 7.6098
eps_avg (honest):        7.6098
eps_std (honest):        0.0000
n_frozen:                0/400
============================================================
