2026-05-05 19:12:10 | INFO    | dpfl | Experiment start: algorithm=trust_d2b, dataset=fashion_mnist, model=mlp, device=cuda
2026-05-05 19:12:10 | INFO    | dpfl | Config: nodes=500, attackers=100, rounds=150, noise_mode=none, attack=scale
2026-05-05 19:12:10 | INFO    | dpfl.data.fashion_mnist_dataset | Loading Fashion-MNIST dataset...
2026-05-05 19:12:10 | INFO    | dpfl.data.fashion_mnist_dataset | Fashion-MNIST loaded: 60000 train, 10000 test samples
2026-05-05 19:12:48 | INFO    | dpfl.core.base_simulator | Vectorized state ready: param_spec.D=50890, X_test=(10000, 1, 28, 28), train clients N=500, max_n_samples=1000
2026-05-05 19:12:48 | INFO    | dpfl.core.base_simulator | Setup complete: 500 nodes (100 attackers), param_dim=50890, split=iid
2026-05-05 19:12:48 | DEBUG   | dpfl.core.base_simulator | Attacker IDs: {0, 1, 2, 3, 4, 5, 6, 7, 8, 9, 10, 11, 12, 13, 14, 15, 16, 17, 18, 19, 20, 21, 22, 23, 24, 25, 26, 27, 28, 29, 30, 31, 32, 33, 34, 35, 36, 37, 38, 39, 40, 41, 42, 43, 44, 45, 46, 47, 48, 49, 50, 51, 52, 53, 54, 55, 56, 57, 58, 59, 60, 61, 62, 63, 64, 65, 66, 67, 68, 69, 70, 71, 72, 73, 74, 75, 76, 77, 78, 79, 80, 81, 82, 83, 84, 85, 86, 87, 88, 89, 90, 91, 92, 93, 94, 95, 96, 97, 98, 99}
2026-05-05 19:12:48 | INFO    | dpfl.algorithms.trust_aware.simulator | Trust-Aware D2B-DP: rounds=150, n_workers=5, layers=4, ρ∈[0.300,5.000]
2026-05-05 19:12:49 | DEBUG   | dpfl.algorithms.trust_aware.simulator | Round 0 Phase 1+2: 0.90s
2026-05-05 19:12:55 | INFO    | dpfl.core.base_simulator | Round   1/150 | Acc: 0.4499 | Loss: 1.9796 | eps_max: 0.26 eps_avg: 0.26 | P: nan R: nan F1: nan
2026-05-05 19:12:55 | DEBUG   | dpfl.core.base_simulator | Update norms — honest: ['0.23', '0.23', '0.24', '0.23', '0.24'], attacker: ['0.23', '0.23', '0.24', '0.23', '0.24']
2026-05-05 19:12:56 | DEBUG   | dpfl.algorithms.trust_aware.simulator | Round 1 Phase 1+2: 0.62s
2026-05-05 19:13:05 | INFO    | dpfl.core.base_simulator | Round   2/150 | Acc: 0.5647 | Loss: 1.7193 | eps_max: 0.30 eps_avg: 0.30 | P: nan R: nan F1: nan
2026-05-05 19:13:05 | DEBUG   | dpfl.core.base_simulator | Update norms — honest: ['0.21', '0.21', '0.20', '0.20', '0.21'], attacker: ['0.23', '0.23', '0.23', '0.22', '0.24']
2026-05-05 19:13:05 | DEBUG   | dpfl.algorithms.trust_aware.simulator | Round 2 Phase 1+2: 0.15s
2026-05-05 19:13:15 | INFO    | dpfl.core.base_simulator | Round   3/150 | Acc: 0.6155 | Loss: 1.4986 | eps_max: 0.34 eps_avg: 0.34 | P: nan R: nan F1: nan
2026-05-05 19:13:15 | DEBUG   | dpfl.core.base_simulator | Update norms — honest: ['0.18', '0.18', '0.18', '0.19', '0.19'], attacker: ['0.21', '0.22', '0.22', '0.21', '0.22']
2026-05-05 19:13:15 | DEBUG   | dpfl.algorithms.trust_aware.simulator | Round 3 Phase 1+2: 0.18s
2026-05-05 19:13:23 | INFO    | dpfl.core.base_simulator | Round   4/150 | Acc: 0.6463 | Loss: 1.3254 | eps_max: 0.39 eps_avg: 0.39 | P: nan R: nan F1: nan
2026-05-05 19:13:23 | DEBUG   | dpfl.core.base_simulator | Update norms — honest: ['0.17', '0.17', '0.17', '0.17', '0.16'], attacker: ['0.20', '0.20', '0.20', '0.19', '0.21']
2026-05-05 19:13:24 | DEBUG   | dpfl.algorithms.trust_aware.simulator | Round 4 Phase 1+2: 0.18s
2026-05-05 19:13:32 | INFO    | dpfl.core.base_simulator | Round   5/150 | Acc: 0.6696 | Loss: 1.1930 | eps_max: 0.44 eps_avg: 0.44 | P: nan R: nan F1: nan
2026-05-05 19:13:32 | DEBUG   | dpfl.core.base_simulator | Update norms — honest: ['0.14', '0.14', '0.15', '0.14', '0.14'], attacker: ['0.18', '0.18', '0.18', '0.18', '0.18']
2026-05-05 19:13:32 | DEBUG   | dpfl.algorithms.trust_aware.simulator | Round 5 Phase 1+2: 0.15s
2026-05-05 19:13:40 | INFO    | dpfl.core.base_simulator | Round   6/150 | Acc: 0.6871 | Loss: 1.0961 | eps_max: 0.53 eps_avg: 0.53 | P: nan R: nan F1: nan
2026-05-05 19:13:40 | DEBUG   | dpfl.core.base_simulator | Update norms — honest: ['0.12', '0.14', '0.14', '0.12', '0.14'], attacker: ['0.16', '0.15', '0.16', '0.15', '0.16']
2026-05-05 19:13:40 | DEBUG   | dpfl.algorithms.trust_aware.simulator | Round 6 Phase 1+2: 0.15s
2026-05-05 19:13:47 | INFO    | dpfl.core.base_simulator | Round   7/150 | Acc: 0.6994 | Loss: 1.0237 | eps_max: 0.56 eps_avg: 0.56 | P: nan R: nan F1: nan
2026-05-05 19:13:47 | DEBUG   | dpfl.core.base_simulator | Update norms — honest: ['0.12', '0.11', '0.12', '0.11', '0.10'], attacker: ['0.14', '0.13', '0.13', '0.14', '0.13']
2026-05-05 19:13:47 | DEBUG   | dpfl.algorithms.trust_aware.simulator | Round 7 Phase 1+2: 0.15s
2026-05-05 19:13:50 | INFO    | dpfl.core.base_simulator | Round   8/150 | Acc: 0.7078 | Loss: 0.9687 | eps_max: 0.59 eps_avg: 0.59 | P: nan R: nan F1: nan
2026-05-05 19:13:50 | DEBUG   | dpfl.core.base_simulator | Update norms — honest: ['0.10', '0.10', '0.10', '0.10', '0.10'], attacker: ['0.12', '0.11', '0.11', '0.11', '0.11']
2026-05-05 19:13:50 | DEBUG   | dpfl.algorithms.trust_aware.simulator | Round 8 Phase 1+2: 0.15s
2026-05-05 19:13:54 | INFO    | dpfl.core.base_simulator | Round   9/150 | Acc: 0.7143 | Loss: 0.9253 | eps_max: 0.62 eps_avg: 0.62 | P: nan R: nan F1: nan
2026-05-05 19:13:54 | DEBUG   | dpfl.core.base_simulator | Update norms — honest: ['0.09', '0.08', '0.09', '0.09', '0.09'], attacker: ['0.10', '0.10', '0.10', '0.10', '0.10']
2026-05-05 19:13:55 | DEBUG   | dpfl.algorithms.trust_aware.simulator | Round 9 Phase 1+2: 0.69s
2026-05-05 19:13:59 | INFO    | dpfl.core.base_simulator | Round  10/150 | Acc: 0.7205 | Loss: 0.8893 | eps_max: 0.65 eps_avg: 0.65 | P: nan R: nan F1: nan
2026-05-05 19:13:59 | DEBUG   | dpfl.core.base_simulator | Update norms — honest: ['0.08', '0.08', '0.08', '0.08', '0.08'], attacker: ['0.09', '0.09', '0.09', '0.09', '0.09']
2026-05-05 19:13:59 | DEBUG   | dpfl.algorithms.trust_aware.simulator | Round 10 Phase 1+2: 0.69s
2026-05-05 19:14:07 | INFO    | dpfl.core.base_simulator | Round  11/150 | Acc: 0.7254 | Loss: 0.8593 | eps_max: 0.69 eps_avg: 0.69 | P: 0.00 R: nan F1: nan
2026-05-05 19:14:07 | DEBUG   | dpfl.core.base_simulator | Update norms — honest: ['0.07', '0.07', '0.07', '0.07', '0.07'], attacker: ['0.10', '0.08', '0.08', '0.08', '0.09']
2026-05-05 19:14:08 | DEBUG   | dpfl.algorithms.trust_aware.simulator | Round 11 Phase 1+2: 0.15s
2026-05-05 19:14:17 | INFO    | dpfl.core.base_simulator | Round  12/150 | Acc: 0.7301 | Loss: 0.8337 | eps_max: 0.72 eps_avg: 0.72 | P: nan R: nan F1: nan
2026-05-05 19:14:17 | DEBUG   | dpfl.core.base_simulator | Update norms — honest: ['0.07', '0.07', '0.07', '0.07', '0.07'], attacker: ['0.08', '0.08', '0.08', '0.08', '0.08']
2026-05-05 19:14:17 | DEBUG   | dpfl.algorithms.trust_aware.simulator | Round 12 Phase 1+2: 0.15s
2026-05-05 19:14:24 | INFO    | dpfl.core.base_simulator | Round  13/150 | Acc: 0.7337 | Loss: 0.8121 | eps_max: 0.76 eps_avg: 0.76 | P: nan R: nan F1: nan
2026-05-05 19:14:24 | DEBUG   | dpfl.core.base_simulator | Update norms — honest: ['0.07', '0.06', '0.07', '0.07', '0.07'], attacker: ['0.07', '0.07', '0.07', '0.08', '0.07']
2026-05-05 19:14:24 | DEBUG   | dpfl.algorithms.trust_aware.simulator | Round 13 Phase 1+2: 0.15s
2026-05-05 19:14:27 | INFO    | dpfl.core.base_simulator | Round  14/150 | Acc: 0.7378 | Loss: 0.7928 | eps_max: 0.80 eps_avg: 0.80 | P: 0.00 R: nan F1: nan
2026-05-05 19:14:27 | DEBUG   | dpfl.core.base_simulator | Update norms — honest: ['0.06', '0.06', '0.06', '0.06', '0.06'], attacker: ['0.07', '0.07', '0.07', '0.07', '0.07']
2026-05-05 19:14:28 | DEBUG   | dpfl.algorithms.trust_aware.simulator | Round 14 Phase 1+2: 0.15s
2026-05-05 19:14:31 | INFO    | dpfl.core.base_simulator | Round  15/150 | Acc: 0.7412 | Loss: 0.7760 | eps_max: 0.84 eps_avg: 0.84 | P: nan R: nan F1: nan
2026-05-05 19:14:31 | DEBUG   | dpfl.core.base_simulator | Update norms — honest: ['0.06', '0.06', '0.06', '0.06', '0.05'], attacker: ['0.06', '0.06', '0.06', '0.06', '0.06']
2026-05-05 19:14:32 | DEBUG   | dpfl.algorithms.trust_aware.simulator | Round 15 Phase 1+2: 0.45s
2026-05-05 19:14:36 | INFO    | dpfl.core.base_simulator | Round  16/150 | Acc: 0.7442 | Loss: 0.7615 | eps_max: 0.88 eps_avg: 0.88 | P: 0.00 R: nan F1: nan
2026-05-05 19:14:36 | DEBUG   | dpfl.core.base_simulator | Update norms — honest: ['0.06', '0.05', '0.06', '0.06', '0.06'], attacker: ['0.06', '0.06', '0.06', '0.06', '0.07']
2026-05-05 19:14:36 | DEBUG   | dpfl.algorithms.trust_aware.simulator | Round 16 Phase 1+2: 0.68s
2026-05-05 19:14:45 | INFO    | dpfl.core.base_simulator | Round  17/150 | Acc: 0.7470 | Loss: 0.7484 | eps_max: 0.91 eps_avg: 0.91 | P: 0.00 R: nan F1: nan
2026-05-05 19:14:45 | DEBUG   | dpfl.core.base_simulator | Update norms — honest: ['0.06', '0.06', '0.06', '0.05', '0.06'], attacker: ['0.06', '0.06', '0.06', '0.06', '0.06']
2026-05-05 19:14:45 | DEBUG   | dpfl.algorithms.trust_aware.simulator | Round 17 Phase 1+2: 0.16s
2026-05-05 19:14:52 | INFO    | dpfl.core.base_simulator | Round  18/150 | Acc: 0.7499 | Loss: 0.7365 | eps_max: 0.95 eps_avg: 0.95 | P: nan R: nan F1: nan
2026-05-05 19:14:52 | DEBUG   | dpfl.core.base_simulator | Update norms — honest: ['0.06', '0.05', '0.05', '0.05', '0.05'], attacker: ['0.06', '0.06', '0.06', '0.06', '0.06']
2026-05-05 19:14:52 | DEBUG   | dpfl.algorithms.trust_aware.simulator | Round 18 Phase 1+2: 0.16s
2026-05-05 19:14:55 | INFO    | dpfl.core.base_simulator | Round  19/150 | Acc: 0.7523 | Loss: 0.7262 | eps_max: 0.98 eps_avg: 0.98 | P: nan R: nan F1: nan
2026-05-05 19:14:55 | DEBUG   | dpfl.core.base_simulator | Update norms — honest: ['0.05', '0.05', '0.05', '0.05', '0.05'], attacker: ['0.06', '0.06', '0.05', '0.05', '0.05']
2026-05-05 19:14:56 | DEBUG   | dpfl.algorithms.trust_aware.simulator | Round 19 Phase 1+2: 0.15s
2026-05-05 19:14:59 | INFO    | dpfl.core.base_simulator | Round  20/150 | Acc: 0.7546 | Loss: 0.7163 | eps_max: 1.02 eps_avg: 1.02 | P: 0.00 R: nan F1: nan
2026-05-05 19:14:59 | DEBUG   | dpfl.core.base_simulator | Update norms — honest: ['0.05', '0.05', '0.05', '0.05', '0.05'], attacker: ['0.05', '0.05', '0.05', '0.05', '0.05']
2026-05-05 19:15:00 | DEBUG   | dpfl.algorithms.trust_aware.simulator | Round 20 Phase 1+2: 0.69s
2026-05-05 19:15:04 | INFO    | dpfl.core.base_simulator | Round  21/150 | Acc: 0.7566 | Loss: 0.7077 | eps_max: 1.06 eps_avg: 1.06 | P: nan R: nan F1: nan
2026-05-05 19:15:04 | DEBUG   | dpfl.core.base_simulator | Update norms — honest: ['0.05', '0.04', '0.05', '0.05', '0.05'], attacker: ['0.05', '0.05', '0.06', '0.05', '0.05']
2026-05-05 19:15:05 | DEBUG   | dpfl.algorithms.trust_aware.simulator | Round 21 Phase 1+2: 0.67s
2026-05-05 19:15:14 | INFO    | dpfl.core.base_simulator | Round  22/150 | Acc: 0.7586 | Loss: 0.6999 | eps_max: 1.10 eps_avg: 1.10 | P: nan R: nan F1: nan
2026-05-05 19:15:14 | DEBUG   | dpfl.core.base_simulator | Update norms — honest: ['0.05', '0.05', '0.04', '0.05', '0.05'], attacker: ['0.05', '0.05', '0.05', '0.05', '0.05']
2026-05-05 19:15:14 | DEBUG   | dpfl.algorithms.trust_aware.simulator | Round 22 Phase 1+2: 0.15s
2026-05-05 19:15:19 | INFO    | dpfl.core.base_simulator | Round  23/150 | Acc: 0.7604 | Loss: 0.6922 | eps_max: 1.15 eps_avg: 1.15 | P: nan R: nan F1: nan
2026-05-05 19:15:19 | DEBUG   | dpfl.core.base_simulator | Update norms — honest: ['0.04', '0.04', '0.04', '0.04', '0.05'], attacker: ['0.04', '0.05', '0.05', '0.05', '0.05']
2026-05-05 19:15:19 | DEBUG   | dpfl.algorithms.trust_aware.simulator | Round 23 Phase 1+2: 0.15s
2026-05-05 19:15:23 | INFO    | dpfl.core.base_simulator | Round  24/150 | Acc: 0.7623 | Loss: 0.6857 | eps_max: 1.19 eps_avg: 1.19 | P: 0.00 R: nan F1: nan
2026-05-05 19:15:23 | DEBUG   | dpfl.core.base_simulator | Update norms — honest: ['0.05', '0.05', '0.04', '0.05', '0.04'], attacker: ['0.05', '0.05', '0.05', '0.04', '0.05']
2026-05-05 19:15:23 | DEBUG   | dpfl.algorithms.trust_aware.simulator | Round 24 Phase 1+2: 0.15s
2026-05-05 19:15:27 | INFO    | dpfl.core.base_simulator | Round  25/150 | Acc: 0.7639 | Loss: 0.6794 | eps_max: 1.22 eps_avg: 1.22 | P: 0.00 R: nan F1: nan
2026-05-05 19:15:27 | DEBUG   | dpfl.core.base_simulator | Update norms — honest: ['0.05', '0.04', '0.04', '0.04', '0.04'], attacker: ['0.05', '0.05', '0.05', '0.04', '0.05']
2026-05-05 19:15:28 | DEBUG   | dpfl.algorithms.trust_aware.simulator | Round 25 Phase 1+2: 0.67s
2026-05-05 19:15:35 | INFO    | dpfl.core.base_simulator | Round  26/150 | Acc: 0.7654 | Loss: 0.6738 | eps_max: 1.26 eps_avg: 1.26 | P: nan R: nan F1: nan
2026-05-05 19:15:35 | DEBUG   | dpfl.core.base_simulator | Update norms — honest: ['0.04', '0.04', '0.04', '0.04', '0.04'], attacker: ['0.05', '0.05', '0.04', '0.04', '0.04']
2026-05-05 19:15:35 | DEBUG   | dpfl.algorithms.trust_aware.simulator | Round 26 Phase 1+2: 0.16s
2026-05-05 19:15:44 | INFO    | dpfl.core.base_simulator | Round  27/150 | Acc: 0.7668 | Loss: 0.6683 | eps_max: 1.29 eps_avg: 1.29 | P: 0.00 R: nan F1: nan
2026-05-05 19:15:44 | DEBUG   | dpfl.core.base_simulator | Update norms — honest: ['0.04', '0.04', '0.05', '0.05', '0.04'], attacker: ['0.04', '0.04', '0.05', '0.04', '0.04']
2026-05-05 19:15:44 | DEBUG   | dpfl.algorithms.trust_aware.simulator | Round 27 Phase 1+2: 0.16s
2026-05-05 19:15:49 | INFO    | dpfl.core.base_simulator | Round  28/150 | Acc: 0.7682 | Loss: 0.6634 | eps_max: 1.32 eps_avg: 1.32 | P: 0.00 R: nan F1: nan
2026-05-05 19:15:49 | DEBUG   | dpfl.core.base_simulator | Update norms — honest: ['0.04', '0.04', '0.04', '0.04', '0.04'], attacker: ['0.04', '0.04', '0.04', '0.04', '0.04']
2026-05-05 19:15:49 | DEBUG   | dpfl.algorithms.trust_aware.simulator | Round 28 Phase 1+2: 0.15s
2026-05-05 19:15:53 | INFO    | dpfl.core.base_simulator | Round  29/150 | Acc: 0.7696 | Loss: 0.6585 | eps_max: 1.36 eps_avg: 1.36 | P: 0.00 R: nan F1: nan
2026-05-05 19:15:53 | DEBUG   | dpfl.core.base_simulator | Update norms — honest: ['0.04', '0.04', '0.04', '0.04', '0.04'], attacker: ['0.04', '0.04', '0.04', '0.04', '0.04']
2026-05-05 19:15:53 | DEBUG   | dpfl.algorithms.trust_aware.simulator | Round 29 Phase 1+2: 0.15s
2026-05-05 19:15:58 | INFO    | dpfl.core.base_simulator | Round  30/150 | Acc: 0.7708 | Loss: 0.6542 | eps_max: 1.39 eps_avg: 1.39 | P: nan R: nan F1: nan
2026-05-05 19:15:58 | DEBUG   | dpfl.core.base_simulator | Update norms — honest: ['0.04', '0.04', '0.04', '0.04', '0.04'], attacker: ['0.04', '0.04', '0.04', '0.04', '0.04']
2026-05-05 19:15:58 | DEBUG   | dpfl.algorithms.trust_aware.simulator | Round 30 Phase 1+2: 0.69s
2026-05-05 19:16:03 | INFO    | dpfl.core.base_simulator | Round  31/150 | Acc: 0.7719 | Loss: 0.6502 | eps_max: 1.43 eps_avg: 1.43 | P: 0.00 R: nan F1: nan
2026-05-05 19:16:03 | DEBUG   | dpfl.core.base_simulator | Update norms — honest: ['0.04', '0.04', '0.04', '0.04', '0.04'], attacker: ['0.04', '0.04', '0.04', '0.04', '0.04']
2026-05-05 19:16:04 | DEBUG   | dpfl.algorithms.trust_aware.simulator | Round 31 Phase 1+2: 0.67s
2026-05-05 19:16:14 | INFO    | dpfl.core.base_simulator | Round  32/150 | Acc: 0.7732 | Loss: 0.6460 | eps_max: 1.47 eps_avg: 1.47 | P: 0.00 R: nan F1: nan
2026-05-05 19:16:14 | DEBUG   | dpfl.core.base_simulator | Update norms — honest: ['0.04', '0.04', '0.04', '0.03', '0.05'], attacker: ['0.04', '0.04', '0.04', '0.04', '0.04']
2026-05-05 19:16:14 | DEBUG   | dpfl.algorithms.trust_aware.simulator | Round 32 Phase 1+2: 0.15s
2026-05-05 19:16:21 | INFO    | dpfl.core.base_simulator | Round  33/150 | Acc: 0.7741 | Loss: 0.6425 | eps_max: 1.51 eps_avg: 1.51 | P: 0.00 R: nan F1: nan
2026-05-05 19:16:21 | DEBUG   | dpfl.core.base_simulator | Update norms — honest: ['0.04', '0.04', '0.04', '0.04', '0.04'], attacker: ['0.04', '0.05', '0.04', '0.04', '0.04']
2026-05-05 19:16:21 | DEBUG   | dpfl.algorithms.trust_aware.simulator | Round 33 Phase 1+2: 0.15s
2026-05-05 19:16:26 | INFO    | dpfl.core.base_simulator | Round  34/150 | Acc: 0.7752 | Loss: 0.6390 | eps_max: 1.56 eps_avg: 1.56 | P: 0.00 R: nan F1: nan
2026-05-05 19:16:26 | DEBUG   | dpfl.core.base_simulator | Update norms — honest: ['0.04', '0.04', '0.04', '0.03', '0.04'], attacker: ['0.04', '0.04', '0.04', '0.04', '0.04']
2026-05-05 19:16:26 | DEBUG   | dpfl.algorithms.trust_aware.simulator | Round 34 Phase 1+2: 0.15s
2026-05-05 19:16:30 | INFO    | dpfl.core.base_simulator | Round  35/150 | Acc: 0.7762 | Loss: 0.6357 | eps_max: 1.60 eps_avg: 1.60 | P: 0.00 R: nan F1: nan
2026-05-05 19:16:30 | DEBUG   | dpfl.core.base_simulator | Update norms — honest: ['0.03', '0.04', '0.04', '0.04', '0.04'], attacker: ['0.04', '0.04', '0.04', '0.04', '0.04']
2026-05-05 19:16:31 | DEBUG   | dpfl.algorithms.trust_aware.simulator | Round 35 Phase 1+2: 0.15s
2026-05-05 19:16:36 | INFO    | dpfl.core.base_simulator | Round  36/150 | Acc: 0.7771 | Loss: 0.6325 | eps_max: 1.63 eps_avg: 1.63 | P: 0.00 R: nan F1: nan
2026-05-05 19:16:36 | DEBUG   | dpfl.core.base_simulator | Update norms — honest: ['0.04', '0.04', '0.04', '0.04', '0.04'], attacker: ['0.04', '0.04', '0.04', '0.04', '0.04']
2026-05-05 19:16:36 | DEBUG   | dpfl.algorithms.trust_aware.simulator | Round 36 Phase 1+2: 0.68s
2026-05-05 19:16:43 | INFO    | dpfl.core.base_simulator | Round  37/150 | Acc: 0.7777 | Loss: 0.6300 | eps_max: 1.67 eps_avg: 1.67 | P: 0.00 R: nan F1: nan
2026-05-05 19:16:43 | DEBUG   | dpfl.core.base_simulator | Update norms — honest: ['0.03', '0.03', '0.04', '0.04', '0.04'], attacker: ['0.04', '0.04', '0.03', '0.04', '0.04']
2026-05-05 19:16:43 | DEBUG   | dpfl.algorithms.trust_aware.simulator | Round 37 Phase 1+2: 0.67s
2026-05-05 19:16:48 | INFO    | dpfl.core.base_simulator | Round  38/150 | Acc: 0.7787 | Loss: 0.6274 | eps_max: 1.70 eps_avg: 1.70 | P: nan R: nan F1: nan
2026-05-05 19:16:48 | DEBUG   | dpfl.core.base_simulator | Update norms — honest: ['0.04', '0.03', '0.04', '0.03', '0.04'], attacker: ['0.03', '0.04', '0.03', '0.04', '0.04']
2026-05-05 19:16:49 | DEBUG   | dpfl.algorithms.trust_aware.simulator | Round 38 Phase 1+2: 0.70s
2026-05-05 19:16:56 | INFO    | dpfl.core.base_simulator | Round  39/150 | Acc: 0.7793 | Loss: 0.6248 | eps_max: 1.74 eps_avg: 1.74 | P: 0.00 R: nan F1: nan
2026-05-05 19:16:56 | DEBUG   | dpfl.core.base_simulator | Update norms — honest: ['0.04', '0.04', '0.03', '0.03', '0.04'], attacker: ['0.04', '0.04', '0.04', '0.04', '0.04']
2026-05-05 19:16:56 | DEBUG   | dpfl.algorithms.trust_aware.simulator | Round 39 Phase 1+2: 0.68s
2026-05-05 19:17:03 | INFO    | dpfl.core.base_simulator | Round  40/150 | Acc: 0.7802 | Loss: 0.6222 | eps_max: 1.78 eps_avg: 1.78 | P: 0.00 R: nan F1: nan
2026-05-05 19:17:03 | DEBUG   | dpfl.core.base_simulator | Update norms — honest: ['0.04', '0.04', '0.04', '0.04', '0.04'], attacker: ['0.03', '0.04', '0.03', '0.04', '0.04']
2026-05-05 19:17:03 | DEBUG   | dpfl.algorithms.trust_aware.simulator | Round 40 Phase 1+2: 0.59s
2026-05-05 19:17:08 | INFO    | dpfl.core.base_simulator | Round  41/150 | Acc: 0.7809 | Loss: 0.6200 | eps_max: 1.82 eps_avg: 1.82 | P: 0.00 R: nan F1: nan
2026-05-05 19:17:08 | DEBUG   | dpfl.core.base_simulator | Update norms — honest: ['0.04', '0.03', '0.04', '0.03', '0.03'], attacker: ['0.04', '0.03', '0.03', '0.04', '0.04']
2026-05-05 19:17:08 | DEBUG   | dpfl.algorithms.trust_aware.simulator | Round 41 Phase 1+2: 0.16s
2026-05-05 19:17:14 | INFO    | dpfl.core.base_simulator | Round  42/150 | Acc: 0.7818 | Loss: 0.6175 | eps_max: 1.86 eps_avg: 1.86 | P: 0.00 R: nan F1: nan
2026-05-05 19:17:14 | DEBUG   | dpfl.core.base_simulator | Update norms — honest: ['0.03', '0.03', '0.04', '0.04', '0.04'], attacker: ['0.03', '0.04', '0.03', '0.03', '0.03']
2026-05-05 19:17:14 | DEBUG   | dpfl.algorithms.trust_aware.simulator | Round 42 Phase 1+2: 0.15s
2026-05-05 19:17:19 | INFO    | dpfl.core.base_simulator | Round  43/150 | Acc: 0.7821 | Loss: 0.6158 | eps_max: 1.90 eps_avg: 1.90 | P: 0.00 R: nan F1: nan
2026-05-05 19:17:19 | DEBUG   | dpfl.core.base_simulator | Update norms — honest: ['0.03', '0.03', '0.04', '0.03', '0.03'], attacker: ['0.03', '0.04', '0.03', '0.03', '0.03']
2026-05-05 19:17:19 | DEBUG   | dpfl.algorithms.trust_aware.simulator | Round 43 Phase 1+2: 0.15s
2026-05-05 19:17:24 | INFO    | dpfl.core.base_simulator | Round  44/150 | Acc: 0.7829 | Loss: 0.6135 | eps_max: 1.95 eps_avg: 1.95 | P: 0.00 R: nan F1: nan
2026-05-05 19:17:24 | DEBUG   | dpfl.core.base_simulator | Update norms — honest: ['0.03', '0.03', '0.03', '0.04', '0.03'], attacker: ['0.04', '0.03', '0.04', '0.04', '0.03']
2026-05-05 19:17:25 | DEBUG   | dpfl.algorithms.trust_aware.simulator | Round 44 Phase 1+2: 0.16s
2026-05-05 19:17:30 | INFO    | dpfl.core.base_simulator | Round  45/150 | Acc: 0.7834 | Loss: 0.6117 | eps_max: 2.00 eps_avg: 2.00 | P: 0.00 R: nan F1: nan
2026-05-05 19:17:30 | DEBUG   | dpfl.core.base_simulator | Update norms — honest: ['0.04', '0.03', '0.04', '0.03', '0.04'], attacker: ['0.03', '0.03', '0.03', '0.03', '0.03']
2026-05-05 19:17:30 | DEBUG   | dpfl.algorithms.trust_aware.simulator | Round 45 Phase 1+2: 0.15s
2026-05-05 19:17:36 | INFO    | dpfl.core.base_simulator | Round  46/150 | Acc: 0.7841 | Loss: 0.6099 | eps_max: 2.04 eps_avg: 2.04 | P: 0.00 R: nan F1: nan
2026-05-05 19:17:36 | DEBUG   | dpfl.core.base_simulator | Update norms — honest: ['0.03', '0.03', '0.04', '0.03', '0.03'], attacker: ['0.03', '0.03', '0.03', '0.04', '0.03']
2026-05-05 19:17:36 | DEBUG   | dpfl.algorithms.trust_aware.simulator | Round 46 Phase 1+2: 0.15s
2026-05-05 19:17:41 | INFO    | dpfl.core.base_simulator | Round  47/150 | Acc: 0.7847 | Loss: 0.6081 | eps_max: 2.08 eps_avg: 2.08 | P: 0.00 R: nan F1: nan
2026-05-05 19:17:41 | DEBUG   | dpfl.core.base_simulator | Update norms — honest: ['0.03', '0.03', '0.04', '0.03', '0.03'], attacker: ['0.03', '0.04', '0.03', '0.04', '0.03']
2026-05-05 19:17:42 | DEBUG   | dpfl.algorithms.trust_aware.simulator | Round 47 Phase 1+2: 0.18s
2026-05-05 19:17:48 | INFO    | dpfl.core.base_simulator | Round  48/150 | Acc: 0.7853 | Loss: 0.6065 | eps_max: 2.11 eps_avg: 2.11 | P: 0.00 R: nan F1: nan
2026-05-05 19:17:48 | DEBUG   | dpfl.core.base_simulator | Update norms — honest: ['0.04', '0.03', '0.03', '0.04', '0.03'], attacker: ['0.03', '0.04', '0.03', '0.03', '0.03']
2026-05-05 19:17:48 | DEBUG   | dpfl.algorithms.trust_aware.simulator | Round 48 Phase 1+2: 0.16s
2026-05-05 19:17:54 | INFO    | dpfl.core.base_simulator | Round  49/150 | Acc: 0.7858 | Loss: 0.6049 | eps_max: 2.15 eps_avg: 2.15 | P: 0.00 R: nan F1: nan
2026-05-05 19:17:54 | DEBUG   | dpfl.core.base_simulator | Update norms — honest: ['0.03', '0.03', '0.03', '0.03', '0.03'], attacker: ['0.03', '0.03', '0.03', '0.04', '0.03']
2026-05-05 19:17:54 | DEBUG   | dpfl.algorithms.trust_aware.simulator | Round 49 Phase 1+2: 0.15s
2026-05-05 19:18:00 | INFO    | dpfl.core.base_simulator | Round  50/150 | Acc: 0.7863 | Loss: 0.6034 | eps_max: 2.19 eps_avg: 2.19 | P: 0.00 R: nan F1: nan
2026-05-05 19:18:00 | DEBUG   | dpfl.core.base_simulator | Update norms — honest: ['0.03', '0.03', '0.03', '0.03', '0.04'], attacker: ['0.03', '0.03', '0.03', '0.03', '0.04']
2026-05-05 19:18:00 | DEBUG   | dpfl.algorithms.trust_aware.simulator | Round 50 Phase 1+2: 0.13s
2026-05-05 19:18:05 | INFO    | dpfl.core.base_simulator | Round  51/150 | Acc: 0.7866 | Loss: 0.6023 | eps_max: 2.22 eps_avg: 2.22 | P: 0.86 R: 0.81 F1: 0.89
2026-05-05 19:18:05 | DEBUG   | dpfl.core.base_simulator | Update norms — honest: ['0.04', '0.04', '0.03', '0.03', '0.03'], attacker: ['0.64', '0.64', '0.64', '0.72', '0.65']
2026-05-05 19:18:05 | DEBUG   | dpfl.algorithms.trust_aware.simulator | Round 51 Phase 1+2: 0.13s
2026-05-05 19:18:10 | INFO    | dpfl.core.base_simulator | Round  52/150 | Acc: 0.7866 | Loss: 0.6027 | eps_max: 2.26 eps_avg: 2.26 | P: 0.83 R: 0.43 F1: 0.60
2026-05-05 19:18:10 | DEBUG   | dpfl.core.base_simulator | Update norms — honest: ['0.03', '0.03', '0.03', '0.03', '0.03'], attacker: ['1.62', '1.74', '1.64', '2.19', '2.26']
2026-05-05 19:18:10 | DEBUG   | dpfl.algorithms.trust_aware.simulator | Round 52 Phase 1+2: 0.13s
2026-05-05 19:18:16 | INFO    | dpfl.core.base_simulator | Round  53/150 | Acc: 0.7857 | Loss: 0.6095 | eps_max: 2.30 eps_avg: 2.30 | P: 0.86 R: 0.43 F1: 0.62
2026-05-05 19:18:16 | DEBUG   | dpfl.core.base_simulator | Update norms — honest: ['0.03', '0.03', '0.03', '0.03', '0.04'], attacker: ['10.60', '11.11', '7.93', '13.63', '9.57']
2026-05-05 19:18:17 | DEBUG   | dpfl.algorithms.trust_aware.simulator | Round 53 Phase 1+2: 0.48s
2026-05-05 19:18:23 | INFO    | dpfl.core.base_simulator | Round  54/150 | Acc: 0.7877 | Loss: 0.5992 | eps_max: 2.34 eps_avg: 2.34 | P: 0.93 R: 0.94 F1: 0.96
2026-05-05 19:18:23 | DEBUG   | dpfl.core.base_simulator | Update norms — honest: ['0.03', '0.03', '0.03', '0.03', '0.04'], attacker: ['48.94', '43.75', '33.85', '59.09', '45.73']
2026-05-05 19:18:23 | DEBUG   | dpfl.algorithms.trust_aware.simulator | Round 54 Phase 1+2: 0.49s
2026-05-05 19:18:32 | INFO    | dpfl.core.base_simulator | Round  55/150 | Acc: 0.7879 | Loss: 0.6002 | eps_max: 2.39 eps_avg: 2.39 | P: 0.82 R: 1.00 F1: 1.00
2026-05-05 19:18:32 | DEBUG   | dpfl.core.base_simulator | Update norms — honest: ['0.03', '0.03', '0.03', '0.03', '0.03'], attacker: ['258.29', '219.44', '174.21', '303.75', '235.12']
2026-05-05 19:18:32 | DEBUG   | dpfl.algorithms.trust_aware.simulator | Round 55 Phase 1+2: 0.13s
2026-05-05 19:18:42 | INFO    | dpfl.core.base_simulator | Round  56/150 | Acc: 0.7881 | Loss: 0.5978 | eps_max: 2.43 eps_avg: 2.43 | P: 0.75 R: 1.00 F1: 1.00
2026-05-05 19:18:42 | DEBUG   | dpfl.core.base_simulator | Update norms — honest: ['0.03', '0.03', '0.03', '0.04', '0.03'], attacker: ['1272.97', '1071.65', '924.28', '1441.20', '1216.54']
2026-05-05 19:18:42 | DEBUG   | dpfl.algorithms.trust_aware.simulator | Round 56 Phase 1+2: 0.13s
2026-05-05 19:18:48 | INFO    | dpfl.core.base_simulator | Round  57/150 | Acc: 0.7892 | Loss: 0.5950 | eps_max: 2.48 eps_avg: 2.48 | P: 0.83 R: 1.00 F1: 1.00
2026-05-05 19:18:48 | DEBUG   | dpfl.core.base_simulator | Update norms — honest: ['0.03', '0.03', '0.03', '0.04', '0.03'], attacker: ['6741.90', '5698.89', '4890.23', '7213.04', '6165.88']
2026-05-05 19:18:48 | DEBUG   | dpfl.algorithms.trust_aware.simulator | Round 57 Phase 1+2: 0.15s
2026-05-05 19:18:54 | INFO    | dpfl.core.base_simulator | Round  58/150 | Acc: 0.7892 | Loss: 0.5956 | eps_max: 2.52 eps_avg: 2.52 | P: 0.89 R: 1.00 F1: 1.00
2026-05-05 19:18:54 | DEBUG   | dpfl.core.base_simulator | Update norms — honest: ['0.03', '0.03', '0.03', '0.03', '0.03'], attacker: ['34651.95', '28481.86', '24546.39', '36089.96', '31537.86']
2026-05-05 19:18:54 | DEBUG   | dpfl.algorithms.trust_aware.simulator | Round 58 Phase 1+2: 0.13s
2026-05-05 19:19:00 | INFO    | dpfl.core.base_simulator | Round  59/150 | Acc: 0.7897 | Loss: 0.5934 | eps_max: 2.57 eps_avg: 2.57 | P: 0.79 R: 1.00 F1: 0.99
2026-05-05 19:19:00 | DEBUG   | dpfl.core.base_simulator | Update norms — honest: ['0.03', '0.03', '0.03', '0.03', '0.04'], attacker: ['176647.95', '154640.66', '120303.55', '181439.77', '162199.39']
2026-05-05 19:19:00 | DEBUG   | dpfl.algorithms.trust_aware.simulator | Round 59 Phase 1+2: 0.13s
2026-05-05 19:19:05 | INFO    | dpfl.core.base_simulator | Round  60/150 | Acc: 0.7899 | Loss: 0.5931 | eps_max: 2.62 eps_avg: 2.62 | P: 1.00 R: 1.00 F1: 1.00
2026-05-05 19:19:05 | DEBUG   | dpfl.core.base_simulator | Update norms — honest: ['0.03', '0.03', '0.03', '0.04', '0.03'], attacker: ['918978.44', '800531.06', '600400.00', '937900.25', '786791.31']
2026-05-05 19:19:05 | DEBUG   | dpfl.algorithms.trust_aware.simulator | Round 60 Phase 1+2: 0.13s
2026-05-05 19:19:11 | INFO    | dpfl.core.base_simulator | Round  61/150 | Acc: 0.7903 | Loss: 0.5921 | eps_max: 2.67 eps_avg: 2.67 | P: 0.92 R: 1.00 F1: 1.00
2026-05-05 19:19:11 | DEBUG   | dpfl.core.base_simulator | Update norms — honest: ['0.04', '0.03', '0.03', '0.03', '0.03'], attacker: ['4601851.00', '4046094.25', '3073828.25', '4630050.00', '3910246.25']
2026-05-05 19:19:11 | DEBUG   | dpfl.algorithms.trust_aware.simulator | Round 61 Phase 1+2: 0.14s
2026-05-05 19:19:17 | INFO    | dpfl.core.base_simulator | Round  62/150 | Acc: 0.7905 | Loss: 0.5915 | eps_max: 2.73 eps_avg: 2.73 | P: 0.82 R: 1.00 F1: 1.00
2026-05-05 19:19:17 | DEBUG   | dpfl.core.base_simulator | Update norms — honest: ['0.03', '0.03', '0.03', '0.03', '0.03'], attacker: ['22778176.00', '19777078.00', '15376289.00', '22668754.00', '19742692.00']
2026-05-05 19:19:17 | DEBUG   | dpfl.algorithms.trust_aware.simulator | Round 62 Phase 1+2: 0.13s
2026-05-05 19:19:23 | INFO    | dpfl.core.base_simulator | Round  63/150 | Acc: 0.7909 | Loss: 0.5903 | eps_max: 2.78 eps_avg: 2.78 | P: 0.73 R: 1.00 F1: 0.99
2026-05-05 19:19:23 | DEBUG   | dpfl.core.base_simulator | Update norms — honest: ['0.03', '0.03', '0.03', '0.03', '0.03'], attacker: ['113602312.00', '104806592.00', '81716176.00', '117514320.00', '98343424.00']
2026-05-05 19:19:24 | DEBUG   | dpfl.algorithms.trust_aware.simulator | Round 63 Phase 1+2: 0.49s
2026-05-05 19:19:33 | INFO    | dpfl.core.base_simulator | Round  64/150 | Acc: 0.7911 | Loss: 0.5899 | eps_max: 2.84 eps_avg: 2.84 | P: 0.75 R: 1.00 F1: 0.99
2026-05-05 19:19:33 | DEBUG   | dpfl.core.base_simulator | Update norms — honest: ['0.03', '0.03', '0.04', '0.03', '0.04'], attacker: ['599813760.00', '514657536.00', '397051776.00', '570312128.00', '505911296.00']
2026-05-05 19:19:33 | DEBUG   | dpfl.algorithms.trust_aware.simulator | Round 64 Phase 1+2: 0.13s
2026-05-05 19:19:45 | INFO    | dpfl.core.base_simulator | Round  65/150 | Acc: 0.7912 | Loss: 0.5901 | eps_max: 2.88 eps_avg: 2.88 | P: 0.99 R: 1.00 F1: 0.99
2026-05-05 19:19:45 | DEBUG   | dpfl.core.base_simulator | Update norms — honest: ['0.03', '0.03', '0.03', '0.03', '0.03'], attacker: ['2958236928.00', '2746273536.00', '2003121792.00', '2998798592.00', '2466632192.00']
2026-05-05 19:19:45 | DEBUG   | dpfl.algorithms.trust_aware.simulator | Round 65 Phase 1+2: 0.13s
2026-05-05 19:19:54 | INFO    | dpfl.core.base_simulator | Round  66/150 | Acc: 0.7920 | Loss: 0.5882 | eps_max: 2.91 eps_avg: 2.91 | P: 1.00 R: 1.00 F1: 1.00
2026-05-05 19:19:54 | DEBUG   | dpfl.core.base_simulator | Update norms — honest: ['0.03', '0.03', '0.03', '0.03', '0.03'], attacker: ['15110883328.00', '13453973504.00', '9943211008.00', '15575051264.00', '12788517888.00']
2026-05-05 19:19:54 | DEBUG   | dpfl.algorithms.trust_aware.simulator | Round 66 Phase 1+2: 0.13s
2026-05-05 19:20:00 | INFO    | dpfl.core.base_simulator | Round  67/150 | Acc: 0.7923 | Loss: 0.5876 | eps_max: 2.95 eps_avg: 2.95 | P: 1.00 R: 1.00 F1: 1.00
2026-05-05 19:20:00 | DEBUG   | dpfl.core.base_simulator | Update norms — honest: ['0.03', '0.03', '0.03', '0.03', '0.03'], attacker: ['78322556928.00', '71102521344.00', '51345264640.00', '79065800704.00', '63266533376.00']
2026-05-05 19:20:00 | DEBUG   | dpfl.algorithms.trust_aware.simulator | Round 67 Phase 1+2: 0.13s
2026-05-05 19:20:07 | INFO    | dpfl.core.base_simulator | Round  68/150 | Acc: 0.7922 | Loss: 0.5875 | eps_max: 2.99 eps_avg: 2.99 | P: 0.86 R: 1.00 F1: 0.98
2026-05-05 19:20:07 | DEBUG   | dpfl.core.base_simulator | Update norms — honest: ['0.03', '0.03', '0.03', '0.03', '0.03'], attacker: ['398398390272.00', '368717856768.00', '248087363584.00', '396651495424.00', '319166709760.00']
2026-05-05 19:20:07 | DEBUG   | dpfl.algorithms.trust_aware.simulator | Round 68 Phase 1+2: 0.13s
2026-05-05 19:20:13 | INFO    | dpfl.core.base_simulator | Round  69/150 | Acc: 0.7925 | Loss: 0.5867 | eps_max: 3.02 eps_avg: 3.02 | P: 0.60 R: 1.00 F1: 1.00
2026-05-05 19:20:13 | DEBUG   | dpfl.core.base_simulator | Update norms — honest: ['0.03', '0.03', '0.03', '0.03', '0.03'], attacker: ['2047796707328.00', '1876609073152.00', '1264938909696.00', '2044729753600.00', '1619570982912.00']
2026-05-05 19:20:13 | DEBUG   | dpfl.algorithms.trust_aware.simulator | Round 69 Phase 1+2: 0.13s
2026-05-05 19:20:19 | INFO    | dpfl.core.base_simulator | Round  70/150 | Acc: 0.7929 | Loss: 0.5862 | eps_max: 3.06 eps_avg: 3.06 | P: 1.00 R: 1.00 F1: 1.00
2026-05-05 19:20:19 | DEBUG   | dpfl.core.base_simulator | Update norms — honest: ['0.03', '0.03', '0.03', '0.02', '0.03'], attacker: ['10379901009920.00', '9310646042624.00', '6407312637952.00', '10010950107136.00', '8325503123456.00']
2026-05-05 19:20:20 | DEBUG   | dpfl.algorithms.trust_aware.simulator | Round 70 Phase 1+2: 0.13s
2026-05-05 19:20:26 | INFO    | dpfl.core.base_simulator | Round  71/150 | Acc: 0.7931 | Loss: 0.5856 | eps_max: 3.10 eps_avg: 3.10 | P: 0.71 R: 1.00 F1: 1.00
2026-05-05 19:20:26 | DEBUG   | dpfl.core.base_simulator | Update norms — honest: ['0.03', '0.03', '0.03', '0.03', '0.04'], attacker: ['53175688101888.00', '48044405948416.00', '31762455461888.00', '53124089774080.00', '41780728823808.00']
2026-05-05 19:20:26 | DEBUG   | dpfl.algorithms.trust_aware.simulator | Round 71 Phase 1+2: 0.13s
2026-05-05 19:20:32 | INFO    | dpfl.core.base_simulator | Round  72/150 | Acc: 0.7930 | Loss: 0.5857 | eps_max: 3.14 eps_avg: 3.14 | P: 0.89 R: 1.00 F1: 1.00
2026-05-05 19:20:32 | DEBUG   | dpfl.core.base_simulator | Update norms — honest: ['0.03', '0.04', '0.03', '0.02', '0.03'], attacker: ['261270712352768.00', '240957211541504.00', '154716180840448.00', '261329986256896.00', '206217402122240.00']
2026-05-05 19:20:32 | DEBUG   | dpfl.algorithms.trust_aware.simulator | Round 72 Phase 1+2: 0.13s
2026-05-05 19:20:39 | INFO    | dpfl.core.base_simulator | Round  73/150 | Acc: 0.7934 | Loss: 0.5851 | eps_max: 3.18 eps_avg: 3.18 | P: 0.67 R: 1.00 F1: 1.00
2026-05-05 19:20:39 | DEBUG   | dpfl.core.base_simulator | Update norms — honest: ['0.04', '0.03', '0.03', '0.03', '0.03'], attacker: ['1307003779547136.00', '1278287493988352.00', '809134458929152.00', '1378235409498112.00', '1055236957405184.00']
2026-05-05 19:20:39 | DEBUG   | dpfl.algorithms.trust_aware.simulator | Round 73 Phase 1+2: 0.13s
2026-05-05 19:20:46 | INFO    | dpfl.core.base_simulator | Round  74/150 | Acc: 0.7936 | Loss: 0.5847 | eps_max: 3.23 eps_avg: 3.23 | P: 0.91 R: 1.00 F1: 1.00
2026-05-05 19:20:46 | DEBUG   | dpfl.core.base_simulator | Update norms — honest: ['0.03', '0.03', '0.04', '0.03', '0.03'], attacker: ['6637696399179776.00', '5983923993575424.00', '3915055963832320.00', '6823504737468416.00', '5341168179085312.00']
2026-05-05 19:20:46 | DEBUG   | dpfl.algorithms.trust_aware.simulator | Round 74 Phase 1+2: 0.48s
2026-05-05 19:20:55 | INFO    | dpfl.core.base_simulator | Round  75/150 | Acc: 0.7937 | Loss: 0.5845 | eps_max: 3.27 eps_avg: 3.27 | P: 0.88 R: 1.00 F1: 1.00
2026-05-05 19:20:55 | DEBUG   | dpfl.core.base_simulator | Update norms — honest: ['0.03', '0.03', '0.03', '0.03', '0.03'], attacker: ['32743834232291328.00', '31677731007627264.00', '20744118661545984.00', '35075453865689088.00', '26974743965990912.00']
2026-05-05 19:20:56 | DEBUG   | dpfl.algorithms.trust_aware.simulator | Round 75 Phase 1+2: 0.47s
2026-05-05 19:21:07 | INFO    | dpfl.core.base_simulator | Round  76/150 | Acc: 0.7936 | Loss: 0.5846 | eps_max: 3.31 eps_avg: 3.31 | P: 0.91 R: 1.00 F1: 1.00
2026-05-05 19:21:07 | DEBUG   | dpfl.core.base_simulator | Update norms — honest: ['0.03', '0.03', '0.03', '0.03', '0.02'], attacker: ['173404099075637248.00', '158956842704175104.00', '100659602328125440.00', '169204600312692736.00', '138077726778064896.00']
2026-05-05 19:21:08 | DEBUG   | dpfl.algorithms.trust_aware.simulator | Round 76 Phase 1+2: 0.13s
2026-05-05 19:21:20 | INFO    | dpfl.core.base_simulator | Round  77/150 | Acc: 0.7942 | Loss: 0.5836 | eps_max: 3.36 eps_avg: 3.36 | P: 0.88 R: 1.00 F1: 1.00
2026-05-05 19:21:20 | DEBUG   | dpfl.core.base_simulator | Update norms — honest: ['0.03', '0.03', '0.03', '0.03', '0.04'], attacker: ['879049032326971392.00', '845289283710353408.00', '527977924515594240.00', '914481206848913408.00', '686836395288821760.00']
2026-05-05 19:21:20 | DEBUG   | dpfl.algorithms.trust_aware.simulator | Round 77 Phase 1+2: 0.13s
2026-05-05 19:21:30 | INFO    | dpfl.core.base_simulator | Round  78/150 | Acc: 0.7943 | Loss: 0.5836 | eps_max: 3.40 eps_avg: 3.40 | P: 0.74 R: 1.00 F1: 0.99
2026-05-05 19:21:30 | DEBUG   | dpfl.core.base_simulator | Update norms — honest: ['0.03', '0.03', '0.02', '0.03', '0.03'], attacker: ['4431017016530305024.00', '4122247763171737600.00', '2527759914948886528.00', '4521626945141604352.00', '3471112579156279296.00']
2026-05-05 19:21:30 | DEBUG   | dpfl.algorithms.trust_aware.simulator | Round 78 Phase 1+2: 0.13s
2026-05-05 19:21:38 | INFO    | dpfl.core.base_simulator | Round  79/150 | Acc: 0.7945 | Loss: 0.5832 | eps_max: 3.45 eps_avg: 3.45 | P: 1.00 R: 1.00 F1: 1.00
2026-05-05 19:21:38 | DEBUG   | dpfl.core.base_simulator | Update norms — honest: ['0.04', '0.03', '0.02', '0.03', '0.03'], attacker: ['inf', 'inf', '12809303866520633344.00', 'inf', '17735810850305867776.00']
2026-05-05 19:21:38 | DEBUG   | dpfl.algorithms.trust_aware.simulator | Round 79 Phase 1+2: 0.13s
2026-05-05 19:21:45 | INFO    | dpfl.core.base_simulator | Round  80/150 | Acc: 0.7946 | Loss: 0.5832 | eps_max: 3.50 eps_avg: 3.50 | P: 0.98 R: 1.00 F1: 0.99
2026-05-05 19:21:45 | DEBUG   | dpfl.core.base_simulator | Update norms — honest: ['0.03', '0.03', '0.03', '0.03', '0.03'], attacker: ['nan', 'nan', 'inf', 'nan', 'nan']
2026-05-05 19:21:45 | DEBUG   | dpfl.algorithms.trust_aware.simulator | Round 80 Phase 1+2: 0.14s
2026-05-05 19:21:53 | INFO    | dpfl.core.base_simulator | Round  81/150 | Acc: 0.7947 | Loss: 0.5833 | eps_max: 3.55 eps_avg: 3.55 | P: 0.93 R: 1.00 F1: 1.00
2026-05-05 19:21:53 | DEBUG   | dpfl.core.base_simulator | Update norms — honest: ['0.03', '0.03', '0.04', '0.03', '0.03'], attacker: ['nan', 'nan', 'nan', 'nan', 'nan']
2026-05-05 19:21:53 | DEBUG   | dpfl.algorithms.trust_aware.simulator | Round 81 Phase 1+2: 0.13s
2026-05-05 19:22:01 | INFO    | dpfl.core.base_simulator | Round  82/150 | Acc: 0.7949 | Loss: 0.5829 | eps_max: 3.60 eps_avg: 3.60 | P: 0.97 R: 1.00 F1: 0.98
2026-05-05 19:22:01 | DEBUG   | dpfl.core.base_simulator | Update norms — honest: ['0.03', '0.03', '0.03', '0.03', '0.03'], attacker: ['nan', 'nan', 'nan', 'nan', 'nan']
2026-05-05 19:22:01 | DEBUG   | dpfl.algorithms.trust_aware.simulator | Round 82 Phase 1+2: 0.12s
2026-05-05 19:22:08 | INFO    | dpfl.core.base_simulator | Round  83/150 | Acc: 0.7951 | Loss: 0.5826 | eps_max: 3.65 eps_avg: 3.65 | P: 1.00 R: 1.00 F1: 1.00
2026-05-05 19:22:08 | DEBUG   | dpfl.core.base_simulator | Update norms — honest: ['0.03', '0.03', '0.03', '0.03', '0.04'], attacker: ['nan', 'nan', 'nan', 'nan', 'nan']
2026-05-05 19:22:08 | DEBUG   | dpfl.algorithms.trust_aware.simulator | Round 83 Phase 1+2: 0.13s
2026-05-05 19:22:15 | INFO    | dpfl.core.base_simulator | Round  84/150 | Acc: 0.7951 | Loss: 0.5830 | eps_max: 3.71 eps_avg: 3.71 | P: 0.89 R: 1.00 F1: 1.00
2026-05-05 19:22:15 | DEBUG   | dpfl.core.base_simulator | Update norms — honest: ['0.03', '0.03', '0.04', '0.03', '0.03'], attacker: ['nan', 'nan', 'nan', 'nan', 'nan']
2026-05-05 19:22:15 | DEBUG   | dpfl.algorithms.trust_aware.simulator | Round 84 Phase 1+2: 0.13s
2026-05-05 19:22:23 | INFO    | dpfl.core.base_simulator | Round  85/150 | Acc: 0.7952 | Loss: 0.5830 | eps_max: 3.76 eps_avg: 3.76 | P: 0.89 R: 1.00 F1: 1.00
2026-05-05 19:22:23 | DEBUG   | dpfl.core.base_simulator | Update norms — honest: ['0.03', '0.03', '0.02', '0.02', '0.02'], attacker: ['nan', 'nan', 'nan', 'nan', 'nan']
2026-05-05 19:22:23 | DEBUG   | dpfl.algorithms.trust_aware.simulator | Round 85 Phase 1+2: 0.13s
2026-05-05 19:22:30 | INFO    | dpfl.core.base_simulator | Round  86/150 | Acc: 0.7955 | Loss: 0.5823 | eps_max: 3.82 eps_avg: 3.82 | P: 0.62 R: 1.00 F1: 1.00
2026-05-05 19:22:30 | DEBUG   | dpfl.core.base_simulator | Update norms — honest: ['0.02', '0.03', '0.03', '0.02', '0.03'], attacker: ['nan', 'nan', 'nan', 'nan', 'nan']
2026-05-05 19:22:30 | DEBUG   | dpfl.algorithms.trust_aware.simulator | Round 86 Phase 1+2: 0.13s
2026-05-05 19:22:38 | INFO    | dpfl.core.base_simulator | Round  87/150 | Acc: 0.7955 | Loss: 0.5823 | eps_max: 3.87 eps_avg: 3.87 | P: 1.00 R: 1.00 F1: 1.00
2026-05-05 19:22:38 | DEBUG   | dpfl.core.base_simulator | Update norms — honest: ['0.03', '0.03', '0.03', '0.03', '0.03'], attacker: ['nan', 'nan', 'nan', 'nan', 'nan']
2026-05-05 19:22:38 | DEBUG   | dpfl.algorithms.trust_aware.simulator | Round 87 Phase 1+2: 0.13s
2026-05-05 19:22:45 | INFO    | dpfl.core.base_simulator | Round  88/150 | Acc: 0.7958 | Loss: 0.5824 | eps_max: 3.92 eps_avg: 3.92 | P: 0.80 R: 1.00 F1: 1.00
2026-05-05 19:22:45 | DEBUG   | dpfl.core.base_simulator | Update norms — honest: ['0.03', '0.04', '0.02', '0.03', '0.03'], attacker: ['nan', 'nan', 'nan', 'nan', 'nan']
2026-05-05 19:22:45 | DEBUG   | dpfl.algorithms.trust_aware.simulator | Round 88 Phase 1+2: 0.13s
2026-05-05 19:22:53 | INFO    | dpfl.core.base_simulator | Round  89/150 | Acc: 0.7958 | Loss: 0.5822 | eps_max: 3.96 eps_avg: 3.96 | P: 0.67 R: 1.00 F1: 1.00
2026-05-05 19:22:53 | DEBUG   | dpfl.core.base_simulator | Update norms — honest: ['0.02', '0.03', '0.03', '0.03', '0.03'], attacker: ['nan', 'nan', 'nan', 'nan', 'nan']
2026-05-05 19:22:53 | DEBUG   | dpfl.algorithms.trust_aware.simulator | Round 89 Phase 1+2: 0.13s
2026-05-05 19:23:01 | INFO    | dpfl.core.base_simulator | Round  90/150 | Acc: 0.7959 | Loss: 0.5824 | eps_max: 4.00 eps_avg: 4.00 | P: 0.99 R: 1.00 F1: 0.99
2026-05-05 19:23:01 | DEBUG   | dpfl.core.base_simulator | Update norms — honest: ['0.03', '0.02', '0.03', '0.02', '0.03'], attacker: ['nan', 'nan', 'nan', 'nan', 'nan']
2026-05-05 19:23:01 | DEBUG   | dpfl.algorithms.trust_aware.simulator | Round 90 Phase 1+2: 0.13s
2026-05-05 19:23:09 | INFO    | dpfl.core.base_simulator | Round  91/150 | Acc: 0.7958 | Loss: 0.5826 | eps_max: 4.05 eps_avg: 4.05 | P: 0.87 R: 1.00 F1: 0.99
2026-05-05 19:23:09 | DEBUG   | dpfl.core.base_simulator | Update norms — honest: ['0.03', '0.03', '0.02', '0.02', '0.03'], attacker: ['nan', 'nan', 'nan', 'nan', 'nan']
2026-05-05 19:23:09 | DEBUG   | dpfl.algorithms.trust_aware.simulator | Round 91 Phase 1+2: 0.47s
2026-05-05 19:23:18 | INFO    | dpfl.core.base_simulator | Round  92/150 | Acc: 0.7962 | Loss: 0.5821 | eps_max: 4.09 eps_avg: 4.09 | P: 1.00 R: 1.00 F1: 1.00
2026-05-05 19:23:18 | DEBUG   | dpfl.core.base_simulator | Update norms — honest: ['0.02', '0.02', '0.03', '0.02', '0.05'], attacker: ['nan', 'nan', 'nan', 'nan', 'nan']
2026-05-05 19:23:19 | DEBUG   | dpfl.algorithms.trust_aware.simulator | Round 92 Phase 1+2: 0.48s
2026-05-05 19:23:32 | INFO    | dpfl.core.base_simulator | Round  93/150 | Acc: 0.7962 | Loss: 0.5824 | eps_max: 4.14 eps_avg: 4.14 | P: 0.54 R: 1.00 F1: 1.00
2026-05-05 19:23:32 | DEBUG   | dpfl.core.base_simulator | Update norms — honest: ['0.02', '0.02', '0.03', '0.02', '0.03'], attacker: ['nan', 'nan', 'nan', 'nan', 'nan']
2026-05-05 19:23:32 | DEBUG   | dpfl.algorithms.trust_aware.simulator | Round 93 Phase 1+2: 0.13s
2026-05-05 19:23:46 | INFO    | dpfl.core.base_simulator | Round  94/150 | Acc: 0.7964 | Loss: 0.5823 | eps_max: 4.18 eps_avg: 4.18 | P: 0.77 R: 1.00 F1: 1.00
2026-05-05 19:23:46 | DEBUG   | dpfl.core.base_simulator | Update norms — honest: ['0.03', '0.03', '0.04', '0.03', '0.02'], attacker: ['nan', 'nan', 'nan', 'nan', 'nan']
2026-05-05 19:23:46 | DEBUG   | dpfl.algorithms.trust_aware.simulator | Round 94 Phase 1+2: 0.22s
2026-05-05 19:24:00 | INFO    | dpfl.core.base_simulator | Round  95/150 | Acc: 0.7965 | Loss: 0.5825 | eps_max: 4.23 eps_avg: 4.23 | P: 1.00 R: 1.00 F1: 1.00
2026-05-05 19:24:00 | DEBUG   | dpfl.core.base_simulator | Update norms — honest: ['0.03', '0.02', '0.02', '0.02', '0.03'], attacker: ['nan', 'nan', 'nan', 'nan', 'nan']
2026-05-05 19:24:00 | DEBUG   | dpfl.algorithms.trust_aware.simulator | Round 95 Phase 1+2: 0.13s
2026-05-05 19:24:12 | INFO    | dpfl.core.base_simulator | Round  96/150 | Acc: 0.7963 | Loss: 0.5828 | eps_max: 4.28 eps_avg: 4.28 | P: 0.84 R: 1.00 F1: 1.00
2026-05-05 19:24:12 | DEBUG   | dpfl.core.base_simulator | Update norms — honest: ['0.03', '0.02', '0.02', '0.02', '0.02'], attacker: ['nan', 'nan', 'nan', 'nan', 'nan']
2026-05-05 19:24:12 | DEBUG   | dpfl.algorithms.trust_aware.simulator | Round 96 Phase 1+2: 0.13s
2026-05-05 19:24:22 | INFO    | dpfl.core.base_simulator | Round  97/150 | Acc: 0.7965 | Loss: 0.5830 | eps_max: 4.33 eps_avg: 4.33 | P: 1.00 R: 1.00 F1: 1.00
2026-05-05 19:24:22 | DEBUG   | dpfl.core.base_simulator | Update norms — honest: ['0.03', '0.03', '0.03', '0.03', '0.03'], attacker: ['nan', 'nan', 'nan', 'nan', 'nan']
2026-05-05 19:24:22 | DEBUG   | dpfl.algorithms.trust_aware.simulator | Round 97 Phase 1+2: 0.13s
2026-05-05 19:24:31 | INFO    | dpfl.core.base_simulator | Round  98/150 | Acc: 0.7967 | Loss: 0.5827 | eps_max: 4.38 eps_avg: 4.38 | P: 0.90 R: 1.00 F1: 1.00
2026-05-05 19:24:31 | DEBUG   | dpfl.core.base_simulator | Update norms — honest: ['0.02', '0.02', '0.03', '0.03', '0.03'], attacker: ['nan', 'nan', 'nan', 'nan', 'nan']
2026-05-05 19:24:31 | DEBUG   | dpfl.algorithms.trust_aware.simulator | Round 98 Phase 1+2: 0.13s
2026-05-05 19:24:39 | INFO    | dpfl.core.base_simulator | Round  99/150 | Acc: 0.7968 | Loss: 0.5830 | eps_max: 4.43 eps_avg: 4.43 | P: 1.00 R: 1.00 F1: 1.00
2026-05-05 19:24:39 | DEBUG   | dpfl.core.base_simulator | Update norms — honest: ['0.02', '0.02', '0.03', '0.02', '0.03'], attacker: ['nan', 'nan', 'nan', 'nan', 'nan']
2026-05-05 19:24:39 | DEBUG   | dpfl.algorithms.trust_aware.simulator | Round 99 Phase 1+2: 0.13s
2026-05-05 19:24:47 | INFO    | dpfl.core.base_simulator | Round 100/150 | Acc: 0.7968 | Loss: 0.5833 | eps_max: 4.49 eps_avg: 4.49 | P: 0.98 R: 1.00 F1: 0.99
2026-05-05 19:24:47 | DEBUG   | dpfl.core.base_simulator | Update norms — honest: ['0.02', '0.03', '0.02', '0.03', '0.03'], attacker: ['nan', 'nan', 'nan', 'nan', 'nan']
2026-05-05 19:24:47 | DEBUG   | dpfl.algorithms.trust_aware.simulator | Round 100 Phase 1+2: 0.14s
2026-05-05 19:24:56 | INFO    | dpfl.core.base_simulator | Round 101/150 | Acc: 0.7970 | Loss: 0.5830 | eps_max: 4.54 eps_avg: 4.54 | P: 0.77 R: 1.00 F1: 1.00
2026-05-05 19:24:56 | DEBUG   | dpfl.core.base_simulator | Update norms — honest: ['0.02', '0.03', '0.02', '0.02', '0.02'], attacker: ['nan', 'nan', 'nan', 'nan', 'nan']
2026-05-05 19:24:56 | DEBUG   | dpfl.algorithms.trust_aware.simulator | Round 101 Phase 1+2: 0.13s
2026-05-05 19:25:05 | INFO    | dpfl.core.base_simulator | Round 102/150 | Acc: 0.7970 | Loss: 0.5836 | eps_max: 4.60 eps_avg: 4.60 | P: 1.00 R: 1.00 F1: 1.00
2026-05-05 19:25:05 | DEBUG   | dpfl.core.base_simulator | Update norms — honest: ['0.03', '0.02', '0.02', '0.03', '0.02'], attacker: ['nan', 'nan', 'nan', 'nan', 'nan']
2026-05-05 19:25:05 | DEBUG   | dpfl.algorithms.trust_aware.simulator | Round 102 Phase 1+2: 0.13s
2026-05-05 19:25:13 | INFO    | dpfl.core.base_simulator | Round 103/150 | Acc: 0.7971 | Loss: 0.5839 | eps_max: 4.65 eps_avg: 4.65 | P: 0.72 R: 1.00 F1: 1.00
2026-05-05 19:25:13 | DEBUG   | dpfl.core.base_simulator | Update norms — honest: ['0.03', '0.02', '0.02', '0.02', '0.02'], attacker: ['nan', 'nan', 'nan', 'nan', 'nan']
2026-05-05 19:25:14 | DEBUG   | dpfl.algorithms.trust_aware.simulator | Round 103 Phase 1+2: 0.13s
2026-05-05 19:25:22 | INFO    | dpfl.core.base_simulator | Round 104/150 | Acc: 0.7971 | Loss: 0.5842 | eps_max: 4.71 eps_avg: 4.71 | P: 0.93 R: 1.00 F1: 1.00
2026-05-05 19:25:22 | DEBUG   | dpfl.core.base_simulator | Update norms — honest: ['0.02', '0.03', '0.03', '0.02', '0.03'], attacker: ['nan', 'nan', 'nan', 'nan', 'nan']
2026-05-05 19:25:22 | DEBUG   | dpfl.algorithms.trust_aware.simulator | Round 104 Phase 1+2: 0.14s
2026-05-05 19:25:31 | INFO    | dpfl.core.base_simulator | Round 105/150 | Acc: 0.7970 | Loss: 0.5845 | eps_max: 4.77 eps_avg: 4.77 | P: 1.00 R: 1.00 F1: 1.00
2026-05-05 19:25:31 | DEBUG   | dpfl.core.base_simulator | Update norms — honest: ['0.03', '0.03', '0.03', '0.03', '0.02'], attacker: ['nan', 'nan', 'nan', 'nan', 'nan']
2026-05-05 19:25:31 | DEBUG   | dpfl.algorithms.trust_aware.simulator | Round 105 Phase 1+2: 0.13s
2026-05-05 19:25:40 | INFO    | dpfl.core.base_simulator | Round 106/150 | Acc: 0.7971 | Loss: 0.5844 | eps_max: 4.83 eps_avg: 4.83 | P: 0.99 R: 1.00 F1: 1.00
2026-05-05 19:25:40 | DEBUG   | dpfl.core.base_simulator | Update norms — honest: ['0.02', '0.02', '0.03', '0.03', '0.03'], attacker: ['nan', 'nan', 'nan', 'nan', 'nan']
2026-05-05 19:25:40 | DEBUG   | dpfl.algorithms.trust_aware.simulator | Round 106 Phase 1+2: 0.13s
2026-05-05 19:25:49 | INFO    | dpfl.core.base_simulator | Round 107/150 | Acc: 0.7972 | Loss: 0.5846 | eps_max: 4.90 eps_avg: 4.90 | P: 1.00 R: 1.00 F1: 1.00
2026-05-05 19:25:49 | DEBUG   | dpfl.core.base_simulator | Update norms — honest: ['0.03', '0.03', '0.02', '0.03', '0.03'], attacker: ['nan', 'nan', 'nan', 'nan', 'nan']
2026-05-05 19:25:49 | DEBUG   | dpfl.algorithms.trust_aware.simulator | Round 107 Phase 1+2: 0.13s
2026-05-05 19:25:58 | INFO    | dpfl.core.base_simulator | Round 108/150 | Acc: 0.7974 | Loss: 0.5845 | eps_max: 4.96 eps_avg: 4.96 | P: 0.76 R: 1.00 F1: 1.00
2026-05-05 19:25:58 | DEBUG   | dpfl.core.base_simulator | Update norms — honest: ['0.02', '0.03', '0.02', '0.02', '0.02'], attacker: ['nan', 'nan', 'nan', 'nan', 'nan']
2026-05-05 19:25:58 | DEBUG   | dpfl.algorithms.trust_aware.simulator | Round 108 Phase 1+2: 0.13s
2026-05-05 19:26:07 | INFO    | dpfl.core.base_simulator | Round 109/150 | Acc: 0.7973 | Loss: 0.5854 | eps_max: 5.02 eps_avg: 5.02 | P: 0.89 R: 1.00 F1: 1.00
2026-05-05 19:26:07 | DEBUG   | dpfl.core.base_simulator | Update norms — honest: ['0.02', '0.03', '0.02', '0.03', '0.02'], attacker: ['nan', 'nan', 'nan', 'nan', 'nan']
2026-05-05 19:26:07 | DEBUG   | dpfl.algorithms.trust_aware.simulator | Round 109 Phase 1+2: 0.14s
2026-05-05 19:26:16 | INFO    | dpfl.core.base_simulator | Round 110/150 | Acc: 0.7973 | Loss: 0.5855 | eps_max: 5.09 eps_avg: 5.09 | P: 0.71 R: 1.00 F1: 1.00
2026-05-05 19:26:16 | DEBUG   | dpfl.core.base_simulator | Update norms — honest: ['0.03', '0.03', '0.03', '0.02', '0.03'], attacker: ['nan', 'nan', 'nan', 'nan', 'nan']
2026-05-05 19:26:16 | DEBUG   | dpfl.algorithms.trust_aware.simulator | Round 110 Phase 1+2: 0.13s
2026-05-05 19:26:25 | INFO    | dpfl.core.base_simulator | Round 111/150 | Acc: 0.7974 | Loss: 0.5857 | eps_max: 5.16 eps_avg: 5.16 | P: 0.91 R: 1.00 F1: 1.00
2026-05-05 19:26:25 | DEBUG   | dpfl.core.base_simulator | Update norms — honest: ['0.04', '0.02', '0.02', '0.03', '0.02'], attacker: ['nan', 'nan', 'nan', 'nan', 'nan']
2026-05-05 19:26:25 | DEBUG   | dpfl.algorithms.trust_aware.simulator | Round 111 Phase 1+2: 0.13s
2026-05-05 19:26:34 | INFO    | dpfl.core.base_simulator | Round 112/150 | Acc: 0.7974 | Loss: 0.5861 | eps_max: 5.21 eps_avg: 5.21 | P: 0.69 R: 1.00 F1: 0.98
2026-05-05 19:26:34 | DEBUG   | dpfl.core.base_simulator | Update norms — honest: ['0.02', '0.02', '0.03', '0.03', '0.03'], attacker: ['nan', 'nan', 'nan', 'nan', 'nan']
2026-05-05 19:26:34 | DEBUG   | dpfl.algorithms.trust_aware.simulator | Round 112 Phase 1+2: 0.12s
2026-05-05 19:26:43 | INFO    | dpfl.core.base_simulator | Round 113/150 | Acc: 0.7977 | Loss: 0.5862 | eps_max: 5.25 eps_avg: 5.25 | P: 0.82 R: 1.00 F1: 1.00
2026-05-05 19:26:43 | DEBUG   | dpfl.core.base_simulator | Update norms — honest: ['0.02', '0.02', '0.03', '0.02', '0.02'], attacker: ['nan', 'nan', 'nan', 'nan', 'nan']
2026-05-05 19:26:43 | DEBUG   | dpfl.algorithms.trust_aware.simulator | Round 113 Phase 1+2: 0.13s
2026-05-05 19:26:52 | INFO    | dpfl.core.base_simulator | Round 114/150 | Acc: 0.7977 | Loss: 0.5866 | eps_max: 5.30 eps_avg: 5.30 | P: 0.93 R: 1.00 F1: 1.00
2026-05-05 19:26:52 | DEBUG   | dpfl.core.base_simulator | Update norms — honest: ['0.03', '0.03', '0.03', '0.02', '0.02'], attacker: ['nan', 'nan', 'nan', 'nan', 'nan']
2026-05-05 19:26:52 | DEBUG   | dpfl.algorithms.trust_aware.simulator | Round 114 Phase 1+2: 0.13s
2026-05-05 19:27:01 | INFO    | dpfl.core.base_simulator | Round 115/150 | Acc: 0.7975 | Loss: 0.5871 | eps_max: 5.34 eps_avg: 5.34 | P: 0.93 R: 1.00 F1: 1.00
2026-05-05 19:27:01 | DEBUG   | dpfl.core.base_simulator | Update norms — honest: ['0.02', '0.03', '0.03', '0.02', '0.03'], attacker: ['nan', 'nan', 'nan', 'nan', 'nan']
2026-05-05 19:27:02 | DEBUG   | dpfl.algorithms.trust_aware.simulator | Round 115 Phase 1+2: 0.13s
2026-05-05 19:27:11 | INFO    | dpfl.core.base_simulator | Round 116/150 | Acc: 0.7978 | Loss: 0.5871 | eps_max: 5.39 eps_avg: 5.39 | P: 1.00 R: 1.00 F1: 1.00
2026-05-05 19:27:11 | DEBUG   | dpfl.core.base_simulator | Update norms — honest: ['0.03', '0.03', '0.03', '0.02', '0.02'], attacker: ['nan', 'nan', 'nan', 'nan', 'nan']
2026-05-05 19:27:11 | DEBUG   | dpfl.algorithms.trust_aware.simulator | Round 116 Phase 1+2: 0.13s
2026-05-05 19:27:20 | INFO    | dpfl.core.base_simulator | Round 117/150 | Acc: 0.7977 | Loss: 0.5873 | eps_max: 5.44 eps_avg: 5.44 | P: 0.68 R: 1.00 F1: 0.99
2026-05-05 19:27:20 | DEBUG   | dpfl.core.base_simulator | Update norms — honest: ['0.02', '0.02', '0.04', '0.03', '0.02'], attacker: ['nan', 'nan', 'nan', 'nan', 'nan']
2026-05-05 19:27:20 | DEBUG   | dpfl.algorithms.trust_aware.simulator | Round 117 Phase 1+2: 0.13s
2026-05-05 19:27:29 | INFO    | dpfl.core.base_simulator | Round 118/150 | Acc: 0.7978 | Loss: 0.5878 | eps_max: 5.49 eps_avg: 5.49 | P: 0.73 R: 1.00 F1: 1.00
2026-05-05 19:27:29 | DEBUG   | dpfl.core.base_simulator | Update norms — honest: ['0.03', '0.02', '0.02', '0.03', '0.02'], attacker: ['nan', 'nan', 'nan', 'nan', 'nan']
2026-05-05 19:27:30 | DEBUG   | dpfl.algorithms.trust_aware.simulator | Round 118 Phase 1+2: 0.13s
2026-05-05 19:27:39 | INFO    | dpfl.core.base_simulator | Round 119/150 | Acc: 0.7978 | Loss: 0.5882 | eps_max: 5.54 eps_avg: 5.54 | P: 0.90 R: 1.00 F1: 0.99
2026-05-05 19:27:39 | DEBUG   | dpfl.core.base_simulator | Update norms — honest: ['0.03', '0.03', '0.02', '0.03', '0.03'], attacker: ['nan', 'nan', 'nan', 'nan', 'nan']
2026-05-05 19:27:39 | DEBUG   | dpfl.algorithms.trust_aware.simulator | Round 119 Phase 1+2: 0.13s
2026-05-05 19:27:48 | INFO    | dpfl.core.base_simulator | Round 120/150 | Acc: 0.7977 | Loss: 0.5887 | eps_max: 5.59 eps_avg: 5.59 | P: 0.88 R: 1.00 F1: 1.00
2026-05-05 19:27:48 | DEBUG   | dpfl.core.base_simulator | Update norms — honest: ['0.03', '0.02', '0.04', '0.02', '0.02'], attacker: ['nan', 'nan', 'nan', 'nan', 'nan']
2026-05-05 19:27:48 | DEBUG   | dpfl.algorithms.trust_aware.simulator | Round 120 Phase 1+2: 0.13s
2026-05-05 19:27:58 | INFO    | dpfl.core.base_simulator | Round 121/150 | Acc: 0.7979 | Loss: 0.5889 | eps_max: 5.64 eps_avg: 5.64 | P: 1.00 R: 1.00 F1: 1.00
2026-05-05 19:27:58 | DEBUG   | dpfl.core.base_simulator | Update norms — honest: ['0.02', '0.02', '0.02', '0.03', '0.02'], attacker: ['nan', 'nan', 'nan', 'nan', 'nan']
2026-05-05 19:27:58 | DEBUG   | dpfl.algorithms.trust_aware.simulator | Round 121 Phase 1+2: 0.13s
2026-05-05 19:28:07 | INFO    | dpfl.core.base_simulator | Round 122/150 | Acc: 0.7979 | Loss: 0.5894 | eps_max: 5.69 eps_avg: 5.69 | P: 0.91 R: 1.00 F1: 1.00
2026-05-05 19:28:07 | DEBUG   | dpfl.core.base_simulator | Update norms — honest: ['0.02', '0.02', '0.02', '0.03', '0.02'], attacker: ['nan', 'nan', 'nan', 'nan', 'nan']
2026-05-05 19:28:08 | DEBUG   | dpfl.algorithms.trust_aware.simulator | Round 122 Phase 1+2: 0.13s
2026-05-05 19:28:17 | INFO    | dpfl.core.base_simulator | Round 123/150 | Acc: 0.7980 | Loss: 0.5898 | eps_max: 5.74 eps_avg: 5.74 | P: 0.90 R: 1.00 F1: 0.98
2026-05-05 19:28:17 | DEBUG   | dpfl.core.base_simulator | Update norms — honest: ['0.03', '0.02', '0.02', '0.03', '0.03'], attacker: ['nan', 'nan', 'nan', 'nan', 'nan']
2026-05-05 19:28:17 | DEBUG   | dpfl.algorithms.trust_aware.simulator | Round 123 Phase 1+2: 0.13s
2026-05-05 19:28:27 | INFO    | dpfl.core.base_simulator | Round 124/150 | Acc: 0.7978 | Loss: 0.5903 | eps_max: 5.80 eps_avg: 5.80 | P: 1.00 R: 1.00 F1: 1.00
2026-05-05 19:28:27 | DEBUG   | dpfl.core.base_simulator | Update norms — honest: ['0.02', '0.03', '0.02', '0.02', '0.02'], attacker: ['nan', 'nan', 'nan', 'nan', 'nan']
2026-05-05 19:28:27 | DEBUG   | dpfl.algorithms.trust_aware.simulator | Round 124 Phase 1+2: 0.13s
2026-05-05 19:28:37 | INFO    | dpfl.core.base_simulator | Round 125/150 | Acc: 0.7980 | Loss: 0.5906 | eps_max: 5.85 eps_avg: 5.85 | P: 0.91 R: 1.00 F1: 1.00
2026-05-05 19:28:37 | DEBUG   | dpfl.core.base_simulator | Update norms — honest: ['0.03', '0.02', '0.02', '0.02', '0.04'], attacker: ['nan', 'nan', 'nan', 'nan', 'nan']
2026-05-05 19:28:37 | DEBUG   | dpfl.algorithms.trust_aware.simulator | Round 125 Phase 1+2: 0.48s
2026-05-05 19:28:50 | INFO    | dpfl.core.base_simulator | Round 126/150 | Acc: 0.7979 | Loss: 0.5911 | eps_max: 5.91 eps_avg: 5.91 | P: 1.00 R: 1.00 F1: 1.00
2026-05-05 19:28:50 | DEBUG   | dpfl.core.base_simulator | Update norms — honest: ['0.03', '0.02', '0.03', '0.02', '0.02'], attacker: ['nan', 'nan', 'nan', 'nan', 'nan']
2026-05-05 19:28:50 | DEBUG   | dpfl.algorithms.trust_aware.simulator | Round 126 Phase 1+2: 0.47s
2026-05-05 19:29:04 | INFO    | dpfl.core.base_simulator | Round 127/150 | Acc: 0.7980 | Loss: 0.5912 | eps_max: 5.97 eps_avg: 5.97 | P: 1.00 R: 1.00 F1: 1.00
2026-05-05 19:29:04 | DEBUG   | dpfl.core.base_simulator | Update norms — honest: ['0.02', '0.02', '0.02', '0.02', '0.02'], attacker: ['nan', 'nan', 'nan', 'nan', 'nan']
2026-05-05 19:29:05 | DEBUG   | dpfl.algorithms.trust_aware.simulator | Round 127 Phase 1+2: 0.49s
2026-05-05 19:29:20 | INFO    | dpfl.core.base_simulator | Round 128/150 | Acc: 0.7980 | Loss: 0.5920 | eps_max: 6.02 eps_avg: 6.02 | P: 0.78 R: 1.00 F1: 1.00
2026-05-05 19:29:20 | DEBUG   | dpfl.core.base_simulator | Update norms — honest: ['0.02', '0.02', '0.02', '0.02', '0.03'], attacker: ['nan', 'nan', 'nan', 'nan', 'nan']
2026-05-05 19:29:20 | DEBUG   | dpfl.algorithms.trust_aware.simulator | Round 128 Phase 1+2: 0.13s
2026-05-05 19:29:34 | INFO    | dpfl.core.base_simulator | Round 129/150 | Acc: 0.7981 | Loss: 0.5923 | eps_max: 6.08 eps_avg: 6.08 | P: 1.00 R: 1.00 F1: 1.00
2026-05-05 19:29:34 | DEBUG   | dpfl.core.base_simulator | Update norms — honest: ['0.02', '0.02', '0.03', '0.02', '0.02'], attacker: ['nan', 'nan', 'nan', 'nan', 'nan']
2026-05-05 19:29:34 | DEBUG   | dpfl.algorithms.trust_aware.simulator | Round 129 Phase 1+2: 0.13s
2026-05-05 19:29:49 | INFO    | dpfl.core.base_simulator | Round 130/150 | Acc: 0.7980 | Loss: 0.5929 | eps_max: 6.14 eps_avg: 6.14 | P: 0.94 R: 1.00 F1: 1.00
2026-05-05 19:29:49 | DEBUG   | dpfl.core.base_simulator | Update norms — honest: ['0.03', '0.03', '0.04', '0.03', '0.03'], attacker: ['nan', 'nan', 'nan', 'nan', 'nan']
2026-05-05 19:29:49 | DEBUG   | dpfl.algorithms.trust_aware.simulator | Round 130 Phase 1+2: 0.13s
2026-05-05 19:30:02 | INFO    | dpfl.core.base_simulator | Round 131/150 | Acc: 0.7981 | Loss: 0.5931 | eps_max: 6.20 eps_avg: 6.20 | P: 1.00 R: 1.00 F1: 1.00
2026-05-05 19:30:02 | DEBUG   | dpfl.core.base_simulator | Update norms — honest: ['0.02', '0.03', '0.02', '0.02', '0.02'], attacker: ['nan', 'nan', 'nan', 'nan', 'nan']
2026-05-05 19:30:02 | DEBUG   | dpfl.algorithms.trust_aware.simulator | Round 131 Phase 1+2: 0.13s
2026-05-05 19:30:15 | INFO    | dpfl.core.base_simulator | Round 132/150 | Acc: 0.7981 | Loss: 0.5936 | eps_max: 6.27 eps_avg: 6.27 | P: 1.00 R: 1.00 F1: 1.00
2026-05-05 19:30:15 | DEBUG   | dpfl.core.base_simulator | Update norms — honest: ['0.02', '0.03', '0.02', '0.03', '0.02'], attacker: ['nan', 'nan', 'nan', 'nan', 'nan']
2026-05-05 19:30:16 | DEBUG   | dpfl.algorithms.trust_aware.simulator | Round 132 Phase 1+2: 0.53s
2026-05-05 19:30:32 | INFO    | dpfl.core.base_simulator | Round 133/150 | Acc: 0.7981 | Loss: 0.5940 | eps_max: 6.33 eps_avg: 6.33 | P: 1.00 R: 1.00 F1: 1.00
2026-05-05 19:30:32 | DEBUG   | dpfl.core.base_simulator | Update norms — honest: ['0.02', '0.02', '0.03', '0.03', '0.03'], attacker: ['nan', 'nan', 'nan', 'nan', 'nan']
2026-05-05 19:30:32 | DEBUG   | dpfl.algorithms.trust_aware.simulator | Round 133 Phase 1+2: 0.50s
2026-05-05 19:30:48 | INFO    | dpfl.core.base_simulator | Round 134/150 | Acc: 0.7980 | Loss: 0.5948 | eps_max: 6.39 eps_avg: 6.39 | P: 0.91 R: 1.00 F1: 1.00
2026-05-05 19:30:48 | DEBUG   | dpfl.core.base_simulator | Update norms — honest: ['0.02', '0.02', '0.02', '0.03', '0.02'], attacker: ['nan', 'nan', 'nan', 'nan', 'nan']
2026-05-05 19:30:48 | DEBUG   | dpfl.algorithms.trust_aware.simulator | Round 134 Phase 1+2: 0.13s
2026-05-05 19:31:04 | INFO    | dpfl.core.base_simulator | Round 135/150 | Acc: 0.7981 | Loss: 0.5951 | eps_max: 6.46 eps_avg: 6.46 | P: 1.00 R: 1.00 F1: 1.00
2026-05-05 19:31:04 | DEBUG   | dpfl.core.base_simulator | Update norms — honest: ['0.02', '0.02', '0.02', '0.02', '0.03'], attacker: ['nan', 'nan', 'nan', 'nan', 'nan']
2026-05-05 19:31:04 | DEBUG   | dpfl.algorithms.trust_aware.simulator | Round 135 Phase 1+2: 0.13s
2026-05-05 19:31:19 | INFO    | dpfl.core.base_simulator | Round 136/150 | Acc: 0.7981 | Loss: 0.5957 | eps_max: 6.53 eps_avg: 6.53 | P: 0.99 R: 1.00 F1: 1.00
2026-05-05 19:31:19 | DEBUG   | dpfl.core.base_simulator | Update norms — honest: ['0.02', '0.02', '0.02', '0.02', '0.02'], attacker: ['nan', 'nan', 'nan', 'nan', 'nan']
2026-05-05 19:31:19 | DEBUG   | dpfl.algorithms.trust_aware.simulator | Round 136 Phase 1+2: 0.22s
2026-05-05 19:31:36 | INFO    | dpfl.core.base_simulator | Round 137/150 | Acc: 0.7981 | Loss: 0.5958 | eps_max: 6.59 eps_avg: 6.59 | P: 0.82 R: 1.00 F1: 1.00
2026-05-05 19:31:36 | DEBUG   | dpfl.core.base_simulator | Update norms — honest: ['0.02', '0.03', '0.02', '0.03', '0.03'], attacker: ['nan', 'nan', 'nan', 'nan', 'nan']
2026-05-05 19:31:37 | DEBUG   | dpfl.algorithms.trust_aware.simulator | Round 137 Phase 1+2: 0.48s
2026-05-05 19:31:53 | INFO    | dpfl.core.base_simulator | Round 138/150 | Acc: 0.7981 | Loss: 0.5964 | eps_max: 6.66 eps_avg: 6.66 | P: 0.92 R: 1.00 F1: 1.00
2026-05-05 19:31:53 | DEBUG   | dpfl.core.base_simulator | Update norms — honest: ['0.02', '0.03', '0.03', '0.02', '0.03'], attacker: ['nan', 'nan', 'nan', 'nan', 'nan']
2026-05-05 19:31:53 | DEBUG   | dpfl.algorithms.trust_aware.simulator | Round 138 Phase 1+2: 0.48s
2026-05-05 19:32:07 | INFO    | dpfl.core.base_simulator | Round 139/150 | Acc: 0.7982 | Loss: 0.5970 | eps_max: 6.73 eps_avg: 6.73 | P: 0.84 R: 1.00 F1: 0.99
2026-05-05 19:32:07 | DEBUG   | dpfl.core.base_simulator | Update norms — honest: ['0.02', '0.03', '0.03', '0.03', '0.03'], attacker: ['nan', 'nan', 'nan', 'nan', 'nan']
2026-05-05 19:32:08 | DEBUG   | dpfl.algorithms.trust_aware.simulator | Round 139 Phase 1+2: 0.49s
2026-05-05 19:32:24 | INFO    | dpfl.core.base_simulator | Round 140/150 | Acc: 0.7982 | Loss: 0.5973 | eps_max: 6.81 eps_avg: 6.81 | P: 1.00 R: 1.00 F1: 1.00
2026-05-05 19:32:24 | DEBUG   | dpfl.core.base_simulator | Update norms — honest: ['0.02', '0.02', '0.03', '0.02', '0.02'], attacker: ['nan', 'nan', 'nan', 'nan', 'nan']
2026-05-05 19:32:24 | DEBUG   | dpfl.algorithms.trust_aware.simulator | Round 140 Phase 1+2: 0.13s
2026-05-05 19:33:09 | INFO    | dpfl.core.base_simulator | Round 141/150 | Acc: 0.7982 | Loss: 0.5981 | eps_max: 6.88 eps_avg: 6.88 | P: 1.00 R: 1.00 F1: 1.00
2026-05-05 19:33:09 | DEBUG   | dpfl.core.base_simulator | Update norms — honest: ['0.02', '0.02', '0.02', '0.02', '0.03'], attacker: ['nan', 'nan', 'nan', 'nan', 'nan']
2026-05-05 19:33:09 | DEBUG   | dpfl.algorithms.trust_aware.simulator | Round 141 Phase 1+2: 0.47s
2026-05-05 19:33:26 | INFO    | dpfl.core.base_simulator | Round 142/150 | Acc: 0.7982 | Loss: 0.5984 | eps_max: 6.96 eps_avg: 6.96 | P: 1.00 R: 1.00 F1: 1.00
2026-05-05 19:33:26 | DEBUG   | dpfl.core.base_simulator | Update norms — honest: ['0.02', '0.02', '0.02', '0.02', '0.02'], attacker: ['nan', 'nan', 'nan', 'nan', 'nan']
2026-05-05 19:33:26 | DEBUG   | dpfl.algorithms.trust_aware.simulator | Round 142 Phase 1+2: 0.47s
2026-05-05 19:33:43 | INFO    | dpfl.core.base_simulator | Round 143/150 | Acc: 0.7983 | Loss: 0.5989 | eps_max: 7.03 eps_avg: 7.03 | P: 0.99 R: 1.00 F1: 1.00
2026-05-05 19:33:43 | DEBUG   | dpfl.core.base_simulator | Update norms — honest: ['0.02', '0.03', '0.02', '0.02', '0.02'], attacker: ['nan', 'nan', 'nan', 'nan', 'nan']
2026-05-05 19:33:43 | DEBUG   | dpfl.algorithms.trust_aware.simulator | Round 143 Phase 1+2: 0.13s
2026-05-05 19:33:59 | INFO    | dpfl.core.base_simulator | Round 144/150 | Acc: 0.7982 | Loss: 0.5994 | eps_max: 7.11 eps_avg: 7.11 | P: 1.00 R: 1.00 F1: 1.00
2026-05-05 19:33:59 | DEBUG   | dpfl.core.base_simulator | Update norms — honest: ['0.03', '0.02', '0.02', '0.02', '0.02'], attacker: ['nan', 'nan', 'nan', 'nan', 'nan']
2026-05-05 19:34:00 | DEBUG   | dpfl.algorithms.trust_aware.simulator | Round 144 Phase 1+2: 0.13s
2026-05-05 19:34:17 | INFO    | dpfl.core.base_simulator | Round 145/150 | Acc: 0.7982 | Loss: 0.6002 | eps_max: 7.19 eps_avg: 7.19 | P: 1.00 R: 1.00 F1: 1.00
2026-05-05 19:34:17 | DEBUG   | dpfl.core.base_simulator | Update norms — honest: ['0.02', '0.02', '0.02', '0.02', '0.02'], attacker: ['nan', 'nan', 'nan', 'nan', 'nan']
2026-05-05 19:34:17 | DEBUG   | dpfl.algorithms.trust_aware.simulator | Round 145 Phase 1+2: 0.51s
2026-05-05 19:34:34 | INFO    | dpfl.core.base_simulator | Round 146/150 | Acc: 0.7982 | Loss: 0.6006 | eps_max: 7.27 eps_avg: 7.27 | P: 0.84 R: 1.00 F1: 1.00
2026-05-05 19:34:34 | DEBUG   | dpfl.core.base_simulator | Update norms — honest: ['0.02', '0.03', '0.03', '0.02', '0.04'], attacker: ['nan', 'nan', 'nan', 'nan', 'nan']
2026-05-05 19:34:34 | DEBUG   | dpfl.algorithms.trust_aware.simulator | Round 146 Phase 1+2: 0.13s
2026-05-05 19:34:50 | INFO    | dpfl.core.base_simulator | Round 147/150 | Acc: 0.7983 | Loss: 0.6011 | eps_max: 7.35 eps_avg: 7.35 | P: 1.00 R: 1.00 F1: 1.00
2026-05-05 19:34:50 | DEBUG   | dpfl.core.base_simulator | Update norms — honest: ['0.02', '0.02', '0.02', '0.02', '0.02'], attacker: ['nan', 'nan', 'nan', 'nan', 'nan']
2026-05-05 19:34:50 | DEBUG   | dpfl.algorithms.trust_aware.simulator | Round 147 Phase 1+2: 0.13s
2026-05-05 19:35:06 | INFO    | dpfl.core.base_simulator | Round 148/150 | Acc: 0.7983 | Loss: 0.6013 | eps_max: 7.44 eps_avg: 7.44 | P: 1.00 R: 1.00 F1: 1.00
2026-05-05 19:35:06 | DEBUG   | dpfl.core.base_simulator | Update norms — honest: ['0.02', '0.02', '0.02', '0.03', '0.02'], attacker: ['nan', 'nan', 'nan', 'nan', 'nan']
2026-05-05 19:35:06 | DEBUG   | dpfl.algorithms.trust_aware.simulator | Round 148 Phase 1+2: 0.13s
2026-05-05 19:35:24 | INFO    | dpfl.core.base_simulator | Round 149/150 | Acc: 0.7982 | Loss: 0.6021 | eps_max: 7.52 eps_avg: 7.52 | P: 0.92 R: 1.00 F1: 1.00
2026-05-05 19:35:24 | DEBUG   | dpfl.core.base_simulator | Update norms — honest: ['0.02', '0.02', '0.02', '0.02', '0.02'], attacker: ['nan', 'nan', 'nan', 'nan', 'nan']
2026-05-05 19:35:24 | DEBUG   | dpfl.algorithms.trust_aware.simulator | Round 149 Phase 1+2: 0.47s
2026-05-05 19:35:42 | INFO    | dpfl.core.base_simulator | Round 150/150 | Acc: 0.7983 | Loss: 0.6026 | eps_max: 7.61 eps_avg: 7.61 | P: 1.00 R: 1.00 F1: 1.00
2026-05-05 19:35:42 | DEBUG   | dpfl.core.base_simulator | Update norms — honest: ['0.02', '0.03', '0.02', '0.02', '0.02'], attacker: ['nan', 'nan', 'nan', 'nan', 'nan']
2026-05-05 19:35:44 | INFO    | dpfl | Experiment complete in 1412.0s
============================================================
REPORT: DP-SGD Decentralized Federated Learning
============================================================
Timestamp:                  20260505_191210
Rounds completed:           150
Attack-active rounds:       100  (from round 50)
Final accuracy:             0.7983
Final test loss:            0.6026
Final epsilon (max honest): 7.61
Final epsilon (avg honest): 7.61
Best alpha:                 1000.0
Avg precision:              0.8932
Avg recall:                 0.9862
Avg F1 score:               0.9883
Avg update norm (honest):   0.0393
Avg update norm (attacker): nan

eps_system (max honest): 7.6098
eps_avg (honest):        7.6098
eps_std (honest):        0.0000
n_frozen:                0/400
============================================================
