2026-05-04 18:12:18 | INFO    | dpfl | Experiment start: algorithm=noise_game, dataset=mnist, model=mlp, device=cuda
2026-05-04 18:12:18 | INFO    | dpfl | Config: nodes=500, attackers=0, rounds=300, noise_mode=none, attack=scale
2026-05-04 18:12:18 | INFO    | dpfl.data.mnist_dataset | Loading MNIST dataset...
2026-05-04 18:12:18 | INFO    | dpfl.data.mnist_dataset | MNIST loaded: 60000 train, 10000 test samples
2026-05-04 18:13:23 | INFO    | dpfl.core.base_simulator | Vectorized state ready: param_spec.D=50890, X_test=(10000, 1, 28, 28), train clients N=500, max_n_samples=1000
2026-05-04 18:13:23 | INFO    | dpfl.core.base_simulator | Setup complete: 500 nodes (0 attackers), param_dim=50890, split=iid
2026-05-04 18:13:23 | DEBUG   | dpfl.core.base_simulator | Attacker IDs: set()
2026-05-04 18:13:24 | INFO    | dpfl.core.base_simulator | Round   1/300 | Acc: 0.3807 | Loss: 2.0956 | eps_max: 1.91 eps_avg: 0.06 | P: 0.00 R: 0.00 F1: 0.00
2026-05-04 18:13:24 | DEBUG   | dpfl.core.base_simulator | Update norms — honest: ['0.56', '0.57', '0.57', '0.56', '0.56'], attacker: []
2026-05-04 18:13:26 | INFO    | dpfl.core.base_simulator | Round   2/300 | Acc: 0.5547 | Loss: 1.8906 | eps_max: 1.97 eps_avg: 0.15 | P: 0.00 R: 0.00 F1: 0.00
2026-05-04 18:13:26 | DEBUG   | dpfl.core.base_simulator | Update norms — honest: ['0.56', '0.56', '0.56', '0.56', '0.56'], attacker: []
2026-05-04 18:13:28 | INFO    | dpfl.core.base_simulator | Round   3/300 | Acc: 0.6505 | Loss: 1.6800 | eps_max: 2.06 eps_avg: 0.25 | P: 0.00 R: 0.00 F1: 0.00
2026-05-04 18:13:28 | DEBUG   | dpfl.core.base_simulator | Update norms — honest: ['0.55', '0.55', '0.55', '0.55', '0.56'], attacker: []
2026-05-04 18:13:29 | INFO    | dpfl.core.base_simulator | Round   4/300 | Acc: 0.7089 | Loss: 1.4802 | eps_max: 2.11 eps_avg: 0.35 | P: 0.00 R: 0.00 F1: 0.00
2026-05-04 18:13:29 | DEBUG   | dpfl.core.base_simulator | Update norms — honest: ['0.55', '0.55', '0.55', '0.55', '0.55'], attacker: []
2026-05-04 18:13:29 | INFO    | dpfl.core.base_simulator | Round   5/300 | Acc: 0.7500 | Loss: 1.3001 | eps_max: 2.20 eps_avg: 0.46 | P: 0.00 R: 0.00 F1: 0.00
2026-05-04 18:13:29 | DEBUG   | dpfl.core.base_simulator | Update norms — honest: ['0.54', '0.54', '0.54', '0.54', '0.54'], attacker: []
2026-05-04 18:13:30 | INFO    | dpfl.core.base_simulator | Round   6/300 | Acc: 0.7787 | Loss: 1.1460 | eps_max: 2.29 eps_avg: 0.52 | P: 0.00 R: 0.00 F1: 0.00
2026-05-04 18:13:30 | DEBUG   | dpfl.core.base_simulator | Update norms — honest: ['0.54', '1.03', '1.03', '0.54', '1.02'], attacker: []
2026-05-04 18:13:31 | INFO    | dpfl.core.base_simulator | Round   7/300 | Acc: 0.7993 | Loss: 1.0197 | eps_max: 2.29 eps_avg: 0.59 | P: 0.00 R: 0.00 F1: 0.00
2026-05-04 18:13:31 | DEBUG   | dpfl.core.base_simulator | Update norms — honest: ['1.02', '0.53', '0.96', '0.53', '0.53'], attacker: []
2026-05-04 18:13:32 | INFO    | dpfl.core.base_simulator | Round   8/300 | Acc: 0.8135 | Loss: 0.9189 | eps_max: 2.38 eps_avg: 0.69 | P: 0.00 R: 0.00 F1: 0.00
2026-05-04 18:13:32 | DEBUG   | dpfl.core.base_simulator | Update norms — honest: ['0.53', '0.93', '0.84', '0.53', '0.53'], attacker: []
2026-05-04 18:13:33 | INFO    | dpfl.core.base_simulator | Round   9/300 | Acc: 0.8237 | Loss: 0.8393 | eps_max: 2.40 eps_avg: 0.77 | P: 0.00 R: 0.00 F1: 0.00
2026-05-04 18:13:33 | DEBUG   | dpfl.core.base_simulator | Update norms — honest: ['0.52', '0.52', '0.98', '1.54', '0.52'], attacker: []
2026-05-04 18:13:34 | INFO    | dpfl.core.base_simulator | Round  10/300 | Acc: 0.8318 | Loss: 0.7757 | eps_max: 2.46 eps_avg: 0.84 | P: 0.00 R: 0.00 F1: 0.00
2026-05-04 18:13:34 | DEBUG   | dpfl.core.base_simulator | Update norms — honest: ['0.93', '0.52', '0.83', '0.51', '0.84'], attacker: []
2026-05-04 18:13:35 | INFO    | dpfl.core.base_simulator | Round  11/300 | Acc: 0.8378 | Loss: 0.7250 | eps_max: 2.46 eps_avg: 0.94 | P: 0.00 R: 0.00 F1: 0.00
2026-05-04 18:13:35 | DEBUG   | dpfl.core.base_simulator | Update norms — honest: ['0.51', '0.51', '0.95', '0.51', '0.51'], attacker: []
2026-05-04 18:13:37 | INFO    | dpfl.core.base_simulator | Round  12/300 | Acc: 0.8432 | Loss: 0.6835 | eps_max: 2.48 eps_avg: 1.01 | P: 0.00 R: 0.00 F1: 0.00
2026-05-04 18:13:37 | DEBUG   | dpfl.core.base_simulator | Update norms — honest: ['0.51', '0.94', '0.96', '0.51', '1.44'], attacker: []
2026-05-04 18:13:38 | INFO    | dpfl.core.base_simulator | Round  13/300 | Acc: 0.8474 | Loss: 0.6492 | eps_max: 2.50 eps_avg: 1.08 | P: 0.00 R: 0.00 F1: 0.00
2026-05-04 18:13:38 | DEBUG   | dpfl.core.base_simulator | Update norms — honest: ['1.41', '0.50', '1.88', '1.47', '0.93'], attacker: []
2026-05-04 18:13:39 | INFO    | dpfl.core.base_simulator | Round  14/300 | Acc: 0.8509 | Loss: 0.6206 | eps_max: 2.54 eps_avg: 1.13 | P: 0.00 R: 0.00 F1: 0.00
2026-05-04 18:13:39 | DEBUG   | dpfl.core.base_simulator | Update norms — honest: ['0.88', '0.96', '0.50', '0.50', '0.92'], attacker: []
2026-05-04 18:13:40 | INFO    | dpfl.core.base_simulator | Round  15/300 | Acc: 0.8543 | Loss: 0.5962 | eps_max: 2.54 eps_avg: 1.19 | P: 0.00 R: 0.00 F1: 0.00
2026-05-04 18:13:40 | DEBUG   | dpfl.core.base_simulator | Update norms — honest: ['0.83', '0.49', '1.79', '0.49', '0.49'], attacker: []
2026-05-04 18:13:41 | INFO    | dpfl.core.base_simulator | Round  16/300 | Acc: 0.8570 | Loss: 0.5754 | eps_max: 2.56 eps_avg: 1.24 | P: 0.00 R: 0.00 F1: 0.00
2026-05-04 18:13:41 | DEBUG   | dpfl.core.base_simulator | Update norms — honest: ['0.80', '0.91', '1.89', '1.39', '0.49'], attacker: []
2026-05-04 18:13:42 | INFO    | dpfl.core.base_simulator | Round  17/300 | Acc: 0.8594 | Loss: 0.5573 | eps_max: 2.61 eps_avg: 1.28 | P: 0.00 R: 0.00 F1: 0.00
2026-05-04 18:13:42 | DEBUG   | dpfl.core.base_simulator | Update norms — honest: ['0.86', '1.45', '1.87', '0.48', '1.37'], attacker: []
2026-05-04 18:13:43 | INFO    | dpfl.core.base_simulator | Round  18/300 | Acc: 0.8615 | Loss: 0.5416 | eps_max: 2.63 eps_avg: 1.33 | P: 0.00 R: 0.00 F1: 0.00
2026-05-04 18:13:43 | DEBUG   | dpfl.core.base_simulator | Update norms — honest: ['1.27', '1.88', '0.47', '0.87', '0.90'], attacker: []
2026-05-04 18:13:45 | INFO    | dpfl.core.base_simulator | Round  19/300 | Acc: 0.8635 | Loss: 0.5278 | eps_max: 2.71 eps_avg: 1.38 | P: 0.00 R: 0.00 F1: 0.00
2026-05-04 18:13:45 | DEBUG   | dpfl.core.base_simulator | Update norms — honest: ['0.47', '1.93', '0.47', '0.90', '0.47'], attacker: []
2026-05-04 18:13:46 | INFO    | dpfl.core.base_simulator | Round  20/300 | Acc: 0.8651 | Loss: 0.5156 | eps_max: 2.81 eps_avg: 1.43 | P: 0.00 R: 0.00 F1: 0.00
2026-05-04 18:13:46 | DEBUG   | dpfl.core.base_simulator | Update norms — honest: ['1.27', '1.72', '1.68', '1.13', '0.47'], attacker: []
2026-05-04 18:13:48 | INFO    | dpfl.core.base_simulator | Round  21/300 | Acc: 0.8667 | Loss: 0.5047 | eps_max: 3.03 eps_avg: 1.50 | P: 0.00 R: 0.00 F1: 0.00
2026-05-04 18:13:48 | DEBUG   | dpfl.core.base_simulator | Update norms — honest: ['0.46', '0.46', '1.94', '0.68', '0.87'], attacker: []
2026-05-04 18:13:48 | INFO    | dpfl.core.base_simulator | Round  22/300 | Acc: 0.8682 | Loss: 0.4949 | eps_max: 3.03 eps_avg: 1.54 | P: 0.00 R: 0.00 F1: 0.00
2026-05-04 18:13:48 | DEBUG   | dpfl.core.base_simulator | Update norms — honest: ['1.32', '0.86', '0.72', '1.10', '0.46'], attacker: []
2026-05-04 18:13:50 | INFO    | dpfl.core.base_simulator | Round  23/300 | Acc: 0.8693 | Loss: 0.4863 | eps_max: 3.03 eps_avg: 1.58 | P: 0.00 R: 0.00 F1: 0.00
2026-05-04 18:13:50 | DEBUG   | dpfl.core.base_simulator | Update norms — honest: ['0.86', '1.71', '2.11', '0.82', '0.85'], attacker: []
2026-05-04 18:13:51 | INFO    | dpfl.core.base_simulator | Round  24/300 | Acc: 0.8705 | Loss: 0.4784 | eps_max: 3.03 eps_avg: 1.64 | P: 0.00 R: 0.00 F1: 0.00
2026-05-04 18:13:51 | DEBUG   | dpfl.core.base_simulator | Update norms — honest: ['2.25', '0.57', '1.26', '1.87', '0.45'], attacker: []
2026-05-04 18:13:52 | INFO    | dpfl.core.base_simulator | Round  25/300 | Acc: 0.8714 | Loss: 0.4713 | eps_max: 3.10 eps_avg: 1.68 | P: 0.00 R: 0.00 F1: 0.00
2026-05-04 18:13:52 | DEBUG   | dpfl.core.base_simulator | Update norms — honest: ['2.22', '1.23', '0.45', '0.78', '0.80'], attacker: []
2026-05-04 18:13:53 | INFO    | dpfl.core.base_simulator | Round  26/300 | Acc: 0.8724 | Loss: 0.4646 | eps_max: 3.26 eps_avg: 1.74 | P: 0.00 R: 0.00 F1: 0.00
2026-05-04 18:13:53 | DEBUG   | dpfl.core.base_simulator | Update norms — honest: ['0.44', '0.79', '0.75', '1.22', '0.44'], attacker: []
2026-05-04 18:13:54 | INFO    | dpfl.core.base_simulator | Round  27/300 | Acc: 0.8733 | Loss: 0.4586 | eps_max: 3.27 eps_avg: 1.79 | P: 0.00 R: 0.00 F1: 0.00
2026-05-04 18:13:54 | DEBUG   | dpfl.core.base_simulator | Update norms — honest: ['1.22', '0.62', '1.78', '1.19', '0.43'], attacker: []
2026-05-04 18:13:55 | INFO    | dpfl.core.base_simulator | Round  28/300 | Acc: 0.8741 | Loss: 0.4532 | eps_max: 3.30 eps_avg: 1.84 | P: 0.00 R: 0.00 F1: 0.00
2026-05-04 18:13:55 | DEBUG   | dpfl.core.base_simulator | Update norms — honest: ['0.66', '0.43', '0.43', '1.14', '1.73'], attacker: []
2026-05-04 18:13:56 | INFO    | dpfl.core.base_simulator | Round  29/300 | Acc: 0.8749 | Loss: 0.4481 | eps_max: 3.34 eps_avg: 1.90 | P: 0.00 R: 0.00 F1: 0.00
2026-05-04 18:13:56 | DEBUG   | dpfl.core.base_simulator | Update norms — honest: ['2.17', '0.43', '1.15', '1.76', '1.20'], attacker: []
2026-05-04 18:13:57 | INFO    | dpfl.core.base_simulator | Round  30/300 | Acc: 0.8756 | Loss: 0.4433 | eps_max: 3.37 eps_avg: 1.93 | P: 0.00 R: 0.00 F1: 0.00
2026-05-04 18:13:57 | DEBUG   | dpfl.core.base_simulator | Update norms — honest: ['0.56', '1.36', '0.76', '1.43', '0.42'], attacker: []
2026-05-04 18:13:59 | INFO    | dpfl.core.base_simulator | Round  31/300 | Acc: 0.8762 | Loss: 0.4392 | eps_max: 3.41 eps_avg: 1.99 | P: 0.00 R: 0.00 F1: 0.00
2026-05-04 18:13:59 | DEBUG   | dpfl.core.base_simulator | Update norms — honest: ['1.85', '0.69', '2.12', '0.42', '0.49'], attacker: []
2026-05-04 18:14:00 | INFO    | dpfl.core.base_simulator | Round  32/300 | Acc: 0.8767 | Loss: 0.4353 | eps_max: 3.46 eps_avg: 2.01 | P: 0.00 R: 0.00 F1: 0.00
2026-05-04 18:14:00 | DEBUG   | dpfl.core.base_simulator | Update norms — honest: ['0.73', '0.83', '1.24', '0.41', '1.45'], attacker: []
2026-05-04 18:14:01 | INFO    | dpfl.core.base_simulator | Round  33/300 | Acc: 0.8773 | Loss: 0.4317 | eps_max: 3.51 eps_avg: 2.07 | P: 0.00 R: 0.00 F1: 0.00
2026-05-04 18:14:01 | DEBUG   | dpfl.core.base_simulator | Update norms — honest: ['1.07', '0.41', '1.86', '0.78', '1.64'], attacker: []
2026-05-04 18:14:02 | INFO    | dpfl.core.base_simulator | Round  34/300 | Acc: 0.8777 | Loss: 0.4284 | eps_max: 3.56 eps_avg: 2.12 | P: 0.00 R: 0.00 F1: 0.00
2026-05-04 18:14:02 | DEBUG   | dpfl.core.base_simulator | Update norms — honest: ['1.21', '1.67', '0.41', '0.59', '0.40'], attacker: []
2026-05-04 18:14:04 | INFO    | dpfl.core.base_simulator | Round  35/300 | Acc: 0.8782 | Loss: 0.4255 | eps_max: 3.62 eps_avg: 2.18 | P: 0.00 R: 0.00 F1: 0.00
2026-05-04 18:14:04 | DEBUG   | dpfl.core.base_simulator | Update norms — honest: ['0.79', '1.11', '0.40', '0.71', '1.46'], attacker: []
2026-05-04 18:14:05 | INFO    | dpfl.core.base_simulator | Round  36/300 | Acc: 0.8787 | Loss: 0.4225 | eps_max: 3.69 eps_avg: 2.22 | P: 0.00 R: 0.00 F1: 0.00
2026-05-04 18:14:05 | DEBUG   | dpfl.core.base_simulator | Update norms — honest: ['0.70', '0.70', '1.92', '1.16', '0.40'], attacker: []
2026-05-04 18:14:06 | INFO    | dpfl.core.base_simulator | Round  37/300 | Acc: 0.8790 | Loss: 0.4198 | eps_max: 3.75 eps_avg: 2.28 | P: 0.00 R: 0.00 F1: 0.00
2026-05-04 18:14:06 | DEBUG   | dpfl.core.base_simulator | Update norms — honest: ['0.39', '0.48', '1.13', '0.63', '1.22'], attacker: []
2026-05-04 18:14:07 | INFO    | dpfl.core.base_simulator | Round  38/300 | Acc: 0.8795 | Loss: 0.4172 | eps_max: 3.83 eps_avg: 2.32 | P: 0.00 R: 0.00 F1: 0.00
2026-05-04 18:14:07 | DEBUG   | dpfl.core.base_simulator | Update norms — honest: ['2.43', '0.54', '1.91', '1.58', '0.74'], attacker: []
2026-05-04 18:14:10 | INFO    | dpfl.core.base_simulator | Round  39/300 | Acc: 0.8797 | Loss: 0.4152 | eps_max: 3.96 eps_avg: 2.36 | P: 0.00 R: 0.00 F1: 0.00
2026-05-04 18:14:10 | DEBUG   | dpfl.core.base_simulator | Update norms — honest: ['0.32', '1.93', '2.42', '0.68', '0.64'], attacker: []
2026-05-04 18:14:11 | INFO    | dpfl.core.base_simulator | Round  40/300 | Acc: 0.8801 | Loss: 0.4128 | eps_max: 4.03 eps_avg: 2.40 | P: 0.00 R: 0.00 F1: 0.00
2026-05-04 18:14:11 | DEBUG   | dpfl.core.base_simulator | Update norms — honest: ['0.96', '1.13', '0.38', '1.39', '1.00'], attacker: []
2026-05-04 18:14:13 | INFO    | dpfl.core.base_simulator | Round  41/300 | Acc: 0.8804 | Loss: 0.4108 | eps_max: 4.07 eps_avg: 2.44 | P: 0.00 R: 0.00 F1: 0.00
2026-05-04 18:14:13 | DEBUG   | dpfl.core.base_simulator | Update norms — honest: ['2.32', '1.21', '1.38', '0.90', '2.42'], attacker: []
2026-05-04 18:14:15 | INFO    | dpfl.core.base_simulator | Round  42/300 | Acc: 0.8806 | Loss: 0.4093 | eps_max: 4.16 eps_avg: 2.51 | P: 0.00 R: 0.00 F1: 0.00
2026-05-04 18:14:15 | DEBUG   | dpfl.core.base_simulator | Update norms — honest: ['1.25', '2.04', '1.15', '1.05', '0.67'], attacker: []
2026-05-04 18:14:17 | INFO    | dpfl.core.base_simulator | Round  43/300 | Acc: 0.8809 | Loss: 0.4072 | eps_max: 4.32 eps_avg: 2.56 | P: 0.00 R: 0.00 F1: 0.00
2026-05-04 18:14:17 | DEBUG   | dpfl.core.base_simulator | Update norms — honest: ['1.22', '1.09', '0.63', '1.88', '1.06'], attacker: []
2026-05-04 18:14:18 | INFO    | dpfl.core.base_simulator | Round  44/300 | Acc: 0.8811 | Loss: 0.4057 | eps_max: 4.34 eps_avg: 2.62 | P: 0.00 R: 0.00 F1: 0.00
2026-05-04 18:14:18 | DEBUG   | dpfl.core.base_simulator | Update norms — honest: ['1.02', '2.30', '1.56', '0.93', '1.79'], attacker: []
2026-05-04 18:14:20 | INFO    | dpfl.core.base_simulator | Round  45/300 | Acc: 0.8813 | Loss: 0.4045 | eps_max: 4.75 eps_avg: 2.70 | P: 0.00 R: 0.00 F1: 0.00
2026-05-04 18:14:20 | DEBUG   | dpfl.core.base_simulator | Update norms — honest: ['2.26', '0.36', '1.73', '2.74', '0.70'], attacker: []
2026-05-04 18:14:22 | INFO    | dpfl.core.base_simulator | Round  46/300 | Acc: 0.8815 | Loss: 0.4031 | eps_max: 4.75 eps_avg: 2.72 | P: 0.00 R: 0.00 F1: 0.00
2026-05-04 18:14:22 | DEBUG   | dpfl.core.base_simulator | Update norms — honest: ['1.12', '1.49', '1.76', '2.09', '1.61'], attacker: []
2026-05-04 18:14:23 | INFO    | dpfl.core.base_simulator | Round  47/300 | Acc: 0.8819 | Loss: 0.4015 | eps_max: 4.75 eps_avg: 2.76 | P: 0.00 R: 0.00 F1: 0.00
2026-05-04 18:14:23 | DEBUG   | dpfl.core.base_simulator | Update norms — honest: ['1.49', '1.23', '1.36', '1.75', '1.12'], attacker: []
2026-05-04 18:14:26 | INFO    | dpfl.core.base_simulator | Round  48/300 | Acc: 0.8818 | Loss: 0.4007 | eps_max: 4.75 eps_avg: 2.82 | P: 0.00 R: 0.00 F1: 0.00
2026-05-04 18:14:26 | DEBUG   | dpfl.core.base_simulator | Update norms — honest: ['0.67', '2.75', '2.77', '0.35', '1.56'], attacker: []
2026-05-04 18:14:27 | INFO    | dpfl.core.base_simulator | Round  49/300 | Acc: 0.8821 | Loss: 0.3994 | eps_max: 4.75 eps_avg: 2.85 | P: 0.00 R: 0.00 F1: 0.00
2026-05-04 18:14:27 | DEBUG   | dpfl.core.base_simulator | Update norms — honest: ['1.68', '2.47', '0.74', '1.37', '0.61'], attacker: []
2026-05-04 18:14:29 | INFO    | dpfl.core.base_simulator | Round  50/300 | Acc: 0.8822 | Loss: 0.3984 | eps_max: 5.11 eps_avg: 2.88 | P: 0.00 R: 0.00 F1: 0.00
2026-05-04 18:14:29 | DEBUG   | dpfl.core.base_simulator | Update norms — honest: ['2.95', '0.62', '0.91', '1.37', '2.18'], attacker: []
2026-05-04 18:14:30 | INFO    | dpfl.core.base_simulator | Round  51/300 | Acc: 0.8823 | Loss: 0.3975 | eps_max: 5.11 eps_avg: 2.94 | P: 0.00 R: 0.00 F1: 0.00
2026-05-04 18:14:30 | DEBUG   | dpfl.core.base_simulator | Update norms — honest: ['1.08', '0.71', '1.16', '1.50', '0.34'], attacker: []
2026-05-04 18:14:31 | INFO    | dpfl.core.base_simulator | Round  52/300 | Acc: 0.8823 | Loss: 0.3968 | eps_max: 5.19 eps_avg: 2.99 | P: 0.00 R: 0.00 F1: 0.00
2026-05-04 18:14:31 | DEBUG   | dpfl.core.base_simulator | Update norms — honest: ['0.83', '3.39', '1.18', '0.71', '1.43'], attacker: []
2026-05-04 18:14:32 | INFO    | dpfl.core.base_simulator | Round  53/300 | Acc: 0.8824 | Loss: 0.3960 | eps_max: 5.24 eps_avg: 3.04 | P: 0.00 R: 0.00 F1: 0.00
2026-05-04 18:14:32 | DEBUG   | dpfl.core.base_simulator | Update norms — honest: ['0.34', '1.61', '2.39', '0.34', '2.02'], attacker: []
2026-05-04 18:14:33 | INFO    | dpfl.core.base_simulator | Round  54/300 | Acc: 0.8826 | Loss: 0.3951 | eps_max: 5.31 eps_avg: 3.08 | P: 0.00 R: 0.00 F1: 0.00
2026-05-04 18:14:33 | DEBUG   | dpfl.core.base_simulator | Update norms — honest: ['1.51', '2.17', '0.55', '0.34', '0.50'], attacker: []
2026-05-04 18:14:35 | INFO    | dpfl.core.base_simulator | Round  55/300 | Acc: 0.8825 | Loss: 0.3948 | eps_max: 5.31 eps_avg: 3.13 | P: 0.00 R: 0.00 F1: 0.00
2026-05-04 18:14:35 | DEBUG   | dpfl.core.base_simulator | Update norms — honest: ['1.73', '2.73', '0.44', '1.20', '1.01'], attacker: []
2026-05-04 18:14:35 | INFO    | dpfl.core.base_simulator | Round  56/300 | Acc: 0.8827 | Loss: 0.3939 | eps_max: 5.41 eps_avg: 3.16 | P: 0.00 R: 0.00 F1: 0.00
2026-05-04 18:14:35 | DEBUG   | dpfl.core.base_simulator | Update norms — honest: ['1.78', '0.97', '0.60', '1.46', '0.69'], attacker: []
2026-05-04 18:14:36 | INFO    | dpfl.core.base_simulator | Round  57/300 | Acc: 0.8829 | Loss: 0.3929 | eps_max: 5.41 eps_avg: 3.19 | P: 0.00 R: 0.00 F1: 0.00
2026-05-04 18:14:36 | DEBUG   | dpfl.core.base_simulator | Update norms — honest: ['0.56', '0.59', '1.35', '1.60', '0.51'], attacker: []
2026-05-04 18:14:39 | INFO    | dpfl.core.base_simulator | Round  58/300 | Acc: 0.8830 | Loss: 0.3922 | eps_max: 5.55 eps_avg: 3.29 | P: 0.00 R: 0.00 F1: 0.00
2026-05-04 18:14:39 | DEBUG   | dpfl.core.base_simulator | Update norms — honest: ['1.60', '0.49', '0.81', '1.62', '0.86'], attacker: []
2026-05-04 18:14:40 | INFO    | dpfl.core.base_simulator | Round  59/300 | Acc: 0.8831 | Loss: 0.3918 | eps_max: 5.55 eps_avg: 3.38 | P: 0.00 R: 0.00 F1: 0.00
2026-05-04 18:14:40 | DEBUG   | dpfl.core.base_simulator | Update norms — honest: ['1.67', '1.17', '0.34', '1.04', '2.45'], attacker: []
2026-05-04 18:14:41 | INFO    | dpfl.core.base_simulator | Round  60/300 | Acc: 0.8831 | Loss: 0.3913 | eps_max: 5.55 eps_avg: 3.44 | P: 0.00 R: 0.00 F1: 0.00
2026-05-04 18:14:41 | DEBUG   | dpfl.core.base_simulator | Update norms — honest: ['2.00', '1.07', '1.20', '1.22', '0.50'], attacker: []
2026-05-04 18:14:43 | INFO    | dpfl.core.base_simulator | Round  61/300 | Acc: 0.8832 | Loss: 0.3910 | eps_max: 5.55 eps_avg: 3.48 | P: 0.00 R: 0.00 F1: 0.00
2026-05-04 18:14:43 | DEBUG   | dpfl.core.base_simulator | Update norms — honest: ['1.67', '1.26', '0.63', '1.39', '1.55'], attacker: []
2026-05-04 18:14:44 | INFO    | dpfl.core.base_simulator | Round  62/300 | Acc: 0.8832 | Loss: 0.3905 | eps_max: 5.55 eps_avg: 3.55 | P: 0.00 R: 0.00 F1: 0.00
2026-05-04 18:14:44 | DEBUG   | dpfl.core.base_simulator | Update norms — honest: ['1.00', '0.34', '1.96', '1.63', '1.58'], attacker: []
2026-05-04 18:14:46 | INFO    | dpfl.core.base_simulator | Round  63/300 | Acc: 0.8832 | Loss: 0.3903 | eps_max: 5.55 eps_avg: 3.63 | P: 0.00 R: 0.00 F1: 0.00
2026-05-04 18:14:46 | DEBUG   | dpfl.core.base_simulator | Update norms — honest: ['1.89', '0.34', '1.79', '2.06', '1.54'], attacker: []
2026-05-04 18:14:48 | INFO    | dpfl.core.base_simulator | Round  64/300 | Acc: 0.8831 | Loss: 0.3903 | eps_max: 5.55 eps_avg: 3.69 | P: 0.00 R: 0.00 F1: 0.00
2026-05-04 18:14:48 | DEBUG   | dpfl.core.base_simulator | Update norms — honest: ['0.91', '1.27', '1.95', '0.55', '1.00'], attacker: []
2026-05-04 18:14:50 | INFO    | dpfl.core.base_simulator | Round  65/300 | Acc: 0.8829 | Loss: 0.3905 | eps_max: 5.64 eps_avg: 3.75 | P: 0.00 R: 0.00 F1: 0.00
2026-05-04 18:14:50 | DEBUG   | dpfl.core.base_simulator | Update norms — honest: ['1.80', '1.41', '3.36', '1.62', '0.92'], attacker: []
2026-05-04 18:14:51 | INFO    | dpfl.core.base_simulator | Round  66/300 | Acc: 0.8831 | Loss: 0.3901 | eps_max: 5.75 eps_avg: 3.80 | P: 0.00 R: 0.00 F1: 0.00
2026-05-04 18:14:51 | DEBUG   | dpfl.core.base_simulator | Update norms — honest: ['0.52', '1.21', '2.22', '1.10', '0.55'], attacker: []
2026-05-04 18:14:54 | INFO    | dpfl.core.base_simulator | Round  67/300 | Acc: 0.8832 | Loss: 0.3898 | eps_max: 5.75 eps_avg: 3.85 | P: 0.00 R: 0.00 F1: 0.00
2026-05-04 18:14:54 | DEBUG   | dpfl.core.base_simulator | Update norms — honest: ['1.68', '1.83', '1.53', '1.58', '0.49'], attacker: []
2026-05-04 18:14:55 | INFO    | dpfl.core.base_simulator | Round  68/300 | Acc: 0.8831 | Loss: 0.3898 | eps_max: 5.75 eps_avg: 3.94 | P: 0.00 R: 0.00 F1: 0.00
2026-05-04 18:14:55 | DEBUG   | dpfl.core.base_simulator | Update norms — honest: ['0.34', '3.24', '1.23', '1.25', '0.86'], attacker: []
2026-05-04 18:14:57 | INFO    | dpfl.core.base_simulator | Round  69/300 | Acc: 0.8830 | Loss: 0.3900 | eps_max: 5.95 eps_avg: 4.02 | P: 0.00 R: 0.00 F1: 0.00
2026-05-04 18:14:57 | DEBUG   | dpfl.core.base_simulator | Update norms — honest: ['0.34', '1.49', '0.77', '1.01', '1.99'], attacker: []
2026-05-04 18:14:58 | INFO    | dpfl.core.base_simulator | Round  70/300 | Acc: 0.8831 | Loss: 0.3896 | eps_max: 6.06 eps_avg: 4.07 | P: 0.00 R: 0.00 F1: 0.00
2026-05-04 18:14:58 | DEBUG   | dpfl.core.base_simulator | Update norms — honest: ['0.54', '1.07', '1.03', '2.16', '1.18'], attacker: []
2026-05-04 18:14:59 | INFO    | dpfl.core.base_simulator | Round  71/300 | Acc: 0.8831 | Loss: 0.3894 | eps_max: 6.06 eps_avg: 4.11 | P: 0.00 R: 0.00 F1: 0.00
2026-05-04 18:14:59 | DEBUG   | dpfl.core.base_simulator | Update norms — honest: ['1.37', '1.26', '2.24', '2.78', '1.43'], attacker: []
2026-05-04 18:15:00 | INFO    | dpfl.core.base_simulator | Round  72/300 | Acc: 0.8831 | Loss: 0.3894 | eps_max: 6.06 eps_avg: 4.14 | P: 0.00 R: 0.00 F1: 0.00
2026-05-04 18:15:00 | DEBUG   | dpfl.core.base_simulator | Update norms — honest: ['1.35', '1.06', '0.87', '1.04', '0.53'], attacker: []
2026-05-04 18:15:01 | INFO    | dpfl.core.base_simulator | Round  73/300 | Acc: 0.8831 | Loss: 0.3895 | eps_max: 6.06 eps_avg: 4.22 | P: 0.00 R: 0.00 F1: 0.00
2026-05-04 18:15:01 | DEBUG   | dpfl.core.base_simulator | Update norms — honest: ['1.86', '1.49', '0.63', '1.21', '1.47'], attacker: []
2026-05-04 18:15:03 | INFO    | dpfl.core.base_simulator | Round  74/300 | Acc: 0.8829 | Loss: 0.3899 | eps_max: 6.06 eps_avg: 4.30 | P: 0.00 R: 0.00 F1: 0.00
2026-05-04 18:15:03 | DEBUG   | dpfl.core.base_simulator | Update norms — honest: ['2.37', '2.19', '1.11', '1.64', '1.07'], attacker: []
2026-05-04 18:15:04 | INFO    | dpfl.core.base_simulator | Round  75/300 | Acc: 0.8830 | Loss: 0.3898 | eps_max: 6.21 eps_avg: 4.36 | P: 0.00 R: 0.00 F1: 0.00
2026-05-04 18:15:04 | DEBUG   | dpfl.core.base_simulator | Update norms — honest: ['0.51', '2.03', '1.77', '1.08', '0.89'], attacker: []
2026-05-04 18:15:06 | INFO    | dpfl.core.base_simulator | Round  76/300 | Acc: 0.8829 | Loss: 0.3901 | eps_max: 6.21 eps_avg: 4.40 | P: 0.00 R: 0.00 F1: 0.00
2026-05-04 18:15:06 | DEBUG   | dpfl.core.base_simulator | Update norms — honest: ['2.02', '1.99', '2.30', '0.57', '1.83'], attacker: []
2026-05-04 18:15:07 | INFO    | dpfl.core.base_simulator | Round  77/300 | Acc: 0.8828 | Loss: 0.3903 | eps_max: 6.31 eps_avg: 4.46 | P: 0.00 R: 0.00 F1: 0.00
2026-05-04 18:15:07 | DEBUG   | dpfl.core.base_simulator | Update norms — honest: ['0.34', '1.94', '1.95', '2.06', '0.47'], attacker: []
2026-05-04 18:15:09 | INFO    | dpfl.core.base_simulator | Round  78/300 | Acc: 0.8826 | Loss: 0.3909 | eps_max: 6.31 eps_avg: 4.50 | P: 0.00 R: 0.00 F1: 0.00
2026-05-04 18:15:09 | DEBUG   | dpfl.core.base_simulator | Update norms — honest: ['2.34', '1.53', '1.52', '1.47', '2.80'], attacker: []
2026-05-04 18:15:11 | INFO    | dpfl.core.base_simulator | Round  79/300 | Acc: 0.8826 | Loss: 0.3909 | eps_max: 6.63 eps_avg: 4.53 | P: 0.00 R: 0.00 F1: 0.00
2026-05-04 18:15:11 | DEBUG   | dpfl.core.base_simulator | Update norms — honest: ['2.18', '3.41', '1.88', '2.11', '1.17'], attacker: []
2026-05-04 18:15:13 | INFO    | dpfl.core.base_simulator | Round  80/300 | Acc: 0.8826 | Loss: 0.3910 | eps_max: 6.63 eps_avg: 4.58 | P: 0.00 R: 0.00 F1: 0.00
2026-05-04 18:15:13 | DEBUG   | dpfl.core.base_simulator | Update norms — honest: ['0.34', '1.74', '0.97', '1.75', '2.49'], attacker: []
2026-05-04 18:15:14 | INFO    | dpfl.core.base_simulator | Round  81/300 | Acc: 0.8825 | Loss: 0.3916 | eps_max: 6.63 eps_avg: 4.63 | P: 0.00 R: 0.00 F1: 0.00
2026-05-04 18:15:14 | DEBUG   | dpfl.core.base_simulator | Update norms — honest: ['2.04', '1.75', '1.30', '2.36', '1.46'], attacker: []
2026-05-04 18:15:16 | INFO    | dpfl.core.base_simulator | Round  82/300 | Acc: 0.8824 | Loss: 0.3918 | eps_max: 6.63 eps_avg: 4.68 | P: 0.00 R: 0.00 F1: 0.00
2026-05-04 18:15:16 | DEBUG   | dpfl.core.base_simulator | Update norms — honest: ['2.09', '0.87', '1.52', '2.48', '1.26'], attacker: []
2026-05-04 18:15:16 | INFO    | dpfl.core.base_simulator | Round  83/300 | Acc: 0.8825 | Loss: 0.3916 | eps_max: 6.63 eps_avg: 4.72 | P: 0.00 R: 0.00 F1: 0.00
2026-05-04 18:15:16 | DEBUG   | dpfl.core.base_simulator | Update norms — honest: ['1.63', '1.72', '1.53', '2.34', '0.58'], attacker: []
2026-05-04 18:15:17 | INFO    | dpfl.core.base_simulator | Round  84/300 | Acc: 0.8824 | Loss: 0.3920 | eps_max: 6.63 eps_avg: 4.76 | P: 0.00 R: 0.00 F1: 0.00
2026-05-04 18:15:17 | DEBUG   | dpfl.core.base_simulator | Update norms — honest: ['1.53', '2.71', '1.49', '1.94', '2.19'], attacker: []
2026-05-04 18:15:19 | INFO    | dpfl.core.base_simulator | Round  85/300 | Acc: 0.8824 | Loss: 0.3926 | eps_max: 6.99 eps_avg: 4.80 | P: 0.00 R: 0.00 F1: 0.00
2026-05-04 18:15:19 | DEBUG   | dpfl.core.base_simulator | Update norms — honest: ['0.81', '1.55', '2.64', '0.65', '2.46'], attacker: []
2026-05-04 18:15:21 | INFO    | dpfl.core.base_simulator | Round  86/300 | Acc: 0.8823 | Loss: 0.3928 | eps_max: 6.99 eps_avg: 4.84 | P: 0.00 R: 0.00 F1: 0.00
2026-05-04 18:15:21 | DEBUG   | dpfl.core.base_simulator | Update norms — honest: ['1.93', '1.32', '1.18', '1.65', '2.53'], attacker: []
2026-05-04 18:15:23 | INFO    | dpfl.core.base_simulator | Round  87/300 | Acc: 0.8822 | Loss: 0.3933 | eps_max: 6.99 eps_avg: 4.87 | P: 0.00 R: 0.00 F1: 0.00
2026-05-04 18:15:23 | DEBUG   | dpfl.core.base_simulator | Update norms — honest: ['0.55', '0.91', '1.83', '2.61', '1.60'], attacker: []
2026-05-04 18:15:24 | INFO    | dpfl.core.base_simulator | Round  88/300 | Acc: 0.8822 | Loss: 0.3934 | eps_max: 6.99 eps_avg: 4.91 | P: 0.00 R: 0.00 F1: 0.00
2026-05-04 18:15:24 | DEBUG   | dpfl.core.base_simulator | Update norms — honest: ['0.67', '1.34', '1.85', '0.31', '0.88'], attacker: []
2026-05-04 18:15:25 | INFO    | dpfl.core.base_simulator | Round  89/300 | Acc: 0.8819 | Loss: 0.3942 | eps_max: 6.99 eps_avg: 4.94 | P: 0.00 R: 0.00 F1: 0.00
2026-05-04 18:15:25 | DEBUG   | dpfl.core.base_simulator | Update norms — honest: ['3.49', '1.11', '1.36', '1.75', '1.43'], attacker: []
2026-05-04 18:15:26 | INFO    | dpfl.core.base_simulator | Round  90/300 | Acc: 0.8820 | Loss: 0.3945 | eps_max: 6.99 eps_avg: 4.98 | P: 0.00 R: 0.00 F1: 0.00
2026-05-04 18:15:26 | DEBUG   | dpfl.core.base_simulator | Update norms — honest: ['0.95', '3.87', '1.56', '1.33', '1.01'], attacker: []
2026-05-04 18:15:28 | INFO    | dpfl.core.base_simulator | Round  91/300 | Acc: 0.8816 | Loss: 0.3956 | eps_max: 6.99 eps_avg: 5.06 | P: 0.00 R: 0.00 F1: 0.00
2026-05-04 18:15:28 | DEBUG   | dpfl.core.base_simulator | Update norms — honest: ['1.83', '2.20', '1.22', '2.35', '2.20'], attacker: []
2026-05-04 18:15:30 | INFO    | dpfl.core.base_simulator | Round  92/300 | Acc: 0.8817 | Loss: 0.3956 | eps_max: 6.99 eps_avg: 5.09 | P: 0.00 R: 0.00 F1: 0.00
2026-05-04 18:15:30 | DEBUG   | dpfl.core.base_simulator | Update norms — honest: ['1.59', '1.70', '1.32', '2.17', '1.97'], attacker: []
2026-05-04 18:15:31 | INFO    | dpfl.core.base_simulator | Round  93/300 | Acc: 0.8816 | Loss: 0.3961 | eps_max: 6.99 eps_avg: 5.12 | P: 0.00 R: 0.00 F1: 0.00
2026-05-04 18:15:31 | DEBUG   | dpfl.core.base_simulator | Update norms — honest: ['1.76', '2.88', '1.48', '2.70', '1.30'], attacker: []
2026-05-04 18:15:34 | INFO    | dpfl.core.base_simulator | Round  94/300 | Acc: 0.8814 | Loss: 0.3970 | eps_max: 7.34 eps_avg: 5.16 | P: 0.00 R: 0.00 F1: 0.00
2026-05-04 18:15:34 | DEBUG   | dpfl.core.base_simulator | Update norms — honest: ['2.00', '2.64', '2.61', '0.87', '1.41'], attacker: []
2026-05-04 18:15:36 | INFO    | dpfl.core.base_simulator | Round  95/300 | Acc: 0.8815 | Loss: 0.3971 | eps_max: 7.34 eps_avg: 5.19 | P: 0.00 R: 0.00 F1: 0.00
2026-05-04 18:15:36 | DEBUG   | dpfl.core.base_simulator | Update norms — honest: ['3.10', '1.59', '1.89', '0.34', '1.69'], attacker: []
2026-05-04 18:15:38 | INFO    | dpfl.core.base_simulator | Round  96/300 | Acc: 0.8814 | Loss: 0.3977 | eps_max: 7.34 eps_avg: 5.23 | P: 0.00 R: 0.00 F1: 0.00
2026-05-04 18:15:38 | DEBUG   | dpfl.core.base_simulator | Update norms — honest: ['1.11', '2.38', '1.41', '1.45', '1.55'], attacker: []
2026-05-04 18:15:40 | INFO    | dpfl.core.base_simulator | Round  97/300 | Acc: 0.8811 | Loss: 0.3986 | eps_max: 7.46 eps_avg: 5.29 | P: 0.00 R: 0.00 F1: 0.00
2026-05-04 18:15:40 | DEBUG   | dpfl.core.base_simulator | Update norms — honest: ['1.67', '1.25', '2.47', '1.28', '1.12'], attacker: []
2026-05-04 18:15:42 | INFO    | dpfl.core.base_simulator | Round  98/300 | Acc: 0.8812 | Loss: 0.3988 | eps_max: 7.46 eps_avg: 5.33 | P: 0.00 R: 0.00 F1: 0.00
2026-05-04 18:15:42 | DEBUG   | dpfl.core.base_simulator | Update norms — honest: ['1.11', '2.04', '1.16', '1.95', '2.76'], attacker: []
2026-05-04 18:15:43 | INFO    | dpfl.core.base_simulator | Round  99/300 | Acc: 0.8812 | Loss: 0.3990 | eps_max: 7.46 eps_avg: 5.34 | P: 0.00 R: 0.00 F1: 0.00
2026-05-04 18:15:43 | DEBUG   | dpfl.core.base_simulator | Update norms — honest: ['0.90', '1.00', '1.51', '1.34', '2.07'], attacker: []
2026-05-04 18:15:44 | INFO    | dpfl.core.base_simulator | Round 100/300 | Acc: 0.8810 | Loss: 0.3997 | eps_max: 7.46 eps_avg: 5.37 | P: 0.00 R: 0.00 F1: 0.00
2026-05-04 18:15:44 | DEBUG   | dpfl.core.base_simulator | Update norms — honest: ['1.38', '2.19', '2.46', '1.98', '2.13'], attacker: []
2026-05-04 18:15:45 | INFO    | dpfl.core.base_simulator | Round 101/300 | Acc: 0.8809 | Loss: 0.4005 | eps_max: 7.46 eps_avg: 5.40 | P: 0.00 R: 0.00 F1: 0.00
2026-05-04 18:15:45 | DEBUG   | dpfl.core.base_simulator | Update norms — honest: ['3.44', '1.49', '1.76', '1.28', '1.55'], attacker: []
2026-05-04 18:15:47 | INFO    | dpfl.core.base_simulator | Round 102/300 | Acc: 0.8808 | Loss: 0.4010 | eps_max: 7.46 eps_avg: 5.44 | P: 0.00 R: 0.00 F1: 0.00
2026-05-04 18:15:47 | DEBUG   | dpfl.core.base_simulator | Update norms — honest: ['1.54', '0.48', '1.60', '1.03', '2.57'], attacker: []
2026-05-04 18:15:48 | INFO    | dpfl.core.base_simulator | Round 103/300 | Acc: 0.8805 | Loss: 0.4022 | eps_max: 7.46 eps_avg: 5.48 | P: 0.00 R: 0.00 F1: 0.00
2026-05-04 18:15:48 | DEBUG   | dpfl.core.base_simulator | Update norms — honest: ['2.04', '2.22', '0.94', '0.59', '2.29'], attacker: []
2026-05-04 18:15:51 | INFO    | dpfl.core.base_simulator | Round 104/300 | Acc: 0.8804 | Loss: 0.4028 | eps_max: 7.46 eps_avg: 5.52 | P: 0.00 R: 0.00 F1: 0.00
2026-05-04 18:15:51 | DEBUG   | dpfl.core.base_simulator | Update norms — honest: ['1.47', '0.34', '1.94', '1.76', '1.49'], attacker: []
2026-05-04 18:15:52 | INFO    | dpfl.core.base_simulator | Round 105/300 | Acc: 0.8803 | Loss: 0.4036 | eps_max: 7.46 eps_avg: 5.56 | P: 0.00 R: 0.00 F1: 0.00
2026-05-04 18:15:52 | DEBUG   | dpfl.core.base_simulator | Update norms — honest: ['1.00', '0.86', '1.49', '2.00', '2.38'], attacker: []
2026-05-04 18:15:54 | INFO    | dpfl.core.base_simulator | Round 106/300 | Acc: 0.8801 | Loss: 0.4043 | eps_max: 7.46 eps_avg: 5.58 | P: 0.00 R: 0.00 F1: 0.00
2026-05-04 18:15:54 | DEBUG   | dpfl.core.base_simulator | Update norms — honest: ['0.81', '3.33', '1.55', '2.90', '1.57'], attacker: []
2026-05-04 18:15:56 | INFO    | dpfl.core.base_simulator | Round 107/300 | Acc: 0.8799 | Loss: 0.4052 | eps_max: 7.46 eps_avg: 5.61 | P: 0.00 R: 0.00 F1: 0.00
2026-05-04 18:15:56 | DEBUG   | dpfl.core.base_simulator | Update norms — honest: ['2.08', '3.06', '2.61', '0.82', '1.44'], attacker: []
2026-05-04 18:15:58 | INFO    | dpfl.core.base_simulator | Round 108/300 | Acc: 0.8798 | Loss: 0.4062 | eps_max: 7.46 eps_avg: 5.63 | P: 0.00 R: 0.00 F1: 0.00
2026-05-04 18:15:58 | DEBUG   | dpfl.core.base_simulator | Update norms — honest: ['3.53', '2.53', '2.67', '1.80', '0.94'], attacker: []
2026-05-04 18:16:00 | INFO    | dpfl.core.base_simulator | Round 109/300 | Acc: 0.8796 | Loss: 0.4070 | eps_max: 7.46 eps_avg: 5.66 | P: 0.00 R: 0.00 F1: 0.00
2026-05-04 18:16:00 | DEBUG   | dpfl.core.base_simulator | Update norms — honest: ['2.51', '2.76', '1.93', '1.79', '1.44'], attacker: []
2026-05-04 18:16:02 | INFO    | dpfl.core.base_simulator | Round 110/300 | Acc: 0.8792 | Loss: 0.4088 | eps_max: 7.46 eps_avg: 5.70 | P: 0.00 R: 0.00 F1: 0.00
2026-05-04 18:16:02 | DEBUG   | dpfl.core.base_simulator | Update norms — honest: ['1.81', '2.36', '0.52', '3.35', '0.74'], attacker: []
2026-05-04 18:16:03 | INFO    | dpfl.core.base_simulator | Round 111/300 | Acc: 0.8789 | Loss: 0.4101 | eps_max: 7.46 eps_avg: 5.73 | P: 0.00 R: 0.00 F1: 0.00
2026-05-04 18:16:03 | DEBUG   | dpfl.core.base_simulator | Update norms — honest: ['3.53', '2.37', '2.23', '2.06', '1.48'], attacker: []
2026-05-04 18:16:04 | INFO    | dpfl.core.base_simulator | Round 112/300 | Acc: 0.8788 | Loss: 0.4108 | eps_max: 7.46 eps_avg: 5.76 | P: 0.00 R: 0.00 F1: 0.00
2026-05-04 18:16:04 | DEBUG   | dpfl.core.base_simulator | Update norms — honest: ['3.16', '0.54', '1.96', '2.74', '1.79'], attacker: []
2026-05-04 18:16:06 | INFO    | dpfl.core.base_simulator | Round 113/300 | Acc: 0.8787 | Loss: 0.4115 | eps_max: 7.54 eps_avg: 5.78 | P: 0.00 R: 0.00 F1: 0.00
2026-05-04 18:16:06 | DEBUG   | dpfl.core.base_simulator | Update norms — honest: ['1.83', '0.94', '2.42', '2.23', '1.98'], attacker: []
2026-05-04 18:16:07 | INFO    | dpfl.core.base_simulator | Round 114/300 | Acc: 0.8783 | Loss: 0.4135 | eps_max: 7.54 eps_avg: 5.81 | P: 0.00 R: 0.00 F1: 0.00
2026-05-04 18:16:07 | DEBUG   | dpfl.core.base_simulator | Update norms — honest: ['2.93', '2.44', '1.67', '2.12', '1.01'], attacker: []
2026-05-04 18:16:08 | INFO    | dpfl.core.base_simulator | Round 115/300 | Acc: 0.8782 | Loss: 0.4144 | eps_max: 7.54 eps_avg: 5.83 | P: 0.00 R: 0.00 F1: 0.00
2026-05-04 18:16:08 | DEBUG   | dpfl.core.base_simulator | Update norms — honest: ['3.22', '2.73', '1.73', '2.44', '2.66'], attacker: []
2026-05-04 18:16:10 | INFO    | dpfl.core.base_simulator | Round 116/300 | Acc: 0.8780 | Loss: 0.4153 | eps_max: 7.54 eps_avg: 5.86 | P: 0.00 R: 0.00 F1: 0.00
2026-05-04 18:16:10 | DEBUG   | dpfl.core.base_simulator | Update norms — honest: ['0.83', '2.32', '0.96', '1.89', '2.15'], attacker: []
2026-05-04 18:16:11 | INFO    | dpfl.core.base_simulator | Round 117/300 | Acc: 0.8777 | Loss: 0.4171 | eps_max: 7.54 eps_avg: 5.89 | P: 0.00 R: 0.00 F1: 0.00
2026-05-04 18:16:11 | DEBUG   | dpfl.core.base_simulator | Update norms — honest: ['1.14', '3.23', '2.41', '3.09', '2.35'], attacker: []
2026-05-04 18:16:13 | INFO    | dpfl.core.base_simulator | Round 118/300 | Acc: 0.8775 | Loss: 0.4179 | eps_max: 7.54 eps_avg: 5.92 | P: 0.00 R: 0.00 F1: 0.00
2026-05-04 18:16:13 | DEBUG   | dpfl.core.base_simulator | Update norms — honest: ['1.68', '1.28', '2.33', '1.42', '2.83'], attacker: []
2026-05-04 18:16:15 | INFO    | dpfl.core.base_simulator | Round 119/300 | Acc: 0.8770 | Loss: 0.4202 | eps_max: 7.66 eps_avg: 5.95 | P: 0.00 R: 0.00 F1: 0.00
2026-05-04 18:16:15 | DEBUG   | dpfl.core.base_simulator | Update norms — honest: ['1.83', '2.62', '1.67', '2.20', '2.60'], attacker: []
2026-05-04 18:16:16 | INFO    | dpfl.core.base_simulator | Round 120/300 | Acc: 0.8771 | Loss: 0.4202 | eps_max: 7.66 eps_avg: 5.97 | P: 0.00 R: 0.00 F1: 0.00
2026-05-04 18:16:16 | DEBUG   | dpfl.core.base_simulator | Update norms — honest: ['0.81', '1.91', '1.78', '2.43', '1.62'], attacker: []
2026-05-04 18:16:18 | INFO    | dpfl.core.base_simulator | Round 121/300 | Acc: 0.8767 | Loss: 0.4219 | eps_max: 7.66 eps_avg: 6.00 | P: 0.00 R: 0.00 F1: 0.00
2026-05-04 18:16:18 | DEBUG   | dpfl.core.base_simulator | Update norms — honest: ['2.64', '2.10', '3.24', '1.22', '1.98'], attacker: []
2026-05-04 18:16:19 | INFO    | dpfl.core.base_simulator | Round 122/300 | Acc: 0.8764 | Loss: 0.4237 | eps_max: 7.66 eps_avg: 6.02 | P: 0.00 R: 0.00 F1: 0.00
2026-05-04 18:16:19 | DEBUG   | dpfl.core.base_simulator | Update norms — honest: ['3.12', '3.24', '1.69', '2.24', '1.38'], attacker: []
2026-05-04 18:16:20 | INFO    | dpfl.core.base_simulator | Round 123/300 | Acc: 0.8763 | Loss: 0.4244 | eps_max: 7.66 eps_avg: 6.04 | P: 0.00 R: 0.00 F1: 0.00
2026-05-04 18:16:20 | DEBUG   | dpfl.core.base_simulator | Update norms — honest: ['0.93', '3.69', '1.94', '1.18', '1.96'], attacker: []
2026-05-04 18:16:21 | INFO    | dpfl.core.base_simulator | Round 124/300 | Acc: 0.8761 | Loss: 0.4256 | eps_max: 7.66 eps_avg: 6.05 | P: 0.00 R: 0.00 F1: 0.00
2026-05-04 18:16:21 | DEBUG   | dpfl.core.base_simulator | Update norms — honest: ['3.53', '1.65', '2.72', '1.53', '1.26'], attacker: []
2026-05-04 18:16:23 | INFO    | dpfl.core.base_simulator | Round 125/300 | Acc: 0.8761 | Loss: 0.4258 | eps_max: 7.66 eps_avg: 6.07 | P: 0.00 R: 0.00 F1: 0.00
2026-05-04 18:16:23 | DEBUG   | dpfl.core.base_simulator | Update norms — honest: ['1.47', '1.86', '2.13', '2.36', '3.18'], attacker: []
2026-05-04 18:16:25 | INFO    | dpfl.core.base_simulator | Round 126/300 | Acc: 0.8761 | Loss: 0.4264 | eps_max: 7.66 eps_avg: 6.11 | P: 0.00 R: 0.00 F1: 0.00
2026-05-04 18:16:25 | DEBUG   | dpfl.core.base_simulator | Update norms — honest: ['1.88', '1.25', '2.33', '2.27', '2.23'], attacker: []
2026-05-04 18:16:27 | INFO    | dpfl.core.base_simulator | Round 127/300 | Acc: 0.8759 | Loss: 0.4276 | eps_max: 7.66 eps_avg: 6.12 | P: 0.00 R: 0.00 F1: 0.00
2026-05-04 18:16:27 | DEBUG   | dpfl.core.base_simulator | Update norms — honest: ['2.14', '1.08', '1.81', '2.64', '2.35'], attacker: []
2026-05-04 18:16:28 | INFO    | dpfl.core.base_simulator | Round 128/300 | Acc: 0.8756 | Loss: 0.4296 | eps_max: 7.69 eps_avg: 6.14 | P: 0.00 R: 0.00 F1: 0.00
2026-05-04 18:16:28 | DEBUG   | dpfl.core.base_simulator | Update norms — honest: ['4.42', '3.06', '2.22', '2.20', '1.09'], attacker: []
2026-05-04 18:16:29 | INFO    | dpfl.core.base_simulator | Round 129/300 | Acc: 0.8758 | Loss: 0.4292 | eps_max: 7.69 eps_avg: 6.16 | P: 0.00 R: 0.00 F1: 0.00
2026-05-04 18:16:29 | DEBUG   | dpfl.core.base_simulator | Update norms — honest: ['1.28', '0.75', '1.68', '0.84', '1.26'], attacker: []
2026-05-04 18:16:30 | INFO    | dpfl.core.base_simulator | Round 130/300 | Acc: 0.8755 | Loss: 0.4307 | eps_max: 7.72 eps_avg: 6.19 | P: 0.00 R: 0.00 F1: 0.00
2026-05-04 18:16:30 | DEBUG   | dpfl.core.base_simulator | Update norms — honest: ['2.14', '1.17', '1.52', '2.25', '1.43'], attacker: []
2026-05-04 18:16:32 | INFO    | dpfl.core.base_simulator | Round 131/300 | Acc: 0.8753 | Loss: 0.4323 | eps_max: 7.72 eps_avg: 6.20 | P: 0.00 R: 0.00 F1: 0.00
2026-05-04 18:16:32 | DEBUG   | dpfl.core.base_simulator | Update norms — honest: ['0.93', '1.59', '0.93', '3.44', '3.45'], attacker: []
2026-05-04 18:16:33 | INFO    | dpfl.core.base_simulator | Round 132/300 | Acc: 0.8751 | Loss: 0.4333 | eps_max: 7.72 eps_avg: 6.22 | P: 0.00 R: 0.00 F1: 0.00
2026-05-04 18:16:33 | DEBUG   | dpfl.core.base_simulator | Update norms — honest: ['1.80', '2.25', '2.38', '2.76', '3.16'], attacker: []
2026-05-04 18:16:35 | INFO    | dpfl.core.base_simulator | Round 133/300 | Acc: 0.8747 | Loss: 0.4352 | eps_max: 7.84 eps_avg: 6.25 | P: 0.00 R: 0.00 F1: 0.00
2026-05-04 18:16:35 | DEBUG   | dpfl.core.base_simulator | Update norms — honest: ['3.87', '2.64', '2.64', '2.22', '1.82'], attacker: []
2026-05-04 18:16:36 | INFO    | dpfl.core.base_simulator | Round 134/300 | Acc: 0.8742 | Loss: 0.4377 | eps_max: 7.84 eps_avg: 6.28 | P: 0.00 R: 0.00 F1: 0.00
2026-05-04 18:16:36 | DEBUG   | dpfl.core.base_simulator | Update norms — honest: ['3.56', '1.63', '2.12', '1.55', '2.26'], attacker: []
2026-05-04 18:16:37 | INFO    | dpfl.core.base_simulator | Round 135/300 | Acc: 0.8742 | Loss: 0.4388 | eps_max: 7.84 eps_avg: 6.30 | P: 0.00 R: 0.00 F1: 0.00
2026-05-04 18:16:37 | DEBUG   | dpfl.core.base_simulator | Update norms — honest: ['3.02', '2.75', '1.65', '1.88', '2.50'], attacker: []
2026-05-04 18:16:39 | INFO    | dpfl.core.base_simulator | Round 136/300 | Acc: 0.8740 | Loss: 0.4399 | eps_max: 7.84 eps_avg: 6.32 | P: 0.00 R: 0.00 F1: 0.00
2026-05-04 18:16:39 | DEBUG   | dpfl.core.base_simulator | Update norms — honest: ['1.83', '3.42', '2.28', '2.79', '1.78'], attacker: []
2026-05-04 18:16:40 | INFO    | dpfl.core.base_simulator | Round 137/300 | Acc: 0.8737 | Loss: 0.4418 | eps_max: 7.94 eps_avg: 6.34 | P: 0.00 R: 0.00 F1: 0.00
2026-05-04 18:16:40 | DEBUG   | dpfl.core.base_simulator | Update norms — honest: ['1.96', '1.12', '1.39', '1.71', '2.11'], attacker: []
2026-05-04 18:16:41 | INFO    | dpfl.core.base_simulator | Round 138/300 | Acc: 0.8730 | Loss: 0.4457 | eps_max: 8.06 eps_avg: 6.36 | P: 0.00 R: 0.00 F1: 0.00
2026-05-04 18:16:41 | DEBUG   | dpfl.core.base_simulator | Update norms — honest: ['2.56', '2.57', '3.55', '4.01', '2.11'], attacker: []
2026-05-04 18:16:41 | WARNING | dpfl.algorithms.noise_game.simulator | Round 138/300 | Budget exceeded (eps_max=8.06 > 8.00)
2026-05-04 18:16:43 | INFO    | dpfl | Experiment complete in 263.5s
============================================================
REPORT: DP-SGD Decentralized Federated Learning
============================================================
Timestamp:                  20260504_181218
Rounds completed:           138
Attack-active rounds:       0  (from round 99999)
Final accuracy:             0.8730
Final test loss:            0.4457
Final epsilon (max honest): 8.06
Final epsilon (avg honest): 6.36
Best alpha:                 1000.0
Avg precision:              0.0000
Avg recall:                 0.0000
Avg F1 score:               0.0000
Avg update norm (honest):   1.4684
Avg update norm (attacker): 0.0000

=== PER-NODE PRIVACY COST (final round) ===
Node   0 (honest  )  eps =   6.5095  sigma =  0.000  frozen = False
Node   1 (honest  )  eps =   7.4437  sigma =  0.000  frozen = False
Node   2 (honest  )  eps =   5.8775  sigma =  0.000  frozen = False
Node   3 (honest  )  eps =   6.5587  sigma =  0.600  frozen = False
Node   4 (honest  )  eps =   5.6411  sigma =  0.000  frozen = False
Node   5 (honest  )  eps =   6.0608  sigma =  0.000  frozen = False
Node   6 (honest  )  eps =   6.2813  sigma =  0.000  frozen = False
Node   7 (honest  )  eps =   6.5364  sigma =  0.000  frozen = False
Node   8 (honest  )  eps =   6.9839  sigma =  0.000  frozen = False
Node   9 (honest  )  eps =   5.9589  sigma =  0.600  frozen = False
Node  10 (honest  )  eps =   5.1015  sigma =  0.000  frozen = False
Node  11 (honest  )  eps =   6.2243  sigma =  0.000  frozen = False
Node  12 (honest  )  eps =   7.0194  sigma =  0.600  frozen = False
Node  13 (honest  )  eps =   6.1974  sigma =  0.000  frozen = False
Node  14 (honest  )  eps =   5.1943  sigma =  0.000  frozen = False
Node  15 (honest  )  eps =   6.3697  sigma =  0.000  frozen = False
Node  16 (honest  )  eps =   7.4705  sigma =  0.000  frozen = False
Node  17 (honest  )  eps =   5.7422  sigma =  0.000  frozen = False
Node  18 (honest  )  eps =   6.4206  sigma =  0.000  frozen = False
Node  19 (honest  )  eps =   6.3649  sigma =  0.000  frozen = False
Node  20 (honest  )  eps =   6.1732  sigma =  0.000  frozen = False
Node  21 (honest  )  eps =   5.7575  sigma =  0.000  frozen = False
Node  22 (honest  )  eps =   6.8647  sigma =  0.000  frozen = False
Node  23 (honest  )  eps =   6.7196  sigma =  0.000  frozen = False
Node  24 (honest  )  eps =   5.6635  sigma =  0.000  frozen = False
Node  25 (honest  )  eps =   6.0608  sigma =  0.000  frozen = False
Node  26 (honest  )  eps =   6.9002  sigma =  0.000  frozen = False
Node  27 (honest  )  eps =   6.4074  sigma =  0.000  frozen = False
Node  28 (honest  )  eps =   7.0608  sigma =  0.000  frozen = False
Node  29 (honest  )  eps =   5.6143  sigma =  0.000  frozen = False
Node  30 (honest  )  eps =   6.5658  sigma =  0.000  frozen = False
Node  31 (honest  )  eps =   5.7728  sigma =  0.000  frozen = False
Node  32 (honest  )  eps =   5.3413  sigma =  0.000  frozen = False
Node  33 (honest  )  eps =   7.5029  sigma =  0.000  frozen = False
Node  34 (honest  )  eps =   6.7673  sigma =  0.000  frozen = False
Node  35 (honest  )  eps =   5.3913  sigma =  0.000  frozen = False
Node  36 (honest  )  eps =   6.0918  sigma =  0.000  frozen = False
Node  37 (honest  )  eps =   5.5044  sigma =  0.000  frozen = False
Node  38 (honest  )  eps =   5.4559  sigma =  0.000  frozen = False
Node  39 (honest  )  eps =   6.6146  sigma =  0.600  frozen = False
Node  40 (honest  )  eps =   6.5175  sigma =  0.000  frozen = False
Node  41 (honest  )  eps =   6.9683  sigma =  0.000  frozen = False
Node  42 (honest  )  eps =   6.1104  sigma =  0.000  frozen = False
Node  43 (honest  )  eps =   6.7847  sigma =  0.000  frozen = False
Node  44 (honest  )  eps =   6.8368  sigma =  0.000  frozen = False
Node  45 (honest  )  eps =   6.4805  sigma =  0.000  frozen = False
Node  46 (honest  )  eps =   5.6853  sigma =  0.000  frozen = False
Node  47 (honest  )  eps =   6.1611  sigma =  0.000  frozen = False
Node  48 (honest  )  eps =   5.7437  sigma =  0.000  frozen = False
Node  49 (honest  )  eps =   7.4265  sigma =  0.000  frozen = False
Node  50 (honest  )  eps =   5.9309  sigma =  0.000  frozen = False
Node  51 (honest  )  eps =   6.1989  sigma =  0.000  frozen = False
Node  52 (honest  )  eps =   6.9660  sigma =  0.000  frozen = False
Node  53 (honest  )  eps =   5.9197  sigma =  0.000  frozen = False
Node  54 (honest  )  eps =   5.8619  sigma =  0.000  frozen = False
Node  55 (honest  )  eps =   6.0606  sigma =  0.000  frozen = False
Node  56 (honest  )  eps =   6.3265  sigma =  0.000  frozen = False
Node  57 (honest  )  eps =   6.5778  sigma =  0.000  frozen = False
Node  58 (honest  )  eps =   6.9263  sigma =  0.000  frozen = False
Node  59 (honest  )  eps =   6.2583  sigma =  0.000  frozen = False
Node  60 (honest  )  eps =   5.9287  sigma =  0.000  frozen = False
Node  61 (honest  )  eps =   6.6085  sigma =  0.000  frozen = False
Node  62 (honest  )  eps =   7.5684  sigma =  0.600  frozen = False
Node  63 (honest  )  eps =   6.3955  sigma =  0.000  frozen = False
Node  64 (honest  )  eps =   6.2917  sigma =  0.000  frozen = False
Node  65 (honest  )  eps =   7.3002  sigma =  0.000  frozen = False
Node  66 (honest  )  eps =   6.5563  sigma =  0.000  frozen = False
Node  67 (honest  )  eps =   6.0981  sigma =  0.000  frozen = False
Node  68 (honest  )  eps =   7.3495  sigma =  0.000  frozen = False
Node  69 (honest  )  eps =   5.7823  sigma =  0.000  frozen = False
Node  70 (honest  )  eps =   6.9688  sigma =  0.000  frozen = False
Node  71 (honest  )  eps =   6.5861  sigma =  0.000  frozen = False
Node  72 (honest  )  eps =   5.5065  sigma =  0.000  frozen = False
Node  73 (honest  )  eps =   7.2479  sigma =  0.000  frozen = False
Node  74 (honest  )  eps =   5.7016  sigma =  0.000  frozen = False
Node  75 (honest  )  eps =   6.4828  sigma =  0.000  frozen = False
Node  76 (honest  )  eps =   5.5481  sigma =  0.000  frozen = False
Node  77 (honest  )  eps =   5.5846  sigma =  0.000  frozen = False
Node  78 (honest  )  eps =   5.9355  sigma =  0.000  frozen = False
Node  79 (honest  )  eps =   7.1576  sigma =  0.000  frozen = False
Node  80 (honest  )  eps =   5.2631  sigma =  0.000  frozen = False
Node  81 (honest  )  eps =   7.4803  sigma =  0.000  frozen = False
Node  82 (honest  )  eps =   5.5537  sigma =  0.000  frozen = False
Node  83 (honest  )  eps =   6.7543  sigma =  0.000  frozen = False
Node  84 (honest  )  eps =   7.1697  sigma =  0.000  frozen = False
Node  85 (honest  )  eps =   5.7074  sigma =  0.000  frozen = False
Node  86 (honest  )  eps =   5.9250  sigma =  0.000  frozen = False
Node  87 (honest  )  eps =   5.6454  sigma =  0.000  frozen = False
Node  88 (honest  )  eps =   6.5151  sigma =  0.000  frozen = False
Node  89 (honest  )  eps =   6.1367  sigma =  0.000  frozen = False
Node  90 (honest  )  eps =   5.3313  sigma =  0.000  frozen = False
Node  91 (honest  )  eps =   5.4800  sigma =  0.000  frozen = False
Node  92 (honest  )  eps =   2.5584  sigma =  0.000  frozen = False
Node  93 (honest  )  eps =   6.9748  sigma =  0.000  frozen = False
Node  94 (honest  )  eps =   5.8212  sigma =  0.000  frozen = False
Node  95 (honest  )  eps =   5.2929  sigma =  0.000  frozen = False
Node  96 (honest  )  eps =   5.2862  sigma =  0.000  frozen = False
Node  97 (honest  )  eps =   6.1699  sigma =  0.600  frozen = False
Node  98 (honest  )  eps =   7.1741  sigma =  0.000  frozen = False
Node  99 (honest  )  eps =   5.6811  sigma =  0.000  frozen = False
Node 100 (honest  )  eps =   6.0133  sigma =  0.000  frozen = False
Node 101 (honest  )  eps =   6.1034  sigma =  0.000  frozen = False
Node 102 (honest  )  eps =   6.8181  sigma =  0.000  frozen = False
Node 103 (honest  )  eps =   6.9217  sigma =  0.000  frozen = False
Node 104 (honest  )  eps =   4.4510  sigma =  0.000  frozen = False
Node 105 (honest  )  eps =   6.6980  sigma =  0.000  frozen = False
Node 106 (honest  )  eps =   7.3683  sigma =  0.000  frozen = False
Node 107 (honest  )  eps =   5.7583  sigma =  0.000  frozen = False
Node 108 (honest  )  eps =   7.6170  sigma =  0.600  frozen = False
Node 109 (honest  )  eps =   5.8246  sigma =  0.000  frozen = False
Node 110 (honest  )  eps =   6.3184  sigma =  0.000  frozen = False
Node 111 (honest  )  eps =   7.1815  sigma =  0.000  frozen = False
Node 112 (honest  )  eps =   7.1972  sigma =  0.000  frozen = False
Node 113 (honest  )  eps =   7.3675  sigma =  0.000  frozen = False
Node 114 (honest  )  eps =   7.0505  sigma =  0.000  frozen = False
Node 115 (honest  )  eps =   6.5721  sigma =  0.000  frozen = False
Node 116 (honest  )  eps =   4.3772  sigma =  0.000  frozen = False
Node 117 (honest  )  eps =   6.4738  sigma =  0.000  frozen = False
Node 118 (honest  )  eps =   7.8378  sigma =  0.000  frozen = False
Node 119 (honest  )  eps =   6.9602  sigma =  0.000  frozen = False
Node 120 (honest  )  eps =   6.5011  sigma =  0.000  frozen = False
Node 121 (honest  )  eps =   5.9136  sigma =  0.000  frozen = False
Node 122 (honest  )  eps =   6.8130  sigma =  0.000  frozen = False
Node 123 (honest  )  eps =   6.5340  sigma =  0.000  frozen = False
Node 124 (honest  )  eps =   5.8581  sigma =  0.000  frozen = False
Node 125 (honest  )  eps =   0.0000  sigma =  0.000  frozen = False
Node 126 (honest  )  eps =   7.2048  sigma =  0.000  frozen = False
Node 127 (honest  )  eps =   5.7469  sigma =  0.000  frozen = False
Node 128 (honest  )  eps =   6.3502  sigma =  0.000  frozen = False
Node 129 (honest  )  eps =   7.3299  sigma =  0.000  frozen = False
Node 130 (honest  )  eps =   7.3173  sigma =  0.000  frozen = False
Node 131 (honest  )  eps =   5.8768  sigma =  0.000  frozen = False
Node 132 (honest  )  eps =   6.5136  sigma =  0.000  frozen = False
Node 133 (honest  )  eps =   6.7906  sigma =  0.000  frozen = False
Node 134 (honest  )  eps =   7.0063  sigma =  0.000  frozen = False
Node 135 (honest  )  eps =   6.1887  sigma =  0.000  frozen = False
Node 136 (honest  )  eps =   3.4863  sigma =  0.000  frozen = False
Node 137 (honest  )  eps =   6.6116  sigma =  0.000  frozen = False
Node 138 (honest  )  eps =   6.6113  sigma =  0.600  frozen = False
Node 139 (honest  )  eps =   6.5834  sigma =  0.000  frozen = False
Node 140 (honest  )  eps =   7.2902  sigma =  0.000  frozen = False
Node 141 (honest  )  eps =   6.3584  sigma =  0.000  frozen = False
Node 142 (honest  )  eps =   5.3292  sigma =  0.000  frozen = False
Node 143 (honest  )  eps =   5.7590  sigma =  0.000  frozen = False
Node 144 (honest  )  eps =   7.1113  sigma =  0.000  frozen = False
Node 145 (honest  )  eps =   6.0732  sigma =  0.000  frozen = False
Node 146 (honest  )  eps =   7.7751  sigma =  0.000  frozen = False
Node 147 (honest  )  eps =   6.5419  sigma =  0.000  frozen = False
Node 148 (honest  )  eps =   5.1943  sigma =  0.000  frozen = False
Node 149 (honest  )  eps =   5.6782  sigma =  0.000  frozen = False
Node 150 (honest  )  eps =   6.1609  sigma =  0.000  frozen = False
Node 151 (honest  )  eps =   5.6707  sigma =  0.000  frozen = False
Node 152 (honest  )  eps =   7.2579  sigma =  0.000  frozen = False
Node 153 (honest  )  eps =   7.4501  sigma =  0.000  frozen = False
Node 154 (honest  )  eps =   6.1185  sigma =  0.000  frozen = False
Node 155 (honest  )  eps =   6.0787  sigma =  0.000  frozen = False
Node 156 (honest  )  eps =   5.9874  sigma =  0.000  frozen = False
Node 157 (honest  )  eps =   6.9002  sigma =  0.000  frozen = False
Node 158 (honest  )  eps =   7.1406  sigma =  0.000  frozen = False
Node 159 (honest  )  eps =   5.2318  sigma =  0.000  frozen = False
Node 160 (honest  )  eps =   6.5447  sigma =  0.000  frozen = False
Node 161 (honest  )  eps =   5.7062  sigma =  0.000  frozen = False
Node 162 (honest  )  eps =   5.7246  sigma =  0.000  frozen = False
Node 163 (honest  )  eps =   6.3525  sigma =  0.000  frozen = False
Node 164 (honest  )  eps =   6.1379  sigma =  0.000  frozen = False
Node 165 (honest  )  eps =   2.0059  sigma =  0.000  frozen = False
Node 166 (honest  )  eps =   6.1263  sigma =  0.000  frozen = False
Node 167 (honest  )  eps =   6.5386  sigma =  0.000  frozen = False
Node 168 (honest  )  eps =   6.2475  sigma =  0.000  frozen = False
Node 169 (honest  )  eps =   6.7204  sigma =  0.000  frozen = False
Node 170 (honest  )  eps =   5.2704  sigma =  0.000  frozen = False
Node 171 (honest  )  eps =   6.0944  sigma =  0.000  frozen = False
Node 172 (honest  )  eps =   7.3939  sigma =  0.000  frozen = False
Node 173 (honest  )  eps =   6.1636  sigma =  0.600  frozen = False
Node 174 (honest  )  eps =   6.4805  sigma =  0.000  frozen = False
Node 175 (honest  )  eps =   6.7273  sigma =  0.000  frozen = False
Node 176 (honest  )  eps =   6.5731  sigma =  0.000  frozen = False
Node 177 (honest  )  eps =   6.5498  sigma =  0.000  frozen = False
Node 178 (honest  )  eps =   6.3652  sigma =  0.000  frozen = False
Node 179 (honest  )  eps =   6.1466  sigma =  0.000  frozen = False
Node 180 (honest  )  eps =   7.4508  sigma =  0.000  frozen = False
Node 181 (honest  )  eps =   7.3701  sigma =  0.000  frozen = False
Node 182 (honest  )  eps =   6.1238  sigma =  0.000  frozen = False
Node 183 (honest  )  eps =   5.2438  sigma =  0.000  frozen = False
Node 184 (honest  )  eps =   6.2500  sigma =  0.000  frozen = False
Node 185 (honest  )  eps =   5.8469  sigma =  0.000  frozen = False
Node 186 (honest  )  eps =   5.7779  sigma =  0.000  frozen = False
Node 187 (honest  )  eps =   5.7215  sigma =  0.000  frozen = False
Node 188 (honest  )  eps =   5.3001  sigma =  0.000  frozen = False
Node 189 (honest  )  eps =   6.5810  sigma =  0.600  frozen = False
Node 190 (honest  )  eps =   5.5618  sigma =  0.000  frozen = False
Node 191 (honest  )  eps =   6.3566  sigma =  0.000  frozen = False
Node 192 (honest  )  eps =   5.5753  sigma =  0.000  frozen = False
Node 193 (honest  )  eps =   6.6165  sigma =  0.000  frozen = False
Node 194 (honest  )  eps =   6.5362  sigma =  0.000  frozen = False
Node 195 (honest  )  eps =   5.6682  sigma =  0.000  frozen = False
Node 196 (honest  )  eps =   6.6197  sigma =  0.000  frozen = False
Node 197 (honest  )  eps =   6.5501  sigma =  0.000  frozen = False
Node 198 (honest  )  eps =   5.6411  sigma =  0.000  frozen = False
Node 199 (honest  )  eps =   6.0152  sigma =  0.000  frozen = False
Node 200 (honest  )  eps =   7.5112  sigma =  0.000  frozen = False
Node 201 (honest  )  eps =   7.5121  sigma =  0.000  frozen = False
Node 202 (honest  )  eps =   7.8921  sigma =  0.600  frozen = False
Node 203 (honest  )  eps =   7.3273  sigma =  0.000  frozen = False
Node 204 (honest  )  eps =   5.4538  sigma =  0.000  frozen = False
Node 205 (honest  )  eps =   6.3523  sigma =  0.000  frozen = False
Node 206 (honest  )  eps =   6.5089  sigma =  0.000  frozen = False
Node 207 (honest  )  eps =   5.7554  sigma =  0.000  frozen = False
Node 208 (honest  )  eps =   7.0474  sigma =  0.000  frozen = False
Node 209 (honest  )  eps =   6.9557  sigma =  0.000  frozen = False
Node 210 (honest  )  eps =   6.5589  sigma =  0.000  frozen = False
Node 211 (honest  )  eps =   6.3282  sigma =  0.000  frozen = False
Node 212 (honest  )  eps =   6.4973  sigma =  0.000  frozen = False
Node 213 (honest  )  eps =   6.2313  sigma =  0.000  frozen = False
Node 214 (honest  )  eps =   6.3545  sigma =  0.000  frozen = False
Node 215 (honest  )  eps =   6.2491  sigma =  0.000  frozen = False
Node 216 (honest  )  eps =   5.4333  sigma =  0.000  frozen = False
Node 217 (honest  )  eps =   6.2816  sigma =  0.000  frozen = False
Node 218 (honest  )  eps =   7.4717  sigma =  0.600  frozen = False
Node 219 (honest  )  eps =   6.1091  sigma =  0.000  frozen = False
Node 220 (honest  )  eps =   7.0511  sigma =  0.000  frozen = False
Node 221 (honest  )  eps =   7.1918  sigma =  0.000  frozen = False
Node 222 (honest  )  eps =   7.3243  sigma =  0.000  frozen = False
Node 223 (honest  )  eps =   6.8072  sigma =  0.000  frozen = False
Node 224 (honest  )  eps =   6.3482  sigma =  0.000  frozen = False
Node 225 (honest  )  eps =   7.7291  sigma =  0.000  frozen = False
Node 226 (honest  )  eps =   6.4460  sigma =  0.000  frozen = False
Node 227 (honest  )  eps =   5.9276  sigma =  0.000  frozen = False
Node 228 (honest  )  eps =   5.6779  sigma =  0.000  frozen = False
Node 229 (honest  )  eps =   7.7178  sigma =  0.000  frozen = False
Node 230 (honest  )  eps =   6.9887  sigma =  0.000  frozen = False
Node 231 (honest  )  eps =   6.1174  sigma =  0.000  frozen = False
Node 232 (honest  )  eps =   5.9288  sigma =  0.000  frozen = False
Node 233 (honest  )  eps =   7.3744  sigma =  0.000  frozen = False
Node 234 (honest  )  eps =   6.9030  sigma =  0.000  frozen = False
Node 235 (honest  )  eps =   5.8731  sigma =  0.000  frozen = False
Node 236 (honest  )  eps =   6.5869  sigma =  0.000  frozen = False
Node 237 (honest  )  eps =   5.6216  sigma =  0.000  frozen = False
Node 238 (honest  )  eps =   5.1943  sigma =  0.000  frozen = False
Node 239 (honest  )  eps =   5.7893  sigma =  0.000  frozen = False
Node 240 (honest  )  eps =   6.9339  sigma =  0.000  frozen = False
Node 241 (honest  )  eps =   6.5227  sigma =  0.000  frozen = False
Node 242 (honest  )  eps =   5.7093  sigma =  0.000  frozen = False
Node 243 (honest  )  eps =   5.3650  sigma =  0.000  frozen = False
Node 244 (honest  )  eps =   5.4101  sigma =  0.000  frozen = False
Node 245 (honest  )  eps =   7.4616  sigma =  0.000  frozen = False
Node 246 (honest  )  eps =   6.3884  sigma =  0.000  frozen = False
Node 247 (honest  )  eps =   5.7873  sigma =  0.000  frozen = False
Node 248 (honest  )  eps =   5.8562  sigma =  0.000  frozen = False
Node 249 (honest  )  eps =   6.4998  sigma =  0.000  frozen = False
Node 250 (honest  )  eps =   5.2265  sigma =  0.000  frozen = False
Node 251 (honest  )  eps =   7.0059  sigma =  0.000  frozen = False
Node 252 (honest  )  eps =   5.9900  sigma =  0.000  frozen = False
Node 253 (honest  )  eps =   5.7520  sigma =  0.600  frozen = False
Node 254 (honest  )  eps =   5.6582  sigma =  0.000  frozen = False
Node 255 (honest  )  eps =   5.6411  sigma =  0.000  frozen = False
Node 256 (honest  )  eps =   5.6782  sigma =  0.000  frozen = False
Node 257 (honest  )  eps =   5.3374  sigma =  0.000  frozen = False
Node 258 (honest  )  eps =   5.9519  sigma =  0.000  frozen = False
Node 259 (honest  )  eps =   7.3002  sigma =  0.000  frozen = False
Node 260 (honest  )  eps =   6.1619  sigma =  0.000  frozen = False
Node 261 (honest  )  eps =   6.3346  sigma =  0.000  frozen = False
Node 262 (honest  )  eps =   6.0548  sigma =  0.000  frozen = False
Node 263 (honest  )  eps =   5.7071  sigma =  0.000  frozen = False
Node 264 (honest  )  eps =   8.0624  sigma =  0.600  frozen = False
Node 265 (honest  )  eps =   7.0903  sigma =  0.000  frozen = False
Node 266 (honest  )  eps =   7.5585  sigma =  0.000  frozen = False
Node 267 (honest  )  eps =   6.4897  sigma =  0.000  frozen = False
Node 268 (honest  )  eps =   6.5030  sigma =  0.000  frozen = False
Node 269 (honest  )  eps =   5.7003  sigma =  0.000  frozen = False
Node 270 (honest  )  eps =   6.5715  sigma =  0.000  frozen = False
Node 271 (honest  )  eps =   5.8871  sigma =  0.000  frozen = False
Node 272 (honest  )  eps =   7.7893  sigma =  0.000  frozen = False
Node 273 (honest  )  eps =   0.0000  sigma =  0.000  frozen = False
Node 274 (honest  )  eps =   6.0979  sigma =  0.000  frozen = False
Node 275 (honest  )  eps =   5.7088  sigma =  0.000  frozen = False
Node 276 (honest  )  eps =   6.9190  sigma =  0.000  frozen = False
Node 277 (honest  )  eps =   7.6699  sigma =  0.000  frozen = False
Node 278 (honest  )  eps =   4.2211  sigma =  0.000  frozen = False
Node 279 (honest  )  eps =   6.1450  sigma =  0.000  frozen = False
Node 280 (honest  )  eps =   7.4929  sigma =  0.000  frozen = False
Node 281 (honest  )  eps =   6.3345  sigma =  0.000  frozen = False
Node 282 (honest  )  eps =   5.9240  sigma =  0.000  frozen = False
Node 283 (honest  )  eps =   6.9439  sigma =  0.000  frozen = False
Node 284 (honest  )  eps =   7.2890  sigma =  0.000  frozen = False
Node 285 (honest  )  eps =   5.8553  sigma =  0.600  frozen = False
Node 286 (honest  )  eps =   7.4497  sigma =  0.000  frozen = False
Node 287 (honest  )  eps =   6.1664  sigma =  0.000  frozen = False
Node 288 (honest  )  eps =   7.3820  sigma =  0.000  frozen = False
Node 289 (honest  )  eps =   7.3617  sigma =  0.600  frozen = False
Node 290 (honest  )  eps =   7.2557  sigma =  0.600  frozen = False
Node 291 (honest  )  eps =   6.5487  sigma =  0.000  frozen = False
Node 292 (honest  )  eps =   6.6278  sigma =  0.000  frozen = False
Node 293 (honest  )  eps =   5.3094  sigma =  0.000  frozen = False
Node 294 (honest  )  eps =   7.1474  sigma =  0.000  frozen = False
Node 295 (honest  )  eps =   6.5608  sigma =  0.000  frozen = False
Node 296 (honest  )  eps =   6.2280  sigma =  0.000  frozen = False
Node 297 (honest  )  eps =   6.6118  sigma =  0.000  frozen = False
Node 298 (honest  )  eps =   6.7298  sigma =  0.000  frozen = False
Node 299 (honest  )  eps =   7.5466  sigma =  0.000  frozen = False
Node 300 (honest  )  eps =   5.6746  sigma =  0.000  frozen = False
Node 301 (honest  )  eps =   7.1370  sigma =  0.000  frozen = False
Node 302 (honest  )  eps =   5.9019  sigma =  0.000  frozen = False
Node 303 (honest  )  eps =   6.0608  sigma =  0.000  frozen = False
Node 304 (honest  )  eps =   5.9800  sigma =  0.000  frozen = False
Node 305 (honest  )  eps =   5.2632  sigma =  0.000  frozen = False
Node 306 (honest  )  eps =   7.0144  sigma =  0.000  frozen = False
Node 307 (honest  )  eps =   5.6831  sigma =  0.000  frozen = False
Node 308 (honest  )  eps =   5.3755  sigma =  0.000  frozen = False
Node 309 (honest  )  eps =   7.2440  sigma =  0.000  frozen = False
Node 310 (honest  )  eps =   5.7955  sigma =  0.000  frozen = False
Node 311 (honest  )  eps =   5.9114  sigma =  0.000  frozen = False
Node 312 (honest  )  eps =   5.8026  sigma =  0.000  frozen = False
Node 313 (honest  )  eps =   6.6361  sigma =  0.000  frozen = False
Node 314 (honest  )  eps =   6.1194  sigma =  0.000  frozen = False
Node 315 (honest  )  eps =   7.5916  sigma =  0.000  frozen = False
Node 316 (honest  )  eps =   7.2219  sigma =  0.000  frozen = False
Node 317 (honest  )  eps =   6.7820  sigma =  0.000  frozen = False
Node 318 (honest  )  eps =   7.3388  sigma =  0.000  frozen = False
Node 319 (honest  )  eps =   6.5575  sigma =  0.000  frozen = False
Node 320 (honest  )  eps =   6.1945  sigma =  0.000  frozen = False
Node 321 (honest  )  eps =   7.1846  sigma =  0.000  frozen = False
Node 322 (honest  )  eps =   5.8326  sigma =  0.000  frozen = False
Node 323 (honest  )  eps =   6.7478  sigma =  0.000  frozen = False
Node 324 (honest  )  eps =   7.4862  sigma =  0.000  frozen = False
Node 325 (honest  )  eps =   5.5906  sigma =  0.000  frozen = False
Node 326 (honest  )  eps =   5.9010  sigma =  0.000  frozen = False
Node 327 (honest  )  eps =   6.8476  sigma =  0.000  frozen = False
Node 328 (honest  )  eps =   7.4401  sigma =  0.600  frozen = False
Node 329 (honest  )  eps =   6.7217  sigma =  0.000  frozen = False
Node 330 (honest  )  eps =   5.8469  sigma =  0.000  frozen = False
Node 331 (honest  )  eps =   2.5693  sigma =  0.000  frozen = False
Node 332 (honest  )  eps =   6.5042  sigma =  0.000  frozen = False
Node 333 (honest  )  eps =   6.1489  sigma =  0.000  frozen = False
Node 334 (honest  )  eps =   6.2817  sigma =  0.000  frozen = False
Node 335 (honest  )  eps =   5.7100  sigma =  0.000  frozen = False
Node 336 (honest  )  eps =   6.5421  sigma =  0.000  frozen = False
Node 337 (honest  )  eps =   5.7337  sigma =  0.000  frozen = False
Node 338 (honest  )  eps =   7.4891  sigma =  0.000  frozen = False
Node 339 (honest  )  eps =   6.1258  sigma =  0.000  frozen = False
Node 340 (honest  )  eps =   6.1170  sigma =  0.000  frozen = False
Node 341 (honest  )  eps =   7.3285  sigma =  0.000  frozen = False
Node 342 (honest  )  eps =   5.2728  sigma =  0.000  frozen = False
Node 343 (honest  )  eps =   6.4985  sigma =  0.000  frozen = False
Node 344 (honest  )  eps =   6.7154  sigma =  0.000  frozen = False
Node 345 (honest  )  eps =   6.3305  sigma =  0.000  frozen = False
Node 346 (honest  )  eps =   7.3615  sigma =  0.000  frozen = False
Node 347 (honest  )  eps =   5.8941  sigma =  0.000  frozen = False
Node 348 (honest  )  eps =   6.7529  sigma =  0.000  frozen = False
Node 349 (honest  )  eps =   6.5818  sigma =  0.000  frozen = False
Node 350 (honest  )  eps =   6.5096  sigma =  0.000  frozen = False
Node 351 (honest  )  eps =   6.8070  sigma =  0.000  frozen = False
Node 352 (honest  )  eps =   6.3810  sigma =  0.000  frozen = False
Node 353 (honest  )  eps =   6.9812  sigma =  0.000  frozen = False
Node 354 (honest  )  eps =   7.3787  sigma =  0.000  frozen = False
Node 355 (honest  )  eps =   6.3293  sigma =  0.000  frozen = False
Node 356 (honest  )  eps =   6.1403  sigma =  0.000  frozen = False
Node 357 (honest  )  eps =   7.4246  sigma =  0.000  frozen = False
Node 358 (honest  )  eps =   5.8050  sigma =  0.000  frozen = False
Node 359 (honest  )  eps =   7.0786  sigma =  0.000  frozen = False
Node 360 (honest  )  eps =   7.3002  sigma =  0.600  frozen = False
Node 361 (honest  )  eps =   7.5327  sigma =  0.000  frozen = False
Node 362 (honest  )  eps =   7.4246  sigma =  0.000  frozen = False
Node 363 (honest  )  eps =   5.3866  sigma =  0.000  frozen = False
Node 364 (honest  )  eps =   7.2348  sigma =  0.000  frozen = False
Node 365 (honest  )  eps =   7.3700  sigma =  0.000  frozen = False
Node 366 (honest  )  eps =   6.6580  sigma =  0.000  frozen = False
Node 367 (honest  )  eps =   6.4937  sigma =  0.000  frozen = False
Node 368 (honest  )  eps =   6.6227  sigma =  0.000  frozen = False
Node 369 (honest  )  eps =   6.7598  sigma =  0.000  frozen = False
Node 370 (honest  )  eps =   5.9945  sigma =  0.000  frozen = False
Node 371 (honest  )  eps =   6.1185  sigma =  0.000  frozen = False
Node 372 (honest  )  eps =   7.5385  sigma =  0.600  frozen = False
Node 373 (honest  )  eps =   6.3772  sigma =  0.000  frozen = False
Node 374 (honest  )  eps =   6.9468  sigma =  0.600  frozen = False
Node 375 (honest  )  eps =   7.3657  sigma =  0.000  frozen = False
Node 376 (honest  )  eps =   6.9038  sigma =  0.000  frozen = False
Node 377 (honest  )  eps =   7.2803  sigma =  0.000  frozen = False
Node 378 (honest  )  eps =   6.5592  sigma =  0.000  frozen = False
Node 379 (honest  )  eps =   6.1520  sigma =  0.000  frozen = False
Node 380 (honest  )  eps =   7.3849  sigma =  0.000  frozen = False
Node 381 (honest  )  eps =   7.0543  sigma =  0.000  frozen = False
Node 382 (honest  )  eps =   6.1995  sigma =  0.000  frozen = False
Node 383 (honest  )  eps =   5.8856  sigma =  0.000  frozen = False
Node 384 (honest  )  eps =   6.9497  sigma =  0.000  frozen = False
Node 385 (honest  )  eps =   6.4990  sigma =  0.000  frozen = False
Node 386 (honest  )  eps =   6.3803  sigma =  0.000  frozen = False
Node 387 (honest  )  eps =   5.2775  sigma =  0.000  frozen = False
Node 388 (honest  )  eps =   7.5479  sigma =  0.600  frozen = False
Node 389 (honest  )  eps =   6.2502  sigma =  0.000  frozen = False
Node 390 (honest  )  eps =   6.7554  sigma =  0.000  frozen = False
Node 391 (honest  )  eps =   7.5779  sigma =  0.600  frozen = False
Node 392 (honest  )  eps =   6.1336  sigma =  0.000  frozen = False
Node 393 (honest  )  eps =   6.3205  sigma =  0.000  frozen = False
Node 394 (honest  )  eps =   6.4921  sigma =  0.000  frozen = False
Node 395 (honest  )  eps =   6.1246  sigma =  0.000  frozen = False
Node 396 (honest  )  eps =   6.3362  sigma =  0.000  frozen = False
Node 397 (honest  )  eps =   7.1187  sigma =  0.000  frozen = False
Node 398 (honest  )  eps =   6.9431  sigma =  0.000  frozen = False
Node 399 (honest  )  eps =   4.9576  sigma =  0.000  frozen = False
Node 400 (honest  )  eps =   6.0332  sigma =  0.000  frozen = False
Node 401 (honest  )  eps =   6.8312  sigma =  0.000  frozen = False
Node 402 (honest  )  eps =   5.4101  sigma =  0.000  frozen = False
Node 403 (honest  )  eps =   6.5656  sigma =  0.000  frozen = False
Node 404 (honest  )  eps =   6.5626  sigma =  0.000  frozen = False
Node 405 (honest  )  eps =   5.1943  sigma =  0.000  frozen = False
Node 406 (honest  )  eps =   6.5506  sigma =  0.000  frozen = False
Node 407 (honest  )  eps =   5.7499  sigma =  0.000  frozen = False
Node 408 (honest  )  eps =   7.5623  sigma =  0.600  frozen = False
Node 409 (honest  )  eps =   5.9528  sigma =  0.000  frozen = False
Node 410 (honest  )  eps =   6.1045  sigma =  0.000  frozen = False
Node 411 (honest  )  eps =   5.8887  sigma =  0.000  frozen = False
Node 412 (honest  )  eps =   7.0201  sigma =  0.000  frozen = False
Node 413 (honest  )  eps =   6.9841  sigma =  0.000  frozen = False
Node 414 (honest  )  eps =   6.0698  sigma =  0.000  frozen = False
Node 415 (honest  )  eps =   6.1042  sigma =  0.000  frozen = False
Node 416 (honest  )  eps =   6.0541  sigma =  0.000  frozen = False
Node 417 (honest  )  eps =   6.0894  sigma =  0.000  frozen = False
Node 418 (honest  )  eps =   6.4477  sigma =  0.000  frozen = False
Node 419 (honest  )  eps =   6.0639  sigma =  0.000  frozen = False
Node 420 (honest  )  eps =   6.3513  sigma =  0.000  frozen = False
Node 421 (honest  )  eps =   7.4133  sigma =  0.000  frozen = False
Node 422 (honest  )  eps =   6.6108  sigma =  0.000  frozen = False
Node 423 (honest  )  eps =   6.0608  sigma =  0.000  frozen = False
Node 424 (honest  )  eps =   6.3313  sigma =  0.000  frozen = False
Node 425 (honest  )  eps =   7.3349  sigma =  0.000  frozen = False
Node 426 (honest  )  eps =   5.8875  sigma =  0.000  frozen = False
Node 427 (honest  )  eps =   6.3558  sigma =  0.000  frozen = False
Node 428 (honest  )  eps =   5.6646  sigma =  0.000  frozen = False
Node 429 (honest  )  eps =   7.3597  sigma =  0.000  frozen = False
Node 430 (honest  )  eps =   5.6806  sigma =  0.000  frozen = False
Node 431 (honest  )  eps =   5.2916  sigma =  0.000  frozen = False
Node 432 (honest  )  eps =   6.9185  sigma =  0.000  frozen = False
Node 433 (honest  )  eps =   5.8191  sigma =  0.000  frozen = False
Node 434 (honest  )  eps =   7.3723  sigma =  0.600  frozen = False
Node 435 (honest  )  eps =   7.0008  sigma =  0.000  frozen = False
Node 436 (honest  )  eps =   5.6805  sigma =  0.000  frozen = False
Node 437 (honest  )  eps =   6.1995  sigma =  0.000  frozen = False
Node 438 (honest  )  eps =   6.5729  sigma =  0.000  frozen = False
Node 439 (honest  )  eps =   7.0170  sigma =  0.000  frozen = False
Node 440 (honest  )  eps =   6.6170  sigma =  0.000  frozen = False
Node 441 (honest  )  eps =   5.7542  sigma =  0.000  frozen = False
Node 442 (honest  )  eps =   5.7760  sigma =  0.000  frozen = False
Node 443 (honest  )  eps =   6.0831  sigma =  0.000  frozen = False
Node 444 (honest  )  eps =   6.0813  sigma =  0.000  frozen = False
Node 445 (honest  )  eps =   6.6648  sigma =  0.000  frozen = False
Node 446 (honest  )  eps =   6.9644  sigma =  0.000  frozen = False
Node 447 (honest  )  eps =   5.9484  sigma =  0.000  frozen = False
Node 448 (honest  )  eps =   6.0608  sigma =  0.000  frozen = False
Node 449 (honest  )  eps =   6.8995  sigma =  0.000  frozen = False
Node 450 (honest  )  eps =   7.0212  sigma =  0.000  frozen = False
Node 451 (honest  )  eps =   7.3624  sigma =  0.600  frozen = False
Node 452 (honest  )  eps =   7.0591  sigma =  0.000  frozen = False
Node 453 (honest  )  eps =   6.9307  sigma =  0.600  frozen = False
Node 454 (honest  )  eps =   7.3002  sigma =  0.600  frozen = False
Node 455 (honest  )  eps =   6.4078  sigma =  0.000  frozen = False
Node 456 (honest  )  eps =   5.5939  sigma =  0.000  frozen = False
Node 457 (honest  )  eps =   6.2388  sigma =  0.000  frozen = False
Node 458 (honest  )  eps =   7.1588  sigma =  0.000  frozen = False
Node 459 (honest  )  eps =   5.9017  sigma =  0.000  frozen = False
Node 460 (honest  )  eps =   6.3953  sigma =  0.000  frozen = False
Node 461 (honest  )  eps =   6.7069  sigma =  0.000  frozen = False
Node 462 (honest  )  eps =   7.2531  sigma =  0.000  frozen = False
Node 463 (honest  )  eps =   6.7513  sigma =  0.000  frozen = False
Node 464 (honest  )  eps =   7.3811  sigma =  0.600  frozen = False
Node 465 (honest  )  eps =   7.5874  sigma =  0.000  frozen = False
Node 466 (honest  )  eps =   6.1677  sigma =  0.000  frozen = False
Node 467 (honest  )  eps =   7.4601  sigma =  0.000  frozen = False
Node 468 (honest  )  eps =   5.1943  sigma =  0.000  frozen = False
Node 469 (honest  )  eps =   6.8044  sigma =  0.000  frozen = False
Node 470 (honest  )  eps =   5.7321  sigma =  0.000  frozen = False
Node 471 (honest  )  eps =   5.4454  sigma =  0.000  frozen = False
Node 472 (honest  )  eps =   7.0508  sigma =  0.600  frozen = False
Node 473 (honest  )  eps =   6.8468  sigma =  0.000  frozen = False
Node 474 (honest  )  eps =   6.6636  sigma =  0.000  frozen = False
Node 475 (honest  )  eps =   6.9002  sigma =  0.000  frozen = False
Node 476 (honest  )  eps =   6.5498  sigma =  0.000  frozen = False
Node 477 (honest  )  eps =   7.3330  sigma =  0.000  frozen = False
Node 478 (honest  )  eps =   6.1843  sigma =  0.000  frozen = False
Node 479 (honest  )  eps =   6.2450  sigma =  0.000  frozen = False
Node 480 (honest  )  eps =   5.6411  sigma =  0.000  frozen = False
Node 481 (honest  )  eps =   3.2867  sigma =  0.000  frozen = False
Node 482 (honest  )  eps =   7.0917  sigma =  0.000  frozen = False
Node 483 (honest  )  eps =   6.1126  sigma =  0.000  frozen = False
Node 484 (honest  )  eps =   6.3630  sigma =  0.000  frozen = False
Node 485 (honest  )  eps =   6.7544  sigma =  0.000  frozen = False
Node 486 (honest  )  eps =   5.8567  sigma =  0.000  frozen = False
Node 487 (honest  )  eps =   7.2631  sigma =  0.600  frozen = False
Node 488 (honest  )  eps =   6.9866  sigma =  0.000  frozen = False
Node 489 (honest  )  eps =   6.5547  sigma =  0.000  frozen = False
Node 490 (honest  )  eps =   6.7478  sigma =  0.000  frozen = False
Node 491 (honest  )  eps =   5.4989  sigma =  0.000  frozen = False
Node 492 (honest  )  eps =   7.4811  sigma =  0.000  frozen = False
Node 493 (honest  )  eps =   7.0018  sigma =  0.000  frozen = False
Node 494 (honest  )  eps =   5.6660  sigma =  0.000  frozen = False
Node 495 (honest  )  eps =   6.6843  sigma =  0.000  frozen = False
Node 496 (honest  )  eps =   5.4395  sigma =  0.000  frozen = False
Node 497 (honest  )  eps =   6.3058  sigma =  0.000  frozen = False
Node 498 (honest  )  eps =   6.5769  sigma =  0.000  frozen = False
Node 499 (honest  )  eps =   6.1636  sigma =  0.000  frozen = False
------------------------------------------------------------
eps_system (max honest): 8.0624
eps_avg (honest):        6.3634
eps_std (honest):        0.8622
n_frozen:                0/500
============================================================
