2026-05-07 16:44:30 | INFO    | dpfl | Experiment start: algorithm=noise_game, dataset=mnist, model=mlp, device=cuda
2026-05-07 16:44:30 | INFO    | dpfl | Config: nodes=500, attackers=200, rounds=150, noise_mode=none, attack=scale
2026-05-07 16:44:30 | INFO    | dpfl.data.mnist_dataset | Loading MNIST dataset...
2026-05-07 16:44:30 | INFO    | dpfl.data.mnist_dataset | MNIST loaded: 60000 train, 10000 test samples
2026-05-07 16:45:21 | INFO    | dpfl.core.base_simulator | Vectorized state ready: param_spec.D=50890, X_test=(10000, 1, 28, 28), train clients N=500, max_n_samples=1000
2026-05-07 16:45:21 | INFO    | dpfl.core.base_simulator | Setup complete: 500 nodes (200 attackers), param_dim=50890, split=iid
2026-05-07 16:45:21 | DEBUG   | dpfl.core.base_simulator | Attacker IDs: {0, 1, 2, 3, 4, 5, 6, 7, 8, 9, 10, 11, 12, 13, 14, 15, 16, 17, 18, 19, 20, 21, 22, 23, 24, 25, 26, 27, 28, 29, 30, 31, 32, 33, 34, 35, 36, 37, 38, 39, 40, 41, 42, 43, 44, 45, 46, 47, 48, 49, 50, 51, 52, 53, 54, 55, 56, 57, 58, 59, 60, 61, 62, 63, 64, 65, 66, 67, 68, 69, 70, 71, 72, 73, 74, 75, 76, 77, 78, 79, 80, 81, 82, 83, 84, 85, 86, 87, 88, 89, 90, 91, 92, 93, 94, 95, 96, 97, 98, 99, 100, 101, 102, 103, 104, 105, 106, 107, 108, 109, 110, 111, 112, 113, 114, 115, 116, 117, 118, 119, 120, 121, 122, 123, 124, 125, 126, 127, 128, 129, 130, 131, 132, 133, 134, 135, 136, 137, 138, 139, 140, 141, 142, 143, 144, 145, 146, 147, 148, 149, 150, 151, 152, 153, 154, 155, 156, 157, 158, 159, 160, 161, 162, 163, 164, 165, 166, 167, 168, 169, 170, 171, 172, 173, 174, 175, 176, 177, 178, 179, 180, 181, 182, 183, 184, 185, 186, 187, 188, 189, 190, 191, 192, 193, 194, 195, 196, 197, 198, 199}
2026-05-07 16:45:29 | INFO    | dpfl.core.base_simulator | Round   1/150 | Acc: 0.3801 | Loss: 2.0956 | eps_max: 1.91 eps_avg: 0.79 | P: 0.00 R: nan F1: nan
2026-05-07 16:45:29 | DEBUG   | dpfl.core.base_simulator | Update norms — honest: ['0.56', '0.56', '0.56', '0.56', '0.57'], attacker: ['0.56', '0.57', '0.57', '0.56', '0.56']
2026-05-07 16:45:36 | INFO    | dpfl.core.base_simulator | Round   2/150 | Acc: 0.5539 | Loss: 1.8906 | eps_max: 1.96 eps_avg: 0.86 | P: 0.00 R: nan F1: nan
2026-05-07 16:45:36 | DEBUG   | dpfl.core.base_simulator | Update norms — honest: ['0.57', '0.56', '0.56', '0.56', '0.56'], attacker: ['1.02', '1.02', '1.03', '1.02', '1.03']
2026-05-07 16:45:42 | INFO    | dpfl.core.base_simulator | Round   3/150 | Acc: 0.6502 | Loss: 1.6801 | eps_max: 2.04 eps_avg: 0.94 | P: 0.00 R: nan F1: nan
2026-05-07 16:45:42 | DEBUG   | dpfl.core.base_simulator | Update norms — honest: ['0.56', '0.56', '0.56', '0.57', '0.56'], attacker: ['1.54', '1.55', '1.56', '1.55', '1.54']
2026-05-07 16:45:50 | INFO    | dpfl.core.base_simulator | Round   4/150 | Acc: 0.7094 | Loss: 1.4802 | eps_max: 2.12 eps_avg: 1.04 | P: 0.00 R: nan F1: nan
2026-05-07 16:45:50 | DEBUG   | dpfl.core.base_simulator | Update norms — honest: ['0.57', '0.56', '0.56', '0.56', '0.57'], attacker: ['2.02', '2.02', '2.02', '2.03', '2.00']
2026-05-07 16:45:57 | INFO    | dpfl.core.base_simulator | Round   5/150 | Acc: 0.7506 | Loss: 1.2999 | eps_max: 2.21 eps_avg: 1.12 | P: 0.00 R: nan F1: nan
2026-05-07 16:45:57 | DEBUG   | dpfl.core.base_simulator | Update norms — honest: ['0.57', '0.56', '0.56', '0.56', '0.56'], attacker: ['2.47', '2.48', '2.47', '2.48', '2.47']
2026-05-07 16:46:04 | INFO    | dpfl.core.base_simulator | Round   6/150 | Acc: 0.7791 | Loss: 1.1459 | eps_max: 2.30 eps_avg: 1.17 | P: 0.00 R: nan F1: nan
2026-05-07 16:46:04 | DEBUG   | dpfl.core.base_simulator | Update norms — honest: ['0.56', '1.07', '1.07', '0.56', '1.06'], attacker: ['2.89', '2.91', '2.91', '2.90', '2.89']
2026-05-07 16:46:10 | INFO    | dpfl.core.base_simulator | Round   7/150 | Acc: 0.7992 | Loss: 1.0196 | eps_max: 2.38 eps_avg: 1.24 | P: 0.00 R: nan F1: nan
2026-05-07 16:46:11 | DEBUG   | dpfl.core.base_simulator | Update norms — honest: ['1.07', '0.56', '0.98', '0.56', '0.56'], attacker: ['3.29', '3.31', '3.28', '3.31', '3.23']
2026-05-07 16:46:18 | INFO    | dpfl.core.base_simulator | Round   8/150 | Acc: 0.8136 | Loss: 0.9189 | eps_max: 2.46 eps_avg: 1.32 | P: 0.00 R: nan F1: nan
2026-05-07 16:46:18 | DEBUG   | dpfl.core.base_simulator | Update norms — honest: ['0.56', '0.96', '0.87', '0.56', '0.56'], attacker: ['3.66', '3.67', '3.68', '3.67', '3.57']
2026-05-07 16:46:26 | INFO    | dpfl.core.base_simulator | Round   9/150 | Acc: 0.8238 | Loss: 0.8393 | eps_max: 2.50 eps_avg: 1.39 | P: 0.00 R: nan F1: nan
2026-05-07 16:46:26 | DEBUG   | dpfl.core.base_simulator | Update norms — honest: ['0.56', '0.56', '1.06', '1.53', '0.56'], attacker: ['4.01', '3.98', '3.96', '4.01', '3.98']
2026-05-07 16:46:33 | INFO    | dpfl.core.base_simulator | Round  10/150 | Acc: 0.8318 | Loss: 0.7757 | eps_max: 2.52 eps_avg: 1.44 | P: 0.00 R: nan F1: nan
2026-05-07 16:46:33 | DEBUG   | dpfl.core.base_simulator | Update norms — honest: ['0.99', '0.56', '0.82', '0.56', '0.83'], attacker: ['4.30', '4.29', '4.25', '4.33', '4.34']
2026-05-07 16:46:40 | INFO    | dpfl.core.base_simulator | Round  11/150 | Acc: 0.8380 | Loss: 0.7249 | eps_max: 2.55 eps_avg: 1.50 | P: 0.00 R: nan F1: nan
2026-05-07 16:46:40 | DEBUG   | dpfl.core.base_simulator | Update norms — honest: ['0.56', '0.56', '1.01', '0.57', '0.57'], attacker: ['4.63', '4.45', '4.71', '4.61', '4.69']
2026-05-07 16:46:47 | INFO    | dpfl.core.base_simulator | Round  12/150 | Acc: 0.8432 | Loss: 0.6835 | eps_max: 2.57 eps_avg: 1.54 | P: 0.00 R: nan F1: nan
2026-05-07 16:46:47 | DEBUG   | dpfl.core.base_simulator | Update norms — honest: ['0.56', '1.04', '1.05', '0.56', '1.50'], attacker: ['4.89', '4.84', '4.94', '4.92', '4.95']
2026-05-07 16:46:53 | INFO    | dpfl.core.base_simulator | Round  13/150 | Acc: 0.8474 | Loss: 0.6492 | eps_max: 2.60 eps_avg: 1.57 | P: 0.00 R: nan F1: nan
2026-05-07 16:46:53 | DEBUG   | dpfl.core.base_simulator | Update norms — honest: ['1.46', '0.56', '1.81', '1.52', '0.99'], attacker: ['5.19', '5.23', '5.16', '5.17', '5.26']
2026-05-07 16:47:00 | INFO    | dpfl.core.base_simulator | Round  14/150 | Acc: 0.8509 | Loss: 0.6207 | eps_max: 2.62 eps_avg: 1.61 | P: 0.00 R: nan F1: nan
2026-05-07 16:47:00 | DEBUG   | dpfl.core.base_simulator | Update norms — honest: ['0.88', '1.03', '0.56', '0.56', '0.99'], attacker: ['5.46', '5.42', '5.59', '5.49', '5.51']
2026-05-07 16:47:07 | INFO    | dpfl.core.base_simulator | Round  15/150 | Acc: 0.8543 | Loss: 0.5962 | eps_max: 2.64 eps_avg: 1.63 | P: 0.00 R: nan F1: nan
2026-05-07 16:47:07 | DEBUG   | dpfl.core.base_simulator | Update norms — honest: ['0.86', '0.57', '1.98', '0.57', '0.56'], attacker: ['5.75', '5.66', '5.65', '5.62', '5.70']
2026-05-07 16:47:13 | INFO    | dpfl.core.base_simulator | Round  16/150 | Acc: 0.8570 | Loss: 0.5754 | eps_max: 2.67 eps_avg: 1.66 | P: 0.00 R: nan F1: nan
2026-05-07 16:47:13 | DEBUG   | dpfl.core.base_simulator | Update norms — honest: ['0.82', '1.04', '1.92', '1.54', '0.56'], attacker: ['5.85', '5.92', '5.83', '5.88', '5.98']
2026-05-07 16:47:20 | INFO    | dpfl.core.base_simulator | Round  17/150 | Acc: 0.8595 | Loss: 0.5572 | eps_max: 2.69 eps_avg: 1.68 | P: 0.00 R: nan F1: nan
2026-05-07 16:47:20 | DEBUG   | dpfl.core.base_simulator | Update norms — honest: ['0.98', '1.47', '1.91', '0.57', '1.38'], attacker: ['6.05', '5.97', '6.11', '5.99', '6.19']
2026-05-07 16:47:27 | INFO    | dpfl.core.base_simulator | Round  18/150 | Acc: 0.8615 | Loss: 0.5416 | eps_max: 2.70 eps_avg: 1.72 | P: 0.00 R: nan F1: nan
2026-05-07 16:47:27 | DEBUG   | dpfl.core.base_simulator | Update norms — honest: ['1.37', '1.68', '0.56', '0.97', '0.95'], attacker: ['6.04', '5.55', '6.10', '5.93', '5.78']
2026-05-07 16:47:33 | INFO    | dpfl.core.base_simulator | Round  19/150 | Acc: 0.8635 | Loss: 0.5278 | eps_max: 2.73 eps_avg: 1.75 | P: 0.00 R: nan F1: nan
2026-05-07 16:47:33 | DEBUG   | dpfl.core.base_simulator | Update norms — honest: ['0.57', '1.85', '0.56', '0.97', '0.56'], attacker: ['6.34', '6.19', '6.43', '6.60', '6.32']
2026-05-07 16:47:40 | INFO    | dpfl.core.base_simulator | Round  20/150 | Acc: 0.8652 | Loss: 0.5157 | eps_max: 2.75 eps_avg: 1.78 | P: 0.00 R: nan F1: nan
2026-05-07 16:47:40 | DEBUG   | dpfl.core.base_simulator | Update norms — honest: ['1.43', '1.90', '1.70', '1.19', '0.57'], attacker: ['6.54', '6.70', '6.58', '6.56', '6.59']
2026-05-07 16:47:46 | INFO    | dpfl.core.base_simulator | Round  21/150 | Acc: 0.8667 | Loss: 0.5047 | eps_max: 2.77 eps_avg: 1.81 | P: 0.00 R: nan F1: nan
2026-05-07 16:47:46 | DEBUG   | dpfl.core.base_simulator | Update norms — honest: ['0.56', '0.56', '1.80', '0.74', '1.01'], attacker: ['6.55', '6.84', '6.71', '6.37', '6.85']
2026-05-07 16:47:53 | INFO    | dpfl.core.base_simulator | Round  22/150 | Acc: 0.8681 | Loss: 0.4950 | eps_max: 2.78 eps_avg: 1.82 | P: 0.00 R: nan F1: nan
2026-05-07 16:47:53 | DEBUG   | dpfl.core.base_simulator | Update norms — honest: ['1.36', '0.97', '0.70', '1.38', '0.56'], attacker: ['6.85', '7.09', '7.01', '6.70', '6.78']
2026-05-07 16:47:59 | INFO    | dpfl.core.base_simulator | Round  23/150 | Acc: 0.8693 | Loss: 0.4863 | eps_max: 2.80 eps_avg: 1.85 | P: 0.00 R: nan F1: nan
2026-05-07 16:47:59 | DEBUG   | dpfl.core.base_simulator | Update norms — honest: ['0.89', '1.48', '2.25', '0.91', '1.00'], attacker: ['6.79', '7.08', '7.15', '6.76', '6.69']
2026-05-07 16:48:06 | INFO    | dpfl.core.base_simulator | Round  24/150 | Acc: 0.8703 | Loss: 0.4786 | eps_max: 2.81 eps_avg: 1.88 | P: 0.00 R: nan F1: nan
2026-05-07 16:48:06 | DEBUG   | dpfl.core.base_simulator | Update norms — honest: ['2.23', '0.61', '1.41', '2.12', '0.56'], attacker: ['6.47', '6.98', '7.18', '7.01', '6.75']
2026-05-07 16:48:12 | INFO    | dpfl.core.base_simulator | Round  25/150 | Acc: 0.8713 | Loss: 0.4714 | eps_max: 2.83 eps_avg: 1.90 | P: 0.00 R: nan F1: nan
2026-05-07 16:48:12 | DEBUG   | dpfl.core.base_simulator | Update norms — honest: ['2.17', '1.32', '0.56', '0.94', '0.88'], attacker: ['6.86', '7.01', '7.02', '7.01', '6.71']
2026-05-07 16:48:18 | INFO    | dpfl.core.base_simulator | Round  26/150 | Acc: 0.8724 | Loss: 0.4648 | eps_max: 2.84 eps_avg: 1.93 | P: 0.00 R: nan F1: nan
2026-05-07 16:48:18 | DEBUG   | dpfl.core.base_simulator | Update norms — honest: ['0.57', '0.79', '1.03', '1.18', '0.56'], attacker: ['7.13', '6.99', '7.04', '6.14', '5.99']
2026-05-07 16:48:24 | INFO    | dpfl.core.base_simulator | Round  27/150 | Acc: 0.8732 | Loss: 0.4587 | eps_max: 2.86 eps_avg: 1.96 | P: 0.00 R: nan F1: nan
2026-05-07 16:48:24 | DEBUG   | dpfl.core.base_simulator | Update norms — honest: ['1.35', '0.59', '2.12', '1.39', '0.56'], attacker: ['6.94', '7.00', '7.03', '6.69', '6.39']
2026-05-07 16:48:30 | INFO    | dpfl.core.base_simulator | Round  28/150 | Acc: 0.8740 | Loss: 0.4535 | eps_max: 2.87 eps_avg: 1.98 | P: 0.00 R: nan F1: nan
2026-05-07 16:48:30 | DEBUG   | dpfl.core.base_simulator | Update norms — honest: ['0.69', '0.56', '0.57', '1.31', '1.65'], attacker: ['6.08', '7.22', '6.87', '7.56', '6.54']
2026-05-07 16:48:36 | INFO    | dpfl.core.base_simulator | Round  29/150 | Acc: 0.8748 | Loss: 0.4485 | eps_max: 2.88 eps_avg: 2.00 | P: 0.00 R: nan F1: nan
2026-05-07 16:48:36 | DEBUG   | dpfl.core.base_simulator | Update norms — honest: ['2.28', '0.57', '1.43', '1.79', '1.47'], attacker: ['6.93', '7.02', '5.94', '7.69', '6.71']
2026-05-07 16:48:42 | INFO    | dpfl.core.base_simulator | Round  30/150 | Acc: 0.8755 | Loss: 0.4436 | eps_max: 2.89 eps_avg: 2.02 | P: 0.00 R: nan F1: nan
2026-05-07 16:48:42 | DEBUG   | dpfl.core.base_simulator | Update norms — honest: ['0.54', '1.39', '0.98', '1.40', '0.56'], attacker: ['7.02', '7.14', '6.53', '7.40', '6.03']
2026-05-07 16:48:48 | INFO    | dpfl.core.base_simulator | Round  31/150 | Acc: 0.8760 | Loss: 0.4396 | eps_max: 2.91 eps_avg: 2.04 | P: 0.00 R: nan F1: nan
2026-05-07 16:48:48 | DEBUG   | dpfl.core.base_simulator | Update norms — honest: ['1.65', '0.86', '1.89', '0.56', '0.51'], attacker: ['6.88', '7.39', '6.30', '7.13', '5.97']
2026-05-07 16:48:54 | INFO    | dpfl.core.base_simulator | Round  32/150 | Acc: 0.8766 | Loss: 0.4357 | eps_max: 2.92 eps_avg: 2.06 | P: 0.00 R: nan F1: nan
2026-05-07 16:48:54 | DEBUG   | dpfl.core.base_simulator | Update norms — honest: ['0.83', '0.85', '1.27', '0.56', '1.37'], attacker: ['7.38', '7.06', '6.63', '7.22', '6.30']
2026-05-07 16:48:59 | INFO    | dpfl.core.base_simulator | Round  33/150 | Acc: 0.8772 | Loss: 0.4320 | eps_max: 2.93 eps_avg: 2.08 | P: 0.00 R: nan F1: nan
2026-05-07 16:48:59 | DEBUG   | dpfl.core.base_simulator | Update norms — honest: ['1.44', '0.57', '1.76', '0.93', '1.90'], attacker: ['7.64', '5.86', '6.53', '6.81', '6.66']
2026-05-07 16:49:05 | INFO    | dpfl.core.base_simulator | Round  34/150 | Acc: 0.8777 | Loss: 0.4287 | eps_max: 2.94 eps_avg: 2.09 | P: 0.00 R: nan F1: nan
2026-05-07 16:49:05 | DEBUG   | dpfl.core.base_simulator | Update norms — honest: ['1.40', '1.68', '0.56', '0.72', '0.57'], attacker: ['7.28', '5.70', '6.87', '6.14', '7.03']
2026-05-07 16:49:11 | INFO    | dpfl.core.base_simulator | Round  35/150 | Acc: 0.8781 | Loss: 0.4260 | eps_max: 2.95 eps_avg: 2.10 | P: 0.00 R: nan F1: nan
2026-05-07 16:49:11 | DEBUG   | dpfl.core.base_simulator | Update norms — honest: ['0.97', '1.44', '0.56', '0.82', '1.49'], attacker: ['6.84', '6.53', '5.70', '6.65', '6.78']
2026-05-07 16:49:17 | INFO    | dpfl.core.base_simulator | Round  36/150 | Acc: 0.8785 | Loss: 0.4230 | eps_max: 2.96 eps_avg: 2.12 | P: 0.00 R: nan F1: nan
2026-05-07 16:49:17 | DEBUG   | dpfl.core.base_simulator | Update norms — honest: ['1.01', '0.73', '2.21', '1.12', '0.57'], attacker: ['6.80', '6.12', '6.05', '6.60', '5.63']
2026-05-07 16:49:22 | INFO    | dpfl.core.base_simulator | Round  37/150 | Acc: 0.8789 | Loss: 0.4201 | eps_max: 2.97 eps_avg: 2.13 | P: 0.00 R: nan F1: nan
2026-05-07 16:49:22 | DEBUG   | dpfl.core.base_simulator | Update norms — honest: ['0.56', '0.49', '1.42', '0.85', '1.32'], attacker: ['6.50', '6.43', '6.13', '6.49', '5.67']
2026-05-07 16:49:27 | INFO    | dpfl.core.base_simulator | Round  38/150 | Acc: 0.8794 | Loss: 0.4177 | eps_max: 2.98 eps_avg: 2.15 | P: 0.00 R: nan F1: nan
2026-05-07 16:49:27 | DEBUG   | dpfl.core.base_simulator | Update norms — honest: ['2.28', '0.53', '2.32', '1.62', '0.87'], attacker: ['6.75', '7.07', '6.35', '6.79', '6.38']
2026-05-07 16:49:33 | INFO    | dpfl.core.base_simulator | Round  39/150 | Acc: 0.8796 | Loss: 0.4157 | eps_max: 2.99 eps_avg: 2.15 | P: 0.00 R: nan F1: nan
2026-05-07 16:49:33 | DEBUG   | dpfl.core.base_simulator | Update norms — honest: ['0.39', '1.95', '2.52', '0.92', '0.94'], attacker: ['5.86', '6.26', '5.33', '6.68', '6.50']
2026-05-07 16:49:38 | INFO    | dpfl.core.base_simulator | Round  40/150 | Acc: 0.8800 | Loss: 0.4134 | eps_max: 3.00 eps_avg: 2.16 | P: 0.00 R: nan F1: nan
2026-05-07 16:49:38 | DEBUG   | dpfl.core.base_simulator | Update norms — honest: ['1.12', '1.30', '0.56', '1.84', '1.22'], attacker: ['6.36', '6.79', '5.14', '6.77', '6.94']
2026-05-07 16:49:44 | INFO    | dpfl.core.base_simulator | Round  41/150 | Acc: 0.8803 | Loss: 0.4113 | eps_max: 3.01 eps_avg: 2.18 | P: 0.00 R: nan F1: nan
2026-05-07 16:49:44 | DEBUG   | dpfl.core.base_simulator | Update norms — honest: ['2.65', '1.18', '1.77', '1.32', '2.16'], attacker: ['7.19', '6.99', '6.15', '6.14', '5.82']
2026-05-07 16:49:49 | INFO    | dpfl.core.base_simulator | Round  42/150 | Acc: 0.8804 | Loss: 0.4100 | eps_max: 3.02 eps_avg: 2.18 | P: 0.00 R: nan F1: nan
2026-05-07 16:49:49 | DEBUG   | dpfl.core.base_simulator | Update norms — honest: ['1.41', '1.96', '1.39', '1.36', '0.80'], attacker: ['6.19', '7.33', '6.64', '6.49', '5.09']
2026-05-07 16:49:54 | INFO    | dpfl.core.base_simulator | Round  43/150 | Acc: 0.8807 | Loss: 0.4081 | eps_max: 3.03 eps_avg: 2.19 | P: 0.00 R: nan F1: nan
2026-05-07 16:49:54 | DEBUG   | dpfl.core.base_simulator | Update norms — honest: ['1.30', '1.34', '0.79', '2.08', '1.15'], attacker: ['5.32', '6.57', '5.94', '7.06', '5.08']
2026-05-07 16:49:59 | INFO    | dpfl.core.base_simulator | Round  44/150 | Acc: 0.8807 | Loss: 0.4068 | eps_max: 3.04 eps_avg: 2.21 | P: 0.00 R: nan F1: nan
2026-05-07 16:49:59 | DEBUG   | dpfl.core.base_simulator | Update norms — honest: ['1.44', '2.43', '1.67', '1.31', '1.84'], attacker: ['5.46', '5.79', '6.20', '6.21', '5.07']
2026-05-07 16:50:04 | INFO    | dpfl.core.base_simulator | Round  45/150 | Acc: 0.8809 | Loss: 0.4053 | eps_max: 3.05 eps_avg: 2.22 | P: 0.00 R: nan F1: nan
2026-05-07 16:50:04 | DEBUG   | dpfl.core.base_simulator | Update norms — honest: ['1.89', '0.57', '1.22', '2.96', '1.01'], attacker: ['6.16', '6.27', '6.37', '5.56', '4.75']
2026-05-07 16:50:10 | INFO    | dpfl.core.base_simulator | Round  46/150 | Acc: 0.8810 | Loss: 0.4043 | eps_max: 3.05 eps_avg: 2.22 | P: 0.00 R: nan F1: nan
2026-05-07 16:50:10 | DEBUG   | dpfl.core.base_simulator | Update norms — honest: ['1.22', '1.68', '1.86', '1.90', '1.78'], attacker: ['6.20', '6.40', '5.83', '5.28', '4.50']
2026-05-07 16:50:15 | INFO    | dpfl.core.base_simulator | Round  47/150 | Acc: 0.8814 | Loss: 0.4026 | eps_max: 3.06 eps_avg: 2.23 | P: 0.00 R: nan F1: nan
2026-05-07 16:50:15 | DEBUG   | dpfl.core.base_simulator | Update norms — honest: ['1.61', '1.40', '1.75', '1.75', '1.30'], attacker: ['4.88', '6.56', '5.86', '5.04', '5.26']
2026-05-07 16:50:20 | INFO    | dpfl.core.base_simulator | Round  48/150 | Acc: 0.8813 | Loss: 0.4020 | eps_max: 3.07 eps_avg: 2.24 | P: 0.00 R: nan F1: nan
2026-05-07 16:50:20 | DEBUG   | dpfl.core.base_simulator | Update norms — honest: ['0.72', '2.81', '2.47', '0.56', '1.75'], attacker: ['5.17', '7.04', '5.28', '5.11', '5.07']
2026-05-07 16:50:24 | INFO    | dpfl.core.base_simulator | Round  49/150 | Acc: 0.8816 | Loss: 0.4006 | eps_max: 3.08 eps_avg: 2.24 | P: 0.00 R: nan F1: nan
2026-05-07 16:50:24 | DEBUG   | dpfl.core.base_simulator | Update norms — honest: ['1.68', '2.51', '0.80', '1.38', '0.64'], attacker: ['4.50', '7.03', '5.13', '3.30', '4.47']
2026-05-07 16:50:29 | INFO    | dpfl.core.base_simulator | Round  50/150 | Acc: 0.8818 | Loss: 0.3994 | eps_max: 3.08 eps_avg: 2.25 | P: 0.00 R: nan F1: nan
2026-05-07 16:50:29 | DEBUG   | dpfl.core.base_simulator | Update norms — honest: ['2.86', '1.00', '1.35', '1.77', '2.30'], attacker: ['4.42', '6.22', '3.61', '5.65', '5.67']
2026-05-07 16:50:31 | INFO    | dpfl.core.base_simulator | Round  51/150 | Acc: 0.8817 | Loss: 0.3988 | eps_max: 2.24 eps_avg: 1.77 | P: 0.68 R: 1.00 F1: 0.86
2026-05-07 16:50:31 | DEBUG   | dpfl.core.base_simulator | Update norms — honest: ['1.35', '0.84', '1.37', '1.85', '0.56'], attacker: ['5.10', '5.57', '5.25', '5.85', '4.54']
2026-05-07 16:50:34 | INFO    | dpfl.core.base_simulator | Round  52/150 | Acc: 0.8820 | Loss: 0.3978 | eps_max: 2.24 eps_avg: 1.78 | P: 0.60 R: 1.00 F1: 0.97
2026-05-07 16:50:34 | DEBUG   | dpfl.core.base_simulator | Update norms — honest: ['0.98', '3.38', '1.38', '0.91', '1.68'], attacker: ['4.98', '5.48', '5.10', '5.49', '4.85']
2026-05-07 16:50:36 | INFO    | dpfl.core.base_simulator | Round  53/150 | Acc: 0.8820 | Loss: 0.3971 | eps_max: 2.24 eps_avg: 1.79 | P: 0.58 R: 1.00 F1: 0.90
2026-05-07 16:50:36 | DEBUG   | dpfl.core.base_simulator | Update norms — honest: ['0.56', '1.32', '2.37', '0.56', '2.37'], attacker: ['4.99', '5.84', '5.30', '5.76', '5.01']
2026-05-07 16:50:38 | INFO    | dpfl.core.base_simulator | Round  54/150 | Acc: 0.8821 | Loss: 0.3962 | eps_max: 2.24 eps_avg: 1.80 | P: 0.69 R: 1.00 F1: 0.90
2026-05-07 16:50:38 | DEBUG   | dpfl.core.base_simulator | Update norms — honest: ['1.54', '2.30', '0.51', '0.56', '0.91'], attacker: ['4.58', '5.49', '4.96', '6.11', '5.12']
2026-05-07 16:50:41 | INFO    | dpfl.core.base_simulator | Round  55/150 | Acc: 0.8822 | Loss: 0.3958 | eps_max: 2.24 eps_avg: 1.80 | P: 0.55 R: 1.00 F1: 0.91
2026-05-07 16:50:41 | DEBUG   | dpfl.core.base_simulator | Update norms — honest: ['2.00', '2.89', '0.49', '1.40', '1.12'], attacker: ['11.61', '10.83', '11.39', '11.11', '11.64']
2026-05-07 16:50:43 | INFO    | dpfl.core.base_simulator | Round  56/150 | Acc: 0.8823 | Loss: 0.3950 | eps_max: 2.24 eps_avg: 1.80 | P: 0.61 R: 1.00 F1: 0.94
2026-05-07 16:50:43 | DEBUG   | dpfl.core.base_simulator | Update norms — honest: ['2.20', '1.46', '0.90', '1.68', '0.87'], attacker: ['11.71', '11.55', '11.49', '11.11', '11.87']
2026-05-07 16:50:45 | INFO    | dpfl.core.base_simulator | Round  57/150 | Acc: 0.8826 | Loss: 0.3941 | eps_max: 2.24 eps_avg: 1.81 | P: 0.63 R: 1.00 F1: 0.95
2026-05-07 16:50:45 | DEBUG   | dpfl.core.base_simulator | Update norms — honest: ['0.92', '0.70', '1.41', '1.54', '0.94'], attacker: ['10.94', '10.90', '10.90', '11.02', '11.46']
2026-05-07 16:50:48 | INFO    | dpfl.core.base_simulator | Round  58/150 | Acc: 0.8827 | Loss: 0.3934 | eps_max: 2.24 eps_avg: 1.83 | P: 0.35 R: 1.00 F1: 0.85
2026-05-07 16:50:48 | DEBUG   | dpfl.core.base_simulator | Update norms — honest: ['1.91', '0.89', '1.30', '1.77', '1.30'], attacker: ['11.19', '10.72', '11.47', '11.05', '11.82']
2026-05-07 16:50:50 | INFO    | dpfl.core.base_simulator | Round  59/150 | Acc: 0.8827 | Loss: 0.3929 | eps_max: 2.24 eps_avg: 1.85 | P: 0.48 R: 1.00 F1: 0.90
2026-05-07 16:50:50 | DEBUG   | dpfl.core.base_simulator | Update norms — honest: ['1.78', '1.24', '0.56', '1.08', '2.48'], attacker: ['10.54', '10.99', '11.60', '11.46', '11.55']
2026-05-07 16:50:53 | INFO    | dpfl.core.base_simulator | Round  60/150 | Acc: 0.8829 | Loss: 0.3922 | eps_max: 2.24 eps_avg: 1.85 | P: 0.51 R: 1.00 F1: 0.91
2026-05-07 16:50:53 | DEBUG   | dpfl.core.base_simulator | Update norms — honest: ['1.72', '1.25', '1.42', '1.78', '0.57'], attacker: ['10.56', '10.29', '10.92', '11.45', '11.49']
2026-05-07 16:50:55 | INFO    | dpfl.core.base_simulator | Round  61/150 | Acc: 0.8830 | Loss: 0.3918 | eps_max: 2.24 eps_avg: 1.85 | P: 0.66 R: 1.00 F1: 0.94
2026-05-07 16:50:55 | DEBUG   | dpfl.core.base_simulator | Update norms — honest: ['2.48', '1.50', '0.93', '1.63', '1.45'], attacker: ['11.35', '10.99', '11.27', '10.89', '12.03']
2026-05-07 16:50:57 | INFO    | dpfl.core.base_simulator | Round  62/150 | Acc: 0.8829 | Loss: 0.3917 | eps_max: 2.24 eps_avg: 1.86 | P: 0.43 R: 1.00 F1: 0.84
2026-05-07 16:50:57 | DEBUG   | dpfl.core.base_simulator | Update norms — honest: ['1.18', '0.56', '2.05', '1.77', '1.80'], attacker: ['11.51', '10.83', '10.55', '11.02', '11.80']
2026-05-07 16:51:00 | INFO    | dpfl.core.base_simulator | Round  63/150 | Acc: 0.8829 | Loss: 0.3914 | eps_max: 2.24 eps_avg: 1.88 | P: 0.54 R: 1.00 F1: 0.93
2026-05-07 16:51:00 | DEBUG   | dpfl.core.base_simulator | Update norms — honest: ['2.00', '0.57', '1.99', '2.04', '1.61'], attacker: ['11.03', '9.71', '10.36', '10.90', '10.76']
2026-05-07 16:51:02 | INFO    | dpfl.core.base_simulator | Round  64/150 | Acc: 0.8828 | Loss: 0.3913 | eps_max: 2.24 eps_avg: 1.88 | P: 0.55 R: 1.00 F1: 0.89
2026-05-07 16:51:02 | DEBUG   | dpfl.core.base_simulator | Update norms — honest: ['0.91', '1.58', '1.46', '0.83', '1.22'], attacker: ['11.98', '11.25', '11.57', '10.86', '11.48']
2026-05-07 16:51:05 | INFO    | dpfl.core.base_simulator | Round  65/150 | Acc: 0.8827 | Loss: 0.3917 | eps_max: 2.24 eps_avg: 1.88 | P: 0.72 R: 1.00 F1: 0.92
2026-05-07 16:51:05 | DEBUG   | dpfl.core.base_simulator | Update norms — honest: ['2.06', '1.69', '3.32', '1.85', '1.25'], attacker: ['11.36', '11.11', '11.09', '11.21', '11.47']
2026-05-07 16:51:07 | INFO    | dpfl.core.base_simulator | Round  66/150 | Acc: 0.8826 | Loss: 0.3916 | eps_max: 2.24 eps_avg: 1.88 | P: 0.64 R: 1.00 F1: 0.89
2026-05-07 16:51:07 | DEBUG   | dpfl.core.base_simulator | Update norms — honest: ['0.85', '1.37', '2.45', '1.07', '0.91'], attacker: ['10.81', '10.95', '10.61', '10.55', '11.52']
2026-05-07 16:51:09 | INFO    | dpfl.core.base_simulator | Round  67/150 | Acc: 0.8826 | Loss: 0.3915 | eps_max: 2.24 eps_avg: 1.89 | P: 0.51 R: 1.00 F1: 0.89
2026-05-07 16:51:09 | DEBUG   | dpfl.core.base_simulator | Update norms — honest: ['1.74', '2.24', '2.18', '1.88', '0.86'], attacker: ['11.04', '11.05', '11.09', '12.05', '12.05']
2026-05-07 16:51:12 | INFO    | dpfl.core.base_simulator | Round  68/150 | Acc: 0.8825 | Loss: 0.3918 | eps_max: 2.24 eps_avg: 1.90 | P: 0.45 R: 1.00 F1: 0.84
2026-05-07 16:51:12 | DEBUG   | dpfl.core.base_simulator | Update norms — honest: ['0.56', '3.21', '1.11', '1.39', '1.27'], attacker: ['10.75', '10.32', '11.12', '11.21', '11.41']
2026-05-07 16:51:14 | INFO    | dpfl.core.base_simulator | Round  69/150 | Acc: 0.8824 | Loss: 0.3923 | eps_max: 2.24 eps_avg: 1.91 | P: 0.57 R: 1.00 F1: 0.83
2026-05-07 16:51:14 | DEBUG   | dpfl.core.base_simulator | Update norms — honest: ['0.56', '1.38', '1.24', '1.37', '1.99'], attacker: ['11.71', '10.09', '11.07', '11.03', '11.91']
2026-05-07 16:51:17 | INFO    | dpfl.core.base_simulator | Round  70/150 | Acc: 0.8826 | Loss: 0.3913 | eps_max: 2.24 eps_avg: 1.92 | P: 0.43 R: 1.00 F1: 0.99
2026-05-07 16:51:17 | DEBUG   | dpfl.core.base_simulator | Update norms — honest: ['0.81', '1.46', '1.36', '1.97', '1.50'], attacker: ['11.17', '11.00', '11.06', '11.04', '12.48']
2026-05-07 16:51:19 | INFO    | dpfl.core.base_simulator | Round  71/150 | Acc: 0.8827 | Loss: 0.3911 | eps_max: 2.24 eps_avg: 1.92 | P: 0.33 R: 1.00 F1: 0.94
2026-05-07 16:51:19 | DEBUG   | dpfl.core.base_simulator | Update norms — honest: ['1.61', '1.18', '2.34', '2.59', '1.70'], attacker: ['10.70', '11.37', '11.40', '11.25', '11.40']
2026-05-07 16:51:21 | INFO    | dpfl.core.base_simulator | Round  72/150 | Acc: 0.8826 | Loss: 0.3912 | eps_max: 2.24 eps_avg: 1.92 | P: 0.57 R: 1.00 F1: 0.79
2026-05-07 16:51:21 | DEBUG   | dpfl.core.base_simulator | Update norms — honest: ['1.49', '1.65', '1.65', '1.31', '0.76'], attacker: ['10.53', '11.35', '11.26', '10.94', '11.75']
2026-05-07 16:51:23 | INFO    | dpfl.core.base_simulator | Round  73/150 | Acc: 0.8826 | Loss: 0.3913 | eps_max: 2.24 eps_avg: 1.92 | P: 0.48 R: 1.00 F1: 0.95
2026-05-07 16:51:23 | DEBUG   | dpfl.core.base_simulator | Update norms — honest: ['2.08', '1.73', '1.01', '2.15', '1.75'], attacker: ['11.48', '10.89', '11.44', '10.90', '11.40']
2026-05-07 16:51:26 | INFO    | dpfl.core.base_simulator | Round  74/150 | Acc: 0.8821 | Loss: 0.3923 | eps_max: 2.24 eps_avg: 1.92 | P: 0.51 R: 1.00 F1: 0.91
2026-05-07 16:51:26 | DEBUG   | dpfl.core.base_simulator | Update norms — honest: ['2.68', '2.36', '1.58', '1.63', '1.01'], attacker: ['11.61', '10.69', '11.41', '11.05', '11.13']
2026-05-07 16:51:28 | INFO    | dpfl.core.base_simulator | Round  75/150 | Acc: 0.8823 | Loss: 0.3922 | eps_max: 2.24 eps_avg: 1.93 | P: 0.69 R: 1.00 F1: 0.88
2026-05-07 16:51:28 | DEBUG   | dpfl.core.base_simulator | Update norms — honest: ['0.89', '1.79', '2.25', '1.21', '1.23'], attacker: ['10.51', '10.65', '11.05', '10.49', '11.44']
2026-05-07 16:51:31 | INFO    | dpfl.core.base_simulator | Round  76/150 | Acc: 0.8822 | Loss: 0.3924 | eps_max: 2.24 eps_avg: 1.93 | P: 0.55 R: 1.00 F1: 0.92
2026-05-07 16:51:31 | DEBUG   | dpfl.core.base_simulator | Update norms — honest: ['1.97', '2.64', '2.46', '0.87', '2.43'], attacker: ['11.46', '10.72', '11.52', '10.84', '10.96']
2026-05-07 16:51:33 | INFO    | dpfl.core.base_simulator | Round  77/150 | Acc: 0.8819 | Loss: 0.3934 | eps_max: 2.24 eps_avg: 1.94 | P: 0.53 R: 1.00 F1: 0.91
2026-05-07 16:51:33 | DEBUG   | dpfl.core.base_simulator | Update norms — honest: ['0.57', '2.53', '2.45', '2.33', '0.87'], attacker: ['10.74', '10.55', '10.70', '11.26', '11.69']
2026-05-07 16:51:35 | INFO    | dpfl.core.base_simulator | Round  78/150 | Acc: 0.8817 | Loss: 0.3938 | eps_max: 2.24 eps_avg: 1.94 | P: 0.34 R: 1.00 F1: 0.89
2026-05-07 16:51:35 | DEBUG   | dpfl.core.base_simulator | Update norms — honest: ['2.75', '1.35', '1.90', '1.64', '1.93'], attacker: ['10.96', '10.51', '10.83', '11.37', '11.71']
2026-05-07 16:51:38 | INFO    | dpfl.core.base_simulator | Round  79/150 | Acc: 0.8815 | Loss: 0.3944 | eps_max: 2.24 eps_avg: 1.94 | P: 0.75 R: 1.00 F1: 0.96
2026-05-07 16:51:38 | DEBUG   | dpfl.core.base_simulator | Update norms — honest: ['2.05', '3.81', '2.72', '2.23', '1.61'], attacker: ['11.49', '10.65', '11.59', '10.25', '11.78']
2026-05-07 16:51:40 | INFO    | dpfl.core.base_simulator | Round  80/150 | Acc: 0.8816 | Loss: 0.3945 | eps_max: 2.24 eps_avg: 1.94 | P: 0.56 R: 1.00 F1: 0.79
2026-05-07 16:51:40 | DEBUG   | dpfl.core.base_simulator | Update norms — honest: ['0.56', '1.63', '1.18', '1.54', '2.61'], attacker: ['11.42', '10.64', '10.76', '11.24', '11.81']
2026-05-07 16:51:43 | INFO    | dpfl.core.base_simulator | Round  81/150 | Acc: 0.8815 | Loss: 0.3948 | eps_max: 2.24 eps_avg: 1.95 | P: 0.47 R: 1.00 F1: 0.85
2026-05-07 16:51:43 | DEBUG   | dpfl.core.base_simulator | Update norms — honest: ['2.24', '1.90', '1.73', '2.53', '1.55'], attacker: ['11.64', '11.08', '11.68', '11.26', '10.82']
2026-05-07 16:51:45 | INFO    | dpfl.core.base_simulator | Round  82/150 | Acc: 0.8816 | Loss: 0.3947 | eps_max: 2.24 eps_avg: 1.95 | P: 0.71 R: 1.00 F1: 0.89
2026-05-07 16:51:45 | DEBUG   | dpfl.core.base_simulator | Update norms — honest: ['2.35', '1.42', '1.78', '2.83', '1.55'], attacker: ['11.36', '11.05', '11.07', '10.54', '11.52']
2026-05-07 16:51:47 | INFO    | dpfl.core.base_simulator | Round  83/150 | Acc: 0.8818 | Loss: 0.3943 | eps_max: 2.24 eps_avg: 1.95 | P: 0.56 R: 1.00 F1: 0.96
2026-05-07 16:51:47 | DEBUG   | dpfl.core.base_simulator | Update norms — honest: ['1.89', '1.88', '1.91', '2.21', '0.71'], attacker: ['10.78', '11.05', '11.69', '11.02', '11.45']
2026-05-07 16:51:49 | INFO    | dpfl.core.base_simulator | Round  84/150 | Acc: 0.8815 | Loss: 0.3955 | eps_max: 2.24 eps_avg: 1.95 | P: 0.55 R: 1.00 F1: 0.88
2026-05-07 16:51:49 | DEBUG   | dpfl.core.base_simulator | Update norms — honest: ['1.71', '3.06', '1.71', '2.32', '2.46'], attacker: ['11.43', '10.77', '10.86', '11.21', '11.58']
2026-05-07 16:51:52 | INFO    | dpfl.core.base_simulator | Round  85/150 | Acc: 0.8814 | Loss: 0.3957 | eps_max: 2.24 eps_avg: 1.95 | P: 0.78 R: 1.00 F1: 0.89
2026-05-07 16:51:52 | DEBUG   | dpfl.core.base_simulator | Update norms — honest: ['1.40', '1.56', '2.87', '1.44', '2.40'], attacker: ['11.65', '10.94', '11.35', '10.60', '11.29']
2026-05-07 16:51:54 | INFO    | dpfl.core.base_simulator | Round  86/150 | Acc: 0.8788 | Loss: 7.8592 | eps_max: 2.24 eps_avg: 1.95 | P: 0.36 R: 1.00 F1: 0.92
2026-05-07 16:51:54 | DEBUG   | dpfl.core.base_simulator | Update norms — honest: ['2.67', '1.26', '2.13', '2.36', '2.56'], attacker: ['11.22', '11.66', '11.14', '10.97', '11.16']
2026-05-07 16:51:56 | INFO    | dpfl.core.base_simulator | Round  87/150 | Acc: 0.8794 | Loss: 0.5795 | eps_max: 2.24 eps_avg: 1.95 | P: 0.60 R: 1.00 F1: 0.88
2026-05-07 16:51:56 | DEBUG   | dpfl.core.base_simulator | Update norms — honest: ['0.93', '1.25', '1.89', '2.85', '2.30'], attacker: ['11.02', '10.84', '11.53', '11.18', '11.71']
2026-05-07 16:51:57 | WARNING | dpfl.algorithms.noise_game.simulator | Node 293 round 87: NSR=21517.35 exceeds 20000.0
2026-05-07 16:51:59 | INFO    | dpfl.core.base_simulator | Round  88/150 | Acc: 0.8797 | Loss: 0.4237 | eps_max: 2.24 eps_avg: 1.95 | P: 0.78 R: 1.00 F1: 0.92
2026-05-07 16:51:59 | DEBUG   | dpfl.core.base_simulator | Update norms — honest: ['1.22', '1.82', '1.94', '0.34', '1.08'], attacker: ['11.74', '10.57', '12.02', '10.79', '11.85']
2026-05-07 16:52:01 | INFO    | dpfl.core.base_simulator | Round  89/150 | Acc: 0.8800 | Loss: 0.4116 | eps_max: 2.24 eps_avg: 1.95 | P: 0.53 R: 1.00 F1: 0.94
2026-05-07 16:52:01 | DEBUG   | dpfl.core.base_simulator | Update norms — honest: ['3.42', '1.43', '1.59', '2.07', '1.25'], attacker: ['11.49', '11.21', '11.58', '11.36', '11.27']
2026-05-07 16:52:03 | INFO    | dpfl.core.base_simulator | Round  90/150 | Acc: 0.8799 | Loss: 0.4145 | eps_max: 2.24 eps_avg: 1.95 | P: 0.71 R: 1.00 F1: 0.91
2026-05-07 16:52:03 | DEBUG   | dpfl.core.base_simulator | Update norms — honest: ['1.03', '3.79', '1.95', '1.76', '1.56'], attacker: ['11.80', '11.24', '11.90', '11.76', '11.98']
2026-05-07 16:52:06 | INFO    | dpfl.core.base_simulator | Round  91/150 | Acc: 0.8799 | Loss: 0.4063 | eps_max: 2.24 eps_avg: 1.95 | P: 0.54 R: 1.00 F1: 0.86
2026-05-07 16:52:06 | DEBUG   | dpfl.core.base_simulator | Update norms — honest: ['2.08', '2.53', '1.63', '2.62', '2.17'], attacker: ['11.57', '11.29', '11.76', '11.21', '11.64']
2026-05-07 16:52:08 | INFO    | dpfl.core.base_simulator | Round  92/150 | Acc: 0.8798 | Loss: 0.4083 | eps_max: 2.24 eps_avg: 1.95 | P: 0.43 R: 1.00 F1: 0.79
2026-05-07 16:52:08 | DEBUG   | dpfl.core.base_simulator | Update norms — honest: ['1.89', '2.11', '1.35', '1.84', '1.76'], attacker: ['11.54', '10.73', '11.66', '11.03', '11.06']
2026-05-07 16:52:10 | INFO    | dpfl.core.base_simulator | Round  93/150 | Acc: 0.8799 | Loss: 0.4049 | eps_max: 2.24 eps_avg: 1.95 | P: 0.38 R: 1.00 F1: 0.83
2026-05-07 16:52:10 | DEBUG   | dpfl.core.base_simulator | Update norms — honest: ['2.11', '2.52', '2.02', '2.86', '1.58'], attacker: ['11.43', '11.42', '11.01', '11.15', '11.80']
2026-05-07 16:52:13 | INFO    | dpfl.core.base_simulator | Round  94/150 | Acc: 0.8796 | Loss: 0.4058 | eps_max: 2.24 eps_avg: 1.95 | P: 0.54 R: 1.00 F1: 0.93
2026-05-07 16:52:13 | DEBUG   | dpfl.core.base_simulator | Update norms — honest: ['2.13', '3.02', '2.54', '1.35', '1.69'], attacker: ['11.17', '11.26', '11.72', '11.67', '10.87']
2026-05-07 16:52:15 | INFO    | dpfl.core.base_simulator | Round  95/150 | Acc: 0.8798 | Loss: 0.4057 | eps_max: 2.24 eps_avg: 1.96 | P: 0.58 R: 1.00 F1: 0.95
2026-05-07 16:52:15 | DEBUG   | dpfl.core.base_simulator | Update norms — honest: ['2.95', '1.87', '1.43', '0.56', '2.44'], attacker: ['10.63', '11.37', '11.21', '11.20', '11.85']
2026-05-07 16:52:15 | WARNING | dpfl.algorithms.noise_game.simulator | Node 437 round 95: NSR=20994.75 exceeds 20000.0
2026-05-07 16:52:17 | INFO    | dpfl.core.base_simulator | Round  96/150 | Acc: 0.8797 | Loss: 0.4059 | eps_max: 2.24 eps_avg: 1.96 | P: 0.51 R: 1.00 F1: 0.87
2026-05-07 16:52:17 | DEBUG   | dpfl.core.base_simulator | Update norms — honest: ['2.85', '2.76', '2.49', '2.63', '1.75'], attacker: ['11.56', '11.45', '11.33', '11.12', '11.08']
2026-05-07 16:52:20 | INFO    | dpfl.core.base_simulator | Round  97/150 | Acc: 0.8795 | Loss: 0.4065 | eps_max: 2.24 eps_avg: 1.96 | P: 0.47 R: 1.00 F1: 0.73
2026-05-07 16:52:20 | DEBUG   | dpfl.core.base_simulator | Update norms — honest: ['2.37', '1.18', '2.94', '1.38', '1.65'], attacker: ['12.05', '11.42', '12.34', '11.42', '12.00']
2026-05-07 16:52:22 | INFO    | dpfl.core.base_simulator | Round  98/150 | Acc: 0.8795 | Loss: 0.4067 | eps_max: 2.24 eps_avg: 1.96 | P: 0.51 R: 1.00 F1: 0.89
2026-05-07 16:52:22 | DEBUG   | dpfl.core.base_simulator | Update norms — honest: ['1.73', '1.45', '2.53', '1.98', '1.96'], attacker: ['11.48', '10.85', '11.79', '11.73', '11.97']
2026-05-07 16:52:24 | INFO    | dpfl.core.base_simulator | Round  99/150 | Acc: 0.8794 | Loss: 0.4074 | eps_max: 2.24 eps_avg: 1.96 | P: 0.54 R: 1.00 F1: 0.91
2026-05-07 16:52:24 | DEBUG   | dpfl.core.base_simulator | Update norms — honest: ['2.34', '1.27', '2.13', '2.02', '2.57'], attacker: ['11.72', '11.38', '12.12', '11.44', '12.52']
2026-05-07 16:52:27 | INFO    | dpfl.core.base_simulator | Round 100/150 | Acc: 0.8795 | Loss: 0.4072 | eps_max: 2.24 eps_avg: 1.96 | P: 0.49 R: 1.00 F1: 0.90
2026-05-07 16:52:27 | DEBUG   | dpfl.core.base_simulator | Update norms — honest: ['1.75', '1.74', '3.00', '2.55', '2.27'], attacker: ['11.38', '11.26', '11.99', '12.23', '11.46']
2026-05-07 16:52:29 | INFO    | dpfl.core.base_simulator | Round 101/150 | Acc: 0.8792 | Loss: 0.4086 | eps_max: 2.24 eps_avg: 1.97 | P: 0.47 R: 1.00 F1: 0.90
2026-05-07 16:52:29 | DEBUG   | dpfl.core.base_simulator | Update norms — honest: ['3.35', '2.07', '1.96', '1.69', '2.01'], attacker: ['11.42', '11.20', '11.82', '11.52', '12.32']
2026-05-07 16:52:31 | INFO    | dpfl.core.base_simulator | Round 102/150 | Acc: 0.8793 | Loss: 0.4085 | eps_max: 2.24 eps_avg: 1.97 | P: 0.52 R: 1.00 F1: 0.82
2026-05-07 16:52:31 | DEBUG   | dpfl.core.base_simulator | Update norms — honest: ['1.74', '0.82', '2.82', '1.20', '2.33'], attacker: ['12.20', '11.58', '11.70', '11.43', '12.07']
2026-05-07 16:52:34 | INFO    | dpfl.core.base_simulator | Round 103/150 | Acc: 0.8790 | Loss: 0.4091 | eps_max: 2.25 eps_avg: 1.97 | P: 0.66 R: 1.00 F1: 0.92
2026-05-07 16:52:34 | DEBUG   | dpfl.core.base_simulator | Update norms — honest: ['2.62', '2.16', '1.89', '0.88', '3.20'], attacker: ['11.45', '11.77', '11.90', '11.61', '12.18']
2026-05-07 16:52:36 | INFO    | dpfl.core.base_simulator | Round 104/150 | Acc: 0.8788 | Loss: 0.4107 | eps_max: 2.25 eps_avg: 1.97 | P: 0.54 R: 1.00 F1: 0.84
2026-05-07 16:52:36 | DEBUG   | dpfl.core.base_simulator | Update norms — honest: ['2.07', '0.56', '2.14', '1.37', '2.07'], attacker: ['11.67', '11.76', '11.08', '10.96', '11.52']
2026-05-07 16:52:36 | WARNING | dpfl.algorithms.noise_game.simulator | Node 232 round 104: NSR=21945.25 exceeds 20000.0
2026-05-07 16:52:38 | INFO    | dpfl.core.base_simulator | Round 105/150 | Acc: 0.8788 | Loss: 0.4103 | eps_max: 2.25 eps_avg: 1.97 | P: 0.67 R: 1.00 F1: 0.90
2026-05-07 16:52:38 | DEBUG   | dpfl.core.base_simulator | Update norms — honest: ['1.82', '1.62', '0.75', '3.14', '2.33'], attacker: ['11.63', '11.81', '11.39', '11.50', '11.58']
2026-05-07 16:52:39 | WARNING | dpfl.algorithms.noise_game.simulator | Node 419 round 105: NSR=20671.37 exceeds 20000.0
2026-05-07 16:52:41 | INFO    | dpfl.core.base_simulator | Round 106/150 | Acc: 0.8787 | Loss: 0.4127 | eps_max: 2.25 eps_avg: 1.97 | P: 0.49 R: 1.00 F1: 0.92
2026-05-07 16:52:41 | DEBUG   | dpfl.core.base_simulator | Update norms — honest: ['1.30', '3.26', '2.31', '3.57', '1.73'], attacker: ['11.93', '11.14', '11.31', '11.22', '11.66']
2026-05-07 16:52:41 | WARNING | dpfl.algorithms.noise_game.simulator | Node 402 round 106: NSR=21702.57 exceeds 20000.0
2026-05-07 16:52:43 | INFO    | dpfl.core.base_simulator | Round 107/150 | Acc: 0.8787 | Loss: 0.4115 | eps_max: 2.25 eps_avg: 1.98 | P: 0.42 R: 1.00 F1: 0.84
2026-05-07 16:52:43 | DEBUG   | dpfl.core.base_simulator | Update norms — honest: ['2.85', '3.12', '2.98', '1.32', '1.63'], attacker: ['11.72', '11.09', '11.53', '11.29', '11.31']
2026-05-07 16:52:43 | WARNING | dpfl.algorithms.noise_game.simulator | Node 248 round 107: NSR=20393.34 exceeds 20000.0
2026-05-07 16:52:43 | WARNING | dpfl.algorithms.noise_game.simulator | Node 355 round 107: NSR=21248.13 exceeds 20000.0
2026-05-07 16:52:45 | INFO    | dpfl.core.base_simulator | Round 108/150 | Acc: 0.8783 | Loss: 0.4132 | eps_max: 2.25 eps_avg: 1.98 | P: 0.59 R: 1.00 F1: 0.87
2026-05-07 16:52:45 | DEBUG   | dpfl.core.base_simulator | Update norms — honest: ['4.48', '3.32', '2.52', '1.81', '1.75'], attacker: ['11.66', '11.01', '11.63', '10.62', '11.68']
2026-05-07 16:52:45 | WARNING | dpfl.algorithms.noise_game.simulator | Node 266 round 108: NSR=20816.38 exceeds 20000.0
2026-05-07 16:52:48 | INFO    | dpfl.core.base_simulator | Round 109/150 | Acc: 0.8778 | Loss: 0.4216 | eps_max: 2.26 eps_avg: 1.98 | P: 0.61 R: 1.00 F1: 0.95
2026-05-07 16:52:48 | DEBUG   | dpfl.core.base_simulator | Update norms — honest: ['3.16', '2.71', '1.71', '0.98', '2.01'], attacker: ['12.20', '11.29', '12.77', '11.28', '11.25']
2026-05-07 16:52:48 | WARNING | dpfl.algorithms.noise_game.simulator | Node 253 round 109: NSR=20038.27 exceeds 20000.0
2026-05-07 16:52:48 | WARNING | dpfl.algorithms.noise_game.simulator | Node 320 round 109: NSR=20975.67 exceeds 20000.0
2026-05-07 16:52:50 | INFO    | dpfl.core.base_simulator | Round 110/150 | Acc: 0.8776 | Loss: 0.4161 | eps_max: 2.26 eps_avg: 1.98 | P: 0.58 R: 1.00 F1: 0.88
2026-05-07 16:52:50 | DEBUG   | dpfl.core.base_simulator | Update norms — honest: ['2.02', '2.01', '0.87', '3.74', '1.25'], attacker: ['12.06', '11.13', '11.34', '11.14', '11.00']
2026-05-07 16:52:50 | WARNING | dpfl.algorithms.noise_game.simulator | Node 250 round 110: NSR=20237.08 exceeds 20000.0
2026-05-07 16:52:50 | WARNING | dpfl.algorithms.noise_game.simulator | Node 437 round 110: NSR=20545.79 exceeds 20000.0
2026-05-07 16:52:53 | INFO    | dpfl.core.base_simulator | Round 111/150 | Acc: 0.8772 | Loss: 0.4181 | eps_max: 2.27 eps_avg: 1.98 | P: 0.49 R: 1.00 F1: 0.83
2026-05-07 16:52:53 | DEBUG   | dpfl.core.base_simulator | Update norms — honest: ['3.27', '2.49', '2.24', '3.34', '1.48'], attacker: ['11.88', '11.10', '11.62', '11.07', '11.49']
2026-05-07 16:52:53 | WARNING | dpfl.algorithms.noise_game.simulator | Node 224 round 111: NSR=21285.45 exceeds 20000.0
2026-05-07 16:52:53 | WARNING | dpfl.algorithms.noise_game.simulator | Node 482 round 111: NSR=21000.71 exceeds 20000.0
2026-05-07 16:52:55 | INFO    | dpfl.core.base_simulator | Round 112/150 | Acc: 0.8772 | Loss: 0.4185 | eps_max: 2.27 eps_avg: 1.98 | P: 0.48 R: 1.00 F1: 0.82
2026-05-07 16:52:55 | DEBUG   | dpfl.core.base_simulator | Update norms — honest: ['3.03', '0.69', '2.21', '3.11', '2.71'], attacker: ['11.79', '11.52', '12.23', '11.68', '10.95']
2026-05-07 16:52:55 | WARNING | dpfl.algorithms.noise_game.simulator | Node 226 round 112: NSR=20485.95 exceeds 20000.0
2026-05-07 16:52:58 | INFO    | dpfl.core.base_simulator | Round 113/150 | Acc: 0.8772 | Loss: 0.4186 | eps_max: 2.27 eps_avg: 1.98 | P: 0.79 R: 1.00 F1: 0.95
2026-05-07 16:52:58 | DEBUG   | dpfl.core.base_simulator | Update norms — honest: ['2.05', '1.19', '1.93', '2.54', '3.10'], attacker: ['12.16', '11.92', '11.27', '11.16', '11.42']
2026-05-07 16:52:58 | WARNING | dpfl.algorithms.noise_game.simulator | Node 260 round 113: NSR=21072.82 exceeds 20000.0
2026-05-07 16:52:58 | WARNING | dpfl.algorithms.noise_game.simulator | Node 322 round 113: NSR=20207.04 exceeds 20000.0
2026-05-07 16:52:58 | WARNING | dpfl.algorithms.noise_game.simulator | Node 402 round 113: NSR=21233.75 exceeds 20000.0
2026-05-07 16:52:58 | WARNING | dpfl.algorithms.noise_game.simulator | Node 432 round 113: NSR=20326.84 exceeds 20000.0
2026-05-07 16:53:00 | INFO    | dpfl.core.base_simulator | Round 114/150 | Acc: 0.8768 | Loss: 0.4207 | eps_max: 2.27 eps_avg: 1.98 | P: 0.51 R: 1.00 F1: 0.77
2026-05-07 16:53:00 | DEBUG   | dpfl.core.base_simulator | Update norms — honest: ['3.55', '2.73', '1.57', '2.40', '1.32'], attacker: ['11.46', '10.83', '12.62', '11.34', '11.51']
2026-05-07 16:53:00 | WARNING | dpfl.algorithms.noise_game.simulator | Node 202 round 114: NSR=20352.45 exceeds 20000.0
2026-05-07 16:53:00 | WARNING | dpfl.algorithms.noise_game.simulator | Node 377 round 114: NSR=20168.70 exceeds 20000.0
2026-05-07 16:53:02 | INFO    | dpfl.core.base_simulator | Round 115/150 | Acc: 0.8767 | Loss: 0.4216 | eps_max: 2.27 eps_avg: 1.98 | P: 0.76 R: 1.00 F1: 0.93
2026-05-07 16:53:02 | DEBUG   | dpfl.core.base_simulator | Update norms — honest: ['0.27', '2.25', '1.70', '2.71', '2.94'], attacker: ['11.98', '12.08', '11.82', '11.67', '11.37']
2026-05-07 16:53:02 | WARNING | dpfl.algorithms.noise_game.simulator | Node 230 round 115: NSR=22519.79 exceeds 20000.0
2026-05-07 16:53:02 | WARNING | dpfl.algorithms.noise_game.simulator | Node 243 round 115: NSR=20962.20 exceeds 20000.0
2026-05-07 16:53:02 | WARNING | dpfl.algorithms.noise_game.simulator | Node 321 round 115: NSR=20965.92 exceeds 20000.0
2026-05-07 16:53:02 | WARNING | dpfl.algorithms.noise_game.simulator | Node 396 round 115: NSR=20387.07 exceeds 20000.0
2026-05-07 16:53:02 | WARNING | dpfl.algorithms.noise_game.simulator | Node 413 round 115: NSR=26285.34 exceeds 20000.0
2026-05-07 16:53:02 | WARNING | dpfl.algorithms.noise_game.simulator | Node 427 round 115: NSR=20902.16 exceeds 20000.0
2026-05-07 16:53:04 | INFO    | dpfl.core.base_simulator | Round 116/150 | Acc: 0.8764 | Loss: 0.4233 | eps_max: 2.29 eps_avg: 1.98 | P: 0.52 R: 1.00 F1: 0.92
2026-05-07 16:53:04 | DEBUG   | dpfl.core.base_simulator | Update norms — honest: ['1.01', '1.76', '1.63', '1.85', '3.11'], attacker: ['12.07', '12.07', '12.55', '12.05', '11.47']
2026-05-07 16:53:05 | WARNING | dpfl.algorithms.noise_game.simulator | Node 246 round 116: NSR=20664.44 exceeds 20000.0
2026-05-07 16:53:05 | WARNING | dpfl.algorithms.noise_game.simulator | Node 284 round 116: NSR=22139.72 exceeds 20000.0
2026-05-07 16:53:05 | WARNING | dpfl.algorithms.noise_game.simulator | Node 328 round 116: NSR=21880.19 exceeds 20000.0
2026-05-07 16:53:05 | WARNING | dpfl.algorithms.noise_game.simulator | Node 351 round 116: NSR=21168.14 exceeds 20000.0
2026-05-07 16:53:05 | WARNING | dpfl.algorithms.noise_game.simulator | Node 377 round 116: NSR=20517.21 exceeds 20000.0
2026-05-07 16:53:05 | WARNING | dpfl.algorithms.noise_game.simulator | Node 482 round 116: NSR=21396.01 exceeds 20000.0
2026-05-07 16:53:07 | INFO    | dpfl.core.base_simulator | Round 117/150 | Acc: 0.8757 | Loss: 0.4257 | eps_max: 2.29 eps_avg: 1.98 | P: 0.45 R: 1.00 F1: 0.72
2026-05-07 16:53:07 | DEBUG   | dpfl.core.base_simulator | Update norms — honest: ['1.23', '2.32', '3.52', '4.14', '3.84'], attacker: ['11.24', '11.60', '12.00', '11.63', '11.05']
2026-05-07 16:53:07 | WARNING | dpfl.algorithms.noise_game.simulator | Node 236 round 117: NSR=21110.52 exceeds 20000.0
2026-05-07 16:53:07 | WARNING | dpfl.algorithms.noise_game.simulator | Node 359 round 117: NSR=22405.91 exceeds 20000.0
2026-05-07 16:53:07 | WARNING | dpfl.algorithms.noise_game.simulator | Node 374 round 117: NSR=21210.04 exceeds 20000.0
2026-05-07 16:53:07 | WARNING | dpfl.algorithms.noise_game.simulator | Node 440 round 117: NSR=20358.72 exceeds 20000.0
2026-05-07 16:53:07 | WARNING | dpfl.algorithms.noise_game.simulator | Node 498 round 117: NSR=21903.28 exceeds 20000.0
2026-05-07 16:53:09 | INFO    | dpfl.core.base_simulator | Round 118/150 | Acc: 0.8761 | Loss: 0.4250 | eps_max: 2.29 eps_avg: 1.98 | P: 0.47 R: 1.00 F1: 0.90
2026-05-07 16:53:09 | DEBUG   | dpfl.core.base_simulator | Update norms — honest: ['2.35', '1.19', '2.59', '2.65', '2.78'], attacker: ['11.79', '12.06', '11.62', '11.34', '11.70']
2026-05-07 16:53:09 | WARNING | dpfl.algorithms.noise_game.simulator | Node 395 round 118: NSR=22106.39 exceeds 20000.0
2026-05-07 16:53:09 | WARNING | dpfl.algorithms.noise_game.simulator | Node 419 round 118: NSR=20838.71 exceeds 20000.0
2026-05-07 16:53:09 | WARNING | dpfl.algorithms.noise_game.simulator | Node 449 round 118: NSR=20539.53 exceeds 20000.0
2026-05-07 16:53:09 | WARNING | dpfl.algorithms.noise_game.simulator | Node 480 round 118: NSR=20188.33 exceeds 20000.0
2026-05-07 16:53:09 | WARNING | dpfl.algorithms.noise_game.simulator | Node 489 round 118: NSR=21923.10 exceeds 20000.0
2026-05-07 16:53:12 | INFO    | dpfl.core.base_simulator | Round 119/150 | Acc: 0.8748 | Loss: 0.4299 | eps_max: 2.29 eps_avg: 1.98 | P: 0.51 R: 1.00 F1: 0.83
2026-05-07 16:53:12 | DEBUG   | dpfl.core.base_simulator | Update norms — honest: ['2.12', '2.19', '2.15', '2.36', '3.71'], attacker: ['11.96', '11.20', '12.13', '11.04', '11.26']
2026-05-07 16:53:12 | WARNING | dpfl.algorithms.noise_game.simulator | Node 247 round 119: NSR=22636.46 exceeds 20000.0
2026-05-07 16:53:12 | WARNING | dpfl.algorithms.noise_game.simulator | Node 335 round 119: NSR=20759.54 exceeds 20000.0
2026-05-07 16:53:12 | WARNING | dpfl.algorithms.noise_game.simulator | Node 379 round 119: NSR=20859.54 exceeds 20000.0
2026-05-07 16:53:12 | WARNING | dpfl.algorithms.noise_game.simulator | Node 397 round 119: NSR=20134.19 exceeds 20000.0
2026-05-07 16:53:14 | INFO    | dpfl.core.base_simulator | Round 120/150 | Acc: 0.8748 | Loss: 0.4310 | eps_max: 2.29 eps_avg: 1.99 | P: 0.49 R: 1.00 F1: 0.88
2026-05-07 16:53:14 | DEBUG   | dpfl.core.base_simulator | Update norms — honest: ['1.47', '1.89', '3.25', '2.70', '1.95'], attacker: ['12.40', '12.13', '11.52', '11.56', '11.34']
2026-05-07 16:53:15 | WARNING | dpfl.algorithms.noise_game.simulator | Node 252 round 120: NSR=21828.26 exceeds 20000.0
2026-05-07 16:53:15 | WARNING | dpfl.algorithms.noise_game.simulator | Node 332 round 120: NSR=20054.36 exceeds 20000.0
2026-05-07 16:53:15 | WARNING | dpfl.algorithms.noise_game.simulator | Node 354 round 120: NSR=22210.83 exceeds 20000.0
2026-05-07 16:53:15 | WARNING | dpfl.algorithms.noise_game.simulator | Node 413 round 120: NSR=23419.31 exceeds 20000.0
2026-05-07 16:53:15 | WARNING | dpfl.algorithms.noise_game.simulator | Node 425 round 120: NSR=21612.21 exceeds 20000.0
2026-05-07 16:53:15 | WARNING | dpfl.algorithms.noise_game.simulator | Node 439 round 120: NSR=20566.20 exceeds 20000.0
2026-05-07 16:53:17 | INFO    | dpfl.core.base_simulator | Round 121/150 | Acc: 0.8742 | Loss: 0.4331 | eps_max: 2.29 eps_avg: 1.99 | P: 0.55 R: 1.00 F1: 0.85
2026-05-07 16:53:17 | DEBUG   | dpfl.core.base_simulator | Update norms — honest: ['3.19', '3.50', '3.07', '2.24', '1.96'], attacker: ['11.39', '11.60', '11.85', '11.12', '10.98']
2026-05-07 16:53:17 | WARNING | dpfl.algorithms.noise_game.simulator | Node 322 round 121: NSR=20036.37 exceeds 20000.0
2026-05-07 16:53:17 | WARNING | dpfl.algorithms.noise_game.simulator | Node 413 round 121: NSR=21098.67 exceeds 20000.0
2026-05-07 16:53:19 | INFO    | dpfl.core.base_simulator | Round 122/150 | Acc: 0.8740 | Loss: 0.4344 | eps_max: 2.29 eps_avg: 1.99 | P: 0.51 R: 1.00 F1: 0.86
2026-05-07 16:53:19 | DEBUG   | dpfl.core.base_simulator | Update norms — honest: ['2.76', '3.24', '2.06', '3.04', '2.39'], attacker: ['11.89', '11.47', '11.54', '12.16', '11.27']
2026-05-07 16:53:19 | WARNING | dpfl.algorithms.noise_game.simulator | Node 224 round 122: NSR=20624.58 exceeds 20000.0
2026-05-07 16:53:19 | WARNING | dpfl.algorithms.noise_game.simulator | Node 267 round 122: NSR=20097.60 exceeds 20000.0
2026-05-07 16:53:19 | WARNING | dpfl.algorithms.noise_game.simulator | Node 285 round 122: NSR=21351.40 exceeds 20000.0
2026-05-07 16:53:19 | WARNING | dpfl.algorithms.noise_game.simulator | Node 355 round 122: NSR=21792.48 exceeds 20000.0
2026-05-07 16:53:22 | INFO    | dpfl.core.base_simulator | Round 123/150 | Acc: 0.8739 | Loss: 0.4351 | eps_max: 2.29 eps_avg: 1.99 | P: 0.56 R: 1.00 F1: 0.87
2026-05-07 16:53:22 | DEBUG   | dpfl.core.base_simulator | Update norms — honest: ['1.33', '3.45', '2.70', '1.78', '1.67'], attacker: ['11.94', '11.45', '11.40', '11.58', '10.72']
2026-05-07 16:53:22 | WARNING | dpfl.algorithms.noise_game.simulator | Node 379 round 123: NSR=20143.64 exceeds 20000.0
2026-05-07 16:53:22 | WARNING | dpfl.algorithms.noise_game.simulator | Node 389 round 123: NSR=20022.92 exceeds 20000.0
2026-05-07 16:53:24 | INFO    | dpfl.core.base_simulator | Round 124/150 | Acc: 0.8740 | Loss: 0.4357 | eps_max: 2.29 eps_avg: 1.99 | P: 0.46 R: 1.00 F1: 0.88
2026-05-07 16:53:24 | DEBUG   | dpfl.core.base_simulator | Update norms — honest: ['3.44', '1.84', '2.83', '0.75', '1.80'], attacker: ['12.14', '11.29', '11.83', '11.81', '11.99']
2026-05-07 16:53:24 | WARNING | dpfl.algorithms.noise_game.simulator | Node 237 round 124: NSR=20354.31 exceeds 20000.0
2026-05-07 16:53:24 | WARNING | dpfl.algorithms.noise_game.simulator | Node 310 round 124: NSR=22908.80 exceeds 20000.0
2026-05-07 16:53:24 | WARNING | dpfl.algorithms.noise_game.simulator | Node 395 round 124: NSR=24484.16 exceeds 20000.0
2026-05-07 16:53:24 | WARNING | dpfl.algorithms.noise_game.simulator | Node 398 round 124: NSR=22472.65 exceeds 20000.0
2026-05-07 16:53:24 | WARNING | dpfl.algorithms.noise_game.simulator | Node 491 round 124: NSR=22803.06 exceeds 20000.0
2026-05-07 16:53:26 | INFO    | dpfl.core.base_simulator | Round 125/150 | Acc: 0.8742 | Loss: 0.4357 | eps_max: 2.29 eps_avg: 1.99 | P: 0.52 R: 1.00 F1: 0.97
2026-05-07 16:53:26 | DEBUG   | dpfl.core.base_simulator | Update norms — honest: ['1.70', '2.20', '0.13', '2.46', '3.21'], attacker: ['11.75', '11.01', '10.99', '11.59', '11.43']
2026-05-07 16:53:26 | WARNING | dpfl.algorithms.noise_game.simulator | Node 227 round 125: NSR=20947.11 exceeds 20000.0
2026-05-07 16:53:26 | WARNING | dpfl.algorithms.noise_game.simulator | Node 243 round 125: NSR=20481.75 exceeds 20000.0
2026-05-07 16:53:26 | WARNING | dpfl.algorithms.noise_game.simulator | Node 252 round 125: NSR=22418.57 exceeds 20000.0
2026-05-07 16:53:26 | WARNING | dpfl.algorithms.noise_game.simulator | Node 266 round 125: NSR=25431.76 exceeds 20000.0
2026-05-07 16:53:26 | WARNING | dpfl.algorithms.noise_game.simulator | Node 371 round 125: NSR=21853.71 exceeds 20000.0
2026-05-07 16:53:26 | WARNING | dpfl.algorithms.noise_game.simulator | Node 417 round 125: NSR=25093.96 exceeds 20000.0
2026-05-07 16:53:26 | WARNING | dpfl.algorithms.noise_game.simulator | Node 468 round 125: NSR=20207.23 exceeds 20000.0
2026-05-07 16:53:26 | WARNING | dpfl.algorithms.noise_game.simulator | Node 475 round 125: NSR=20929.48 exceeds 20000.0
2026-05-07 16:53:29 | INFO    | dpfl.core.base_simulator | Round 126/150 | Acc: 0.8740 | Loss: 0.4366 | eps_max: 2.29 eps_avg: 1.99 | P: 0.71 R: 1.00 F1: 0.94
2026-05-07 16:53:29 | DEBUG   | dpfl.core.base_simulator | Update norms — honest: ['2.43', '2.04', '2.84', '2.70', '2.72'], attacker: ['12.79', '11.67', '11.82', '11.44', '11.05']
2026-05-07 16:53:29 | WARNING | dpfl.algorithms.noise_game.simulator | Node 203 round 126: NSR=20544.48 exceeds 20000.0
2026-05-07 16:53:29 | WARNING | dpfl.algorithms.noise_game.simulator | Node 241 round 126: NSR=24085.26 exceeds 20000.0
2026-05-07 16:53:29 | WARNING | dpfl.algorithms.noise_game.simulator | Node 260 round 126: NSR=23424.30 exceeds 20000.0
2026-05-07 16:53:29 | WARNING | dpfl.algorithms.noise_game.simulator | Node 270 round 126: NSR=22850.83 exceeds 20000.0
2026-05-07 16:53:29 | WARNING | dpfl.algorithms.noise_game.simulator | Node 278 round 126: NSR=21775.31 exceeds 20000.0
2026-05-07 16:53:29 | WARNING | dpfl.algorithms.noise_game.simulator | Node 326 round 126: NSR=20227.56 exceeds 20000.0
2026-05-07 16:53:31 | INFO    | dpfl.core.base_simulator | Round 127/150 | Acc: 0.8742 | Loss: 0.4366 | eps_max: 2.29 eps_avg: 1.99 | P: 0.62 R: 1.00 F1: 0.89
2026-05-07 16:53:31 | DEBUG   | dpfl.core.base_simulator | Update norms — honest: ['2.59', '1.77', '1.88', '2.31', '2.17'], attacker: ['12.07', '11.44', '12.09', '10.67', '10.97']
2026-05-07 16:53:31 | WARNING | dpfl.algorithms.noise_game.simulator | Node 217 round 127: NSR=24670.10 exceeds 20000.0
2026-05-07 16:53:31 | WARNING | dpfl.algorithms.noise_game.simulator | Node 266 round 127: NSR=24575.00 exceeds 20000.0
2026-05-07 16:53:31 | WARNING | dpfl.algorithms.noise_game.simulator | Node 280 round 127: NSR=28357.61 exceeds 20000.0
2026-05-07 16:53:31 | WARNING | dpfl.algorithms.noise_game.simulator | Node 301 round 127: NSR=23595.31 exceeds 20000.0
2026-05-07 16:53:31 | WARNING | dpfl.algorithms.noise_game.simulator | Node 318 round 127: NSR=20069.26 exceeds 20000.0
2026-05-07 16:53:31 | WARNING | dpfl.algorithms.noise_game.simulator | Node 343 round 127: NSR=21962.33 exceeds 20000.0
2026-05-07 16:53:31 | WARNING | dpfl.algorithms.noise_game.simulator | Node 378 round 127: NSR=20367.54 exceeds 20000.0
2026-05-07 16:53:31 | WARNING | dpfl.algorithms.noise_game.simulator | Node 404 round 127: NSR=22535.57 exceeds 20000.0
2026-05-07 16:53:31 | WARNING | dpfl.algorithms.noise_game.simulator | Node 419 round 127: NSR=21476.75 exceeds 20000.0
2026-05-07 16:53:33 | INFO    | dpfl.core.base_simulator | Round 128/150 | Acc: 0.8736 | Loss: 0.4401 | eps_max: 2.29 eps_avg: 1.99 | P: 0.49 R: 1.00 F1: 0.87
2026-05-07 16:53:33 | DEBUG   | dpfl.core.base_simulator | Update norms — honest: ['4.47', '3.05', '1.75', '2.74', '1.05'], attacker: ['33.24', '35.73', '46.66', '49.51', '78.11']
2026-05-07 16:53:33 | WARNING | dpfl.algorithms.noise_game.simulator | Node 254 round 128: NSR=25230.02 exceeds 20000.0
2026-05-07 16:53:33 | WARNING | dpfl.algorithms.noise_game.simulator | Node 255 round 128: NSR=22989.32 exceeds 20000.0
2026-05-07 16:53:33 | WARNING | dpfl.algorithms.noise_game.simulator | Node 265 round 128: NSR=23889.07 exceeds 20000.0
2026-05-07 16:53:33 | WARNING | dpfl.algorithms.noise_game.simulator | Node 286 round 128: NSR=21412.79 exceeds 20000.0
2026-05-07 16:53:33 | WARNING | dpfl.algorithms.noise_game.simulator | Node 299 round 128: NSR=28325.63 exceeds 20000.0
2026-05-07 16:53:33 | WARNING | dpfl.algorithms.noise_game.simulator | Node 324 round 128: NSR=23190.10 exceeds 20000.0
2026-05-07 16:53:33 | WARNING | dpfl.algorithms.noise_game.simulator | Node 369 round 128: NSR=21130.08 exceeds 20000.0
2026-05-07 16:53:33 | WARNING | dpfl.algorithms.noise_game.simulator | Node 379 round 128: NSR=21350.81 exceeds 20000.0
2026-05-07 16:53:33 | WARNING | dpfl.algorithms.noise_game.simulator | Node 417 round 128: NSR=23564.33 exceeds 20000.0
2026-05-07 16:53:33 | WARNING | dpfl.algorithms.noise_game.simulator | Node 484 round 128: NSR=20988.18 exceeds 20000.0
2026-05-07 16:53:35 | INFO    | dpfl.core.base_simulator | Round 129/150 | Acc: 0.8740 | Loss: 0.4389 | eps_max: 2.29 eps_avg: 1.99 | P: 0.58 R: 1.00 F1: 0.84
2026-05-07 16:53:35 | DEBUG   | dpfl.core.base_simulator | Update norms — honest: ['2.17', '1.35', '2.14', '1.20', '1.53'], attacker: ['32.74', '35.57', '46.58', '48.41', '78.34']
2026-05-07 16:53:36 | WARNING | dpfl.algorithms.noise_game.simulator | Node 222 round 129: NSR=21510.81 exceeds 20000.0
2026-05-07 16:53:36 | WARNING | dpfl.algorithms.noise_game.simulator | Node 241 round 129: NSR=20793.23 exceeds 20000.0
2026-05-07 16:53:36 | WARNING | dpfl.algorithms.noise_game.simulator | Node 288 round 129: NSR=24292.02 exceeds 20000.0
2026-05-07 16:53:36 | WARNING | dpfl.algorithms.noise_game.simulator | Node 364 round 129: NSR=22660.23 exceeds 20000.0
2026-05-07 16:53:36 | WARNING | dpfl.algorithms.noise_game.simulator | Node 366 round 129: NSR=22525.72 exceeds 20000.0
2026-05-07 16:53:36 | WARNING | dpfl.algorithms.noise_game.simulator | Node 374 round 129: NSR=21569.21 exceeds 20000.0
2026-05-07 16:53:36 | WARNING | dpfl.algorithms.noise_game.simulator | Node 446 round 129: NSR=22442.86 exceeds 20000.0
2026-05-07 16:53:36 | WARNING | dpfl.algorithms.noise_game.simulator | Node 458 round 129: NSR=20572.01 exceeds 20000.0
2026-05-07 16:53:38 | INFO    | dpfl.core.base_simulator | Round 130/150 | Acc: 0.8734 | Loss: 0.4415 | eps_max: 2.29 eps_avg: 1.99 | P: 0.54 R: 1.00 F1: 0.87
2026-05-07 16:53:38 | DEBUG   | dpfl.core.base_simulator | Update norms — honest: ['2.52', '2.06', '2.55', '3.66', '1.57'], attacker: ['33.50', '36.41', '47.25', '48.84', '77.49']
2026-05-07 16:53:38 | WARNING | dpfl.algorithms.noise_game.simulator | Node 222 round 130: NSR=21921.38 exceeds 20000.0
2026-05-07 16:53:38 | WARNING | dpfl.algorithms.noise_game.simulator | Node 236 round 130: NSR=21937.10 exceeds 20000.0
2026-05-07 16:53:38 | WARNING | dpfl.algorithms.noise_game.simulator | Node 245 round 130: NSR=20140.91 exceeds 20000.0
2026-05-07 16:53:38 | WARNING | dpfl.algorithms.noise_game.simulator | Node 261 round 130: NSR=20701.78 exceeds 20000.0
2026-05-07 16:53:38 | WARNING | dpfl.algorithms.noise_game.simulator | Node 444 round 130: NSR=25117.16 exceeds 20000.0
2026-05-07 16:53:40 | INFO    | dpfl.core.base_simulator | Round 131/150 | Acc: 0.8735 | Loss: 0.4422 | eps_max: 2.29 eps_avg: 1.99 | P: 0.57 R: 1.00 F1: 0.94
2026-05-07 16:53:40 | DEBUG   | dpfl.core.base_simulator | Update norms — honest: ['2.36', '1.81', '1.23', '2.26', '3.49'], attacker: ['33.63', '35.72', '47.13', '49.82', '78.40']
2026-05-07 16:53:40 | WARNING | dpfl.algorithms.noise_game.simulator | Node 209 round 131: NSR=27948.70 exceeds 20000.0
2026-05-07 16:53:40 | WARNING | dpfl.algorithms.noise_game.simulator | Node 244 round 131: NSR=24032.30 exceeds 20000.0
2026-05-07 16:53:40 | WARNING | dpfl.algorithms.noise_game.simulator | Node 431 round 131: NSR=21249.85 exceeds 20000.0
2026-05-07 16:53:40 | WARNING | dpfl.algorithms.noise_game.simulator | Node 498 round 131: NSR=22728.72 exceeds 20000.0
2026-05-07 16:53:42 | INFO    | dpfl.core.base_simulator | Round 132/150 | Acc: 0.8733 | Loss: 0.4432 | eps_max: 2.29 eps_avg: 1.99 | P: 0.71 R: 1.00 F1: 0.85
2026-05-07 16:53:42 | DEBUG   | dpfl.core.base_simulator | Update norms — honest: ['2.28', '2.34', '3.65', '2.30', '4.15'], attacker: ['35.16', '36.78', '47.45', '49.62', '77.46']
2026-05-07 16:53:43 | WARNING | dpfl.algorithms.noise_game.simulator | Node 293 round 132: NSR=21652.50 exceeds 20000.0
2026-05-07 16:53:43 | WARNING | dpfl.algorithms.noise_game.simulator | Node 341 round 132: NSR=24579.88 exceeds 20000.0
2026-05-07 16:53:43 | WARNING | dpfl.algorithms.noise_game.simulator | Node 370 round 132: NSR=26085.51 exceeds 20000.0
2026-05-07 16:53:43 | WARNING | dpfl.algorithms.noise_game.simulator | Node 377 round 132: NSR=23161.35 exceeds 20000.0
2026-05-07 16:53:43 | WARNING | dpfl.algorithms.noise_game.simulator | Node 411 round 132: NSR=21630.41 exceeds 20000.0
2026-05-07 16:53:43 | WARNING | dpfl.algorithms.noise_game.simulator | Node 457 round 132: NSR=24117.05 exceeds 20000.0
2026-05-07 16:53:45 | INFO    | dpfl.core.base_simulator | Round 133/150 | Acc: 0.8729 | Loss: 0.4449 | eps_max: 2.29 eps_avg: 1.99 | P: 0.31 R: 1.00 F1: 0.76
2026-05-07 16:53:45 | DEBUG   | dpfl.core.base_simulator | Update norms — honest: ['2.85', '2.56', '2.42', '2.86', '2.58'], attacker: ['34.33', '36.75', '48.45', '50.52', '78.01']
2026-05-07 16:53:45 | WARNING | dpfl.algorithms.noise_game.simulator | Node 236 round 133: NSR=22567.62 exceeds 20000.0
2026-05-07 16:53:45 | WARNING | dpfl.algorithms.noise_game.simulator | Node 256 round 133: NSR=21607.26 exceeds 20000.0
2026-05-07 16:53:45 | WARNING | dpfl.algorithms.noise_game.simulator | Node 271 round 133: NSR=21287.48 exceeds 20000.0
2026-05-07 16:53:45 | WARNING | dpfl.algorithms.noise_game.simulator | Node 352 round 133: NSR=20697.20 exceeds 20000.0
2026-05-07 16:53:45 | WARNING | dpfl.algorithms.noise_game.simulator | Node 407 round 133: NSR=27334.62 exceeds 20000.0
2026-05-07 16:53:47 | INFO    | dpfl.core.base_simulator | Round 134/150 | Acc: 0.8724 | Loss: 0.4481 | eps_max: 2.29 eps_avg: 2.00 | P: 0.56 R: 1.00 F1: 0.92
2026-05-07 16:53:47 | DEBUG   | dpfl.core.base_simulator | Update norms — honest: ['3.63', '2.04', '2.30', '2.37', '3.49'], attacker: ['32.36', '36.14', '46.54', '48.71', '77.93']
2026-05-07 16:53:47 | WARNING | dpfl.algorithms.noise_game.simulator | Node 251 round 134: NSR=21675.28 exceeds 20000.0
2026-05-07 16:53:47 | WARNING | dpfl.algorithms.noise_game.simulator | Node 322 round 134: NSR=21483.87 exceeds 20000.0
2026-05-07 16:53:47 | WARNING | dpfl.algorithms.noise_game.simulator | Node 361 round 134: NSR=29577.73 exceeds 20000.0
2026-05-07 16:53:47 | WARNING | dpfl.algorithms.noise_game.simulator | Node 383 round 134: NSR=27390.67 exceeds 20000.0
2026-05-07 16:53:47 | WARNING | dpfl.algorithms.noise_game.simulator | Node 431 round 134: NSR=23868.70 exceeds 20000.0
2026-05-07 16:53:47 | WARNING | dpfl.algorithms.noise_game.simulator | Node 459 round 134: NSR=27411.55 exceeds 20000.0
2026-05-07 16:53:47 | WARNING | dpfl.algorithms.noise_game.simulator | Node 467 round 134: NSR=20952.10 exceeds 20000.0
2026-05-07 16:53:50 | INFO    | dpfl.core.base_simulator | Round 135/150 | Acc: 0.8723 | Loss: 0.4496 | eps_max: 2.29 eps_avg: 2.00 | P: 0.70 R: 1.00 F1: 0.93
2026-05-07 16:53:50 | DEBUG   | dpfl.core.base_simulator | Update norms — honest: ['1.34', '3.72', '2.28', '2.25', '3.11'], attacker: ['33.80', '35.31', '47.73', '50.50', '78.08']
2026-05-07 16:53:50 | WARNING | dpfl.algorithms.noise_game.simulator | Node 301 round 135: NSR=20788.67 exceeds 20000.0
2026-05-07 16:53:50 | WARNING | dpfl.algorithms.noise_game.simulator | Node 332 round 135: NSR=20385.00 exceeds 20000.0
2026-05-07 16:53:50 | WARNING | dpfl.algorithms.noise_game.simulator | Node 357 round 135: NSR=22035.37 exceeds 20000.0
2026-05-07 16:53:50 | WARNING | dpfl.algorithms.noise_game.simulator | Node 407 round 135: NSR=26155.64 exceeds 20000.0
2026-05-07 16:53:52 | INFO    | dpfl.core.base_simulator | Round 136/150 | Acc: 0.8721 | Loss: 0.4506 | eps_max: 2.29 eps_avg: 2.00 | P: 0.44 R: 1.00 F1: 0.90
2026-05-07 16:53:52 | DEBUG   | dpfl.core.base_simulator | Update norms — honest: ['0.11', '3.15', '2.95', '3.10', '2.26'], attacker: ['33.15', '34.54', '47.22', '50.75', '78.06']
2026-05-07 16:53:52 | WARNING | dpfl.algorithms.noise_game.simulator | Node 206 round 136: NSR=27111.80 exceeds 20000.0
2026-05-07 16:53:52 | WARNING | dpfl.algorithms.noise_game.simulator | Node 255 round 136: NSR=21588.59 exceeds 20000.0
2026-05-07 16:53:52 | WARNING | dpfl.algorithms.noise_game.simulator | Node 265 round 136: NSR=23285.37 exceeds 20000.0
2026-05-07 16:53:52 | WARNING | dpfl.algorithms.noise_game.simulator | Node 328 round 136: NSR=21422.36 exceeds 20000.0
2026-05-07 16:53:52 | WARNING | dpfl.algorithms.noise_game.simulator | Node 367 round 136: NSR=28038.76 exceeds 20000.0
2026-05-07 16:53:52 | WARNING | dpfl.algorithms.noise_game.simulator | Node 378 round 136: NSR=22647.96 exceeds 20000.0
2026-05-07 16:53:52 | WARNING | dpfl.algorithms.noise_game.simulator | Node 427 round 136: NSR=21357.86 exceeds 20000.0
2026-05-07 16:53:52 | WARNING | dpfl.algorithms.noise_game.simulator | Node 448 round 136: NSR=21342.45 exceeds 20000.0
2026-05-07 16:53:52 | WARNING | dpfl.algorithms.noise_game.simulator | Node 463 round 136: NSR=24769.16 exceeds 20000.0
2026-05-07 16:53:52 | WARNING | dpfl.algorithms.noise_game.simulator | Node 497 round 136: NSR=20662.07 exceeds 20000.0
2026-05-07 16:53:54 | INFO    | dpfl.core.base_simulator | Round 137/150 | Acc: 0.8722 | Loss: 0.4514 | eps_max: 2.29 eps_avg: 2.00 | P: 0.68 R: 1.00 F1: 0.95
2026-05-07 16:53:54 | DEBUG   | dpfl.core.base_simulator | Update norms — honest: ['2.23', '1.76', '2.18', '2.65', '0.72'], attacker: ['33.51', '35.67', '47.95', '50.33', '78.39']
2026-05-07 16:53:54 | WARNING | dpfl.algorithms.noise_game.simulator | Node 209 round 137: NSR=24057.77 exceeds 20000.0
2026-05-07 16:53:54 | WARNING | dpfl.algorithms.noise_game.simulator | Node 239 round 137: NSR=23026.93 exceeds 20000.0
2026-05-07 16:53:54 | WARNING | dpfl.algorithms.noise_game.simulator | Node 297 round 137: NSR=24195.01 exceeds 20000.0
2026-05-07 16:53:54 | WARNING | dpfl.algorithms.noise_game.simulator | Node 338 round 137: NSR=22154.86 exceeds 20000.0
2026-05-07 16:53:54 | WARNING | dpfl.algorithms.noise_game.simulator | Node 373 round 137: NSR=26695.75 exceeds 20000.0
2026-05-07 16:53:54 | WARNING | dpfl.algorithms.noise_game.simulator | Node 453 round 137: NSR=25259.68 exceeds 20000.0
2026-05-07 16:53:54 | WARNING | dpfl.algorithms.noise_game.simulator | Node 485 round 137: NSR=26688.16 exceeds 20000.0
2026-05-07 16:53:57 | INFO    | dpfl.core.base_simulator | Round 138/150 | Acc: 0.8715 | Loss: 0.4562 | eps_max: 2.29 eps_avg: 2.00 | P: 0.61 R: 1.00 F1: 0.86
2026-05-07 16:53:57 | DEBUG   | dpfl.core.base_simulator | Update norms — honest: ['2.77', '2.82', '3.66', '3.02', '3.88'], attacker: ['31.97', '35.29', '48.07', '49.53', '77.70']
2026-05-07 16:53:57 | WARNING | dpfl.algorithms.noise_game.simulator | Node 218 round 138: NSR=21053.33 exceeds 20000.0
2026-05-07 16:53:57 | WARNING | dpfl.algorithms.noise_game.simulator | Node 221 round 138: NSR=24532.04 exceeds 20000.0
2026-05-07 16:53:57 | WARNING | dpfl.algorithms.noise_game.simulator | Node 236 round 138: NSR=24658.84 exceeds 20000.0
2026-05-07 16:53:57 | WARNING | dpfl.algorithms.noise_game.simulator | Node 288 round 138: NSR=26347.28 exceeds 20000.0
2026-05-07 16:53:57 | WARNING | dpfl.algorithms.noise_game.simulator | Node 390 round 138: NSR=23197.15 exceeds 20000.0
2026-05-07 16:53:57 | WARNING | dpfl.algorithms.noise_game.simulator | Node 391 round 138: NSR=22490.01 exceeds 20000.0
2026-05-07 16:53:57 | WARNING | dpfl.algorithms.noise_game.simulator | Node 416 round 138: NSR=24701.33 exceeds 20000.0
2026-05-07 16:53:59 | INFO    | dpfl.core.base_simulator | Round 139/150 | Acc: 0.8714 | Loss: 0.4571 | eps_max: 2.29 eps_avg: 2.00 | P: 0.60 R: 1.00 F1: 0.92
2026-05-07 16:53:59 | DEBUG   | dpfl.core.base_simulator | Update norms — honest: ['3.34', '2.11', '2.38', '2.43', '1.92'], attacker: ['33.61', '35.79', '45.50', '49.48', '78.23']
2026-05-07 16:53:59 | WARNING | dpfl.algorithms.noise_game.simulator | Node 217 round 139: NSR=21723.96 exceeds 20000.0
2026-05-07 16:53:59 | WARNING | dpfl.algorithms.noise_game.simulator | Node 277 round 139: NSR=23930.20 exceeds 20000.0
2026-05-07 16:53:59 | WARNING | dpfl.algorithms.noise_game.simulator | Node 280 round 139: NSR=25240.88 exceeds 20000.0
2026-05-07 16:53:59 | WARNING | dpfl.algorithms.noise_game.simulator | Node 307 round 139: NSR=26639.06 exceeds 20000.0
2026-05-07 16:53:59 | WARNING | dpfl.algorithms.noise_game.simulator | Node 309 round 139: NSR=22022.29 exceeds 20000.0
2026-05-07 16:53:59 | WARNING | dpfl.algorithms.noise_game.simulator | Node 342 round 139: NSR=25564.92 exceeds 20000.0
2026-05-07 16:53:59 | WARNING | dpfl.algorithms.noise_game.simulator | Node 446 round 139: NSR=20141.97 exceeds 20000.0
2026-05-07 16:53:59 | WARNING | dpfl.algorithms.noise_game.simulator | Node 455 round 139: NSR=23484.30 exceeds 20000.0
2026-05-07 16:53:59 | WARNING | dpfl.algorithms.noise_game.simulator | Node 469 round 139: NSR=21005.19 exceeds 20000.0
2026-05-07 16:53:59 | WARNING | dpfl.algorithms.noise_game.simulator | Node 474 round 139: NSR=27456.29 exceeds 20000.0
2026-05-07 16:54:01 | INFO    | dpfl.core.base_simulator | Round 140/150 | Acc: 0.8711 | Loss: 0.4586 | eps_max: 2.29 eps_avg: 2.00 | P: 0.61 R: 1.00 F1: 0.92
2026-05-07 16:54:01 | DEBUG   | dpfl.core.base_simulator | Update norms — honest: ['3.16', '2.83', '3.88', '3.27', '2.63'], attacker: ['32.91', '35.51', '47.98', '49.05', '78.37']
2026-05-07 16:54:01 | WARNING | dpfl.algorithms.noise_game.simulator | Node 215 round 140: NSR=22629.41 exceeds 20000.0
2026-05-07 16:54:01 | WARNING | dpfl.algorithms.noise_game.simulator | Node 223 round 140: NSR=21559.62 exceeds 20000.0
2026-05-07 16:54:01 | WARNING | dpfl.algorithms.noise_game.simulator | Node 371 round 140: NSR=23949.49 exceeds 20000.0
2026-05-07 16:54:01 | WARNING | dpfl.algorithms.noise_game.simulator | Node 386 round 140: NSR=22310.98 exceeds 20000.0
2026-05-07 16:54:01 | WARNING | dpfl.algorithms.noise_game.simulator | Node 390 round 140: NSR=22765.13 exceeds 20000.0
2026-05-07 16:54:01 | WARNING | dpfl.algorithms.noise_game.simulator | Node 398 round 140: NSR=25642.75 exceeds 20000.0
2026-05-07 16:54:01 | WARNING | dpfl.algorithms.noise_game.simulator | Node 492 round 140: NSR=21759.94 exceeds 20000.0
2026-05-07 16:54:04 | INFO    | dpfl.core.base_simulator | Round 141/150 | Acc: 0.8713 | Loss: 0.4581 | eps_max: 2.29 eps_avg: 2.00 | P: 0.39 R: 1.00 F1: 0.90
2026-05-07 16:54:04 | DEBUG   | dpfl.core.base_simulator | Update norms — honest: ['2.95', '2.56', '2.45', '2.17', '2.26'], attacker: ['32.61', '35.91', '46.27', '49.43', '79.34']
2026-05-07 16:54:04 | WARNING | dpfl.algorithms.noise_game.simulator | Node 242 round 141: NSR=25781.16 exceeds 20000.0
2026-05-07 16:54:04 | WARNING | dpfl.algorithms.noise_game.simulator | Node 294 round 141: NSR=28785.67 exceeds 20000.0
2026-05-07 16:54:04 | WARNING | dpfl.algorithms.noise_game.simulator | Node 296 round 141: NSR=24263.70 exceeds 20000.0
2026-05-07 16:54:04 | WARNING | dpfl.algorithms.noise_game.simulator | Node 310 round 141: NSR=21949.06 exceeds 20000.0
2026-05-07 16:54:04 | WARNING | dpfl.algorithms.noise_game.simulator | Node 323 round 141: NSR=21641.46 exceeds 20000.0
2026-05-07 16:54:04 | WARNING | dpfl.algorithms.noise_game.simulator | Node 352 round 141: NSR=21885.20 exceeds 20000.0
2026-05-07 16:54:04 | WARNING | dpfl.algorithms.noise_game.simulator | Node 456 round 141: NSR=21129.99 exceeds 20000.0
2026-05-07 16:54:06 | INFO    | dpfl.core.base_simulator | Round 142/150 | Acc: 0.8706 | Loss: 0.4625 | eps_max: 2.29 eps_avg: 2.00 | P: 0.40 R: 1.00 F1: 0.81
2026-05-07 16:54:06 | DEBUG   | dpfl.core.base_simulator | Update norms — honest: ['3.78', '2.54', '2.92', '1.61', '1.70'], attacker: ['33.08', '35.47', '46.92', '50.01', '78.35']
2026-05-07 16:54:06 | WARNING | dpfl.algorithms.noise_game.simulator | Node 229 round 142: NSR=24268.13 exceeds 20000.0
2026-05-07 16:54:06 | WARNING | dpfl.algorithms.noise_game.simulator | Node 243 round 142: NSR=26249.46 exceeds 20000.0
2026-05-07 16:54:06 | WARNING | dpfl.algorithms.noise_game.simulator | Node 268 round 142: NSR=23881.88 exceeds 20000.0
2026-05-07 16:54:06 | WARNING | dpfl.algorithms.noise_game.simulator | Node 294 round 142: NSR=24937.04 exceeds 20000.0
2026-05-07 16:54:06 | WARNING | dpfl.algorithms.noise_game.simulator | Node 296 round 142: NSR=24387.18 exceeds 20000.0
2026-05-07 16:54:06 | WARNING | dpfl.algorithms.noise_game.simulator | Node 325 round 142: NSR=20370.71 exceeds 20000.0
2026-05-07 16:54:06 | WARNING | dpfl.algorithms.noise_game.simulator | Node 360 round 142: NSR=23188.74 exceeds 20000.0
2026-05-07 16:54:06 | WARNING | dpfl.algorithms.noise_game.simulator | Node 409 round 142: NSR=21931.78 exceeds 20000.0
2026-05-07 16:54:06 | WARNING | dpfl.algorithms.noise_game.simulator | Node 441 round 142: NSR=20315.74 exceeds 20000.0
2026-05-07 16:54:06 | WARNING | dpfl.algorithms.noise_game.simulator | Node 483 round 142: NSR=20132.50 exceeds 20000.0
2026-05-07 16:54:08 | INFO    | dpfl.core.base_simulator | Round 143/150 | Acc: 0.8708 | Loss: 0.4616 | eps_max: 2.29 eps_avg: 2.01 | P: 0.65 R: 1.00 F1: 0.86
2026-05-07 16:54:08 | DEBUG   | dpfl.core.base_simulator | Update norms — honest: ['2.34', '2.18', '2.01', '2.43', '1.94'], attacker: ['33.81', '35.38', '47.36', '48.16', '77.39']
2026-05-07 16:54:08 | WARNING | dpfl.algorithms.noise_game.simulator | Node 200 round 143: NSR=23084.35 exceeds 20000.0
2026-05-07 16:54:08 | WARNING | dpfl.algorithms.noise_game.simulator | Node 221 round 143: NSR=25174.72 exceeds 20000.0
2026-05-07 16:54:08 | WARNING | dpfl.algorithms.noise_game.simulator | Node 248 round 143: NSR=25360.05 exceeds 20000.0
2026-05-07 16:54:08 | WARNING | dpfl.algorithms.noise_game.simulator | Node 280 round 143: NSR=24151.40 exceeds 20000.0
2026-05-07 16:54:08 | WARNING | dpfl.algorithms.noise_game.simulator | Node 317 round 143: NSR=21088.64 exceeds 20000.0
2026-05-07 16:54:08 | WARNING | dpfl.algorithms.noise_game.simulator | Node 355 round 143: NSR=25210.56 exceeds 20000.0
2026-05-07 16:54:08 | WARNING | dpfl.algorithms.noise_game.simulator | Node 417 round 143: NSR=26346.33 exceeds 20000.0
2026-05-07 16:54:08 | WARNING | dpfl.algorithms.noise_game.simulator | Node 420 round 143: NSR=21645.12 exceeds 20000.0
2026-05-07 16:54:08 | WARNING | dpfl.algorithms.noise_game.simulator | Node 496 round 143: NSR=25874.83 exceeds 20000.0
2026-05-07 16:54:11 | INFO    | dpfl.core.base_simulator | Round 144/150 | Acc: 0.8708 | Loss: 0.4624 | eps_max: 2.29 eps_avg: 2.01 | P: 0.58 R: 1.00 F1: 0.82
2026-05-07 16:54:11 | DEBUG   | dpfl.core.base_simulator | Update norms — honest: ['2.44', '2.66', '1.09', '2.03', '2.41'], attacker: ['34.45', '35.66', '47.06', '49.22', '78.19']
2026-05-07 16:54:11 | WARNING | dpfl.algorithms.noise_game.simulator | Node 206 round 144: NSR=22587.14 exceeds 20000.0
2026-05-07 16:54:11 | WARNING | dpfl.algorithms.noise_game.simulator | Node 211 round 144: NSR=21571.40 exceeds 20000.0
2026-05-07 16:54:11 | WARNING | dpfl.algorithms.noise_game.simulator | Node 235 round 144: NSR=23294.50 exceeds 20000.0
2026-05-07 16:54:11 | WARNING | dpfl.algorithms.noise_game.simulator | Node 247 round 144: NSR=25948.33 exceeds 20000.0
2026-05-07 16:54:11 | WARNING | dpfl.algorithms.noise_game.simulator | Node 292 round 144: NSR=27184.31 exceeds 20000.0
2026-05-07 16:54:11 | WARNING | dpfl.algorithms.noise_game.simulator | Node 408 round 144: NSR=21519.62 exceeds 20000.0
2026-05-07 16:54:11 | WARNING | dpfl.algorithms.noise_game.simulator | Node 411 round 144: NSR=24203.54 exceeds 20000.0
2026-05-07 16:54:11 | WARNING | dpfl.algorithms.noise_game.simulator | Node 423 round 144: NSR=20105.50 exceeds 20000.0
2026-05-07 16:54:11 | WARNING | dpfl.algorithms.noise_game.simulator | Node 457 round 144: NSR=25858.58 exceeds 20000.0
2026-05-07 16:54:13 | INFO    | dpfl.core.base_simulator | Round 145/150 | Acc: 0.8708 | Loss: 0.4629 | eps_max: 2.29 eps_avg: 2.01 | P: 0.78 R: 1.00 F1: 0.92
2026-05-07 16:54:13 | DEBUG   | dpfl.core.base_simulator | Update norms — honest: ['2.65', '2.21', '2.78', '2.52', '2.32'], attacker: ['34.54', '35.67', '47.46', '49.53', '77.42']
2026-05-07 16:54:13 | WARNING | dpfl.algorithms.noise_game.simulator | Node 251 round 145: NSR=21825.85 exceeds 20000.0
2026-05-07 16:54:13 | WARNING | dpfl.algorithms.noise_game.simulator | Node 316 round 145: NSR=23919.92 exceeds 20000.0
2026-05-07 16:54:13 | WARNING | dpfl.algorithms.noise_game.simulator | Node 367 round 145: NSR=22799.11 exceeds 20000.0
2026-05-07 16:54:13 | WARNING | dpfl.algorithms.noise_game.simulator | Node 404 round 145: NSR=28918.53 exceeds 20000.0
2026-05-07 16:54:13 | WARNING | dpfl.algorithms.noise_game.simulator | Node 413 round 145: NSR=26933.07 exceeds 20000.0
2026-05-07 16:54:13 | WARNING | dpfl.algorithms.noise_game.simulator | Node 453 round 145: NSR=27227.64 exceeds 20000.0
2026-05-07 16:54:13 | WARNING | dpfl.algorithms.noise_game.simulator | Node 484 round 145: NSR=23283.71 exceeds 20000.0
2026-05-07 16:54:15 | INFO    | dpfl.core.base_simulator | Round 146/150 | Acc: 0.8705 | Loss: 0.4647 | eps_max: 2.29 eps_avg: 2.01 | P: 0.37 R: 1.00 F1: 0.84
2026-05-07 16:54:15 | DEBUG   | dpfl.core.base_simulator | Update norms — honest: ['2.05', '2.68', '3.47', '2.64', '1.80'], attacker: ['33.91', '36.33', '47.25', '47.91', '77.79']
2026-05-07 16:54:16 | WARNING | dpfl.algorithms.noise_game.simulator | Node 210 round 146: NSR=27985.89 exceeds 20000.0
2026-05-07 16:54:16 | WARNING | dpfl.algorithms.noise_game.simulator | Node 213 round 146: NSR=24675.09 exceeds 20000.0
2026-05-07 16:54:16 | WARNING | dpfl.algorithms.noise_game.simulator | Node 215 round 146: NSR=20890.61 exceeds 20000.0
2026-05-07 16:54:16 | WARNING | dpfl.algorithms.noise_game.simulator | Node 241 round 146: NSR=22764.54 exceeds 20000.0
2026-05-07 16:54:16 | WARNING | dpfl.algorithms.noise_game.simulator | Node 294 round 146: NSR=25567.01 exceeds 20000.0
2026-05-07 16:54:16 | WARNING | dpfl.algorithms.noise_game.simulator | Node 316 round 146: NSR=25192.88 exceeds 20000.0
2026-05-07 16:54:16 | WARNING | dpfl.algorithms.noise_game.simulator | Node 327 round 146: NSR=25566.84 exceeds 20000.0
2026-05-07 16:54:16 | WARNING | dpfl.algorithms.noise_game.simulator | Node 362 round 146: NSR=26110.80 exceeds 20000.0
2026-05-07 16:54:16 | WARNING | dpfl.algorithms.noise_game.simulator | Node 369 round 146: NSR=21335.83 exceeds 20000.0
2026-05-07 16:54:16 | WARNING | dpfl.algorithms.noise_game.simulator | Node 383 round 146: NSR=30150.15 exceeds 20000.0
2026-05-07 16:54:16 | WARNING | dpfl.algorithms.noise_game.simulator | Node 448 round 146: NSR=20472.14 exceeds 20000.0
2026-05-07 16:54:16 | WARNING | dpfl.algorithms.noise_game.simulator | Node 455 round 146: NSR=26725.92 exceeds 20000.0
2026-05-07 16:54:16 | WARNING | dpfl.algorithms.noise_game.simulator | Node 456 round 146: NSR=23960.58 exceeds 20000.0
2026-05-07 16:54:16 | WARNING | dpfl.algorithms.noise_game.simulator | Node 471 round 146: NSR=24667.34 exceeds 20000.0
2026-05-07 16:54:18 | INFO    | dpfl.core.base_simulator | Round 147/150 | Acc: 0.8702 | Loss: 0.4657 | eps_max: 2.29 eps_avg: 2.01 | P: 0.48 R: 1.00 F1: 0.79
2026-05-07 16:54:18 | DEBUG   | dpfl.core.base_simulator | Update norms — honest: ['1.89', '2.46', '3.34', '2.61', '0.95'], attacker: ['33.47', '36.07', '45.55', '48.99', '77.84']
2026-05-07 16:54:18 | WARNING | dpfl.algorithms.noise_game.simulator | Node 247 round 147: NSR=20842.15 exceeds 20000.0
2026-05-07 16:54:18 | WARNING | dpfl.algorithms.noise_game.simulator | Node 253 round 147: NSR=26434.86 exceeds 20000.0
2026-05-07 16:54:18 | WARNING | dpfl.algorithms.noise_game.simulator | Node 266 round 147: NSR=26017.29 exceeds 20000.0
2026-05-07 16:54:18 | WARNING | dpfl.algorithms.noise_game.simulator | Node 280 round 147: NSR=23322.48 exceeds 20000.0
2026-05-07 16:54:18 | WARNING | dpfl.algorithms.noise_game.simulator | Node 291 round 147: NSR=27158.82 exceeds 20000.0
2026-05-07 16:54:18 | WARNING | dpfl.algorithms.noise_game.simulator | Node 333 round 147: NSR=20475.74 exceeds 20000.0
2026-05-07 16:54:18 | WARNING | dpfl.algorithms.noise_game.simulator | Node 344 round 147: NSR=20728.26 exceeds 20000.0
2026-05-07 16:54:18 | WARNING | dpfl.algorithms.noise_game.simulator | Node 348 round 147: NSR=24431.82 exceeds 20000.0
2026-05-07 16:54:18 | WARNING | dpfl.algorithms.noise_game.simulator | Node 354 round 147: NSR=25044.63 exceeds 20000.0
2026-05-07 16:54:18 | WARNING | dpfl.algorithms.noise_game.simulator | Node 366 round 147: NSR=21318.32 exceeds 20000.0
2026-05-07 16:54:18 | WARNING | dpfl.algorithms.noise_game.simulator | Node 395 round 147: NSR=28285.94 exceeds 20000.0
2026-05-07 16:54:18 | WARNING | dpfl.algorithms.noise_game.simulator | Node 469 round 147: NSR=20266.87 exceeds 20000.0
2026-05-07 16:54:20 | INFO    | dpfl.core.base_simulator | Round 148/150 | Acc: 0.8696 | Loss: 0.4696 | eps_max: 2.29 eps_avg: 2.01 | P: 0.47 R: 1.00 F1: 0.88
2026-05-07 16:54:20 | DEBUG   | dpfl.core.base_simulator | Update norms — honest: ['3.04', '2.06', '1.88', '1.64', '2.77'], attacker: ['34.19', '35.81', '47.80', '49.07', '77.93']
2026-05-07 16:54:20 | WARNING | dpfl.algorithms.noise_game.simulator | Node 220 round 148: NSR=21732.17 exceeds 20000.0
2026-05-07 16:54:20 | WARNING | dpfl.algorithms.noise_game.simulator | Node 236 round 148: NSR=23399.12 exceeds 20000.0
2026-05-07 16:54:20 | WARNING | dpfl.algorithms.noise_game.simulator | Node 287 round 148: NSR=26316.31 exceeds 20000.0
2026-05-07 16:54:20 | WARNING | dpfl.algorithms.noise_game.simulator | Node 359 round 148: NSR=23908.44 exceeds 20000.0
2026-05-07 16:54:20 | WARNING | dpfl.algorithms.noise_game.simulator | Node 388 round 148: NSR=25388.50 exceeds 20000.0
2026-05-07 16:54:20 | WARNING | dpfl.algorithms.noise_game.simulator | Node 419 round 148: NSR=24387.54 exceeds 20000.0
2026-05-07 16:54:23 | INFO    | dpfl.core.base_simulator | Round 149/150 | Acc: 0.8696 | Loss: 0.4698 | eps_max: 2.29 eps_avg: 2.01 | P: 0.70 R: 1.00 F1: 0.94
2026-05-07 16:54:23 | DEBUG   | dpfl.core.base_simulator | Update norms — honest: ['0.19', '4.52', '1.78', '3.71', '2.21'], attacker: ['34.01', '35.32', '47.53', '49.64', '78.86']
2026-05-07 16:54:23 | WARNING | dpfl.algorithms.noise_game.simulator | Node 250 round 149: NSR=20114.85 exceeds 20000.0
2026-05-07 16:54:23 | WARNING | dpfl.algorithms.noise_game.simulator | Node 263 round 149: NSR=22262.60 exceeds 20000.0
2026-05-07 16:54:23 | WARNING | dpfl.algorithms.noise_game.simulator | Node 267 round 149: NSR=27238.88 exceeds 20000.0
2026-05-07 16:54:23 | WARNING | dpfl.algorithms.noise_game.simulator | Node 275 round 149: NSR=21920.48 exceeds 20000.0
2026-05-07 16:54:23 | WARNING | dpfl.algorithms.noise_game.simulator | Node 321 round 149: NSR=29383.14 exceeds 20000.0
2026-05-07 16:54:23 | WARNING | dpfl.algorithms.noise_game.simulator | Node 390 round 149: NSR=21157.64 exceeds 20000.0
2026-05-07 16:54:23 | WARNING | dpfl.algorithms.noise_game.simulator | Node 435 round 149: NSR=24555.59 exceeds 20000.0
2026-05-07 16:54:23 | WARNING | dpfl.algorithms.noise_game.simulator | Node 442 round 149: NSR=28874.70 exceeds 20000.0
2026-05-07 16:54:23 | WARNING | dpfl.algorithms.noise_game.simulator | Node 492 round 149: NSR=21772.10 exceeds 20000.0
2026-05-07 16:54:25 | INFO    | dpfl.core.base_simulator | Round 150/150 | Acc: 0.8693 | Loss: 0.4717 | eps_max: 2.29 eps_avg: 2.01 | P: 0.63 R: 1.00 F1: 0.94
2026-05-07 16:54:25 | DEBUG   | dpfl.core.base_simulator | Update norms — honest: ['3.30', '3.15', '2.49', '2.04', '3.98'], attacker: ['33.91', '35.92', '47.03', '49.38', '78.21']
2026-05-07 16:54:27 | INFO    | dpfl | Experiment complete in 594.8s
============================================================
REPORT: DP-SGD Decentralized Federated Learning
============================================================
Timestamp:                  20260507_164430
Rounds completed:           150
Attack-active rounds:       100  (from round 50)
Final accuracy:             0.8693
Final test loss:            0.4717
Final epsilon (max honest): 2.29
Final epsilon (avg honest): 2.01
Best alpha:                 1000.0
Avg precision:              0.5533
Avg recall:                 1.0000
Avg F1 score:               0.8853
Avg update norm (honest):   1.7665
Avg update norm (attacker): 1263.7596

eps_system (max honest): 2.2856
eps_avg (honest):        2.0116
eps_std (honest):        0.1310
n_frozen:                0/300
============================================================
