2026-05-06 16:27:16 | INFO    | dpfl | Experiment start: algorithm=noise_game, dataset=fashion_mnist, model=mlp, device=cuda
2026-05-06 16:27:16 | INFO    | dpfl | Config: nodes=500, attackers=300, rounds=150, noise_mode=none, attack=scale
2026-05-06 16:27:16 | INFO    | dpfl.data.fashion_mnist_dataset | Loading Fashion-MNIST dataset...
2026-05-06 16:27:16 | INFO    | dpfl.data.fashion_mnist_dataset | Fashion-MNIST loaded: 60000 train, 10000 test samples
2026-05-06 16:28:19 | INFO    | dpfl.core.base_simulator | Vectorized state ready: param_spec.D=50890, X_test=(10000, 1, 28, 28), train clients N=500, max_n_samples=1000
2026-05-06 16:28:19 | INFO    | dpfl.core.base_simulator | Setup complete: 500 nodes (300 attackers), param_dim=50890, split=iid
2026-05-06 16:28:19 | DEBUG   | dpfl.core.base_simulator | Attacker IDs: {0, 1, 2, 3, 4, 5, 6, 7, 8, 9, 10, 11, 12, 13, 14, 15, 16, 17, 18, 19, 20, 21, 22, 23, 24, 25, 26, 27, 28, 29, 30, 31, 32, 33, 34, 35, 36, 37, 38, 39, 40, 41, 42, 43, 44, 45, 46, 47, 48, 49, 50, 51, 52, 53, 54, 55, 56, 57, 58, 59, 60, 61, 62, 63, 64, 65, 66, 67, 68, 69, 70, 71, 72, 73, 74, 75, 76, 77, 78, 79, 80, 81, 82, 83, 84, 85, 86, 87, 88, 89, 90, 91, 92, 93, 94, 95, 96, 97, 98, 99, 100, 101, 102, 103, 104, 105, 106, 107, 108, 109, 110, 111, 112, 113, 114, 115, 116, 117, 118, 119, 120, 121, 122, 123, 124, 125, 126, 127, 128, 129, 130, 131, 132, 133, 134, 135, 136, 137, 138, 139, 140, 141, 142, 143, 144, 145, 146, 147, 148, 149, 150, 151, 152, 153, 154, 155, 156, 157, 158, 159, 160, 161, 162, 163, 164, 165, 166, 167, 168, 169, 170, 171, 172, 173, 174, 175, 176, 177, 178, 179, 180, 181, 182, 183, 184, 185, 186, 187, 188, 189, 190, 191, 192, 193, 194, 195, 196, 197, 198, 199, 200, 201, 202, 203, 204, 205, 206, 207, 208, 209, 210, 211, 212, 213, 214, 215, 216, 217, 218, 219, 220, 221, 222, 223, 224, 225, 226, 227, 228, 229, 230, 231, 232, 233, 234, 235, 236, 237, 238, 239, 240, 241, 242, 243, 244, 245, 246, 247, 248, 249, 250, 251, 252, 253, 254, 255, 256, 257, 258, 259, 260, 261, 262, 263, 264, 265, 266, 267, 268, 269, 270, 271, 272, 273, 274, 275, 276, 277, 278, 279, 280, 281, 282, 283, 284, 285, 286, 287, 288, 289, 290, 291, 292, 293, 294, 295, 296, 297, 298, 299}
2026-05-06 16:28:48 | INFO    | dpfl.core.base_simulator | Round   1/150 | Acc: 0.4589 | Loss: 1.9726 | eps_max: 1.91 eps_avg: 1.15 | P: 0.00 R: nan F1: nan
2026-05-06 16:28:48 | DEBUG   | dpfl.core.base_simulator | Update norms — honest: ['0.56', '0.56'], attacker: ['0.56', '0.57', '0.57', '0.56', '0.56']
2026-05-06 16:29:16 | INFO    | dpfl.core.base_simulator | Round   2/150 | Acc: 0.5724 | Loss: 1.7058 | eps_max: 1.95 eps_avg: 1.22 | P: 0.00 R: nan F1: nan
2026-05-06 16:29:16 | DEBUG   | dpfl.core.base_simulator | Update norms — honest: ['0.56', '0.56', '0.56', '0.56', '0.56'], attacker: ['0.95', '0.97', '0.97', '0.96', '0.96']
2026-05-06 16:29:44 | INFO    | dpfl.core.base_simulator | Round   3/150 | Acc: 0.6224 | Loss: 1.4812 | eps_max: 2.04 eps_avg: 1.30 | P: 0.00 R: nan F1: nan
2026-05-06 16:29:44 | DEBUG   | dpfl.core.base_simulator | Update norms — honest: ['0.55', '0.55', '0.55', '0.55', '0.55'], attacker: ['1.52', '1.50', '1.51', '1.54', '1.50']
2026-05-06 16:30:20 | INFO    | dpfl.core.base_simulator | Round   4/150 | Acc: 0.6512 | Loss: 1.3052 | eps_max: 2.19 eps_avg: 1.42 | P: 0.00 R: nan F1: nan
2026-05-06 16:30:20 | DEBUG   | dpfl.core.base_simulator | Update norms — honest: ['0.55', '0.55', '0.55', '0.55', '0.55'], attacker: ['1.99', '2.02', '2.01', '2.02', '2.02']
2026-05-06 16:31:08 | INFO    | dpfl.core.base_simulator | Round   5/150 | Acc: 0.6735 | Loss: 1.1757 | eps_max: 2.34 eps_avg: 1.52 | P: 0.00 R: nan F1: nan
2026-05-06 16:31:08 | DEBUG   | dpfl.core.base_simulator | Update norms — honest: ['0.54', '0.54', '0.54', '0.54', '0.54'], attacker: ['2.46', '2.45', '2.42', '2.41', '2.46']
2026-05-06 16:31:35 | INFO    | dpfl.core.base_simulator | Round   6/150 | Acc: 0.6908 | Loss: 1.0815 | eps_max: 2.45 eps_avg: 1.60 | P: 0.00 R: nan F1: nan
2026-05-06 16:31:35 | DEBUG   | dpfl.core.base_simulator | Update norms — honest: ['0.53', '1.02', '1.02', '0.54', '0.97'], attacker: ['2.84', '2.89', '2.85', '2.83', '2.85']
2026-05-06 16:32:02 | INFO    | dpfl.core.base_simulator | Round   7/150 | Acc: 0.7023 | Loss: 1.0114 | eps_max: 2.50 eps_avg: 1.66 | P: 0.00 R: nan F1: nan
2026-05-06 16:32:02 | DEBUG   | dpfl.core.base_simulator | Update norms — honest: ['1.00', '0.53', '0.94', '0.53', '0.53'], attacker: ['3.15', '3.24', '3.26', '3.11', '3.21']
2026-05-06 16:32:30 | INFO    | dpfl.core.base_simulator | Round   8/150 | Acc: 0.7102 | Loss: 0.9577 | eps_max: 2.54 eps_avg: 1.75 | P: 0.00 R: nan F1: nan
2026-05-06 16:32:30 | DEBUG   | dpfl.core.base_simulator | Update norms — honest: ['0.53', '0.91', '0.80', '0.53', '0.53'], attacker: ['3.63', '3.47', '3.47', '3.59', '3.41']
2026-05-06 16:32:58 | INFO    | dpfl.core.base_simulator | Round   9/150 | Acc: 0.7165 | Loss: 0.9148 | eps_max: 2.59 eps_avg: 1.82 | P: 0.00 R: nan F1: nan
2026-05-06 16:32:58 | DEBUG   | dpfl.core.base_simulator | Update norms — honest: ['0.52', '0.52', '0.97', '1.40', '0.52'], attacker: ['3.89', '3.78', '3.91', '3.97', '3.93']
2026-05-06 16:33:27 | INFO    | dpfl.core.base_simulator | Round  10/150 | Acc: 0.7225 | Loss: 0.8799 | eps_max: 2.64 eps_avg: 1.87 | P: 0.00 R: nan F1: nan
2026-05-06 16:33:27 | DEBUG   | dpfl.core.base_simulator | Update norms — honest: ['0.84', '0.52', '0.74', '0.52', '0.70'], attacker: ['3.90', '4.21', '4.27', '4.24', '4.27']
2026-05-06 16:33:55 | INFO    | dpfl.core.base_simulator | Round  11/150 | Acc: 0.7276 | Loss: 0.8506 | eps_max: 2.71 eps_avg: 1.94 | P: 0.00 R: nan F1: nan
2026-05-06 16:33:55 | DEBUG   | dpfl.core.base_simulator | Update norms — honest: ['0.51', '0.51', '0.90', '0.51', '0.51'], attacker: ['4.37', '4.41', '4.57', '4.60', '4.44']
2026-05-06 16:34:23 | INFO    | dpfl.core.base_simulator | Round  12/150 | Acc: 0.7322 | Loss: 0.8255 | eps_max: 2.77 eps_avg: 1.99 | P: 0.00 R: nan F1: nan
2026-05-06 16:34:23 | DEBUG   | dpfl.core.base_simulator | Update norms — honest: ['0.51', '0.93', '0.93', '0.51', '1.42'], attacker: ['4.57', '4.74', '4.84', '4.99', '4.65']
2026-05-06 16:34:51 | INFO    | dpfl.core.base_simulator | Round  13/150 | Acc: 0.7364 | Loss: 0.8042 | eps_max: 2.84 eps_avg: 2.04 | P: 0.00 R: nan F1: nan
2026-05-06 16:34:51 | DEBUG   | dpfl.core.base_simulator | Update norms — honest: ['1.30', '0.50', '1.25', '1.40', '0.88'], attacker: ['4.99', '4.83', '4.77', '4.99', '5.10']
2026-05-06 16:35:19 | INFO    | dpfl.core.base_simulator | Round  14/150 | Acc: 0.7401 | Loss: 0.7853 | eps_max: 2.93 eps_avg: 2.09 | P: 0.00 R: nan F1: nan
2026-05-06 16:35:19 | DEBUG   | dpfl.core.base_simulator | Update norms — honest: ['0.69', '0.84', '0.49', '0.50', '0.88'], attacker: ['5.08', '5.10', '4.83', '5.15', '5.27']
2026-05-06 16:35:47 | INFO    | dpfl.core.base_simulator | Round  15/150 | Acc: 0.7432 | Loss: 0.7693 | eps_max: 3.01 eps_avg: 2.14 | P: 0.00 R: nan F1: nan
2026-05-06 16:35:47 | DEBUG   | dpfl.core.base_simulator | Update norms — honest: ['0.72', '0.49', '1.83', '0.49', '0.49'], attacker: ['5.51', '5.63', '5.47', '5.51', '5.40']
2026-05-06 16:36:14 | INFO    | dpfl.core.base_simulator | Round  16/150 | Acc: 0.7463 | Loss: 0.7551 | eps_max: 3.18 eps_avg: 2.19 | P: 0.00 R: nan F1: nan
2026-05-06 16:36:14 | DEBUG   | dpfl.core.base_simulator | Update norms — honest: ['0.73', '0.86', '1.83', '1.19', '0.48'], attacker: ['5.46', '5.98', '5.72', '5.39', '5.31']
2026-05-06 16:36:43 | INFO    | dpfl.core.base_simulator | Round  17/150 | Acc: 0.7489 | Loss: 0.7423 | eps_max: 3.28 eps_avg: 2.24 | P: 0.00 R: nan F1: nan
2026-05-06 16:36:43 | DEBUG   | dpfl.core.base_simulator | Update norms — honest: ['0.90', '1.43', '1.72', '0.48', '1.28'], attacker: ['5.56', '6.07', '6.22', '5.83', '4.73']
2026-05-06 16:37:11 | INFO    | dpfl.core.base_simulator | Round  18/150 | Acc: 0.7518 | Loss: 0.7311 | eps_max: 3.40 eps_avg: 2.30 | P: 0.00 R: nan F1: nan
2026-05-06 16:37:11 | DEBUG   | dpfl.core.base_simulator | Update norms — honest: ['1.25', '1.22', '0.47', '0.86', '0.80'], attacker: ['5.75', '6.27', '5.83', '5.56', '5.28']
2026-05-06 16:37:40 | INFO    | dpfl.core.base_simulator | Round  19/150 | Acc: 0.7544 | Loss: 0.7209 | eps_max: 3.51 eps_avg: 2.37 | P: 0.00 R: nan F1: nan
2026-05-06 16:37:40 | DEBUG   | dpfl.core.base_simulator | Update norms — honest: ['0.47', '1.78', '0.47', '0.72', '0.47'], attacker: ['5.67', '6.33', '6.03', '6.44', '6.42']
2026-05-06 16:38:09 | INFO    | dpfl.core.base_simulator | Round  20/150 | Acc: 0.7562 | Loss: 0.7114 | eps_max: 3.54 eps_avg: 2.42 | P: 0.00 R: nan F1: nan
2026-05-06 16:38:09 | DEBUG   | dpfl.core.base_simulator | Update norms — honest: ['1.21', '1.57', '1.63', '1.06', '0.47'], attacker: ['5.74', '6.15', '6.42', '6.35', '6.39']
2026-05-06 16:38:38 | INFO    | dpfl.core.base_simulator | Round  21/150 | Acc: 0.7584 | Loss: 0.7029 | eps_max: 3.59 eps_avg: 2.48 | P: 0.00 R: nan F1: nan
2026-05-06 16:38:38 | DEBUG   | dpfl.core.base_simulator | Update norms — honest: ['0.46', '0.46', '1.88', '0.62', '0.58'], attacker: ['4.91', '6.61', '6.09', '6.03', '6.44']
2026-05-06 16:39:06 | INFO    | dpfl.core.base_simulator | Round  22/150 | Acc: 0.7602 | Loss: 0.6953 | eps_max: 3.62 eps_avg: 2.53 | P: 0.00 R: nan F1: nan
2026-05-06 16:39:06 | DEBUG   | dpfl.core.base_simulator | Update norms — honest: ['1.22', '0.83', '0.57', '0.87', '0.46'], attacker: ['4.77', '6.24', '5.89', '5.94', '6.56']
2026-05-06 16:39:34 | INFO    | dpfl.core.base_simulator | Round  23/150 | Acc: 0.7621 | Loss: 0.6879 | eps_max: 3.65 eps_avg: 2.58 | P: 0.00 R: nan F1: nan
2026-05-06 16:39:34 | DEBUG   | dpfl.core.base_simulator | Update norms — honest: ['0.58', '1.35', '1.92', '0.67', '0.78'], attacker: ['6.14', '6.09', '5.98', '6.24', '6.23']
2026-05-06 16:40:02 | INFO    | dpfl.core.base_simulator | Round  24/150 | Acc: 0.7638 | Loss: 0.6815 | eps_max: 3.68 eps_avg: 2.63 | P: 0.00 R: nan F1: nan
2026-05-06 16:40:02 | DEBUG   | dpfl.core.base_simulator | Update norms — honest: ['1.73', '0.44', '1.11', '1.80', '0.45'], attacker: ['5.90', '6.96', '6.19', '6.85', '5.69']
2026-05-06 16:40:32 | INFO    | dpfl.core.base_simulator | Round  25/150 | Acc: 0.7652 | Loss: 0.6756 | eps_max: 3.71 eps_avg: 2.68 | P: 0.00 R: nan F1: nan
2026-05-06 16:40:32 | DEBUG   | dpfl.core.base_simulator | Update norms — honest: ['1.69', '1.09', '0.44', '0.70', '0.68'], attacker: ['5.39', '6.59', '6.57', '6.87', '5.81']
2026-05-06 16:41:01 | INFO    | dpfl.core.base_simulator | Round  26/150 | Acc: 0.7669 | Loss: 0.6700 | eps_max: 3.75 eps_avg: 2.74 | P: 0.00 R: nan F1: nan
2026-05-06 16:41:01 | DEBUG   | dpfl.core.base_simulator | Update norms — honest: ['0.44', '0.58', '0.78', '1.20', '0.44'], attacker: ['5.85', '6.11', '6.88', '7.07', '5.30']
2026-05-06 16:41:30 | INFO    | dpfl.core.base_simulator | Round  27/150 | Acc: 0.7683 | Loss: 0.6643 | eps_max: 3.79 eps_avg: 2.79 | P: 0.00 R: nan F1: nan
2026-05-06 16:41:30 | DEBUG   | dpfl.core.base_simulator | Update norms — honest: ['1.09', '0.48', '1.59', '0.57', '0.44'], attacker: ['6.31', '5.90', '5.92', '6.60', '5.45']
2026-05-06 16:42:00 | INFO    | dpfl.core.base_simulator | Round  28/150 | Acc: 0.7698 | Loss: 0.6597 | eps_max: 3.83 eps_avg: 2.83 | P: 0.00 R: nan F1: nan
2026-05-06 16:42:00 | DEBUG   | dpfl.core.base_simulator | Update norms — honest: ['0.56', '0.43', '0.43', '1.13', '1.25'], attacker: ['7.28', '6.11', '5.16', '6.54', '4.32']
2026-05-06 16:42:29 | INFO    | dpfl.core.base_simulator | Round  29/150 | Acc: 0.7712 | Loss: 0.6549 | eps_max: 3.86 eps_avg: 2.86 | P: 0.00 R: nan F1: nan
2026-05-06 16:42:29 | DEBUG   | dpfl.core.base_simulator | Update norms — honest: ['1.71', '0.42', '0.75', '1.71', '0.98'], attacker: ['6.47', '6.25', '5.08', '6.66', '3.13']
2026-05-06 16:42:58 | INFO    | dpfl.core.base_simulator | Round  30/150 | Acc: 0.7722 | Loss: 0.6508 | eps_max: 3.87 eps_avg: 2.90 | P: 0.00 R: nan F1: nan
2026-05-06 16:42:58 | DEBUG   | dpfl.core.base_simulator | Update norms — honest: ['0.48', '1.28', '0.76', '1.21', '0.42'], attacker: ['6.68', '6.41', '4.74', '6.46', '4.74']
2026-05-06 16:43:28 | INFO    | dpfl.core.base_simulator | Round  31/150 | Acc: 0.7733 | Loss: 0.6467 | eps_max: 3.89 eps_avg: 2.95 | P: 0.00 R: nan F1: nan
2026-05-06 16:43:28 | DEBUG   | dpfl.core.base_simulator | Update norms — honest: ['2.05', '0.43', '1.61', '0.42', '0.34'], attacker: ['6.10', '6.16', '6.29', '6.69', '5.23']
2026-05-06 16:43:57 | INFO    | dpfl.core.base_simulator | Round  32/150 | Acc: 0.7746 | Loss: 0.6428 | eps_max: 3.93 eps_avg: 2.98 | P: 0.00 R: nan F1: nan
2026-05-06 16:43:57 | DEBUG   | dpfl.core.base_simulator | Update norms — honest: ['0.58', '0.63', '1.02', '0.42', '1.22'], attacker: ['6.02', '5.87', '6.03', '6.42', '5.35']
2026-05-06 16:44:26 | INFO    | dpfl.core.base_simulator | Round  33/150 | Acc: 0.7754 | Loss: 0.6392 | eps_max: 3.96 eps_avg: 3.02 | P: 0.00 R: nan F1: nan
2026-05-06 16:44:26 | DEBUG   | dpfl.core.base_simulator | Update norms — honest: ['0.77', '0.41', '1.51', '0.60', '1.66'], attacker: ['6.17', '6.70', '5.70', '6.08', '6.50']
2026-05-06 16:44:55 | INFO    | dpfl.core.base_simulator | Round  34/150 | Acc: 0.7767 | Loss: 0.6356 | eps_max: 4.00 eps_avg: 3.06 | P: 0.00 R: nan F1: nan
2026-05-06 16:44:55 | DEBUG   | dpfl.core.base_simulator | Update norms — honest: ['1.16', '1.98', '0.40', '0.59', '0.41'], attacker: ['4.11', '6.23', '6.16', '6.13', '4.47']
2026-05-06 16:45:25 | INFO    | dpfl.core.base_simulator | Round  35/150 | Acc: 0.7775 | Loss: 0.6326 | eps_max: 4.04 eps_avg: 3.08 | P: 0.00 R: nan F1: nan
2026-05-06 16:45:25 | DEBUG   | dpfl.core.base_simulator | Update norms — honest: ['0.51', '0.93', '0.40', '0.63', '1.16'], attacker: ['4.41', '6.36', '5.76', '6.87', '4.80']
2026-05-06 16:45:54 | INFO    | dpfl.core.base_simulator | Round  36/150 | Acc: 0.7785 | Loss: 0.6293 | eps_max: 4.07 eps_avg: 3.12 | P: 0.00 R: nan F1: nan
2026-05-06 16:45:54 | DEBUG   | dpfl.core.base_simulator | Update norms — honest: ['0.62', '0.61', '1.53', '1.05', '0.40'], attacker: ['5.73', '6.01', '4.99', '5.89', '4.87']
2026-05-06 16:46:23 | INFO    | dpfl.core.base_simulator | Round  37/150 | Acc: 0.7790 | Loss: 0.6272 | eps_max: 4.09 eps_avg: 3.15 | P: 0.00 R: nan F1: nan
2026-05-06 16:46:23 | DEBUG   | dpfl.core.base_simulator | Update norms — honest: ['0.39', '0.30', '1.04', '0.61', '1.13'], attacker: ['5.48', '6.21', '5.22', '5.25', '4.63']
2026-05-06 16:46:53 | INFO    | dpfl.core.base_simulator | Round  38/150 | Acc: 0.7799 | Loss: 0.6248 | eps_max: 4.11 eps_avg: 3.18 | P: 0.00 R: nan F1: nan
2026-05-06 16:46:53 | DEBUG   | dpfl.core.base_simulator | Update norms — honest: ['1.48', '0.30', '2.12', '1.63', '0.75'], attacker: ['4.91', '6.42', '6.11', '5.43', '4.73']
2026-05-06 16:47:22 | INFO    | dpfl.core.base_simulator | Round  39/150 | Acc: 0.7807 | Loss: 0.6220 | eps_max: 4.17 eps_avg: 3.21 | P: 0.00 R: nan F1: nan
2026-05-06 16:47:22 | DEBUG   | dpfl.core.base_simulator | Update norms — honest: ['0.12', '1.68', '1.83', '0.68', '0.41'], attacker: ['5.74', '5.28', '6.22', '5.74', '3.99']
2026-05-06 16:47:52 | INFO    | dpfl.core.base_simulator | Round  40/150 | Acc: 0.7811 | Loss: 0.6199 | eps_max: 4.21 eps_avg: 3.24 | P: 0.00 R: nan F1: nan
2026-05-06 16:47:52 | DEBUG   | dpfl.core.base_simulator | Update norms — honest: ['1.09', '1.11', '0.38', '1.23', '1.02'], attacker: ['6.06', '6.06', '5.31', '5.32', '4.62']
2026-05-06 16:48:21 | INFO    | dpfl.core.base_simulator | Round  41/150 | Acc: 0.7819 | Loss: 0.6177 | eps_max: 4.25 eps_avg: 3.26 | P: 0.00 R: nan F1: nan
2026-05-06 16:48:21 | DEBUG   | dpfl.core.base_simulator | Update norms — honest: ['1.63', '0.80', '0.62', '0.91', '2.20'], attacker: ['3.58', '5.76', '5.87', '5.16', '3.10']
2026-05-06 16:48:51 | INFO    | dpfl.core.base_simulator | Round  42/150 | Acc: 0.7825 | Loss: 0.6160 | eps_max: 4.31 eps_avg: 3.28 | P: 0.00 R: nan F1: nan
2026-05-06 16:48:51 | DEBUG   | dpfl.core.base_simulator | Update norms — honest: ['0.81', '1.64', '0.74', '1.00', '0.49'], attacker: ['3.93', '4.28', '5.33', '5.89', '2.67']
2026-05-06 16:49:19 | INFO    | dpfl.core.base_simulator | Round  43/150 | Acc: 0.7832 | Loss: 0.6138 | eps_max: 4.37 eps_avg: 3.30 | P: 0.00 R: nan F1: nan
2026-05-06 16:49:19 | DEBUG   | dpfl.core.base_simulator | Update norms — honest: ['1.02', '0.92', '0.62', '1.75', '0.71'], attacker: ['2.28', '5.07', '5.73', '6.83', '3.55']
2026-05-06 16:49:49 | INFO    | dpfl.core.base_simulator | Round  44/150 | Acc: 0.7838 | Loss: 0.6116 | eps_max: 4.43 eps_avg: 3.34 | P: 0.00 R: nan F1: nan
2026-05-06 16:49:49 | DEBUG   | dpfl.core.base_simulator | Update norms — honest: ['1.28', '2.25', '0.87', '0.62', '0.09'], attacker: ['1.68', '5.29', '4.41', '7.08', '3.46']
2026-05-06 16:50:18 | INFO    | dpfl.core.base_simulator | Round  45/150 | Acc: 0.7844 | Loss: 0.6098 | eps_max: 4.49 eps_avg: 3.38 | P: 0.00 R: nan F1: nan
2026-05-06 16:50:18 | DEBUG   | dpfl.core.base_simulator | Update norms — honest: ['1.68', '0.36', '1.35', '2.09', '0.50'], attacker: ['4.47', '5.71', '4.51', '6.75', '4.78']
2026-05-06 16:50:48 | INFO    | dpfl.core.base_simulator | Round  46/150 | Acc: 0.7849 | Loss: 0.6081 | eps_max: 4.51 eps_avg: 3.40 | P: 0.00 R: nan F1: nan
2026-05-06 16:50:48 | DEBUG   | dpfl.core.base_simulator | Update norms — honest: ['1.07', '1.14', '1.26', '1.02', '1.14'], attacker: ['2.91', '5.36', '4.23', '5.64', '5.34']
2026-05-06 16:51:18 | INFO    | dpfl.core.base_simulator | Round  47/150 | Acc: 0.7854 | Loss: 0.6068 | eps_max: 4.53 eps_avg: 3.42 | P: 0.00 R: nan F1: nan
2026-05-06 16:51:18 | DEBUG   | dpfl.core.base_simulator | Update norms — honest: ['1.18', '0.85', '1.41', '1.30', '1.10'], attacker: ['4.16', '5.40', '4.07', '4.88', '3.81']
2026-05-06 16:51:47 | INFO    | dpfl.core.base_simulator | Round  48/150 | Acc: 0.7856 | Loss: 0.6058 | eps_max: 4.75 eps_avg: 3.45 | P: 0.00 R: nan F1: nan
2026-05-06 16:51:47 | DEBUG   | dpfl.core.base_simulator | Update norms — honest: ['0.53', '2.71', '2.21', '0.35', '1.17'], attacker: ['2.84', '5.46', '4.86', '3.80', '4.00']
2026-05-06 16:52:16 | INFO    | dpfl.core.base_simulator | Round  49/150 | Acc: 0.7862 | Loss: 0.6042 | eps_max: 4.75 eps_avg: 3.47 | P: 0.00 R: nan F1: nan
2026-05-06 16:52:16 | DEBUG   | dpfl.core.base_simulator | Update norms — honest: ['1.71', '1.88', '0.42', '0.83', '0.46'], attacker: ['1.59', '4.18', '4.57', '5.19', '4.48']
2026-05-06 16:52:45 | INFO    | dpfl.core.base_simulator | Round  50/150 | Acc: 0.7867 | Loss: 0.6027 | eps_max: 5.12 eps_avg: 3.48 | P: 0.00 R: nan F1: nan
2026-05-06 16:52:45 | DEBUG   | dpfl.core.base_simulator | Update norms — honest: ['2.14', '0.57', '0.92', '1.07', '1.61'], attacker: ['3.20', '4.56', '3.79', '3.49', '4.67']
2026-05-06 16:53:05 | INFO    | dpfl.core.base_simulator | Round  51/150 | Acc: 0.7871 | Loss: 0.6015 | eps_max: 5.12 eps_avg: 2.58 | P: 0.92 R: 1.00 F1: 0.96
2026-05-06 16:53:05 | DEBUG   | dpfl.core.base_simulator | Update norms — honest: ['1.22', '0.34', '0.87', '0.68', '0.34'], attacker: ['3.58', '5.13', '3.99', '4.34', '3.99']
2026-05-06 16:53:25 | INFO    | dpfl.core.base_simulator | Round  52/150 | Acc: 0.7873 | Loss: 0.6004 | eps_max: 5.19 eps_avg: 2.62 | P: 0.93 R: 1.00 F1: 0.96
2026-05-06 16:53:25 | DEBUG   | dpfl.core.base_simulator | Update norms — honest: ['0.46', '3.29', '0.47', '0.59', '0.83'], attacker: ['3.63', '4.49', '4.64', '4.32', '4.02']
2026-05-06 16:53:44 | INFO    | dpfl.core.base_simulator | Round  53/150 | Acc: 0.7877 | Loss: 0.5993 | eps_max: 5.19 eps_avg: 2.67 | P: 0.84 R: 1.00 F1: 0.89
2026-05-06 16:53:44 | DEBUG   | dpfl.core.base_simulator | Update norms — honest: ['0.34', '1.11', '1.66', '0.34', '0.61'], attacker: ['3.19', '4.40', '4.17', '4.59', '3.78']
2026-05-06 16:53:53 | INFO    | dpfl.core.base_simulator | Round  54/150 | Acc: 0.7883 | Loss: 0.5979 | eps_max: 5.19 eps_avg: 2.72 | P: 0.82 R: 1.00 F1: 0.90
2026-05-06 16:53:53 | DEBUG   | dpfl.core.base_simulator | Update norms — honest: ['0.98', '1.67', '0.42', '0.34', '0.55'], attacker: ['3.63', '4.59', '4.50', '4.54', '3.76']
2026-05-06 16:54:39 | INFO    | dpfl.core.base_simulator | Round  55/150 | Acc: 0.7885 | Loss: 0.5971 | eps_max: 5.19 eps_avg: 2.75 | P: 0.75 R: 1.00 F1: 0.84
2026-05-06 16:54:39 | DEBUG   | dpfl.core.base_simulator | Update norms — honest: ['1.37', '2.37', '0.39', '1.06', '1.02'], attacker: ['3.33', '4.98', '4.05', '4.74', '3.80']
2026-05-06 16:54:45 | INFO    | dpfl.core.base_simulator | Round  56/150 | Acc: 0.7889 | Loss: 0.5962 | eps_max: 5.23 eps_avg: 2.77 | P: 0.76 R: 1.00 F1: 0.83
2026-05-06 16:54:45 | DEBUG   | dpfl.core.base_simulator | Update norms — honest: ['1.46', '0.72', '0.49', '1.43', '0.60'], attacker: ['3.78', '4.66', '4.48', '4.54', '4.30']
2026-05-06 16:55:02 | INFO    | dpfl.core.base_simulator | Round  57/150 | Acc: 0.7893 | Loss: 0.5948 | eps_max: 5.27 eps_avg: 2.79 | P: 0.87 R: 1.00 F1: 0.92
2026-05-06 16:55:02 | DEBUG   | dpfl.core.base_simulator | Update norms — honest: ['0.54', '0.53', '1.22', '1.40', '0.46'], attacker: ['3.49', '4.90', '4.74', '4.50', '4.31']
2026-05-06 16:55:21 | INFO    | dpfl.core.base_simulator | Round  58/150 | Acc: 0.7895 | Loss: 0.5943 | eps_max: 5.45 eps_avg: 2.89 | P: 0.81 R: 1.00 F1: 0.89
2026-05-06 16:55:21 | DEBUG   | dpfl.core.base_simulator | Update norms — honest: ['0.53', '0.58', '0.72', '0.66', '0.50'], attacker: ['3.63', '4.88', '4.36', '4.40', '3.87']
2026-05-06 16:55:40 | INFO    | dpfl.core.base_simulator | Round  59/150 | Acc: 0.7901 | Loss: 0.5930 | eps_max: 5.45 eps_avg: 2.99 | P: 0.78 R: 1.00 F1: 0.86
2026-05-06 16:55:40 | DEBUG   | dpfl.core.base_simulator | Update norms — honest: ['1.05', '0.60', '0.34', '0.94', '1.05'], attacker: ['3.13', '4.66', '3.81', '4.28', '3.77']
2026-05-06 16:55:59 | INFO    | dpfl.core.base_simulator | Round  60/150 | Acc: 0.7902 | Loss: 0.5926 | eps_max: 5.45 eps_avg: 3.05 | P: 0.89 R: 1.00 F1: 0.94
2026-05-06 16:55:59 | DEBUG   | dpfl.core.base_simulator | Update norms — honest: ['1.41', '0.95', '0.76', '0.67', '0.27'], attacker: ['3.39', '4.77', '4.17', '4.74', '4.22']
2026-05-06 16:56:18 | INFO    | dpfl.core.base_simulator | Round  61/150 | Acc: 0.7906 | Loss: 0.5920 | eps_max: 5.45 eps_avg: 3.06 | P: 0.83 R: 1.00 F1: 0.89
2026-05-06 16:56:18 | DEBUG   | dpfl.core.base_simulator | Update norms — honest: ['1.21', '0.44', '0.54', '0.05', '1.07'], attacker: ['3.73', '4.47', '4.24', '4.73', '3.83']
2026-05-06 16:56:37 | INFO    | dpfl.core.base_simulator | Round  62/150 | Acc: 0.7908 | Loss: 0.5914 | eps_max: 5.45 eps_avg: 3.13 | P: 0.75 R: 1.00 F1: 0.82
2026-05-06 16:56:37 | DEBUG   | dpfl.core.base_simulator | Update norms — honest: ['0.62', '0.34', '2.29', '1.79', '1.28'], attacker: ['3.89', '4.55', '4.19', '4.78', '3.82']
2026-05-06 16:56:55 | INFO    | dpfl.core.base_simulator | Round  63/150 | Acc: 0.7911 | Loss: 0.5908 | eps_max: 5.45 eps_avg: 3.20 | P: 0.86 R: 1.00 F1: 0.92
2026-05-06 16:56:55 | DEBUG   | dpfl.core.base_simulator | Update norms — honest: ['1.43', '0.34', '1.37', '1.53', '1.11'], attacker: ['3.57', '4.48', '4.72', '4.42', '4.23']
2026-05-06 16:57:14 | INFO    | dpfl.core.base_simulator | Round  64/150 | Acc: 0.7912 | Loss: 0.5902 | eps_max: 5.45 eps_avg: 3.23 | P: 0.78 R: 1.00 F1: 0.87
2026-05-06 16:57:14 | DEBUG   | dpfl.core.base_simulator | Update norms — honest: ['0.59', '0.80', '1.72', '0.37', '0.69'], attacker: ['3.68', '4.66', '4.31', '4.25', '4.11']
2026-05-06 16:57:18 | INFO    | dpfl.core.base_simulator | Round  65/150 | Acc: 0.7913 | Loss: 0.5904 | eps_max: 5.45 eps_avg: 3.28 | P: 0.85 R: 1.00 F1: 0.92
2026-05-06 16:57:18 | DEBUG   | dpfl.core.base_simulator | Update norms — honest: ['1.87', '1.21', '1.61', '0.67', '0.58'], attacker: ['3.57', '4.94', '4.56', '4.38', '3.74']
2026-05-06 16:58:08 | INFO    | dpfl.core.base_simulator | Round  66/150 | Acc: 0.7919 | Loss: 0.5891 | eps_max: 5.45 eps_avg: 3.30 | P: 0.78 R: 1.00 F1: 0.87
2026-05-06 16:58:08 | DEBUG   | dpfl.core.base_simulator | Update norms — honest: ['0.44', '0.50', '0.89', '0.77', '0.35'], attacker: ['3.74', '4.45', '4.60', '4.26', '3.87']
2026-05-06 16:58:15 | INFO    | dpfl.core.base_simulator | Round  67/150 | Acc: 0.7922 | Loss: 0.5885 | eps_max: 5.45 eps_avg: 3.31 | P: 0.87 R: 1.00 F1: 0.93
2026-05-06 16:58:15 | DEBUG   | dpfl.core.base_simulator | Update norms — honest: ['1.22', '0.22', '1.03', '1.31', '0.42'], attacker: ['3.33', '4.63', '4.34', '4.86', '4.12']
2026-05-06 16:58:34 | INFO    | dpfl.core.base_simulator | Round  68/150 | Acc: 0.7921 | Loss: 0.5884 | eps_max: 5.45 eps_avg: 3.43 | P: 0.78 R: 1.00 F1: 0.86
2026-05-06 16:58:34 | DEBUG   | dpfl.core.base_simulator | Update norms — honest: ['0.34', '2.90', '0.70', '0.70', '0.85'], attacker: ['3.79', '4.89', '4.22', '4.46', '3.76']
2026-05-06 16:58:52 | INFO    | dpfl.core.base_simulator | Round  69/150 | Acc: 0.7923 | Loss: 0.5887 | eps_max: 5.45 eps_avg: 3.49 | P: 0.84 R: 1.00 F1: 0.91
2026-05-06 16:58:52 | DEBUG   | dpfl.core.base_simulator | Update norms — honest: ['0.34', '1.20', '0.67', '0.00', '1.16'], attacker: ['3.48', '4.80', '4.47', '4.60', '3.76']
2026-05-06 16:59:10 | INFO    | dpfl.core.base_simulator | Round  70/150 | Acc: 0.7924 | Loss: 0.5879 | eps_max: 5.46 eps_avg: 3.51 | P: 0.94 R: 1.00 F1: 0.97
2026-05-06 16:59:10 | DEBUG   | dpfl.core.base_simulator | Update norms — honest: ['0.13', '0.65', '0.57', '2.00', '0.38'], attacker: ['3.74', '5.30', '4.46', '4.63', '4.08']
2026-05-06 16:59:28 | INFO    | dpfl.core.base_simulator | Round  71/150 | Acc: 0.7925 | Loss: 0.5875 | eps_max: 5.46 eps_avg: 3.53 | P: 0.89 R: 1.00 F1: 0.94
2026-05-06 16:59:28 | DEBUG   | dpfl.core.base_simulator | Update norms — honest: ['1.09', '0.86', '1.45', '2.32', '1.28'], attacker: ['4.06', '4.79', '4.25', '4.85', '4.04']
2026-05-06 16:59:45 | INFO    | dpfl.core.base_simulator | Round  72/150 | Acc: 0.7929 | Loss: 0.5870 | eps_max: 5.46 eps_avg: 3.54 | P: 0.93 R: 1.00 F1: 0.96
2026-05-06 16:59:45 | DEBUG   | dpfl.core.base_simulator | Update norms — honest: ['1.27', '0.49', '0.69'], attacker: ['3.66', '5.35', '4.47', '4.71', '3.94']
2026-05-06 17:00:03 | INFO    | dpfl.core.base_simulator | Round  73/150 | Acc: 0.7930 | Loss: 0.5868 | eps_max: 5.46 eps_avg: 3.59 | P: 0.90 R: 1.00 F1: 0.94
2026-05-06 17:00:03 | DEBUG   | dpfl.core.base_simulator | Update norms — honest: ['1.53', '0.98', '0.09', '1.40', '1.19'], attacker: ['3.55', '4.75', '4.06', '4.37', '4.15']
2026-05-06 17:00:22 | INFO    | dpfl.core.base_simulator | Round  74/150 | Acc: 0.7931 | Loss: 0.5871 | eps_max: 5.46 eps_avg: 3.65 | P: 0.80 R: 1.00 F1: 0.88
2026-05-06 17:00:22 | DEBUG   | dpfl.core.base_simulator | Update norms — honest: ['1.75', '1.99', '0.25', '1.13', '0.86'], attacker: ['3.58', '4.86', '4.75', '4.67', '3.81']
2026-05-06 17:00:40 | INFO    | dpfl.core.base_simulator | Round  75/150 | Acc: 0.7932 | Loss: 0.5864 | eps_max: 5.46 eps_avg: 3.68 | P: 0.98 R: 1.00 F1: 0.99
2026-05-06 17:00:40 | DEBUG   | dpfl.core.base_simulator | Update norms — honest: ['0.37', '1.93', '1.75', '0.89', '0.44'], attacker: ['3.92', '4.95', '4.20', '4.66', '3.77']
2026-05-06 17:00:58 | INFO    | dpfl.core.base_simulator | Round  76/150 | Acc: 0.7932 | Loss: 0.5864 | eps_max: 5.46 eps_avg: 3.72 | P: 0.77 R: 1.00 F1: 0.86
2026-05-06 17:00:58 | DEBUG   | dpfl.core.base_simulator | Update norms — honest: ['0.49', '0.38', '1.70', '0.56', '1.50'], attacker: ['3.89', '5.24', '4.63', '4.62', '3.56']
2026-05-06 17:01:17 | INFO    | dpfl.core.base_simulator | Round  77/150 | Acc: 0.7935 | Loss: 0.5863 | eps_max: 5.46 eps_avg: 3.80 | P: 0.78 R: 1.00 F1: 0.87
2026-05-06 17:01:17 | DEBUG   | dpfl.core.base_simulator | Update norms — honest: ['0.34', '2.00', '1.55', '2.15', '0.47'], attacker: ['4.28', '5.03', '3.97', '4.47', '3.91']
2026-05-06 17:01:35 | INFO    | dpfl.core.base_simulator | Round  78/150 | Acc: 0.7932 | Loss: 0.5873 | eps_max: 5.46 eps_avg: 3.87 | P: 0.80 R: 1.00 F1: 0.88
2026-05-06 17:01:35 | DEBUG   | dpfl.core.base_simulator | Update norms — honest: ['2.14', '0.85', '1.13', '1.23', '2.63'], attacker: ['3.90', '4.88', '4.48', '4.44', '3.66']
2026-05-06 17:01:53 | INFO    | dpfl.core.base_simulator | Round  79/150 | Acc: 0.7936 | Loss: 0.5864 | eps_max: 5.50 eps_avg: 3.89 | P: 0.92 R: 1.00 F1: 0.96
2026-05-06 17:01:53 | DEBUG   | dpfl.core.base_simulator | Update norms — honest: ['1.73', '1.57', '1.34', '2.01', '0.75'], attacker: ['3.44', '5.24', '4.29', '4.80', '4.18']
2026-05-06 17:02:11 | INFO    | dpfl.core.base_simulator | Round  80/150 | Acc: 0.7938 | Loss: 0.5863 | eps_max: 5.50 eps_avg: 3.94 | P: 0.80 R: 1.00 F1: 0.88
2026-05-06 17:02:11 | DEBUG   | dpfl.core.base_simulator | Update norms — honest: ['0.34', '1.35', '0.34', '0.91', '0.00'], attacker: ['4.22', '4.76', '4.26', '4.80', '3.86']
2026-05-06 17:02:30 | INFO    | dpfl.core.base_simulator | Round  81/150 | Acc: 0.7938 | Loss: 0.5866 | eps_max: 5.88 eps_avg: 3.99 | P: 0.78 R: 1.00 F1: 0.87
2026-05-06 17:02:30 | DEBUG   | dpfl.core.base_simulator | Update norms — honest: ['2.00', '0.49', '1.23', '1.60', '1.12'], attacker: ['3.71', '4.38', '4.20', '5.36', '3.90']
2026-05-06 17:02:48 | INFO    | dpfl.core.base_simulator | Round  82/150 | Acc: 0.7939 | Loss: 0.5865 | eps_max: 5.88 eps_avg: 4.01 | P: 0.91 R: 1.00 F1: 0.95
2026-05-06 17:02:48 | DEBUG   | dpfl.core.base_simulator | Update norms — honest: ['1.13', '0.63', '0.84', '0.41', '0.30'], attacker: ['3.39', '4.67', '4.43', '4.42', '3.67']
2026-05-06 17:03:06 | INFO    | dpfl.core.base_simulator | Round  83/150 | Acc: 0.7943 | Loss: 0.5858 | eps_max: 5.88 eps_avg: 4.02 | P: 0.91 R: 1.00 F1: 0.95
2026-05-06 17:03:06 | DEBUG   | dpfl.core.base_simulator | Update norms — honest: ['0.42', '1.51', '1.15'], attacker: ['3.44', '4.57', '4.55', '4.72', '4.06']
2026-05-06 17:03:24 | INFO    | dpfl.core.base_simulator | Round  84/150 | Acc: 0.7941 | Loss: 0.5867 | eps_max: 5.88 eps_avg: 4.08 | P: 0.85 R: 1.00 F1: 0.92
2026-05-06 17:03:24 | DEBUG   | dpfl.core.base_simulator | Update norms — honest: ['1.54', '3.18', '0.49', '1.55', '1.72'], attacker: ['3.65', '4.49', '4.76', '4.88', '4.24']
2026-05-06 17:03:42 | INFO    | dpfl.core.base_simulator | Round  85/150 | Acc: 0.7943 | Loss: 0.5862 | eps_max: 5.88 eps_avg: 4.12 | P: 0.93 R: 1.00 F1: 0.96
2026-05-06 17:03:42 | DEBUG   | dpfl.core.base_simulator | Update norms — honest: ['0.79', '1.27', '1.22', '0.55', '1.81'], attacker: ['3.65', '4.70', '4.35', '5.03', '4.09']
2026-05-06 17:04:00 | INFO    | dpfl.core.base_simulator | Round  86/150 | Acc: 0.7911 | Loss: 8514.0695 | eps_max: 6.07 eps_avg: 4.15 | P: 0.87 R: 1.00 F1: 0.92
2026-05-06 17:04:00 | DEBUG   | dpfl.core.base_simulator | Update norms — honest: ['1.67', '0.30', '0.36', '1.02', '1.09'], attacker: ['15.63', '8.57', '7.32', '9.84', '7.27']
2026-05-06 17:04:19 | INFO    | dpfl.core.base_simulator | Round  87/150 | Acc: 0.7914 | Loss: 398.2616 | eps_max: 6.07 eps_avg: 4.18 | P: 0.80 R: 1.00 F1: 0.88
2026-05-06 17:04:19 | DEBUG   | dpfl.core.base_simulator | Update norms — honest: ['0.46', '0.83', '1.76', '2.51', '0.86'], attacker: ['16.06', '10.00', '7.99', '9.86', '8.03']
2026-05-06 17:04:37 | INFO    | dpfl.core.base_simulator | Round  88/150 | Acc: 0.7923 | Loss: 205.4690 | eps_max: 6.07 eps_avg: 4.20 | P: 0.84 R: 1.00 F1: 0.90
2026-05-06 17:04:37 | DEBUG   | dpfl.core.base_simulator | Update norms — honest: ['0.67', '0.97', '1.21', '0.18', '0.79'], attacker: ['16.11', '8.75', '7.18', '9.66', '7.42']
2026-05-06 17:04:56 | INFO    | dpfl.core.base_simulator | Round  89/150 | Acc: 0.7931 | Loss: 55.9131 | eps_max: 6.07 eps_avg: 4.22 | P: 0.81 R: 1.00 F1: 0.86
2026-05-06 17:04:56 | DEBUG   | dpfl.core.base_simulator | Update norms — honest: ['0.06', '0.51', '0.75', '0.37', '0.70'], attacker: ['39.61', '29.81', '50.12', '30.72', '24.52']
2026-05-06 17:05:16 | INFO    | dpfl.core.base_simulator | Round  90/150 | Acc: 0.7921 | Loss: 85.2439 | eps_max: 6.07 eps_avg: 4.27 | P: 0.82 R: 1.00 F1: 0.89
2026-05-06 17:05:16 | DEBUG   | dpfl.core.base_simulator | Update norms — honest: ['0.72', '3.38', '0.84', '0.87', '1.31'], attacker: ['39.13', '29.10', '51.07', '29.88', '24.51']
2026-05-06 17:05:35 | INFO    | dpfl.core.base_simulator | Round  91/150 | Acc: 0.7928 | Loss: 63.2693 | eps_max: 6.07 eps_avg: 4.34 | P: 0.72 R: 1.00 F1: 0.82
2026-05-06 17:05:35 | DEBUG   | dpfl.core.base_simulator | Update norms — honest: ['0.35', '1.84', '0.83', '2.01', '1.57'], attacker: ['39.64', '29.35', '51.70', '29.63', '93.99']
2026-05-06 17:05:54 | INFO    | dpfl.core.base_simulator | Round  92/150 | Acc: 0.7937 | Loss: 19.8933 | eps_max: 6.07 eps_avg: 4.39 | P: 0.80 R: 1.00 F1: 0.88
2026-05-06 17:05:54 | DEBUG   | dpfl.core.base_simulator | Update norms — honest: ['0.91', '1.87', '1.08', '1.43', '1.59'], attacker: ['38.77', '27.84', '51.48', '29.87', '93.64']
2026-05-06 17:06:13 | INFO    | dpfl.core.base_simulator | Round  93/150 | Acc: 0.7934 | Loss: 36.8952 | eps_max: 6.07 eps_avg: 4.45 | P: 0.86 R: 1.00 F1: 0.92
2026-05-06 17:06:13 | DEBUG   | dpfl.core.base_simulator | Update norms — honest: ['1.34', '1.98', '1.06', '0.58', '1.27'], attacker: ['39.03', '29.65', '51.79', '28.97', '94.70']
2026-05-06 17:06:33 | INFO    | dpfl.core.base_simulator | Round  94/150 | Acc: 0.7933 | Loss: 38.1027 | eps_max: 6.07 eps_avg: 4.50 | P: 0.74 R: 1.00 F1: 0.83
2026-05-06 17:06:33 | DEBUG   | dpfl.core.base_simulator | Update norms — honest: ['0.87', '1.73', '2.18', '0.45', '1.10'], attacker: ['38.73', '28.07', '51.67', '28.84', '94.05']
2026-05-06 17:06:52 | INFO    | dpfl.core.base_simulator | Round  95/150 | Acc: 0.7935 | Loss: 61.2569 | eps_max: 6.07 eps_avg: 4.56 | P: 0.89 R: 1.00 F1: 0.94
2026-05-06 17:06:52 | DEBUG   | dpfl.core.base_simulator | Update norms — honest: ['2.55', '0.00', '0.93', '0.34', '1.40'], attacker: ['38.35', '28.73', '51.95', '29.34', '93.87']
2026-05-06 17:07:11 | INFO    | dpfl.core.base_simulator | Round  96/150 | Acc: 0.7942 | Loss: 24.5639 | eps_max: 6.07 eps_avg: 4.60 | P: 0.74 R: 1.00 F1: 0.81
2026-05-06 17:07:11 | DEBUG   | dpfl.core.base_simulator | Update norms — honest: ['0.89', '2.40', '1.23', '0.36', '1.27'], attacker: ['39.29', '28.00', '51.31', '28.91', '94.94']
2026-05-06 17:07:30 | INFO    | dpfl.core.base_simulator | Round  97/150 | Acc: 0.7938 | Loss: 18.3475 | eps_max: 6.07 eps_avg: 4.63 | P: 0.81 R: 1.00 F1: 0.86
2026-05-06 17:07:30 | DEBUG   | dpfl.core.base_simulator | Update norms — honest: ['1.44', '0.99', '2.35', '0.68', '0.78'], attacker: ['40.23', '28.56', '51.06', '29.38', '94.55']
2026-05-06 17:07:50 | INFO    | dpfl.core.base_simulator | Round  98/150 | Acc: 0.7938 | Loss: 26.9698 | eps_max: 6.10 eps_avg: 4.68 | P: 0.81 R: 1.00 F1: 0.88
2026-05-06 17:07:50 | DEBUG   | dpfl.core.base_simulator | Update norms — honest: ['1.01', '0.24', '0.71', '0.01', '0.83'], attacker: ['39.21', '28.18', '51.31', '30.01', '93.91']
2026-05-06 17:08:09 | INFO    | dpfl.core.base_simulator | Round  99/150 | Acc: 0.7942 | Loss: 22.2383 | eps_max: 6.28 eps_avg: 4.70 | P: 0.84 R: 1.00 F1: 0.90
2026-05-06 17:08:09 | DEBUG   | dpfl.core.base_simulator | Update norms — honest: ['0.29', '0.78', '0.92', '1.02', '1.73'], attacker: ['38.93', '28.79', '50.55', '30.31', '93.78']
2026-05-06 17:08:28 | INFO    | dpfl.core.base_simulator | Round 100/150 | Acc: 0.7944 | Loss: 24.4750 | eps_max: 6.28 eps_avg: 4.73 | P: 0.87 R: 1.00 F1: 0.92
2026-05-06 17:08:28 | DEBUG   | dpfl.core.base_simulator | Update norms — honest: ['1.09', '1.01', '2.36', '0.42', '1.55'], attacker: ['38.88', '29.24', '50.35', '29.49', '94.34']
2026-05-06 17:08:47 | INFO    | dpfl.core.base_simulator | Round 101/150 | Acc: 0.7943 | Loss: 22.6640 | eps_max: 6.28 eps_avg: 4.77 | P: 0.79 R: 1.00 F1: 0.87
2026-05-06 17:08:47 | DEBUG   | dpfl.core.base_simulator | Update norms — honest: ['1.21', '1.34', '1.66', '1.07', '1.30'], attacker: ['40.32', '27.90', '51.50', '29.16', '94.21']
2026-05-06 17:09:06 | INFO    | dpfl.core.base_simulator | Round 102/150 | Acc: 0.7944 | Loss: 23.1838 | eps_max: 6.34 eps_avg: 4.82 | P: 0.75 R: 1.00 F1: 0.83
2026-05-06 17:09:06 | DEBUG   | dpfl.core.base_simulator | Update norms — honest: ['1.07', '0.38', '1.13', '0.60', '1.94'], attacker: ['38.70', '28.37', '51.56', '31.14', '94.87']
2026-05-06 17:09:13 | INFO    | dpfl.core.base_simulator | Round 103/150 | Acc: 0.7944 | Loss: 8.4508 | eps_max: 6.34 eps_avg: 4.84 | P: 0.81 R: 1.00 F1: 0.89
2026-05-06 17:09:13 | DEBUG   | dpfl.core.base_simulator | Update norms — honest: ['1.43', '1.51', '0.76', '0.43', '1.88'], attacker: ['39.78', '28.91', '51.90', '29.76', '95.25']
2026-05-06 17:10:00 | INFO    | dpfl.core.base_simulator | Round 104/150 | Acc: 0.7947 | Loss: 12.6867 | eps_max: 6.34 eps_avg: 4.91 | P: 0.82 R: 1.00 F1: 0.88
2026-05-06 17:10:00 | DEBUG   | dpfl.core.base_simulator | Update norms — honest: ['1.01', '0.34', '2.17', '0.82', '1.25'], attacker: ['39.64', '28.82', '50.84', '29.92', '94.06']
2026-05-06 17:10:05 | INFO    | dpfl.core.base_simulator | Round 105/150 | Acc: 0.7945 | Loss: 16.6141 | eps_max: 6.34 eps_avg: 4.95 | P: 0.91 R: 1.00 F1: 0.95
2026-05-06 17:10:05 | DEBUG   | dpfl.core.base_simulator | Update norms — honest: ['0.58', '1.03', '1.44', '0.22', '1.61'], attacker: ['38.71', '29.36', '50.43', '30.64', '93.37']
2026-05-06 17:10:22 | INFO    | dpfl.core.base_simulator | Round 106/150 | Acc: 0.7948 | Loss: 18.8292 | eps_max: 6.34 eps_avg: 4.96 | P: 0.94 R: 1.00 F1: 0.97
2026-05-06 17:10:22 | DEBUG   | dpfl.core.base_simulator | Update norms — honest: ['0.47', '2.06', '1.35', '1.53'], attacker: ['39.55', '28.91', '51.40', '30.17', '94.65']
2026-05-06 17:10:41 | INFO    | dpfl.core.base_simulator | Round 107/150 | Acc: 0.7938 | Loss: 28.5626 | eps_max: 6.64 eps_avg: 5.00 | P: 0.80 R: 1.00 F1: 0.89
2026-05-06 17:10:41 | DEBUG   | dpfl.core.base_simulator | Update norms — honest: ['0.00', '2.37', '0.90', '0.23', '1.20'], attacker: ['39.10', '28.44', '50.96', '28.60', '93.30']
2026-05-06 17:11:00 | INFO    | dpfl.core.base_simulator | Round 108/150 | Acc: 0.7945 | Loss: 13.2318 | eps_max: 6.64 eps_avg: 5.04 | P: 0.74 R: 1.00 F1: 0.83
2026-05-06 17:11:00 | DEBUG   | dpfl.core.base_simulator | Update norms — honest: ['3.53', '0.99', '2.50', '1.28', '0.40'], attacker: ['38.70', '28.78', '52.08', '29.93', '94.25']
2026-05-06 17:11:19 | INFO    | dpfl.core.base_simulator | Round 109/150 | Acc: 0.7947 | Loss: 15.3954 | eps_max: 6.65 eps_avg: 5.06 | P: 0.97 R: 1.00 F1: 0.98
2026-05-06 17:11:19 | DEBUG   | dpfl.core.base_simulator | Update norms — honest: ['2.72', '1.51', '1.25', '1.71', '0.23'], attacker: ['39.08', '29.05', '50.95', '30.97', '94.06']
2026-05-06 17:11:38 | INFO    | dpfl.core.base_simulator | Round 110/150 | Acc: 0.7948 | Loss: 9.6971 | eps_max: 6.65 eps_avg: 5.12 | P: 0.76 R: 1.00 F1: 0.86
2026-05-06 17:11:38 | DEBUG   | dpfl.core.base_simulator | Update norms — honest: ['0.33', '0.54', '0.42', '0.96', '0.51'], attacker: ['40.07', '29.37', '51.10', '29.28', '93.13']
2026-05-06 17:11:57 | INFO    | dpfl.core.base_simulator | Round 111/150 | Acc: 0.7943 | Loss: 9.8973 | eps_max: 6.65 eps_avg: 5.16 | P: 0.85 R: 1.00 F1: 0.92
2026-05-06 17:11:57 | DEBUG   | dpfl.core.base_simulator | Update norms — honest: ['2.19', '2.17', '1.27', '0.29', '0.49'], attacker: ['38.63', '27.76', '50.23', '29.90', '94.35']
2026-05-06 17:12:15 | INFO    | dpfl.core.base_simulator | Round 112/150 | Acc: 0.7948 | Loss: 6.0712 | eps_max: 6.65 eps_avg: 5.20 | P: 0.80 R: 1.00 F1: 0.86
2026-05-06 17:12:15 | DEBUG   | dpfl.core.base_simulator | Update norms — honest: ['2.82', '0.31', '0.53', '0.33', '1.84'], attacker: ['39.15', '27.52', '50.66', '28.71', '93.40']
2026-05-06 17:12:34 | INFO    | dpfl.core.base_simulator | Round 113/150 | Acc: 0.7948 | Loss: 13.1731 | eps_max: 6.65 eps_avg: 5.21 | P: 0.93 R: 1.00 F1: 0.96
2026-05-06 17:12:34 | DEBUG   | dpfl.core.base_simulator | Update norms — honest: ['1.24', '0.53', '1.79', '2.07'], attacker: ['39.69', '28.12', '51.23', '29.35', '94.71']
2026-05-06 17:12:52 | INFO    | dpfl.core.base_simulator | Round 114/150 | Acc: 0.7948 | Loss: 8.5078 | eps_max: 6.68 eps_avg: 5.24 | P: 0.71 R: 1.00 F1: 0.81
2026-05-06 17:12:52 | DEBUG   | dpfl.core.base_simulator | Update norms — honest: ['1.71', '2.24', '1.65', '1.41', '0.29'], attacker: ['136.23', '166.49', '138.29', '120.64', '182.47']
2026-05-06 17:13:11 | INFO    | dpfl.core.base_simulator | Round 115/150 | Acc: 0.7942 | Loss: 11.0026 | eps_max: 6.68 eps_avg: 5.27 | P: 0.85 R: 1.00 F1: 0.92
2026-05-06 17:13:11 | DEBUG   | dpfl.core.base_simulator | Update norms — honest: ['0.00', '0.37', '2.38', '2.03', '3.33'], attacker: ['135.53', '166.72', '138.00', '122.21', '183.96']
2026-05-06 17:13:30 | INFO    | dpfl.core.base_simulator | Round 116/150 | Acc: 0.7949 | Loss: 7.4742 | eps_max: 6.68 eps_avg: 5.29 | P: 0.86 R: 1.00 F1: 0.92
2026-05-06 17:13:30 | DEBUG   | dpfl.core.base_simulator | Update norms — honest: ['0.62', '0.88', '0.84', '1.42', '0.00'], attacker: ['134.87', '167.21', '138.12', '120.71', '183.40']
2026-05-06 17:13:49 | INFO    | dpfl.core.base_simulator | Round 117/150 | Acc: 0.7944 | Loss: 9.4527 | eps_max: 6.68 eps_avg: 5.33 | P: 0.77 R: 1.00 F1: 0.86
2026-05-06 17:13:49 | DEBUG   | dpfl.core.base_simulator | Update norms — honest: ['0.57', '2.49', '2.16', '2.10', '1.38'], attacker: ['136.44', '165.90', '139.91', '120.27', '182.38']
2026-05-06 17:14:08 | INFO    | dpfl.core.base_simulator | Round 118/150 | Acc: 0.7948 | Loss: 8.3419 | eps_max: 6.68 eps_avg: 5.37 | P: 0.94 R: 1.00 F1: 0.97
2026-05-06 17:14:08 | DEBUG   | dpfl.core.base_simulator | Update norms — honest: ['1.11', '0.60', '1.71', '0.79', '1.47'], attacker: ['135.77', '167.42', '140.59', '120.21', '182.43']
2026-05-06 17:14:27 | INFO    | dpfl.core.base_simulator | Round 119/150 | Acc: 0.7947 | Loss: 6.8029 | eps_max: 7.07 eps_avg: 5.42 | P: 0.77 R: 1.00 F1: 0.85
2026-05-06 17:14:27 | DEBUG   | dpfl.core.base_simulator | Update norms — honest: ['1.47', '1.03', '1.08', '1.00', '1.83'], attacker: ['134.36', '166.98', '140.53', '120.63', '184.68']
2026-05-06 17:14:47 | INFO    | dpfl.core.base_simulator | Round 120/150 | Acc: 0.7947 | Loss: 7.6297 | eps_max: 7.07 eps_avg: 5.46 | P: 0.79 R: 1.00 F1: 0.87
2026-05-06 17:14:47 | DEBUG   | dpfl.core.base_simulator | Update norms — honest: ['0.47', '0.00', '1.50', '1.27', '0.90'], attacker: ['134.99', '167.26', '140.14', '120.88', '182.13']
2026-05-06 17:15:05 | INFO    | dpfl.core.base_simulator | Round 121/150 | Acc: 0.7948 | Loss: 5.5815 | eps_max: 7.07 eps_avg: 5.49 | P: 0.75 R: 1.00 F1: 0.84
2026-05-06 17:15:05 | DEBUG   | dpfl.core.base_simulator | Update norms — honest: ['2.79', '0.58', '2.36', '0.99', '1.13'], attacker: ['136.21', '166.16', '140.81', '121.15', '181.90']
2026-05-06 17:15:24 | INFO    | dpfl.core.base_simulator | Round 122/150 | Acc: 0.7947 | Loss: 5.9076 | eps_max: 7.07 eps_avg: 5.51 | P: 0.86 R: 1.00 F1: 0.92
2026-05-06 17:15:24 | DEBUG   | dpfl.core.base_simulator | Update norms — honest: ['3.16', '3.14', '0.00', '1.97', '0.54'], attacker: ['134.18', '167.77', '138.84', '122.68', '183.65']
2026-05-06 17:15:43 | INFO    | dpfl.core.base_simulator | Round 123/150 | Acc: 0.7946 | Loss: 4.7671 | eps_max: 7.07 eps_avg: 5.53 | P: 0.82 R: 1.00 F1: 0.88
2026-05-06 17:15:43 | DEBUG   | dpfl.core.base_simulator | Update norms — honest: ['0.66', '2.12', '1.07', '1.13', '1.80'], attacker: ['136.41', '166.88', '138.92', '120.65', '183.84']
2026-05-06 17:16:01 | INFO    | dpfl.core.base_simulator | Round 124/150 | Acc: 0.7941 | Loss: 7.3526 | eps_max: 7.07 eps_avg: 5.54 | P: 0.83 R: 1.00 F1: 0.88
2026-05-06 17:16:01 | DEBUG   | dpfl.core.base_simulator | Update norms — honest: ['2.28', '0.72', '2.06', '0.84', '1.01'], attacker: ['135.22', '167.15', '139.92', '120.10', '182.09']
2026-05-06 17:16:20 | INFO    | dpfl.core.base_simulator | Round 125/150 | Acc: 0.7947 | Loss: 5.4364 | eps_max: 7.07 eps_avg: 5.57 | P: 0.89 R: 1.00 F1: 0.94
2026-05-06 17:16:20 | DEBUG   | dpfl.core.base_simulator | Update norms — honest: ['0.65', '2.00', '0.67', '0.09', '2.62'], attacker: ['135.07', '166.96', '139.48', '121.18', '182.98']
2026-05-06 17:16:39 | INFO    | dpfl.core.base_simulator | Round 126/150 | Acc: 0.7941 | Loss: 10.0832 | eps_max: 7.07 eps_avg: 5.59 | P: 0.92 R: 1.00 F1: 0.96
2026-05-06 17:16:39 | DEBUG   | dpfl.core.base_simulator | Update norms — honest: ['0.28', '1.00', '0.94', '1.97', '0.85'], attacker: ['135.79', '168.54', '139.23', '122.88', '183.63']
2026-05-06 17:16:57 | INFO    | dpfl.core.base_simulator | Round 127/150 | Acc: 0.7946 | Loss: 5.9753 | eps_max: 7.25 eps_avg: 5.60 | P: 0.89 R: 1.00 F1: 0.94
2026-05-06 17:16:57 | DEBUG   | dpfl.core.base_simulator | Update norms — honest: ['1.71', '0.00', '1.55', '1.80', '1.39'], attacker: ['135.09', '166.98', '137.70', '121.32', '181.42']
2026-05-06 17:17:16 | INFO    | dpfl.core.base_simulator | Round 128/150 | Acc: 0.7944 | Loss: 5.2017 | eps_max: 7.25 eps_avg: 5.65 | P: 0.82 R: 1.00 F1: 0.88
2026-05-06 17:17:16 | DEBUG   | dpfl.core.base_simulator | Update norms — honest: ['1.76', '1.82', '0.65', '0.12', '0.29'], attacker: ['135.00', '167.04', '139.83', '121.11', '183.50']
2026-05-06 17:17:35 | INFO    | dpfl.core.base_simulator | Round 129/150 | Acc: 0.7944 | Loss: 7.6082 | eps_max: 7.25 eps_avg: 5.68 | P: 0.78 R: 1.00 F1: 0.85
2026-05-06 17:17:35 | DEBUG   | dpfl.core.base_simulator | Update norms — honest: ['0.95', '0.79', '1.31', '0.56', '0.73'], attacker: ['135.63', '166.80', '140.30', '121.90', '181.17']
2026-05-06 17:17:54 | INFO    | dpfl.core.base_simulator | Round 130/150 | Acc: 0.7942 | Loss: 7.8381 | eps_max: 7.25 eps_avg: 5.70 | P: 0.79 R: 1.00 F1: 0.86
2026-05-06 17:17:54 | DEBUG   | dpfl.core.base_simulator | Update norms — honest: ['1.18', '0.50', '0.80', '1.07', '0.39'], attacker: ['134.94', '167.32', '139.07', '121.07', '182.34']
2026-05-06 17:18:12 | INFO    | dpfl.core.base_simulator | Round 131/150 | Acc: 0.7946 | Loss: 6.1286 | eps_max: 7.47 eps_avg: 5.72 | P: 0.85 R: 1.00 F1: 0.92
2026-05-06 17:18:12 | DEBUG   | dpfl.core.base_simulator | Update norms — honest: ['1.07', '0.67', '0.81', '2.17', '2.29'], attacker: ['136.01', '166.12', '139.14', '119.40', '183.86']
2026-05-06 17:18:31 | INFO    | dpfl.core.base_simulator | Round 132/150 | Acc: 0.7946 | Loss: 5.4759 | eps_max: 7.47 eps_avg: 5.74 | P: 0.83 R: 1.00 F1: 0.89
2026-05-06 17:18:31 | DEBUG   | dpfl.core.base_simulator | Update norms — honest: ['0.79', '2.20', '1.28', '1.32', '2.99'], attacker: ['136.10', '166.29', '141.23', '120.89', '182.08']
2026-05-06 17:18:50 | INFO    | dpfl.core.base_simulator | Round 133/150 | Acc: 0.7940 | Loss: 5.4322 | eps_max: 7.55 eps_avg: 5.78 | P: 0.73 R: 1.00 F1: 0.84
2026-05-06 17:18:50 | DEBUG   | dpfl.core.base_simulator | Update norms — honest: ['3.18', '1.16', '2.22', '2.17', '1.83'], attacker: ['842.22', '829.99', '814.13', '758.49', '864.44']
2026-05-06 17:19:08 | INFO    | dpfl.core.base_simulator | Round 134/150 | Acc: 0.7941 | Loss: 5.1719 | eps_max: 7.59 eps_avg: 5.80 | P: 0.80 R: 1.00 F1: 0.88
2026-05-06 17:19:08 | DEBUG   | dpfl.core.base_simulator | Update norms — honest: ['1.27', '0.00', '0.60', '1.92', '2.05'], attacker: ['910.88', '818.07', '852.82', '756.01', '867.16']
2026-05-06 17:19:27 | INFO    | dpfl.core.base_simulator | Round 135/150 | Acc: 0.7937 | Loss: 5.9857 | eps_max: 7.59 eps_avg: 5.83 | P: 0.88 R: 1.00 F1: 0.93
2026-05-06 17:19:27 | DEBUG   | dpfl.core.base_simulator | Update norms — honest: ['0.00', '2.20', '1.39', '1.47', '2.35'], attacker: ['861.24', '803.22', '838.06', '769.22', '871.57']
2026-05-06 17:19:46 | INFO    | dpfl.core.base_simulator | Round 136/150 | Acc: 0.7940 | Loss: 6.1625 | eps_max: 7.59 eps_avg: 5.85 | P: 0.71 R: 1.00 F1: 0.80
2026-05-06 17:19:46 | DEBUG   | dpfl.core.base_simulator | Update norms — honest: ['0.00', '1.27', '0.50', '1.86', '1.52'], attacker: ['871.24', '831.18', '846.57', '770.52', '842.81']
2026-05-06 17:20:04 | INFO    | dpfl.core.base_simulator | Round 137/150 | Acc: 0.7941 | Loss: 5.2172 | eps_max: 7.59 eps_avg: 5.86 | P: 0.95 R: 1.00 F1: 0.98
2026-05-06 17:20:04 | DEBUG   | dpfl.core.base_simulator | Update norms — honest: ['1.59', '1.11', '1.30', '1.77', '1.17'], attacker: ['898.22', '838.47', '851.99', '766.57', '871.16']
2026-05-06 17:20:23 | INFO    | dpfl.core.base_simulator | Round 138/150 | Acc: 0.7940 | Loss: 6.0250 | eps_max: 7.59 eps_avg: 5.88 | P: 0.82 R: 1.00 F1: 0.88
2026-05-06 17:20:23 | DEBUG   | dpfl.core.base_simulator | Update norms — honest: ['1.84', '2.36', '0.00', '1.18', '1.97'], attacker: ['861.29', '841.81', '835.96', '767.43', '853.12']
2026-05-06 17:20:42 | INFO    | dpfl.core.base_simulator | Round 139/150 | Acc: 0.7941 | Loss: 4.5452 | eps_max: 7.59 eps_avg: 5.90 | P: 0.85 R: 1.00 F1: 0.90
2026-05-06 17:20:42 | DEBUG   | dpfl.core.base_simulator | Update norms — honest: ['2.46', '2.01', '0.41', '1.66', '0.00'], attacker: ['881.69', '877.72', '860.68', '765.39', '844.42']
2026-05-06 17:21:01 | INFO    | dpfl.core.base_simulator | Round 140/150 | Acc: 0.7936 | Loss: 6.5503 | eps_max: 7.59 eps_avg: 5.93 | P: 0.79 R: 1.00 F1: 0.87
2026-05-06 17:21:01 | DEBUG   | dpfl.core.base_simulator | Update norms — honest: ['0.14', '0.78', '2.10', '2.96', '1.52'], attacker: ['883.10', '830.05', '865.10', '754.08', '846.54']
2026-05-06 17:21:19 | INFO    | dpfl.core.base_simulator | Round 141/150 | Acc: 0.7941 | Loss: 5.6952 | eps_max: 7.59 eps_avg: 5.94 | P: 0.95 R: 1.00 F1: 0.97
2026-05-06 17:21:19 | DEBUG   | dpfl.core.base_simulator | Update norms — honest: ['0.36', '0.41', '1.34', '0.10', '0.64'], attacker: ['880.36', '805.19', '856.50', '776.39', '858.10']
2026-05-06 17:21:38 | INFO    | dpfl.core.base_simulator | Round 142/150 | Acc: 0.7939 | Loss: 5.2124 | eps_max: 7.59 eps_avg: 5.97 | P: 0.60 R: 1.00 F1: 0.72
2026-05-06 17:21:38 | DEBUG   | dpfl.core.base_simulator | Update norms — honest: ['0.19', '0.96', '1.38', '0.00', '1.05'], attacker: ['871.99', '821.55', '853.37', '765.39', '863.80']
2026-05-06 17:21:57 | INFO    | dpfl.core.base_simulator | Round 143/150 | Acc: 0.7938 | Loss: 4.8962 | eps_max: 7.59 eps_avg: 6.01 | P: 0.78 R: 1.00 F1: 0.86
2026-05-06 17:21:57 | DEBUG   | dpfl.core.base_simulator | Update norms — honest: ['0.75', '0.39', '1.80', '0.38', '0.99'], attacker: ['844.86', '821.41', '840.43', '767.23', '888.48']
2026-05-06 17:22:15 | INFO    | dpfl.core.base_simulator | Round 144/150 | Acc: 0.7939 | Loss: 6.2251 | eps_max: 7.59 eps_avg: 6.03 | P: 0.77 R: 1.00 F1: 0.85
2026-05-06 17:22:15 | DEBUG   | dpfl.core.base_simulator | Update norms — honest: ['1.15', '1.42', '0.00', '1.89', '0.00'], attacker: ['857.84', '825.49', '869.37', '773.68', '879.09']
2026-05-06 17:22:34 | INFO    | dpfl.core.base_simulator | Round 145/150 | Acc: 0.7937 | Loss: 6.5209 | eps_max: 7.59 eps_avg: 6.06 | P: 0.88 R: 1.00 F1: 0.93
2026-05-06 17:22:34 | DEBUG   | dpfl.core.base_simulator | Update norms — honest: ['1.26', '0.63', '1.45', '0.00', '0.70'], attacker: ['887.86', '851.13', '822.38', '770.11', '862.62']
2026-05-06 17:22:53 | INFO    | dpfl.core.base_simulator | Round 146/150 | Acc: 0.7936 | Loss: 5.7552 | eps_max: 7.59 eps_avg: 6.09 | P: 0.80 R: 1.00 F1: 0.88
2026-05-06 17:22:53 | DEBUG   | dpfl.core.base_simulator | Update norms — honest: ['0.00', '0.00', '2.36', '1.65', '0.35'], attacker: ['5552.20', '5675.68', '5758.02', '5176.23', '5700.43']
2026-05-06 17:23:12 | INFO    | dpfl.core.base_simulator | Round 147/150 | Acc: 0.7938 | Loss: 5.8230 | eps_max: 7.59 eps_avg: 6.13 | P: 0.86 R: 1.00 F1: 0.91
2026-05-06 17:23:12 | DEBUG   | dpfl.core.base_simulator | Update norms — honest: ['1.22', '1.84', '1.86', '1.02', '2.08'], attacker: ['5498.48', '5909.84', '5532.42', '5270.47', '5483.58']
2026-05-06 17:23:31 | INFO    | dpfl.core.base_simulator | Round 148/150 | Acc: 0.7938 | Loss: 4.2975 | eps_max: 7.59 eps_avg: 6.16 | P: 0.78 R: 1.00 F1: 0.87
2026-05-06 17:23:31 | DEBUG   | dpfl.core.base_simulator | Update norms — honest: ['2.68', '1.07', '1.67', '0.70', '1.92'], attacker: ['5361.48', '5721.39', '5448.01', '5051.60', '5819.94']
2026-05-06 17:23:50 | INFO    | dpfl.core.base_simulator | Round 149/150 | Acc: 0.7936 | Loss: 4.9660 | eps_max: 7.59 eps_avg: 6.18 | P: 0.92 R: 1.00 F1: 0.96
2026-05-06 17:23:50 | DEBUG   | dpfl.core.base_simulator | Update norms — honest: ['0.22', '1.63', '2.58', '0.00', '0.53'], attacker: ['5810.09', '5724.94', '5460.80', '5108.28', '5807.70']
2026-05-06 17:24:08 | INFO    | dpfl.core.base_simulator | Round 150/150 | Acc: 0.7938 | Loss: 4.1778 | eps_max: 7.59 eps_avg: 6.20 | P: 0.86 R: 1.00 F1: 0.93
2026-05-06 17:24:08 | DEBUG   | dpfl.core.base_simulator | Update norms — honest: ['1.26', '0.41', '0.00', '1.51', '2.01'], attacker: ['5626.54', '5686.62', '5459.70', '5201.94', '5784.48']
2026-05-06 17:24:10 | INFO    | dpfl | Experiment complete in 3412.3s
============================================================
REPORT: DP-SGD Decentralized Federated Learning
============================================================
Timestamp:                  20260506_162716
Rounds completed:           150
Attack-active rounds:       100  (from round 50)
Final accuracy:             0.7938
Final test loss:            4.1778
Final epsilon (max honest): 7.59
Final epsilon (avg honest): 6.20
Best alpha:                 1000.0
Avg precision:              0.8316
Avg recall:                 1.0000
Avg F1 score:               0.8958
Avg update norm (honest):   1.0582
Avg update norm (attacker): 425372.2467

eps_system (max honest): 7.5911
eps_avg (honest):        6.1961
eps_std (honest):        0.8015
n_frozen:                0/200
============================================================
