2026-05-05 11:18:59 | INFO    | dpfl | Experiment start: algorithm=noise_game, dataset=mnist, model=mlp, device=cuda
2026-05-05 11:18:59 | INFO    | dpfl | Config: nodes=500, attackers=100, rounds=150, noise_mode=none, attack=scale
2026-05-05 11:18:59 | INFO    | dpfl.data.mnist_dataset | Loading MNIST dataset...
2026-05-05 11:18:59 | INFO    | dpfl.data.mnist_dataset | MNIST loaded: 60000 train, 10000 test samples
2026-05-05 11:19:43 | INFO    | dpfl.core.base_simulator | Vectorized state ready: param_spec.D=50890, X_test=(10000, 1, 28, 28), train clients N=500, max_n_samples=1000
2026-05-05 11:19:43 | INFO    | dpfl.core.base_simulator | Setup complete: 500 nodes (100 attackers), param_dim=50890, split=iid
2026-05-05 11:19:43 | DEBUG   | dpfl.core.base_simulator | Attacker IDs: {0, 1, 2, 3, 4, 5, 6, 7, 8, 9, 10, 11, 12, 13, 14, 15, 16, 17, 18, 19, 20, 21, 22, 23, 24, 25, 26, 27, 28, 29, 30, 31, 32, 33, 34, 35, 36, 37, 38, 39, 40, 41, 42, 43, 44, 45, 46, 47, 48, 49, 50, 51, 52, 53, 54, 55, 56, 57, 58, 59, 60, 61, 62, 63, 64, 65, 66, 67, 68, 69, 70, 71, 72, 73, 74, 75, 76, 77, 78, 79, 80, 81, 82, 83, 84, 85, 86, 87, 88, 89, 90, 91, 92, 93, 94, 95, 96, 97, 98, 99}
2026-05-05 11:19:45 | INFO    | dpfl.core.base_simulator | Round   1/150 | Acc: 0.3832 | Loss: 2.0927 | eps_max: 1.91 eps_avg: 0.06 | P: 0.00 R: nan F1: nan
2026-05-05 11:19:45 | DEBUG   | dpfl.core.base_simulator | Update norms — honest: ['0.56', '0.57', '0.57', '0.56', '0.56'], attacker: ['0.18', '0.18', '0.17', '0.18', '0.18']
2026-05-05 11:19:46 | INFO    | dpfl.core.base_simulator | Round   2/150 | Acc: 0.5574 | Loss: 1.8823 | eps_max: 1.97 eps_avg: 0.14 | P: 0.00 R: nan F1: nan
2026-05-05 11:19:46 | DEBUG   | dpfl.core.base_simulator | Update norms — honest: ['0.56', '0.56', '0.56', '0.56', '0.56'], attacker: ['0.18', '0.18', '0.18', '0.18', '0.19']
2026-05-05 11:19:47 | INFO    | dpfl.core.base_simulator | Round   3/150 | Acc: 0.6534 | Loss: 1.6675 | eps_max: 2.06 eps_avg: 0.23 | P: 0.00 R: nan F1: nan
2026-05-05 11:19:47 | DEBUG   | dpfl.core.base_simulator | Update norms — honest: ['0.55', '0.56', '0.55', '0.55', '0.55'], attacker: ['0.19', '0.18', '0.18', '0.18', '0.19']
2026-05-05 11:19:49 | INFO    | dpfl.core.base_simulator | Round   4/150 | Acc: 0.7121 | Loss: 1.4623 | eps_max: 2.11 eps_avg: 0.36 | P: 0.00 R: nan F1: nan
2026-05-05 11:19:49 | DEBUG   | dpfl.core.base_simulator | Update norms — honest: ['0.55', '0.55', '0.55', '0.55', '0.55'], attacker: ['0.18', '0.18', '0.18', '0.18', '0.18']
2026-05-05 11:19:50 | INFO    | dpfl.core.base_simulator | Round   5/150 | Acc: 0.7534 | Loss: 1.2809 | eps_max: 2.11 eps_avg: 0.45 | P: 0.00 R: nan F1: nan
2026-05-05 11:19:50 | DEBUG   | dpfl.core.base_simulator | Update norms — honest: ['0.54', '0.54', '0.54', '0.54', '0.54'], attacker: ['0.18', '0.17', '0.17', '0.17', '0.18']
2026-05-05 11:19:51 | INFO    | dpfl.core.base_simulator | Round   6/150 | Acc: 0.7817 | Loss: 1.1260 | eps_max: 2.27 eps_avg: 0.52 | P: 0.00 R: nan F1: nan
2026-05-05 11:19:51 | DEBUG   | dpfl.core.base_simulator | Update norms — honest: ['0.54', '1.01', '1.00', '0.54', '1.03'], attacker: ['0.17', '0.16', '0.16', '0.16', '0.17']
2026-05-05 11:19:52 | INFO    | dpfl.core.base_simulator | Round   7/150 | Acc: 0.8019 | Loss: 1.0015 | eps_max: 2.27 eps_avg: 0.59 | P: 0.00 R: nan F1: nan
2026-05-05 11:19:52 | DEBUG   | dpfl.core.base_simulator | Update norms — honest: ['0.99', '0.53', '0.92', '0.53', '0.53'], attacker: ['0.15', '0.15', '0.14', '0.15', '0.15']
2026-05-05 11:19:54 | INFO    | dpfl.core.base_simulator | Round   8/150 | Acc: 0.8157 | Loss: 0.9026 | eps_max: 2.38 eps_avg: 0.68 | P: 0.00 R: nan F1: nan
2026-05-05 11:19:54 | DEBUG   | dpfl.core.base_simulator | Update norms — honest: ['0.53', '0.91', '0.86', '0.53', '0.53'], attacker: ['0.14', '0.13', '0.13', '0.14', '0.14']
2026-05-05 11:19:55 | INFO    | dpfl.core.base_simulator | Round   9/150 | Acc: 0.8260 | Loss: 0.8242 | eps_max: 2.40 eps_avg: 0.77 | P: 0.00 R: nan F1: nan
2026-05-05 11:19:55 | DEBUG   | dpfl.core.base_simulator | Update norms — honest: ['0.52', '0.52', '0.98', '1.49', '0.52'], attacker: ['0.13', '0.12', '0.12', '0.12', '0.12']
2026-05-05 11:19:57 | INFO    | dpfl.core.base_simulator | Round  10/150 | Acc: 0.8337 | Loss: 0.7617 | eps_max: 2.45 eps_avg: 0.86 | P: 0.00 R: nan F1: nan
2026-05-05 11:19:57 | DEBUG   | dpfl.core.base_simulator | Update norms — honest: ['0.93', '0.52', '0.81', '0.52', '0.77'], attacker: ['0.11', '0.11', '0.11', '0.11', '0.11']
2026-05-05 11:19:58 | INFO    | dpfl.core.base_simulator | Round  11/150 | Acc: 0.8397 | Loss: 0.7121 | eps_max: 2.45 eps_avg: 0.95 | P: 0.00 R: nan F1: nan
2026-05-05 11:19:58 | DEBUG   | dpfl.core.base_simulator | Update norms — honest: ['0.51', '0.51', '0.94', '0.51', '0.51'], attacker: ['0.11', '0.10', '0.10', '0.10', '0.10']
2026-05-05 11:19:59 | INFO    | dpfl.core.base_simulator | Round  12/150 | Acc: 0.8451 | Loss: 0.6712 | eps_max: 2.46 eps_avg: 1.02 | P: 0.00 R: nan F1: nan
2026-05-05 11:19:59 | DEBUG   | dpfl.core.base_simulator | Update norms — honest: ['0.51', '0.91', '0.95', '0.51', '1.44'], attacker: ['0.10', '0.10', '0.10', '0.10', '0.10']
2026-05-05 11:20:01 | INFO    | dpfl.core.base_simulator | Round  13/150 | Acc: 0.8493 | Loss: 0.6375 | eps_max: 2.49 eps_avg: 1.10 | P: 0.00 R: nan F1: nan
2026-05-05 11:20:01 | DEBUG   | dpfl.core.base_simulator | Update norms — honest: ['1.39', '0.50', '1.80', '1.49', '0.93'], attacker: ['0.10', '0.09', '0.09', '0.09', '0.09']
2026-05-05 11:20:02 | INFO    | dpfl.core.base_simulator | Round  14/150 | Acc: 0.8526 | Loss: 0.6101 | eps_max: 2.55 eps_avg: 1.14 | P: 0.00 R: nan F1: nan
2026-05-05 11:20:02 | DEBUG   | dpfl.core.base_simulator | Update norms — honest: ['0.88', '0.94', '0.49', '0.50', '0.95'], attacker: ['0.09', '0.09', '0.09', '0.09', '0.09']
2026-05-05 11:20:03 | INFO    | dpfl.core.base_simulator | Round  15/150 | Acc: 0.8558 | Loss: 0.5866 | eps_max: 2.55 eps_avg: 1.20 | P: 0.00 R: nan F1: nan
2026-05-05 11:20:03 | DEBUG   | dpfl.core.base_simulator | Update norms — honest: ['0.82', '0.49', '1.92', '0.49', '0.49'], attacker: ['0.08', '0.08', '0.08', '0.08', '0.08']
2026-05-05 11:20:04 | INFO    | dpfl.core.base_simulator | Round  16/150 | Acc: 0.8585 | Loss: 0.5664 | eps_max: 2.58 eps_avg: 1.25 | P: 0.00 R: nan F1: nan
2026-05-05 11:20:04 | DEBUG   | dpfl.core.base_simulator | Update norms — honest: ['0.78', '0.92', '1.78', '1.36', '0.49'], attacker: ['0.08', '0.08', '0.07', '0.08', '0.07']
2026-05-05 11:20:06 | INFO    | dpfl.core.base_simulator | Round  17/150 | Acc: 0.8609 | Loss: 0.5489 | eps_max: 2.58 eps_avg: 1.28 | P: 0.00 R: nan F1: nan
2026-05-05 11:20:06 | DEBUG   | dpfl.core.base_simulator | Update norms — honest: ['0.89', '1.45', '1.80', '0.48', '1.38'], attacker: ['0.08', '0.08', '0.07', '0.07', '0.08']
2026-05-05 11:20:07 | INFO    | dpfl.core.base_simulator | Round  18/150 | Acc: 0.8629 | Loss: 0.5338 | eps_max: 2.63 eps_avg: 1.35 | P: 0.00 R: nan F1: nan
2026-05-05 11:20:07 | DEBUG   | dpfl.core.base_simulator | Update norms — honest: ['1.20', '1.70', '0.48', '0.87', '0.88'], attacker: ['0.08', '0.07', '0.07', '0.07', '0.07']
2026-05-05 11:20:08 | INFO    | dpfl.core.base_simulator | Round  19/150 | Acc: 0.8648 | Loss: 0.5205 | eps_max: 2.68 eps_avg: 1.40 | P: 0.00 R: nan F1: nan
2026-05-05 11:20:08 | DEBUG   | dpfl.core.base_simulator | Update norms — honest: ['0.47', '1.90', '0.47', '0.89', '0.47'], attacker: ['0.08', '0.07', '0.07', '0.07', '0.06']
2026-05-05 11:20:10 | INFO    | dpfl.core.base_simulator | Round  20/150 | Acc: 0.8665 | Loss: 0.5087 | eps_max: 2.74 eps_avg: 1.45 | P: 0.00 R: nan F1: nan
2026-05-05 11:20:10 | DEBUG   | dpfl.core.base_simulator | Update norms — honest: ['1.22', '1.66', '1.76', '1.02', '0.47'], attacker: ['0.07', '0.07', '0.07', '0.07', '0.07']
2026-05-05 11:20:11 | INFO    | dpfl.core.base_simulator | Round  21/150 | Acc: 0.8679 | Loss: 0.4981 | eps_max: 2.98 eps_avg: 1.51 | P: 0.00 R: nan F1: nan
2026-05-05 11:20:11 | DEBUG   | dpfl.core.base_simulator | Update norms — honest: ['0.46', '0.46', '1.79', '0.70', '0.70'], attacker: ['0.07', '0.07', '0.07', '0.07', '0.06']
2026-05-05 11:20:12 | INFO    | dpfl.core.base_simulator | Round  22/150 | Acc: 0.8694 | Loss: 0.4886 | eps_max: 2.98 eps_avg: 1.54 | P: 0.00 R: nan F1: nan
2026-05-05 11:20:12 | DEBUG   | dpfl.core.base_simulator | Update norms — honest: ['1.31', '0.87', '0.68', '1.03', '0.46'], attacker: ['0.07', '0.07', '0.06', '0.07', '0.06']
2026-05-05 11:20:13 | INFO    | dpfl.core.base_simulator | Round  23/150 | Acc: 0.8705 | Loss: 0.4803 | eps_max: 2.98 eps_avg: 1.59 | P: 0.00 R: nan F1: nan
2026-05-05 11:20:13 | DEBUG   | dpfl.core.base_simulator | Update norms — honest: ['0.75', '1.65', '2.13', '0.79', '0.83'], attacker: ['0.07', '0.07', '0.07', '0.07', '0.06']
2026-05-05 11:20:15 | INFO    | dpfl.core.base_simulator | Round  24/150 | Acc: 0.8717 | Loss: 0.4726 | eps_max: 3.06 eps_avg: 1.65 | P: 0.00 R: nan F1: nan
2026-05-05 11:20:15 | DEBUG   | dpfl.core.base_simulator | Update norms — honest: ['2.23', '0.56', '1.34', '1.96', '0.45'], attacker: ['0.07', '0.07', '0.06', '0.06', '0.06']
2026-05-05 11:20:16 | INFO    | dpfl.core.base_simulator | Round  25/150 | Acc: 0.8726 | Loss: 0.4659 | eps_max: 3.10 eps_avg: 1.70 | P: 0.00 R: nan F1: nan
2026-05-05 11:20:16 | DEBUG   | dpfl.core.base_simulator | Update norms — honest: ['2.33', '1.22', '0.45', '0.83', '0.80'], attacker: ['0.07', '0.07', '0.07', '0.07', '0.06']
2026-05-05 11:20:17 | INFO    | dpfl.core.base_simulator | Round  26/150 | Acc: 0.8736 | Loss: 0.4594 | eps_max: 3.20 eps_avg: 1.76 | P: 0.00 R: nan F1: nan
2026-05-05 11:20:17 | DEBUG   | dpfl.core.base_simulator | Update norms — honest: ['0.44', '0.78', '0.82', '1.24', '0.43'], attacker: ['0.06', '0.07', '0.06', '0.07', '0.06']
2026-05-05 11:20:18 | INFO    | dpfl.core.base_simulator | Round  27/150 | Acc: 0.8745 | Loss: 0.4536 | eps_max: 3.27 eps_avg: 1.81 | P: 0.00 R: nan F1: nan
2026-05-05 11:20:18 | DEBUG   | dpfl.core.base_simulator | Update norms — honest: ['1.23', '0.59', '1.79', '1.12', '0.43'], attacker: ['0.07', '0.06', '0.06', '0.06', '0.05']
2026-05-05 11:20:19 | INFO    | dpfl.core.base_simulator | Round  28/150 | Acc: 0.8751 | Loss: 0.4486 | eps_max: 3.31 eps_avg: 1.86 | P: 0.00 R: nan F1: nan
2026-05-05 11:20:19 | DEBUG   | dpfl.core.base_simulator | Update norms — honest: ['0.61', '0.43', '0.43', '1.25', '1.66'], attacker: ['0.06', '0.07', '0.06', '0.07', '0.05']
2026-05-05 11:20:21 | INFO    | dpfl.core.base_simulator | Round  29/150 | Acc: 0.8759 | Loss: 0.4437 | eps_max: 3.34 eps_avg: 1.93 | P: 0.00 R: nan F1: nan
2026-05-05 11:20:21 | DEBUG   | dpfl.core.base_simulator | Update norms — honest: ['2.36', '0.43', '0.87', '1.80', '1.05'], attacker: ['0.07', '0.07', '0.06', '0.07', '0.06']
2026-05-05 11:20:22 | INFO    | dpfl.core.base_simulator | Round  30/150 | Acc: 0.8767 | Loss: 0.4390 | eps_max: 3.37 eps_avg: 1.97 | P: 0.00 R: nan F1: nan
2026-05-05 11:20:22 | DEBUG   | dpfl.core.base_simulator | Update norms — honest: ['0.54', '1.29', '0.76', '1.42', '0.42'], attacker: ['0.07', '0.07', '0.06', '0.06', '0.05']
2026-05-05 11:20:24 | INFO    | dpfl.core.base_simulator | Round  31/150 | Acc: 0.8771 | Loss: 0.4351 | eps_max: 3.41 eps_avg: 2.03 | P: 0.00 R: nan F1: nan
2026-05-05 11:20:24 | DEBUG   | dpfl.core.base_simulator | Update norms — honest: ['2.10', '0.70', '2.18', '0.42', '0.45'], attacker: ['0.07', '0.07', '0.06', '0.06', '0.06']
2026-05-05 11:20:25 | INFO    | dpfl.core.base_simulator | Round  32/150 | Acc: 0.8776 | Loss: 0.4314 | eps_max: 3.46 eps_avg: 2.06 | P: 0.00 R: nan F1: nan
2026-05-05 11:20:25 | DEBUG   | dpfl.core.base_simulator | Update norms — honest: ['0.74', '0.97', '1.30', '0.41', '1.40'], attacker: ['0.07', '0.07', '0.06', '0.07', '0.06']
2026-05-05 11:20:26 | INFO    | dpfl.core.base_simulator | Round  33/150 | Acc: 0.8783 | Loss: 0.4277 | eps_max: 3.51 eps_avg: 2.12 | P: 0.00 R: nan F1: nan
2026-05-05 11:20:26 | DEBUG   | dpfl.core.base_simulator | Update norms — honest: ['1.07', '0.41', '1.81', '0.80', '1.69'], attacker: ['0.07', '0.07', '0.06', '0.07', '0.06']
2026-05-05 11:20:27 | INFO    | dpfl.core.base_simulator | Round  34/150 | Acc: 0.8788 | Loss: 0.4245 | eps_max: 3.56 eps_avg: 2.16 | P: 0.00 R: nan F1: nan
2026-05-05 11:20:27 | DEBUG   | dpfl.core.base_simulator | Update norms — honest: ['1.24', '1.30', '0.41', '0.67', '0.40'], attacker: ['0.07', '0.07', '0.06', '0.07', '0.06']
2026-05-05 11:20:29 | INFO    | dpfl.core.base_simulator | Round  35/150 | Acc: 0.8791 | Loss: 0.4218 | eps_max: 3.62 eps_avg: 2.20 | P: 0.00 R: nan F1: nan
2026-05-05 11:20:29 | DEBUG   | dpfl.core.base_simulator | Update norms — honest: ['0.68', '1.18', '0.40', '0.75', '1.41'], attacker: ['0.06', '0.07', '0.06', '0.07', '0.06']
2026-05-05 11:20:30 | INFO    | dpfl.core.base_simulator | Round  36/150 | Acc: 0.8796 | Loss: 0.4189 | eps_max: 3.69 eps_avg: 2.24 | P: 0.00 R: nan F1: nan
2026-05-05 11:20:30 | DEBUG   | dpfl.core.base_simulator | Update norms — honest: ['0.64', '0.73', '1.46', '1.15', '0.40'], attacker: ['0.07', '0.07', '0.06', '0.06', '0.06']
2026-05-05 11:20:31 | INFO    | dpfl.core.base_simulator | Round  37/150 | Acc: 0.8799 | Loss: 0.4163 | eps_max: 3.75 eps_avg: 2.31 | P: 0.00 R: nan F1: nan
2026-05-05 11:20:31 | DEBUG   | dpfl.core.base_simulator | Update norms — honest: ['0.39', '0.42', '1.10', '0.72', '1.27'], attacker: ['0.07', '0.07', '0.06', '0.06', '0.05']
2026-05-05 11:20:33 | INFO    | dpfl.core.base_simulator | Round  38/150 | Acc: 0.8804 | Loss: 0.4138 | eps_max: 3.83 eps_avg: 2.36 | P: 0.00 R: nan F1: nan
2026-05-05 11:20:33 | DEBUG   | dpfl.core.base_simulator | Update norms — honest: ['2.39', '0.46', '2.02', '1.24', '0.73'], attacker: ['0.06', '0.07', '0.06', '0.06', '0.06']
2026-05-05 11:20:34 | INFO    | dpfl.core.base_simulator | Round  39/150 | Acc: 0.8805 | Loss: 0.4120 | eps_max: 3.91 eps_avg: 2.40 | P: 0.00 R: nan F1: nan
2026-05-05 11:20:34 | DEBUG   | dpfl.core.base_simulator | Update norms — honest: ['0.31', '1.96', '2.38', '0.66', '0.68'], attacker: ['0.07', '0.07', '0.06', '0.07', '0.06']
2026-05-05 11:20:36 | INFO    | dpfl.core.base_simulator | Round  40/150 | Acc: 0.8808 | Loss: 0.4097 | eps_max: 4.04 eps_avg: 2.44 | P: 0.00 R: nan F1: nan
2026-05-05 11:20:36 | DEBUG   | dpfl.core.base_simulator | Update norms — honest: ['1.08', '1.18', '0.38', '1.57', '1.11'], attacker: ['0.06', '0.07', '0.06', '0.07', '0.06']
2026-05-05 11:20:37 | INFO    | dpfl.core.base_simulator | Round  41/150 | Acc: 0.8812 | Loss: 0.4077 | eps_max: 4.07 eps_avg: 2.49 | P: 0.00 R: nan F1: nan
2026-05-05 11:20:37 | DEBUG   | dpfl.core.base_simulator | Update norms — honest: ['2.46', '1.17', '1.47', '1.02', '2.45'], attacker: ['0.07', '0.07', '0.06', '0.07', '0.06']
2026-05-05 11:20:39 | INFO    | dpfl.core.base_simulator | Round  42/150 | Acc: 0.8813 | Loss: 0.4065 | eps_max: 4.16 eps_avg: 2.55 | P: 0.00 R: nan F1: nan
2026-05-05 11:20:39 | DEBUG   | dpfl.core.base_simulator | Update norms — honest: ['1.27', '1.96', '1.15', '1.17', '0.70'], attacker: ['0.07', '0.07', '0.06', '0.07', '0.07']
2026-05-05 11:20:40 | INFO    | dpfl.core.base_simulator | Round  43/150 | Acc: 0.8817 | Loss: 0.4043 | eps_max: 4.26 eps_avg: 2.60 | P: 0.00 R: nan F1: nan
2026-05-05 11:20:40 | DEBUG   | dpfl.core.base_simulator | Update norms — honest: ['1.32', '1.22', '0.71', '1.89', '1.09'], attacker: ['0.07', '0.07', '0.07', '0.07', '0.06']
2026-05-05 11:20:42 | INFO    | dpfl.core.base_simulator | Round  44/150 | Acc: 0.8818 | Loss: 0.4032 | eps_max: 4.39 eps_avg: 2.65 | P: 0.00 R: nan F1: nan
2026-05-05 11:20:42 | DEBUG   | dpfl.core.base_simulator | Update norms — honest: ['1.11', '2.51', '1.40', '0.86', '1.76'], attacker: ['0.06', '0.07', '0.06', '0.06', '0.06']
2026-05-05 11:20:43 | INFO    | dpfl.core.base_simulator | Round  45/150 | Acc: 0.8820 | Loss: 0.4019 | eps_max: 4.48 eps_avg: 2.72 | P: 0.00 R: nan F1: nan
2026-05-05 11:20:43 | DEBUG   | dpfl.core.base_simulator | Update norms — honest: ['1.98', '0.36', '1.15', '2.71', '0.66'], attacker: ['0.07', '0.07', '0.06', '0.07', '0.06']
2026-05-05 11:20:45 | INFO    | dpfl.core.base_simulator | Round  46/150 | Acc: 0.8822 | Loss: 0.4005 | eps_max: 4.51 eps_avg: 2.75 | P: 0.00 R: nan F1: nan
2026-05-05 11:20:45 | DEBUG   | dpfl.core.base_simulator | Update norms — honest: ['1.08', '1.47', '1.61', '2.04', '1.66'], attacker: ['0.06', '0.07', '0.06', '0.07', '0.06']
2026-05-05 11:20:46 | INFO    | dpfl.core.base_simulator | Round  47/150 | Acc: 0.8825 | Loss: 0.3989 | eps_max: 4.99 eps_avg: 2.79 | P: 0.00 R: nan F1: nan
2026-05-05 11:20:46 | DEBUG   | dpfl.core.base_simulator | Update norms — honest: ['1.53', '1.32', '1.51', '1.67', '1.16'], attacker: ['0.06', '0.07', '0.06', '0.07', '0.06']
2026-05-05 11:20:48 | INFO    | dpfl.core.base_simulator | Round  48/150 | Acc: 0.8825 | Loss: 0.3982 | eps_max: 4.99 eps_avg: 2.85 | P: 0.00 R: nan F1: nan
2026-05-05 11:20:48 | DEBUG   | dpfl.core.base_simulator | Update norms — honest: ['0.65', '2.81', '1.95', '0.35', '1.51'], attacker: ['0.07', '0.08', '0.06', '0.07', '0.06']
2026-05-05 11:20:49 | INFO    | dpfl.core.base_simulator | Round  49/150 | Acc: 0.8827 | Loss: 0.3971 | eps_max: 4.99 eps_avg: 2.87 | P: 0.00 R: nan F1: nan
2026-05-05 11:20:49 | DEBUG   | dpfl.core.base_simulator | Update norms — honest: ['1.83', '2.45', '0.71', '1.46', '0.56'], attacker: ['0.07', '0.07', '0.07', '0.07', '0.06']
2026-05-05 11:20:50 | INFO    | dpfl.core.base_simulator | Round  50/150 | Acc: 0.8828 | Loss: 0.3961 | eps_max: 4.99 eps_avg: 2.88 | P: 0.00 R: nan F1: nan
2026-05-05 11:20:50 | DEBUG   | dpfl.core.base_simulator | Update norms — honest: ['2.91', '0.59', '0.75', '1.36', '2.05'], attacker: ['0.07', '0.08', '0.06', '0.07', '0.06']
2026-05-05 11:20:51 | INFO    | dpfl.core.base_simulator | Round  51/150 | Acc: 0.8792 | Loss: 0.4063 | eps_max: 5.07 eps_avg: 2.94 | P: 0.49 R: 0.99 F1: 0.91
2026-05-05 11:20:51 | DEBUG   | dpfl.core.base_simulator | Update norms — honest: ['1.16', '0.71', '1.10', '1.60', '0.34'], attacker: ['1.39', '1.51', '1.32', '1.39', '1.18']
2026-05-05 11:20:53 | INFO    | dpfl.core.base_simulator | Round  52/150 | Acc: 0.8730 | Loss: 1.2969 | eps_max: 5.19 eps_avg: 2.98 | P: 0.48 R: 0.99 F1: 0.88
2026-05-05 11:20:53 | DEBUG   | dpfl.core.base_simulator | Update norms — honest: ['0.96', '3.14', '1.29', '0.64', '1.38'], attacker: ['4.10', '4.53', '4.42', '4.23', '4.57']
2026-05-05 11:20:54 | INFO    | dpfl.core.base_simulator | Round  53/150 | Acc: 0.8792 | Loss: 0.4307 | eps_max: 5.19 eps_avg: 3.02 | P: 0.33 R: 1.00 F1: 0.86
2026-05-05 11:20:54 | DEBUG   | dpfl.core.base_simulator | Update norms — honest: ['0.34', '1.41', '1.65', '0.34', '1.80'], attacker: ['44.61', '46.54', '45.06', '44.58', '45.84']
2026-05-05 11:20:55 | INFO    | dpfl.core.base_simulator | Round  54/150 | Acc: 0.8807 | Loss: 0.4071 | eps_max: 5.19 eps_avg: 3.06 | P: 0.67 R: 1.00 F1: 0.88
2026-05-05 11:20:55 | DEBUG   | dpfl.core.base_simulator | Update norms — honest: ['1.59', '1.98', '0.54', '0.34', '0.54'], attacker: ['44.90', '46.68', '45.16', '44.73', '45.92']
2026-05-05 11:20:57 | INFO    | dpfl.core.base_simulator | Round  55/150 | Acc: 0.8813 | Loss: 0.3995 | eps_max: 5.19 eps_avg: 3.12 | P: 0.45 R: 1.00 F1: 0.91
2026-05-05 11:20:57 | DEBUG   | dpfl.core.base_simulator | Update norms — honest: ['1.90', '3.25', '0.48', '1.38', '1.19'], attacker: ['44.77', '46.61', '45.31', '44.59', '45.86']
2026-05-05 11:20:58 | INFO    | dpfl.core.base_simulator | Round  56/150 | Acc: 0.8819 | Loss: 0.3971 | eps_max: 5.29 eps_avg: 3.15 | P: 0.33 R: 1.00 F1: 0.90
2026-05-05 11:20:58 | DEBUG   | dpfl.core.base_simulator | Update norms — honest: ['1.85', '0.93', '0.55', '1.50', '0.58'], attacker: ['44.86', '46.43', '45.41', '44.78', '45.96']
2026-05-05 11:20:59 | INFO    | dpfl.core.base_simulator | Round  57/150 | Acc: 0.8823 | Loss: 0.3954 | eps_max: 5.54 eps_avg: 3.18 | P: 0.36 R: 1.00 F1: 0.93
2026-05-05 11:20:59 | DEBUG   | dpfl.core.base_simulator | Update norms — honest: ['0.55', '0.59', '1.24', '1.54', '0.61'], attacker: ['45.29', '46.37', '45.24', '44.70', '46.19']
2026-05-05 11:21:01 | INFO    | dpfl.core.base_simulator | Round  58/150 | Acc: 0.8825 | Loss: 0.3942 | eps_max: 5.54 eps_avg: 3.29 | P: 0.28 R: 1.00 F1: 0.94
2026-05-05 11:21:01 | DEBUG   | dpfl.core.base_simulator | Update norms — honest: ['1.56', '0.54', '0.71', '1.49', '0.97'], attacker: ['44.79', '46.29', '44.97', '44.20', '45.93']
2026-05-05 11:21:03 | INFO    | dpfl.core.base_simulator | Round  59/150 | Acc: 0.8827 | Loss: 0.3933 | eps_max: 5.54 eps_avg: 3.38 | P: 0.38 R: 1.00 F1: 0.91
2026-05-05 11:21:03 | DEBUG   | dpfl.core.base_simulator | Update norms — honest: ['1.50', '1.19', '0.34', '0.94', '2.57'], attacker: ['44.81', '46.41', '45.27', '44.25', '45.69']
2026-05-05 11:21:04 | INFO    | dpfl.core.base_simulator | Round  60/150 | Acc: 0.8828 | Loss: 0.3925 | eps_max: 5.54 eps_avg: 3.44 | P: 0.48 R: 1.00 F1: 0.92
2026-05-05 11:21:04 | DEBUG   | dpfl.core.base_simulator | Update norms — honest: ['1.55', '0.96', '0.99', '1.02', '0.54'], attacker: ['44.84', '46.99', '44.95', '44.18', '45.60']
2026-05-05 11:21:05 | INFO    | dpfl.core.base_simulator | Round  61/150 | Acc: 0.8829 | Loss: 0.3920 | eps_max: 5.54 eps_avg: 3.48 | P: 0.56 R: 1.00 F1: 0.93
2026-05-05 11:21:05 | DEBUG   | dpfl.core.base_simulator | Update norms — honest: ['2.40', '1.44', '0.62', '1.37', '1.56'], attacker: ['45.10', '46.42', '45.64', '44.83', '45.80']
2026-05-05 11:21:07 | INFO    | dpfl.core.base_simulator | Round  62/150 | Acc: 0.8830 | Loss: 0.3915 | eps_max: 5.54 eps_avg: 3.54 | P: 0.39 R: 1.00 F1: 0.88
2026-05-05 11:21:07 | DEBUG   | dpfl.core.base_simulator | Update norms — honest: ['0.96', '0.34', '1.97', '1.87', '1.62'], attacker: ['44.94', '46.59', '45.03', '44.26', '45.83']
2026-05-05 11:21:08 | INFO    | dpfl.core.base_simulator | Round  63/150 | Acc: 0.8830 | Loss: 0.3911 | eps_max: 5.56 eps_avg: 3.63 | P: 0.34 R: 1.00 F1: 0.90
2026-05-05 11:21:08 | DEBUG   | dpfl.core.base_simulator | Update norms — honest: ['1.58', '0.34', '1.98', '2.08', '1.38'], attacker: ['44.59', '46.19', '44.77', '44.29', '45.91']
2026-05-05 11:21:10 | INFO    | dpfl.core.base_simulator | Round  64/150 | Acc: 0.8830 | Loss: 0.3910 | eps_max: 5.56 eps_avg: 3.68 | P: 0.35 R: 1.00 F1: 0.83
2026-05-05 11:21:10 | DEBUG   | dpfl.core.base_simulator | Update norms — honest: ['0.93', '1.35', '1.75', '0.53', '1.21'], attacker: ['44.73', '46.52', '44.86', '44.51', '45.95']
2026-05-05 11:21:11 | INFO    | dpfl.core.base_simulator | Round  65/150 | Acc: 0.8829 | Loss: 0.3911 | eps_max: 5.56 eps_avg: 3.75 | P: 0.60 R: 1.00 F1: 0.92
2026-05-05 11:21:11 | DEBUG   | dpfl.core.base_simulator | Update norms — honest: ['1.95', '0.79', '1.73', '1.65', '0.88'], attacker: ['44.88', '46.58', '45.11', '44.37', '45.93']
2026-05-05 11:21:13 | INFO    | dpfl.core.base_simulator | Round  66/150 | Acc: 0.8830 | Loss: 0.3907 | eps_max: 5.68 eps_avg: 3.81 | P: 0.46 R: 1.00 F1: 0.90
2026-05-05 11:21:13 | DEBUG   | dpfl.core.base_simulator | Update norms — honest: ['0.53', '1.13', '2.28', '1.13', '0.60'], attacker: ['45.01', '46.20', '44.89', '44.45', '45.65']
2026-05-05 11:21:14 | INFO    | dpfl.core.base_simulator | Round  67/150 | Acc: 0.8831 | Loss: 0.3902 | eps_max: 5.68 eps_avg: 3.86 | P: 0.21 R: 1.00 F1: 0.98
2026-05-05 11:21:14 | DEBUG   | dpfl.core.base_simulator | Update norms — honest: ['2.34', '1.47', '1.52', '1.77', '0.46'], attacker: ['44.98', '46.31', '45.35', '44.12', '46.01']
2026-05-05 11:21:16 | INFO    | dpfl.core.base_simulator | Round  68/150 | Acc: 0.8830 | Loss: 0.3900 | eps_max: 5.76 eps_avg: 3.95 | P: 0.28 R: 1.00 F1: 0.84
2026-05-05 11:21:16 | DEBUG   | dpfl.core.base_simulator | Update norms — honest: ['0.34', '3.23', '1.13', '1.44', '0.94'], attacker: ['44.96', '46.16', '45.03', '44.23', '46.05']
2026-05-05 11:21:18 | INFO    | dpfl.core.base_simulator | Round  69/150 | Acc: 0.8828 | Loss: 0.3905 | eps_max: 6.06 eps_avg: 4.04 | P: 0.33 R: 1.00 F1: 0.83
2026-05-05 11:21:18 | DEBUG   | dpfl.core.base_simulator | Update norms — honest: ['0.34', '1.64', '0.79', '1.34', '1.82'], attacker: ['44.67', '46.63', '45.44', '44.73', '45.76']
2026-05-05 11:21:19 | INFO    | dpfl.core.base_simulator | Round  70/150 | Acc: 0.8811 | Loss: 29.2737 | eps_max: 6.18 eps_avg: 4.09 | P: 0.22 R: 1.00 F1: 0.76
2026-05-05 11:21:19 | DEBUG   | dpfl.core.base_simulator | Update norms — honest: ['0.37', '1.10', '0.95', '2.13', '1.14'], attacker: ['45.34', '46.71', '45.45', '44.76', '45.76']
2026-05-05 11:21:20 | INFO    | dpfl.core.base_simulator | Round  71/150 | Acc: 0.8812 | Loss: 1.0447 | eps_max: 6.18 eps_avg: 4.13 | P: 0.35 R: 1.00 F1: 0.96
2026-05-05 11:21:20 | DEBUG   | dpfl.core.base_simulator | Update norms — honest: ['1.45', '1.21', '2.38', '2.45', '1.58'], attacker: ['44.91', '46.33', '45.59', '45.22', '45.87']
2026-05-05 11:21:21 | INFO    | dpfl.core.base_simulator | Round  72/150 | Acc: 0.8814 | Loss: 0.8799 | eps_max: 6.18 eps_avg: 4.17 | P: 0.42 R: 1.00 F1: 0.94
2026-05-05 11:21:21 | DEBUG   | dpfl.core.base_simulator | Update norms — honest: ['1.07', '1.16', '0.86', '1.29', '0.49'], attacker: ['45.19', '46.59', '45.70', '44.99', '45.80']
2026-05-05 11:21:23 | INFO    | dpfl.core.base_simulator | Round  73/150 | Acc: 0.8814 | Loss: 0.8184 | eps_max: 6.18 eps_avg: 4.22 | P: 0.26 R: 1.00 F1: 0.90
2026-05-05 11:21:23 | DEBUG   | dpfl.core.base_simulator | Update norms — honest: ['1.81', '1.66', '0.87', '1.57', '1.44'], attacker: ['45.33', '46.58', '45.74', '45.13', '46.18']
2026-05-05 11:21:24 | INFO    | dpfl.core.base_simulator | Round  74/150 | Acc: 0.8812 | Loss: 0.6268 | eps_max: 6.20 eps_avg: 4.29 | P: 0.36 R: 1.00 F1: 0.90
2026-05-05 11:21:24 | DEBUG   | dpfl.core.base_simulator | Update norms — honest: ['2.42', '2.36', '1.14', '1.35', '0.97'], attacker: ['45.45', '47.54', '46.39', '45.18', '46.26']
2026-05-05 11:21:25 | INFO    | dpfl.core.base_simulator | Round  75/150 | Acc: 0.8815 | Loss: 0.5349 | eps_max: 6.20 eps_avg: 4.35 | P: 0.31 R: 1.00 F1: 0.88
2026-05-05 11:21:25 | DEBUG   | dpfl.core.base_simulator | Update norms — honest: ['0.50', '1.89', '1.58', '1.17', '0.89'], attacker: ['45.39', '46.99', '45.78', '45.07', '46.01']
2026-05-05 11:21:27 | INFO    | dpfl.core.base_simulator | Round  76/150 | Acc: 0.8815 | Loss: 0.4883 | eps_max: 6.20 eps_avg: 4.39 | P: 0.42 R: 1.00 F1: 0.82
2026-05-05 11:21:27 | DEBUG   | dpfl.core.base_simulator | Update norms — honest: ['2.04', '1.56', '2.05', '0.48', '1.19'], attacker: ['45.15', '46.76', '45.73', '45.18', '45.75']
2026-05-05 11:21:28 | INFO    | dpfl.core.base_simulator | Round  77/150 | Acc: 0.8817 | Loss: 0.4496 | eps_max: 6.31 eps_avg: 4.44 | P: 0.31 R: 1.00 F1: 0.88
2026-05-05 11:21:28 | DEBUG   | dpfl.core.base_simulator | Update norms — honest: ['0.34', '2.36', '1.93', '2.37', '0.61'], attacker: ['45.25', '46.93', '45.70', '45.34', '45.47']
2026-05-05 11:21:30 | INFO    | dpfl.core.base_simulator | Round  78/150 | Acc: 0.8820 | Loss: 0.4221 | eps_max: 6.31 eps_avg: 4.49 | P: 0.37 R: 1.00 F1: 0.93
2026-05-05 11:21:30 | DEBUG   | dpfl.core.base_simulator | Update norms — honest: ['2.20', '1.38', '1.59', '1.33', '2.25'], attacker: ['45.47', '47.21', '45.70', '45.02', '45.83']
2026-05-05 11:21:31 | INFO    | dpfl.core.base_simulator | Round  79/150 | Acc: 0.8812 | Loss: 0.5069 | eps_max: 6.38 eps_avg: 4.51 | P: 0.53 R: 1.00 F1: 0.96
2026-05-05 11:21:31 | DEBUG   | dpfl.core.base_simulator | Update norms — honest: ['2.41', '3.38', '2.83', '2.06', '1.13'], attacker: ['45.23', '46.97', '45.68', '45.29', '45.92']
2026-05-05 11:21:32 | INFO    | dpfl.core.base_simulator | Round  80/150 | Acc: 0.8822 | Loss: 0.4075 | eps_max: 6.43 eps_avg: 4.57 | P: 0.25 R: 1.00 F1: 0.86
2026-05-05 11:21:32 | DEBUG   | dpfl.core.base_simulator | Update norms — honest: ['0.34', '1.33', '0.70', '1.53', '2.64'], attacker: ['45.28', '46.41', '45.85', '45.48', '46.08']
2026-05-05 11:21:34 | INFO    | dpfl.core.base_simulator | Round  81/150 | Acc: 0.8816 | Loss: 0.4298 | eps_max: 6.43 eps_avg: 4.62 | P: 0.50 R: 1.00 F1: 0.90
2026-05-05 11:21:34 | DEBUG   | dpfl.core.base_simulator | Update norms — honest: ['2.23', '1.26', '1.33', '2.72', '1.27'], attacker: ['44.93', '46.74', '45.51', '44.88', '45.80']
2026-05-05 11:21:35 | INFO    | dpfl.core.base_simulator | Round  82/150 | Acc: 0.8821 | Loss: 0.4030 | eps_max: 6.43 eps_avg: 4.67 | P: 0.46 R: 1.00 F1: 0.86
2026-05-05 11:21:35 | DEBUG   | dpfl.core.base_simulator | Update norms — honest: ['2.00', '0.83', '1.29', '2.56', '1.29'], attacker: ['45.13', '46.59', '45.73', '45.08', '45.56']
2026-05-05 11:21:36 | INFO    | dpfl.core.base_simulator | Round  83/150 | Acc: 0.8821 | Loss: 0.4048 | eps_max: 6.43 eps_avg: 4.69 | P: 0.30 R: 1.00 F1: 0.94
2026-05-05 11:21:36 | DEBUG   | dpfl.core.base_simulator | Update norms — honest: ['1.57', '2.05', '1.58', '2.29', '0.58'], attacker: ['45.30', '46.70', '45.57', '45.39', '46.13']
2026-05-05 11:21:37 | INFO    | dpfl.core.base_simulator | Round  84/150 | Acc: 0.8822 | Loss: 0.4033 | eps_max: 6.43 eps_avg: 4.74 | P: 0.39 R: 1.00 F1: 0.93
2026-05-05 11:21:37 | DEBUG   | dpfl.core.base_simulator | Update norms — honest: ['1.37', '3.07', '1.52', '1.98', '1.90'], attacker: ['543.10', '556.65', '544.05', '555.86', '546.80']
2026-05-05 11:21:39 | INFO    | dpfl.core.base_simulator | Round  85/150 | Acc: 0.8820 | Loss: 0.4120 | eps_max: 6.43 eps_avg: 4.78 | P: 0.52 R: 1.00 F1: 0.85
2026-05-05 11:21:39 | DEBUG   | dpfl.core.base_simulator | Update norms — honest: ['0.82', '1.00', '1.93', '0.73', '2.66'], attacker: ['554.10', '540.03', '560.04', '576.23', '544.55']
2026-05-05 11:21:40 | INFO    | dpfl.core.base_simulator | Round  86/150 | Acc: 0.8797 | Loss: 4220.3798 | eps_max: 6.64 eps_avg: 4.82 | P: 0.28 R: 1.00 F1: 0.93
2026-05-05 11:21:40 | DEBUG   | dpfl.core.base_simulator | Update norms — honest: ['2.69', '1.09', '1.24', '2.47', '2.66'], attacker: ['544.37', '537.67', '558.38', '576.42', '576.23']
2026-05-05 11:21:42 | INFO    | dpfl.core.base_simulator | Round  87/150 | Acc: 0.8801 | Loss: 146.9191 | eps_max: 6.64 eps_avg: 4.86 | P: 0.43 R: 1.00 F1: 0.89
2026-05-05 11:21:42 | DEBUG   | dpfl.core.base_simulator | Update norms — honest: ['0.48', '1.16', '1.55', '2.20', '1.98'], attacker: ['555.86', '548.33', '552.95', '570.84', '556.64']
2026-05-05 11:21:43 | INFO    | dpfl.core.base_simulator | Round  88/150 | Acc: 0.8799 | Loss: 125.3011 | eps_max: 6.64 eps_avg: 4.89 | P: 0.49 R: 1.00 F1: 0.91
2026-05-05 11:21:43 | DEBUG   | dpfl.core.base_simulator | Update norms — honest: ['0.78', '1.35', '1.54', '0.30', '0.97'], attacker: ['551.44', '544.46', '545.17', '543.59', '579.81']
2026-05-05 11:21:44 | INFO    | dpfl.core.base_simulator | Round  89/150 | Acc: 0.8800 | Loss: 112.9867 | eps_max: 6.73 eps_avg: 4.92 | P: 0.39 R: 1.00 F1: 0.90
2026-05-05 11:21:44 | DEBUG   | dpfl.core.base_simulator | Update norms — honest: ['3.57', '1.11', '1.20', '1.29', '1.48'], attacker: ['540.80', '539.44', '549.51', '552.05', '538.48']
2026-05-05 11:21:46 | INFO    | dpfl.core.base_simulator | Round  90/150 | Acc: 0.8800 | Loss: 52.1888 | eps_max: 6.73 eps_avg: 4.95 | P: 0.55 R: 1.00 F1: 0.94
2026-05-05 11:21:46 | DEBUG   | dpfl.core.base_simulator | Update norms — honest: ['1.03', '3.13', '1.52', '1.27', '2.10'], attacker: ['555.08', '564.41', '548.75', '534.32', '554.37']
2026-05-05 11:21:47 | INFO    | dpfl.core.base_simulator | Round  91/150 | Acc: 0.8800 | Loss: 48.1286 | eps_max: 6.98 eps_avg: 5.03 | P: 0.34 R: 1.00 F1: 0.81
2026-05-05 11:21:47 | DEBUG   | dpfl.core.base_simulator | Update norms — honest: ['1.80', '2.35', '1.31', '2.75', '2.15'], attacker: ['543.64', '571.85', '553.54', '568.07', '553.80']
2026-05-05 11:21:49 | INFO    | dpfl.core.base_simulator | Round  92/150 | Acc: 0.8798 | Loss: 20.9014 | eps_max: 6.98 eps_avg: 5.07 | P: 0.48 R: 1.00 F1: 0.89
2026-05-05 11:21:49 | DEBUG   | dpfl.core.base_simulator | Update norms — honest: ['1.90', '1.68', '1.42', '1.93', '1.84'], attacker: ['547.26', '537.91', '560.95', '551.42', '582.59']
2026-05-05 11:21:50 | INFO    | dpfl.core.base_simulator | Round  93/150 | Acc: 0.8799 | Loss: 13.2861 | eps_max: 7.02 eps_avg: 5.11 | P: 0.31 R: 1.00 F1: 0.93
2026-05-05 11:21:50 | DEBUG   | dpfl.core.base_simulator | Update norms — honest: ['2.06', '2.93', '1.45', '2.04', '1.18'], attacker: ['548.23', '551.34', '566.01', '553.77', '573.81']
2026-05-05 11:21:52 | INFO    | dpfl.core.base_simulator | Round  94/150 | Acc: 0.8800 | Loss: 6.1530 | eps_max: 7.36 eps_avg: 5.14 | P: 0.36 R: 1.00 F1: 0.85
2026-05-05 11:21:52 | DEBUG   | dpfl.core.base_simulator | Update norms — honest: ['1.97', '2.92', '2.22', '0.62', '1.16'], attacker: ['590.94', '544.03', '570.00', '552.41', '574.26']
2026-05-05 11:21:53 | INFO    | dpfl.core.base_simulator | Round  95/150 | Acc: 0.8803 | Loss: 3.8078 | eps_max: 7.38 eps_avg: 5.18 | P: 0.56 R: 1.00 F1: 0.94
2026-05-05 11:21:53 | DEBUG   | dpfl.core.base_simulator | Update norms — honest: ['1.69', '1.88', '1.85', '0.34', '1.65'], attacker: ['560.99', '556.16', '554.08', '554.44', '557.93']
2026-05-05 11:21:55 | INFO    | dpfl.core.base_simulator | Round  96/150 | Acc: 0.8799 | Loss: 5.9311 | eps_max: 7.38 eps_avg: 5.23 | P: 0.35 R: 1.00 F1: 0.90
2026-05-05 11:21:55 | DEBUG   | dpfl.core.base_simulator | Update norms — honest: ['3.03', '2.71', '1.44', '1.76', '1.52'], attacker: ['543.08', '549.82', '548.30', '551.50', '563.74']
2026-05-05 11:21:56 | INFO    | dpfl.core.base_simulator | Round  97/150 | Acc: 0.8801 | Loss: 4.7786 | eps_max: 7.50 eps_avg: 5.27 | P: 0.19 R: 1.00 F1: 0.81
2026-05-05 11:21:56 | DEBUG   | dpfl.core.base_simulator | Update norms — honest: ['1.65', '0.90', '2.74', '1.10', '1.03'], attacker: ['543.11', '532.95', '561.59', '552.43', '565.48']
2026-05-05 11:21:58 | INFO    | dpfl.core.base_simulator | Round  98/150 | Acc: 0.8798 | Loss: 5.3085 | eps_max: 7.50 eps_avg: 5.30 | P: 0.35 R: 1.00 F1: 0.88
2026-05-05 11:21:58 | DEBUG   | dpfl.core.base_simulator | Update norms — honest: ['1.34', '1.81', '2.14', '1.55', '2.82'], attacker: ['555.17', '535.50', '553.79', '541.52', '542.32']
2026-05-05 11:21:59 | INFO    | dpfl.core.base_simulator | Round  99/150 | Acc: 0.8800 | Loss: 4.9840 | eps_max: 7.50 eps_avg: 5.33 | P: 0.46 R: 1.00 F1: 0.89
2026-05-05 11:21:59 | DEBUG   | dpfl.core.base_simulator | Update norms — honest: ['1.35', '1.15', '1.18', '1.08', '2.29'], attacker: ['543.33', '541.72', '548.18', '577.15', '569.73']
2026-05-05 11:22:00 | INFO    | dpfl.core.base_simulator | Round 100/150 | Acc: 0.8801 | Loss: 3.1286 | eps_max: 7.50 eps_avg: 5.35 | P: 0.45 R: 1.00 F1: 0.89
2026-05-05 11:22:00 | DEBUG   | dpfl.core.base_simulator | Update norms — honest: ['1.55', '1.97', '2.64', '2.30', '2.10'], attacker: ['574.56', '579.26', '547.52', '561.98', '560.70']
2026-05-05 11:22:02 | INFO    | dpfl.core.base_simulator | Round 101/150 | Acc: 0.8798 | Loss: 4.6009 | eps_max: 7.50 eps_avg: 5.38 | P: 0.24 R: 1.00 F1: 0.72
2026-05-05 11:22:02 | DEBUG   | dpfl.core.base_simulator | Update norms — honest: ['3.51', '1.68', '1.54', '1.53', '1.52'], attacker: ['551.67', '537.18', '549.68', '559.27', '590.37']
2026-05-05 11:22:03 | INFO    | dpfl.core.base_simulator | Round 102/150 | Acc: 0.8798 | Loss: 2.8871 | eps_max: 7.50 eps_avg: 5.42 | P: 0.50 R: 1.00 F1: 0.87
2026-05-05 11:22:03 | DEBUG   | dpfl.core.base_simulator | Update norms — honest: ['1.83', '0.48', '1.82', '1.13', '2.54'], attacker: ['549.26', '558.41', '571.56', '555.28', '547.96']
2026-05-05 11:22:05 | INFO    | dpfl.core.base_simulator | Round 103/150 | Acc: 0.8799 | Loss: 1.3417 | eps_max: 7.50 eps_avg: 5.46 | P: 0.44 R: 1.00 F1: 0.89
2026-05-05 11:22:05 | DEBUG   | dpfl.core.base_simulator | Update norms — honest: ['2.19', '2.23', '1.00', '0.53', '2.73'], attacker: ['545.97', '549.25', '557.60', '548.30', '547.87']
2026-05-05 11:22:07 | INFO    | dpfl.core.base_simulator | Round 104/150 | Acc: 0.8799 | Loss: 1.4506 | eps_max: 7.50 eps_avg: 5.50 | P: 0.45 R: 1.00 F1: 0.90
2026-05-05 11:22:07 | DEBUG   | dpfl.core.base_simulator | Update norms — honest: ['1.75', '0.34', '1.94', '1.56', '1.64'], attacker: ['560.96', '561.85', '576.26', '574.92', '547.98']
2026-05-05 11:22:08 | INFO    | dpfl.core.base_simulator | Round 105/150 | Acc: 0.8797 | Loss: 1.9204 | eps_max: 7.50 eps_avg: 5.54 | P: 0.51 R: 1.00 F1: 0.92
2026-05-05 11:22:08 | DEBUG   | dpfl.core.base_simulator | Update norms — honest: ['1.10', '0.64', '1.60', '2.22', '2.60'], attacker: ['544.38', '554.33', '549.99', '559.70', '532.42']
2026-05-05 11:22:09 | INFO    | dpfl.core.base_simulator | Round 106/150 | Acc: 0.8793 | Loss: 2.3425 | eps_max: 7.50 eps_avg: 5.57 | P: 0.53 R: 1.00 F1: 0.86
2026-05-05 11:22:09 | DEBUG   | dpfl.core.base_simulator | Update norms — honest: ['0.68', '2.76', '1.24', '2.58', '1.58'], attacker: ['554.43', '537.92', '548.47', '552.41', '538.21']
2026-05-05 11:22:11 | INFO    | dpfl.core.base_simulator | Round 107/150 | Acc: 0.8796 | Loss: 1.2015 | eps_max: 7.50 eps_avg: 5.59 | P: 0.36 R: 1.00 F1: 0.92
2026-05-05 11:22:11 | DEBUG   | dpfl.core.base_simulator | Update norms — honest: ['2.36', '3.06', '2.73', '0.77', '1.35'], attacker: ['544.65', '543.91', '544.51', '552.18', '541.12']
2026-05-05 11:22:12 | INFO    | dpfl.core.base_simulator | Round 108/150 | Acc: 0.8788 | Loss: 2.5843 | eps_max: 7.50 eps_avg: 5.61 | P: 0.42 R: 1.00 F1: 0.88
2026-05-05 11:22:12 | DEBUG   | dpfl.core.base_simulator | Update norms — honest: ['4.28', '2.25', '2.56', '1.94', '0.91'], attacker: ['557.44', '547.01', '541.91', '578.33', '557.68']
2026-05-05 11:22:14 | INFO    | dpfl.core.base_simulator | Round 109/150 | Acc: 0.8790 | Loss: 1.3257 | eps_max: 7.50 eps_avg: 5.64 | P: 0.43 R: 1.00 F1: 0.91
2026-05-05 11:22:14 | DEBUG   | dpfl.core.base_simulator | Update norms — honest: ['2.98', '2.96', '1.63', '1.95', '1.20'], attacker: ['554.22', '581.16', '555.59', '550.30', '538.31']
2026-05-05 11:22:16 | INFO    | dpfl.core.base_simulator | Round 110/150 | Acc: 0.8787 | Loss: 1.4385 | eps_max: 7.50 eps_avg: 5.68 | P: 0.37 R: 1.00 F1: 0.89
2026-05-05 11:22:16 | DEBUG   | dpfl.core.base_simulator | Update norms — honest: ['1.55', '2.12', '0.51', '3.23', '0.78'], attacker: ['542.94', '552.89', '556.07', '573.11', '546.96']
2026-05-05 11:22:18 | INFO    | dpfl.core.base_simulator | Round 111/150 | Acc: 0.8781 | Loss: 2.5807 | eps_max: 7.50 eps_avg: 5.72 | P: 0.28 R: 1.00 F1: 0.88
2026-05-05 11:22:18 | DEBUG   | dpfl.core.base_simulator | Update norms — honest: ['2.82', '1.18', '1.97', '2.16', '1.47'], attacker: ['547.11', '538.86', '565.49', '552.85', '543.29']
2026-05-05 11:22:19 | INFO    | dpfl.core.base_simulator | Round 112/150 | Acc: 0.8786 | Loss: 1.2309 | eps_max: 7.50 eps_avg: 5.75 | P: 0.40 R: 1.00 F1: 0.87
2026-05-05 11:22:19 | DEBUG   | dpfl.core.base_simulator | Update norms — honest: ['3.10', '0.52', '2.15', '3.10', '1.98'], attacker: ['535.17', '534.67', '553.76', '545.45', '564.43']
2026-05-05 11:22:20 | INFO    | dpfl.core.base_simulator | Round 113/150 | Acc: 0.8784 | Loss: 1.6985 | eps_max: 7.50 eps_avg: 5.77 | P: 0.55 R: 1.00 F1: 0.92
2026-05-05 11:22:20 | DEBUG   | dpfl.core.base_simulator | Update norms — honest: ['1.42', '1.01', '2.12', '1.94', '2.06'], attacker: ['566.39', '549.53', '542.84', '568.36', '574.06']
2026-05-05 11:22:22 | INFO    | dpfl.core.base_simulator | Round 114/150 | Acc: 0.8781 | Loss: 1.8620 | eps_max: 7.50 eps_avg: 5.80 | P: 0.45 R: 1.00 F1: 0.89
2026-05-05 11:22:22 | DEBUG   | dpfl.core.base_simulator | Update norms — honest: ['2.79', '2.52', '1.75', '1.77', '1.00'], attacker: ['543.35', '541.02', '558.54', '554.48', '556.77']
2026-05-05 11:22:23 | INFO    | dpfl.core.base_simulator | Round 115/150 | Acc: 0.8777 | Loss: 1.7822 | eps_max: 7.50 eps_avg: 5.82 | P: 0.60 R: 1.00 F1: 0.91
2026-05-05 11:22:23 | DEBUG   | dpfl.core.base_simulator | Update norms — honest: ['0.24', '2.31', '1.66', '2.61', '2.90'], attacker: ['543.18', '542.36', '565.91', '556.12', '533.76']
2026-05-05 11:22:25 | INFO    | dpfl.core.base_simulator | Round 116/150 | Acc: 0.8777 | Loss: 1.1442 | eps_max: 7.50 eps_avg: 5.85 | P: 0.41 R: 1.00 F1: 0.95
2026-05-05 11:22:25 | DEBUG   | dpfl.core.base_simulator | Update norms — honest: ['0.82', '2.09', '0.71', '1.05', '2.14'], attacker: ['538.79', '552.25', '556.78', '539.34', '550.05']
2026-05-05 11:22:26 | INFO    | dpfl.core.base_simulator | Round 117/150 | Acc: 0.8776 | Loss: 1.0868 | eps_max: 7.57 eps_avg: 5.88 | P: 0.34 R: 1.00 F1: 0.88
2026-05-05 11:22:26 | DEBUG   | dpfl.core.base_simulator | Update norms — honest: ['0.94', '3.09', '2.24', '2.73', '2.83'], attacker: ['551.55', '561.62', '547.93', '552.77', '542.70']
2026-05-05 11:22:28 | INFO    | dpfl.core.base_simulator | Round 118/150 | Acc: 0.8774 | Loss: 1.2298 | eps_max: 7.57 eps_avg: 5.91 | P: 0.40 R: 1.00 F1: 0.91
2026-05-05 11:22:28 | DEBUG   | dpfl.core.base_simulator | Update norms — honest: ['2.01', '1.17', '2.02', '1.48', '2.13'], attacker: ['554.94', '536.06', '546.77', '567.32', '569.30']
2026-05-05 11:22:29 | INFO    | dpfl.core.base_simulator | Round 119/150 | Acc: 0.8766 | Loss: 1.5141 | eps_max: 7.58 eps_avg: 5.94 | P: 0.29 R: 1.00 F1: 0.91
2026-05-05 11:22:29 | DEBUG   | dpfl.core.base_simulator | Update norms — honest: ['2.10', '2.60', '1.88', '1.94', '3.03'], attacker: ['541.04', '539.39', '555.77', '561.91', '537.61']
2026-05-05 11:22:31 | INFO    | dpfl.core.base_simulator | Round 120/150 | Acc: 0.8765 | Loss: 1.7482 | eps_max: 7.58 eps_avg: 5.97 | P: 0.27 R: 1.00 F1: 0.85
2026-05-05 11:22:31 | DEBUG   | dpfl.core.base_simulator | Update norms — honest: ['1.55', '1.94', '2.71', '2.51', '1.50'], attacker: ['545.93', '551.13', '556.36', '552.14', '557.08']
2026-05-05 11:22:33 | INFO    | dpfl.core.base_simulator | Round 121/150 | Acc: 0.8764 | Loss: 1.7402 | eps_max: 7.58 eps_avg: 5.99 | P: 0.41 R: 1.00 F1: 0.93
2026-05-05 11:22:33 | DEBUG   | dpfl.core.base_simulator | Update norms — honest: ['2.79', '3.56', '3.62', '1.11', '1.38'], attacker: ['552.25', '548.55', '540.72', '556.51', '567.23']
2026-05-05 11:22:34 | INFO    | dpfl.core.base_simulator | Round 122/150 | Acc: 0.8761 | Loss: 1.2930 | eps_max: 7.66 eps_avg: 6.02 | P: 0.41 R: 1.00 F1: 0.94
2026-05-05 11:22:34 | DEBUG   | dpfl.core.base_simulator | Update norms — honest: ['2.87', '3.61', '2.04', '2.11', '1.73'], attacker: ['548.23', '542.68', '559.46', '567.67', '600.62']
2026-05-05 11:22:36 | INFO    | dpfl.core.base_simulator | Round 123/150 | Acc: 0.8758 | Loss: 1.2973 | eps_max: 7.66 eps_avg: 6.04 | P: 0.53 R: 1.00 F1: 0.89
2026-05-05 11:22:36 | DEBUG   | dpfl.core.base_simulator | Update norms — honest: ['1.10', '3.09', '1.86', '1.72', '1.58'], attacker: ['571.03', '554.50', '543.31', '557.06', '561.85']
2026-05-05 11:22:37 | INFO    | dpfl.core.base_simulator | Round 124/150 | Acc: 0.8759 | Loss: 1.2035 | eps_max: 7.66 eps_avg: 6.05 | P: 0.34 R: 1.00 F1: 0.87
2026-05-05 11:22:37 | DEBUG   | dpfl.core.base_simulator | Update norms — honest: ['2.95', '1.98', '3.10', '1.24', '1.29'], attacker: ['540.61', '545.10', '549.57', '554.64', '538.49']
2026-05-05 11:22:38 | INFO    | dpfl.core.base_simulator | Round 125/150 | Acc: 0.8761 | Loss: 1.1763 | eps_max: 7.67 eps_avg: 6.07 | P: 0.54 R: 1.00 F1: 0.92
2026-05-05 11:22:38 | DEBUG   | dpfl.core.base_simulator | Update norms — honest: ['1.26', '1.89', '0.92', '2.45', '2.86'], attacker: ['542.53', '541.44', '538.19', '564.88', '553.17']
2026-05-05 11:22:39 | INFO    | dpfl.core.base_simulator | Round 126/150 | Acc: 0.8760 | Loss: 1.1126 | eps_max: 7.67 eps_avg: 6.09 | P: 0.54 R: 1.00 F1: 0.93
2026-05-05 11:22:39 | DEBUG   | dpfl.core.base_simulator | Update norms — honest: ['1.49', '1.23', '1.84', '2.24', '2.28'], attacker: ['537.28', '575.11', '554.70', '551.62', '567.19']
2026-05-05 11:22:41 | INFO    | dpfl.core.base_simulator | Round 127/150 | Acc: 0.8758 | Loss: 1.4837 | eps_max: 7.67 eps_avg: 6.10 | P: 0.69 R: 1.00 F1: 0.94
2026-05-05 11:22:41 | DEBUG   | dpfl.core.base_simulator | Update norms — honest: ['2.49', '1.17', '1.84', '2.08', '2.34'], attacker: ['551.78', '558.94', '543.91', '579.68', '576.65']
2026-05-05 11:22:42 | INFO    | dpfl.core.base_simulator | Round 128/150 | Acc: 0.8757 | Loss: 1.0549 | eps_max: 7.67 eps_avg: 6.12 | P: 0.31 R: 1.00 F1: 0.87
2026-05-05 11:22:42 | DEBUG   | dpfl.core.base_simulator | Update norms — honest: ['3.94', '2.97', '2.32', '2.31', '1.35'], attacker: ['539.27', '554.86', '561.48', '549.74', '550.78']
2026-05-05 11:22:43 | INFO    | dpfl.core.base_simulator | Round 129/150 | Acc: 0.8756 | Loss: 1.4734 | eps_max: 7.67 eps_avg: 6.14 | P: 0.53 R: 1.00 F1: 0.86
2026-05-05 11:22:43 | DEBUG   | dpfl.core.base_simulator | Update norms — honest: ['1.09', '0.71', '1.72', '0.72', '1.26'], attacker: ['540.46', '544.87', '6437.96', '6616.83', '6693.26']
2026-05-05 11:22:45 | INFO    | dpfl.core.base_simulator | Round 130/150 | Acc: 0.8755 | Loss: 1.3103 | eps_max: 7.67 eps_avg: 6.17 | P: 0.43 R: 1.00 F1: 0.89
2026-05-05 11:22:45 | DEBUG   | dpfl.core.base_simulator | Update norms — honest: ['2.30', '1.24', '1.13', '2.22', '1.47'], attacker: ['538.69', '545.53', '6883.58', '6749.34', '6165.89']
2026-05-05 11:22:46 | INFO    | dpfl.core.base_simulator | Round 131/150 | Acc: 0.8753 | Loss: 1.2824 | eps_max: 7.67 eps_avg: 6.18 | P: 0.56 R: 1.00 F1: 0.94
2026-05-05 11:22:46 | DEBUG   | dpfl.core.base_simulator | Update norms — honest: ['1.36', '1.60', '0.77', '3.55', '3.27'], attacker: ['550.61', '529.47', '6514.24', '6274.32', '6260.13']
2026-05-05 11:22:47 | INFO    | dpfl.core.base_simulator | Round 132/150 | Acc: 0.8753 | Loss: 1.1254 | eps_max: 7.67 eps_avg: 6.20 | P: 0.42 R: 1.00 F1: 0.82
2026-05-05 11:22:47 | DEBUG   | dpfl.core.base_simulator | Update norms — honest: ['2.10', '1.81', '2.60', '2.85', '3.50'], attacker: ['537.91', '541.63', '6458.05', '6260.38', '6504.29']
2026-05-05 11:22:49 | INFO    | dpfl.core.base_simulator | Round 133/150 | Acc: 0.8749 | Loss: 1.1004 | eps_max: 7.78 eps_avg: 6.23 | P: 0.46 R: 1.00 F1: 0.87
2026-05-05 11:22:49 | DEBUG   | dpfl.core.base_simulator | Update norms — honest: ['3.41', '2.98', '1.90', '2.45', '2.39'], attacker: ['547.39', '549.26', '6438.55', '6466.25', '6904.18']
2026-05-05 11:22:51 | INFO    | dpfl.core.base_simulator | Round 134/150 | Acc: 0.8743 | Loss: 1.0648 | eps_max: 7.78 eps_avg: 6.26 | P: 0.36 R: 1.00 F1: 0.88
2026-05-05 11:22:51 | DEBUG   | dpfl.core.base_simulator | Update norms — honest: ['3.75', '1.17', '2.10', '1.61', '2.63'], attacker: ['559.71', '559.05', '6675.98', '6232.13', '6239.27']
2026-05-05 11:22:52 | INFO    | dpfl.core.base_simulator | Round 135/150 | Acc: 0.8745 | Loss: 1.0467 | eps_max: 7.78 eps_avg: 6.28 | P: 0.46 R: 1.00 F1: 0.94
2026-05-05 11:22:52 | DEBUG   | dpfl.core.base_simulator | Update norms — honest: ['0.00', '3.02', '1.65', '2.06', '2.71'], attacker: ['562.68', '544.48', '6681.16', '6500.53', '6356.46']
2026-05-05 11:22:54 | INFO    | dpfl.core.base_simulator | Round 136/150 | Acc: 0.8743 | Loss: 1.0417 | eps_max: 7.79 eps_avg: 6.30 | P: 0.40 R: 1.00 F1: 0.94
2026-05-05 11:22:54 | DEBUG   | dpfl.core.base_simulator | Update norms — honest: ['0.00', '3.18', '2.52', '3.39', '1.82'], attacker: ['564.70', '546.97', '6211.51', '6405.56', '6565.11']
2026-05-05 11:22:55 | INFO    | dpfl.core.base_simulator | Round 137/150 | Acc: 0.8741 | Loss: 1.1472 | eps_max: 7.82 eps_avg: 6.32 | P: 0.46 R: 1.00 F1: 0.84
2026-05-05 11:22:55 | DEBUG   | dpfl.core.base_simulator | Update norms — honest: ['1.87', '1.19', '1.48', '1.11', '2.45'], attacker: ['551.42', '536.23', '6360.07', '6286.86', '6472.27']
2026-05-05 11:22:57 | INFO    | dpfl.core.base_simulator | Round 138/150 | Acc: 0.8735 | Loss: 1.0431 | eps_max: 7.94 eps_avg: 6.34 | P: 0.44 R: 1.00 F1: 0.91
2026-05-05 11:22:57 | DEBUG   | dpfl.core.base_simulator | Update norms — honest: ['2.58', '3.09', '3.48', '3.72', '2.14'], attacker: ['551.61', '533.74', '6264.60', '6595.71', '6287.63']
2026-05-05 11:22:58 | INFO    | dpfl.core.base_simulator | Round 139/150 | Acc: 0.8734 | Loss: 1.0706 | eps_max: 7.94 eps_avg: 6.36 | P: 0.46 R: 1.00 F1: 0.85
2026-05-05 11:22:58 | DEBUG   | dpfl.core.base_simulator | Update norms — honest: ['2.86', '2.57', '2.22', '1.78', '1.31'], attacker: ['568.42', '568.32', '6630.65', '6344.91', '6575.61']
2026-05-05 11:23:00 | INFO    | dpfl.core.base_simulator | Round 140/150 | Acc: 0.8729 | Loss: 1.1031 | eps_max: 7.94 eps_avg: 6.38 | P: 0.47 R: 1.00 F1: 0.85
2026-05-05 11:23:00 | DEBUG   | dpfl.core.base_simulator | Update norms — honest: ['2.82', '1.82', '3.98', '3.58', '2.46'], attacker: ['542.29', '553.26', '6470.00', '6479.23', '6420.45']
2026-05-05 11:23:01 | INFO    | dpfl.core.base_simulator | Round 141/150 | Acc: 0.8730 | Loss: 1.7295 | eps_max: 7.94 eps_avg: 6.40 | P: 0.44 R: 1.00 F1: 0.93
2026-05-05 11:23:01 | DEBUG   | dpfl.core.base_simulator | Update norms — honest: ['2.63', '1.40', '1.59', '1.29', '2.36'], attacker: ['559.90', '536.54', '6805.54', '6708.41', '6279.43']
2026-05-05 11:23:03 | INFO    | dpfl.core.base_simulator | Round 142/150 | Acc: 0.8726 | Loss: 1.0550 | eps_max: 8.07 eps_avg: 6.42 | P: 0.34 R: 1.00 F1: 0.77
2026-05-05 11:23:03 | DEBUG   | dpfl.core.base_simulator | Update norms — honest: ['3.68', '2.56', '2.38', '1.47', '1.43'], attacker: ['558.56', '544.94', '6277.34', '6463.88', '6797.59']
2026-05-05 11:23:03 | WARNING | dpfl.algorithms.noise_game.simulator | Round 142/150 | Budget exceeded (eps_max=8.07 > 8.00)
2026-05-05 11:23:04 | INFO    | dpfl | Experiment complete in 243.5s
============================================================
REPORT: DP-SGD Decentralized Federated Learning
============================================================
Timestamp:                  20260505_111859
Rounds completed:           142
Attack-active rounds:       92  (from round 50)
Final accuracy:             0.8726
Final test loss:            1.0550
Final epsilon (max honest): 8.07
Final epsilon (avg honest): 6.42
Best alpha:                 1000.0
Avg precision:              0.4127
Avg recall:                 0.9998
Avg F1 score:               0.8909
Avg update norm (honest):   1.5011
Avg update norm (attacker): 3102.6539

eps_system (max honest): 8.0673
eps_avg (honest):        6.4179
eps_std (honest):        0.9257
n_frozen:                0/400
============================================================
