2026-05-06 06:54:00 | INFO    | dpfl | Experiment start: algorithm=trust_d2b, dataset=mnist, model=mlp, device=cuda
2026-05-06 06:54:00 | INFO    | dpfl | Config: nodes=500, attackers=100, rounds=150, noise_mode=none, attack=scale
2026-05-06 06:54:00 | INFO    | dpfl.data.mnist_dataset | Loading MNIST dataset...
2026-05-06 06:54:00 | INFO    | dpfl.data.mnist_dataset | MNIST loaded: 60000 train, 10000 test samples
2026-05-06 06:54:38 | INFO    | dpfl.core.base_simulator | Vectorized state ready: param_spec.D=50890, X_test=(10000, 1, 28, 28), train clients N=500, max_n_samples=200
2026-05-06 06:54:38 | INFO    | dpfl.core.base_simulator | Setup complete: 500 nodes (100 attackers), param_dim=50890, split=iid
2026-05-06 06:54:38 | DEBUG   | dpfl.core.base_simulator | Attacker IDs: {0, 1, 2, 3, 4, 5, 6, 7, 8, 9, 10, 11, 12, 13, 14, 15, 16, 17, 18, 19, 20, 21, 22, 23, 24, 25, 26, 27, 28, 29, 30, 31, 32, 33, 34, 35, 36, 37, 38, 39, 40, 41, 42, 43, 44, 45, 46, 47, 48, 49, 50, 51, 52, 53, 54, 55, 56, 57, 58, 59, 60, 61, 62, 63, 64, 65, 66, 67, 68, 69, 70, 71, 72, 73, 74, 75, 76, 77, 78, 79, 80, 81, 82, 83, 84, 85, 86, 87, 88, 89, 90, 91, 92, 93, 94, 95, 96, 97, 98, 99}
2026-05-06 06:54:38 | INFO    | dpfl.algorithms.trust_aware.simulator | Trust-Aware D2B-DP: rounds=150, n_workers=5, layers=4, ρ∈[0.300,5.000]
2026-05-06 06:54:39 | DEBUG   | dpfl.algorithms.trust_aware.simulator | Round 0 Phase 1+2: 0.43s
2026-05-06 06:54:43 | INFO    | dpfl.core.base_simulator | Round   1/150 | Acc: 0.1854 | Loss: 2.2506 | eps_max: 0.26 eps_avg: 0.26 | P: nan R: nan F1: nan
2026-05-06 06:54:43 | DEBUG   | dpfl.core.base_simulator | Update norms — honest: ['0.04', '0.04', '0.04', '0.04', '0.04'], attacker: ['0.04', '0.04', '0.04', '0.04', '0.04']
2026-05-06 06:54:43 | DEBUG   | dpfl.algorithms.trust_aware.simulator | Round 1 Phase 1+2: 0.11s
2026-05-06 06:54:46 | INFO    | dpfl.core.base_simulator | Round   2/150 | Acc: 0.2303 | Loss: 2.2136 | eps_max: 0.30 eps_avg: 0.30 | P: nan R: nan F1: nan
2026-05-06 06:54:46 | DEBUG   | dpfl.core.base_simulator | Update norms — honest: ['0.04', '0.04', '0.04', '0.04', '0.04'], attacker: ['0.04', '0.04', '0.04', '0.04', '0.04']
2026-05-06 06:54:46 | DEBUG   | dpfl.algorithms.trust_aware.simulator | Round 2 Phase 1+2: 0.11s
2026-05-06 06:54:49 | INFO    | dpfl.core.base_simulator | Round   3/150 | Acc: 0.2753 | Loss: 2.1776 | eps_max: 0.34 eps_avg: 0.34 | P: nan R: nan F1: nan
2026-05-06 06:54:49 | DEBUG   | dpfl.core.base_simulator | Update norms — honest: ['0.04', '0.04', '0.04', '0.04', '0.04'], attacker: ['0.04', '0.04', '0.04', '0.04', '0.04']
2026-05-06 06:54:50 | DEBUG   | dpfl.algorithms.trust_aware.simulator | Round 3 Phase 1+2: 0.11s
2026-05-06 06:54:53 | INFO    | dpfl.core.base_simulator | Round   4/150 | Acc: 0.3175 | Loss: 2.1420 | eps_max: 0.39 eps_avg: 0.39 | P: nan R: nan F1: nan
2026-05-06 06:54:53 | DEBUG   | dpfl.core.base_simulator | Update norms — honest: ['0.04', '0.04', '0.04', '0.04', '0.04'], attacker: ['0.04', '0.04', '0.04', '0.04', '0.04']
2026-05-06 06:54:53 | DEBUG   | dpfl.algorithms.trust_aware.simulator | Round 4 Phase 1+2: 0.11s
2026-05-06 06:54:56 | INFO    | dpfl.core.base_simulator | Round   5/150 | Acc: 0.3564 | Loss: 2.1055 | eps_max: 0.44 eps_avg: 0.44 | P: nan R: nan F1: nan
2026-05-06 06:54:56 | DEBUG   | dpfl.core.base_simulator | Update norms — honest: ['0.04', '0.04', '0.04', '0.04', '0.04'], attacker: ['0.04', '0.04', '0.04', '0.04', '0.04']
2026-05-06 06:54:56 | DEBUG   | dpfl.algorithms.trust_aware.simulator | Round 5 Phase 1+2: 0.11s
2026-05-06 06:55:00 | INFO    | dpfl.core.base_simulator | Round   6/150 | Acc: 0.3909 | Loss: 2.0682 | eps_max: 0.53 eps_avg: 0.53 | P: nan R: nan F1: nan
2026-05-06 06:55:00 | DEBUG   | dpfl.core.base_simulator | Update norms — honest: ['0.04', '0.04', '0.04', '0.04', '0.04'], attacker: ['0.04', '0.04', '0.04', '0.04', '0.04']
2026-05-06 06:55:00 | DEBUG   | dpfl.algorithms.trust_aware.simulator | Round 6 Phase 1+2: 0.11s
2026-05-06 06:55:03 | INFO    | dpfl.core.base_simulator | Round   7/150 | Acc: 0.4209 | Loss: 2.0304 | eps_max: 0.56 eps_avg: 0.56 | P: nan R: nan F1: nan
2026-05-06 06:55:03 | DEBUG   | dpfl.core.base_simulator | Update norms — honest: ['0.04', '0.04', '0.04', '0.04', '0.04'], attacker: ['0.04', '0.04', '0.04', '0.04', '0.04']
2026-05-06 06:55:03 | DEBUG   | dpfl.algorithms.trust_aware.simulator | Round 7 Phase 1+2: 0.11s
2026-05-06 06:55:07 | INFO    | dpfl.core.base_simulator | Round   8/150 | Acc: 0.4468 | Loss: 1.9925 | eps_max: 0.59 eps_avg: 0.59 | P: nan R: nan F1: nan
2026-05-06 06:55:07 | DEBUG   | dpfl.core.base_simulator | Update norms — honest: ['0.04', '0.04', '0.04', '0.04', '0.04'], attacker: ['0.04', '0.04', '0.04', '0.04', '0.04']
2026-05-06 06:55:11 | DEBUG   | dpfl.algorithms.trust_aware.simulator | Round 8 Phase 1+2: 3.90s
2026-05-06 06:55:47 | INFO    | dpfl.core.base_simulator | Round   9/150 | Acc: 0.4699 | Loss: 1.9544 | eps_max: 0.62 eps_avg: 0.62 | P: nan R: nan F1: nan
2026-05-06 06:55:47 | DEBUG   | dpfl.core.base_simulator | Update norms — honest: ['0.04', '0.04', '0.04', '0.04', '0.04'], attacker: ['0.04', '0.04', '0.04', '0.04', '0.04']
2026-05-06 06:55:48 | DEBUG   | dpfl.algorithms.trust_aware.simulator | Round 9 Phase 1+2: 0.11s
2026-05-06 06:55:55 | INFO    | dpfl.core.base_simulator | Round  10/150 | Acc: 0.4913 | Loss: 1.9159 | eps_max: 0.65 eps_avg: 0.65 | P: nan R: nan F1: nan
2026-05-06 06:55:55 | DEBUG   | dpfl.core.base_simulator | Update norms — honest: ['0.04', '0.04', '0.04', '0.04', '0.04'], attacker: ['0.04', '0.04', '0.04', '0.04', '0.04']
2026-05-06 06:55:56 | DEBUG   | dpfl.algorithms.trust_aware.simulator | Round 10 Phase 1+2: 0.72s
2026-05-06 06:56:05 | INFO    | dpfl.core.base_simulator | Round  11/150 | Acc: 0.5102 | Loss: 1.8771 | eps_max: 0.69 eps_avg: 0.69 | P: nan R: nan F1: nan
2026-05-06 06:56:05 | DEBUG   | dpfl.core.base_simulator | Update norms — honest: ['0.04', '0.04', '0.04', '0.04', '0.04'], attacker: ['0.04', '0.04', '0.04', '0.04', '0.04']
2026-05-06 06:56:06 | DEBUG   | dpfl.algorithms.trust_aware.simulator | Round 11 Phase 1+2: 0.67s
2026-05-06 06:56:16 | INFO    | dpfl.core.base_simulator | Round  12/150 | Acc: 0.5280 | Loss: 1.8385 | eps_max: 0.72 eps_avg: 0.72 | P: nan R: nan F1: nan
2026-05-06 06:56:16 | DEBUG   | dpfl.core.base_simulator | Update norms — honest: ['0.04', '0.04', '0.04', '0.04', '0.04'], attacker: ['0.04', '0.04', '0.04', '0.04', '0.04']
2026-05-06 06:56:16 | DEBUG   | dpfl.algorithms.trust_aware.simulator | Round 12 Phase 1+2: 0.57s
2026-05-06 06:56:26 | INFO    | dpfl.core.base_simulator | Round  13/150 | Acc: 0.5444 | Loss: 1.8001 | eps_max: 0.76 eps_avg: 0.76 | P: nan R: nan F1: nan
2026-05-06 06:56:26 | DEBUG   | dpfl.core.base_simulator | Update norms — honest: ['0.04', '0.04', '0.04', '0.04', '0.04'], attacker: ['0.04', '0.04', '0.04', '0.04', '0.04']
2026-05-06 06:56:27 | DEBUG   | dpfl.algorithms.trust_aware.simulator | Round 13 Phase 1+2: 0.61s
2026-05-06 06:56:36 | INFO    | dpfl.core.base_simulator | Round  14/150 | Acc: 0.5595 | Loss: 1.7616 | eps_max: 0.80 eps_avg: 0.80 | P: nan R: nan F1: nan
2026-05-06 06:56:36 | DEBUG   | dpfl.core.base_simulator | Update norms — honest: ['0.04', '0.04', '0.04', '0.04', '0.04'], attacker: ['0.04', '0.04', '0.04', '0.04', '0.04']
2026-05-06 06:56:37 | DEBUG   | dpfl.algorithms.trust_aware.simulator | Round 14 Phase 1+2: 0.60s
2026-05-06 06:56:46 | INFO    | dpfl.core.base_simulator | Round  15/150 | Acc: 0.5737 | Loss: 1.7233 | eps_max: 0.84 eps_avg: 0.84 | P: nan R: nan F1: nan
2026-05-06 06:56:46 | DEBUG   | dpfl.core.base_simulator | Update norms — honest: ['0.04', '0.04', '0.04', '0.04', '0.04'], attacker: ['0.04', '0.04', '0.04', '0.04', '0.04']
2026-05-06 06:56:47 | DEBUG   | dpfl.algorithms.trust_aware.simulator | Round 15 Phase 1+2: 0.61s
2026-05-06 06:56:56 | INFO    | dpfl.core.base_simulator | Round  16/150 | Acc: 0.5867 | Loss: 1.6859 | eps_max: 0.88 eps_avg: 0.88 | P: nan R: nan F1: nan
2026-05-06 06:56:56 | DEBUG   | dpfl.core.base_simulator | Update norms — honest: ['0.04', '0.04', '0.04', '0.04', '0.04'], attacker: ['0.04', '0.04', '0.04', '0.04', '0.04']
2026-05-06 06:56:57 | DEBUG   | dpfl.algorithms.trust_aware.simulator | Round 16 Phase 1+2: 0.61s
2026-05-06 06:57:07 | INFO    | dpfl.core.base_simulator | Round  17/150 | Acc: 0.5993 | Loss: 1.6487 | eps_max: 0.91 eps_avg: 0.91 | P: nan R: nan F1: nan
2026-05-06 06:57:07 | DEBUG   | dpfl.core.base_simulator | Update norms — honest: ['0.04', '0.04', '0.04', '0.04', '0.04'], attacker: ['0.04', '0.04', '0.04', '0.04', '0.04']
2026-05-06 06:57:08 | DEBUG   | dpfl.algorithms.trust_aware.simulator | Round 17 Phase 1+2: 0.60s
2026-05-06 06:57:17 | INFO    | dpfl.core.base_simulator | Round  18/150 | Acc: 0.6113 | Loss: 1.6120 | eps_max: 0.95 eps_avg: 0.95 | P: nan R: nan F1: nan
2026-05-06 06:57:17 | DEBUG   | dpfl.core.base_simulator | Update norms — honest: ['0.04', '0.04', '0.04', '0.04', '0.04'], attacker: ['0.04', '0.04', '0.04', '0.04', '0.04']
2026-05-06 06:57:18 | DEBUG   | dpfl.algorithms.trust_aware.simulator | Round 18 Phase 1+2: 0.61s
2026-05-06 06:57:27 | INFO    | dpfl.core.base_simulator | Round  19/150 | Acc: 0.6225 | Loss: 1.5761 | eps_max: 0.98 eps_avg: 0.98 | P: nan R: nan F1: nan
2026-05-06 06:57:27 | DEBUG   | dpfl.core.base_simulator | Update norms — honest: ['0.04', '0.04', '0.03', '0.04', '0.04'], attacker: ['0.04', '0.04', '0.04', '0.04', '0.04']
2026-05-06 06:57:28 | DEBUG   | dpfl.algorithms.trust_aware.simulator | Round 19 Phase 1+2: 0.60s
2026-05-06 06:57:38 | INFO    | dpfl.core.base_simulator | Round  20/150 | Acc: 0.6331 | Loss: 1.5408 | eps_max: 1.02 eps_avg: 1.02 | P: nan R: nan F1: nan
2026-05-06 06:57:38 | DEBUG   | dpfl.core.base_simulator | Update norms — honest: ['0.04', '0.04', '0.04', '0.04', '0.03'], attacker: ['0.04', '0.04', '0.04', '0.04', '0.04']
2026-05-06 06:57:38 | DEBUG   | dpfl.algorithms.trust_aware.simulator | Round 20 Phase 1+2: 0.55s
2026-05-06 06:57:48 | INFO    | dpfl.core.base_simulator | Round  21/150 | Acc: 0.6431 | Loss: 1.5066 | eps_max: 1.06 eps_avg: 1.06 | P: nan R: nan F1: nan
2026-05-06 06:57:48 | DEBUG   | dpfl.core.base_simulator | Update norms — honest: ['0.03', '0.04', '0.04', '0.04', '0.04'], attacker: ['0.04', '0.04', '0.04', '0.04', '0.04']
2026-05-06 06:57:48 | DEBUG   | dpfl.algorithms.trust_aware.simulator | Round 21 Phase 1+2: 0.60s
2026-05-06 06:57:58 | INFO    | dpfl.core.base_simulator | Round  22/150 | Acc: 0.6523 | Loss: 1.4729 | eps_max: 1.10 eps_avg: 1.10 | P: nan R: nan F1: nan
2026-05-06 06:57:58 | DEBUG   | dpfl.core.base_simulator | Update norms — honest: ['0.04', '0.03', '0.04', '0.04', '0.03'], attacker: ['0.04', '0.04', '0.04', '0.04', '0.04']
2026-05-06 06:57:58 | DEBUG   | dpfl.algorithms.trust_aware.simulator | Round 22 Phase 1+2: 0.53s
2026-05-06 06:58:08 | INFO    | dpfl.core.base_simulator | Round  23/150 | Acc: 0.6610 | Loss: 1.4403 | eps_max: 1.15 eps_avg: 1.15 | P: nan R: nan F1: nan
2026-05-06 06:58:08 | DEBUG   | dpfl.core.base_simulator | Update norms — honest: ['0.03', '0.04', '0.04', '0.03', '0.04'], attacker: ['0.04', '0.04', '0.04', '0.04', '0.04']
2026-05-06 06:58:09 | DEBUG   | dpfl.algorithms.trust_aware.simulator | Round 23 Phase 1+2: 0.61s
2026-05-06 06:58:19 | INFO    | dpfl.core.base_simulator | Round  24/150 | Acc: 0.6695 | Loss: 1.4085 | eps_max: 1.19 eps_avg: 1.19 | P: nan R: nan F1: nan
2026-05-06 06:58:19 | DEBUG   | dpfl.core.base_simulator | Update norms — honest: ['0.04', '0.03', '0.04', '0.04', '0.03'], attacker: ['0.04', '0.03', '0.04', '0.04', '0.04']
2026-05-06 06:58:19 | DEBUG   | dpfl.algorithms.trust_aware.simulator | Round 24 Phase 1+2: 0.60s
2026-05-06 06:58:29 | INFO    | dpfl.core.base_simulator | Round  25/150 | Acc: 0.6774 | Loss: 1.3775 | eps_max: 1.22 eps_avg: 1.22 | P: nan R: nan F1: nan
2026-05-06 06:58:29 | DEBUG   | dpfl.core.base_simulator | Update norms — honest: ['0.03', '0.03', '0.04', '0.04', '0.03'], attacker: ['0.04', '0.03', '0.04', '0.04', '0.04']
2026-05-06 06:58:30 | DEBUG   | dpfl.algorithms.trust_aware.simulator | Round 25 Phase 1+2: 0.59s
2026-05-06 06:58:40 | INFO    | dpfl.core.base_simulator | Round  26/150 | Acc: 0.6850 | Loss: 1.3473 | eps_max: 1.26 eps_avg: 1.26 | P: nan R: nan F1: nan
2026-05-06 06:58:40 | DEBUG   | dpfl.core.base_simulator | Update norms — honest: ['0.03', '0.03', '0.03', '0.03', '0.03'], attacker: ['0.04', '0.03', '0.04', '0.03', '0.04']
2026-05-06 06:58:40 | DEBUG   | dpfl.algorithms.trust_aware.simulator | Round 26 Phase 1+2: 0.55s
2026-05-06 06:58:50 | INFO    | dpfl.core.base_simulator | Round  27/150 | Acc: 0.6919 | Loss: 1.3182 | eps_max: 1.29 eps_avg: 1.29 | P: nan R: nan F1: nan
2026-05-06 06:58:50 | DEBUG   | dpfl.core.base_simulator | Update norms — honest: ['0.03', '0.03', '0.03', '0.03', '0.03'], attacker: ['0.04', '0.03', '0.03', '0.03', '0.03']
2026-05-06 06:58:51 | DEBUG   | dpfl.algorithms.trust_aware.simulator | Round 27 Phase 1+2: 0.68s
2026-05-06 06:59:01 | INFO    | dpfl.core.base_simulator | Round  28/150 | Acc: 0.6984 | Loss: 1.2903 | eps_max: 1.32 eps_avg: 1.32 | P: nan R: nan F1: nan
2026-05-06 06:59:01 | DEBUG   | dpfl.core.base_simulator | Update norms — honest: ['0.03', '0.03', '0.03', '0.03', '0.03'], attacker: ['0.03', '0.03', '0.03', '0.03', '0.03']
2026-05-06 06:59:01 | DEBUG   | dpfl.algorithms.trust_aware.simulator | Round 28 Phase 1+2: 0.67s
2026-05-06 06:59:12 | INFO    | dpfl.core.base_simulator | Round  29/150 | Acc: 0.7044 | Loss: 1.2633 | eps_max: 1.36 eps_avg: 1.36 | P: nan R: nan F1: nan
2026-05-06 06:59:12 | DEBUG   | dpfl.core.base_simulator | Update norms — honest: ['0.03', '0.03', '0.03', '0.03', '0.03'], attacker: ['0.03', '0.03', '0.03', '0.03', '0.03']
2026-05-06 06:59:12 | DEBUG   | dpfl.algorithms.trust_aware.simulator | Round 29 Phase 1+2: 0.55s
2026-05-06 06:59:22 | INFO    | dpfl.core.base_simulator | Round  30/150 | Acc: 0.7103 | Loss: 1.2371 | eps_max: 1.39 eps_avg: 1.39 | P: nan R: nan F1: nan
2026-05-06 06:59:22 | DEBUG   | dpfl.core.base_simulator | Update norms — honest: ['0.03', '0.03', '0.03', '0.03', '0.03'], attacker: ['0.03', '0.03', '0.03', '0.03', '0.03']
2026-05-06 06:59:23 | DEBUG   | dpfl.algorithms.trust_aware.simulator | Round 30 Phase 1+2: 0.62s
2026-05-06 06:59:33 | INFO    | dpfl.core.base_simulator | Round  31/150 | Acc: 0.7158 | Loss: 1.2121 | eps_max: 1.43 eps_avg: 1.43 | P: nan R: nan F1: nan
2026-05-06 06:59:33 | DEBUG   | dpfl.core.base_simulator | Update norms — honest: ['0.03', '0.03', '0.03', '0.03', '0.03'], attacker: ['0.03', '0.03', '0.03', '0.03', '0.03']
2026-05-06 06:59:34 | DEBUG   | dpfl.algorithms.trust_aware.simulator | Round 31 Phase 1+2: 0.61s
2026-05-06 06:59:44 | INFO    | dpfl.core.base_simulator | Round  32/150 | Acc: 0.7209 | Loss: 1.1877 | eps_max: 1.47 eps_avg: 1.47 | P: nan R: nan F1: nan
2026-05-06 06:59:44 | DEBUG   | dpfl.core.base_simulator | Update norms — honest: ['0.03', '0.03', '0.03', '0.03', '0.03'], attacker: ['0.03', '0.03', '0.03', '0.03', '0.03']
2026-05-06 06:59:45 | DEBUG   | dpfl.algorithms.trust_aware.simulator | Round 32 Phase 1+2: 0.61s
2026-05-06 06:59:55 | INFO    | dpfl.core.base_simulator | Round  33/150 | Acc: 0.7257 | Loss: 1.1643 | eps_max: 1.51 eps_avg: 1.51 | P: nan R: nan F1: nan
2026-05-06 06:59:55 | DEBUG   | dpfl.core.base_simulator | Update norms — honest: ['0.03', '0.03', '0.03', '0.03', '0.03'], attacker: ['0.03', '0.03', '0.03', '0.03', '0.03']
2026-05-06 06:59:55 | DEBUG   | dpfl.algorithms.trust_aware.simulator | Round 33 Phase 1+2: 0.10s
2026-05-06 07:00:00 | INFO    | dpfl.core.base_simulator | Round  34/150 | Acc: 0.7303 | Loss: 1.1419 | eps_max: 1.56 eps_avg: 1.56 | P: nan R: nan F1: nan
2026-05-06 07:00:00 | DEBUG   | dpfl.core.base_simulator | Update norms — honest: ['0.03', '0.03', '0.03', '0.03', '0.03'], attacker: ['0.03', '0.03', '0.03', '0.03', '0.03']
2026-05-06 07:00:00 | DEBUG   | dpfl.algorithms.trust_aware.simulator | Round 34 Phase 1+2: 0.11s
2026-05-06 07:00:04 | INFO    | dpfl.core.base_simulator | Round  35/150 | Acc: 0.7345 | Loss: 1.1205 | eps_max: 1.60 eps_avg: 1.60 | P: nan R: nan F1: nan
2026-05-06 07:00:04 | DEBUG   | dpfl.core.base_simulator | Update norms — honest: ['0.03', '0.03', '0.03', '0.03', '0.03'], attacker: ['0.03', '0.03', '0.03', '0.03', '0.03']
2026-05-06 07:00:04 | DEBUG   | dpfl.algorithms.trust_aware.simulator | Round 35 Phase 1+2: 0.11s
2026-05-06 07:00:09 | INFO    | dpfl.core.base_simulator | Round  36/150 | Acc: 0.7385 | Loss: 1.0999 | eps_max: 1.63 eps_avg: 1.63 | P: nan R: nan F1: nan
2026-05-06 07:00:09 | DEBUG   | dpfl.core.base_simulator | Update norms — honest: ['0.03', '0.03', '0.03', '0.03', '0.03'], attacker: ['0.03', '0.03', '0.03', '0.03', '0.03']
2026-05-06 07:00:09 | DEBUG   | dpfl.algorithms.trust_aware.simulator | Round 36 Phase 1+2: 0.11s
2026-05-06 07:00:14 | INFO    | dpfl.core.base_simulator | Round  37/150 | Acc: 0.7420 | Loss: 1.0803 | eps_max: 1.67 eps_avg: 1.67 | P: nan R: nan F1: nan
2026-05-06 07:00:14 | DEBUG   | dpfl.core.base_simulator | Update norms — honest: ['0.03', '0.03', '0.03', '0.03', '0.03'], attacker: ['0.03', '0.03', '0.03', '0.03', '0.03']
2026-05-06 07:00:14 | DEBUG   | dpfl.algorithms.trust_aware.simulator | Round 37 Phase 1+2: 0.13s
2026-05-06 07:00:19 | INFO    | dpfl.core.base_simulator | Round  38/150 | Acc: 0.7455 | Loss: 1.0614 | eps_max: 1.70 eps_avg: 1.70 | P: nan R: nan F1: nan
2026-05-06 07:00:19 | DEBUG   | dpfl.core.base_simulator | Update norms — honest: ['0.03', '0.03', '0.03', '0.03', '0.03'], attacker: ['0.03', '0.03', '0.03', '0.03', '0.03']
2026-05-06 07:00:19 | DEBUG   | dpfl.algorithms.trust_aware.simulator | Round 38 Phase 1+2: 0.11s
2026-05-06 07:00:24 | INFO    | dpfl.core.base_simulator | Round  39/150 | Acc: 0.7487 | Loss: 1.0436 | eps_max: 1.74 eps_avg: 1.74 | P: nan R: nan F1: nan
2026-05-06 07:00:24 | DEBUG   | dpfl.core.base_simulator | Update norms — honest: ['0.03', '0.03', '0.03', '0.03', '0.03'], attacker: ['0.03', '0.03', '0.03', '0.03', '0.03']
2026-05-06 07:00:24 | DEBUG   | dpfl.algorithms.trust_aware.simulator | Round 39 Phase 1+2: 0.11s
2026-05-06 07:00:29 | INFO    | dpfl.core.base_simulator | Round  40/150 | Acc: 0.7519 | Loss: 1.0263 | eps_max: 1.78 eps_avg: 1.78 | P: nan R: nan F1: nan
2026-05-06 07:00:29 | DEBUG   | dpfl.core.base_simulator | Update norms — honest: ['0.02', '0.03', '0.03', '0.02', '0.03'], attacker: ['0.03', '0.03', '0.03', '0.03', '0.03']
2026-05-06 07:00:29 | DEBUG   | dpfl.algorithms.trust_aware.simulator | Round 40 Phase 1+2: 0.11s
2026-05-06 07:00:34 | INFO    | dpfl.core.base_simulator | Round  41/150 | Acc: 0.7547 | Loss: 1.0099 | eps_max: 1.82 eps_avg: 1.82 | P: nan R: nan F1: nan
2026-05-06 07:00:34 | DEBUG   | dpfl.core.base_simulator | Update norms — honest: ['0.03', '0.03', '0.02', '0.03', '0.03'], attacker: ['0.03', '0.03', '0.03', '0.03', '0.03']
2026-05-06 07:00:34 | DEBUG   | dpfl.algorithms.trust_aware.simulator | Round 41 Phase 1+2: 0.11s
2026-05-06 07:00:39 | INFO    | dpfl.core.base_simulator | Round  42/150 | Acc: 0.7574 | Loss: 0.9942 | eps_max: 1.86 eps_avg: 1.86 | P: nan R: nan F1: nan
2026-05-06 07:00:39 | DEBUG   | dpfl.core.base_simulator | Update norms — honest: ['0.02', '0.02', '0.02', '0.02', '0.02'], attacker: ['0.03', '0.03', '0.03', '0.03', '0.03']
2026-05-06 07:00:39 | DEBUG   | dpfl.algorithms.trust_aware.simulator | Round 42 Phase 1+2: 0.10s
2026-05-06 07:00:44 | INFO    | dpfl.core.base_simulator | Round  43/150 | Acc: 0.7600 | Loss: 0.9790 | eps_max: 1.90 eps_avg: 1.90 | P: nan R: nan F1: nan
2026-05-06 07:00:44 | DEBUG   | dpfl.core.base_simulator | Update norms — honest: ['0.03', '0.02', '0.02', '0.02', '0.02'], attacker: ['0.03', '0.03', '0.03', '0.03', '0.03']
2026-05-06 07:00:44 | DEBUG   | dpfl.algorithms.trust_aware.simulator | Round 43 Phase 1+2: 0.11s
2026-05-06 07:00:49 | INFO    | dpfl.core.base_simulator | Round  44/150 | Acc: 0.7623 | Loss: 0.9647 | eps_max: 1.95 eps_avg: 1.95 | P: nan R: nan F1: nan
2026-05-06 07:00:49 | DEBUG   | dpfl.core.base_simulator | Update norms — honest: ['0.02', '0.02', '0.02', '0.02', '0.02'], attacker: ['0.03', '0.03', '0.02', '0.02', '0.03']
2026-05-06 07:00:49 | DEBUG   | dpfl.algorithms.trust_aware.simulator | Round 44 Phase 1+2: 0.11s
2026-05-06 07:00:55 | INFO    | dpfl.core.base_simulator | Round  45/150 | Acc: 0.7645 | Loss: 0.9510 | eps_max: 2.00 eps_avg: 2.00 | P: nan R: nan F1: nan
2026-05-06 07:00:55 | DEBUG   | dpfl.core.base_simulator | Update norms — honest: ['0.02', '0.02', '0.02', '0.02', '0.02'], attacker: ['0.03', '0.02', '0.02', '0.02', '0.03']
2026-05-06 07:00:55 | DEBUG   | dpfl.algorithms.trust_aware.simulator | Round 45 Phase 1+2: 0.10s
2026-05-06 07:01:00 | INFO    | dpfl.core.base_simulator | Round  46/150 | Acc: 0.7665 | Loss: 0.9379 | eps_max: 2.04 eps_avg: 2.04 | P: nan R: nan F1: nan
2026-05-06 07:01:00 | DEBUG   | dpfl.core.base_simulator | Update norms — honest: ['0.02', '0.02', '0.02', '0.02', '0.02'], attacker: ['0.03', '0.02', '0.02', '0.02', '0.02']
2026-05-06 07:01:00 | DEBUG   | dpfl.algorithms.trust_aware.simulator | Round 46 Phase 1+2: 0.10s
2026-05-06 07:01:06 | INFO    | dpfl.core.base_simulator | Round  47/150 | Acc: 0.7685 | Loss: 0.9252 | eps_max: 2.08 eps_avg: 2.08 | P: nan R: nan F1: nan
2026-05-06 07:01:06 | DEBUG   | dpfl.core.base_simulator | Update norms — honest: ['0.02', '0.02', '0.02', '0.02', '0.02'], attacker: ['0.03', '0.02', '0.02', '0.02', '0.02']
2026-05-06 07:01:06 | DEBUG   | dpfl.algorithms.trust_aware.simulator | Round 47 Phase 1+2: 0.11s
2026-05-06 07:01:11 | INFO    | dpfl.core.base_simulator | Round  48/150 | Acc: 0.7704 | Loss: 0.9132 | eps_max: 2.11 eps_avg: 2.11 | P: nan R: nan F1: nan
2026-05-06 07:01:11 | DEBUG   | dpfl.core.base_simulator | Update norms — honest: ['0.02', '0.02', '0.02', '0.02', '0.02'], attacker: ['0.02', '0.02', '0.02', '0.02', '0.02']
2026-05-06 07:01:11 | DEBUG   | dpfl.algorithms.trust_aware.simulator | Round 48 Phase 1+2: 0.11s
2026-05-06 07:01:17 | INFO    | dpfl.core.base_simulator | Round  49/150 | Acc: 0.7721 | Loss: 0.9017 | eps_max: 2.15 eps_avg: 2.15 | P: nan R: nan F1: nan
2026-05-06 07:01:17 | DEBUG   | dpfl.core.base_simulator | Update norms — honest: ['0.02', '0.02', '0.02', '0.02', '0.02'], attacker: ['0.02', '0.02', '0.02', '0.02', '0.02']
2026-05-06 07:01:17 | DEBUG   | dpfl.algorithms.trust_aware.simulator | Round 49 Phase 1+2: 0.11s
2026-05-06 07:01:23 | INFO    | dpfl.core.base_simulator | Round  50/150 | Acc: 0.7738 | Loss: 0.8906 | eps_max: 2.19 eps_avg: 2.19 | P: nan R: nan F1: nan
2026-05-06 07:01:23 | DEBUG   | dpfl.core.base_simulator | Update norms — honest: ['0.02', '0.02', '0.02', '0.02', '0.02'], attacker: ['0.02', '0.02', '0.02', '0.02', '0.02']
2026-05-06 07:01:23 | DEBUG   | dpfl.algorithms.trust_aware.simulator | Round 50 Phase 1+2: 0.08s
2026-05-06 07:01:28 | INFO    | dpfl.core.base_simulator | Round  51/150 | Acc: 0.7754 | Loss: 0.8801 | eps_max: 2.22 eps_avg: 2.22 | P: 1.00 R: 1.00 F1: 1.00
2026-05-06 07:01:28 | DEBUG   | dpfl.core.base_simulator | Update norms — honest: ['0.02', '0.02', '0.02', '0.02', '0.02'], attacker: ['0.12', '0.11', '0.11', '0.11', '0.11']
2026-05-06 07:01:28 | DEBUG   | dpfl.algorithms.trust_aware.simulator | Round 51 Phase 1+2: 0.08s
2026-05-06 07:01:32 | INFO    | dpfl.core.base_simulator | Round  52/150 | Acc: 0.7769 | Loss: 0.8700 | eps_max: 2.26 eps_avg: 2.26 | P: 1.00 R: 1.00 F1: 1.00
2026-05-06 07:01:32 | DEBUG   | dpfl.core.base_simulator | Update norms — honest: ['0.02', '0.02', '0.02', '0.02', '0.02'], attacker: ['0.12', '0.11', '0.11', '0.11', '0.11']
2026-05-06 07:01:32 | DEBUG   | dpfl.algorithms.trust_aware.simulator | Round 52 Phase 1+2: 0.08s
2026-05-06 07:01:37 | INFO    | dpfl.core.base_simulator | Round  53/150 | Acc: 0.7783 | Loss: 0.8604 | eps_max: 2.30 eps_avg: 2.30 | P: 1.00 R: 1.00 F1: 1.00
2026-05-06 07:01:37 | DEBUG   | dpfl.core.base_simulator | Update norms — honest: ['0.02', '0.02', '0.02', '0.02', '0.02'], attacker: ['0.12', '0.12', '0.11', '0.11', '0.12']
2026-05-06 07:01:37 | DEBUG   | dpfl.algorithms.trust_aware.simulator | Round 53 Phase 1+2: 0.11s
2026-05-06 07:01:42 | INFO    | dpfl.core.base_simulator | Round  54/150 | Acc: 0.7798 | Loss: 0.8511 | eps_max: 2.34 eps_avg: 2.34 | P: 1.00 R: 1.00 F1: 1.00
2026-05-06 07:01:42 | DEBUG   | dpfl.core.base_simulator | Update norms — honest: ['0.02', '0.02', '0.02', '0.02', '0.02'], attacker: ['0.14', '0.13', '0.12', '0.12', '0.13']
2026-05-06 07:01:42 | DEBUG   | dpfl.algorithms.trust_aware.simulator | Round 54 Phase 1+2: 0.09s
2026-05-06 07:01:47 | INFO    | dpfl.core.base_simulator | Round  55/150 | Acc: 0.7809 | Loss: 0.8423 | eps_max: 2.39 eps_avg: 2.39 | P: 1.00 R: 1.00 F1: 1.00
2026-05-06 07:01:47 | DEBUG   | dpfl.core.base_simulator | Update norms — honest: ['0.02', '0.02', '0.02', '0.02', '0.02'], attacker: ['0.17', '0.15', '0.13', '0.14', '0.14']
2026-05-06 07:01:47 | DEBUG   | dpfl.algorithms.trust_aware.simulator | Round 55 Phase 1+2: 0.08s
2026-05-06 07:01:53 | INFO    | dpfl.core.base_simulator | Round  56/150 | Acc: 0.7821 | Loss: 0.8338 | eps_max: 2.43 eps_avg: 2.43 | P: 1.00 R: 1.00 F1: 1.00
2026-05-06 07:01:53 | DEBUG   | dpfl.core.base_simulator | Update norms — honest: ['0.02', '0.02', '0.02', '0.02', '0.02'], attacker: ['0.25', '0.18', '0.16', '0.15', '0.17']
2026-05-06 07:01:53 | DEBUG   | dpfl.algorithms.trust_aware.simulator | Round 56 Phase 1+2: 0.08s
2026-05-06 07:01:58 | INFO    | dpfl.core.base_simulator | Round  57/150 | Acc: 0.7833 | Loss: 0.8256 | eps_max: 2.48 eps_avg: 2.48 | P: 1.00 R: 1.00 F1: 1.00
2026-05-06 07:01:58 | DEBUG   | dpfl.core.base_simulator | Update norms — honest: ['0.02', '0.02', '0.02', '0.02', '0.02'], attacker: ['0.44', '0.24', '0.19', '0.21', '0.22']
2026-05-06 07:01:58 | DEBUG   | dpfl.algorithms.trust_aware.simulator | Round 57 Phase 1+2: 0.09s
2026-05-06 07:02:03 | INFO    | dpfl.core.base_simulator | Round  58/150 | Acc: 0.7843 | Loss: 0.8181 | eps_max: 2.52 eps_avg: 2.52 | P: 1.00 R: 0.96 F1: 0.98
2026-05-06 07:02:03 | DEBUG   | dpfl.core.base_simulator | Update norms — honest: ['0.02', '0.02', '0.02', '0.02', '0.02'], attacker: ['0.81', '0.35', '0.25', '0.29', '0.31']
2026-05-06 07:02:03 | DEBUG   | dpfl.algorithms.trust_aware.simulator | Round 58 Phase 1+2: 0.09s
2026-05-06 07:02:08 | INFO    | dpfl.core.base_simulator | Round  59/150 | Acc: 0.7851 | Loss: 0.8110 | eps_max: 2.57 eps_avg: 2.57 | P: 1.00 R: 0.74 F1: 0.85
2026-05-06 07:02:08 | DEBUG   | dpfl.core.base_simulator | Update norms — honest: ['0.02', '0.02', '0.02', '0.02', '0.02'], attacker: ['1.53', '0.56', '0.37', '0.44', '0.49']
2026-05-06 07:02:08 | DEBUG   | dpfl.algorithms.trust_aware.simulator | Round 59 Phase 1+2: 0.08s
2026-05-06 07:02:14 | INFO    | dpfl.core.base_simulator | Round  60/150 | Acc: 0.7859 | Loss: 0.8041 | eps_max: 2.62 eps_avg: 2.62 | P: 1.00 R: 0.42 F1: 0.57
2026-05-06 07:02:14 | DEBUG   | dpfl.core.base_simulator | Update norms — honest: ['0.02', '0.02', '0.02', '0.02', '0.02'], attacker: ['2.70', '0.91', '0.61', '0.62', '0.89']
2026-05-06 07:02:14 | DEBUG   | dpfl.algorithms.trust_aware.simulator | Round 60 Phase 1+2: 0.09s
2026-05-06 07:02:19 | INFO    | dpfl.core.base_simulator | Round  61/150 | Acc: 0.7868 | Loss: 0.7973 | eps_max: 2.67 eps_avg: 2.67 | P: 1.00 R: 0.21 F1: 0.36
2026-05-06 07:02:19 | DEBUG   | dpfl.core.base_simulator | Update norms — honest: ['0.04', '0.03', '0.02', '0.02', '0.02'], attacker: ['4.68', '1.66', '1.08', '0.90', '1.69']
2026-05-06 07:02:20 | DEBUG   | dpfl.algorithms.trust_aware.simulator | Round 61 Phase 1+2: 0.09s
2026-05-06 07:02:25 | INFO    | dpfl.core.base_simulator | Round  62/150 | Acc: 0.7876 | Loss: 0.7905 | eps_max: 2.73 eps_avg: 2.73 | P: 1.00 R: 0.11 F1: 0.22
2026-05-06 07:02:25 | DEBUG   | dpfl.core.base_simulator | Update norms — honest: ['0.02', '0.02', '0.02', '0.02', '0.02'], attacker: ['8.22', '3.20', '1.91', '1.48', '3.12']
2026-05-06 07:02:25 | DEBUG   | dpfl.algorithms.trust_aware.simulator | Round 62 Phase 1+2: 0.09s
2026-05-06 07:02:31 | INFO    | dpfl.core.base_simulator | Round  63/150 | Acc: 0.7886 | Loss: 0.7837 | eps_max: 2.78 eps_avg: 2.78 | P: 0.99 R: 0.42 F1: 0.52
2026-05-06 07:02:31 | DEBUG   | dpfl.core.base_simulator | Update norms — honest: ['0.02', '0.02', '0.02', '0.02', '0.02'], attacker: ['14.40', '5.51', '3.54', '2.46', '5.46']
2026-05-06 07:02:31 | DEBUG   | dpfl.algorithms.trust_aware.simulator | Round 63 Phase 1+2: 0.09s
2026-05-06 07:02:36 | INFO    | dpfl.core.base_simulator | Round  64/150 | Acc: 0.7890 | Loss: 0.7780 | eps_max: 2.84 eps_avg: 2.84 | P: 0.99 R: 0.71 F1: 0.81
2026-05-06 07:02:36 | DEBUG   | dpfl.core.base_simulator | Update norms — honest: ['0.02', '0.02', '0.02', '0.04', '0.02'], attacker: ['25.51', '9.80', '6.15', '3.95', '9.83']
2026-05-06 07:02:37 | DEBUG   | dpfl.algorithms.trust_aware.simulator | Round 64 Phase 1+2: 0.09s
2026-05-06 07:02:42 | INFO    | dpfl.core.base_simulator | Round  65/150 | Acc: 0.7902 | Loss: 0.7714 | eps_max: 2.88 eps_avg: 2.88 | P: 0.99 R: 0.95 F1: 0.97
2026-05-06 07:02:42 | DEBUG   | dpfl.core.base_simulator | Update norms — honest: ['0.02', '0.02', '0.02', '0.02', '0.02'], attacker: ['44.35', '17.46', '10.83', '6.90', '17.48']
2026-05-06 07:02:42 | DEBUG   | dpfl.algorithms.trust_aware.simulator | Round 65 Phase 1+2: 0.09s
2026-05-06 07:02:48 | INFO    | dpfl.core.base_simulator | Round  66/150 | Acc: 0.7909 | Loss: 0.7657 | eps_max: 2.91 eps_avg: 2.91 | P: 1.00 R: 1.00 F1: 1.00
2026-05-06 07:02:48 | DEBUG   | dpfl.core.base_simulator | Update norms — honest: ['0.02', '0.05', '0.02', '0.02', '0.02'], attacker: ['78.46', '31.05', '19.10', '13.01', '31.59']
2026-05-06 07:02:48 | DEBUG   | dpfl.algorithms.trust_aware.simulator | Round 66 Phase 1+2: 0.09s
2026-05-06 07:02:54 | INFO    | dpfl.core.base_simulator | Round  67/150 | Acc: 0.7920 | Loss: 0.7596 | eps_max: 2.95 eps_avg: 2.95 | P: 1.00 R: 1.00 F1: 1.00
2026-05-06 07:02:54 | DEBUG   | dpfl.core.base_simulator | Update norms — honest: ['0.02', '0.01', '0.02', '0.02', '0.01'], attacker: ['138.15', '55.42', '34.03', '22.78', '57.11']
2026-05-06 07:02:54 | DEBUG   | dpfl.algorithms.trust_aware.simulator | Round 67 Phase 1+2: 0.09s
2026-05-06 07:03:00 | INFO    | dpfl.core.base_simulator | Round  68/150 | Acc: 0.7928 | Loss: 0.7542 | eps_max: 2.99 eps_avg: 2.99 | P: 0.89 R: 1.00 F1: 1.00
2026-05-06 07:03:00 | DEBUG   | dpfl.core.base_simulator | Update norms — honest: ['0.02', '0.02', '0.02', '0.01', '0.02'], attacker: ['241.42', '98.89', '60.26', '40.42', '102.39']
2026-05-06 07:03:00 | DEBUG   | dpfl.algorithms.trust_aware.simulator | Round 68 Phase 1+2: 0.09s
2026-05-06 07:03:06 | INFO    | dpfl.core.base_simulator | Round  69/150 | Acc: 0.7935 | Loss: 0.7492 | eps_max: 3.02 eps_avg: 3.02 | P: 0.92 R: 1.00 F1: 1.00
2026-05-06 07:03:06 | DEBUG   | dpfl.core.base_simulator | Update norms — honest: ['0.01', '0.02', '0.01', '0.02', '0.02'], attacker: ['423.80', '176.00', '107.53', '72.47', '185.11']
2026-05-06 07:03:06 | DEBUG   | dpfl.algorithms.trust_aware.simulator | Round 69 Phase 1+2: 0.09s
2026-05-06 07:03:12 | INFO    | dpfl.core.base_simulator | Round  70/150 | Acc: 0.7941 | Loss: 0.7442 | eps_max: 3.06 eps_avg: 3.06 | P: 1.00 R: 1.00 F1: 1.00
2026-05-06 07:03:12 | DEBUG   | dpfl.core.base_simulator | Update norms — honest: ['0.02', '0.01', '0.01', '0.02', '0.02'], attacker: ['741.92', '316.19', '191.98', '128.95', '333.61']
2026-05-06 07:03:12 | DEBUG   | dpfl.algorithms.trust_aware.simulator | Round 70 Phase 1+2: 0.09s
2026-05-06 07:03:19 | INFO    | dpfl.core.base_simulator | Round  71/150 | Acc: 0.7948 | Loss: 0.7396 | eps_max: 3.10 eps_avg: 3.10 | P: 1.00 R: 1.00 F1: 1.00
2026-05-06 07:03:19 | DEBUG   | dpfl.core.base_simulator | Update norms — honest: ['0.02', '0.02', '0.01', '0.02', '0.01'], attacker: ['1323.86', '561.77', '338.00', '226.62', '604.82']
2026-05-06 07:03:19 | DEBUG   | dpfl.algorithms.trust_aware.simulator | Round 71 Phase 1+2: 0.08s
2026-05-06 07:03:25 | INFO    | dpfl.core.base_simulator | Round  72/150 | Acc: 0.7954 | Loss: 0.7351 | eps_max: 3.14 eps_avg: 3.14 | P: 1.00 R: 1.00 F1: 1.00
2026-05-06 07:03:25 | DEBUG   | dpfl.core.base_simulator | Update norms — honest: ['0.02', '0.01', '0.01', '0.01', '0.01'], attacker: ['2282.62', '1007.22', '608.74', '402.51', '1096.98']
2026-05-06 07:03:25 | DEBUG   | dpfl.algorithms.trust_aware.simulator | Round 72 Phase 1+2: 0.09s
2026-05-06 07:03:31 | INFO    | dpfl.core.base_simulator | Round  73/150 | Acc: 0.7959 | Loss: 0.7307 | eps_max: 3.18 eps_avg: 3.18 | P: 1.00 R: 1.00 F1: 1.00
2026-05-06 07:03:31 | DEBUG   | dpfl.core.base_simulator | Update norms — honest: ['0.02', '0.01', '0.01', '0.01', '0.02'], attacker: ['4060.90', '1789.61', '1071.58', '719.54', '1953.47']
2026-05-06 07:03:31 | DEBUG   | dpfl.algorithms.trust_aware.simulator | Round 73 Phase 1+2: 0.09s
2026-05-06 07:03:38 | INFO    | dpfl.core.base_simulator | Round  74/150 | Acc: 0.7965 | Loss: 0.7265 | eps_max: 3.23 eps_avg: 3.23 | P: 1.00 R: 1.00 F1: 1.00
2026-05-06 07:03:38 | DEBUG   | dpfl.core.base_simulator | Update norms — honest: ['0.01', '0.01', '0.01', '0.02', '0.01'], attacker: ['7109.15', '3171.59', '1926.87', '1286.21', '3526.75']
2026-05-06 07:03:38 | DEBUG   | dpfl.algorithms.trust_aware.simulator | Round 74 Phase 1+2: 0.09s
2026-05-06 07:03:44 | INFO    | dpfl.core.base_simulator | Round  75/150 | Acc: 0.7970 | Loss: 0.7225 | eps_max: 3.27 eps_avg: 3.27 | P: 1.00 R: 1.00 F1: 1.00
2026-05-06 07:03:44 | DEBUG   | dpfl.core.base_simulator | Update norms — honest: ['0.01', '0.01', '0.01', '0.01', '0.01'], attacker: ['12477.12', '5732.23', '3420.02', '2270.45', '6327.54']
2026-05-06 07:03:44 | DEBUG   | dpfl.algorithms.trust_aware.simulator | Round 75 Phase 1+2: 0.09s
2026-05-06 07:03:51 | INFO    | dpfl.core.base_simulator | Round  76/150 | Acc: 0.7974 | Loss: 0.7187 | eps_max: 3.31 eps_avg: 3.31 | P: 1.00 R: 1.00 F1: 1.00
2026-05-06 07:03:51 | DEBUG   | dpfl.core.base_simulator | Update norms — honest: ['0.02', '0.01', '0.01', '0.01', '0.01'], attacker: ['22024.06', '10205.80', '6019.37', '4009.14', '11428.77']
2026-05-06 07:03:51 | DEBUG   | dpfl.algorithms.trust_aware.simulator | Round 76 Phase 1+2: 0.08s
2026-05-06 07:03:58 | INFO    | dpfl.core.base_simulator | Round  77/150 | Acc: 0.7979 | Loss: 0.7150 | eps_max: 3.36 eps_avg: 3.36 | P: 0.88 R: 1.00 F1: 1.00
2026-05-06 07:03:58 | DEBUG   | dpfl.core.base_simulator | Update norms — honest: ['0.01', '0.01', '0.01', '0.01', '0.01'], attacker: ['38518.00', '18352.31', '10685.59', '7218.38', '20729.28']
2026-05-06 07:03:58 | DEBUG   | dpfl.algorithms.trust_aware.simulator | Round 77 Phase 1+2: 0.09s
2026-05-06 07:04:04 | INFO    | dpfl.core.base_simulator | Round  78/150 | Acc: 0.7983 | Loss: 0.7113 | eps_max: 3.40 eps_avg: 3.40 | P: 0.99 R: 1.00 F1: 1.00
2026-05-06 07:04:04 | DEBUG   | dpfl.core.base_simulator | Update norms — honest: ['0.01', '0.01', '0.01', '0.01', '0.01'], attacker: ['67789.73', '32482.59', '19213.98', '12925.24', '36757.62']
2026-05-06 07:04:04 | DEBUG   | dpfl.algorithms.trust_aware.simulator | Round 78 Phase 1+2: 0.09s
2026-05-06 07:04:11 | INFO    | dpfl.core.base_simulator | Round  79/150 | Acc: 0.7988 | Loss: 0.7077 | eps_max: 3.45 eps_avg: 3.45 | P: 1.00 R: 1.00 F1: 1.00
2026-05-06 07:04:11 | DEBUG   | dpfl.core.base_simulator | Update norms — honest: ['0.01', '0.01', '0.01', '0.01', '0.01'], attacker: ['119299.40', '57613.83', '33881.71', '22802.74', '66495.14']
2026-05-06 07:04:11 | DEBUG   | dpfl.algorithms.trust_aware.simulator | Round 79 Phase 1+2: 0.08s
2026-05-06 07:04:18 | INFO    | dpfl.core.base_simulator | Round  80/150 | Acc: 0.7993 | Loss: 0.7043 | eps_max: 3.50 eps_avg: 3.50 | P: 1.00 R: 1.00 F1: 1.00
2026-05-06 07:04:18 | DEBUG   | dpfl.core.base_simulator | Update norms — honest: ['0.01', '0.01', '0.01', '0.01', '0.01'], attacker: ['209660.06', '104014.01', '60168.12', '40987.45', '118946.88']
2026-05-06 07:04:18 | DEBUG   | dpfl.algorithms.trust_aware.simulator | Round 80 Phase 1+2: 0.09s
2026-05-06 07:04:25 | INFO    | dpfl.core.base_simulator | Round  81/150 | Acc: 0.7997 | Loss: 0.7010 | eps_max: 3.55 eps_avg: 3.55 | P: 1.00 R: 1.00 F1: 1.00
2026-05-06 07:04:25 | DEBUG   | dpfl.core.base_simulator | Update norms — honest: ['0.01', '0.01', '0.01', '0.01', '0.01'], attacker: ['369325.56', '186416.78', '107685.66', '72256.77', '216226.62']
2026-05-06 07:04:25 | DEBUG   | dpfl.algorithms.trust_aware.simulator | Round 81 Phase 1+2: 0.08s
2026-05-06 07:04:32 | INFO    | dpfl.core.base_simulator | Round  82/150 | Acc: 0.8000 | Loss: 0.6979 | eps_max: 3.60 eps_avg: 3.60 | P: 0.97 R: 1.00 F1: 0.98
2026-05-06 07:04:32 | DEBUG   | dpfl.core.base_simulator | Update norms — honest: ['0.01', '0.01', '0.01', '0.01', '0.01'], attacker: ['649957.38', '330475.41', '191978.64', '128471.10', '386794.78']
2026-05-06 07:04:32 | DEBUG   | dpfl.algorithms.trust_aware.simulator | Round 82 Phase 1+2: 0.08s
2026-05-06 07:04:39 | INFO    | dpfl.core.base_simulator | Round  83/150 | Acc: 0.8004 | Loss: 0.6948 | eps_max: 3.65 eps_avg: 3.65 | P: 1.00 R: 1.00 F1: 1.00
2026-05-06 07:04:39 | DEBUG   | dpfl.core.base_simulator | Update norms — honest: ['0.01', '0.01', '0.01', '0.01', '0.01'], attacker: ['1151865.25', '587891.00', '338272.38', '225378.89', '694761.19']
2026-05-06 07:04:39 | DEBUG   | dpfl.algorithms.trust_aware.simulator | Round 83 Phase 1+2: 0.08s
2026-05-06 07:04:46 | INFO    | dpfl.core.base_simulator | Round  84/150 | Acc: 0.8007 | Loss: 0.6920 | eps_max: 3.71 eps_avg: 3.71 | P: 0.89 R: 1.00 F1: 1.00
2026-05-06 07:04:46 | DEBUG   | dpfl.core.base_simulator | Update norms — honest: ['0.01', '0.01', '0.01', '0.01', '0.01'], attacker: ['1989998.62', '1048164.12', '605108.12', '407382.47', '1244783.25']
2026-05-06 07:04:46 | DEBUG   | dpfl.algorithms.trust_aware.simulator | Round 84 Phase 1+2: 0.09s
2026-05-06 07:04:53 | INFO    | dpfl.core.base_simulator | Round  85/150 | Acc: 0.8011 | Loss: 0.6891 | eps_max: 3.76 eps_avg: 3.76 | P: 1.00 R: 1.00 F1: 1.00
2026-05-06 07:04:53 | DEBUG   | dpfl.core.base_simulator | Update norms — honest: ['0.01', '0.01', '0.01', '0.01', '0.01'], attacker: ['3552095.25', '1882417.12', '1086484.75', '720261.38', '2286494.75']
2026-05-06 07:04:53 | DEBUG   | dpfl.algorithms.trust_aware.simulator | Round 85 Phase 1+2: 0.08s
2026-05-06 07:05:00 | INFO    | dpfl.core.base_simulator | Round  86/150 | Acc: 0.8015 | Loss: 0.6862 | eps_max: 3.82 eps_avg: 3.82 | P: 0.71 R: 1.00 F1: 1.00
2026-05-06 07:05:00 | DEBUG   | dpfl.core.base_simulator | Update norms — honest: ['0.01', '0.01', '0.01', '0.01', '0.01'], attacker: ['6259473.00', '3344975.25', '1925482.38', '1291309.25', '4036673.75']
2026-05-06 07:05:00 | DEBUG   | dpfl.algorithms.trust_aware.simulator | Round 86 Phase 1+2: 0.08s
2026-05-06 07:05:08 | INFO    | dpfl.core.base_simulator | Round  87/150 | Acc: 0.8019 | Loss: 0.6835 | eps_max: 3.87 eps_avg: 3.87 | P: 0.91 R: 1.00 F1: 1.00
2026-05-06 07:05:08 | DEBUG   | dpfl.core.base_simulator | Update norms — honest: ['0.01', '0.01', '0.01', '0.01', '0.01'], attacker: ['10920001.00', '5933388.50', '3438161.25', '2278423.25', '7332403.00']
2026-05-06 07:05:08 | DEBUG   | dpfl.algorithms.trust_aware.simulator | Round 87 Phase 1+2: 0.08s
2026-05-06 07:05:47 | INFO    | dpfl.core.base_simulator | Round  88/150 | Acc: 0.8021 | Loss: 0.6809 | eps_max: 3.92 eps_avg: 3.92 | P: 0.89 R: 1.00 F1: 1.00
2026-05-06 07:05:47 | DEBUG   | dpfl.core.base_simulator | Update norms — honest: ['0.01', '0.01', '0.01', '0.01', '0.01'], attacker: ['19227894.00', '10686704.00', '6044186.00', '4017949.50', '13223501.00']
2026-05-06 07:05:47 | DEBUG   | dpfl.algorithms.trust_aware.simulator | Round 88 Phase 1+2: 0.11s
2026-05-06 07:05:57 | INFO    | dpfl.core.base_simulator | Round  89/150 | Acc: 0.8025 | Loss: 0.6784 | eps_max: 3.96 eps_avg: 3.96 | P: 0.89 R: 1.00 F1: 1.00
2026-05-06 07:05:57 | DEBUG   | dpfl.core.base_simulator | Update norms — honest: ['0.01', '0.01', '0.01', '0.01', '0.01'], attacker: ['33929384.00', '18981186.00', '10780978.00', '7174974.00', '23800304.00']
2026-05-06 07:05:58 | DEBUG   | dpfl.algorithms.trust_aware.simulator | Round 89 Phase 1+2: 0.41s
2026-05-06 07:06:11 | INFO    | dpfl.core.base_simulator | Round  90/150 | Acc: 0.8028 | Loss: 0.6759 | eps_max: 4.00 eps_avg: 4.00 | P: 1.00 R: 1.00 F1: 1.00
2026-05-06 07:06:11 | DEBUG   | dpfl.core.base_simulator | Update norms — honest: ['0.01', '0.01', '0.01', '0.01', '0.01'], attacker: ['59924252.00', '34007648.00', '19390356.00', '12844086.00', '42788524.00']
2026-05-06 07:06:12 | DEBUG   | dpfl.algorithms.trust_aware.simulator | Round 90 Phase 1+2: 0.49s
2026-05-06 07:06:26 | INFO    | dpfl.core.base_simulator | Round  91/150 | Acc: 0.8031 | Loss: 0.6736 | eps_max: 4.05 eps_avg: 4.05 | P: 0.93 R: 1.00 F1: 1.00
2026-05-06 07:06:26 | DEBUG   | dpfl.core.base_simulator | Update norms — honest: ['0.01', '0.01', '0.01', '0.01', '0.01'], attacker: ['105554392.00', '60705656.00', '34411460.00', '22634930.00', '76612184.00']
2026-05-06 07:06:27 | DEBUG   | dpfl.algorithms.trust_aware.simulator | Round 91 Phase 1+2: 0.38s
2026-05-06 07:06:41 | INFO    | dpfl.core.base_simulator | Round  92/150 | Acc: 0.8034 | Loss: 0.6713 | eps_max: 4.09 eps_avg: 4.09 | P: 1.00 R: 1.00 F1: 1.00
2026-05-06 07:06:41 | DEBUG   | dpfl.core.base_simulator | Update norms — honest: ['0.01', '0.01', '0.01', '0.01', '0.01'], attacker: ['185135280.00', '108460560.00', '61399644.00', '40554108.00', '137726912.00']
2026-05-06 07:06:41 | DEBUG   | dpfl.algorithms.trust_aware.simulator | Round 92 Phase 1+2: 0.48s
2026-05-06 07:06:55 | INFO    | dpfl.core.base_simulator | Round  93/150 | Acc: 0.8036 | Loss: 0.6691 | eps_max: 4.14 eps_avg: 4.14 | P: 0.70 R: 1.00 F1: 1.00
2026-05-06 07:06:55 | DEBUG   | dpfl.core.base_simulator | Update norms — honest: ['0.01', '0.01', '0.01', '0.01', '0.01'], attacker: ['326808992.00', '192850016.00', '109734432.00', '71690496.00', '248523312.00']
2026-05-06 07:06:55 | DEBUG   | dpfl.algorithms.trust_aware.simulator | Round 93 Phase 1+2: 0.09s
2026-05-06 07:07:03 | INFO    | dpfl.core.base_simulator | Round  94/150 | Acc: 0.8039 | Loss: 0.6669 | eps_max: 4.18 eps_avg: 4.18 | P: 0.71 R: 1.00 F1: 1.00
2026-05-06 07:07:03 | DEBUG   | dpfl.core.base_simulator | Update norms — honest: ['0.01', '0.01', '0.01', '0.01', '0.01'], attacker: ['567449728.00', '345663648.00', '193319760.00', '128778984.00', '451364960.00']
2026-05-06 07:07:03 | DEBUG   | dpfl.algorithms.trust_aware.simulator | Round 94 Phase 1+2: 0.09s
2026-05-06 07:07:10 | INFO    | dpfl.core.base_simulator | Round  95/150 | Acc: 0.8042 | Loss: 0.6648 | eps_max: 4.23 eps_avg: 4.23 | P: 1.00 R: 1.00 F1: 1.00
2026-05-06 07:07:10 | DEBUG   | dpfl.core.base_simulator | Update norms — honest: ['0.01', '0.01', '0.01', '0.01', '0.01'], attacker: ['1002898240.00', '614752192.00', '343380864.00', '228405056.00', '811667904.00']
2026-05-06 07:07:10 | DEBUG   | dpfl.algorithms.trust_aware.simulator | Round 95 Phase 1+2: 0.09s
2026-05-06 07:07:18 | INFO    | dpfl.core.base_simulator | Round  96/150 | Acc: 0.8045 | Loss: 0.6627 | eps_max: 4.28 eps_avg: 4.28 | P: 1.00 R: 1.00 F1: 1.00
2026-05-06 07:07:18 | DEBUG   | dpfl.core.base_simulator | Update norms — honest: ['0.01', '0.01', '0.01', '0.01', '0.01'], attacker: ['1797453312.00', '1106402304.00', '613792704.00', '410646752.00', '1455514368.00']
2026-05-06 07:07:18 | DEBUG   | dpfl.algorithms.trust_aware.simulator | Round 96 Phase 1+2: 0.09s
2026-05-06 07:07:26 | INFO    | dpfl.core.base_simulator | Round  97/150 | Acc: 0.8047 | Loss: 0.6607 | eps_max: 4.33 eps_avg: 4.33 | P: 0.75 R: 1.00 F1: 1.00
2026-05-06 07:07:26 | DEBUG   | dpfl.core.base_simulator | Update norms — honest: ['0.01', '0.01', '0.01', '0.01', '0.01'], attacker: ['3142793728.00', '1961765248.00', '1090013184.00', '729528128.00', '2633337088.00']
2026-05-06 07:07:26 | DEBUG   | dpfl.algorithms.trust_aware.simulator | Round 97 Phase 1+2: 0.09s
2026-05-06 07:07:34 | INFO    | dpfl.core.base_simulator | Round  98/150 | Acc: 0.8049 | Loss: 0.6588 | eps_max: 4.38 eps_avg: 4.38 | P: 0.82 R: 1.00 F1: 1.00
2026-05-06 07:07:34 | DEBUG   | dpfl.core.base_simulator | Update norms — honest: ['0.01', '0.01', '0.01', '0.01', '0.01'], attacker: ['5493786624.00', '3529285120.00', '1923902848.00', '1296051200.00', '4716101120.00']
2026-05-06 07:07:34 | DEBUG   | dpfl.algorithms.trust_aware.simulator | Round 98 Phase 1+2: 0.09s
2026-05-06 07:07:42 | INFO    | dpfl.core.base_simulator | Round  99/150 | Acc: 0.8051 | Loss: 0.6570 | eps_max: 4.43 eps_avg: 4.43 | P: 0.89 R: 1.00 F1: 1.00
2026-05-06 07:07:42 | DEBUG   | dpfl.core.base_simulator | Update norms — honest: ['0.01', '0.01', '0.01', '0.01', '0.01'], attacker: ['9691534336.00', '6323438592.00', '3438534400.00', '2336057344.00', '8563240448.00']
2026-05-06 07:07:42 | DEBUG   | dpfl.algorithms.trust_aware.simulator | Round 99 Phase 1+2: 0.09s
2026-05-06 07:07:50 | INFO    | dpfl.core.base_simulator | Round 100/150 | Acc: 0.8054 | Loss: 0.6552 | eps_max: 4.49 eps_avg: 4.49 | P: 0.91 R: 1.00 F1: 1.00
2026-05-06 07:07:50 | DEBUG   | dpfl.core.base_simulator | Update norms — honest: ['0.01', '0.01', '0.01', '0.01', '0.01'], attacker: ['17078686720.00', '11286010880.00', '6102993408.00', '4089209344.00', '15195891712.00']
2026-05-06 07:07:50 | DEBUG   | dpfl.algorithms.trust_aware.simulator | Round 100 Phase 1+2: 0.09s
2026-05-06 07:07:58 | INFO    | dpfl.core.base_simulator | Round 101/150 | Acc: 0.8056 | Loss: 0.6534 | eps_max: 4.54 eps_avg: 4.54 | P: 0.66 R: 1.00 F1: 0.97
2026-05-06 07:07:58 | DEBUG   | dpfl.core.base_simulator | Update norms — honest: ['0.01', '0.01', '0.01', '0.01', '0.01'], attacker: ['30115639296.00', '20143368192.00', '10948316160.00', '7325692416.00', '27460347904.00']
2026-05-06 07:07:58 | DEBUG   | dpfl.algorithms.trust_aware.simulator | Round 101 Phase 1+2: 0.09s
2026-05-06 07:08:06 | INFO    | dpfl.core.base_simulator | Round 102/150 | Acc: 0.8058 | Loss: 0.6517 | eps_max: 4.60 eps_avg: 4.60 | P: 1.00 R: 1.00 F1: 1.00
2026-05-06 07:08:06 | DEBUG   | dpfl.core.base_simulator | Update norms — honest: ['0.01', '0.01', '0.01', '0.01', '0.01'], attacker: ['53160742912.00', '36072587264.00', '19394160640.00', '13008093184.00', '49581895680.00']
2026-05-06 07:08:06 | DEBUG   | dpfl.algorithms.trust_aware.simulator | Round 102 Phase 1+2: 0.09s
2026-05-06 07:08:14 | INFO    | dpfl.core.base_simulator | Round 103/150 | Acc: 0.8060 | Loss: 0.6501 | eps_max: 4.65 eps_avg: 4.65 | P: 0.76 R: 1.00 F1: 1.00
2026-05-06 07:08:14 | DEBUG   | dpfl.core.base_simulator | Update norms — honest: ['0.01', '0.01', '0.01', '0.01', '0.01'], attacker: ['93221216256.00', '63552577536.00', '34701651968.00', '23287369728.00', '89098027008.00']
2026-05-06 07:08:14 | DEBUG   | dpfl.algorithms.trust_aware.simulator | Round 103 Phase 1+2: 0.09s
2026-05-06 07:08:23 | INFO    | dpfl.core.base_simulator | Round 104/150 | Acc: 0.8061 | Loss: 0.6485 | eps_max: 4.71 eps_avg: 4.71 | P: 0.76 R: 1.00 F1: 1.00
2026-05-06 07:08:23 | DEBUG   | dpfl.core.base_simulator | Update norms — honest: ['0.01', '0.01', '0.01', '0.01', '0.01'], attacker: ['163383050240.00', '114125488128.00', '61589090304.00', '41244999680.00', '159467880448.00']
2026-05-06 07:08:23 | DEBUG   | dpfl.algorithms.trust_aware.simulator | Round 104 Phase 1+2: 0.09s
2026-05-06 07:08:31 | INFO    | dpfl.core.base_simulator | Round 105/150 | Acc: 0.8063 | Loss: 0.6470 | eps_max: 4.77 eps_avg: 4.77 | P: 0.93 R: 1.00 F1: 1.00
2026-05-06 07:08:31 | DEBUG   | dpfl.core.base_simulator | Update norms — honest: ['0.01', '0.01', '0.01', '0.01', '0.01'], attacker: ['288440549376.00', '205216628736.00', '109368352768.00', '73048440832.00', '285749608448.00']
2026-05-06 07:08:31 | DEBUG   | dpfl.algorithms.trust_aware.simulator | Round 105 Phase 1+2: 0.08s
2026-05-06 07:08:39 | INFO    | dpfl.core.base_simulator | Round 106/150 | Acc: 0.8064 | Loss: 0.6455 | eps_max: 4.83 eps_avg: 4.83 | P: 0.99 R: 1.00 F1: 1.00
2026-05-06 07:08:39 | DEBUG   | dpfl.core.base_simulator | Update norms — honest: ['0.01', '0.01', '0.01', '0.01', '0.01'], attacker: ['506723860480.00', '364925091840.00', '194645803008.00', '129351942144.00', '514337013760.00']
2026-05-06 07:08:39 | DEBUG   | dpfl.algorithms.trust_aware.simulator | Round 106 Phase 1+2: 0.09s
2026-05-06 07:08:48 | INFO    | dpfl.core.base_simulator | Round 107/150 | Acc: 0.8066 | Loss: 0.6441 | eps_max: 4.90 eps_avg: 4.90 | P: 0.91 R: 1.00 F1: 1.00
2026-05-06 07:08:48 | DEBUG   | dpfl.core.base_simulator | Update norms — honest: ['0.01', '0.01', '0.01', '0.01', '0.01'], attacker: ['892323823616.00', '661833056256.00', '347085176832.00', '230441123840.00', '927099387904.00']
2026-05-06 07:08:48 | DEBUG   | dpfl.algorithms.trust_aware.simulator | Round 107 Phase 1+2: 0.08s
2026-05-06 07:08:56 | INFO    | dpfl.core.base_simulator | Round 108/150 | Acc: 0.8068 | Loss: 0.6426 | eps_max: 4.96 eps_avg: 4.96 | P: 0.91 R: 1.00 F1: 1.00
2026-05-06 07:08:56 | DEBUG   | dpfl.core.base_simulator | Update norms — honest: ['0.01', '0.01', '0.01', '0.01', '0.01'], attacker: ['1569459142656.00', '1161554821120.00', '617714089984.00', '410769391616.00', '1668349952000.00']
2026-05-06 07:08:56 | DEBUG   | dpfl.algorithms.trust_aware.simulator | Round 108 Phase 1+2: 0.09s
2026-05-06 07:09:05 | INFO    | dpfl.core.base_simulator | Round 109/150 | Acc: 0.8070 | Loss: 0.6412 | eps_max: 5.02 eps_avg: 5.02 | P: 0.99 R: 1.00 F1: 1.00
2026-05-06 07:09:05 | DEBUG   | dpfl.core.base_simulator | Update norms — honest: ['0.01', '0.01', '0.01', '0.01', '0.01'], attacker: ['2730746707968.00', '2075796176896.00', '1093318737920.00', '727851270144.00', '3008893812736.00']
2026-05-06 07:09:05 | DEBUG   | dpfl.algorithms.trust_aware.simulator | Round 109 Phase 1+2: 0.09s
2026-05-06 07:09:13 | INFO    | dpfl.core.base_simulator | Round 110/150 | Acc: 0.8071 | Loss: 0.6399 | eps_max: 5.09 eps_avg: 5.09 | P: 0.75 R: 1.00 F1: 1.00
2026-05-06 07:09:13 | DEBUG   | dpfl.core.base_simulator | Update norms — honest: ['0.01', '0.01', '0.01', '0.01', '0.01'], attacker: ['4819326074880.00', '3702470213632.00', '1921236598784.00', '1308809494528.00', '5392315187200.00']
2026-05-06 07:09:13 | DEBUG   | dpfl.algorithms.trust_aware.simulator | Round 110 Phase 1+2: 0.09s
2026-05-06 07:09:22 | INFO    | dpfl.core.base_simulator | Round 111/150 | Acc: 0.8072 | Loss: 0.6386 | eps_max: 5.16 eps_avg: 5.16 | P: 0.71 R: 1.00 F1: 1.00
2026-05-06 07:09:22 | DEBUG   | dpfl.core.base_simulator | Update norms — honest: ['0.01', '0.01', '0.01', '0.01', '0.01'], attacker: ['8516539514880.00', '6624670908416.00', '3448642732032.00', '2322705678336.00', '9797207326720.00']
2026-05-06 07:09:22 | DEBUG   | dpfl.algorithms.trust_aware.simulator | Round 111 Phase 1+2: 0.08s
2026-05-06 07:09:31 | INFO    | dpfl.core.base_simulator | Round 112/150 | Acc: 0.8074 | Loss: 0.6374 | eps_max: 5.21 eps_avg: 5.21 | P: 0.77 R: 1.00 F1: 1.00
2026-05-06 07:09:31 | DEBUG   | dpfl.core.base_simulator | Update norms — honest: ['0.01', '0.01', '0.01', '0.01', '0.01'], attacker: ['14903572168704.00', '11840673284096.00', '6128226271232.00', '4081057005568.00', '17460156694528.00']
2026-05-06 07:09:31 | DEBUG   | dpfl.algorithms.trust_aware.simulator | Round 112 Phase 1+2: 0.08s
2026-05-06 07:09:39 | INFO    | dpfl.core.base_simulator | Round 113/150 | Acc: 0.8075 | Loss: 0.6361 | eps_max: 5.25 eps_avg: 5.25 | P: 0.82 R: 1.00 F1: 1.00
2026-05-06 07:09:39 | DEBUG   | dpfl.core.base_simulator | Update norms — honest: ['0.01', '0.01', '0.01', '0.01', '0.01'], attacker: ['26395044478976.00', '21024064143360.00', '10853303713792.00', '7403569414144.00', '31694715355136.00']
2026-05-06 07:09:40 | DEBUG   | dpfl.algorithms.trust_aware.simulator | Round 113 Phase 1+2: 0.08s
2026-05-06 07:09:48 | INFO    | dpfl.core.base_simulator | Round 114/150 | Acc: 0.8077 | Loss: 0.6349 | eps_max: 5.30 eps_avg: 5.30 | P: 0.77 R: 1.00 F1: 1.00
2026-05-06 07:09:48 | DEBUG   | dpfl.core.base_simulator | Update norms — honest: ['0.01', '0.01', '0.01', '0.01', '0.01'], attacker: ['46166939009024.00', '37751860756480.00', '19204547805184.00', '12966509412352.00', '57018853359616.00']
2026-05-06 07:09:48 | DEBUG   | dpfl.algorithms.trust_aware.simulator | Round 114 Phase 1+2: 0.09s
2026-05-06 07:09:57 | INFO    | dpfl.core.base_simulator | Round 115/150 | Acc: 0.8078 | Loss: 0.6337 | eps_max: 5.34 eps_avg: 5.34 | P: 0.99 R: 1.00 F1: 1.00
2026-05-06 07:09:57 | DEBUG   | dpfl.core.base_simulator | Update norms — honest: ['0.01', '0.01', '0.01', '0.01', '0.01'], attacker: ['80994375827456.00', '67207044268032.00', '34310002311168.00', '23156882407424.00', '103230570758144.00']
2026-05-06 07:09:57 | DEBUG   | dpfl.algorithms.trust_aware.simulator | Round 115 Phase 1+2: 0.09s
2026-05-06 07:10:06 | INFO    | dpfl.core.base_simulator | Round 116/150 | Acc: 0.8080 | Loss: 0.6325 | eps_max: 5.39 eps_avg: 5.39 | P: 0.82 R: 1.00 F1: 1.00
2026-05-06 07:10:06 | DEBUG   | dpfl.core.base_simulator | Update norms — honest: ['0.01', '0.01', '0.01', '0.01', '0.01'], attacker: ['144589973356544.00', '120896157122560.00', '61284351475712.00', '40955860221952.00', '186716337995776.00']
2026-05-06 07:10:06 | DEBUG   | dpfl.algorithms.trust_aware.simulator | Round 116 Phase 1+2: 0.09s
2026-05-06 07:10:15 | INFO    | dpfl.core.base_simulator | Round 117/150 | Acc: 0.8081 | Loss: 0.6314 | eps_max: 5.44 eps_avg: 5.44 | P: 0.68 R: 1.00 F1: 1.00
2026-05-06 07:10:15 | DEBUG   | dpfl.core.base_simulator | Update norms — honest: ['0.01', '0.01', '0.01', '0.01', '0.01'], attacker: ['251507781926912.00', '217036256968704.00', '109511842988032.00', '73324000444416.00', '333800596832256.00']
2026-05-06 07:10:15 | DEBUG   | dpfl.algorithms.trust_aware.simulator | Round 117 Phase 1+2: 0.08s
2026-05-06 07:10:24 | INFO    | dpfl.core.base_simulator | Round 118/150 | Acc: 0.8083 | Loss: 0.6303 | eps_max: 5.49 eps_avg: 5.49 | P: 0.67 R: 1.00 F1: 1.00
2026-05-06 07:10:24 | DEBUG   | dpfl.core.base_simulator | Update norms — honest: ['0.01', '0.01', '0.01', '0.01', '0.01'], attacker: ['447088982753280.00', '387687269793792.00', '193645529530368.00', '128682781835264.00', '603260972957696.00']
2026-05-06 07:10:24 | DEBUG   | dpfl.algorithms.trust_aware.simulator | Round 118 Phase 1+2: 0.09s
2026-05-06 07:10:33 | INFO    | dpfl.core.base_simulator | Round 119/150 | Acc: 0.8083 | Loss: 0.6294 | eps_max: 5.54 eps_avg: 5.54 | P: 0.71 R: 1.00 F1: 0.99
2026-05-06 07:10:33 | DEBUG   | dpfl.core.base_simulator | Update norms — honest: ['0.01', '0.01', '0.01', '0.01', '0.01'], attacker: ['789730534883328.00', '689266820644864.00', '341772223905792.00', '230815971672064.00', '1087286406021120.00']
2026-05-06 07:10:33 | DEBUG   | dpfl.algorithms.trust_aware.simulator | Round 119 Phase 1+2: 0.12s
2026-05-06 07:10:42 | INFO    | dpfl.core.base_simulator | Round 120/150 | Acc: 0.8085 | Loss: 0.6283 | eps_max: 5.59 eps_avg: 5.59 | P: 0.79 R: 1.00 F1: 0.99
2026-05-06 07:10:42 | DEBUG   | dpfl.core.base_simulator | Update norms — honest: ['0.01', '0.01', '0.01', '0.01', '0.01'], attacker: ['1388117055504384.00', '1224028501049344.00', '608615924760576.00', '406753938243584.00', '1946801703747584.00']
2026-05-06 07:10:42 | DEBUG   | dpfl.algorithms.trust_aware.simulator | Round 120 Phase 1+2: 0.09s
2026-05-06 07:10:51 | INFO    | dpfl.core.base_simulator | Round 121/150 | Acc: 0.8086 | Loss: 0.6273 | eps_max: 5.64 eps_avg: 5.64 | P: 0.86 R: 1.00 F1: 1.00
2026-05-06 07:10:51 | DEBUG   | dpfl.core.base_simulator | Update norms — honest: ['0.01', '0.01', '0.01', '0.01', '0.01'], attacker: ['2428251834155008.00', '2175406169915392.00', '1086075493679104.00', '724333148241920.00', '3513573695291392.00']
2026-05-06 07:10:51 | DEBUG   | dpfl.algorithms.trust_aware.simulator | Round 121 Phase 1+2: 0.09s
2026-05-06 07:11:01 | INFO    | dpfl.core.base_simulator | Round 122/150 | Acc: 0.8087 | Loss: 0.6264 | eps_max: 5.69 eps_avg: 5.69 | P: 0.84 R: 1.00 F1: 1.00
2026-05-06 07:11:01 | DEBUG   | dpfl.core.base_simulator | Update norms — honest: ['0.01', '0.01', '0.01', '0.01', '0.01'], attacker: ['4294789054857216.00', '3884432578576384.00', '1939089553096704.00', '1302139997519872.00', '6375731848282112.00']
2026-05-06 07:11:01 | DEBUG   | dpfl.algorithms.trust_aware.simulator | Round 122 Phase 1+2: 0.09s
2026-05-06 07:11:10 | INFO    | dpfl.core.base_simulator | Round 123/150 | Acc: 0.8088 | Loss: 0.6255 | eps_max: 5.74 eps_avg: 5.74 | P: 0.86 R: 1.00 F1: 1.00
2026-05-06 07:11:10 | DEBUG   | dpfl.core.base_simulator | Update norms — honest: ['0.01', '0.01', '0.01', '0.01', '0.01'], attacker: ['7573095715962880.00', '6956254123524096.00', '3419550418731008.00', '2297206476374016.00', '11309168581410816.00']
2026-05-06 07:11:10 | DEBUG   | dpfl.algorithms.trust_aware.simulator | Round 123 Phase 1+2: 0.08s
2026-05-06 07:11:19 | INFO    | dpfl.core.base_simulator | Round 124/150 | Acc: 0.8089 | Loss: 0.6246 | eps_max: 5.80 eps_avg: 5.80 | P: 0.71 R: 1.00 F1: 1.00
2026-05-06 07:11:19 | DEBUG   | dpfl.core.base_simulator | Update norms — honest: ['0.01', '0.01', '0.01', '0.01', '0.01'], attacker: ['13172155743207424.00', '12408865966522368.00', '6097095844954112.00', '4077387742445568.00', '20577785315590144.00']
2026-05-06 07:11:19 | DEBUG   | dpfl.algorithms.trust_aware.simulator | Round 124 Phase 1+2: 0.08s
2026-05-06 07:11:29 | INFO    | dpfl.core.base_simulator | Round 125/150 | Acc: 0.8090 | Loss: 0.6238 | eps_max: 5.85 eps_avg: 5.85 | P: 0.90 R: 1.00 F1: 1.00
2026-05-06 07:11:29 | DEBUG   | dpfl.core.base_simulator | Update norms — honest: ['0.01', '0.01', '0.01', '0.01', '0.01'], attacker: ['23309777505353728.00', '22104944689545216.00', '10967609159712768.00', '7222553907036160.00', '36848762110345216.00']
2026-05-06 07:11:29 | DEBUG   | dpfl.algorithms.trust_aware.simulator | Round 125 Phase 1+2: 0.09s
2026-05-06 07:11:39 | INFO    | dpfl.core.base_simulator | Round 126/150 | Acc: 0.8090 | Loss: 0.6230 | eps_max: 5.91 eps_avg: 5.91 | P: 1.00 R: 1.00 F1: 1.00
2026-05-06 07:11:39 | DEBUG   | dpfl.core.base_simulator | Update norms — honest: ['0.01', '0.01', '0.01', '0.01', '0.01'], attacker: ['41197347778068480.00', '39460166650822656.00', '19471219204030464.00', '13003650217541632.00', '67018948859658240.00']
2026-05-06 07:11:39 | DEBUG   | dpfl.algorithms.trust_aware.simulator | Round 126 Phase 1+2: 0.08s
2026-05-06 07:11:48 | INFO    | dpfl.core.base_simulator | Round 127/150 | Acc: 0.8091 | Loss: 0.6221 | eps_max: 5.97 eps_avg: 5.97 | P: 0.91 R: 1.00 F1: 1.00
2026-05-06 07:11:48 | DEBUG   | dpfl.core.base_simulator | Update norms — honest: ['0.01', '0.01', '0.01', '0.01', '0.01'], attacker: ['72240258997026816.00', '70421254447824896.00', '34306270320132096.00', '23067427533225984.00', '119587385762643968.00']
2026-05-06 07:11:48 | DEBUG   | dpfl.algorithms.trust_aware.simulator | Round 127 Phase 1+2: 0.09s
2026-05-06 07:11:58 | INFO    | dpfl.core.base_simulator | Round 128/150 | Acc: 0.8092 | Loss: 0.6213 | eps_max: 6.02 eps_avg: 6.02 | P: 0.63 R: 1.00 F1: 1.00
2026-05-06 07:11:58 | DEBUG   | dpfl.core.base_simulator | Update norms — honest: ['0.01', '0.01', '0.01', '0.01', '0.01'], attacker: ['126799743954190336.00', '126434508525273088.00', '61107441772789760.00', '40766395054555136.00', '214901196916260864.00']
2026-05-06 07:11:58 | DEBUG   | dpfl.algorithms.trust_aware.simulator | Round 128 Phase 1+2: 0.08s
2026-05-06 07:12:07 | INFO    | dpfl.core.base_simulator | Round 129/150 | Acc: 0.8093 | Loss: 0.6205 | eps_max: 6.08 eps_avg: 6.08 | P: 0.91 R: 1.00 F1: 1.00
2026-05-06 07:12:07 | DEBUG   | dpfl.core.base_simulator | Update norms — honest: ['0.01', '0.01', '0.01', '0.01', '0.01'], attacker: ['224194028676055040.00', '224277179242905600.00', '108778001050632192.00', '72236187368030208.00', '390213275083603968.00']
2026-05-06 07:12:07 | DEBUG   | dpfl.algorithms.trust_aware.simulator | Round 129 Phase 1+2: 0.09s
2026-05-06 07:12:17 | INFO    | dpfl.core.base_simulator | Round 130/150 | Acc: 0.8094 | Loss: 0.6197 | eps_max: 6.14 eps_avg: 6.14 | P: 0.79 R: 1.00 F1: 1.00
2026-05-06 07:12:17 | DEBUG   | dpfl.core.base_simulator | Update norms — honest: ['0.01', '0.01', '0.01', '0.01', '0.01'], attacker: ['392218681213452288.00', '399406463602130944.00', '193149489664491520.00', '130534269557669888.00', '703799042206859264.00']
2026-05-06 07:12:17 | DEBUG   | dpfl.algorithms.trust_aware.simulator | Round 130 Phase 1+2: 0.09s
2026-05-06 07:12:26 | INFO    | dpfl.core.base_simulator | Round 131/150 | Acc: 0.8095 | Loss: 0.6189 | eps_max: 6.20 eps_avg: 6.20 | P: 0.83 R: 1.00 F1: 1.00
2026-05-06 07:12:26 | DEBUG   | dpfl.core.base_simulator | Update norms — honest: ['0.01', '0.01', '0.01', '0.01', '0.01'], attacker: ['695868058677280768.00', '713584008499298304.00', '346457488301752320.00', '231208826961920000.00', '1249389218854076416.00']
2026-05-06 07:12:27 | DEBUG   | dpfl.algorithms.trust_aware.simulator | Round 131 Phase 1+2: 0.08s
2026-05-06 07:12:36 | INFO    | dpfl.core.base_simulator | Round 132/150 | Acc: 0.8096 | Loss: 0.6183 | eps_max: 6.27 eps_avg: 6.27 | P: 0.96 R: 1.00 F1: 0.97
2026-05-06 07:12:36 | DEBUG   | dpfl.core.base_simulator | Update norms — honest: ['0.01', '0.01', '0.01', '0.01', '0.01'], attacker: ['1210805294251114496.00', '1288455829061632000.00', '612533048751161344.00', '407249280043057152.00', '2266860236767756288.00']
2026-05-06 07:12:36 | DEBUG   | dpfl.algorithms.trust_aware.simulator | Round 132 Phase 1+2: 0.09s
2026-05-06 07:12:46 | INFO    | dpfl.core.base_simulator | Round 133/150 | Acc: 0.8097 | Loss: 0.6176 | eps_max: 6.33 eps_avg: 6.33 | P: 0.85 R: 1.00 F1: 1.00
2026-05-06 07:12:46 | DEBUG   | dpfl.core.base_simulator | Update norms — honest: ['0.01', '0.01', '0.01', '0.01', '0.01'], attacker: ['2165443070928093184.00', '2290265128471363584.00', '1091136578987753472.00', '725962172965847040.00', '4096827329215463424.00']
2026-05-06 07:12:46 | DEBUG   | dpfl.algorithms.trust_aware.simulator | Round 133 Phase 1+2: 0.09s
2026-05-06 07:12:56 | INFO    | dpfl.core.base_simulator | Round 134/150 | Acc: 0.8098 | Loss: 0.6168 | eps_max: 6.39 eps_avg: 6.39 | P: 0.71 R: 1.00 F1: 1.00
2026-05-06 07:12:56 | DEBUG   | dpfl.core.base_simulator | Update norms — honest: ['0.01', '0.01', '0.01', '0.01', '0.01'], attacker: ['3786624312694276096.00', '4085946837024899072.00', '1958881532269559808.00', '1304984787361988608.00', '7321815604883619840.00']
2026-05-06 07:12:56 | DEBUG   | dpfl.algorithms.trust_aware.simulator | Round 134 Phase 1+2: 0.08s
2026-05-06 07:13:06 | INFO    | dpfl.core.base_simulator | Round 135/150 | Acc: 0.8099 | Loss: 0.6162 | eps_max: 6.46 eps_avg: 6.46 | P: 0.90 R: 1.00 F1: 1.00
2026-05-06 07:13:06 | DEBUG   | dpfl.core.base_simulator | Update norms — honest: ['0.01', '0.01', '0.01', '0.01', '0.01'], attacker: ['6700906545271537664.00', '7254269856810270720.00', '3475936686423146496.00', '2304848088629510144.00', 'nan']
2026-05-06 07:13:06 | DEBUG   | dpfl.algorithms.trust_aware.simulator | Round 135 Phase 1+2: 0.09s
2026-05-06 07:13:16 | INFO    | dpfl.core.base_simulator | Round 136/150 | Acc: 0.8100 | Loss: 0.6155 | eps_max: 6.53 eps_avg: 6.53 | P: 0.69 R: 1.00 F1: 1.00
2026-05-06 07:13:16 | DEBUG   | dpfl.core.base_simulator | Update norms — honest: ['0.01', '0.01', '0.01', '0.01', '0.01'], attacker: ['nan', 'nan', '6170797904660267008.00', '4115979722259693568.00', 'nan']
2026-05-06 07:13:16 | DEBUG   | dpfl.algorithms.trust_aware.simulator | Round 136 Phase 1+2: 0.11s
2026-05-06 07:13:26 | INFO    | dpfl.core.base_simulator | Round 137/150 | Acc: 0.8101 | Loss: 0.6149 | eps_max: 6.59 eps_avg: 6.59 | P: 0.82 R: 1.00 F1: 1.00
2026-05-06 07:13:26 | DEBUG   | dpfl.core.base_simulator | Update norms — honest: ['0.01', '0.01', '0.01', '0.01', '0.01'], attacker: ['nan', 'nan', 'nan', '7267869716134232064.00', 'nan']
2026-05-06 07:13:26 | DEBUG   | dpfl.algorithms.trust_aware.simulator | Round 137 Phase 1+2: 0.09s
2026-05-06 07:13:36 | INFO    | dpfl.core.base_simulator | Round 138/150 | Acc: 0.8101 | Loss: 0.6143 | eps_max: 6.66 eps_avg: 6.66 | P: 0.80 R: 1.00 F1: 1.00
2026-05-06 07:13:36 | DEBUG   | dpfl.core.base_simulator | Update norms — honest: ['0.01', '0.01', '0.01', '0.01', '0.01'], attacker: ['nan', 'nan', 'nan', 'nan', 'nan']
2026-05-06 07:13:36 | DEBUG   | dpfl.algorithms.trust_aware.simulator | Round 138 Phase 1+2: 0.09s
2026-05-06 07:13:46 | INFO    | dpfl.core.base_simulator | Round 139/150 | Acc: 0.8102 | Loss: 0.6137 | eps_max: 6.73 eps_avg: 6.73 | P: 0.73 R: 1.00 F1: 0.99
2026-05-06 07:13:46 | DEBUG   | dpfl.core.base_simulator | Update norms — honest: ['0.01', '0.01', '0.01', '0.01', '0.01'], attacker: ['nan', 'nan', 'nan', 'nan', 'nan']
2026-05-06 07:13:46 | DEBUG   | dpfl.algorithms.trust_aware.simulator | Round 139 Phase 1+2: 0.09s
2026-05-06 07:13:56 | INFO    | dpfl.core.base_simulator | Round 140/150 | Acc: 0.8102 | Loss: 0.6131 | eps_max: 6.81 eps_avg: 6.81 | P: 0.89 R: 1.00 F1: 0.99
2026-05-06 07:13:56 | DEBUG   | dpfl.core.base_simulator | Update norms — honest: ['0.01', '0.01', '0.01', '0.01', '0.01'], attacker: ['nan', 'nan', 'nan', 'nan', 'nan']
2026-05-06 07:13:56 | DEBUG   | dpfl.algorithms.trust_aware.simulator | Round 140 Phase 1+2: 0.09s
2026-05-06 07:14:06 | INFO    | dpfl.core.base_simulator | Round 141/150 | Acc: 0.8103 | Loss: 0.6126 | eps_max: 6.88 eps_avg: 6.88 | P: 1.00 R: 1.00 F1: 1.00
2026-05-06 07:14:06 | DEBUG   | dpfl.core.base_simulator | Update norms — honest: ['0.01', '0.01', '0.01', '0.01', '0.01'], attacker: ['nan', 'nan', 'nan', 'nan', 'nan']
2026-05-06 07:14:06 | DEBUG   | dpfl.algorithms.trust_aware.simulator | Round 141 Phase 1+2: 0.09s
2026-05-06 07:14:16 | INFO    | dpfl.core.base_simulator | Round 142/150 | Acc: 0.8104 | Loss: 0.6120 | eps_max: 6.96 eps_avg: 6.96 | P: 0.85 R: 1.00 F1: 1.00
2026-05-06 07:14:16 | DEBUG   | dpfl.core.base_simulator | Update norms — honest: ['0.01', '0.01', '0.01', '0.01', '0.01'], attacker: ['nan', 'nan', 'nan', 'nan', 'nan']
2026-05-06 07:14:16 | DEBUG   | dpfl.algorithms.trust_aware.simulator | Round 142 Phase 1+2: 0.08s
2026-05-06 07:14:27 | INFO    | dpfl.core.base_simulator | Round 143/150 | Acc: 0.8104 | Loss: 0.6115 | eps_max: 7.03 eps_avg: 7.03 | P: 0.98 R: 1.00 F1: 0.99
2026-05-06 07:14:27 | DEBUG   | dpfl.core.base_simulator | Update norms — honest: ['0.01', '0.01', '0.01', '0.01', '0.01'], attacker: ['nan', 'nan', 'nan', 'nan', 'nan']
2026-05-06 07:14:27 | DEBUG   | dpfl.algorithms.trust_aware.simulator | Round 143 Phase 1+2: 0.09s
2026-05-06 07:14:37 | INFO    | dpfl.core.base_simulator | Round 144/150 | Acc: 0.8105 | Loss: 0.6110 | eps_max: 7.11 eps_avg: 7.11 | P: 0.99 R: 1.00 F1: 0.99
2026-05-06 07:14:37 | DEBUG   | dpfl.core.base_simulator | Update norms — honest: ['0.01', '0.01', '0.01', '0.01', '0.01'], attacker: ['nan', 'nan', 'nan', 'nan', 'nan']
2026-05-06 07:14:37 | DEBUG   | dpfl.algorithms.trust_aware.simulator | Round 144 Phase 1+2: 0.09s
2026-05-06 07:14:49 | INFO    | dpfl.core.base_simulator | Round 145/150 | Acc: 0.8106 | Loss: 0.6104 | eps_max: 7.19 eps_avg: 7.19 | P: 1.00 R: 1.00 F1: 1.00
2026-05-06 07:14:49 | DEBUG   | dpfl.core.base_simulator | Update norms — honest: ['0.01', '0.01', '0.01', '0.01', '0.01'], attacker: ['nan', 'nan', 'nan', 'nan', 'nan']
2026-05-06 07:14:49 | DEBUG   | dpfl.algorithms.trust_aware.simulator | Round 145 Phase 1+2: 0.09s
2026-05-06 07:14:59 | INFO    | dpfl.core.base_simulator | Round 146/150 | Acc: 0.8106 | Loss: 0.6099 | eps_max: 7.27 eps_avg: 7.27 | P: 0.85 R: 1.00 F1: 1.00
2026-05-06 07:14:59 | DEBUG   | dpfl.core.base_simulator | Update norms — honest: ['0.01', '0.01', '0.01', '0.01', '0.01'], attacker: ['nan', 'nan', 'nan', 'nan', 'nan']
2026-05-06 07:14:59 | DEBUG   | dpfl.algorithms.trust_aware.simulator | Round 146 Phase 1+2: 0.08s
2026-05-06 07:15:09 | INFO    | dpfl.core.base_simulator | Round 147/150 | Acc: 0.8107 | Loss: 0.6094 | eps_max: 7.35 eps_avg: 7.35 | P: 0.90 R: 1.00 F1: 1.00
2026-05-06 07:15:09 | DEBUG   | dpfl.core.base_simulator | Update norms — honest: ['0.01', '0.01', '0.01', '0.01', '0.01'], attacker: ['nan', 'nan', 'nan', 'nan', 'nan']
2026-05-06 07:15:10 | DEBUG   | dpfl.algorithms.trust_aware.simulator | Round 147 Phase 1+2: 0.09s
2026-05-06 07:15:20 | INFO    | dpfl.core.base_simulator | Round 148/150 | Acc: 0.8108 | Loss: 0.6090 | eps_max: 7.44 eps_avg: 7.44 | P: 0.74 R: 1.00 F1: 1.00
2026-05-06 07:15:20 | DEBUG   | dpfl.core.base_simulator | Update norms — honest: ['0.01', '0.01', '0.01', '0.01', '0.01'], attacker: ['nan', 'nan', 'nan', 'nan', 'nan']
2026-05-06 07:15:20 | DEBUG   | dpfl.algorithms.trust_aware.simulator | Round 148 Phase 1+2: 0.09s
2026-05-06 07:15:30 | INFO    | dpfl.core.base_simulator | Round 149/150 | Acc: 0.8108 | Loss: 0.6085 | eps_max: 7.52 eps_avg: 7.52 | P: 0.86 R: 1.00 F1: 1.00
2026-05-06 07:15:30 | DEBUG   | dpfl.core.base_simulator | Update norms — honest: ['0.01', '0.01', '0.01', '0.01', '0.01'], attacker: ['nan', 'nan', 'nan', 'nan', 'nan']
2026-05-06 07:15:31 | DEBUG   | dpfl.algorithms.trust_aware.simulator | Round 149 Phase 1+2: 0.09s
2026-05-06 07:15:41 | INFO    | dpfl.core.base_simulator | Round 150/150 | Acc: 0.8108 | Loss: 0.6080 | eps_max: 7.61 eps_avg: 7.61 | P: 0.92 R: 1.00 F1: 1.00
2026-05-06 07:15:41 | DEBUG   | dpfl.core.base_simulator | Update norms — honest: ['0.01', '0.01', '0.01', '0.01', '0.01'], attacker: ['nan', 'nan', 'nan', 'nan', 'nan']
2026-05-06 07:15:43 | INFO    | dpfl | Experiment complete in 1300.8s
============================================================
REPORT: DP-SGD Decentralized Federated Learning
============================================================
Timestamp:                  20260506_065400
Rounds completed:           150
Attack-active rounds:       100  (from round 50)
Final accuracy:             0.8108
Final test loss:            0.6080
Final epsilon (max honest): 7.61
Final epsilon (avg honest): 7.61
Best alpha:                 1000.0
Avg precision:              0.8965
Avg recall:                 0.9654
Avg F1 score:               0.9709
Avg update norm (honest):   0.0184
Avg update norm (attacker): nan

eps_system (max honest): 7.6098
eps_avg (honest):        7.6098
eps_std (honest):        0.0000
n_frozen:                0/400
============================================================
