2026-05-05 21:30:25 | INFO    | dpfl | Experiment start: algorithm=trust_d2b, dataset=mnist, model=mlp, device=cuda
2026-05-05 21:30:25 | INFO    | dpfl | Config: nodes=500, attackers=300, rounds=150, noise_mode=none, attack=scale
2026-05-05 21:30:25 | INFO    | dpfl.data.mnist_dataset | Loading MNIST dataset...
2026-05-05 21:30:25 | INFO    | dpfl.data.mnist_dataset | MNIST loaded: 60000 train, 10000 test samples
2026-05-05 21:31:07 | INFO    | dpfl.core.base_simulator | Vectorized state ready: param_spec.D=50890, X_test=(10000, 1, 28, 28), train clients N=500, max_n_samples=1000
2026-05-05 21:31:07 | INFO    | dpfl.core.base_simulator | Setup complete: 500 nodes (300 attackers), param_dim=50890, split=iid
2026-05-05 21:31:07 | DEBUG   | dpfl.core.base_simulator | Attacker IDs: {0, 1, 2, 3, 4, 5, 6, 7, 8, 9, 10, 11, 12, 13, 14, 15, 16, 17, 18, 19, 20, 21, 22, 23, 24, 25, 26, 27, 28, 29, 30, 31, 32, 33, 34, 35, 36, 37, 38, 39, 40, 41, 42, 43, 44, 45, 46, 47, 48, 49, 50, 51, 52, 53, 54, 55, 56, 57, 58, 59, 60, 61, 62, 63, 64, 65, 66, 67, 68, 69, 70, 71, 72, 73, 74, 75, 76, 77, 78, 79, 80, 81, 82, 83, 84, 85, 86, 87, 88, 89, 90, 91, 92, 93, 94, 95, 96, 97, 98, 99, 100, 101, 102, 103, 104, 105, 106, 107, 108, 109, 110, 111, 112, 113, 114, 115, 116, 117, 118, 119, 120, 121, 122, 123, 124, 125, 126, 127, 128, 129, 130, 131, 132, 133, 134, 135, 136, 137, 138, 139, 140, 141, 142, 143, 144, 145, 146, 147, 148, 149, 150, 151, 152, 153, 154, 155, 156, 157, 158, 159, 160, 161, 162, 163, 164, 165, 166, 167, 168, 169, 170, 171, 172, 173, 174, 175, 176, 177, 178, 179, 180, 181, 182, 183, 184, 185, 186, 187, 188, 189, 190, 191, 192, 193, 194, 195, 196, 197, 198, 199, 200, 201, 202, 203, 204, 205, 206, 207, 208, 209, 210, 211, 212, 213, 214, 215, 216, 217, 218, 219, 220, 221, 222, 223, 224, 225, 226, 227, 228, 229, 230, 231, 232, 233, 234, 235, 236, 237, 238, 239, 240, 241, 242, 243, 244, 245, 246, 247, 248, 249, 250, 251, 252, 253, 254, 255, 256, 257, 258, 259, 260, 261, 262, 263, 264, 265, 266, 267, 268, 269, 270, 271, 272, 273, 274, 275, 276, 277, 278, 279, 280, 281, 282, 283, 284, 285, 286, 287, 288, 289, 290, 291, 292, 293, 294, 295, 296, 297, 298, 299}
2026-05-05 21:31:07 | INFO    | dpfl.algorithms.trust_aware.simulator | Trust-Aware D2B-DP: rounds=150, n_workers=5, layers=4, ρ∈[0.300,5.000]
2026-05-05 21:31:09 | DEBUG   | dpfl.algorithms.trust_aware.simulator | Round 0 Phase 1+2: 1.35s
2026-05-05 21:31:17 | INFO    | dpfl.core.base_simulator | Round   1/150 | Acc: 0.3772 | Loss: 2.0970 | eps_max: 0.26 eps_avg: 0.26 | P: nan R: nan F1: nan
2026-05-05 21:31:17 | DEBUG   | dpfl.core.base_simulator | Update norms — honest: ['0.18', '0.18'], attacker: ['0.18', '0.18', '0.17', '0.18', '0.18']
2026-05-05 21:31:18 | DEBUG   | dpfl.algorithms.trust_aware.simulator | Round 1 Phase 1+2: 1.09s
2026-05-05 21:31:41 | INFO    | dpfl.core.base_simulator | Round   2/150 | Acc: 0.5467 | Loss: 1.9002 | eps_max: 0.30 eps_avg: 0.30 | P: nan R: nan F1: nan
2026-05-05 21:31:41 | DEBUG   | dpfl.core.base_simulator | Update norms — honest: ['0.18', '0.18', '0.17', '0.18', '0.18'], attacker: ['0.18', '0.18', '0.18', '0.18', '0.18']
2026-05-05 21:31:41 | DEBUG   | dpfl.algorithms.trust_aware.simulator | Round 2 Phase 1+2: 0.20s
2026-05-05 21:32:00 | INFO    | dpfl.core.base_simulator | Round   3/150 | Acc: 0.6460 | Loss: 1.6953 | eps_max: 0.34 eps_avg: 0.34 | P: nan R: nan F1: nan
2026-05-05 21:32:00 | DEBUG   | dpfl.core.base_simulator | Update norms — honest: ['0.18', '0.18', '0.18', '0.18', '0.18'], attacker: ['0.19', '0.18', '0.18', '0.19', '0.19']
2026-05-05 21:32:01 | DEBUG   | dpfl.algorithms.trust_aware.simulator | Round 3 Phase 1+2: 0.20s
2026-05-05 21:32:08 | INFO    | dpfl.core.base_simulator | Round   4/150 | Acc: 0.7036 | Loss: 1.5039 | eps_max: 0.39 eps_avg: 0.39 | P: nan R: nan F1: nan
2026-05-05 21:32:08 | DEBUG   | dpfl.core.base_simulator | Update norms — honest: ['0.18', '0.18', '0.18', '0.17', '0.18'], attacker: ['0.19', '0.19', '0.18', '0.19', '0.19']
2026-05-05 21:32:09 | DEBUG   | dpfl.algorithms.trust_aware.simulator | Round 4 Phase 1+2: 1.12s
2026-05-05 21:32:22 | INFO    | dpfl.core.base_simulator | Round   5/150 | Acc: 0.7452 | Loss: 1.3255 | eps_max: 0.44 eps_avg: 0.44 | P: nan R: nan F1: nan
2026-05-05 21:32:22 | DEBUG   | dpfl.core.base_simulator | Update norms — honest: ['0.17', '0.17', '0.16', '0.17', '0.16'], attacker: ['0.18', '0.18', '0.18', '0.18', '0.19']
2026-05-05 21:32:22 | DEBUG   | dpfl.algorithms.trust_aware.simulator | Round 5 Phase 1+2: 0.20s
2026-05-05 21:32:46 | INFO    | dpfl.core.base_simulator | Round   6/150 | Acc: 0.7745 | Loss: 1.1697 | eps_max: 0.53 eps_avg: 0.53 | P: nan R: nan F1: nan
2026-05-05 21:32:46 | DEBUG   | dpfl.core.base_simulator | Update norms — honest: ['0.15', '0.16', '0.16', '0.16', '0.17'], attacker: ['0.18', '0.18', '0.17', '0.18', '0.18']
2026-05-05 21:32:47 | DEBUG   | dpfl.algorithms.trust_aware.simulator | Round 6 Phase 1+2: 0.20s
2026-05-05 21:33:02 | INFO    | dpfl.core.base_simulator | Round   7/150 | Acc: 0.7956 | Loss: 1.0410 | eps_max: 0.56 eps_avg: 0.56 | P: nan R: nan F1: nan
2026-05-05 21:33:02 | DEBUG   | dpfl.core.base_simulator | Update norms — honest: ['0.15', '0.14', '0.15', '0.14', '0.14'], attacker: ['0.17', '0.17', '0.17', '0.17', '0.17']
2026-05-05 21:33:02 | DEBUG   | dpfl.algorithms.trust_aware.simulator | Round 7 Phase 1+2: 0.20s
2026-05-05 21:33:10 | INFO    | dpfl.core.base_simulator | Round   8/150 | Acc: 0.8103 | Loss: 0.9393 | eps_max: 0.59 eps_avg: 0.59 | P: nan R: nan F1: nan
2026-05-05 21:33:10 | DEBUG   | dpfl.core.base_simulator | Update norms — honest: ['0.13', '0.14', '0.13', '0.13', '0.13'], attacker: ['0.16', '0.16', '0.16', '0.16', '0.16']
2026-05-05 21:33:11 | DEBUG   | dpfl.algorithms.trust_aware.simulator | Round 8 Phase 1+2: 1.14s
2026-05-05 21:33:29 | INFO    | dpfl.core.base_simulator | Round   9/150 | Acc: 0.8210 | Loss: 0.8587 | eps_max: 0.62 eps_avg: 0.62 | P: nan R: nan F1: nan
2026-05-05 21:33:29 | DEBUG   | dpfl.core.base_simulator | Update norms — honest: ['0.11', '0.11', '0.13', '0.13', '0.11'], attacker: ['0.15', '0.14', '0.14', '0.14', '0.15']
2026-05-05 21:33:29 | DEBUG   | dpfl.algorithms.trust_aware.simulator | Round 9 Phase 1+2: 0.20s
2026-05-05 21:33:54 | INFO    | dpfl.core.base_simulator | Round  10/150 | Acc: 0.8293 | Loss: 0.7927 | eps_max: 0.65 eps_avg: 0.65 | P: nan R: nan F1: nan
2026-05-05 21:33:54 | DEBUG   | dpfl.core.base_simulator | Update norms — honest: ['0.11', '0.10', '0.11', '0.10', '0.11'], attacker: ['0.13', '0.13', '0.13', '0.13', '0.13']
2026-05-05 21:33:54 | DEBUG   | dpfl.algorithms.trust_aware.simulator | Round 10 Phase 1+2: 0.20s
2026-05-05 21:34:05 | INFO    | dpfl.core.base_simulator | Round  11/150 | Acc: 0.8358 | Loss: 0.7399 | eps_max: 0.69 eps_avg: 0.69 | P: nan R: nan F1: nan
2026-05-05 21:34:05 | DEBUG   | dpfl.core.base_simulator | Update norms — honest: ['0.09', '0.09', '0.10', '0.09', '0.09'], attacker: ['0.12', '0.12', '0.12', '0.12', '0.12']
2026-05-05 21:34:05 | DEBUG   | dpfl.algorithms.trust_aware.simulator | Round 11 Phase 1+2: 0.87s
2026-05-05 21:34:13 | INFO    | dpfl.core.base_simulator | Round  12/150 | Acc: 0.8413 | Loss: 0.6964 | eps_max: 0.72 eps_avg: 0.72 | P: nan R: nan F1: nan
2026-05-05 21:34:13 | DEBUG   | dpfl.core.base_simulator | Update norms — honest: ['0.09', '0.09', '0.09', '0.08', '0.09'], attacker: ['0.11', '0.11', '0.11', '0.11', '0.11']
2026-05-05 21:34:13 | DEBUG   | dpfl.algorithms.trust_aware.simulator | Round 12 Phase 1+2: 0.20s
2026-05-05 21:34:50 | INFO    | dpfl.core.base_simulator | Round  13/150 | Acc: 0.8459 | Loss: 0.6603 | eps_max: 0.76 eps_avg: 0.76 | P: nan R: nan F1: nan
2026-05-05 21:34:50 | DEBUG   | dpfl.core.base_simulator | Update norms — honest: ['0.08', '0.08', '0.09', '0.09', '0.08'], attacker: ['0.10', '0.10', '0.10', '0.10', '0.10']
2026-05-05 21:34:51 | DEBUG   | dpfl.algorithms.trust_aware.simulator | Round 13 Phase 1+2: 0.21s
2026-05-05 21:35:14 | INFO    | dpfl.core.base_simulator | Round  14/150 | Acc: 0.8494 | Loss: 0.6304 | eps_max: 0.80 eps_avg: 0.80 | P: nan R: nan F1: nan
2026-05-05 21:35:14 | DEBUG   | dpfl.core.base_simulator | Update norms — honest: ['0.08', '0.07', '0.07', '0.07', '0.07'], attacker: ['0.09', '0.09', '0.09', '0.09', '0.09']
2026-05-05 21:35:15 | DEBUG   | dpfl.algorithms.trust_aware.simulator | Round 14 Phase 1+2: 1.13s
2026-05-05 21:35:39 | INFO    | dpfl.core.base_simulator | Round  15/150 | Acc: 0.8531 | Loss: 0.6046 | eps_max: 0.84 eps_avg: 0.84 | P: nan R: nan F1: nan
2026-05-05 21:35:39 | DEBUG   | dpfl.core.base_simulator | Update norms — honest: ['0.07', '0.07', '0.08', '0.07', '0.07'], attacker: ['0.08', '0.08', '0.08', '0.08', '0.08']
2026-05-05 21:35:40 | DEBUG   | dpfl.algorithms.trust_aware.simulator | Round 15 Phase 1+2: 0.65s
2026-05-05 21:36:03 | INFO    | dpfl.core.base_simulator | Round  16/150 | Acc: 0.8558 | Loss: 0.5830 | eps_max: 0.88 eps_avg: 0.88 | P: 0.00 R: nan F1: nan
2026-05-05 21:36:03 | DEBUG   | dpfl.core.base_simulator | Update norms — honest: ['0.07', '0.07', '0.07', '0.07', '0.06'], attacker: ['0.07', '0.08', '0.08', '0.07', '0.07']
2026-05-05 21:36:03 | DEBUG   | dpfl.algorithms.trust_aware.simulator | Round 16 Phase 1+2: 0.20s
2026-05-05 21:36:28 | INFO    | dpfl.core.base_simulator | Round  17/150 | Acc: 0.8584 | Loss: 0.5640 | eps_max: 0.91 eps_avg: 0.91 | P: nan R: nan F1: nan
2026-05-05 21:36:28 | DEBUG   | dpfl.core.base_simulator | Update norms — honest: ['0.06', '0.06', '0.06', '0.06', '0.06'], attacker: ['0.07', '0.07', '0.07', '0.07', '0.07']
2026-05-05 21:36:28 | DEBUG   | dpfl.algorithms.trust_aware.simulator | Round 17 Phase 1+2: 0.20s
2026-05-05 21:36:54 | INFO    | dpfl.core.base_simulator | Round  18/150 | Acc: 0.8604 | Loss: 0.5477 | eps_max: 0.95 eps_avg: 0.95 | P: nan R: nan F1: nan
2026-05-05 21:36:54 | DEBUG   | dpfl.core.base_simulator | Update norms — honest: ['0.06', '0.06', '0.06', '0.06', '0.06'], attacker: ['0.06', '0.07', '0.07', '0.06', '0.06']
2026-05-05 21:36:54 | DEBUG   | dpfl.algorithms.trust_aware.simulator | Round 18 Phase 1+2: 0.20s
2026-05-05 21:37:21 | INFO    | dpfl.core.base_simulator | Round  19/150 | Acc: 0.8626 | Loss: 0.5335 | eps_max: 0.98 eps_avg: 0.98 | P: nan R: nan F1: nan
2026-05-05 21:37:21 | DEBUG   | dpfl.core.base_simulator | Update norms — honest: ['0.06', '0.06', '0.05', '0.05', '0.05'], attacker: ['0.06', '0.06', '0.06', '0.06', '0.06']
2026-05-05 21:37:22 | DEBUG   | dpfl.algorithms.trust_aware.simulator | Round 19 Phase 1+2: 0.20s
2026-05-05 21:37:51 | INFO    | dpfl.core.base_simulator | Round  20/150 | Acc: 0.8643 | Loss: 0.5207 | eps_max: 1.02 eps_avg: 1.02 | P: 0.00 R: nan F1: nan
2026-05-05 21:37:51 | DEBUG   | dpfl.core.base_simulator | Update norms — honest: ['0.05', '0.05', '0.06', '0.05', '0.05'], attacker: ['0.06', '0.06', '0.06', '0.06', '0.06']
2026-05-05 21:37:51 | DEBUG   | dpfl.algorithms.trust_aware.simulator | Round 20 Phase 1+2: 0.20s
2026-05-05 21:38:23 | INFO    | dpfl.core.base_simulator | Round  21/150 | Acc: 0.8659 | Loss: 0.5094 | eps_max: 1.06 eps_avg: 1.06 | P: nan R: nan F1: nan
2026-05-05 21:38:23 | DEBUG   | dpfl.core.base_simulator | Update norms — honest: ['0.05', '0.05', '0.05', '0.05', '0.05'], attacker: ['0.06', '0.06', '0.06', '0.05', '0.05']
2026-05-05 21:38:23 | DEBUG   | dpfl.algorithms.trust_aware.simulator | Round 21 Phase 1+2: 0.20s
2026-05-05 21:38:57 | INFO    | dpfl.core.base_simulator | Round  22/150 | Acc: 0.8673 | Loss: 0.4992 | eps_max: 1.10 eps_avg: 1.10 | P: nan R: nan F1: nan
2026-05-05 21:38:57 | DEBUG   | dpfl.core.base_simulator | Update norms — honest: ['0.05', '0.05', '0.05', '0.05', '0.05'], attacker: ['0.05', '0.05', '0.05', '0.05', '0.05']
2026-05-05 21:38:58 | DEBUG   | dpfl.algorithms.trust_aware.simulator | Round 22 Phase 1+2: 0.84s
2026-05-05 21:39:33 | INFO    | dpfl.core.base_simulator | Round  23/150 | Acc: 0.8686 | Loss: 0.4899 | eps_max: 1.15 eps_avg: 1.15 | P: 0.00 R: nan F1: nan
2026-05-05 21:39:33 | DEBUG   | dpfl.core.base_simulator | Update norms — honest: ['0.05', '0.05', '0.05', '0.05', '0.05'], attacker: ['0.05', '0.05', '0.05', '0.05', '0.05']
2026-05-05 21:39:34 | DEBUG   | dpfl.algorithms.trust_aware.simulator | Round 23 Phase 1+2: 1.11s
2026-05-05 21:40:09 | INFO    | dpfl.core.base_simulator | Round  24/150 | Acc: 0.8698 | Loss: 0.4816 | eps_max: 1.19 eps_avg: 1.19 | P: 0.00 R: nan F1: nan
2026-05-05 21:40:09 | DEBUG   | dpfl.core.base_simulator | Update norms — honest: ['0.04', '0.04', '0.05', '0.05', '0.05'], attacker: ['0.05', '0.05', '0.05', '0.05', '0.05']
2026-05-05 21:40:10 | DEBUG   | dpfl.algorithms.trust_aware.simulator | Round 24 Phase 1+2: 1.13s
2026-05-05 21:40:43 | INFO    | dpfl.core.base_simulator | Round  25/150 | Acc: 0.8708 | Loss: 0.4742 | eps_max: 1.22 eps_avg: 1.22 | P: nan R: nan F1: nan
2026-05-05 21:40:43 | DEBUG   | dpfl.core.base_simulator | Update norms — honest: ['0.04', '0.04', '0.04', '0.04', '0.04'], attacker: ['0.05', '0.05', '0.05', '0.05', '0.05']
2026-05-05 21:40:44 | DEBUG   | dpfl.algorithms.trust_aware.simulator | Round 25 Phase 1+2: 1.13s
2026-05-05 21:41:15 | INFO    | dpfl.core.base_simulator | Round  26/150 | Acc: 0.8719 | Loss: 0.4675 | eps_max: 1.26 eps_avg: 1.26 | P: nan R: nan F1: nan
2026-05-05 21:41:15 | DEBUG   | dpfl.core.base_simulator | Update norms — honest: ['0.04', '0.04', '0.04', '0.04', '0.04'], attacker: ['0.05', '0.05', '0.05', '0.05', '0.04']
2026-05-05 21:41:16 | DEBUG   | dpfl.algorithms.trust_aware.simulator | Round 26 Phase 1+2: 1.13s
2026-05-05 21:41:45 | INFO    | dpfl.core.base_simulator | Round  27/150 | Acc: 0.8728 | Loss: 0.4610 | eps_max: 1.29 eps_avg: 1.29 | P: nan R: nan F1: nan
2026-05-05 21:41:45 | DEBUG   | dpfl.core.base_simulator | Update norms — honest: ['0.04', '0.04', '0.04', '0.04', '0.04'], attacker: ['0.05', '0.05', '0.05', '0.04', '0.04']
2026-05-05 21:41:46 | DEBUG   | dpfl.algorithms.trust_aware.simulator | Round 27 Phase 1+2: 1.13s
2026-05-05 21:42:11 | INFO    | dpfl.core.base_simulator | Round  28/150 | Acc: 0.8736 | Loss: 0.4554 | eps_max: 1.32 eps_avg: 1.32 | P: nan R: nan F1: nan
2026-05-05 21:42:11 | DEBUG   | dpfl.core.base_simulator | Update norms — honest: ['0.04', '0.04', '0.04', '0.04', '0.04'], attacker: ['0.04', '0.04', '0.05', '0.04', '0.04']
2026-05-05 21:42:12 | DEBUG   | dpfl.algorithms.trust_aware.simulator | Round 28 Phase 1+2: 1.14s
2026-05-05 21:42:36 | INFO    | dpfl.core.base_simulator | Round  29/150 | Acc: 0.8744 | Loss: 0.4502 | eps_max: 1.36 eps_avg: 1.36 | P: 0.00 R: nan F1: nan
2026-05-05 21:42:36 | DEBUG   | dpfl.core.base_simulator | Update norms — honest: ['0.04', '0.04', '0.04', '0.04', '0.04'], attacker: ['0.04', '0.04', '0.04', '0.04', '0.04']
2026-05-05 21:42:37 | DEBUG   | dpfl.algorithms.trust_aware.simulator | Round 29 Phase 1+2: 1.13s
2026-05-05 21:43:00 | INFO    | dpfl.core.base_simulator | Round  30/150 | Acc: 0.8751 | Loss: 0.4452 | eps_max: 1.39 eps_avg: 1.39 | P: nan R: nan F1: nan
2026-05-05 21:43:00 | DEBUG   | dpfl.core.base_simulator | Update norms — honest: ['0.04', '0.04', '0.04', '0.04', '0.04'], attacker: ['0.04', '0.04', '0.04', '0.04', '0.04']
2026-05-05 21:43:01 | DEBUG   | dpfl.algorithms.trust_aware.simulator | Round 30 Phase 1+2: 1.14s
2026-05-05 21:43:24 | INFO    | dpfl.core.base_simulator | Round  31/150 | Acc: 0.8758 | Loss: 0.4408 | eps_max: 1.43 eps_avg: 1.43 | P: nan R: nan F1: nan
2026-05-05 21:43:24 | DEBUG   | dpfl.core.base_simulator | Update norms — honest: ['0.04', '0.04', '0.04', '0.03', '0.04'], attacker: ['0.04', '0.04', '0.04', '0.04', '0.04']
2026-05-05 21:43:25 | DEBUG   | dpfl.algorithms.trust_aware.simulator | Round 31 Phase 1+2: 1.12s
2026-05-05 21:43:48 | INFO    | dpfl.core.base_simulator | Round  32/150 | Acc: 0.8764 | Loss: 0.4367 | eps_max: 1.47 eps_avg: 1.47 | P: 0.00 R: nan F1: nan
2026-05-05 21:43:48 | DEBUG   | dpfl.core.base_simulator | Update norms — honest: ['0.04', '0.04', '0.04', '0.03', '0.04'], attacker: ['0.04', '0.04', '0.04', '0.04', '0.04']
2026-05-05 21:43:49 | DEBUG   | dpfl.algorithms.trust_aware.simulator | Round 32 Phase 1+2: 1.13s
2026-05-05 21:44:11 | INFO    | dpfl.core.base_simulator | Round  33/150 | Acc: 0.8771 | Loss: 0.4329 | eps_max: 1.51 eps_avg: 1.51 | P: 0.00 R: nan F1: nan
2026-05-05 21:44:11 | DEBUG   | dpfl.core.base_simulator | Update norms — honest: ['0.04', '0.04', '0.03', '0.03', '0.04'], attacker: ['0.04', '0.04', '0.04', '0.04', '0.04']
2026-05-05 21:44:11 | DEBUG   | dpfl.algorithms.trust_aware.simulator | Round 33 Phase 1+2: 0.21s
2026-05-05 21:44:37 | INFO    | dpfl.core.base_simulator | Round  34/150 | Acc: 0.8776 | Loss: 0.4295 | eps_max: 1.56 eps_avg: 1.56 | P: nan R: nan F1: nan
2026-05-05 21:44:37 | DEBUG   | dpfl.core.base_simulator | Update norms — honest: ['0.04', '0.04', '0.03', '0.03', '0.04'], attacker: ['0.04', '0.04', '0.04', '0.04', '0.04']
2026-05-05 21:44:37 | DEBUG   | dpfl.algorithms.trust_aware.simulator | Round 34 Phase 1+2: 0.21s
2026-05-05 21:45:08 | INFO    | dpfl.core.base_simulator | Round  35/150 | Acc: 0.8781 | Loss: 0.4262 | eps_max: 1.60 eps_avg: 1.60 | P: nan R: nan F1: nan
2026-05-05 21:45:08 | DEBUG   | dpfl.core.base_simulator | Update norms — honest: ['0.03', '0.03', '0.03', '0.03', '0.04'], attacker: ['0.04', '0.04', '0.04', '0.04', '0.04']
2026-05-05 21:45:08 | DEBUG   | dpfl.algorithms.trust_aware.simulator | Round 35 Phase 1+2: 0.20s
2026-05-05 21:45:43 | INFO    | dpfl.core.base_simulator | Round  36/150 | Acc: 0.8786 | Loss: 0.4231 | eps_max: 1.63 eps_avg: 1.63 | P: nan R: nan F1: nan
2026-05-05 21:45:43 | DEBUG   | dpfl.core.base_simulator | Update norms — honest: ['0.03', '0.03', '0.03', '0.03', '0.04'], attacker: ['0.04', '0.04', '0.04', '0.04', '0.04']
2026-05-05 21:45:44 | DEBUG   | dpfl.algorithms.trust_aware.simulator | Round 36 Phase 1+2: 1.12s
2026-05-05 21:46:18 | INFO    | dpfl.core.base_simulator | Round  37/150 | Acc: 0.8790 | Loss: 0.4203 | eps_max: 1.67 eps_avg: 1.67 | P: nan R: nan F1: nan
2026-05-05 21:46:18 | DEBUG   | dpfl.core.base_simulator | Update norms — honest: ['0.03', '0.03', '0.03', '0.03', '0.03'], attacker: ['0.04', '0.04', '0.04', '0.04', '0.03']
2026-05-05 21:46:19 | DEBUG   | dpfl.algorithms.trust_aware.simulator | Round 37 Phase 1+2: 1.13s
2026-05-05 21:46:49 | INFO    | dpfl.core.base_simulator | Round  38/150 | Acc: 0.8794 | Loss: 0.4177 | eps_max: 1.70 eps_avg: 1.70 | P: 0.00 R: nan F1: nan
2026-05-05 21:46:49 | DEBUG   | dpfl.core.base_simulator | Update norms — honest: ['0.03', '0.03', '0.03', '0.03', '0.03'], attacker: ['0.03', '0.04', '0.04', '0.04', '0.03']
2026-05-05 21:46:50 | DEBUG   | dpfl.algorithms.trust_aware.simulator | Round 38 Phase 1+2: 1.15s
2026-05-05 21:47:16 | INFO    | dpfl.core.base_simulator | Round  39/150 | Acc: 0.8798 | Loss: 0.4152 | eps_max: 1.74 eps_avg: 1.74 | P: 0.00 R: nan F1: nan
2026-05-05 21:47:16 | DEBUG   | dpfl.core.base_simulator | Update norms — honest: ['0.03', '0.03', '0.03', '0.03', '0.03'], attacker: ['0.03', '0.04', '0.04', '0.04', '0.04']
2026-05-05 21:47:17 | DEBUG   | dpfl.algorithms.trust_aware.simulator | Round 39 Phase 1+2: 1.13s
2026-05-05 21:47:38 | INFO    | dpfl.core.base_simulator | Round  40/150 | Acc: 0.8801 | Loss: 0.4129 | eps_max: 1.78 eps_avg: 1.78 | P: 0.00 R: nan F1: nan
2026-05-05 21:47:38 | DEBUG   | dpfl.core.base_simulator | Update norms — honest: ['0.03', '0.03', '0.03', '0.03', '0.03'], attacker: ['0.03', '0.04', '0.04', '0.03', '0.04']
2026-05-05 21:47:39 | DEBUG   | dpfl.algorithms.trust_aware.simulator | Round 40 Phase 1+2: 1.13s
2026-05-05 21:48:00 | INFO    | dpfl.core.base_simulator | Round  41/150 | Acc: 0.8805 | Loss: 0.4106 | eps_max: 1.82 eps_avg: 1.82 | P: nan R: nan F1: nan
2026-05-05 21:48:00 | DEBUG   | dpfl.core.base_simulator | Update norms — honest: ['0.03', '0.03', '0.03', '0.03', '0.03'], attacker: ['0.03', '0.03', '0.04', '0.03', '0.03']
2026-05-05 21:48:01 | DEBUG   | dpfl.algorithms.trust_aware.simulator | Round 41 Phase 1+2: 1.14s
2026-05-05 21:48:21 | INFO    | dpfl.core.base_simulator | Round  42/150 | Acc: 0.8809 | Loss: 0.4085 | eps_max: 1.86 eps_avg: 1.86 | P: 0.00 R: nan F1: nan
2026-05-05 21:48:21 | DEBUG   | dpfl.core.base_simulator | Update norms — honest: ['0.03', '0.03', '0.03', '0.03', '0.03'], attacker: ['0.03', '0.04', '0.04', '0.03', '0.03']
2026-05-05 21:48:21 | DEBUG   | dpfl.algorithms.trust_aware.simulator | Round 42 Phase 1+2: 0.22s
2026-05-05 21:48:44 | INFO    | dpfl.core.base_simulator | Round  43/150 | Acc: 0.8812 | Loss: 0.4066 | eps_max: 1.90 eps_avg: 1.90 | P: nan R: nan F1: nan
2026-05-05 21:48:44 | DEBUG   | dpfl.core.base_simulator | Update norms — honest: ['0.03', '0.03', '0.03', '0.03', '0.03'], attacker: ['0.03', '0.03', '0.03', '0.03', '0.03']
2026-05-05 21:48:45 | DEBUG   | dpfl.algorithms.trust_aware.simulator | Round 43 Phase 1+2: 0.20s
2026-05-05 21:49:13 | INFO    | dpfl.core.base_simulator | Round  44/150 | Acc: 0.8815 | Loss: 0.4048 | eps_max: 1.95 eps_avg: 1.95 | P: 0.00 R: nan F1: nan
2026-05-05 21:49:13 | DEBUG   | dpfl.core.base_simulator | Update norms — honest: ['0.03', '0.03', '0.03', '0.03', '0.03'], attacker: ['0.03', '0.03', '0.03', '0.03', '0.03']
2026-05-05 21:49:13 | DEBUG   | dpfl.algorithms.trust_aware.simulator | Round 44 Phase 1+2: 0.21s
2026-05-05 21:49:47 | INFO    | dpfl.core.base_simulator | Round  45/150 | Acc: 0.8818 | Loss: 0.4032 | eps_max: 2.00 eps_avg: 2.00 | P: 0.00 R: nan F1: nan
2026-05-05 21:49:47 | DEBUG   | dpfl.core.base_simulator | Update norms — honest: ['0.03', '0.03', '0.03', '0.03', '0.03'], attacker: ['0.03', '0.03', '0.03', '0.03', '0.03']
2026-05-05 21:49:48 | DEBUG   | dpfl.algorithms.trust_aware.simulator | Round 45 Phase 1+2: 1.13s
2026-05-05 21:50:24 | INFO    | dpfl.core.base_simulator | Round  46/150 | Acc: 0.8820 | Loss: 0.4017 | eps_max: 2.04 eps_avg: 2.04 | P: 0.00 R: nan F1: nan
2026-05-05 21:50:24 | DEBUG   | dpfl.core.base_simulator | Update norms — honest: ['0.03', '0.03', '0.03', '0.03', '0.03'], attacker: ['0.03', '0.03', '0.03', '0.03', '0.03']
2026-05-05 21:50:25 | DEBUG   | dpfl.algorithms.trust_aware.simulator | Round 46 Phase 1+2: 1.13s
2026-05-05 21:50:57 | INFO    | dpfl.core.base_simulator | Round  47/150 | Acc: 0.8823 | Loss: 0.4000 | eps_max: 2.08 eps_avg: 2.08 | P: nan R: nan F1: nan
2026-05-05 21:50:57 | DEBUG   | dpfl.core.base_simulator | Update norms — honest: ['0.03', '0.03', '0.03', '0.03', '0.03'], attacker: ['0.03', '0.03', '0.03', '0.03', '0.03']
2026-05-05 21:50:58 | DEBUG   | dpfl.algorithms.trust_aware.simulator | Round 47 Phase 1+2: 1.13s
2026-05-05 21:51:25 | INFO    | dpfl.core.base_simulator | Round  48/150 | Acc: 0.8825 | Loss: 0.3988 | eps_max: 2.11 eps_avg: 2.11 | P: 0.00 R: nan F1: nan
2026-05-05 21:51:25 | DEBUG   | dpfl.core.base_simulator | Update norms — honest: ['0.03', '0.03', '0.03', '0.03', '0.03'], attacker: ['0.03', '0.03', '0.03', '0.03', '0.03']
2026-05-05 21:51:26 | DEBUG   | dpfl.algorithms.trust_aware.simulator | Round 48 Phase 1+2: 1.12s
2026-05-05 21:51:48 | INFO    | dpfl.core.base_simulator | Round  49/150 | Acc: 0.8828 | Loss: 0.3975 | eps_max: 2.15 eps_avg: 2.15 | P: 0.00 R: nan F1: nan
2026-05-05 21:51:48 | DEBUG   | dpfl.core.base_simulator | Update norms — honest: ['0.03', '0.03', '0.03', '0.03', '0.03'], attacker: ['0.03', '0.03', '0.03', '0.03', '0.03']
2026-05-05 21:51:50 | DEBUG   | dpfl.algorithms.trust_aware.simulator | Round 49 Phase 1+2: 1.11s
2026-05-05 21:52:07 | INFO    | dpfl.core.base_simulator | Round  50/150 | Acc: 0.8830 | Loss: 0.3961 | eps_max: 2.19 eps_avg: 2.19 | P: nan R: nan F1: nan
2026-05-05 21:52:07 | DEBUG   | dpfl.core.base_simulator | Update norms — honest: ['0.03', '0.03', '0.03', '0.03', '0.03'], attacker: ['0.03', '0.03', '0.03', '0.03', '0.03']
2026-05-05 21:52:08 | DEBUG   | dpfl.algorithms.trust_aware.simulator | Round 50 Phase 1+2: 0.52s
2026-05-05 21:52:19 | INFO    | dpfl.core.base_simulator | Round  51/150 | Acc: 0.8831 | Loss: 0.3949 | eps_max: 2.22 eps_avg: 2.22 | P: 0.99 R: 1.00 F1: 1.00
2026-05-05 21:52:19 | DEBUG   | dpfl.core.base_simulator | Update norms — honest: ['0.02', '0.03', '0.02', '0.03', '0.03'], attacker: ['0.15', '0.17', '0.15', '0.15', '0.15']
2026-05-05 21:52:20 | DEBUG   | dpfl.algorithms.trust_aware.simulator | Round 51 Phase 1+2: 0.52s
2026-05-05 21:52:43 | INFO    | dpfl.core.base_simulator | Round  52/150 | Acc: 0.8833 | Loss: 0.3939 | eps_max: 2.26 eps_avg: 2.26 | P: 1.00 R: 1.00 F1: 1.00
2026-05-05 21:52:43 | DEBUG   | dpfl.core.base_simulator | Update norms — honest: ['0.03', '0.03', '0.03', '0.03', '0.03'], attacker: ['0.16', '0.20', '0.18', '0.18', '0.16']
2026-05-05 21:52:43 | DEBUG   | dpfl.algorithms.trust_aware.simulator | Round 52 Phase 1+2: 0.20s
2026-05-05 21:53:17 | INFO    | dpfl.core.base_simulator | Round  53/150 | Acc: 0.8834 | Loss: 0.3929 | eps_max: 2.30 eps_avg: 2.30 | P: 1.00 R: 0.96 F1: 0.98
2026-05-05 21:53:17 | DEBUG   | dpfl.core.base_simulator | Update norms — honest: ['0.03', '0.02', '0.03', '0.03', '0.03'], attacker: ['0.23', '0.38', '0.26', '0.30', '0.21']
2026-05-05 21:53:17 | DEBUG   | dpfl.algorithms.trust_aware.simulator | Round 53 Phase 1+2: 0.14s
2026-05-05 21:53:39 | INFO    | dpfl.core.base_simulator | Round  54/150 | Acc: 0.8834 | Loss: 0.3925 | eps_max: 2.34 eps_avg: 2.34 | P: 1.00 R: 0.71 F1: 0.82
2026-05-05 21:53:39 | DEBUG   | dpfl.core.base_simulator | Update norms — honest: ['0.03', '0.03', '0.02', '0.02', '0.03'], attacker: ['0.49', '0.93', '0.59', '0.71', '0.42']
2026-05-05 21:53:39 | DEBUG   | dpfl.algorithms.trust_aware.simulator | Round 54 Phase 1+2: 0.52s
2026-05-05 21:53:50 | INFO    | dpfl.core.base_simulator | Round  55/150 | Acc: 0.8831 | Loss: 0.3924 | eps_max: 2.39 eps_avg: 2.39 | P: 0.99 R: 0.56 F1: 0.71
2026-05-05 21:53:50 | DEBUG   | dpfl.core.base_simulator | Update norms — honest: ['0.02', '0.02', '0.02', '0.02', '0.02'], attacker: ['1.15', '2.39', '1.54', '1.73', '1.02']
2026-05-05 21:53:51 | DEBUG   | dpfl.algorithms.trust_aware.simulator | Round 55 Phase 1+2: 0.52s
2026-05-05 21:54:13 | INFO    | dpfl.core.base_simulator | Round  56/150 | Acc: 0.8827 | Loss: 0.3932 | eps_max: 2.43 eps_avg: 2.43 | P: 0.99 R: 0.50 F1: 0.64
2026-05-05 21:54:13 | DEBUG   | dpfl.core.base_simulator | Update norms — honest: ['0.02', '0.03', '0.02', '0.02', '0.02'], attacker: ['2.37', '5.30', '3.88', '3.14', '2.52']
2026-05-05 21:54:13 | DEBUG   | dpfl.algorithms.trust_aware.simulator | Round 56 Phase 1+2: 0.47s
2026-05-05 21:54:47 | INFO    | dpfl.core.base_simulator | Round  57/150 | Acc: 0.8818 | Loss: 0.3959 | eps_max: 2.48 eps_avg: 2.48 | P: 1.00 R: 0.33 F1: 0.49
2026-05-05 21:54:47 | DEBUG   | dpfl.core.base_simulator | Update norms — honest: ['0.02', '0.02', '0.02', '0.03', '0.03'], attacker: ['4.88', '12.47', '8.80', '6.12', '5.37']
2026-05-05 21:54:47 | DEBUG   | dpfl.algorithms.trust_aware.simulator | Round 57 Phase 1+2: 0.14s
2026-05-05 21:55:10 | INFO    | dpfl.core.base_simulator | Round  58/150 | Acc: 0.8786 | Loss: 0.4080 | eps_max: 2.52 eps_avg: 2.52 | P: 1.00 R: 0.47 F1: 0.57
2026-05-05 21:55:10 | DEBUG   | dpfl.core.base_simulator | Update norms — honest: ['0.03', '0.02', '0.03', '0.02', '0.03'], attacker: ['11.30', '30.72', '20.92', '13.01', '12.72']
2026-05-05 21:55:10 | DEBUG   | dpfl.algorithms.trust_aware.simulator | Round 58 Phase 1+2: 0.54s
2026-05-05 21:55:20 | INFO    | dpfl.core.base_simulator | Round  59/150 | Acc: 0.8812 | Loss: 0.3968 | eps_max: 2.57 eps_avg: 2.57 | P: 1.00 R: 0.88 F1: 0.93
2026-05-05 21:55:20 | DEBUG   | dpfl.core.base_simulator | Update norms — honest: ['0.03', '0.03', '0.02', '0.02', '0.02'], attacker: ['27.73', '74.66', '51.68', '28.47', '31.51']
2026-05-05 21:55:21 | DEBUG   | dpfl.algorithms.trust_aware.simulator | Round 59 Phase 1+2: 0.63s
2026-05-05 21:55:42 | INFO    | dpfl.core.base_simulator | Round  60/150 | Acc: 0.8822 | Loss: 0.3942 | eps_max: 2.62 eps_avg: 2.62 | P: 1.00 R: 1.00 F1: 1.00
2026-05-05 21:55:42 | DEBUG   | dpfl.core.base_simulator | Update norms — honest: ['0.05', '0.03', '0.05', '0.03', '0.02'], attacker: ['68.93', '184.01', '130.05', '64.16', '78.27']
2026-05-05 21:55:42 | DEBUG   | dpfl.algorithms.trust_aware.simulator | Round 60 Phase 1+2: 0.51s
2026-05-05 21:56:17 | INFO    | dpfl.core.base_simulator | Round  61/150 | Acc: 0.8815 | Loss: 0.4010 | eps_max: 2.67 eps_avg: 2.67 | P: 1.00 R: 1.00 F1: 1.00
2026-05-05 21:56:17 | DEBUG   | dpfl.core.base_simulator | Update norms — honest: ['0.23', '0.02', '0.03', '0.02', '0.02'], attacker: ['175.94', '451.38', '337.11', '147.90', '200.07']
2026-05-05 21:56:17 | DEBUG   | dpfl.algorithms.trust_aware.simulator | Round 61 Phase 1+2: 0.14s
2026-05-05 21:56:40 | INFO    | dpfl.core.base_simulator | Round  62/150 | Acc: 0.8841 | Loss: 0.3878 | eps_max: 2.73 eps_avg: 2.73 | P: 1.00 R: 1.00 F1: 1.00
2026-05-05 21:56:40 | DEBUG   | dpfl.core.base_simulator | Update norms — honest: ['0.02', '0.02', '0.02', '0.02', '0.02'], attacker: ['452.14', '1112.33', '878.92', '346.96', '522.26']
2026-05-05 21:56:40 | DEBUG   | dpfl.algorithms.trust_aware.simulator | Round 62 Phase 1+2: 0.49s
2026-05-05 21:56:47 | INFO    | dpfl.core.base_simulator | Round  63/150 | Acc: 0.8839 | Loss: 0.3881 | eps_max: 2.78 eps_avg: 2.78 | P: 0.99 R: 1.00 F1: 0.99
2026-05-05 21:56:47 | DEBUG   | dpfl.core.base_simulator | Update norms — honest: ['0.02', '0.02', '0.02', '0.02', '0.02'], attacker: ['1170.76', '2731.30', '2293.11', '841.55', '1354.24']
2026-05-05 21:56:48 | DEBUG   | dpfl.algorithms.trust_aware.simulator | Round 63 Phase 1+2: 0.53s
2026-05-05 21:57:11 | INFO    | dpfl.core.base_simulator | Round  64/150 | Acc: 0.8846 | Loss: 0.3861 | eps_max: 2.84 eps_avg: 2.84 | P: 0.98 R: 1.00 F1: 0.99
2026-05-05 21:57:11 | DEBUG   | dpfl.core.base_simulator | Update norms — honest: ['0.03', '0.02', '0.03', '0.02', '0.02'], attacker: ['3015.93', '6713.93', '5923.45', '2118.40', '3440.91']
2026-05-05 21:57:12 | DEBUG   | dpfl.algorithms.trust_aware.simulator | Round 64 Phase 1+2: 0.14s
2026-05-05 21:57:45 | INFO    | dpfl.core.base_simulator | Round  65/150 | Acc: 0.8845 | Loss: 0.3859 | eps_max: 2.88 eps_avg: 2.88 | P: 0.98 R: 1.00 F1: 0.99
2026-05-05 21:57:45 | DEBUG   | dpfl.core.base_simulator | Update norms — honest: ['0.02', '0.02', '0.02', '0.02', '0.02'], attacker: ['7844.49', '16536.49', '14603.20', '5224.31', '8647.36']
2026-05-05 21:57:46 | DEBUG   | dpfl.algorithms.trust_aware.simulator | Round 65 Phase 1+2: 0.52s
2026-05-05 21:58:19 | INFO    | dpfl.core.base_simulator | Round  66/150 | Acc: 0.8846 | Loss: 0.3856 | eps_max: 2.91 eps_avg: 2.91 | P: 1.00 R: 1.00 F1: 1.00
2026-05-05 21:58:19 | DEBUG   | dpfl.core.base_simulator | Update norms — honest: ['0.02', '0.02', '0.02', '0.02', '0.02'], attacker: ['19499.41', '40565.13', '36490.21', '12897.99', '21626.18']
2026-05-05 21:58:20 | DEBUG   | dpfl.algorithms.trust_aware.simulator | Round 66 Phase 1+2: 0.52s
2026-05-05 21:58:51 | INFO    | dpfl.core.base_simulator | Round  67/150 | Acc: 0.8847 | Loss: 0.3854 | eps_max: 2.95 eps_avg: 2.95 | P: 1.00 R: 1.00 F1: 1.00
2026-05-05 21:58:51 | DEBUG   | dpfl.core.base_simulator | Update norms — honest: ['0.02', '0.02', '0.02', '0.02', '0.02'], attacker: ['48385.71', '100197.95', '91243.05', '31964.55', '54077.26']
2026-05-05 21:58:51 | DEBUG   | dpfl.algorithms.trust_aware.simulator | Round 67 Phase 1+2: 0.53s
2026-05-05 21:59:21 | INFO    | dpfl.core.base_simulator | Round  68/150 | Acc: 0.8846 | Loss: 0.3854 | eps_max: 2.99 eps_avg: 2.99 | P: 0.97 R: 1.00 F1: 0.99
2026-05-05 21:59:21 | DEBUG   | dpfl.core.base_simulator | Update norms — honest: ['0.02', '0.02', '0.02', '0.02', '0.02'], attacker: ['123680.86', '246480.42', '229155.88', '79019.42', '136327.89']
2026-05-05 21:59:21 | DEBUG   | dpfl.algorithms.trust_aware.simulator | Round 68 Phase 1+2: 0.52s
2026-05-05 21:59:48 | INFO    | dpfl.core.base_simulator | Round  69/150 | Acc: 0.8848 | Loss: 0.3846 | eps_max: 3.02 eps_avg: 3.02 | P: 0.97 R: 1.00 F1: 0.99
2026-05-05 21:59:48 | DEBUG   | dpfl.core.base_simulator | Update norms — honest: ['0.02', '0.02', '0.02', '0.02', '0.02'], attacker: ['302016.38', '606328.38', '571785.06', '196081.91', '340262.28']
2026-05-05 21:59:48 | DEBUG   | dpfl.algorithms.trust_aware.simulator | Round 69 Phase 1+2: 0.51s
2026-05-05 22:00:13 | INFO    | dpfl.core.base_simulator | Round  70/150 | Acc: 0.8850 | Loss: 0.3839 | eps_max: 3.06 eps_avg: 3.06 | P: 1.00 R: 1.00 F1: 1.00
2026-05-05 22:00:13 | DEBUG   | dpfl.core.base_simulator | Update norms — honest: ['0.02', '0.03', '0.02', '0.02', '0.02'], attacker: ['763052.75', '1497414.00', '1440642.38', '486959.47', '832462.19']
2026-05-05 22:00:13 | DEBUG   | dpfl.algorithms.trust_aware.simulator | Round 70 Phase 1+2: 0.51s
2026-05-05 22:00:35 | INFO    | dpfl.core.base_simulator | Round  71/150 | Acc: 0.8852 | Loss: 0.3835 | eps_max: 3.10 eps_avg: 3.10 | P: 0.99 R: 1.00 F1: 0.99
2026-05-05 22:00:35 | DEBUG   | dpfl.core.base_simulator | Update norms — honest: ['0.02', '0.02', '0.02', '0.02', '0.02'], attacker: ['1927397.75', '3687938.50', '3600752.00', '1214448.12', '2129171.25']
2026-05-05 22:00:36 | DEBUG   | dpfl.algorithms.trust_aware.simulator | Round 71 Phase 1+2: 0.50s
2026-05-05 22:00:57 | INFO    | dpfl.core.base_simulator | Round  72/150 | Acc: 0.8851 | Loss: 0.3835 | eps_max: 3.14 eps_avg: 3.14 | P: 0.98 R: 1.00 F1: 0.99
2026-05-05 22:00:57 | DEBUG   | dpfl.core.base_simulator | Update norms — honest: ['0.02', '0.02', '0.02'], attacker: ['4746506.50', '9075068.00', '9035265.00', '3023837.25', '5324583.50']
2026-05-05 22:00:58 | DEBUG   | dpfl.algorithms.trust_aware.simulator | Round 72 Phase 1+2: 0.52s
2026-05-05 22:01:19 | INFO    | dpfl.core.base_simulator | Round  73/150 | Acc: 0.8853 | Loss: 0.3831 | eps_max: 3.18 eps_avg: 3.18 | P: 1.00 R: 1.00 F1: 1.00
2026-05-05 22:01:19 | DEBUG   | dpfl.core.base_simulator | Update norms — honest: ['0.02', '0.02', '0.02', '0.02', '0.02'], attacker: ['11963556.00', '22303196.00', '22639052.00', '7550330.00', '13057939.00']
2026-05-05 22:01:20 | DEBUG   | dpfl.algorithms.trust_aware.simulator | Round 73 Phase 1+2: 0.52s
2026-05-05 22:01:42 | INFO    | dpfl.core.base_simulator | Round  74/150 | Acc: 0.8850 | Loss: 0.3836 | eps_max: 3.23 eps_avg: 3.23 | P: 0.99 R: 1.00 F1: 1.00
2026-05-05 22:01:42 | DEBUG   | dpfl.core.base_simulator | Update norms — honest: ['0.02', '0.02', '0.02', '0.02', '0.02'], attacker: ['29936414.00', '55388348.00', '56926956.00', '18848772.00', '33132506.00']
2026-05-05 22:01:42 | DEBUG   | dpfl.algorithms.trust_aware.simulator | Round 74 Phase 1+2: 0.51s
2026-05-05 22:02:04 | INFO    | dpfl.core.base_simulator | Round  75/150 | Acc: 0.8852 | Loss: 0.3829 | eps_max: 3.27 eps_avg: 3.27 | P: 1.00 R: 1.00 F1: 1.00
2026-05-05 22:02:04 | DEBUG   | dpfl.core.base_simulator | Update norms — honest: ['0.02', '0.02', '0.02', '0.02', '0.02'], attacker: ['74954464.00', '137360960.00', '141770304.00', '47698032.00', '83238592.00']
2026-05-05 22:02:04 | DEBUG   | dpfl.algorithms.trust_aware.simulator | Round 75 Phase 1+2: 0.52s
2026-05-05 22:02:26 | INFO    | dpfl.core.base_simulator | Round  76/150 | Acc: 0.8850 | Loss: 0.3836 | eps_max: 3.31 eps_avg: 3.31 | P: 0.99 R: 1.00 F1: 0.99
2026-05-05 22:02:26 | DEBUG   | dpfl.core.base_simulator | Update norms — honest: ['0.02', '0.02', '0.02', '0.02', '0.02'], attacker: ['186156032.00', '342406400.00', '353825376.00', '120349824.00', '207229680.00']
2026-05-05 22:02:26 | DEBUG   | dpfl.algorithms.trust_aware.simulator | Round 76 Phase 1+2: 0.50s
2026-05-05 22:02:47 | INFO    | dpfl.core.base_simulator | Round  77/150 | Acc: 0.8854 | Loss: 0.3825 | eps_max: 3.36 eps_avg: 3.36 | P: 1.00 R: 1.00 F1: 1.00
2026-05-05 22:02:47 | DEBUG   | dpfl.core.base_simulator | Update norms — honest: ['0.02', '0.02', '0.02', '0.02', '0.02'], attacker: ['467312384.00', '848305152.00', '888014208.00', '306822368.00', '517181024.00']
2026-05-05 22:02:47 | DEBUG   | dpfl.algorithms.trust_aware.simulator | Round 77 Phase 1+2: 0.14s
2026-05-05 22:03:12 | INFO    | dpfl.core.base_simulator | Round  78/150 | Acc: 0.8855 | Loss: 0.3823 | eps_max: 3.40 eps_avg: 3.40 | P: 0.98 R: 1.00 F1: 0.99
2026-05-05 22:03:12 | DEBUG   | dpfl.core.base_simulator | Update norms — honest: ['0.02', '0.02', '0.02', '0.02', '0.02'], attacker: ['1169379712.00', '2135327104.00', '2231879168.00', '783295424.00', '1306731136.00']
2026-05-05 22:03:12 | DEBUG   | dpfl.algorithms.trust_aware.simulator | Round 78 Phase 1+2: 0.14s
2026-05-05 22:03:39 | INFO    | dpfl.core.base_simulator | Round  79/150 | Acc: 0.8855 | Loss: 0.3821 | eps_max: 3.45 eps_avg: 3.45 | P: 1.00 R: 1.00 F1: 1.00
2026-05-05 22:03:39 | DEBUG   | dpfl.core.base_simulator | Update norms — honest: ['0.02', '0.02', '0.02', '0.02', '0.02'], attacker: ['2934502912.00', '5355973632.00', '5566497280.00', '2029593216.00', '3229448192.00']
2026-05-05 22:03:39 | DEBUG   | dpfl.algorithms.trust_aware.simulator | Round 79 Phase 1+2: 0.14s
2026-05-05 22:04:09 | INFO    | dpfl.core.base_simulator | Round  80/150 | Acc: 0.8856 | Loss: 0.3821 | eps_max: 3.50 eps_avg: 3.50 | P: 1.00 R: 1.00 F1: 1.00
2026-05-05 22:04:09 | DEBUG   | dpfl.core.base_simulator | Update norms — honest: ['0.02', '0.02', '0.02', '0.02', '0.02'], attacker: ['7287570944.00', '13471597568.00', '13920819200.00', '5330104832.00', '8202942464.00']
2026-05-05 22:04:09 | DEBUG   | dpfl.algorithms.trust_aware.simulator | Round 80 Phase 1+2: 0.14s
2026-05-05 22:04:43 | INFO    | dpfl.core.base_simulator | Round  81/150 | Acc: 0.8854 | Loss: 0.3824 | eps_max: 3.55 eps_avg: 3.55 | P: 1.00 R: 1.00 F1: 1.00
2026-05-05 22:04:43 | DEBUG   | dpfl.core.base_simulator | Update norms — honest: ['0.02', '0.02', '0.02', '0.02', '0.02'], attacker: ['18300626944.00', '34495852544.00', '34837282816.00', '13763450880.00', '20438863872.00']
2026-05-05 22:04:44 | DEBUG   | dpfl.algorithms.trust_aware.simulator | Round 81 Phase 1+2: 0.50s
2026-05-05 22:05:19 | INFO    | dpfl.core.base_simulator | Round  82/150 | Acc: 0.8855 | Loss: 0.3823 | eps_max: 3.60 eps_avg: 3.60 | P: 1.00 R: 1.00 F1: 1.00
2026-05-05 22:05:19 | DEBUG   | dpfl.core.base_simulator | Update norms — honest: ['0.02', '0.02', '0.02', '0.02', '0.02'], attacker: ['45727358976.00', '89170870272.00', '87066214400.00', '36654419968.00', '51130580992.00']
2026-05-05 22:05:19 | DEBUG   | dpfl.algorithms.trust_aware.simulator | Round 82 Phase 1+2: 0.50s
2026-05-05 22:05:51 | INFO    | dpfl.core.base_simulator | Round  83/150 | Acc: 0.8856 | Loss: 0.3820 | eps_max: 3.65 eps_avg: 3.65 | P: 1.00 R: 1.00 F1: 1.00
2026-05-05 22:05:51 | DEBUG   | dpfl.core.base_simulator | Update norms — honest: ['0.02', '0.02', '0.02'], attacker: ['114978676736.00', '229024759808.00', '218064928768.00', '88104353792.00', '127270109184.00']
2026-05-05 22:05:52 | DEBUG   | dpfl.algorithms.trust_aware.simulator | Round 83 Phase 1+2: 0.52s
2026-05-05 22:06:22 | INFO    | dpfl.core.base_simulator | Round  84/150 | Acc: 0.8857 | Loss: 0.3820 | eps_max: 3.71 eps_avg: 3.71 | P: 0.99 R: 1.00 F1: 0.99
2026-05-05 22:06:22 | DEBUG   | dpfl.core.base_simulator | Update norms — honest: ['0.02', '0.02', '0.02', '0.02', '0.02'], attacker: ['285849419776.00', '606753652736.00', '543836798976.00', '223448121344.00', '321976205312.00']
2026-05-05 22:06:23 | DEBUG   | dpfl.algorithms.trust_aware.simulator | Round 84 Phase 1+2: 0.52s
2026-05-05 22:06:51 | INFO    | dpfl.core.base_simulator | Round  85/150 | Acc: 0.8857 | Loss: 0.3819 | eps_max: 3.76 eps_avg: 3.76 | P: 1.00 R: 1.00 F1: 1.00
2026-05-05 22:06:51 | DEBUG   | dpfl.core.base_simulator | Update norms — honest: ['0.02', '0.02', '0.02', '0.02', '0.02'], attacker: ['718528053248.00', '1602168291328.00', '1371159789568.00', '556429672448.00', '790415278080.00']
2026-05-05 22:06:51 | DEBUG   | dpfl.algorithms.trust_aware.simulator | Round 85 Phase 1+2: 0.52s
2026-05-05 22:07:18 | INFO    | dpfl.core.base_simulator | Round  86/150 | Acc: 0.8857 | Loss: 0.3819 | eps_max: 3.82 eps_avg: 3.82 | P: 1.00 R: 1.00 F1: 1.00
2026-05-05 22:07:18 | DEBUG   | dpfl.core.base_simulator | Update norms — honest: ['0.02', '0.02', '0.02', '0.02', '0.02'], attacker: ['1787525201920.00', '4219344519168.00', '3411233734656.00', '1397385199616.00', '1984240943104.00']
2026-05-05 22:07:18 | DEBUG   | dpfl.algorithms.trust_aware.simulator | Round 86 Phase 1+2: 0.51s
2026-05-05 22:07:46 | INFO    | dpfl.core.base_simulator | Round  87/150 | Acc: 0.8858 | Loss: 0.3820 | eps_max: 3.87 eps_avg: 3.87 | P: 1.00 R: 1.00 F1: 1.00
2026-05-05 22:07:46 | DEBUG   | dpfl.core.base_simulator | Update norms — honest: ['0.02', '0.02', '0.02', '0.02', '0.02'], attacker: ['4486525878272.00', '10997485010944.00', '8580443406336.00', '3489133756416.00', '5020892266496.00']
2026-05-05 22:07:46 | DEBUG   | dpfl.algorithms.trust_aware.simulator | Round 87 Phase 1+2: 0.51s
2026-05-05 22:08:12 | INFO    | dpfl.core.base_simulator | Round  88/150 | Acc: 0.8857 | Loss: 0.3821 | eps_max: 3.92 eps_avg: 3.92 | P: 0.97 R: 1.00 F1: 0.98
2026-05-05 22:08:12 | DEBUG   | dpfl.core.base_simulator | Update norms — honest: ['0.02', '0.02', '0.02', '0.02', '0.02'], attacker: ['11217127079936.00', '27191431659520.00', '21478896566272.00', '8762131218432.00', '12363706138624.00']
2026-05-05 22:08:13 | DEBUG   | dpfl.algorithms.trust_aware.simulator | Round 88 Phase 1+2: 0.51s
2026-05-05 22:08:37 | INFO    | dpfl.core.base_simulator | Round  89/150 | Acc: 0.8858 | Loss: 0.3820 | eps_max: 3.96 eps_avg: 3.96 | P: 0.89 R: 1.00 F1: 0.93
2026-05-05 22:08:37 | DEBUG   | dpfl.core.base_simulator | Update norms — honest: ['0.02', '0.02', '0.02', '0.02', '0.02'], attacker: ['28040140685312.00', '69377391067136.00', '53907522846720.00', '21774980874240.00', '31375361048576.00']
2026-05-05 22:08:37 | DEBUG   | dpfl.algorithms.trust_aware.simulator | Round 89 Phase 1+2: 0.52s
2026-05-05 22:09:00 | INFO    | dpfl.core.base_simulator | Round  90/150 | Acc: 0.8859 | Loss: 0.3820 | eps_max: 4.00 eps_avg: 4.00 | P: 0.98 R: 1.00 F1: 0.99
2026-05-05 22:09:00 | DEBUG   | dpfl.core.base_simulator | Update norms — honest: ['0.02', '0.02', '0.02', '0.02', '0.02'], attacker: ['70186270982144.00', '170728674557952.00', '135003740569600.00', '55128019173376.00', '78575436824576.00']
2026-05-05 22:09:01 | DEBUG   | dpfl.algorithms.trust_aware.simulator | Round 90 Phase 1+2: 0.53s
2026-05-05 22:09:22 | INFO    | dpfl.core.base_simulator | Round  91/150 | Acc: 0.8859 | Loss: 0.3820 | eps_max: 4.05 eps_avg: 4.05 | P: 0.99 R: 1.00 F1: 1.00
2026-05-05 22:09:22 | DEBUG   | dpfl.core.base_simulator | Update norms — honest: ['0.02', '0.02', '0.02', '0.02', '0.02'], attacker: ['175364437442560.00', '435899250769920.00', '337404779036672.00', '131609256787968.00', '193548456558592.00']
2026-05-05 22:09:22 | DEBUG   | dpfl.algorithms.trust_aware.simulator | Round 91 Phase 1+2: 0.51s
2026-05-05 22:09:41 | INFO    | dpfl.core.base_simulator | Round  92/150 | Acc: 0.8858 | Loss: 0.3822 | eps_max: 4.09 eps_avg: 4.09 | P: 1.00 R: 1.00 F1: 1.00
2026-05-05 22:09:41 | DEBUG   | dpfl.core.base_simulator | Update norms — honest: ['0.02', '0.02', '0.02', '0.02', '0.02'], attacker: ['439572689321984.00', '1078288919298048.00', '826536861106176.00', '347085467549696.00', '493499023622144.00']
2026-05-05 22:09:42 | DEBUG   | dpfl.algorithms.trust_aware.simulator | Round 92 Phase 1+2: 0.52s
2026-05-05 22:10:00 | INFO    | dpfl.core.base_simulator | Round  93/150 | Acc: 0.8858 | Loss: 0.3825 | eps_max: 4.14 eps_avg: 4.14 | P: 0.99 R: 1.00 F1: 0.99
2026-05-05 22:10:00 | DEBUG   | dpfl.core.base_simulator | Update norms — honest: ['0.02', '0.02', '0.02', '0.02', '0.02'], attacker: ['1103022360887296.00', '2710010547142656.00', '2111790859157504.00', '819453654728704.00', '1209459166674944.00']
2026-05-05 22:10:00 | DEBUG   | dpfl.algorithms.trust_aware.simulator | Round 93 Phase 1+2: 0.52s
2026-05-05 22:10:18 | INFO    | dpfl.core.base_simulator | Round  94/150 | Acc: 0.8858 | Loss: 0.3824 | eps_max: 4.18 eps_avg: 4.18 | P: 0.98 R: 1.00 F1: 0.99
2026-05-05 22:10:18 | DEBUG   | dpfl.core.base_simulator | Update norms — honest: ['0.02', '0.02', '0.02', '0.02', '0.02'], attacker: ['2762368077529088.00', '6731512443568128.00', '5315293148610560.00', '2173533161521152.00', '3034888584298496.00']
2026-05-05 22:10:19 | DEBUG   | dpfl.algorithms.trust_aware.simulator | Round 94 Phase 1+2: 0.52s
2026-05-05 22:10:37 | INFO    | dpfl.core.base_simulator | Round  95/150 | Acc: 0.8859 | Loss: 0.3824 | eps_max: 4.23 eps_avg: 4.23 | P: 1.00 R: 1.00 F1: 1.00
2026-05-05 22:10:37 | DEBUG   | dpfl.core.base_simulator | Update norms — honest: ['0.02', '0.02', '0.02', '0.02', '0.02'], attacker: ['6830596802215936.00', '16945739779276800.00', '12933441460895744.00', '5372720619454464.00', '7637387081416704.00']
2026-05-05 22:10:37 | DEBUG   | dpfl.algorithms.trust_aware.simulator | Round 95 Phase 1+2: 0.53s
2026-05-05 22:10:54 | INFO    | dpfl.core.base_simulator | Round  96/150 | Acc: 0.8860 | Loss: 0.3825 | eps_max: 4.28 eps_avg: 4.28 | P: 1.00 R: 1.00 F1: 1.00
2026-05-05 22:10:54 | DEBUG   | dpfl.core.base_simulator | Update norms — honest: ['0.03', '0.02', '0.02', '0.02', '0.02'], attacker: ['17259773829316608.00', '42169522215452672.00', '33321831603634176.00', '13487347286933504.00', '19209320688254976.00']
2026-05-05 22:10:54 | DEBUG   | dpfl.algorithms.trust_aware.simulator | Round 96 Phase 1+2: 0.14s
2026-05-05 22:11:13 | INFO    | dpfl.core.base_simulator | Round  97/150 | Acc: 0.8860 | Loss: 0.3826 | eps_max: 4.33 eps_avg: 4.33 | P: 1.00 R: 1.00 F1: 1.00
2026-05-05 22:11:13 | DEBUG   | dpfl.core.base_simulator | Update norms — honest: ['0.02', '0.02', '0.02', '0.02', '0.02'], attacker: ['43004515397402624.00', '105715508979957760.00', '80426071526211584.00', '32183373212418048.00', '48129369159237632.00']
2026-05-05 22:11:13 | DEBUG   | dpfl.algorithms.trust_aware.simulator | Round 97 Phase 1+2: 0.14s
2026-05-05 22:11:34 | INFO    | dpfl.core.base_simulator | Round  98/150 | Acc: 0.8859 | Loss: 0.3827 | eps_max: 4.38 eps_avg: 4.38 | P: 1.00 R: 1.00 F1: 1.00
2026-05-05 22:11:34 | DEBUG   | dpfl.core.base_simulator | Update norms — honest: ['0.02', '0.02', '0.02', '0.02', '0.02'], attacker: ['107968545744224256.00', '261621146787512320.00', '204899180156551168.00', '85377060716937216.00', '119953944041488384.00']
2026-05-05 22:11:34 | DEBUG   | dpfl.algorithms.trust_aware.simulator | Round 98 Phase 1+2: 0.14s
2026-05-05 22:11:58 | INFO    | dpfl.core.base_simulator | Round  99/150 | Acc: 0.8859 | Loss: 0.3828 | eps_max: 4.43 eps_avg: 4.43 | P: 1.00 R: 1.00 F1: 1.00
2026-05-05 22:11:58 | DEBUG   | dpfl.core.base_simulator | Update norms — honest: ['0.02', '0.02', '0.02', '0.02', '0.02'], attacker: ['272630986213163008.00', '663636493784317952.00', '516064303711780864.00', '209691779543334912.00', '299226523221622784.00']
2026-05-05 22:11:58 | DEBUG   | dpfl.algorithms.trust_aware.simulator | Round 99 Phase 1+2: 0.14s
2026-05-05 22:12:24 | INFO    | dpfl.core.base_simulator | Round 100/150 | Acc: 0.8858 | Loss: 0.3834 | eps_max: 4.49 eps_avg: 4.49 | P: 1.00 R: 1.00 F1: 1.00
2026-05-05 22:12:24 | DEBUG   | dpfl.core.base_simulator | Update norms — honest: ['0.02', '0.02', '0.02', '0.02', '0.02'], attacker: ['675964218154942464.00', '1649456007908163584.00', '1297993954993635328.00', '532348002199666688.00', '754202373211029504.00']
2026-05-05 22:12:24 | DEBUG   | dpfl.algorithms.trust_aware.simulator | Round 100 Phase 1+2: 0.14s
2026-05-05 22:12:53 | INFO    | dpfl.core.base_simulator | Round 101/150 | Acc: 0.8860 | Loss: 0.3831 | eps_max: 4.54 eps_avg: 4.54 | P: 0.98 R: 1.00 F1: 0.99
2026-05-05 22:12:53 | DEBUG   | dpfl.core.base_simulator | Update norms — honest: ['0.02', '0.02', '0.02', '0.02', '0.02'], attacker: ['1681973239665917952.00', '4151738864051945472.00', '3238996328683929600.00', '1263899336366882816.00', '1882546425682722816.00']
2026-05-05 22:12:53 | DEBUG   | dpfl.algorithms.trust_aware.simulator | Round 101 Phase 1+2: 0.14s
2026-05-05 22:13:25 | INFO    | dpfl.core.base_simulator | Round 102/150 | Acc: 0.8861 | Loss: 0.3832 | eps_max: 4.60 eps_avg: 4.60 | P: 1.00 R: 1.00 F1: 1.00
2026-05-05 22:13:25 | DEBUG   | dpfl.core.base_simulator | Update norms — honest: ['0.02', '0.01', '0.02', '0.01', '0.02'], attacker: ['4212263130870317056.00', '10347533615813885952.00', '8070584672666517504.00', '3355431036652617728.00', '4726241386146299904.00']
2026-05-05 22:13:26 | DEBUG   | dpfl.algorithms.trust_aware.simulator | Round 102 Phase 1+2: 0.14s
2026-05-05 22:14:00 | INFO    | dpfl.core.base_simulator | Round 103/150 | Acc: 0.8860 | Loss: 0.3834 | eps_max: 4.65 eps_avg: 4.65 | P: 0.99 R: 1.00 F1: 0.99
2026-05-05 22:14:00 | DEBUG   | dpfl.core.base_simulator | Update norms — honest: ['0.02', '0.02', '0.01', '0.02', '0.02'], attacker: ['10568360630648045568.00', 'nan', 'nan', '8245381732715462656.00', '11679656824050548736.00']
2026-05-05 22:14:01 | DEBUG   | dpfl.algorithms.trust_aware.simulator | Round 103 Phase 1+2: 0.46s
2026-05-05 22:14:36 | INFO    | dpfl.core.base_simulator | Round 104/150 | Acc: 0.8859 | Loss: 0.3840 | eps_max: 4.71 eps_avg: 4.71 | P: 0.99 R: 1.00 F1: 0.99
2026-05-05 22:14:36 | DEBUG   | dpfl.core.base_simulator | Update norms — honest: ['0.02', '0.01', '0.02', '0.01', '0.02'], attacker: ['nan', 'nan', 'nan', 'inf', 'nan']
2026-05-05 22:14:37 | DEBUG   | dpfl.algorithms.trust_aware.simulator | Round 104 Phase 1+2: 0.52s
2026-05-05 22:15:12 | INFO    | dpfl.core.base_simulator | Round 105/150 | Acc: 0.8859 | Loss: 0.3841 | eps_max: 4.77 eps_avg: 4.77 | P: 0.99 R: 1.00 F1: 1.00
2026-05-05 22:15:12 | DEBUG   | dpfl.core.base_simulator | Update norms — honest: ['0.02', '0.02', '0.02', '0.02', '0.02'], attacker: ['nan', 'nan', 'nan', 'nan', 'nan']
2026-05-05 22:15:12 | DEBUG   | dpfl.algorithms.trust_aware.simulator | Round 105 Phase 1+2: 0.51s
2026-05-05 22:15:46 | INFO    | dpfl.core.base_simulator | Round 106/150 | Acc: 0.8860 | Loss: 0.3840 | eps_max: 4.83 eps_avg: 4.83 | P: 1.00 R: 1.00 F1: 1.00
2026-05-05 22:15:46 | DEBUG   | dpfl.core.base_simulator | Update norms — honest: ['0.01', '0.02', '0.02', '0.02'], attacker: ['nan', 'nan', 'nan', 'nan', 'nan']
2026-05-05 22:15:47 | DEBUG   | dpfl.algorithms.trust_aware.simulator | Round 106 Phase 1+2: 0.52s
2026-05-05 22:16:20 | INFO    | dpfl.core.base_simulator | Round 107/150 | Acc: 0.8860 | Loss: 0.3842 | eps_max: 4.90 eps_avg: 4.90 | P: 1.00 R: 1.00 F1: 1.00
2026-05-05 22:16:20 | DEBUG   | dpfl.core.base_simulator | Update norms — honest: ['0.02', '0.02', '0.01', '0.02', '0.02'], attacker: ['nan', 'nan', 'nan', 'nan', 'nan']
2026-05-05 22:16:20 | DEBUG   | dpfl.algorithms.trust_aware.simulator | Round 107 Phase 1+2: 0.52s
2026-05-05 22:16:52 | INFO    | dpfl.core.base_simulator | Round 108/150 | Acc: 0.8860 | Loss: 0.3843 | eps_max: 4.96 eps_avg: 4.96 | P: 0.97 R: 1.00 F1: 0.98
2026-05-05 22:16:52 | DEBUG   | dpfl.core.base_simulator | Update norms — honest: ['0.02', '0.02', '0.02', '0.02', '0.02'], attacker: ['nan', 'nan', 'nan', 'nan', 'nan']
2026-05-05 22:16:52 | DEBUG   | dpfl.algorithms.trust_aware.simulator | Round 108 Phase 1+2: 0.51s
2026-05-05 22:17:22 | INFO    | dpfl.core.base_simulator | Round 109/150 | Acc: 0.8860 | Loss: 0.3847 | eps_max: 5.02 eps_avg: 5.02 | P: 1.00 R: 1.00 F1: 1.00
2026-05-05 22:17:22 | DEBUG   | dpfl.core.base_simulator | Update norms — honest: ['0.02', '0.02', '0.02', '0.02', '0.01'], attacker: ['nan', 'nan', 'nan', 'nan', 'nan']
2026-05-05 22:17:23 | DEBUG   | dpfl.algorithms.trust_aware.simulator | Round 109 Phase 1+2: 0.53s
2026-05-05 22:17:52 | INFO    | dpfl.core.base_simulator | Round 110/150 | Acc: 0.8859 | Loss: 0.3851 | eps_max: 5.09 eps_avg: 5.09 | P: 0.99 R: 1.00 F1: 1.00
2026-05-05 22:17:52 | DEBUG   | dpfl.core.base_simulator | Update norms — honest: ['0.01', '0.02', '0.01', '0.01', '0.01'], attacker: ['nan', 'nan', 'nan', 'nan', 'nan']
2026-05-05 22:17:52 | DEBUG   | dpfl.algorithms.trust_aware.simulator | Round 110 Phase 1+2: 0.53s
2026-05-05 22:18:20 | INFO    | dpfl.core.base_simulator | Round 111/150 | Acc: 0.8860 | Loss: 0.3851 | eps_max: 5.16 eps_avg: 5.16 | P: 0.99 R: 1.00 F1: 0.99
2026-05-05 22:18:20 | DEBUG   | dpfl.core.base_simulator | Update norms — honest: ['0.01', '0.01', '0.02', '0.02', '0.01'], attacker: ['nan', 'nan', 'nan', 'nan', 'nan']
2026-05-05 22:18:20 | DEBUG   | dpfl.algorithms.trust_aware.simulator | Round 111 Phase 1+2: 0.52s
2026-05-05 22:18:46 | INFO    | dpfl.core.base_simulator | Round 112/150 | Acc: 0.8860 | Loss: 0.3853 | eps_max: 5.21 eps_avg: 5.21 | P: 0.93 R: 1.00 F1: 0.95
2026-05-05 22:18:46 | DEBUG   | dpfl.core.base_simulator | Update norms — honest: ['0.01', '0.01', '0.02', '0.02', '0.02'], attacker: ['nan', 'nan', 'nan', 'nan', 'nan']
2026-05-05 22:18:47 | DEBUG   | dpfl.algorithms.trust_aware.simulator | Round 112 Phase 1+2: 0.51s
2026-05-05 22:19:12 | INFO    | dpfl.core.base_simulator | Round 113/150 | Acc: 0.8860 | Loss: 0.3855 | eps_max: 5.25 eps_avg: 5.25 | P: 1.00 R: 1.00 F1: 1.00
2026-05-05 22:19:12 | DEBUG   | dpfl.core.base_simulator | Update norms — honest: ['0.01', '0.01', '0.02', '0.02'], attacker: ['nan', 'nan', 'nan', 'nan', 'nan']
2026-05-05 22:19:12 | DEBUG   | dpfl.algorithms.trust_aware.simulator | Round 113 Phase 1+2: 0.52s
2026-05-05 22:19:36 | INFO    | dpfl.core.base_simulator | Round 114/150 | Acc: 0.8861 | Loss: 0.3856 | eps_max: 5.30 eps_avg: 5.30 | P: 0.99 R: 1.00 F1: 0.99
2026-05-05 22:19:36 | DEBUG   | dpfl.core.base_simulator | Update norms — honest: ['0.02', '0.01', '0.02', '0.01', '0.01'], attacker: ['nan', 'nan', 'nan', 'nan', 'nan']
2026-05-05 22:19:36 | DEBUG   | dpfl.algorithms.trust_aware.simulator | Round 114 Phase 1+2: 0.52s
2026-05-05 22:20:00 | INFO    | dpfl.core.base_simulator | Round 115/150 | Acc: 0.8860 | Loss: 0.3860 | eps_max: 5.34 eps_avg: 5.34 | P: 1.00 R: 1.00 F1: 1.00
2026-05-05 22:20:00 | DEBUG   | dpfl.core.base_simulator | Update norms — honest: ['0.01', '0.01', '0.01', '0.01', '0.02'], attacker: ['nan', 'nan', 'nan', 'nan', 'nan']
2026-05-05 22:20:00 | DEBUG   | dpfl.algorithms.trust_aware.simulator | Round 115 Phase 1+2: 0.52s
2026-05-05 22:20:23 | INFO    | dpfl.core.base_simulator | Round 116/150 | Acc: 0.8860 | Loss: 0.3861 | eps_max: 5.39 eps_avg: 5.39 | P: 1.00 R: 1.00 F1: 1.00
2026-05-05 22:20:23 | DEBUG   | dpfl.core.base_simulator | Update norms — honest: ['0.01', '0.02', '0.01', '0.01', '0.01'], attacker: ['nan', 'nan', 'nan', 'nan', 'nan']
2026-05-05 22:20:23 | DEBUG   | dpfl.algorithms.trust_aware.simulator | Round 116 Phase 1+2: 0.53s
2026-05-05 22:20:45 | INFO    | dpfl.core.base_simulator | Round 117/150 | Acc: 0.8860 | Loss: 0.3867 | eps_max: 5.44 eps_avg: 5.44 | P: 0.98 R: 1.00 F1: 0.99
2026-05-05 22:20:45 | DEBUG   | dpfl.core.base_simulator | Update norms — honest: ['0.01', '0.01', '0.02', '0.01', '0.02'], attacker: ['nan', 'nan', 'nan', 'nan', 'nan']
2026-05-05 22:20:45 | DEBUG   | dpfl.algorithms.trust_aware.simulator | Round 117 Phase 1+2: 0.52s
2026-05-05 22:21:05 | INFO    | dpfl.core.base_simulator | Round 118/150 | Acc: 0.8861 | Loss: 0.3866 | eps_max: 5.49 eps_avg: 5.49 | P: 0.98 R: 1.00 F1: 0.99
2026-05-05 22:21:05 | DEBUG   | dpfl.core.base_simulator | Update norms — honest: ['0.01', '0.01', '0.01', '0.01', '0.01'], attacker: ['nan', 'nan', 'nan', 'nan', 'nan']
2026-05-05 22:21:05 | DEBUG   | dpfl.algorithms.trust_aware.simulator | Round 118 Phase 1+2: 0.53s
2026-05-05 22:21:24 | INFO    | dpfl.core.base_simulator | Round 119/150 | Acc: 0.8861 | Loss: 0.3869 | eps_max: 5.54 eps_avg: 5.54 | P: 0.99 R: 1.00 F1: 0.99
2026-05-05 22:21:24 | DEBUG   | dpfl.core.base_simulator | Update norms — honest: ['0.01', '0.02', '0.01', '0.02', '0.01'], attacker: ['nan', 'nan', 'nan', 'nan', 'nan']
2026-05-05 22:21:24 | DEBUG   | dpfl.algorithms.trust_aware.simulator | Round 119 Phase 1+2: 0.53s
2026-05-05 22:21:42 | INFO    | dpfl.core.base_simulator | Round 120/150 | Acc: 0.8860 | Loss: 0.3875 | eps_max: 5.59 eps_avg: 5.59 | P: 0.99 R: 1.00 F1: 1.00
2026-05-05 22:21:42 | DEBUG   | dpfl.core.base_simulator | Update norms — honest: ['0.02', '0.01', '0.01', '0.01', '0.01'], attacker: ['nan', 'nan', 'nan', 'nan', 'nan']
2026-05-05 22:21:42 | DEBUG   | dpfl.algorithms.trust_aware.simulator | Round 120 Phase 1+2: 0.53s
2026-05-05 22:21:59 | INFO    | dpfl.core.base_simulator | Round 121/150 | Acc: 0.8860 | Loss: 0.3874 | eps_max: 5.64 eps_avg: 5.64 | P: 0.98 R: 1.00 F1: 0.99
2026-05-05 22:21:59 | DEBUG   | dpfl.core.base_simulator | Update norms — honest: ['0.01', '0.02', '0.01', '0.02', '0.01'], attacker: ['nan', 'nan', 'nan', 'nan', 'nan']
2026-05-05 22:21:59 | DEBUG   | dpfl.algorithms.trust_aware.simulator | Round 121 Phase 1+2: 0.52s
2026-05-05 22:22:14 | INFO    | dpfl.core.base_simulator | Round 122/150 | Acc: 0.8861 | Loss: 0.3878 | eps_max: 5.69 eps_avg: 5.69 | P: 0.99 R: 1.00 F1: 0.99
2026-05-05 22:22:14 | DEBUG   | dpfl.core.base_simulator | Update norms — honest: ['0.01', '0.01', '0.02', '0.02', '0.01'], attacker: ['nan', 'nan', 'nan', 'nan', 'nan']
2026-05-05 22:22:15 | DEBUG   | dpfl.algorithms.trust_aware.simulator | Round 122 Phase 1+2: 0.52s
2026-05-05 22:22:29 | INFO    | dpfl.core.base_simulator | Round 123/150 | Acc: 0.8861 | Loss: 0.3880 | eps_max: 5.74 eps_avg: 5.74 | P: 0.96 R: 1.00 F1: 0.98
2026-05-05 22:22:29 | DEBUG   | dpfl.core.base_simulator | Update norms — honest: ['0.01', '0.01', '0.01', '0.01', '0.01'], attacker: ['nan', 'nan', 'nan', 'nan', 'nan']
2026-05-05 22:22:30 | DEBUG   | dpfl.algorithms.trust_aware.simulator | Round 123 Phase 1+2: 0.51s
2026-05-05 22:22:43 | INFO    | dpfl.core.base_simulator | Round 124/150 | Acc: 0.8861 | Loss: 0.3883 | eps_max: 5.80 eps_avg: 5.80 | P: 0.94 R: 1.00 F1: 0.97
2026-05-05 22:22:43 | DEBUG   | dpfl.core.base_simulator | Update norms — honest: ['0.01', '0.01', '0.01', '0.04', '0.01'], attacker: ['nan', 'nan', 'nan', 'nan', 'nan']
2026-05-05 22:22:43 | DEBUG   | dpfl.algorithms.trust_aware.simulator | Round 124 Phase 1+2: 0.51s
2026-05-05 22:22:56 | INFO    | dpfl.core.base_simulator | Round 125/150 | Acc: 0.8861 | Loss: 0.3883 | eps_max: 5.85 eps_avg: 5.85 | P: 1.00 R: 1.00 F1: 1.00
2026-05-05 22:22:56 | DEBUG   | dpfl.core.base_simulator | Update norms — honest: ['0.01', '0.01', '0.01', '0.01', '0.01'], attacker: ['nan', 'nan', 'nan', 'nan', 'nan']
2026-05-05 22:22:56 | DEBUG   | dpfl.algorithms.trust_aware.simulator | Round 125 Phase 1+2: 0.52s
2026-05-05 22:23:09 | INFO    | dpfl.core.base_simulator | Round 126/150 | Acc: 0.8861 | Loss: 0.3886 | eps_max: 5.91 eps_avg: 5.91 | P: 1.00 R: 1.00 F1: 1.00
2026-05-05 22:23:09 | DEBUG   | dpfl.core.base_simulator | Update norms — honest: ['0.01', '0.01', '0.01', '0.01', '0.01'], attacker: ['nan', 'nan', 'nan', 'nan', 'nan']
2026-05-05 22:23:09 | DEBUG   | dpfl.algorithms.trust_aware.simulator | Round 126 Phase 1+2: 0.14s
2026-05-05 22:23:23 | INFO    | dpfl.core.base_simulator | Round 127/150 | Acc: 0.8861 | Loss: 0.3889 | eps_max: 5.97 eps_avg: 5.97 | P: 1.00 R: 1.00 F1: 1.00
2026-05-05 22:23:23 | DEBUG   | dpfl.core.base_simulator | Update norms — honest: ['0.01', '0.01', '0.01', '0.01', '0.01'], attacker: ['nan', 'nan', 'nan', 'nan', 'nan']
2026-05-05 22:23:23 | DEBUG   | dpfl.algorithms.trust_aware.simulator | Round 127 Phase 1+2: 0.14s
2026-05-05 22:23:39 | INFO    | dpfl.core.base_simulator | Round 128/150 | Acc: 0.8861 | Loss: 0.3892 | eps_max: 6.02 eps_avg: 6.02 | P: 0.99 R: 1.00 F1: 0.99
2026-05-05 22:23:39 | DEBUG   | dpfl.core.base_simulator | Update norms — honest: ['0.01', '0.01', '0.01', '0.01', '0.01'], attacker: ['nan', 'nan', 'nan', 'nan', 'nan']
2026-05-05 22:23:39 | DEBUG   | dpfl.algorithms.trust_aware.simulator | Round 128 Phase 1+2: 0.14s
2026-05-05 22:23:52 | INFO    | dpfl.core.base_simulator | Round 129/150 | Acc: 0.8861 | Loss: 0.3895 | eps_max: 6.08 eps_avg: 6.08 | P: 1.00 R: 1.00 F1: 1.00
2026-05-05 22:23:52 | DEBUG   | dpfl.core.base_simulator | Update norms — honest: ['0.01', '0.01', '0.01', '0.01', '0.01'], attacker: ['nan', 'nan', 'nan', 'nan', 'nan']
2026-05-05 22:23:52 | DEBUG   | dpfl.algorithms.trust_aware.simulator | Round 129 Phase 1+2: 0.14s
2026-05-05 22:24:07 | INFO    | dpfl.core.base_simulator | Round 130/150 | Acc: 0.8860 | Loss: 0.3898 | eps_max: 6.14 eps_avg: 6.14 | P: 1.00 R: 1.00 F1: 1.00
2026-05-05 22:24:07 | DEBUG   | dpfl.core.base_simulator | Update norms — honest: ['0.01', '0.01', '0.01', '0.01', '0.01'], attacker: ['nan', 'nan', 'nan', 'nan', 'nan']
2026-05-05 22:24:07 | DEBUG   | dpfl.algorithms.trust_aware.simulator | Round 130 Phase 1+2: 0.14s
2026-05-05 22:24:24 | INFO    | dpfl.core.base_simulator | Round 131/150 | Acc: 0.8861 | Loss: 0.3901 | eps_max: 6.20 eps_avg: 6.20 | P: 1.00 R: 1.00 F1: 1.00
2026-05-05 22:24:24 | DEBUG   | dpfl.core.base_simulator | Update norms — honest: ['0.03', '0.01', '0.01', '0.01', '0.01'], attacker: ['nan', 'nan', 'nan', 'nan', 'nan']
2026-05-05 22:24:24 | DEBUG   | dpfl.algorithms.trust_aware.simulator | Round 131 Phase 1+2: 0.14s
2026-05-05 22:24:42 | INFO    | dpfl.core.base_simulator | Round 132/150 | Acc: 0.8861 | Loss: 0.3903 | eps_max: 6.27 eps_avg: 6.27 | P: 1.00 R: 1.00 F1: 1.00
2026-05-05 22:24:42 | DEBUG   | dpfl.core.base_simulator | Update norms — honest: ['0.01', '0.01', '0.01', '0.01', '0.01'], attacker: ['nan', 'nan', 'nan', 'nan', 'nan']
2026-05-05 22:24:42 | DEBUG   | dpfl.algorithms.trust_aware.simulator | Round 132 Phase 1+2: 0.14s
2026-05-05 22:25:02 | INFO    | dpfl.core.base_simulator | Round 133/150 | Acc: 0.8862 | Loss: 0.3905 | eps_max: 6.33 eps_avg: 6.33 | P: 0.97 R: 1.00 F1: 0.98
2026-05-05 22:25:02 | DEBUG   | dpfl.core.base_simulator | Update norms — honest: ['0.01', '0.01', '0.01', '0.01', '0.01'], attacker: ['nan', 'nan', 'nan', 'nan', 'nan']
2026-05-05 22:25:02 | DEBUG   | dpfl.algorithms.trust_aware.simulator | Round 133 Phase 1+2: 0.14s
2026-05-05 22:25:25 | INFO    | dpfl.core.base_simulator | Round 134/150 | Acc: 0.8861 | Loss: 0.3908 | eps_max: 6.39 eps_avg: 6.39 | P: 1.00 R: 1.00 F1: 1.00
2026-05-05 22:25:25 | DEBUG   | dpfl.core.base_simulator | Update norms — honest: ['0.01', '0.01', '0.01', '0.01', '0.01'], attacker: ['nan', 'nan', 'nan', 'nan', 'nan']
2026-05-05 22:25:25 | DEBUG   | dpfl.algorithms.trust_aware.simulator | Round 134 Phase 1+2: 0.14s
2026-05-05 22:25:50 | INFO    | dpfl.core.base_simulator | Round 135/150 | Acc: 0.8861 | Loss: 0.3911 | eps_max: 6.46 eps_avg: 6.46 | P: 1.00 R: 1.00 F1: 1.00
2026-05-05 22:25:50 | DEBUG   | dpfl.core.base_simulator | Update norms — honest: ['0.01', '0.01', '0.01', '0.01', '0.01'], attacker: ['nan', 'nan', 'nan', 'nan', 'nan']
2026-05-05 22:25:50 | DEBUG   | dpfl.algorithms.trust_aware.simulator | Round 135 Phase 1+2: 0.14s
2026-05-05 22:26:18 | INFO    | dpfl.core.base_simulator | Round 136/150 | Acc: 0.8861 | Loss: 0.3913 | eps_max: 6.53 eps_avg: 6.53 | P: 0.99 R: 1.00 F1: 0.99
2026-05-05 22:26:18 | DEBUG   | dpfl.core.base_simulator | Update norms — honest: ['0.01', '0.01', '0.01', '0.01', '0.01'], attacker: ['nan', 'nan', 'nan', 'nan', 'nan']
2026-05-05 22:26:18 | DEBUG   | dpfl.algorithms.trust_aware.simulator | Round 136 Phase 1+2: 0.14s
2026-05-05 22:26:47 | INFO    | dpfl.core.base_simulator | Round 137/150 | Acc: 0.8862 | Loss: 0.3916 | eps_max: 6.59 eps_avg: 6.59 | P: 1.00 R: 1.00 F1: 1.00
2026-05-05 22:26:47 | DEBUG   | dpfl.core.base_simulator | Update norms — honest: ['0.01', '0.01', '0.01', '0.01', '0.01'], attacker: ['nan', 'nan', 'nan', 'nan', 'nan']
2026-05-05 22:26:47 | DEBUG   | dpfl.algorithms.trust_aware.simulator | Round 137 Phase 1+2: 0.25s
2026-05-05 22:27:19 | INFO    | dpfl.core.base_simulator | Round 138/150 | Acc: 0.8861 | Loss: 0.3919 | eps_max: 6.66 eps_avg: 6.66 | P: 0.99 R: 1.00 F1: 1.00
2026-05-05 22:27:19 | DEBUG   | dpfl.core.base_simulator | Update norms — honest: ['0.01', '0.01', '0.01', '0.01', '0.01'], attacker: ['nan', 'nan', 'nan', 'nan', 'nan']
2026-05-05 22:27:19 | DEBUG   | dpfl.algorithms.trust_aware.simulator | Round 138 Phase 1+2: 0.14s
2026-05-05 22:27:55 | INFO    | dpfl.core.base_simulator | Round 139/150 | Acc: 0.8861 | Loss: 0.3921 | eps_max: 6.73 eps_avg: 6.73 | P: 1.00 R: 1.00 F1: 1.00
2026-05-05 22:27:55 | DEBUG   | dpfl.core.base_simulator | Update norms — honest: ['0.01', '0.01', '0.01', '0.01', '0.01'], attacker: ['nan', 'nan', 'nan', 'nan', 'nan']
2026-05-05 22:27:55 | DEBUG   | dpfl.algorithms.trust_aware.simulator | Round 139 Phase 1+2: 0.54s
2026-05-05 22:28:32 | INFO    | dpfl.core.base_simulator | Round 140/150 | Acc: 0.8861 | Loss: 0.3924 | eps_max: 6.81 eps_avg: 6.81 | P: 0.98 R: 1.00 F1: 0.99
2026-05-05 22:28:32 | DEBUG   | dpfl.core.base_simulator | Update norms — honest: ['0.01', '0.01', '0.01', '0.01', '0.01'], attacker: ['nan', 'nan', 'nan', 'nan', 'nan']
2026-05-05 22:28:32 | DEBUG   | dpfl.algorithms.trust_aware.simulator | Round 140 Phase 1+2: 0.52s
2026-05-05 22:29:08 | INFO    | dpfl.core.base_simulator | Round 141/150 | Acc: 0.8860 | Loss: 0.3928 | eps_max: 6.88 eps_avg: 6.88 | P: 1.00 R: 1.00 F1: 1.00
2026-05-05 22:29:08 | DEBUG   | dpfl.core.base_simulator | Update norms — honest: ['0.01', '0.01', '0.01', '0.01', '0.01'], attacker: ['nan', 'nan', 'nan', 'nan', 'nan']
2026-05-05 22:29:09 | DEBUG   | dpfl.algorithms.trust_aware.simulator | Round 141 Phase 1+2: 0.52s
2026-05-05 22:29:44 | INFO    | dpfl.core.base_simulator | Round 142/150 | Acc: 0.8861 | Loss: 0.3930 | eps_max: 6.96 eps_avg: 6.96 | P: 0.97 R: 1.00 F1: 0.98
2026-05-05 22:29:44 | DEBUG   | dpfl.core.base_simulator | Update norms — honest: ['0.01', '0.01', '0.01', '0.01', '0.01'], attacker: ['nan', 'nan', 'nan', 'nan', 'nan']
2026-05-05 22:29:44 | DEBUG   | dpfl.algorithms.trust_aware.simulator | Round 142 Phase 1+2: 0.52s
2026-05-05 22:30:19 | INFO    | dpfl.core.base_simulator | Round 143/150 | Acc: 0.8861 | Loss: 0.3932 | eps_max: 7.03 eps_avg: 7.03 | P: 0.98 R: 1.00 F1: 0.99
2026-05-05 22:30:19 | DEBUG   | dpfl.core.base_simulator | Update norms — honest: ['0.01', '0.01', '0.01', '0.01', '0.01'], attacker: ['nan', 'nan', 'nan', 'nan', 'nan']
2026-05-05 22:30:19 | DEBUG   | dpfl.algorithms.trust_aware.simulator | Round 143 Phase 1+2: 0.52s
2026-05-05 22:30:54 | INFO    | dpfl.core.base_simulator | Round 144/150 | Acc: 0.8861 | Loss: 0.3935 | eps_max: 7.11 eps_avg: 7.11 | P: 1.00 R: 1.00 F1: 1.00
2026-05-05 22:30:54 | DEBUG   | dpfl.core.base_simulator | Update norms — honest: ['0.01', '0.01', '0.01', '0.01', '0.01'], attacker: ['nan', 'nan', 'nan', 'nan', 'nan']
2026-05-05 22:30:54 | DEBUG   | dpfl.algorithms.trust_aware.simulator | Round 144 Phase 1+2: 0.53s
2026-05-05 22:31:28 | INFO    | dpfl.core.base_simulator | Round 145/150 | Acc: 0.8861 | Loss: 0.3938 | eps_max: 7.19 eps_avg: 7.19 | P: 1.00 R: 1.00 F1: 1.00
2026-05-05 22:31:28 | DEBUG   | dpfl.core.base_simulator | Update norms — honest: ['0.01', '0.01', '0.01', '0.01', '0.01'], attacker: ['nan', 'nan', 'nan', 'nan', 'nan']
2026-05-05 22:31:29 | DEBUG   | dpfl.algorithms.trust_aware.simulator | Round 145 Phase 1+2: 0.52s
2026-05-05 22:32:02 | INFO    | dpfl.core.base_simulator | Round 146/150 | Acc: 0.8861 | Loss: 0.3941 | eps_max: 7.27 eps_avg: 7.27 | P: 0.99 R: 1.00 F1: 1.00
2026-05-05 22:32:02 | DEBUG   | dpfl.core.base_simulator | Update norms — honest: ['0.01', '0.01', '0.01', '0.01', '0.01'], attacker: ['nan', 'nan', 'nan', 'nan', 'nan']
2026-05-05 22:32:03 | DEBUG   | dpfl.algorithms.trust_aware.simulator | Round 146 Phase 1+2: 0.52s
2026-05-05 22:32:36 | INFO    | dpfl.core.base_simulator | Round 147/150 | Acc: 0.8861 | Loss: 0.3944 | eps_max: 7.35 eps_avg: 7.35 | P: 1.00 R: 1.00 F1: 1.00
2026-05-05 22:32:36 | DEBUG   | dpfl.core.base_simulator | Update norms — honest: ['0.01', '0.01', '0.01', '0.01', '0.01'], attacker: ['nan', 'nan', 'nan', 'nan', 'nan']
2026-05-05 22:32:37 | DEBUG   | dpfl.algorithms.trust_aware.simulator | Round 147 Phase 1+2: 0.53s
2026-05-05 22:33:09 | INFO    | dpfl.core.base_simulator | Round 148/150 | Acc: 0.8859 | Loss: 0.3952 | eps_max: 7.44 eps_avg: 7.44 | P: 0.98 R: 1.00 F1: 0.99
2026-05-05 22:33:09 | DEBUG   | dpfl.core.base_simulator | Update norms — honest: ['0.01', '0.01', '0.01', '0.01', '0.01'], attacker: ['nan', 'nan', 'nan', 'nan', 'nan']
2026-05-05 22:33:10 | DEBUG   | dpfl.algorithms.trust_aware.simulator | Round 148 Phase 1+2: 0.52s
2026-05-05 22:33:43 | INFO    | dpfl.core.base_simulator | Round 149/150 | Acc: 0.8861 | Loss: 0.3951 | eps_max: 7.52 eps_avg: 7.52 | P: 1.00 R: 1.00 F1: 1.00
2026-05-05 22:33:43 | DEBUG   | dpfl.core.base_simulator | Update norms — honest: ['0.01', '0.01', '0.01', '0.01', '0.01'], attacker: ['nan', 'nan', 'nan', 'nan', 'nan']
2026-05-05 22:33:43 | DEBUG   | dpfl.algorithms.trust_aware.simulator | Round 149 Phase 1+2: 0.52s
2026-05-05 22:34:15 | INFO    | dpfl.core.base_simulator | Round 150/150 | Acc: 0.8861 | Loss: 0.3953 | eps_max: 7.61 eps_avg: 7.61 | P: 1.00 R: 1.00 F1: 1.00
2026-05-05 22:34:15 | DEBUG   | dpfl.core.base_simulator | Update norms — honest: ['0.01', '0.01', '0.01', '0.01', '0.01'], attacker: ['nan', 'nan', 'nan', 'nan', 'nan']
2026-05-05 22:34:17 | INFO    | dpfl | Experiment complete in 3830.4s
============================================================
REPORT: DP-SGD Decentralized Federated Learning
============================================================
Timestamp:                  20260505_213025
Rounds completed:           150
Attack-active rounds:       100  (from round 50)
Final accuracy:             0.8861
Final test loss:            0.3953
Final epsilon (max honest): 7.61
Final epsilon (avg honest): 7.61
Best alpha:                 1000.0
Avg precision:              0.9901
Avg recall:                 0.9741
Avg F1 score:               0.9760
Avg update norm (honest):   0.0337
Avg update norm (attacker): nan

eps_system (max honest): 7.6098
eps_avg (honest):        7.6098
eps_std (honest):        0.0000
n_frozen:                0/200
============================================================
