2026-05-06 17:24:13 | INFO    | dpfl | Experiment start: algorithm=noise_game, dataset=fashion_mnist, model=mlp, device=cuda
2026-05-06 17:24:13 | INFO    | dpfl | Config: nodes=500, attackers=300, rounds=150, noise_mode=none, attack=scale
2026-05-06 17:24:13 | INFO    | dpfl.data.fashion_mnist_dataset | Loading Fashion-MNIST dataset...
2026-05-06 17:24:14 | INFO    | dpfl.data.fashion_mnist_dataset | Fashion-MNIST loaded: 60000 train, 10000 test samples
2026-05-06 17:25:16 | INFO    | dpfl.core.base_simulator | Vectorized state ready: param_spec.D=50890, X_test=(10000, 1, 28, 28), train clients N=500, max_n_samples=1000
2026-05-06 17:25:16 | INFO    | dpfl.core.base_simulator | Setup complete: 500 nodes (300 attackers), param_dim=50890, split=iid
2026-05-06 17:25:16 | DEBUG   | dpfl.core.base_simulator | Attacker IDs: {0, 1, 2, 3, 4, 5, 6, 7, 8, 9, 10, 11, 12, 13, 14, 15, 16, 17, 18, 19, 20, 21, 22, 23, 24, 25, 26, 27, 28, 29, 30, 31, 32, 33, 34, 35, 36, 37, 38, 39, 40, 41, 42, 43, 44, 45, 46, 47, 48, 49, 50, 51, 52, 53, 54, 55, 56, 57, 58, 59, 60, 61, 62, 63, 64, 65, 66, 67, 68, 69, 70, 71, 72, 73, 74, 75, 76, 77, 78, 79, 80, 81, 82, 83, 84, 85, 86, 87, 88, 89, 90, 91, 92, 93, 94, 95, 96, 97, 98, 99, 100, 101, 102, 103, 104, 105, 106, 107, 108, 109, 110, 111, 112, 113, 114, 115, 116, 117, 118, 119, 120, 121, 122, 123, 124, 125, 126, 127, 128, 129, 130, 131, 132, 133, 134, 135, 136, 137, 138, 139, 140, 141, 142, 143, 144, 145, 146, 147, 148, 149, 150, 151, 152, 153, 154, 155, 156, 157, 158, 159, 160, 161, 162, 163, 164, 165, 166, 167, 168, 169, 170, 171, 172, 173, 174, 175, 176, 177, 178, 179, 180, 181, 182, 183, 184, 185, 186, 187, 188, 189, 190, 191, 192, 193, 194, 195, 196, 197, 198, 199, 200, 201, 202, 203, 204, 205, 206, 207, 208, 209, 210, 211, 212, 213, 214, 215, 216, 217, 218, 219, 220, 221, 222, 223, 224, 225, 226, 227, 228, 229, 230, 231, 232, 233, 234, 235, 236, 237, 238, 239, 240, 241, 242, 243, 244, 245, 246, 247, 248, 249, 250, 251, 252, 253, 254, 255, 256, 257, 258, 259, 260, 261, 262, 263, 264, 265, 266, 267, 268, 269, 270, 271, 272, 273, 274, 275, 276, 277, 278, 279, 280, 281, 282, 283, 284, 285, 286, 287, 288, 289, 290, 291, 292, 293, 294, 295, 296, 297, 298, 299}
2026-05-06 17:25:44 | INFO    | dpfl.core.base_simulator | Round   1/150 | Acc: 0.4589 | Loss: 1.9726 | eps_max: 1.91 eps_avg: 1.15 | P: 0.00 R: nan F1: nan
2026-05-06 17:25:44 | DEBUG   | dpfl.core.base_simulator | Update norms — honest: ['0.56', '0.56'], attacker: ['0.56', '0.57', '0.57', '0.56', '0.56']
2026-05-06 17:26:13 | INFO    | dpfl.core.base_simulator | Round   2/150 | Acc: 0.5724 | Loss: 1.7058 | eps_max: 1.95 eps_avg: 1.22 | P: 0.00 R: nan F1: nan
2026-05-06 17:26:13 | DEBUG   | dpfl.core.base_simulator | Update norms — honest: ['0.56', '0.56', '0.56', '0.56', '0.56'], attacker: ['0.95', '0.97', '0.97', '0.96', '0.96']
2026-05-06 17:26:41 | INFO    | dpfl.core.base_simulator | Round   3/150 | Acc: 0.6224 | Loss: 1.4812 | eps_max: 2.04 eps_avg: 1.30 | P: 0.00 R: nan F1: nan
2026-05-06 17:26:41 | DEBUG   | dpfl.core.base_simulator | Update norms — honest: ['0.55', '0.55', '0.55', '0.55', '0.55'], attacker: ['1.52', '1.50', '1.51', '1.54', '1.50']
2026-05-06 17:27:10 | INFO    | dpfl.core.base_simulator | Round   4/150 | Acc: 0.6512 | Loss: 1.3052 | eps_max: 2.19 eps_avg: 1.42 | P: 0.00 R: nan F1: nan
2026-05-06 17:27:10 | DEBUG   | dpfl.core.base_simulator | Update norms — honest: ['0.55', '0.55', '0.55', '0.55', '0.55'], attacker: ['1.99', '2.02', '2.01', '2.02', '2.02']
2026-05-06 17:27:39 | INFO    | dpfl.core.base_simulator | Round   5/150 | Acc: 0.6735 | Loss: 1.1757 | eps_max: 2.34 eps_avg: 1.52 | P: 0.00 R: nan F1: nan
2026-05-06 17:27:39 | DEBUG   | dpfl.core.base_simulator | Update norms — honest: ['0.54', '0.54', '0.54', '0.54', '0.54'], attacker: ['2.46', '2.45', '2.42', '2.41', '2.46']
2026-05-06 17:28:07 | INFO    | dpfl.core.base_simulator | Round   6/150 | Acc: 0.6908 | Loss: 1.0815 | eps_max: 2.45 eps_avg: 1.60 | P: 0.00 R: nan F1: nan
2026-05-06 17:28:07 | DEBUG   | dpfl.core.base_simulator | Update norms — honest: ['0.53', '1.02', '1.02', '0.54', '0.97'], attacker: ['2.84', '2.89', '2.85', '2.83', '2.85']
2026-05-06 17:28:35 | INFO    | dpfl.core.base_simulator | Round   7/150 | Acc: 0.7023 | Loss: 1.0114 | eps_max: 2.50 eps_avg: 1.66 | P: 0.00 R: nan F1: nan
2026-05-06 17:28:35 | DEBUG   | dpfl.core.base_simulator | Update norms — honest: ['1.00', '0.53', '0.94', '0.53', '0.53'], attacker: ['3.15', '3.24', '3.26', '3.11', '3.21']
2026-05-06 17:29:04 | INFO    | dpfl.core.base_simulator | Round   8/150 | Acc: 0.7102 | Loss: 0.9577 | eps_max: 2.54 eps_avg: 1.75 | P: 0.00 R: nan F1: nan
2026-05-06 17:29:04 | DEBUG   | dpfl.core.base_simulator | Update norms — honest: ['0.53', '0.91', '0.80', '0.53', '0.53'], attacker: ['3.63', '3.47', '3.47', '3.59', '3.41']
2026-05-06 17:29:33 | INFO    | dpfl.core.base_simulator | Round   9/150 | Acc: 0.7165 | Loss: 0.9148 | eps_max: 2.59 eps_avg: 1.82 | P: 0.00 R: nan F1: nan
2026-05-06 17:29:33 | DEBUG   | dpfl.core.base_simulator | Update norms — honest: ['0.52', '0.52', '0.97', '1.40', '0.52'], attacker: ['3.89', '3.78', '3.91', '3.97', '3.93']
2026-05-06 17:30:02 | INFO    | dpfl.core.base_simulator | Round  10/150 | Acc: 0.7225 | Loss: 0.8799 | eps_max: 2.64 eps_avg: 1.87 | P: 0.00 R: nan F1: nan
2026-05-06 17:30:02 | DEBUG   | dpfl.core.base_simulator | Update norms — honest: ['0.84', '0.52', '0.74', '0.52', '0.70'], attacker: ['3.90', '4.21', '4.27', '4.24', '4.27']
2026-05-06 17:30:31 | INFO    | dpfl.core.base_simulator | Round  11/150 | Acc: 0.7276 | Loss: 0.8506 | eps_max: 2.71 eps_avg: 1.94 | P: 0.00 R: nan F1: nan
2026-05-06 17:30:31 | DEBUG   | dpfl.core.base_simulator | Update norms — honest: ['0.51', '0.51', '0.90', '0.51', '0.51'], attacker: ['4.37', '4.41', '4.57', '4.60', '4.44']
2026-05-06 17:31:01 | INFO    | dpfl.core.base_simulator | Round  12/150 | Acc: 0.7322 | Loss: 0.8255 | eps_max: 2.77 eps_avg: 1.99 | P: 0.00 R: nan F1: nan
2026-05-06 17:31:01 | DEBUG   | dpfl.core.base_simulator | Update norms — honest: ['0.51', '0.93', '0.93', '0.51', '1.42'], attacker: ['4.57', '4.74', '4.84', '4.99', '4.65']
2026-05-06 17:31:29 | INFO    | dpfl.core.base_simulator | Round  13/150 | Acc: 0.7364 | Loss: 0.8042 | eps_max: 2.84 eps_avg: 2.04 | P: 0.00 R: nan F1: nan
2026-05-06 17:31:29 | DEBUG   | dpfl.core.base_simulator | Update norms — honest: ['1.30', '0.50', '1.25', '1.40', '0.88'], attacker: ['4.99', '4.83', '4.77', '4.99', '5.10']
2026-05-06 17:31:58 | INFO    | dpfl.core.base_simulator | Round  14/150 | Acc: 0.7401 | Loss: 0.7853 | eps_max: 2.93 eps_avg: 2.09 | P: 0.00 R: nan F1: nan
2026-05-06 17:31:58 | DEBUG   | dpfl.core.base_simulator | Update norms — honest: ['0.69', '0.84', '0.49', '0.50', '0.88'], attacker: ['5.08', '5.10', '4.83', '5.15', '5.27']
2026-05-06 17:32:52 | INFO    | dpfl.core.base_simulator | Round  15/150 | Acc: 0.7432 | Loss: 0.7693 | eps_max: 3.01 eps_avg: 2.14 | P: 0.00 R: nan F1: nan
2026-05-06 17:32:52 | DEBUG   | dpfl.core.base_simulator | Update norms — honest: ['0.72', '0.49', '1.83', '0.49', '0.49'], attacker: ['5.51', '5.63', '5.47', '5.51', '5.40']
2026-05-06 17:33:20 | INFO    | dpfl.core.base_simulator | Round  16/150 | Acc: 0.7463 | Loss: 0.7551 | eps_max: 3.18 eps_avg: 2.19 | P: 0.00 R: nan F1: nan
2026-05-06 17:33:20 | DEBUG   | dpfl.core.base_simulator | Update norms — honest: ['0.73', '0.86', '1.83', '1.19', '0.48'], attacker: ['5.46', '5.98', '5.72', '5.39', '5.31']
2026-05-06 17:33:48 | INFO    | dpfl.core.base_simulator | Round  17/150 | Acc: 0.7489 | Loss: 0.7423 | eps_max: 3.28 eps_avg: 2.24 | P: 0.00 R: nan F1: nan
2026-05-06 17:33:48 | DEBUG   | dpfl.core.base_simulator | Update norms — honest: ['0.90', '1.43', '1.72', '0.48', '1.28'], attacker: ['5.56', '6.07', '6.22', '5.83', '4.73']
2026-05-06 17:34:16 | INFO    | dpfl.core.base_simulator | Round  18/150 | Acc: 0.7518 | Loss: 0.7311 | eps_max: 3.40 eps_avg: 2.30 | P: 0.00 R: nan F1: nan
2026-05-06 17:34:16 | DEBUG   | dpfl.core.base_simulator | Update norms — honest: ['1.25', '1.22', '0.47', '0.86', '0.80'], attacker: ['5.75', '6.27', '5.83', '5.56', '5.28']
2026-05-06 17:34:45 | INFO    | dpfl.core.base_simulator | Round  19/150 | Acc: 0.7544 | Loss: 0.7209 | eps_max: 3.51 eps_avg: 2.37 | P: 0.00 R: nan F1: nan
2026-05-06 17:34:45 | DEBUG   | dpfl.core.base_simulator | Update norms — honest: ['0.47', '1.78', '0.47', '0.72', '0.47'], attacker: ['5.67', '6.33', '6.03', '6.44', '6.42']
2026-05-06 17:35:12 | INFO    | dpfl.core.base_simulator | Round  20/150 | Acc: 0.7562 | Loss: 0.7114 | eps_max: 3.54 eps_avg: 2.42 | P: 0.00 R: nan F1: nan
2026-05-06 17:35:12 | DEBUG   | dpfl.core.base_simulator | Update norms — honest: ['1.21', '1.57', '1.63', '1.06', '0.47'], attacker: ['5.74', '6.15', '6.42', '6.35', '6.39']
2026-05-06 17:35:40 | INFO    | dpfl.core.base_simulator | Round  21/150 | Acc: 0.7584 | Loss: 0.7029 | eps_max: 3.59 eps_avg: 2.48 | P: 0.00 R: nan F1: nan
2026-05-06 17:35:40 | DEBUG   | dpfl.core.base_simulator | Update norms — honest: ['0.46', '0.46', '1.88', '0.62', '0.58'], attacker: ['4.91', '6.61', '6.09', '6.03', '6.44']
2026-05-06 17:36:08 | INFO    | dpfl.core.base_simulator | Round  22/150 | Acc: 0.7602 | Loss: 0.6953 | eps_max: 3.62 eps_avg: 2.53 | P: 0.00 R: nan F1: nan
2026-05-06 17:36:08 | DEBUG   | dpfl.core.base_simulator | Update norms — honest: ['1.22', '0.83', '0.57', '0.87', '0.46'], attacker: ['4.77', '6.24', '5.89', '5.94', '6.56']
2026-05-06 17:36:36 | INFO    | dpfl.core.base_simulator | Round  23/150 | Acc: 0.7621 | Loss: 0.6879 | eps_max: 3.65 eps_avg: 2.58 | P: 0.00 R: nan F1: nan
2026-05-06 17:36:36 | DEBUG   | dpfl.core.base_simulator | Update norms — honest: ['0.58', '1.35', '1.92', '0.67', '0.78'], attacker: ['6.14', '6.09', '5.98', '6.24', '6.23']
2026-05-06 17:37:04 | INFO    | dpfl.core.base_simulator | Round  24/150 | Acc: 0.7638 | Loss: 0.6815 | eps_max: 3.68 eps_avg: 2.63 | P: 0.00 R: nan F1: nan
2026-05-06 17:37:04 | DEBUG   | dpfl.core.base_simulator | Update norms — honest: ['1.73', '0.44', '1.11', '1.80', '0.45'], attacker: ['5.90', '6.96', '6.19', '6.85', '5.69']
2026-05-06 17:37:31 | INFO    | dpfl.core.base_simulator | Round  25/150 | Acc: 0.7652 | Loss: 0.6756 | eps_max: 3.71 eps_avg: 2.68 | P: 0.00 R: nan F1: nan
2026-05-06 17:37:31 | DEBUG   | dpfl.core.base_simulator | Update norms — honest: ['1.69', '1.09', '0.44', '0.70', '0.68'], attacker: ['5.39', '6.59', '6.57', '6.87', '5.81']
2026-05-06 17:37:59 | INFO    | dpfl.core.base_simulator | Round  26/150 | Acc: 0.7669 | Loss: 0.6700 | eps_max: 3.75 eps_avg: 2.74 | P: 0.00 R: nan F1: nan
2026-05-06 17:37:59 | DEBUG   | dpfl.core.base_simulator | Update norms — honest: ['0.44', '0.58', '0.78', '1.20', '0.44'], attacker: ['5.85', '6.11', '6.88', '7.07', '5.30']
2026-05-06 17:38:26 | INFO    | dpfl.core.base_simulator | Round  27/150 | Acc: 0.7683 | Loss: 0.6643 | eps_max: 3.79 eps_avg: 2.79 | P: 0.00 R: nan F1: nan
2026-05-06 17:38:26 | DEBUG   | dpfl.core.base_simulator | Update norms — honest: ['1.09', '0.48', '1.59', '0.57', '0.44'], attacker: ['6.31', '5.90', '5.92', '6.60', '5.45']
2026-05-06 17:38:54 | INFO    | dpfl.core.base_simulator | Round  28/150 | Acc: 0.7698 | Loss: 0.6597 | eps_max: 3.83 eps_avg: 2.83 | P: 0.00 R: nan F1: nan
2026-05-06 17:38:54 | DEBUG   | dpfl.core.base_simulator | Update norms — honest: ['0.56', '0.43', '0.43', '1.13', '1.25'], attacker: ['7.28', '6.11', '5.16', '6.54', '4.32']
2026-05-06 17:39:22 | INFO    | dpfl.core.base_simulator | Round  29/150 | Acc: 0.7712 | Loss: 0.6549 | eps_max: 3.86 eps_avg: 2.86 | P: 0.00 R: nan F1: nan
2026-05-06 17:39:22 | DEBUG   | dpfl.core.base_simulator | Update norms — honest: ['1.71', '0.42', '0.75', '1.71', '0.98'], attacker: ['6.47', '6.25', '5.08', '6.66', '3.13']
2026-05-06 17:39:50 | INFO    | dpfl.core.base_simulator | Round  30/150 | Acc: 0.7722 | Loss: 0.6508 | eps_max: 3.87 eps_avg: 2.90 | P: 0.00 R: nan F1: nan
2026-05-06 17:39:50 | DEBUG   | dpfl.core.base_simulator | Update norms — honest: ['0.48', '1.28', '0.76', '1.21', '0.42'], attacker: ['6.68', '6.41', '4.74', '6.46', '4.74']
2026-05-06 17:40:18 | INFO    | dpfl.core.base_simulator | Round  31/150 | Acc: 0.7733 | Loss: 0.6467 | eps_max: 3.89 eps_avg: 2.95 | P: 0.00 R: nan F1: nan
2026-05-06 17:40:18 | DEBUG   | dpfl.core.base_simulator | Update norms — honest: ['2.05', '0.43', '1.61', '0.42', '0.34'], attacker: ['6.10', '6.16', '6.29', '6.69', '5.23']
2026-05-06 17:40:45 | INFO    | dpfl.core.base_simulator | Round  32/150 | Acc: 0.7746 | Loss: 0.6428 | eps_max: 3.93 eps_avg: 2.98 | P: 0.00 R: nan F1: nan
2026-05-06 17:40:45 | DEBUG   | dpfl.core.base_simulator | Update norms — honest: ['0.58', '0.63', '1.02', '0.42', '1.22'], attacker: ['6.02', '5.87', '6.03', '6.42', '5.35']
2026-05-06 17:41:13 | INFO    | dpfl.core.base_simulator | Round  33/150 | Acc: 0.7754 | Loss: 0.6392 | eps_max: 3.96 eps_avg: 3.02 | P: 0.00 R: nan F1: nan
2026-05-06 17:41:13 | DEBUG   | dpfl.core.base_simulator | Update norms — honest: ['0.77', '0.41', '1.51', '0.60', '1.66'], attacker: ['6.17', '6.70', '5.70', '6.08', '6.50']
2026-05-06 17:41:41 | INFO    | dpfl.core.base_simulator | Round  34/150 | Acc: 0.7767 | Loss: 0.6356 | eps_max: 4.00 eps_avg: 3.06 | P: 0.00 R: nan F1: nan
2026-05-06 17:41:41 | DEBUG   | dpfl.core.base_simulator | Update norms — honest: ['1.16', '1.98', '0.40', '0.59', '0.41'], attacker: ['4.11', '6.23', '6.16', '6.13', '4.47']
2026-05-06 17:42:09 | INFO    | dpfl.core.base_simulator | Round  35/150 | Acc: 0.7775 | Loss: 0.6326 | eps_max: 4.04 eps_avg: 3.08 | P: 0.00 R: nan F1: nan
2026-05-06 17:42:09 | DEBUG   | dpfl.core.base_simulator | Update norms — honest: ['0.51', '0.93', '0.40', '0.63', '1.16'], attacker: ['4.41', '6.36', '5.76', '6.87', '4.80']
2026-05-06 17:42:36 | INFO    | dpfl.core.base_simulator | Round  36/150 | Acc: 0.7785 | Loss: 0.6293 | eps_max: 4.07 eps_avg: 3.12 | P: 0.00 R: nan F1: nan
2026-05-06 17:42:36 | DEBUG   | dpfl.core.base_simulator | Update norms — honest: ['0.62', '0.61', '1.53', '1.05', '0.40'], attacker: ['5.73', '6.01', '4.99', '5.89', '4.87']
2026-05-06 17:43:04 | INFO    | dpfl.core.base_simulator | Round  37/150 | Acc: 0.7790 | Loss: 0.6272 | eps_max: 4.09 eps_avg: 3.15 | P: 0.00 R: nan F1: nan
2026-05-06 17:43:04 | DEBUG   | dpfl.core.base_simulator | Update norms — honest: ['0.39', '0.30', '1.04', '0.61', '1.13'], attacker: ['5.48', '6.21', '5.22', '5.25', '4.63']
2026-05-06 17:43:32 | INFO    | dpfl.core.base_simulator | Round  38/150 | Acc: 0.7799 | Loss: 0.6248 | eps_max: 4.11 eps_avg: 3.18 | P: 0.00 R: nan F1: nan
2026-05-06 17:43:32 | DEBUG   | dpfl.core.base_simulator | Update norms — honest: ['1.48', '0.30', '2.12', '1.63', '0.75'], attacker: ['4.91', '6.42', '6.11', '5.43', '4.73']
2026-05-06 17:44:00 | INFO    | dpfl.core.base_simulator | Round  39/150 | Acc: 0.7807 | Loss: 0.6220 | eps_max: 4.17 eps_avg: 3.21 | P: 0.00 R: nan F1: nan
2026-05-06 17:44:00 | DEBUG   | dpfl.core.base_simulator | Update norms — honest: ['0.12', '1.68', '1.83', '0.68', '0.41'], attacker: ['5.74', '5.28', '6.22', '5.74', '3.99']
2026-05-06 17:44:29 | INFO    | dpfl.core.base_simulator | Round  40/150 | Acc: 0.7811 | Loss: 0.6199 | eps_max: 4.21 eps_avg: 3.24 | P: 0.00 R: nan F1: nan
2026-05-06 17:44:29 | DEBUG   | dpfl.core.base_simulator | Update norms — honest: ['1.09', '1.11', '0.38', '1.23', '1.02'], attacker: ['6.06', '6.06', '5.31', '5.32', '4.62']
2026-05-06 17:44:59 | INFO    | dpfl.core.base_simulator | Round  41/150 | Acc: 0.7819 | Loss: 0.6177 | eps_max: 4.25 eps_avg: 3.26 | P: 0.00 R: nan F1: nan
2026-05-06 17:44:59 | DEBUG   | dpfl.core.base_simulator | Update norms — honest: ['1.63', '0.80', '0.62', '0.91', '2.20'], attacker: ['3.58', '5.76', '5.87', '5.16', '3.10']
2026-05-06 17:45:28 | INFO    | dpfl.core.base_simulator | Round  42/150 | Acc: 0.7825 | Loss: 0.6160 | eps_max: 4.31 eps_avg: 3.28 | P: 0.00 R: nan F1: nan
2026-05-06 17:45:28 | DEBUG   | dpfl.core.base_simulator | Update norms — honest: ['0.81', '1.64', '0.74', '1.00', '0.49'], attacker: ['3.93', '4.28', '5.33', '5.89', '2.67']
2026-05-06 17:45:57 | INFO    | dpfl.core.base_simulator | Round  43/150 | Acc: 0.7832 | Loss: 0.6138 | eps_max: 4.37 eps_avg: 3.30 | P: 0.00 R: nan F1: nan
2026-05-06 17:45:57 | DEBUG   | dpfl.core.base_simulator | Update norms — honest: ['1.02', '0.92', '0.62', '1.75', '0.71'], attacker: ['2.28', '5.07', '5.73', '6.83', '3.55']
2026-05-06 17:46:27 | INFO    | dpfl.core.base_simulator | Round  44/150 | Acc: 0.7838 | Loss: 0.6116 | eps_max: 4.43 eps_avg: 3.34 | P: 0.00 R: nan F1: nan
2026-05-06 17:46:27 | DEBUG   | dpfl.core.base_simulator | Update norms — honest: ['1.28', '2.25', '0.87', '0.62', '0.09'], attacker: ['1.68', '5.29', '4.41', '7.08', '3.46']
2026-05-06 17:46:56 | INFO    | dpfl.core.base_simulator | Round  45/150 | Acc: 0.7844 | Loss: 0.6098 | eps_max: 4.49 eps_avg: 3.38 | P: 0.00 R: nan F1: nan
2026-05-06 17:46:56 | DEBUG   | dpfl.core.base_simulator | Update norms — honest: ['1.68', '0.36', '1.35', '2.09', '0.50'], attacker: ['4.47', '5.71', '4.51', '6.75', '4.78']
2026-05-06 17:47:25 | INFO    | dpfl.core.base_simulator | Round  46/150 | Acc: 0.7849 | Loss: 0.6081 | eps_max: 4.51 eps_avg: 3.40 | P: 0.00 R: nan F1: nan
2026-05-06 17:47:25 | DEBUG   | dpfl.core.base_simulator | Update norms — honest: ['1.07', '1.14', '1.26', '1.02', '1.14'], attacker: ['2.91', '5.36', '4.23', '5.64', '5.34']
2026-05-06 17:47:54 | INFO    | dpfl.core.base_simulator | Round  47/150 | Acc: 0.7854 | Loss: 0.6068 | eps_max: 4.53 eps_avg: 3.42 | P: 0.00 R: nan F1: nan
2026-05-06 17:47:54 | DEBUG   | dpfl.core.base_simulator | Update norms — honest: ['1.18', '0.85', '1.41', '1.30', '1.10'], attacker: ['4.16', '5.40', '4.07', '4.88', '3.81']
2026-05-06 17:48:23 | INFO    | dpfl.core.base_simulator | Round  48/150 | Acc: 0.7856 | Loss: 0.6058 | eps_max: 4.75 eps_avg: 3.45 | P: 0.00 R: nan F1: nan
2026-05-06 17:48:23 | DEBUG   | dpfl.core.base_simulator | Update norms — honest: ['0.53', '2.71', '2.21', '0.35', '1.17'], attacker: ['2.84', '5.46', '4.86', '3.80', '4.00']
2026-05-06 17:48:52 | INFO    | dpfl.core.base_simulator | Round  49/150 | Acc: 0.7862 | Loss: 0.6042 | eps_max: 4.75 eps_avg: 3.47 | P: 0.00 R: nan F1: nan
2026-05-06 17:48:52 | DEBUG   | dpfl.core.base_simulator | Update norms — honest: ['1.71', '1.88', '0.42', '0.83', '0.46'], attacker: ['1.59', '4.18', '4.57', '5.19', '4.48']
2026-05-06 17:49:21 | INFO    | dpfl.core.base_simulator | Round  50/150 | Acc: 0.7867 | Loss: 0.6027 | eps_max: 5.12 eps_avg: 3.48 | P: 0.00 R: nan F1: nan
2026-05-06 17:49:21 | DEBUG   | dpfl.core.base_simulator | Update norms — honest: ['2.14', '0.57', '0.92', '1.07', '1.61'], attacker: ['3.20', '4.56', '3.79', '3.49', '4.67']
2026-05-06 17:49:41 | INFO    | dpfl.core.base_simulator | Round  51/150 | Acc: 0.7871 | Loss: 0.6015 | eps_max: 5.12 eps_avg: 2.58 | P: 0.92 R: 1.00 F1: 0.96
2026-05-06 17:49:41 | DEBUG   | dpfl.core.base_simulator | Update norms — honest: ['1.22', '0.34', '0.87', '0.68', '0.34'], attacker: ['7.15', '10.25', '7.98', '8.67', '7.99']
2026-05-06 17:50:01 | INFO    | dpfl.core.base_simulator | Round  52/150 | Acc: 0.7873 | Loss: 0.6004 | eps_max: 5.19 eps_avg: 2.62 | P: 0.93 R: 1.00 F1: 0.96
2026-05-06 17:50:01 | DEBUG   | dpfl.core.base_simulator | Update norms — honest: ['0.46', '3.29', '0.47', '0.59', '0.83'], attacker: ['7.26', '8.98', '9.27', '8.64', '8.04']
2026-05-06 17:50:20 | INFO    | dpfl.core.base_simulator | Round  53/150 | Acc: 0.7877 | Loss: 0.5993 | eps_max: 5.19 eps_avg: 2.67 | P: 0.84 R: 1.00 F1: 0.89
2026-05-06 17:50:20 | DEBUG   | dpfl.core.base_simulator | Update norms — honest: ['0.34', '1.11', '1.66', '0.34', '0.61'], attacker: ['6.38', '8.80', '8.34', '9.19', '7.57']
2026-05-06 17:50:40 | INFO    | dpfl.core.base_simulator | Round  54/150 | Acc: 0.7883 | Loss: 0.5979 | eps_max: 5.19 eps_avg: 2.72 | P: 0.82 R: 1.00 F1: 0.90
2026-05-06 17:50:40 | DEBUG   | dpfl.core.base_simulator | Update norms — honest: ['0.98', '1.67', '0.42', '0.34', '0.55'], attacker: ['7.27', '9.18', '9.01', '9.08', '7.52']
2026-05-06 17:51:00 | INFO    | dpfl.core.base_simulator | Round  55/150 | Acc: 0.7885 | Loss: 0.5971 | eps_max: 5.19 eps_avg: 2.75 | P: 0.75 R: 1.00 F1: 0.84
2026-05-06 17:51:00 | DEBUG   | dpfl.core.base_simulator | Update norms — honest: ['1.37', '2.37', '0.39', '1.06', '1.02'], attacker: ['6.67', '9.96', '8.10', '9.47', '7.61']
2026-05-06 17:51:20 | INFO    | dpfl.core.base_simulator | Round  56/150 | Acc: 0.7889 | Loss: 0.5962 | eps_max: 5.23 eps_avg: 2.77 | P: 0.76 R: 1.00 F1: 0.83
2026-05-06 17:51:20 | DEBUG   | dpfl.core.base_simulator | Update norms — honest: ['1.46', '0.72', '0.49', '1.43', '0.60'], attacker: ['7.56', '9.32', '8.97', '9.08', '8.59']
2026-05-06 17:51:40 | INFO    | dpfl.core.base_simulator | Round  57/150 | Acc: 0.7893 | Loss: 0.5948 | eps_max: 5.27 eps_avg: 2.79 | P: 0.87 R: 1.00 F1: 0.92
2026-05-06 17:51:40 | DEBUG   | dpfl.core.base_simulator | Update norms — honest: ['0.54', '0.53', '1.22', '1.40', '0.46'], attacker: ['6.98', '9.81', '9.49', '9.01', '8.62']
2026-05-06 17:52:00 | INFO    | dpfl.core.base_simulator | Round  58/150 | Acc: 0.7895 | Loss: 0.5943 | eps_max: 5.45 eps_avg: 2.89 | P: 0.81 R: 1.00 F1: 0.89
2026-05-06 17:52:00 | DEBUG   | dpfl.core.base_simulator | Update norms — honest: ['0.53', '0.58', '0.72', '0.66', '0.50'], attacker: ['7.26', '9.77', '8.73', '8.80', '7.74']
2026-05-06 17:52:20 | INFO    | dpfl.core.base_simulator | Round  59/150 | Acc: 0.7901 | Loss: 0.5930 | eps_max: 5.45 eps_avg: 2.99 | P: 0.78 R: 1.00 F1: 0.86
2026-05-06 17:52:20 | DEBUG   | dpfl.core.base_simulator | Update norms — honest: ['1.05', '0.60', '0.34', '0.94', '1.05'], attacker: ['6.27', '9.32', '7.63', '8.55', '7.54']
2026-05-06 17:52:41 | INFO    | dpfl.core.base_simulator | Round  60/150 | Acc: 0.7902 | Loss: 0.5926 | eps_max: 5.45 eps_avg: 3.05 | P: 0.89 R: 1.00 F1: 0.94
2026-05-06 17:52:41 | DEBUG   | dpfl.core.base_simulator | Update norms — honest: ['1.41', '0.95', '0.76', '0.67', '0.27'], attacker: ['6.78', '9.54', '8.34', '9.48', '8.44']
2026-05-06 17:53:01 | INFO    | dpfl.core.base_simulator | Round  61/150 | Acc: 0.7906 | Loss: 0.5920 | eps_max: 5.45 eps_avg: 3.06 | P: 0.83 R: 1.00 F1: 0.89
2026-05-06 17:53:01 | DEBUG   | dpfl.core.base_simulator | Update norms — honest: ['1.21', '0.44', '0.54', '0.05', '1.07'], attacker: ['7.46', '8.93', '8.48', '9.47', '7.66']
2026-05-06 17:53:21 | INFO    | dpfl.core.base_simulator | Round  62/150 | Acc: 0.7908 | Loss: 0.5914 | eps_max: 5.45 eps_avg: 3.13 | P: 0.75 R: 1.00 F1: 0.82
2026-05-06 17:53:21 | DEBUG   | dpfl.core.base_simulator | Update norms — honest: ['0.62', '0.34', '2.29', '1.79', '1.28'], attacker: ['7.79', '9.10', '8.38', '9.56', '7.64']
2026-05-06 17:53:40 | INFO    | dpfl.core.base_simulator | Round  63/150 | Acc: 0.7911 | Loss: 0.5908 | eps_max: 5.45 eps_avg: 3.20 | P: 0.86 R: 1.00 F1: 0.92
2026-05-06 17:53:40 | DEBUG   | dpfl.core.base_simulator | Update norms — honest: ['1.43', '0.34', '1.37', '1.53', '1.11'], attacker: ['7.13', '8.96', '9.45', '8.84', '8.46']
2026-05-06 17:54:00 | INFO    | dpfl.core.base_simulator | Round  64/150 | Acc: 0.7912 | Loss: 0.5902 | eps_max: 5.45 eps_avg: 3.23 | P: 0.78 R: 1.00 F1: 0.87
2026-05-06 17:54:00 | DEBUG   | dpfl.core.base_simulator | Update norms — honest: ['0.59', '0.80', '1.72', '0.37', '0.69'], attacker: ['7.37', '9.32', '8.62', '8.50', '8.22']
2026-05-06 17:54:21 | INFO    | dpfl.core.base_simulator | Round  65/150 | Acc: 0.7913 | Loss: 0.5904 | eps_max: 5.45 eps_avg: 3.28 | P: 0.85 R: 1.00 F1: 0.92
2026-05-06 17:54:21 | DEBUG   | dpfl.core.base_simulator | Update norms — honest: ['1.87', '1.21', '1.61', '0.67', '0.58'], attacker: ['7.14', '9.87', '9.12', '8.77', '7.48']
2026-05-06 17:54:41 | INFO    | dpfl.core.base_simulator | Round  66/150 | Acc: 0.7919 | Loss: 0.5891 | eps_max: 5.45 eps_avg: 3.30 | P: 0.78 R: 1.00 F1: 0.87
2026-05-06 17:54:41 | DEBUG   | dpfl.core.base_simulator | Update norms — honest: ['0.44', '0.50', '0.89', '0.77', '0.35'], attacker: ['7.48', '8.89', '9.20', '8.51', '7.74']
2026-05-06 17:55:01 | INFO    | dpfl.core.base_simulator | Round  67/150 | Acc: 0.7922 | Loss: 0.5885 | eps_max: 5.45 eps_avg: 3.31 | P: 0.87 R: 1.00 F1: 0.93
2026-05-06 17:55:01 | DEBUG   | dpfl.core.base_simulator | Update norms — honest: ['1.22', '0.22', '1.03', '1.31', '0.42'], attacker: ['6.66', '9.27', '8.68', '9.72', '8.24']
2026-05-06 17:55:21 | INFO    | dpfl.core.base_simulator | Round  68/150 | Acc: 0.7921 | Loss: 0.5884 | eps_max: 5.45 eps_avg: 3.43 | P: 0.78 R: 1.00 F1: 0.86
2026-05-06 17:55:21 | DEBUG   | dpfl.core.base_simulator | Update norms — honest: ['0.34', '2.90', '0.70', '0.70', '0.85'], attacker: ['7.57', '9.78', '8.45', '8.93', '7.52']
2026-05-06 17:55:41 | INFO    | dpfl.core.base_simulator | Round  69/150 | Acc: 0.7923 | Loss: 0.5887 | eps_max: 5.45 eps_avg: 3.49 | P: 0.84 R: 1.00 F1: 0.91
2026-05-06 17:55:41 | DEBUG   | dpfl.core.base_simulator | Update norms — honest: ['0.34', '1.20', '0.67', '0.00', '1.16'], attacker: ['6.97', '9.60', '8.94', '9.20', '7.53']
2026-05-06 17:56:00 | INFO    | dpfl.core.base_simulator | Round  70/150 | Acc: 0.7924 | Loss: 0.5879 | eps_max: 5.46 eps_avg: 3.51 | P: 0.94 R: 1.00 F1: 0.97
2026-05-06 17:56:00 | DEBUG   | dpfl.core.base_simulator | Update norms — honest: ['0.13', '0.65', '0.57', '2.00', '0.38'], attacker: ['7.48', '10.60', '8.91', '9.27', '8.17']
2026-05-06 17:56:20 | INFO    | dpfl.core.base_simulator | Round  71/150 | Acc: 0.7925 | Loss: 0.5875 | eps_max: 5.46 eps_avg: 3.53 | P: 0.89 R: 1.00 F1: 0.94
2026-05-06 17:56:20 | DEBUG   | dpfl.core.base_simulator | Update norms — honest: ['1.09', '0.86', '1.45', '2.32', '1.28'], attacker: ['8.11', '9.57', '8.50', '9.70', '8.07']
2026-05-06 17:56:39 | INFO    | dpfl.core.base_simulator | Round  72/150 | Acc: 0.7929 | Loss: 0.5870 | eps_max: 5.46 eps_avg: 3.54 | P: 0.93 R: 1.00 F1: 0.96
2026-05-06 17:56:39 | DEBUG   | dpfl.core.base_simulator | Update norms — honest: ['1.27', '0.49', '0.69'], attacker: ['7.31', '10.70', '8.95', '9.41', '7.89']
2026-05-06 17:56:59 | INFO    | dpfl.core.base_simulator | Round  73/150 | Acc: 0.7930 | Loss: 0.5868 | eps_max: 5.46 eps_avg: 3.59 | P: 0.90 R: 1.00 F1: 0.94
2026-05-06 17:56:59 | DEBUG   | dpfl.core.base_simulator | Update norms — honest: ['1.53', '0.98', '0.09', '1.40', '1.19'], attacker: ['7.11', '9.50', '8.11', '8.74', '8.30']
2026-05-06 17:57:19 | INFO    | dpfl.core.base_simulator | Round  74/150 | Acc: 0.7931 | Loss: 0.5871 | eps_max: 5.46 eps_avg: 3.65 | P: 0.80 R: 1.00 F1: 0.88
2026-05-06 17:57:19 | DEBUG   | dpfl.core.base_simulator | Update norms — honest: ['1.75', '1.99', '0.25', '1.13', '0.86'], attacker: ['7.16', '9.72', '9.50', '9.33', '7.62']
2026-05-06 17:57:39 | INFO    | dpfl.core.base_simulator | Round  75/150 | Acc: 0.7932 | Loss: 0.5864 | eps_max: 5.46 eps_avg: 3.68 | P: 0.98 R: 1.00 F1: 0.99
2026-05-06 17:57:39 | DEBUG   | dpfl.core.base_simulator | Update norms — honest: ['0.37', '1.93', '1.75', '0.89', '0.44'], attacker: ['7.83', '9.91', '8.40', '9.32', '7.53']
2026-05-06 17:57:59 | INFO    | dpfl.core.base_simulator | Round  76/150 | Acc: 0.7932 | Loss: 0.5864 | eps_max: 5.46 eps_avg: 3.72 | P: 0.77 R: 1.00 F1: 0.86
2026-05-06 17:57:59 | DEBUG   | dpfl.core.base_simulator | Update norms — honest: ['0.49', '0.38', '1.70', '0.56', '1.50'], attacker: ['7.77', '10.49', '9.25', '9.25', '7.13']
2026-05-06 17:58:19 | INFO    | dpfl.core.base_simulator | Round  77/150 | Acc: 0.7935 | Loss: 0.5863 | eps_max: 5.46 eps_avg: 3.80 | P: 0.78 R: 1.00 F1: 0.87
2026-05-06 17:58:19 | DEBUG   | dpfl.core.base_simulator | Update norms — honest: ['0.34', '2.00', '1.55', '2.15', '0.47'], attacker: ['8.56', '10.06', '7.94', '8.95', '7.83']
2026-05-06 17:58:39 | INFO    | dpfl.core.base_simulator | Round  78/150 | Acc: 0.7932 | Loss: 0.5873 | eps_max: 5.46 eps_avg: 3.87 | P: 0.80 R: 1.00 F1: 0.88
2026-05-06 17:58:39 | DEBUG   | dpfl.core.base_simulator | Update norms — honest: ['2.14', '0.85', '1.13', '1.23', '2.63'], attacker: ['7.81', '9.76', '8.95', '8.88', '7.32']
2026-05-06 17:58:59 | INFO    | dpfl.core.base_simulator | Round  79/150 | Acc: 0.7936 | Loss: 0.5864 | eps_max: 5.50 eps_avg: 3.89 | P: 0.92 R: 1.00 F1: 0.96
2026-05-06 17:58:59 | DEBUG   | dpfl.core.base_simulator | Update norms — honest: ['1.73', '1.57', '1.34', '2.01', '0.75'], attacker: ['6.88', '10.48', '8.57', '9.61', '8.35']
2026-05-06 17:59:13 | INFO    | dpfl.core.base_simulator | Round  80/150 | Acc: 0.7938 | Loss: 0.5863 | eps_max: 5.50 eps_avg: 3.94 | P: 0.80 R: 1.00 F1: 0.88
2026-05-06 17:59:13 | DEBUG   | dpfl.core.base_simulator | Update norms — honest: ['0.34', '1.35', '0.34', '0.91', '0.00'], attacker: ['8.44', '9.51', '8.52', '9.59', '7.72']
2026-05-06 17:59:17 | INFO    | dpfl.core.base_simulator | Round  81/150 | Acc: 0.7938 | Loss: 0.5866 | eps_max: 5.88 eps_avg: 3.99 | P: 0.78 R: 1.00 F1: 0.87
2026-05-06 17:59:17 | DEBUG   | dpfl.core.base_simulator | Update norms — honest: ['2.00', '0.49', '1.23', '1.60', '1.12'], attacker: ['7.41', '8.75', '8.41', '10.72', '7.81']
2026-05-06 18:00:06 | INFO    | dpfl.core.base_simulator | Round  82/150 | Acc: 0.7939 | Loss: 0.5865 | eps_max: 5.88 eps_avg: 4.01 | P: 0.91 R: 1.00 F1: 0.95
2026-05-06 18:00:06 | DEBUG   | dpfl.core.base_simulator | Update norms — honest: ['1.13', '0.63', '0.84', '0.41', '0.30'], attacker: ['6.77', '9.35', '8.85', '8.85', '7.34']
2026-05-06 18:00:13 | INFO    | dpfl.core.base_simulator | Round  83/150 | Acc: 0.7943 | Loss: 0.5858 | eps_max: 5.88 eps_avg: 4.02 | P: 0.91 R: 1.00 F1: 0.95
2026-05-06 18:00:13 | DEBUG   | dpfl.core.base_simulator | Update norms — honest: ['0.42', '1.51', '1.15'], attacker: ['6.88', '9.15', '9.10', '9.43', '8.13']
2026-05-06 18:00:31 | INFO    | dpfl.core.base_simulator | Round  84/150 | Acc: 0.7941 | Loss: 0.5867 | eps_max: 5.88 eps_avg: 4.08 | P: 0.85 R: 1.00 F1: 0.92
2026-05-06 18:00:31 | DEBUG   | dpfl.core.base_simulator | Update norms — honest: ['1.54', '3.18', '0.49', '1.55', '1.72'], attacker: ['7.29', '8.98', '9.52', '9.75', '8.48']
2026-05-06 18:00:49 | INFO    | dpfl.core.base_simulator | Round  85/150 | Acc: 0.7912 | Loss: 0.7390 | eps_max: 5.88 eps_avg: 4.12 | P: 0.93 R: 1.00 F1: 0.96
2026-05-06 18:00:49 | DEBUG   | dpfl.core.base_simulator | Update norms — honest: ['0.79', '1.27', '1.22', '0.55', '1.81'], attacker: ['7.29', '9.39', '8.69', '10.07', '8.19']
2026-05-06 18:01:07 | INFO    | dpfl.core.base_simulator | Round  86/150 | Acc: 0.7902 | Loss: 5283206.0279 | eps_max: 6.07 eps_avg: 4.15 | P: 0.87 R: 1.00 F1: 0.92
2026-05-06 18:01:07 | DEBUG   | dpfl.core.base_simulator | Update norms — honest: ['1.67', '0.30', '0.36', '1.02', '1.09'], attacker: ['56.10', '28.30', '24.93', '34.38', '25.22']
2026-05-06 18:01:25 | INFO    | dpfl.core.base_simulator | Round  87/150 | Acc: 0.7899 | Loss: 430132.1471 | eps_max: 6.07 eps_avg: 4.18 | P: 0.80 R: 1.00 F1: 0.88
2026-05-06 18:01:25 | DEBUG   | dpfl.core.base_simulator | Update norms — honest: ['0.46', '0.83', '1.76', '2.51', '0.86'], attacker: ['55.83', '30.11', '25.91', '32.12', '25.82']
2026-05-06 18:01:43 | INFO    | dpfl.core.base_simulator | Round  88/150 | Acc: 0.7908 | Loss: 280058.9504 | eps_max: 6.07 eps_avg: 4.20 | P: 0.84 R: 1.00 F1: 0.90
2026-05-06 18:01:43 | DEBUG   | dpfl.core.base_simulator | Update norms — honest: ['0.67', '0.97', '1.21', '0.18', '0.79'], attacker: ['56.10', '27.90', '24.81', '32.91', '24.74']
2026-05-06 18:02:01 | INFO    | dpfl.core.base_simulator | Round  89/150 | Acc: 0.7916 | Loss: 195560.4051 | eps_max: 6.07 eps_avg: 4.22 | P: 0.81 R: 1.00 F1: 0.86
2026-05-06 18:02:01 | DEBUG   | dpfl.core.base_simulator | Update norms — honest: ['0.06', '0.51', '0.75', '0.37', '0.70'], attacker: ['215.36', '185.67', '188.28', '196.16', '176.88']
2026-05-06 18:02:19 | INFO    | dpfl.core.base_simulator | Round  90/150 | Acc: 0.7924 | Loss: 91271.1657 | eps_max: 6.07 eps_avg: 4.27 | P: 0.82 R: 1.00 F1: 0.89
2026-05-06 18:02:19 | DEBUG   | dpfl.core.base_simulator | Update norms — honest: ['0.72', '3.38', '0.84', '0.87', '1.31'], attacker: ['211.66', '186.22', '186.30', '197.37', '178.45']
2026-05-06 18:02:37 | INFO    | dpfl.core.base_simulator | Round  91/150 | Acc: 0.7926 | Loss: 103851.5455 | eps_max: 6.07 eps_avg: 4.34 | P: 0.72 R: 1.00 F1: 0.82
2026-05-06 18:02:37 | DEBUG   | dpfl.core.base_simulator | Update norms — honest: ['0.35', '1.84', '0.83', '2.01', '1.57'], attacker: ['215.98', '183.83', '191.24', '196.68', '1750.80']
2026-05-06 18:02:55 | INFO    | dpfl.core.base_simulator | Round  92/150 | Acc: 0.7928 | Loss: 21263.1579 | eps_max: 6.07 eps_avg: 4.39 | P: 0.80 R: 1.00 F1: 0.88
2026-05-06 18:02:55 | DEBUG   | dpfl.core.base_simulator | Update norms — honest: ['0.91', '1.87', '1.08', '1.43', '1.59'], attacker: ['216.54', '187.09', '191.69', '195.90', '1699.03']
2026-05-06 18:03:13 | INFO    | dpfl.core.base_simulator | Round  93/150 | Acc: 0.7926 | Loss: 38015.1936 | eps_max: 6.07 eps_avg: 4.45 | P: 0.86 R: 1.00 F1: 0.92
2026-05-06 18:03:13 | DEBUG   | dpfl.core.base_simulator | Update norms — honest: ['1.34', '1.98', '1.06', '0.58', '1.27'], attacker: ['214.99', '186.25', '186.60', '193.33', '1766.77']
2026-05-06 18:03:32 | INFO    | dpfl.core.base_simulator | Round  94/150 | Acc: 0.7934 | Loss: 73698.2762 | eps_max: 6.07 eps_avg: 4.50 | P: 0.74 R: 1.00 F1: 0.83
2026-05-06 18:03:32 | DEBUG   | dpfl.core.base_simulator | Update norms — honest: ['0.87', '1.73', '2.18', '0.45', '1.10'], attacker: ['216.19', '188.21', '188.14', '196.44', '1751.13']
2026-05-06 18:03:50 | INFO    | dpfl.core.base_simulator | Round  95/150 | Acc: 0.7935 | Loss: 26877.8559 | eps_max: 6.07 eps_avg: 4.56 | P: 0.89 R: 1.00 F1: 0.94
2026-05-06 18:03:50 | DEBUG   | dpfl.core.base_simulator | Update norms — honest: ['2.55', '0.00', '0.93', '0.34', '1.40'], attacker: ['215.25', '184.49', '188.14', '192.34', '1740.85']
2026-05-06 18:04:08 | INFO    | dpfl.core.base_simulator | Round  96/150 | Acc: 0.7936 | Loss: 25881.0586 | eps_max: 6.07 eps_avg: 4.60 | P: 0.74 R: 1.00 F1: 0.81
2026-05-06 18:04:08 | DEBUG   | dpfl.core.base_simulator | Update norms — honest: ['0.89', '2.40', '1.23', '0.36', '1.27'], attacker: ['218.47', '183.04', '189.88', '195.30', '1791.29']
2026-05-06 18:04:26 | INFO    | dpfl.core.base_simulator | Round  97/150 | Acc: 0.7940 | Loss: 14807.3339 | eps_max: 6.07 eps_avg: 4.63 | P: 0.81 R: 1.00 F1: 0.86
2026-05-06 18:04:26 | DEBUG   | dpfl.core.base_simulator | Update norms — honest: ['1.44', '0.99', '2.35', '0.68', '0.78'], attacker: ['217.57', '186.92', '187.17', '194.45', '1797.50']
2026-05-06 18:04:44 | INFO    | dpfl.core.base_simulator | Round  98/150 | Acc: 0.7936 | Loss: 14485.1189 | eps_max: 6.10 eps_avg: 4.68 | P: 0.81 R: 1.00 F1: 0.88
2026-05-06 18:04:44 | DEBUG   | dpfl.core.base_simulator | Update norms — honest: ['1.01', '0.24', '0.71', '0.01', '0.83'], attacker: ['215.60', '185.60', '189.45', '193.35', '1778.25']
2026-05-06 18:05:02 | INFO    | dpfl.core.base_simulator | Round  99/150 | Acc: 0.7939 | Loss: 23870.5269 | eps_max: 6.28 eps_avg: 4.70 | P: 0.84 R: 1.00 F1: 0.90
2026-05-06 18:05:02 | DEBUG   | dpfl.core.base_simulator | Update norms — honest: ['0.29', '0.78', '0.92', '1.02', '1.73'], attacker: ['219.36', '186.07', '188.61', '196.57', '1826.13']
2026-05-06 18:05:20 | INFO    | dpfl.core.base_simulator | Round 100/150 | Acc: 0.7942 | Loss: 14399.1721 | eps_max: 6.28 eps_avg: 4.73 | P: 0.87 R: 1.00 F1: 0.92
2026-05-06 18:05:20 | DEBUG   | dpfl.core.base_simulator | Update norms — honest: ['1.09', '1.01', '2.36', '0.42', '1.55'], attacker: ['214.95', '187.06', '189.88', '193.69', '1775.77']
2026-05-06 18:05:38 | INFO    | dpfl.core.base_simulator | Round 101/150 | Acc: 0.7942 | Loss: 17816.3184 | eps_max: 6.28 eps_avg: 4.77 | P: 0.79 R: 1.00 F1: 0.87
2026-05-06 18:05:38 | DEBUG   | dpfl.core.base_simulator | Update norms — honest: ['1.21', '1.34', '1.66', '1.07', '1.30'], attacker: ['214.29', '187.70', '189.81', '195.57', '1757.59']
2026-05-06 18:05:57 | INFO    | dpfl.core.base_simulator | Round 102/150 | Acc: 0.7942 | Loss: 35931.8650 | eps_max: 6.34 eps_avg: 4.82 | P: 0.75 R: 1.00 F1: 0.83
2026-05-06 18:05:57 | DEBUG   | dpfl.core.base_simulator | Update norms — honest: ['1.07', '0.38', '1.13', '0.60', '1.94'], attacker: ['216.69', '187.65', '187.89', '196.96', '1735.69']
2026-05-06 18:06:17 | INFO    | dpfl.core.base_simulator | Round 103/150 | Acc: 0.7940 | Loss: 16642.7024 | eps_max: 6.34 eps_avg: 4.84 | P: 0.81 R: 1.00 F1: 0.89
2026-05-06 18:06:17 | DEBUG   | dpfl.core.base_simulator | Update norms — honest: ['1.43', '1.51', '0.76', '0.43', '1.88'], attacker: ['214.45', '187.40', '188.52', '189.52', '1799.33']
2026-05-06 18:06:36 | INFO    | dpfl.core.base_simulator | Round 104/150 | Acc: 0.7943 | Loss: 10253.2706 | eps_max: 6.34 eps_avg: 4.91 | P: 0.82 R: 1.00 F1: 0.88
2026-05-06 18:06:36 | DEBUG   | dpfl.core.base_simulator | Update norms — honest: ['1.01', '0.34', '2.17', '0.82', '1.25'], attacker: ['213.37', '188.77', '185.56', '193.31', '1764.57']
2026-05-06 18:06:55 | INFO    | dpfl.core.base_simulator | Round 105/150 | Acc: 0.7943 | Loss: 9264.5025 | eps_max: 6.34 eps_avg: 4.95 | P: 0.91 R: 1.00 F1: 0.95
2026-05-06 18:06:55 | DEBUG   | dpfl.core.base_simulator | Update norms — honest: ['0.58', '1.03', '1.44', '0.22', '1.61'], attacker: ['217.04', '185.31', '189.34', '195.89', '1747.03']
2026-05-06 18:07:14 | INFO    | dpfl.core.base_simulator | Round 106/150 | Acc: 0.7947 | Loss: 10778.9864 | eps_max: 6.34 eps_avg: 4.96 | P: 0.94 R: 1.00 F1: 0.97
2026-05-06 18:07:14 | DEBUG   | dpfl.core.base_simulator | Update norms — honest: ['0.47', '2.06', '1.35', '1.53'], attacker: ['215.86', '185.84', '188.80', '195.38', '1778.74']
2026-05-06 18:07:34 | INFO    | dpfl.core.base_simulator | Round 107/150 | Acc: 0.7941 | Loss: 17734.5571 | eps_max: 6.64 eps_avg: 5.00 | P: 0.80 R: 1.00 F1: 0.89
2026-05-06 18:07:34 | DEBUG   | dpfl.core.base_simulator | Update norms — honest: ['0.00', '2.37', '0.90', '0.23', '1.20'], attacker: ['214.05', '182.42', '186.51', '195.78', '1780.20']
2026-05-06 18:07:53 | INFO    | dpfl.core.base_simulator | Round 108/150 | Acc: 0.7944 | Loss: 7966.8051 | eps_max: 6.64 eps_avg: 5.04 | P: 0.74 R: 1.00 F1: 0.83
2026-05-06 18:07:53 | DEBUG   | dpfl.core.base_simulator | Update norms — honest: ['3.53', '0.99', '2.50', '1.28', '0.40'], attacker: ['214.64', '185.80', '185.44', '195.92', '1732.71']
2026-05-06 18:08:12 | INFO    | dpfl.core.base_simulator | Round 109/150 | Acc: 0.7947 | Loss: 11694.9637 | eps_max: 6.65 eps_avg: 5.05 | P: 0.97 R: 1.00 F1: 0.98
2026-05-06 18:08:12 | DEBUG   | dpfl.core.base_simulator | Update norms — honest: ['2.72', '1.51', '1.25', '1.71', '0.23'], attacker: ['216.76', '184.63', '187.83', '195.72', '1775.44']
2026-05-06 18:08:32 | INFO    | dpfl.core.base_simulator | Round 110/150 | Acc: 0.7946 | Loss: 7267.4598 | eps_max: 6.65 eps_avg: 5.11 | P: 0.76 R: 1.00 F1: 0.86
2026-05-06 18:08:32 | DEBUG   | dpfl.core.base_simulator | Update norms — honest: ['0.33', '0.54', '0.42', '0.96', '0.51'], attacker: ['212.01', '188.04', '187.31', '197.01', '1742.50']
2026-05-06 18:08:51 | INFO    | dpfl.core.base_simulator | Round 111/150 | Acc: 0.7942 | Loss: 8933.1161 | eps_max: 6.65 eps_avg: 5.16 | P: 0.85 R: 1.00 F1: 0.92
2026-05-06 18:08:51 | DEBUG   | dpfl.core.base_simulator | Update norms — honest: ['2.19', '2.17', '1.27', '0.29', '0.49'], attacker: ['215.73', '183.33', '189.26', '195.23', '1803.22']
2026-05-06 18:09:10 | INFO    | dpfl.core.base_simulator | Round 112/150 | Acc: 0.7945 | Loss: 5613.7197 | eps_max: 6.65 eps_avg: 5.20 | P: 0.80 R: 1.00 F1: 0.86
2026-05-06 18:09:10 | DEBUG   | dpfl.core.base_simulator | Update norms — honest: ['2.82', '0.31', '0.53', '0.33', '1.84'], attacker: ['214.07', '186.09', '187.94', '190.15', '1774.59']
2026-05-06 18:09:29 | INFO    | dpfl.core.base_simulator | Round 113/150 | Acc: 0.7945 | Loss: 13904.0976 | eps_max: 6.65 eps_avg: 5.20 | P: 0.93 R: 1.00 F1: 0.96
2026-05-06 18:09:29 | DEBUG   | dpfl.core.base_simulator | Update norms — honest: ['1.24', '0.53', '1.79', '2.07'], attacker: ['214.30', '185.32', '188.21', '193.20', '1759.31']
2026-05-06 18:09:48 | INFO    | dpfl.core.base_simulator | Round 114/150 | Acc: 0.7945 | Loss: 9066.0642 | eps_max: 6.68 eps_avg: 5.24 | P: 0.71 R: 1.00 F1: 0.81
2026-05-06 18:09:48 | DEBUG   | dpfl.core.base_simulator | Update norms — honest: ['1.71', '2.24', '1.65', '1.41', '0.29'], attacker: ['2005.28', '2078.56', '1878.25', '2003.58', '3420.42']
2026-05-06 18:10:07 | INFO    | dpfl.core.base_simulator | Round 115/150 | Acc: 0.7941 | Loss: 9040.0407 | eps_max: 6.68 eps_avg: 5.26 | P: 0.85 R: 1.00 F1: 0.92
2026-05-06 18:10:07 | DEBUG   | dpfl.core.base_simulator | Update norms — honest: ['0.00', '0.37', '2.38', '2.03', '3.33'], attacker: ['2018.28', '2094.80', '1852.03', '2037.76', '3490.38']
2026-05-06 18:10:27 | INFO    | dpfl.core.base_simulator | Round 116/150 | Acc: 0.7947 | Loss: 5756.6004 | eps_max: 6.68 eps_avg: 5.29 | P: 0.86 R: 1.00 F1: 0.92
2026-05-06 18:10:27 | DEBUG   | dpfl.core.base_simulator | Update norms — honest: ['0.62', '0.88', '0.84', '1.42', '0.00'], attacker: ['2024.85', '2103.54', '1854.55', '2026.55', '3337.56']
2026-05-06 18:10:46 | INFO    | dpfl.core.base_simulator | Round 117/150 | Acc: 0.7941 | Loss: 12592.6747 | eps_max: 6.68 eps_avg: 5.33 | P: 0.77 R: 1.00 F1: 0.86
2026-05-06 18:10:46 | DEBUG   | dpfl.core.base_simulator | Update norms — honest: ['0.57', '2.49', '2.16', '2.10', '1.38'], attacker: ['2013.51', '2123.51', '1848.75', '1993.49', '3465.71']
2026-05-06 18:11:05 | INFO    | dpfl.core.base_simulator | Round 118/150 | Acc: 0.7947 | Loss: 8265.1264 | eps_max: 6.68 eps_avg: 5.37 | P: 0.94 R: 1.00 F1: 0.97
2026-05-06 18:11:05 | DEBUG   | dpfl.core.base_simulator | Update norms — honest: ['1.11', '0.60', '1.71', '0.79', '1.47'], attacker: ['2009.26', '2136.05', '1893.90', '2066.80', '3552.63']
2026-05-06 18:11:14 | INFO    | dpfl.core.base_simulator | Round 119/150 | Acc: 0.7944 | Loss: 8713.6882 | eps_max: 7.07 eps_avg: 5.42 | P: 0.77 R: 1.00 F1: 0.85
2026-05-06 18:11:14 | DEBUG   | dpfl.core.base_simulator | Update norms — honest: ['1.47', '1.03', '1.08', '1.00', '1.83'], attacker: ['1982.84', '2099.32', '1894.18', '2022.50', '3491.90']
2026-05-06 18:11:57 | INFO    | dpfl.core.base_simulator | Round 120/150 | Acc: 0.7943 | Loss: 8014.3957 | eps_max: 7.07 eps_avg: 5.46 | P: 0.79 R: 1.00 F1: 0.87
2026-05-06 18:11:57 | DEBUG   | dpfl.core.base_simulator | Update norms — honest: ['0.47', '0.00', '1.50', '1.27', '0.90'], attacker: ['1978.19', '2078.09', '1859.88', '2019.27', '3493.75']
2026-05-06 18:12:02 | INFO    | dpfl.core.base_simulator | Round 121/150 | Acc: 0.7946 | Loss: 7352.4801 | eps_max: 7.07 eps_avg: 5.49 | P: 0.75 R: 1.00 F1: 0.84
2026-05-06 18:12:02 | DEBUG   | dpfl.core.base_simulator | Update norms — honest: ['2.79', '0.58', '2.36', '0.99', '1.13'], attacker: ['2004.55', '2085.85', '1887.84', '2047.12', '3487.55']
2026-05-06 18:12:20 | INFO    | dpfl.core.base_simulator | Round 122/150 | Acc: 0.7946 | Loss: 4181.6159 | eps_max: 7.07 eps_avg: 5.51 | P: 0.86 R: 1.00 F1: 0.92
2026-05-06 18:12:20 | DEBUG   | dpfl.core.base_simulator | Update norms — honest: ['3.16', '3.14', '0.00', '1.97', '0.54'], attacker: ['2003.34', '2115.76', '1854.99', '2003.51', '3632.33']
2026-05-06 18:12:38 | INFO    | dpfl.core.base_simulator | Round 123/150 | Acc: 0.7944 | Loss: 4728.0552 | eps_max: 7.07 eps_avg: 5.53 | P: 0.82 R: 1.00 F1: 0.88
2026-05-06 18:12:38 | DEBUG   | dpfl.core.base_simulator | Update norms — honest: ['0.66', '2.12', '1.07', '1.13', '1.80'], attacker: ['2003.77', '2081.73', '1868.46', '2039.34', '3462.72']
2026-05-06 18:12:57 | INFO    | dpfl.core.base_simulator | Round 124/150 | Acc: 0.7939 | Loss: 7946.2972 | eps_max: 7.07 eps_avg: 5.54 | P: 0.83 R: 1.00 F1: 0.88
2026-05-06 18:12:57 | DEBUG   | dpfl.core.base_simulator | Update norms — honest: ['2.28', '0.72', '2.08', '0.84', '1.01'], attacker: ['1997.98', '2094.33', '1861.23', '2011.69', '3612.49']
2026-05-06 18:13:15 | INFO    | dpfl.core.base_simulator | Round 125/150 | Acc: 0.7942 | Loss: 9661.8379 | eps_max: 7.07 eps_avg: 5.56 | P: 0.89 R: 1.00 F1: 0.94
2026-05-06 18:13:15 | DEBUG   | dpfl.core.base_simulator | Update norms — honest: ['0.65', '2.00', '0.67', '0.09', '2.62'], attacker: ['2002.95', '2119.33', '1867.47', '2023.67', '3487.10']
2026-05-06 18:13:34 | INFO    | dpfl.core.base_simulator | Round 126/150 | Acc: 0.7944 | Loss: 5189.8693 | eps_max: 7.07 eps_avg: 5.59 | P: 0.92 R: 1.00 F1: 0.96
2026-05-06 18:13:34 | DEBUG   | dpfl.core.base_simulator | Update norms — honest: ['0.28', '1.00', '0.94', '1.97', '0.85'], attacker: ['2006.75', '2100.24', '1892.14', '2046.48', '3406.99']
2026-05-06 18:13:53 | INFO    | dpfl.core.base_simulator | Round 127/150 | Acc: 0.7945 | Loss: 4780.3534 | eps_max: 7.25 eps_avg: 5.60 | P: 0.89 R: 1.00 F1: 0.94
2026-05-06 18:13:53 | DEBUG   | dpfl.core.base_simulator | Update norms — honest: ['1.71', '0.00', '1.55', '1.80', '1.39'], attacker: ['2061.51', '2116.72', '1840.85', '2023.69', '3451.30']
2026-05-06 18:14:12 | INFO    | dpfl.core.base_simulator | Round 128/150 | Acc: 0.7942 | Loss: 4254.9076 | eps_max: 7.25 eps_avg: 5.65 | P: 0.82 R: 1.00 F1: 0.88
2026-05-06 18:14:12 | DEBUG   | dpfl.core.base_simulator | Update norms — honest: ['1.76', '1.82', '0.65', '0.12', '0.29'], attacker: ['2007.15', '2068.22', '1890.26', '2004.74', '3589.02']
2026-05-06 18:14:30 | INFO    | dpfl.core.base_simulator | Round 129/150 | Acc: 0.7945 | Loss: 4424.7914 | eps_max: 7.25 eps_avg: 5.68 | P: 0.78 R: 1.00 F1: 0.85
2026-05-06 18:14:30 | DEBUG   | dpfl.core.base_simulator | Update norms — honest: ['0.95', '0.79', '1.31', '0.56', '0.73'], attacker: ['1975.63', '2094.93', '1844.82', '2016.36', '3364.01']
2026-05-06 18:14:49 | INFO    | dpfl.core.base_simulator | Round 130/150 | Acc: 0.7943 | Loss: 3821.4297 | eps_max: 7.25 eps_avg: 5.70 | P: 0.79 R: 1.00 F1: 0.86
2026-05-06 18:14:49 | DEBUG   | dpfl.core.base_simulator | Update norms — honest: ['1.18', '0.50', '0.80', '1.07', '0.39'], attacker: ['2002.10', '2096.88', '1883.98', '2068.69', '3429.03']
2026-05-06 18:15:08 | INFO    | dpfl.core.base_simulator | Round 131/150 | Acc: 0.7945 | Loss: 5328.3369 | eps_max: 7.47 eps_avg: 5.72 | P: 0.85 R: 1.00 F1: 0.92
2026-05-06 18:15:08 | DEBUG   | dpfl.core.base_simulator | Update norms — honest: ['1.07', '0.67', '0.81', '2.17', '2.29'], attacker: ['2015.14', '2098.27', '1903.55', '2018.20', '3451.41']
2026-05-06 18:15:26 | INFO    | dpfl.core.base_simulator | Round 132/150 | Acc: 0.7942 | Loss: 6533.1227 | eps_max: 7.47 eps_avg: 5.74 | P: 0.83 R: 1.00 F1: 0.89
2026-05-06 18:15:26 | DEBUG   | dpfl.core.base_simulator | Update norms — honest: ['0.79', '2.20', '1.28', '1.32', '2.99'], attacker: ['2000.72', '2072.77', '1878.10', '2019.21', '3387.83']
2026-05-06 18:15:45 | INFO    | dpfl.core.base_simulator | Round 133/150 | Acc: 0.7935 | Loss: 7502.6792 | eps_max: 7.55 eps_avg: 5.78 | P: 0.73 R: 1.00 F1: 0.84
2026-05-06 18:15:45 | DEBUG   | dpfl.core.base_simulator | Update norms — honest: ['3.18', '1.16', '2.22', '2.17', '1.83'], attacker: ['24266.39', '24536.67', '24072.58', '23105.09', '27093.82']
2026-05-06 18:16:04 | INFO    | dpfl.core.base_simulator | Round 134/150 | Acc: 0.7939 | Loss: 4898.8914 | eps_max: 7.59 eps_avg: 5.80 | P: 0.80 R: 1.00 F1: 0.88
2026-05-06 18:16:04 | DEBUG   | dpfl.core.base_simulator | Update norms — honest: ['1.27', '0.00', '0.60', '1.92', '2.05'], attacker: ['23894.09', '24490.98', '23640.36', '23275.11', '26785.60']
2026-05-06 18:16:23 | INFO    | dpfl.core.base_simulator | Round 135/150 | Acc: 0.7937 | Loss: 7619.5020 | eps_max: 7.59 eps_avg: 5.83 | P: 0.88 R: 1.00 F1: 0.93
2026-05-06 18:16:23 | DEBUG   | dpfl.core.base_simulator | Update norms — honest: ['0.24', '2.20', '1.39', '1.47', '2.35'], attacker: ['23414.57', '23590.81', '24292.81', '22974.27', '26600.88']
2026-05-06 18:16:41 | INFO    | dpfl.core.base_simulator | Round 136/150 | Acc: 0.7941 | Loss: 3837.9137 | eps_max: 7.59 eps_avg: 5.85 | P: 0.71 R: 1.00 F1: 0.80
2026-05-06 18:16:41 | DEBUG   | dpfl.core.base_simulator | Update norms — honest: ['0.00', '1.27', '0.50', '1.86', '1.52'], attacker: ['22971.12', '25012.41', '24506.65', '22643.73', '26162.79']
2026-05-06 18:17:00 | INFO    | dpfl.core.base_simulator | Round 137/150 | Acc: 0.7941 | Loss: 5008.3325 | eps_max: 7.59 eps_avg: 5.86 | P: 0.95 R: 1.00 F1: 0.98
2026-05-06 18:17:00 | DEBUG   | dpfl.core.base_simulator | Update norms — honest: ['1.59', '1.11', '1.30', '1.77', '1.21'], attacker: ['23849.15', '23711.20', '23686.38', '22947.16', '26211.75']
2026-05-06 18:17:19 | INFO    | dpfl.core.base_simulator | Round 138/150 | Acc: 0.7939 | Loss: 5466.8563 | eps_max: 7.59 eps_avg: 5.88 | P: 0.82 R: 1.00 F1: 0.88
2026-05-06 18:17:19 | DEBUG   | dpfl.core.base_simulator | Update norms — honest: ['1.84', '2.36', '0.00', '1.18', '1.97'], attacker: ['25495.55', '23389.41', '22546.47', '23948.04', '26114.74']
2026-05-06 18:17:37 | INFO    | dpfl.core.base_simulator | Round 139/150 | Acc: 0.7939 | Loss: 4357.7613 | eps_max: 7.59 eps_avg: 5.90 | P: 0.85 R: 1.00 F1: 0.90
2026-05-06 18:17:37 | DEBUG   | dpfl.core.base_simulator | Update norms — honest: ['2.46', '2.01', '0.41', '1.66', '0.00'], attacker: ['24107.34', '23720.04', '24557.32', '23324.74', '26556.36']
2026-05-06 18:17:56 | INFO    | dpfl.core.base_simulator | Round 140/150 | Acc: 0.7934 | Loss: 4448.2765 | eps_max: 7.59 eps_avg: 5.93 | P: 0.79 R: 1.00 F1: 0.87
2026-05-06 18:17:56 | DEBUG   | dpfl.core.base_simulator | Update norms — honest: ['0.14', '0.78', '2.10', '2.96', '1.52'], attacker: ['24340.96', '23708.84', '22936.97', '22859.18', '25912.38']
2026-05-06 18:18:15 | INFO    | dpfl.core.base_simulator | Round 141/150 | Acc: 0.7937 | Loss: 5551.3936 | eps_max: 7.59 eps_avg: 5.94 | P: 0.95 R: 1.00 F1: 0.97
2026-05-06 18:18:15 | DEBUG   | dpfl.core.base_simulator | Update norms — honest: ['0.36', '0.41', '1.34', '0.10', '0.64'], attacker: ['24241.94', '24272.11', '23295.29', '22894.43', '26750.59']
2026-05-06 18:18:34 | INFO    | dpfl.core.base_simulator | Round 142/150 | Acc: 0.7934 | Loss: 6964.5173 | eps_max: 7.59 eps_avg: 5.97 | P: 0.60 R: 1.00 F1: 0.72
2026-05-06 18:18:34 | DEBUG   | dpfl.core.base_simulator | Update norms — honest: ['0.19', '0.96', '1.38', '0.00', '1.05'], attacker: ['23617.77', '24210.11', '24321.67', '22221.95', '26149.28']
2026-05-06 18:18:52 | INFO    | dpfl.core.base_simulator | Round 143/150 | Acc: 0.7939 | Loss: 4079.4828 | eps_max: 7.59 eps_avg: 6.01 | P: 0.78 R: 1.00 F1: 0.86
2026-05-06 18:18:52 | DEBUG   | dpfl.core.base_simulator | Update norms — honest: ['0.75', '0.39', '1.80', '0.38', '0.99'], attacker: ['24261.41', '24558.77', '23059.39', '22877.98', '27078.39']
2026-05-06 18:19:11 | INFO    | dpfl.core.base_simulator | Round 144/150 | Acc: 0.7937 | Loss: 6837.3169 | eps_max: 7.59 eps_avg: 6.03 | P: 0.77 R: 1.00 F1: 0.85
2026-05-06 18:19:11 | DEBUG   | dpfl.core.base_simulator | Update norms — honest: ['1.15', '1.42', '0.00', '1.89', '0.00'], attacker: ['24505.78', '23540.95', '23602.60', '23810.29', '26150.66']
2026-05-06 18:19:29 | INFO    | dpfl.core.base_simulator | Round 145/150 | Acc: 0.7939 | Loss: 4215.0952 | eps_max: 7.59 eps_avg: 6.06 | P: 0.88 R: 1.00 F1: 0.93
2026-05-06 18:19:29 | DEBUG   | dpfl.core.base_simulator | Update norms — honest: ['1.26', '0.63', '1.45', '0.00', '0.70'], attacker: ['23750.85', '23871.20', '23088.24', '22837.04', '26102.29']
2026-05-06 18:19:48 | INFO    | dpfl.core.base_simulator | Round 146/150 | Acc: 0.7936 | Loss: 5119.0518 | eps_max: 7.59 eps_avg: 6.09 | P: 0.80 R: 1.00 F1: 0.88
2026-05-06 18:19:48 | DEBUG   | dpfl.core.base_simulator | Update norms — honest: ['0.00', '0.00', '2.36', '1.69', '0.35'], attacker: ['302949.06', '275458.66', '281482.88', '284854.62', '277958.62']
2026-05-06 18:20:07 | INFO    | dpfl.core.base_simulator | Round 147/150 | Acc: 0.7938 | Loss: 3282.2500 | eps_max: 7.59 eps_avg: 6.13 | P: 0.86 R: 1.00 F1: 0.91
2026-05-06 18:20:07 | DEBUG   | dpfl.core.base_simulator | Update norms — honest: ['1.22', '1.84', '1.86', '1.02', '2.08'], attacker: ['279282.75', '285412.78', '284280.41', '285908.44', '283802.56']
2026-05-06 18:20:26 | INFO    | dpfl.core.base_simulator | Round 148/150 | Acc: 0.7932 | Loss: 4521.9553 | eps_max: 7.59 eps_avg: 6.16 | P: 0.78 R: 1.00 F1: 0.87
2026-05-06 18:20:26 | DEBUG   | dpfl.core.base_simulator | Update norms — honest: ['2.68', '1.07', '1.67', '0.70', '1.92'], attacker: ['282969.03', '278934.97', '294121.94', '283620.06', '285558.62']
2026-05-06 18:20:45 | INFO    | dpfl.core.base_simulator | Round 149/150 | Acc: 0.7935 | Loss: 3388.3216 | eps_max: 7.59 eps_avg: 6.18 | P: 0.92 R: 1.00 F1: 0.96
2026-05-06 18:20:45 | DEBUG   | dpfl.core.base_simulator | Update norms — honest: ['0.00', '1.63', '2.58', '0.00', '0.53'], attacker: ['290475.66', '279490.66', '284216.34', '281568.34', '286098.72']
2026-05-06 18:21:04 | INFO    | dpfl.core.base_simulator | Round 150/150 | Acc: 0.7937 | Loss: 3249.6535 | eps_max: 7.59 eps_avg: 6.20 | P: 0.86 R: 1.00 F1: 0.93
2026-05-06 18:21:04 | DEBUG   | dpfl.core.base_simulator | Update norms — honest: ['1.26', '0.41', '0.00', '1.51', '2.01'], attacker: ['288665.16', '277114.25', '290048.72', '286797.66', '289058.44']
2026-05-06 18:21:05 | INFO    | dpfl | Experiment complete in 3410.1s
============================================================
REPORT: DP-SGD Decentralized Federated Learning
============================================================
Timestamp:                  20260506_172413
Rounds completed:           150
Attack-active rounds:       100  (from round 50)
Final accuracy:             0.7937
Final test loss:            3249.6535
Final epsilon (max honest): 7.59
Final epsilon (avg honest): 6.20
Best alpha:                 1000.0
Avg precision:              0.8316
Avg recall:                 1.0000
Avg F1 score:               0.8959
Avg update norm (honest):   1.0534
Avg update norm (attacker): 53154909.1322

eps_system (max honest): 7.5911
eps_avg (honest):        6.1960
eps_std (honest):        0.8015
n_frozen:                0/200
============================================================
