2026-05-07 07:35:48 | INFO    | dpfl | Experiment start: algorithm=krum, dataset=fashion_mnist, model=mlp, device=cuda
2026-05-07 07:35:48 | INFO    | dpfl | Config: nodes=500, attackers=200, rounds=150, noise_mode=none, attack=scale
2026-05-07 07:35:48 | INFO    | dpfl.data.fashion_mnist_dataset | Loading Fashion-MNIST dataset...
2026-05-07 07:35:48 | INFO    | dpfl.data.fashion_mnist_dataset | Fashion-MNIST loaded: 60000 train, 10000 test samples
2026-05-07 07:36:24 | INFO    | dpfl.core.base_simulator | Vectorized state ready: param_spec.D=50890, X_test=(10000, 1, 28, 28), train clients N=500, max_n_samples=1000
2026-05-07 07:36:24 | INFO    | dpfl.core.base_simulator | Setup complete: 500 nodes (200 attackers), param_dim=50890, split=iid
2026-05-07 07:36:24 | DEBUG   | dpfl.core.base_simulator | Attacker IDs: {0, 1, 2, 3, 4, 5, 6, 7, 8, 9, 10, 11, 12, 13, 14, 15, 16, 17, 18, 19, 20, 21, 22, 23, 24, 25, 26, 27, 28, 29, 30, 31, 32, 33, 34, 35, 36, 37, 38, 39, 40, 41, 42, 43, 44, 45, 46, 47, 48, 49, 50, 51, 52, 53, 54, 55, 56, 57, 58, 59, 60, 61, 62, 63, 64, 65, 66, 67, 68, 69, 70, 71, 72, 73, 74, 75, 76, 77, 78, 79, 80, 81, 82, 83, 84, 85, 86, 87, 88, 89, 90, 91, 92, 93, 94, 95, 96, 97, 98, 99, 100, 101, 102, 103, 104, 105, 106, 107, 108, 109, 110, 111, 112, 113, 114, 115, 116, 117, 118, 119, 120, 121, 122, 123, 124, 125, 126, 127, 128, 129, 130, 131, 132, 133, 134, 135, 136, 137, 138, 139, 140, 141, 142, 143, 144, 145, 146, 147, 148, 149, 150, 151, 152, 153, 154, 155, 156, 157, 158, 159, 160, 161, 162, 163, 164, 165, 166, 167, 168, 169, 170, 171, 172, 173, 174, 175, 176, 177, 178, 179, 180, 181, 182, 183, 184, 185, 186, 187, 188, 189, 190, 191, 192, 193, 194, 195, 196, 197, 198, 199}
2026-05-07 07:36:27 | INFO    | dpfl.core.base_simulator | Round   1/150 | Acc: 0.4578 | Loss: 1.9724 | eps: 0.00 | P: 0.00 R: nan F1: nan
2026-05-07 07:36:27 | DEBUG   | dpfl.core.base_simulator | Update norms — honest: ['0.23', '0.24', '0.23', '0.24', '0.24'], attacker: ['0.23', '0.23', '0.24', '0.23', '0.24']
2026-05-07 07:36:29 | INFO    | dpfl.core.base_simulator | Round   2/150 | Acc: 0.5724 | Loss: 1.7054 | eps: 0.00 | P: 0.00 R: nan F1: nan
2026-05-07 07:36:29 | DEBUG   | dpfl.core.base_simulator | Update norms — honest: ['0.21', '0.21', '0.20', '0.20', '0.21'], attacker: ['0.20', '0.20', '0.21', '0.20', '0.21']
2026-05-07 07:36:31 | INFO    | dpfl.core.base_simulator | Round   3/150 | Acc: 0.6218 | Loss: 1.4808 | eps: 0.00 | P: 0.00 R: nan F1: nan
2026-05-07 07:36:31 | DEBUG   | dpfl.core.base_simulator | Update norms — honest: ['0.19', '0.19', '0.19', '0.18', '0.19'], attacker: ['0.19', '0.19', '0.19', '0.18', '0.20']
2026-05-07 07:36:33 | INFO    | dpfl.core.base_simulator | Round   4/150 | Acc: 0.6510 | Loss: 1.3048 | eps: 0.00 | P: 0.00 R: nan F1: nan
2026-05-07 07:36:33 | DEBUG   | dpfl.core.base_simulator | Update norms — honest: ['0.17', '0.17', '0.17', '0.16', '0.17'], attacker: ['0.17', '0.17', '0.18', '0.16', '0.17']
2026-05-07 07:36:35 | INFO    | dpfl.core.base_simulator | Round   5/150 | Acc: 0.6731 | Loss: 1.1753 | eps: 0.00 | P: 0.00 R: nan F1: nan
2026-05-07 07:36:35 | DEBUG   | dpfl.core.base_simulator | Update norms — honest: ['0.14', '0.14', '0.14', '0.14', '0.14'], attacker: ['0.15', '0.15', '0.15', '0.14', '0.15']
2026-05-07 07:36:37 | INFO    | dpfl.core.base_simulator | Round   6/150 | Acc: 0.6907 | Loss: 1.0811 | eps: 0.00 | P: 0.00 R: nan F1: nan
2026-05-07 07:36:37 | DEBUG   | dpfl.core.base_simulator | Update norms — honest: ['0.12', '0.13', '0.12', '0.12', '0.12'], attacker: ['0.13', '0.13', '0.13', '0.13', '0.13']
2026-05-07 07:36:39 | INFO    | dpfl.core.base_simulator | Round   7/150 | Acc: 0.7022 | Loss: 1.0108 | eps: 0.00 | P: 0.00 R: nan F1: nan
2026-05-07 07:36:39 | DEBUG   | dpfl.core.base_simulator | Update norms — honest: ['0.11', '0.11', '0.11', '0.11', '0.11'], attacker: ['0.11', '0.11', '0.12', '0.11', '0.11']
2026-05-07 07:36:41 | INFO    | dpfl.core.base_simulator | Round   8/150 | Acc: 0.7102 | Loss: 0.9573 | eps: 0.00 | P: 0.00 R: nan F1: nan
2026-05-07 07:36:41 | DEBUG   | dpfl.core.base_simulator | Update norms — honest: ['0.10', '0.09', '0.10', '0.10', '0.09'], attacker: ['0.10', '0.10', '0.11', '0.10', '0.10']
2026-05-07 07:36:43 | INFO    | dpfl.core.base_simulator | Round   9/150 | Acc: 0.7165 | Loss: 0.9143 | eps: 0.00 | P: 0.00 R: nan F1: nan
2026-05-07 07:36:43 | DEBUG   | dpfl.core.base_simulator | Update norms — honest: ['0.09', '0.09', '0.09', '0.09', '0.08'], attacker: ['0.10', '0.10', '0.10', '0.10', '0.09']
2026-05-07 07:36:45 | INFO    | dpfl.core.base_simulator | Round  10/150 | Acc: 0.7228 | Loss: 0.8791 | eps: 0.00 | P: 0.00 R: nan F1: nan
2026-05-07 07:36:45 | DEBUG   | dpfl.core.base_simulator | Update norms — honest: ['0.08', '0.08', '0.08', '0.08', '0.08'], attacker: ['0.09', '0.09', '0.10', '0.09', '0.08']
2026-05-07 07:36:48 | INFO    | dpfl.core.base_simulator | Round  11/150 | Acc: 0.7276 | Loss: 0.8499 | eps: 0.00 | P: 0.00 R: nan F1: nan
2026-05-07 07:36:48 | DEBUG   | dpfl.core.base_simulator | Update norms — honest: ['0.07', '0.07', '0.08', '0.07', '0.07'], attacker: ['0.10', '0.08', '0.09', '0.09', '0.08']
2026-05-07 07:36:50 | INFO    | dpfl.core.base_simulator | Round  12/150 | Acc: 0.7325 | Loss: 0.8247 | eps: 0.00 | P: 0.00 R: nan F1: nan
2026-05-07 07:36:50 | DEBUG   | dpfl.core.base_simulator | Update norms — honest: ['0.07', '0.07', '0.07', '0.07', '0.07'], attacker: ['0.08', '0.08', '0.08', '0.08', '0.08']
2026-05-07 07:36:52 | INFO    | dpfl.core.base_simulator | Round  13/150 | Acc: 0.7364 | Loss: 0.8035 | eps: 0.00 | P: 0.00 R: nan F1: nan
2026-05-07 07:36:52 | DEBUG   | dpfl.core.base_simulator | Update norms — honest: ['0.07', '0.07', '0.06', '0.07', '0.07'], attacker: ['0.07', '0.08', '0.08', '0.07', '0.07']
2026-05-07 07:36:54 | INFO    | dpfl.core.base_simulator | Round  14/150 | Acc: 0.7400 | Loss: 0.7848 | eps: 0.00 | P: 0.00 R: nan F1: nan
2026-05-07 07:36:54 | DEBUG   | dpfl.core.base_simulator | Update norms — honest: ['0.06', '0.06', '0.06', '0.06', '0.06'], attacker: ['0.07', '0.07', '0.07', '0.07', '0.07']
2026-05-07 07:36:56 | INFO    | dpfl.core.base_simulator | Round  15/150 | Acc: 0.7434 | Loss: 0.7686 | eps: 0.00 | P: 0.00 R: nan F1: nan
2026-05-07 07:36:56 | DEBUG   | dpfl.core.base_simulator | Update norms — honest: ['0.06', '0.06', '0.06', '0.06', '0.06'], attacker: ['0.08', '0.07', '0.08', '0.07', '0.07']
2026-05-07 07:36:58 | INFO    | dpfl.core.base_simulator | Round  16/150 | Acc: 0.7464 | Loss: 0.7543 | eps: 0.00 | P: 0.00 R: nan F1: nan
2026-05-07 07:36:58 | DEBUG   | dpfl.core.base_simulator | Update norms — honest: ['0.06', '0.06', '0.06', '0.06', '0.05'], attacker: ['0.08', '0.08', '0.09', '0.07', '0.07']
2026-05-07 07:37:00 | INFO    | dpfl.core.base_simulator | Round  17/150 | Acc: 0.7491 | Loss: 0.7417 | eps: 0.00 | P: 0.00 R: nan F1: nan
2026-05-07 07:37:00 | DEBUG   | dpfl.core.base_simulator | Update norms — honest: ['0.05', '0.06', '0.06', '0.05', '0.05'], attacker: ['0.07', '0.08', '0.07', '0.07', '0.08']
2026-05-07 07:37:02 | INFO    | dpfl.core.base_simulator | Round  18/150 | Acc: 0.7519 | Loss: 0.7304 | eps: 0.00 | P: 0.00 R: nan F1: nan
2026-05-07 07:37:02 | DEBUG   | dpfl.core.base_simulator | Update norms — honest: ['0.05', '0.05', '0.05', '0.05', '0.05'], attacker: ['0.08', '0.08', '0.09', '0.07', '0.07']
2026-05-07 07:37:04 | INFO    | dpfl.core.base_simulator | Round  19/150 | Acc: 0.7545 | Loss: 0.7199 | eps: 0.00 | P: 0.00 R: nan F1: nan
2026-05-07 07:37:04 | DEBUG   | dpfl.core.base_simulator | Update norms — honest: ['0.05', '0.05', '0.05', '0.05', '0.05'], attacker: ['0.09', '0.08', '0.08', '0.08', '0.07']
2026-05-07 07:37:06 | INFO    | dpfl.core.base_simulator | Round  20/150 | Acc: 0.7563 | Loss: 0.7111 | eps: 0.00 | P: 0.00 R: nan F1: nan
2026-05-07 07:37:06 | DEBUG   | dpfl.core.base_simulator | Update norms — honest: ['0.05', '0.05', '0.05', '0.05', '0.05'], attacker: ['0.08', '0.08', '0.10', '0.09', '0.08']
2026-05-07 07:37:08 | INFO    | dpfl.core.base_simulator | Round  21/150 | Acc: 0.7583 | Loss: 0.7025 | eps: 0.00 | P: 0.00 R: nan F1: nan
2026-05-07 07:37:08 | DEBUG   | dpfl.core.base_simulator | Update norms — honest: ['0.05', '0.05', '0.05', '0.05', '0.05'], attacker: ['0.08', '0.09', '0.08', '0.10', '0.08']
2026-05-07 07:37:10 | INFO    | dpfl.core.base_simulator | Round  22/150 | Acc: 0.7602 | Loss: 0.6949 | eps: 0.00 | P: 0.00 R: nan F1: nan
2026-05-07 07:37:10 | DEBUG   | dpfl.core.base_simulator | Update norms — honest: ['0.04', '0.05', '0.05', '0.05', '0.05'], attacker: ['0.08', '0.09', '0.10', '0.09', '0.08']
2026-05-07 07:37:12 | INFO    | dpfl.core.base_simulator | Round  23/150 | Acc: 0.7620 | Loss: 0.6876 | eps: 0.00 | P: 0.00 R: nan F1: nan
2026-05-07 07:37:12 | DEBUG   | dpfl.core.base_simulator | Update norms — honest: ['0.04', '0.05', '0.05', '0.04', '0.04'], attacker: ['0.09', '0.10', '0.10', '0.09', '0.09']
2026-05-07 07:37:15 | INFO    | dpfl.core.base_simulator | Round  24/150 | Acc: 0.7637 | Loss: 0.6814 | eps: 0.00 | P: 0.00 R: nan F1: nan
2026-05-07 07:37:15 | DEBUG   | dpfl.core.base_simulator | Update norms — honest: ['0.04', '0.04', '0.04', '0.04', '0.04'], attacker: ['0.10', '0.09', '0.10', '0.09', '0.09']
2026-05-07 07:37:17 | INFO    | dpfl.core.base_simulator | Round  25/150 | Acc: 0.7658 | Loss: 0.6746 | eps: 0.00 | P: 0.00 R: nan F1: nan
2026-05-07 07:37:17 | DEBUG   | dpfl.core.base_simulator | Update norms — honest: ['0.04', '0.04', '0.05', '0.04', '0.04'], attacker: ['0.09', '0.08', '0.10', '0.08', '0.07']
2026-05-07 07:37:19 | INFO    | dpfl.core.base_simulator | Round  26/150 | Acc: 0.7672 | Loss: 0.6690 | eps: 0.00 | P: 0.00 R: nan F1: nan
2026-05-07 07:37:19 | DEBUG   | dpfl.core.base_simulator | Update norms — honest: ['0.04', '0.04', '0.04', '0.04', '0.04'], attacker: ['0.08', '0.09', '0.09', '0.08', '0.08']
2026-05-07 07:37:21 | INFO    | dpfl.core.base_simulator | Round  27/150 | Acc: 0.7684 | Loss: 0.6636 | eps: 0.00 | P: 0.00 R: nan F1: nan
2026-05-07 07:37:21 | DEBUG   | dpfl.core.base_simulator | Update norms — honest: ['0.05', '0.04', '0.04', '0.04', '0.04'], attacker: ['0.09', '0.09', '0.09', '0.09', '0.09']
2026-05-07 07:37:23 | INFO    | dpfl.core.base_simulator | Round  28/150 | Acc: 0.7696 | Loss: 0.6595 | eps: 0.00 | P: 0.00 R: nan F1: nan
2026-05-07 07:37:23 | DEBUG   | dpfl.core.base_simulator | Update norms — honest: ['0.05', '0.04', '0.04', '0.04', '0.04'], attacker: ['0.10', '0.09', '0.10', '0.10', '0.09']
2026-05-07 07:37:25 | INFO    | dpfl.core.base_simulator | Round  29/150 | Acc: 0.7709 | Loss: 0.6553 | eps: 0.00 | P: 0.00 R: nan F1: nan
2026-05-07 07:37:25 | DEBUG   | dpfl.core.base_simulator | Update norms — honest: ['0.04', '0.04', '0.04', '0.04', '0.04'], attacker: ['0.08', '0.08', '0.10', '0.09', '0.09']
2026-05-07 07:37:27 | INFO    | dpfl.core.base_simulator | Round  30/150 | Acc: 0.7724 | Loss: 0.6501 | eps: 0.00 | P: 0.00 R: nan F1: nan
2026-05-07 07:37:27 | DEBUG   | dpfl.core.base_simulator | Update norms — honest: ['0.04', '0.04', '0.04', '0.04', '0.04'], attacker: ['0.08', '0.09', '0.10', '0.08', '0.09']
2026-05-07 07:37:29 | INFO    | dpfl.core.base_simulator | Round  31/150 | Acc: 0.7737 | Loss: 0.6461 | eps: 0.00 | P: 0.00 R: nan F1: nan
2026-05-07 07:37:29 | DEBUG   | dpfl.core.base_simulator | Update norms — honest: ['0.04', '0.04', '0.04', '0.04', '0.03'], attacker: ['0.09', '0.09', '0.10', '0.09', '0.09']
2026-05-07 07:37:31 | INFO    | dpfl.core.base_simulator | Round  32/150 | Acc: 0.7743 | Loss: 0.6432 | eps: 0.00 | P: 0.00 R: nan F1: nan
2026-05-07 07:37:31 | DEBUG   | dpfl.core.base_simulator | Update norms — honest: ['0.04', '0.05', '0.04', '0.03', '0.04'], attacker: ['0.08', '0.10', '0.11', '0.09', '0.09']
2026-05-07 07:37:33 | INFO    | dpfl.core.base_simulator | Round  33/150 | Acc: 0.7755 | Loss: 0.6389 | eps: 0.00 | P: 0.00 R: nan F1: nan
2026-05-07 07:37:33 | DEBUG   | dpfl.core.base_simulator | Update norms — honest: ['0.04', '0.04', '0.04', '0.04', '0.04'], attacker: ['0.08', '0.09', '0.10', '0.09', '0.09']
2026-05-07 07:37:35 | INFO    | dpfl.core.base_simulator | Round  34/150 | Acc: 0.7765 | Loss: 0.6361 | eps: 0.00 | P: 0.00 R: nan F1: nan
2026-05-07 07:37:35 | DEBUG   | dpfl.core.base_simulator | Update norms — honest: ['0.04', '0.04', '0.04', '0.04', '0.04'], attacker: ['0.11', '0.09', '0.10', '0.11', '0.09']
2026-05-07 07:37:38 | INFO    | dpfl.core.base_simulator | Round  35/150 | Acc: 0.7760 | Loss: 0.6367 | eps: 0.00 | P: 0.00 R: nan F1: nan
2026-05-07 07:37:38 | DEBUG   | dpfl.core.base_simulator | Update norms — honest: ['0.03', '0.03', '0.04', '0.04', '0.04'], attacker: ['0.12', '0.10', '0.11', '0.10', '0.10']
2026-05-07 07:37:40 | INFO    | dpfl.core.base_simulator | Round  36/150 | Acc: 0.7776 | Loss: 0.6311 | eps: 0.00 | P: 0.00 R: nan F1: nan
2026-05-07 07:37:40 | DEBUG   | dpfl.core.base_simulator | Update norms — honest: ['0.04', '0.03', '0.04', '0.03', '0.04'], attacker: ['0.12', '0.11', '0.11', '0.11', '0.11']
2026-05-07 07:37:42 | INFO    | dpfl.core.base_simulator | Round  37/150 | Acc: 0.7778 | Loss: 0.6297 | eps: 0.00 | P: 0.00 R: nan F1: nan
2026-05-07 07:37:42 | DEBUG   | dpfl.core.base_simulator | Update norms — honest: ['0.04', '0.03', '0.04', '0.03', '0.04'], attacker: ['0.15', '0.09', '0.11', '0.10', '0.11']
2026-05-07 07:37:44 | INFO    | dpfl.core.base_simulator | Round  38/150 | Acc: 0.7804 | Loss: 0.6233 | eps: 0.00 | P: 0.00 R: nan F1: nan
2026-05-07 07:37:44 | DEBUG   | dpfl.core.base_simulator | Update norms — honest: ['0.03', '0.03', '0.04', '0.03', '0.04'], attacker: ['0.17', '0.11', '0.10', '0.12', '0.12']
2026-05-07 07:37:46 | INFO    | dpfl.core.base_simulator | Round  39/150 | Acc: 0.7801 | Loss: 0.6230 | eps: 0.00 | P: 0.00 R: nan F1: nan
2026-05-07 07:37:46 | DEBUG   | dpfl.core.base_simulator | Update norms — honest: ['0.03', '0.04', '0.03', '0.04', '0.03'], attacker: ['0.18', '0.10', '0.11', '0.12', '0.10']
2026-05-07 07:37:48 | INFO    | dpfl.core.base_simulator | Round  40/150 | Acc: 0.7806 | Loss: 0.6220 | eps: 0.00 | P: 0.00 R: nan F1: nan
2026-05-07 07:37:48 | DEBUG   | dpfl.core.base_simulator | Update norms — honest: ['0.03', '0.04', '0.04', '0.03', '0.03'], attacker: ['0.18', '0.10', '0.11', '0.10', '0.10']
2026-05-07 07:37:50 | INFO    | dpfl.core.base_simulator | Round  41/150 | Acc: 0.7821 | Loss: 0.6172 | eps: 0.00 | P: 0.00 R: nan F1: nan
2026-05-07 07:37:50 | DEBUG   | dpfl.core.base_simulator | Update norms — honest: ['0.03', '0.03', '0.04', '0.04', '0.03'], attacker: ['0.19', '0.12', '0.12', '0.13', '0.13']
2026-05-07 07:37:52 | INFO    | dpfl.core.base_simulator | Round  42/150 | Acc: 0.7813 | Loss: 0.6203 | eps: 0.00 | P: 0.00 R: nan F1: nan
2026-05-07 07:37:52 | DEBUG   | dpfl.core.base_simulator | Update norms — honest: ['0.04', '0.03', '0.03', '0.04', '0.03'], attacker: ['0.26', '0.19', '0.21', '0.23', '0.12']
2026-05-07 07:37:54 | INFO    | dpfl.core.base_simulator | Round  43/150 | Acc: 0.7815 | Loss: 0.6191 | eps: 0.00 | P: 0.00 R: nan F1: nan
2026-05-07 07:37:54 | DEBUG   | dpfl.core.base_simulator | Update norms — honest: ['0.03', '0.03', '0.03', '0.04', '0.04'], attacker: ['0.29', '0.23', '0.25', '0.26', '0.16']
2026-05-07 07:37:56 | INFO    | dpfl.core.base_simulator | Round  44/150 | Acc: 0.7811 | Loss: 0.6242 | eps: 0.00 | P: 0.00 R: nan F1: nan
2026-05-07 07:37:56 | DEBUG   | dpfl.core.base_simulator | Update norms — honest: ['0.03', '0.03', '0.03', '0.04', '0.03'], attacker: ['0.32', '0.25', '0.27', '0.28', '0.18']
2026-05-07 07:37:58 | INFO    | dpfl.core.base_simulator | Round  45/150 | Acc: 0.7817 | Loss: 0.6208 | eps: 0.00 | P: 0.00 R: nan F1: nan
2026-05-07 07:37:58 | DEBUG   | dpfl.core.base_simulator | Update norms — honest: ['0.03', '0.03', '0.03', '0.03', '0.03'], attacker: ['0.33', '0.26', '0.28', '0.28', '0.18']
2026-05-07 07:38:01 | INFO    | dpfl.core.base_simulator | Round  46/150 | Acc: 0.7836 | Loss: 0.6118 | eps: 0.00 | P: 0.00 R: nan F1: nan
2026-05-07 07:38:01 | DEBUG   | dpfl.core.base_simulator | Update norms — honest: ['0.04', '0.03', '0.03', '0.03', '0.04'], attacker: ['0.34', '0.30', '0.30', '0.29', '0.20']
2026-05-07 07:38:03 | INFO    | dpfl.core.base_simulator | Round  47/150 | Acc: 0.7843 | Loss: 0.6142 | eps: 0.00 | P: 0.00 R: nan F1: nan
2026-05-07 07:38:03 | DEBUG   | dpfl.core.base_simulator | Update norms — honest: ['0.03', '0.03', '0.03', '0.04', '0.03'], attacker: ['0.36', '0.29', '0.32', '0.30', '0.21']
2026-05-07 07:38:05 | INFO    | dpfl.core.base_simulator | Round  48/150 | Acc: 0.7834 | Loss: 0.6150 | eps: 0.00 | P: 0.00 R: nan F1: nan
2026-05-07 07:38:05 | DEBUG   | dpfl.core.base_simulator | Update norms — honest: ['0.03', '0.03', '0.03', '0.03', '0.03'], attacker: ['0.36', '0.30', '0.32', '0.32', '0.22']
2026-05-07 07:38:07 | INFO    | dpfl.core.base_simulator | Round  49/150 | Acc: 0.7848 | Loss: 0.6125 | eps: 0.00 | P: 0.00 R: nan F1: nan
2026-05-07 07:38:07 | DEBUG   | dpfl.core.base_simulator | Update norms — honest: ['0.04', '0.04', '0.03', '0.03', '0.03'], attacker: ['0.37', '0.30', '0.31', '0.33', '0.23']
2026-05-07 07:38:09 | INFO    | dpfl.core.base_simulator | Round  50/150 | Acc: 0.7845 | Loss: 0.6121 | eps: 0.00 | P: 0.00 R: nan F1: nan
2026-05-07 07:38:09 | DEBUG   | dpfl.core.base_simulator | Update norms — honest: ['0.04', '0.03', '0.03', '0.03', '0.03'], attacker: ['0.49', '0.30', '0.32', '0.33', '0.20']
2026-05-07 07:38:11 | INFO    | dpfl.core.base_simulator | Round  51/150 | Acc: 0.7751 | Loss: 0.8149 | eps: 0.00 | P: 0.66 R: 0.97 F1: 0.84
2026-05-07 07:38:11 | DEBUG   | dpfl.core.base_simulator | Update norms — honest: ['0.03', '0.04', '0.03', '0.04', '0.03'], attacker: ['2.45', '1.54', '1.58', '1.66', '1.10']
2026-05-07 07:38:13 | INFO    | dpfl.core.base_simulator | Round  52/150 | Acc: 0.7750 | Loss: 0.8019 | eps: 0.00 | P: 0.60 R: 0.98 F1: 0.96
2026-05-07 07:38:13 | DEBUG   | dpfl.core.base_simulator | Update norms — honest: ['0.03', '0.04', '0.03', '0.03', '0.03'], attacker: ['2.19', '2.50', '2.53', '2.41', '2.95']
2026-05-07 07:38:15 | INFO    | dpfl.core.base_simulator | Round  53/150 | Acc: 0.7728 | Loss: 0.8391 | eps: 0.00 | P: 0.58 R: 0.98 F1: 0.88
2026-05-07 07:38:15 | DEBUG   | dpfl.core.base_simulator | Update norms — honest: ['0.04', '0.04', '0.90', '0.03', '0.03'], attacker: ['3.50', '3.93', '4.24', '3.88', '4.42']
2026-05-07 07:38:17 | INFO    | dpfl.core.base_simulator | Round  54/150 | Acc: 0.7712 | Loss: 1.0997 | eps: 0.00 | P: 0.67 R: 0.97 F1: 0.87
2026-05-07 07:38:17 | DEBUG   | dpfl.core.base_simulator | Update norms — honest: ['0.04', '0.03', '0.37', '0.03', '0.03'], attacker: ['6.20', '6.69', '6.89', '6.89', '7.12']
2026-05-07 07:38:19 | INFO    | dpfl.core.base_simulator | Round  55/150 | Acc: 0.7602 | Loss: 6.1266 | eps: 0.00 | P: 0.54 R: 0.98 F1: 0.89
2026-05-07 07:38:19 | DEBUG   | dpfl.core.base_simulator | Update norms — honest: ['0.03', '0.79', '0.21', '0.03', '0.04'], attacker: ['10.21', '10.51', '10.80', '10.63', '10.77']
2026-05-07 07:38:22 | INFO    | dpfl.core.base_simulator | Round  56/150 | Acc: 0.7599 | Loss: 98.1406 | eps: 0.00 | P: 0.60 R: 0.97 F1: 0.91
2026-05-07 07:38:22 | DEBUG   | dpfl.core.base_simulator | Update norms — honest: ['0.03', '0.31', '0.14', '0.03', '0.03'], attacker: ['30.88', '31.15', '31.94', '28.30', '28.66']
2026-05-07 07:38:24 | INFO    | dpfl.core.base_simulator | Round  57/150 | Acc: 0.7513 | Loss: 1144.4825 | eps: 0.00 | P: 0.61 R: 0.97 F1: 0.92
2026-05-07 07:38:24 | DEBUG   | dpfl.core.base_simulator | Update norms — honest: ['0.03', '0.15', '0.08', '0.03', '0.03'], attacker: ['108.40', '108.04', '107.81', '103.93', '103.93']
2026-05-07 07:38:26 | INFO    | dpfl.core.base_simulator | Round  58/150 | Acc: 0.7445 | Loss: 22876.9767 | eps: 0.00 | P: 0.34 R: 0.98 F1: 0.83
2026-05-07 07:38:26 | DEBUG   | dpfl.core.base_simulator | Update norms — honest: ['0.03', '0.05', '0.05', '0.03', '0.03'], attacker: ['402.67', '395.96', '400.53', '386.17', '400.58']
2026-05-07 07:38:28 | INFO    | dpfl.core.base_simulator | Round  59/150 | Acc: 0.7155 | Loss: 540204.4941 | eps: 0.00 | P: 0.47 R: 0.98 F1: 0.89
2026-05-07 07:38:28 | DEBUG   | dpfl.core.base_simulator | Update norms — honest: ['0.03', '0.04', '0.04', '0.04', '0.03'], attacker: ['1545.43', '1552.54', '1612.63', '1620.82', '1590.55']
2026-05-07 07:38:30 | INFO    | dpfl.core.base_simulator | Round  60/150 | Acc: 0.7105 | Loss: 5839440.5762 | eps: 0.00 | P: 0.50 R: 0.98 F1: 0.89
2026-05-07 07:38:30 | DEBUG   | dpfl.core.base_simulator | Update norms — honest: ['0.03', '0.04', '0.04', '0.03', '0.04'], attacker: ['6035.95', '6145.74', '6221.10', '5997.34', '6045.02']
2026-05-07 07:38:32 | INFO    | dpfl.core.base_simulator | Round  61/150 | Acc: 0.6995 | Loss: 105594333.9102 | eps: 0.00 | P: 0.65 R: 0.97 F1: 0.91
2026-05-07 07:38:32 | DEBUG   | dpfl.core.base_simulator | Update norms — honest: ['0.03', '0.03', '0.04', '0.04', '0.03'], attacker: ['24877.62', '23844.30', '25706.09', '24822.77', '25519.30']
2026-05-07 07:38:34 | INFO    | dpfl.core.base_simulator | Round  62/150 | Acc: 0.6895 | Loss: 1275512793.6105 | eps: 0.00 | P: 0.42 R: 0.97 F1: 0.82
2026-05-07 07:38:34 | DEBUG   | dpfl.core.base_simulator | Update norms — honest: ['0.03', '0.03', '0.04', '0.03', '0.03'], attacker: ['96065.30', '95782.08', '100797.60', '95547.02', '97516.90']
2026-05-07 07:38:36 | INFO    | dpfl.core.base_simulator | Round  63/150 | Acc: 0.6796 | Loss: 26522872559.9074 | eps: 0.00 | P: 0.53 R: 0.98 F1: 0.91
2026-05-07 07:38:36 | DEBUG   | dpfl.core.base_simulator | Update norms — honest: ['0.03', '0.03', '0.04', '0.03', '0.03'], attacker: ['407437.56', '388814.41', '407972.50', '385369.81', '393158.41']
2026-05-07 07:38:38 | INFO    | dpfl.core.base_simulator | Round  64/150 | Acc: 0.6640 | Loss: 505574340390.2329 | eps: 0.00 | P: 0.54 R: 0.98 F1: 0.87
2026-05-07 07:38:38 | DEBUG   | dpfl.core.base_simulator | Update norms — honest: ['0.03', '0.03', '0.03', '0.03', '0.02'], attacker: ['1582400.12', '1498350.25', '1490412.38', '1569647.00', '1565960.75']
2026-05-07 07:38:40 | INFO    | dpfl.core.base_simulator | Round  65/150 | Acc: 0.6442 | Loss: 9962938132505.2676 | eps: 0.00 | P: 0.71 R: 0.98 F1: 0.91
2026-05-07 07:38:40 | DEBUG   | dpfl.core.base_simulator | Update norms — honest: ['0.03', '0.03', '0.03', '0.03', '0.03'], attacker: ['6193987.00', '6089157.00', '6121359.50', '6348797.00', '6196961.50']
2026-05-07 07:38:42 | INFO    | dpfl.core.base_simulator | Round  66/150 | Acc: 0.6320 | Loss: 149671929224510.7812 | eps: 0.00 | P: 0.63 R: 0.98 F1: 0.87
2026-05-07 07:38:42 | DEBUG   | dpfl.core.base_simulator | Update norms — honest: ['0.03', '3100646.25', '3216630.50', '0.04', '0.03'], attacker: ['23442072.00', '23604726.00', '25236534.00', '23588854.00', '24307384.00']
2026-05-07 07:38:45 | INFO    | dpfl.core.base_simulator | Round  67/150 | Acc: 0.6260 | Loss: 1644088776672002.2500 | eps: 0.00 | P: 0.50 R: 0.98 F1: 0.87
2026-05-07 07:38:45 | DEBUG   | dpfl.core.base_simulator | Update norms — honest: ['0.03', '701076.75', '664769.88', '0.03', '0.03'], attacker: ['98989320.00', '94259368.00', '97403928.00', '98900536.00', '99974768.00']
2026-05-07 07:38:47 | INFO    | dpfl.core.base_simulator | Round  68/150 | Acc: 0.6173 | Loss: 30121505354018500.0000 | eps: 0.00 | P: 0.44 R: 0.97 F1: 0.81
2026-05-07 07:38:47 | DEBUG   | dpfl.core.base_simulator | Update norms — honest: ['0.03', '467631.34', '48497636.00', '0.03', '0.03'], attacker: ['392184192.00', '382997056.00', '373531520.00', '390927936.00', '365574432.00']
2026-05-07 07:38:49 | INFO    | dpfl.core.base_simulator | Round  69/150 | Acc: 0.6043 | Loss: 543025299635438784.0000 | eps: 0.00 | P: 0.56 R: 0.98 F1: 0.81
2026-05-07 07:38:49 | DEBUG   | dpfl.core.base_simulator | Update norms — honest: ['0.03', '496206.22', '10638724.00', '0.03', '0.03'], attacker: ['1536835200.00', '1516337024.00', '1492961024.00', '1497034624.00', '1497656064.00']
2026-05-07 07:38:51 | INFO    | dpfl.core.base_simulator | Round  70/150 | Acc: 0.6134 | Loss: 3281785122969781248.0000 | eps: 0.00 | P: 0.43 R: 0.99 F1: 0.98
2026-05-07 07:38:51 | DEBUG   | dpfl.core.base_simulator | Update norms — honest: ['0.03', '314073.00', '9513918.00', '0.03', '769075968.00'], attacker: ['5950855168.00', '6220273152.00', '6010887680.00', '5773559808.00', '5885348864.00']
2026-05-07 07:38:53 | INFO    | dpfl.core.base_simulator | Round  71/150 | Acc: 0.6188 | Loss: 32966863975771918336.0000 | eps: 0.00 | P: 0.33 R: 0.97 F1: 0.92
2026-05-07 07:38:53 | DEBUG   | dpfl.core.base_simulator | Update norms — honest: ['0.03', '334582.97', '9102866.00', '0.03', '4685716480.00'], attacker: ['23681361920.00', '24124778496.00', '24414980096.00', '23693889536.00', '24155043840.00']
2026-05-07 07:38:55 | INFO    | dpfl.core.base_simulator | Round  72/150 | Acc: 0.6158 | Loss: 1052912406330246430720.0000 | eps: 0.00 | P: 0.57 R: 0.98 F1: 0.77
2026-05-07 07:38:55 | DEBUG   | dpfl.core.base_simulator | Update norms — honest: ['0.03', '224227.31', '5400891.50', '0.03', '598239296.00'], attacker: ['101335203840.00', '102396157952.00', '96601038848.00', '99402604544.00', '102021300224.00']
2026-05-07 07:38:57 | INFO    | dpfl.core.base_simulator | Round  73/150 | Acc: 0.6072 | Loss: 22633919342841367101440.0000 | eps: 0.00 | P: 0.48 R: 0.98 F1: 0.93
2026-05-07 07:38:57 | DEBUG   | dpfl.core.base_simulator | Update norms — honest: ['0.03', '227771.53', '4097552.00', '0.03', '537168512.00'], attacker: ['382877892608.00', '379100299264.00', '388915593216.00', '381890592768.00', '372873166848.00']
2026-05-07 07:38:59 | INFO    | dpfl.core.base_simulator | Round  74/150 | Acc: 0.5987 | Loss: 561591543915623718322176.0000 | eps: 0.00 | P: 0.50 R: 0.98 F1: 0.89
2026-05-07 07:38:59 | DEBUG   | dpfl.core.base_simulator | Update norms — honest: ['0.03', '175565.52', '2870297.25', '0.04', '430048480.00'], attacker: ['1589993406464.00', '1613355286528.00', '1638768312320.00', '1527818747904.00', '1516351258624.00']
2026-05-07 07:39:01 | INFO    | dpfl.core.base_simulator | Round  75/150 | Acc: 0.5867 | Loss: 8490956832265229182173184.0000 | eps: 0.00 | P: 0.68 R: 0.98 F1: 0.86
2026-05-07 07:39:01 | DEBUG   | dpfl.core.base_simulator | Update norms — honest: ['0.03', '121365.95', '2861707.25', '0.03', '338701120.00'], attacker: ['6211350036480.00', '5998761213952.00', '6240994852864.00', '6143248171008.00', '6141707288576.00']
2026-05-07 07:39:03 | INFO    | dpfl.core.base_simulator | Round  76/150 | Acc: 0.5821 | Loss: 108902517296333229765165056.0000 | eps: 0.00 | P: 0.55 R: 0.97 F1: 0.90
2026-05-07 07:39:03 | DEBUG   | dpfl.core.base_simulator | Update norms — honest: ['0.02', '110210.83', '2715866.75', '0.03', '271298272.00'], attacker: ['25296344449024.00', '25641118334976.00', '24134367051776.00', '24007168491520.00', '24607790727168.00']
2026-05-07 07:39:05 | INFO    | dpfl.core.base_simulator | Round  77/150 | Acc: 0.5830 | Loss: 1637935579000688525292077056.0000 | eps: 0.00 | P: 0.52 R: 0.98 F1: 0.89
2026-05-07 07:39:05 | DEBUG   | dpfl.core.base_simulator | Update norms — honest: ['0.03', '88992.55', '2343930.50', '0.03', '199551808.00'], attacker: ['95184100524032.00', '98081123074048.00', '99794546589696.00', '95901209067520.00', '95938513207296.00']
2026-05-07 07:39:07 | INFO    | dpfl.core.base_simulator | Round  78/150 | Acc: 0.5829 | Loss: 19821765757573074107041316864.0000 | eps: 0.00 | P: 0.33 R: 0.97 F1: 0.87
2026-05-07 07:39:07 | DEBUG   | dpfl.core.base_simulator | Update norms — honest: ['0.02', '109185.21', '2566974.75', '0.03', '133772936.00'], attacker: ['402187146493952.00', '402922223435776.00', '411550342971392.00', '381579792744448.00', '383241643098112.00']
2026-05-07 07:39:10 | INFO    | dpfl.core.base_simulator | Round  79/150 | Acc: 0.5863 | Loss: 415305171676912032342628892672.0000 | eps: 0.00 | P: 0.75 R: 0.98 F1: 0.94
2026-05-07 07:39:10 | DEBUG   | dpfl.core.base_simulator | Update norms — honest: ['0.03', '107313.24', '1912415.75', '0.03', '142172592.00'], attacker: ['1629023113314304.00', '1590720594968576.00', '1553188217946112.00', '1555873243594752.00', '1556176844095488.00']
2026-05-07 07:39:12 | INFO    | dpfl.core.base_simulator | Round  80/150 | Acc: 0.5785 | Loss: 6590536193724370729312620380160.0000 | eps: 0.00 | P: 0.54 R: 0.98 F1: 0.77
2026-05-07 07:39:12 | DEBUG   | dpfl.core.base_simulator | Update norms — honest: ['0.03', '792413010395136.00', '1678997.25', '0.03', '131518576.00'], attacker: ['6286427130167296.00', '6255561884565504.00', '6388327376748544.00', '6355367797719040.00', '6181761998389248.00']
2026-05-07 07:39:14 | INFO    | dpfl.core.base_simulator | Round  81/150 | Acc: 0.5801 | Loss: 83255275921375018910595309109248.0000 | eps: 0.00 | P: 0.47 R: 0.99 F1: 0.84
2026-05-07 07:39:14 | DEBUG   | dpfl.core.base_simulator | Update norms — honest: ['0.03', '176930707996672.00', '1530650.00', '0.03', '100905680.00'], attacker: ['24741932202721280.00', '25029746551160832.00', '25111529170927616.00', '25246603744903168.00', '24324463529033728.00']
2026-05-07 07:39:16 | INFO    | dpfl.core.base_simulator | Round  82/150 | Acc: 0.5702 | Loss: inf | eps: 0.00 | P: 0.70 R: 0.98 F1: 0.87
2026-05-07 07:39:16 | DEBUG   | dpfl.core.base_simulator | Update norms — honest: ['0.02', '13134224739532800.00', '1508874.62', '0.03', '75218344.00'], attacker: ['101902308165550080.00', '98853852047998976.00', '100361342619222016.00', '96769418519904256.00', '100199680050200576.00']
2026-05-07 07:39:18 | INFO    | dpfl.core.base_simulator | Round  83/150 | Acc: 0.5736 | Loss: inf | eps: 0.00 | P: 0.55 R: 0.96 F1: 0.94
2026-05-07 07:39:18 | DEBUG   | dpfl.core.base_simulator | Update norms — honest: ['0.02', '3080598310617088.00', '1384202.88', '0.02', '82511600.00'], attacker: ['411099529245360128.00', '394078024095498240.00', '417534317967704064.00', '415455656875655168.00', '394728866259664896.00']
2026-05-07 07:39:20 | INFO    | dpfl.core.base_simulator | Round  84/150 | Acc: 0.5693 | Loss: inf | eps: 0.00 | P: 0.54 R: 0.98 F1: 0.86
2026-05-07 07:39:20 | DEBUG   | dpfl.core.base_simulator | Update norms — honest: ['0.02', '1980540148252672.00', '2003792.62', '0.02', '72405864.00'], attacker: ['1585473227264622592.00', '1566261872909352960.00', '1661769301188673536.00', '1579561015803117568.00', '1655959619186458624.00']
2026-05-07 07:39:22 | INFO    | dpfl.core.base_simulator | Round  85/150 | Acc: 0.5553 | Loss: nan | eps: 0.00 | P: 0.76 R: 0.98 F1: 0.87
2026-05-07 07:39:22 | DEBUG   | dpfl.core.base_simulator | Update norms — honest: ['0.02', '1753537033797632.00', '1780420.25', '0.02', '82444192.00'], attacker: ['6205554016970080256.00', '6380907429902680064.00', '6740057955313385472.00', '6462287783032520704.00', '6828263526872645632.00']
2026-05-07 07:39:24 | INFO    | dpfl.core.base_simulator | Round  86/150 | Acc: 0.5693 | Loss: nan | eps: 0.00 | P: 0.35 R: 1.00 F1: 0.91
2026-05-07 07:39:24 | DEBUG   | dpfl.core.base_simulator | Update norms — honest: ['0.03', '1703584819314688.00', '1113223.12', '0.03', '122798968.00'], attacker: ['nan', 'nan', 'nan', 'nan', 'nan']
2026-05-07 07:39:26 | INFO    | dpfl.core.base_simulator | Round  87/150 | Acc: 0.5754 | Loss: nan | eps: 0.00 | P: 0.59 R: 1.00 F1: 0.87
2026-05-07 07:39:26 | DEBUG   | dpfl.core.base_simulator | Update norms — honest: ['0.03', '1295132087287808.00', '1252761.00', '0.03', '98945048.00'], attacker: ['nan', 'nan', 'nan', 'nan', 'nan']
2026-05-07 07:39:28 | INFO    | dpfl.core.base_simulator | Round  88/150 | Acc: 0.5840 | Loss: nan | eps: 0.00 | P: 0.77 R: 1.00 F1: 0.91
2026-05-07 07:39:28 | DEBUG   | dpfl.core.base_simulator | Update norms — honest: ['0.03', '953344092798976.00', '1355794.88', '0.03', '60065692.00'], attacker: ['nan', 'nan', 'nan', 'nan', 'nan']
2026-05-07 07:39:30 | INFO    | dpfl.core.base_simulator | Round  89/150 | Acc: 0.5897 | Loss: nan | eps: 0.00 | P: 0.52 R: 1.00 F1: 0.93
2026-05-07 07:39:30 | DEBUG   | dpfl.core.base_simulator | Update norms — honest: ['0.03', '766215991590912.00', '1211253.00', '0.03', '53750668.00'], attacker: ['nan', 'nan', 'nan', 'nan', 'nan']
2026-05-07 07:39:33 | INFO    | dpfl.core.base_simulator | Round  90/150 | Acc: 0.5955 | Loss: nan | eps: 0.00 | P: 0.70 R: 1.00 F1: 0.90
2026-05-07 07:39:33 | DEBUG   | dpfl.core.base_simulator | Update norms — honest: ['0.02', '688478157275136.00', '1017052.44', '0.03', '67093216.00'], attacker: ['nan', 'nan', 'nan', 'nan', 'nan']
2026-05-07 07:39:35 | INFO    | dpfl.core.base_simulator | Round  91/150 | Acc: 0.5871 | Loss: nan | eps: 0.00 | P: 0.53 R: 1.00 F1: 0.85
2026-05-07 07:39:35 | DEBUG   | dpfl.core.base_simulator | Update norms — honest: ['0.03', '689777116446720.00', '1308065.62', '0.02', '60093512.00'], attacker: ['nan', 'nan', 'nan', 'nan', 'nan']
2026-05-07 07:39:37 | INFO    | dpfl.core.base_simulator | Round  92/150 | Acc: 0.5977 | Loss: nan | eps: 0.00 | P: 0.42 R: 1.00 F1: 0.78
2026-05-07 07:39:37 | DEBUG   | dpfl.core.base_simulator | Update norms — honest: ['0.03', '623441011015680.00', '1083521.62', '0.03', '69104480.00'], attacker: ['nan', 'nan', 'nan', 'nan', 'nan']
2026-05-07 07:39:39 | INFO    | dpfl.core.base_simulator | Round  93/150 | Acc: 0.5875 | Loss: nan | eps: 0.00 | P: 0.38 R: 1.00 F1: 0.82
2026-05-07 07:39:39 | DEBUG   | dpfl.core.base_simulator | Update norms — honest: ['0.02', '531866100695040.00', '759142.44', '0.03', '59035736.00'], attacker: ['nan', 'nan', 'nan', 'nan', 'nan']
2026-05-07 07:39:41 | INFO    | dpfl.core.base_simulator | Round  94/150 | Acc: 0.5923 | Loss: nan | eps: 0.00 | P: 0.54 R: 1.00 F1: 0.92
2026-05-07 07:39:41 | DEBUG   | dpfl.core.base_simulator | Update norms — honest: ['0.02', '427056282206208.00', '827342.56', '0.03', '52466452.00'], attacker: ['nan', 'nan', 'nan', 'nan', 'nan']
2026-05-07 07:39:43 | INFO    | dpfl.core.base_simulator | Round  95/150 | Acc: 0.5976 | Loss: nan | eps: 0.00 | P: 0.57 R: 1.00 F1: 0.95
2026-05-07 07:39:43 | DEBUG   | dpfl.core.base_simulator | Update norms — honest: ['0.03', '300131073130496.00', '897877.56', '0.03', '53195092.00'], attacker: ['nan', 'nan', 'nan', 'nan', 'nan']
2026-05-07 07:39:45 | INFO    | dpfl.core.base_simulator | Round  96/150 | Acc: 0.6067 | Loss: nan | eps: 0.00 | P: 0.50 R: 1.00 F1: 0.86
2026-05-07 07:39:45 | DEBUG   | dpfl.core.base_simulator | Update norms — honest: ['0.02', '413529182044160.00', '776501.19', '0.03', '43076772.00'], attacker: ['nan', 'nan', 'nan', 'nan', 'nan']
2026-05-07 07:39:47 | INFO    | dpfl.core.base_simulator | Round  97/150 | Acc: 0.6080 | Loss: nan | eps: 0.00 | P: 0.47 R: 1.00 F1: 0.72
2026-05-07 07:39:47 | DEBUG   | dpfl.core.base_simulator | Update norms — honest: ['0.03', '331972685594624.00', '644360.75', '0.03', '76815296.00'], attacker: ['nan', 'nan', 'nan', 'nan', 'nan']
2026-05-07 07:39:49 | INFO    | dpfl.core.base_simulator | Round  98/150 | Acc: 0.5992 | Loss: nan | eps: 0.00 | P: 0.50 R: 1.00 F1: 0.88
2026-05-07 07:39:49 | DEBUG   | dpfl.core.base_simulator | Update norms — honest: ['0.03', '230916030988288.00', '901647.75', '0.03', '46470720.00'], attacker: ['nan', 'nan', 'nan', 'nan', 'nan']
2026-05-07 07:39:51 | INFO    | dpfl.core.base_simulator | Round  99/150 | Acc: 0.6074 | Loss: nan | eps: 0.00 | P: 0.53 R: 1.00 F1: 0.91
2026-05-07 07:39:51 | DEBUG   | dpfl.core.base_simulator | Update norms — honest: ['0.03', '347236261167104.00', '861984.81', '0.03', '41168348.00'], attacker: ['nan', 'nan', 'nan', 'nan', 'nan']
2026-05-07 07:39:53 | INFO    | dpfl.core.base_simulator | Round 100/150 | Acc: 0.6129 | Loss: nan | eps: 0.00 | P: 0.48 R: 1.00 F1: 0.88
2026-05-07 07:39:53 | DEBUG   | dpfl.core.base_simulator | Update norms — honest: ['0.03', '267159531945984.00', '802731.12', '0.04', '43018216.00'], attacker: ['nan', 'nan', 'nan', 'nan', 'nan']
2026-05-07 07:39:55 | INFO    | dpfl.core.base_simulator | Round 101/150 | Acc: 0.6169 | Loss: nan | eps: 0.00 | P: 0.46 R: 1.00 F1: 0.88
2026-05-07 07:39:55 | DEBUG   | dpfl.core.base_simulator | Update norms — honest: ['0.02', '336508171059200.00', '643870.44', '0.02', '39167788.00'], attacker: ['nan', 'nan', 'nan', 'nan', 'nan']
2026-05-07 07:39:57 | INFO    | dpfl.core.base_simulator | Round 102/150 | Acc: 0.6257 | Loss: nan | eps: 0.00 | P: 0.51 R: 1.00 F1: 0.81
2026-05-07 07:39:57 | DEBUG   | dpfl.core.base_simulator | Update norms — honest: ['0.03', '218194673401856.00', '663718.75', '0.03', '29271192.00'], attacker: ['nan', 'nan', 'nan', 'nan', 'nan']
2026-05-07 07:40:00 | INFO    | dpfl.core.base_simulator | Round 103/150 | Acc: 0.6259 | Loss: nan | eps: 0.00 | P: 0.66 R: 1.00 F1: 0.92
2026-05-07 07:40:00 | DEBUG   | dpfl.core.base_simulator | Update norms — honest: ['0.03', '249580834783232.00', '618998.25', '0.03', '35059296.00'], attacker: ['nan', 'nan', 'nan', 'nan', 'nan']
2026-05-07 07:40:02 | INFO    | dpfl.core.base_simulator | Round 104/150 | Acc: 0.6292 | Loss: nan | eps: 0.00 | P: 0.54 R: 1.00 F1: 0.83
2026-05-07 07:40:02 | DEBUG   | dpfl.core.base_simulator | Update norms — honest: ['0.02', '225609565339648.00', '544536.75', '0.02', '33438248.00'], attacker: ['nan', 'nan', 'nan', 'nan', 'nan']
2026-05-07 07:40:04 | INFO    | dpfl.core.base_simulator | Round 105/150 | Acc: 0.6286 | Loss: nan | eps: 0.00 | P: 0.66 R: 1.00 F1: 0.89
2026-05-07 07:40:04 | DEBUG   | dpfl.core.base_simulator | Update norms — honest: ['0.03', '235901598826496.00', '785576.75', '0.03', '35900016.00'], attacker: ['nan', 'nan', 'nan', 'nan', 'nan']
2026-05-07 07:40:06 | INFO    | dpfl.core.base_simulator | Round 106/150 | Acc: 0.6361 | Loss: nan | eps: 0.00 | P: 0.49 R: 1.00 F1: 0.92
2026-05-07 07:40:06 | DEBUG   | dpfl.core.base_simulator | Update norms — honest: ['0.02', '189648357818368.00', '698192.31', '0.02', '31794776.00'], attacker: ['nan', 'nan', 'nan', 'nan', 'nan']
2026-05-07 07:40:08 | INFO    | dpfl.core.base_simulator | Round 107/150 | Acc: 0.6305 | Loss: nan | eps: 0.00 | P: 0.42 R: 1.00 F1: 0.83
2026-05-07 07:40:08 | DEBUG   | dpfl.core.base_simulator | Update norms — honest: ['0.02', '151832076746752.00', '710156.56', '0.02', '34077432.00'], attacker: ['nan', 'nan', 'nan', 'nan', 'nan']
2026-05-07 07:40:10 | INFO    | dpfl.core.base_simulator | Round 108/150 | Acc: 0.6270 | Loss: nan | eps: 0.00 | P: 0.57 R: 1.00 F1: 0.86
2026-05-07 07:40:10 | DEBUG   | dpfl.core.base_simulator | Update norms — honest: ['0.02', '124823099408384.00', '802987.44', '0.03', '36748148.00'], attacker: ['nan', 'nan', 'nan', 'nan', 'nan']
2026-05-07 07:40:12 | INFO    | dpfl.core.base_simulator | Round 109/150 | Acc: 0.6286 | Loss: nan | eps: 0.00 | P: 0.60 R: 1.00 F1: 0.94
2026-05-07 07:40:12 | DEBUG   | dpfl.core.base_simulator | Update norms — honest: ['0.03', '144094944821248.00', '736412.69', '0.02', '35127512.00'], attacker: ['nan', 'nan', 'nan', 'nan', 'nan']
2026-05-07 07:40:15 | INFO    | dpfl.core.base_simulator | Round 110/150 | Acc: 0.6236 | Loss: nan | eps: 0.00 | P: 0.57 R: 1.00 F1: 0.87
2026-05-07 07:40:15 | DEBUG   | dpfl.core.base_simulator | Update norms — honest: ['0.03', '132706847424512.00', '632552.88', '0.02', '26707398.00'], attacker: ['nan', 'nan', 'nan', 'nan', 'nan']
2026-05-07 07:40:17 | INFO    | dpfl.core.base_simulator | Round 111/150 | Acc: 0.6235 | Loss: nan | eps: 0.00 | P: 0.48 R: 1.00 F1: 0.82
2026-05-07 07:40:17 | DEBUG   | dpfl.core.base_simulator | Update norms — honest: ['0.02', '277798484705280.00', '676525.94', '0.02', '27755390.00'], attacker: ['nan', 'nan', 'nan', 'nan', 'nan']
2026-05-07 07:40:19 | INFO    | dpfl.core.base_simulator | Round 112/150 | Acc: 0.6247 | Loss: nan | eps: 0.00 | P: 0.47 R: 1.00 F1: 0.80
2026-05-07 07:40:19 | DEBUG   | dpfl.core.base_simulator | Update norms — honest: ['0.02', '275856203186176.00', '510319.50', '0.03', '34612200.00'], attacker: ['nan', 'nan', 'nan', 'nan', 'nan']
2026-05-07 07:40:21 | INFO    | dpfl.core.base_simulator | Round 113/150 | Acc: 0.6317 | Loss: nan | eps: 0.00 | P: 0.78 R: 1.00 F1: 0.94
2026-05-07 07:40:21 | DEBUG   | dpfl.core.base_simulator | Update norms — honest: ['0.02', '264604110290944.00', '559292.12', '0.04', '34343604.00'], attacker: ['nan', 'nan', 'nan', 'nan', 'nan']
2026-05-07 07:40:23 | INFO    | dpfl.core.base_simulator | Round 114/150 | Acc: 0.6281 | Loss: nan | eps: 0.00 | P: 0.50 R: 1.00 F1: 0.75
2026-05-07 07:40:23 | DEBUG   | dpfl.core.base_simulator | Update norms — honest: ['0.02', '254346704977920.00', '458748.00', '0.03', '37581868.00'], attacker: ['nan', 'nan', 'nan', 'nan', 'nan']
2026-05-07 07:40:25 | INFO    | dpfl.core.base_simulator | Round 115/150 | Acc: 0.6322 | Loss: nan | eps: 0.00 | P: 0.75 R: 1.00 F1: 0.93
2026-05-07 07:40:25 | DEBUG   | dpfl.core.base_simulator | Update norms — honest: ['0.02', '215058692964352.00', '543526.94', '0.02', '39538016.00'], attacker: ['nan', 'nan', 'nan', 'nan', 'nan']
2026-05-07 07:40:27 | INFO    | dpfl.core.base_simulator | Round 116/150 | Acc: 0.6318 | Loss: nan | eps: 0.00 | P: 0.51 R: 1.00 F1: 0.92
2026-05-07 07:40:27 | DEBUG   | dpfl.core.base_simulator | Update norms — honest: ['0.02', '137092529127424.00', '424258.38', '0.02', '35782256.00'], attacker: ['nan', 'nan', 'nan', 'nan', 'nan']
2026-05-07 07:40:29 | INFO    | dpfl.core.base_simulator | Round 117/150 | Acc: 0.6276 | Loss: nan | eps: 0.00 | P: 0.44 R: 1.00 F1: 0.71
2026-05-07 07:40:29 | DEBUG   | dpfl.core.base_simulator | Update norms — honest: ['0.03', '164252954394624.00', '472930.38', '0.03', '28222142.00'], attacker: ['nan', 'nan', 'nan', 'nan', 'nan']
2026-05-07 07:40:31 | INFO    | dpfl.core.base_simulator | Round 118/150 | Acc: 0.6372 | Loss: nan | eps: 0.00 | P: 0.46 R: 1.00 F1: 0.89
2026-05-07 07:40:31 | DEBUG   | dpfl.core.base_simulator | Update norms — honest: ['0.03', '106268597420032.00', '673229.19', '0.02', '21341028.00'], attacker: ['nan', 'nan', 'nan', 'nan', 'nan']
2026-05-07 07:40:33 | INFO    | dpfl.core.base_simulator | Round 119/150 | Acc: 0.6328 | Loss: nan | eps: 0.00 | P: 0.50 R: 1.00 F1: 0.82
2026-05-07 07:40:33 | DEBUG   | dpfl.core.base_simulator | Update norms — honest: ['0.02', '150524896739328.00', '779316.19', '0.02', '43957996.00'], attacker: ['nan', 'nan', 'nan', 'nan', 'nan']
2026-05-07 07:40:35 | INFO    | dpfl.core.base_simulator | Round 120/150 | Acc: 0.6290 | Loss: nan | eps: 0.00 | P: 0.48 R: 1.00 F1: 0.88
2026-05-07 07:40:35 | DEBUG   | dpfl.core.base_simulator | Update norms — honest: ['0.02', '124930121269248.00', '660449.06', '0.03', '28736330.00'], attacker: ['nan', 'nan', 'nan', 'nan', 'nan']
2026-05-07 07:40:38 | INFO    | dpfl.core.base_simulator | Round 121/150 | Acc: 0.6272 | Loss: nan | eps: 0.00 | P: 0.54 R: 1.00 F1: 0.84
2026-05-07 07:40:38 | DEBUG   | dpfl.core.base_simulator | Update norms — honest: ['0.02', '175790310293504.00', '654622.44', '0.03', '19660084.00'], attacker: ['nan', 'nan', 'nan', 'nan', 'nan']
2026-05-07 07:40:40 | INFO    | dpfl.core.base_simulator | Round 122/150 | Acc: 0.6285 | Loss: nan | eps: 0.00 | P: 0.50 R: 1.00 F1: 0.86
2026-05-07 07:40:40 | DEBUG   | dpfl.core.base_simulator | Update norms — honest: ['0.03', '82519298932736.00', '529157.19', '0.03', '25231270.00'], attacker: ['nan', 'nan', 'nan', 'nan', 'nan']
2026-05-07 07:40:42 | INFO    | dpfl.core.base_simulator | Round 123/150 | Acc: 0.6353 | Loss: nan | eps: 0.00 | P: 0.55 R: 1.00 F1: 0.86
2026-05-07 07:40:42 | DEBUG   | dpfl.core.base_simulator | Update norms — honest: ['0.02', '122279103037440.00', '602465.25', '0.02', '33026216.00'], attacker: ['nan', 'nan', 'nan', 'nan', 'nan']
2026-05-07 07:40:44 | INFO    | dpfl.core.base_simulator | Round 124/150 | Acc: 0.6366 | Loss: nan | eps: 0.00 | P: 0.45 R: 1.00 F1: 0.86
2026-05-07 07:40:44 | DEBUG   | dpfl.core.base_simulator | Update norms — honest: ['0.03', '89500113960960.00', '410894.44', '0.02', '25310820.00'], attacker: ['nan', 'nan', 'nan', 'nan', 'nan']
2026-05-07 07:40:46 | INFO    | dpfl.core.base_simulator | Round 125/150 | Acc: 0.6354 | Loss: nan | eps: 0.00 | P: 0.52 R: 1.00 F1: 0.97
2026-05-07 07:40:46 | DEBUG   | dpfl.core.base_simulator | Update norms — honest: ['0.02', '96242029821952.00', '534389.81', '0.03', '31189512.00'], attacker: ['nan', 'nan', 'nan', 'nan', 'nan']
2026-05-07 07:40:48 | INFO    | dpfl.core.base_simulator | Round 126/150 | Acc: 0.6352 | Loss: nan | eps: 0.00 | P: 0.70 R: 1.00 F1: 0.93
2026-05-07 07:40:48 | DEBUG   | dpfl.core.base_simulator | Update norms — honest: ['0.02', '164831130812416.00', '570725.38', '0.02', '22921824.00'], attacker: ['nan', 'nan', 'nan', 'nan', 'nan']
2026-05-07 07:40:50 | INFO    | dpfl.core.base_simulator | Round 127/150 | Acc: 0.6414 | Loss: nan | eps: 0.00 | P: 0.61 R: 1.00 F1: 0.89
2026-05-07 07:40:50 | DEBUG   | dpfl.core.base_simulator | Update norms — honest: ['0.02', '114990434484224.00', '802289.38', '0.03', '17156688.00'], attacker: ['nan', 'nan', 'nan', 'nan', 'nan']
2026-05-07 07:40:52 | INFO    | dpfl.core.base_simulator | Round 128/150 | Acc: 0.6361 | Loss: nan | eps: 0.00 | P: 0.48 R: 1.00 F1: 0.86
2026-05-07 07:40:52 | DEBUG   | dpfl.core.base_simulator | Update norms — honest: ['0.02', '78851648520192.00', '603030.56', '0.03', '19925544.00'], attacker: ['nan', 'nan', 'nan', 'nan', 'nan']
2026-05-07 07:40:54 | INFO    | dpfl.core.base_simulator | Round 129/150 | Acc: 0.6384 | Loss: nan | eps: 0.00 | P: 0.57 R: 1.00 F1: 0.83
2026-05-07 07:40:54 | DEBUG   | dpfl.core.base_simulator | Update norms — honest: ['0.02', '91075838476288.00', '505622.88', '0.03', '24293734.00'], attacker: ['nan', 'nan', 'nan', 'nan', 'nan']
2026-05-07 07:40:56 | INFO    | dpfl.core.base_simulator | Round 130/150 | Acc: 0.6368 | Loss: nan | eps: 0.00 | P: 0.53 R: 1.00 F1: 0.86
2026-05-07 07:40:56 | DEBUG   | dpfl.core.base_simulator | Update norms — honest: ['0.02', '85568507609088.00', '544592.19', '0.02', '22444592.00'], attacker: ['nan', 'nan', 'nan', 'nan', 'nan']
2026-05-07 07:40:58 | INFO    | dpfl.core.base_simulator | Round 131/150 | Acc: 0.6412 | Loss: nan | eps: 0.00 | P: 0.56 R: 1.00 F1: 0.94
2026-05-07 07:40:58 | DEBUG   | dpfl.core.base_simulator | Update norms — honest: ['0.02', '60940695371776.00', '420160.16', '0.02', '21223482.00'], attacker: ['nan', 'nan', 'nan', 'nan', 'nan']
2026-05-07 07:41:00 | INFO    | dpfl.core.base_simulator | Round 132/150 | Acc: 0.6449 | Loss: nan | eps: 0.00 | P: 0.70 R: 1.00 F1: 0.85
2026-05-07 07:41:00 | DEBUG   | dpfl.core.base_simulator | Update norms — honest: ['0.02', '81138416615424.00', '299716.53', '0.03', '15038147.00'], attacker: ['nan', 'nan', 'nan', 'nan', 'nan']
2026-05-07 07:41:02 | INFO    | dpfl.core.base_simulator | Round 133/150 | Acc: 0.6390 | Loss: nan | eps: 0.00 | P: 0.30 R: 1.00 F1: 0.75
2026-05-07 07:41:02 | DEBUG   | dpfl.core.base_simulator | Update norms — honest: ['0.02', '83209345826816.00', '394298.75', '0.02', '25265992.00'], attacker: ['nan', 'nan', 'nan', 'nan', 'nan']
2026-05-07 07:41:04 | INFO    | dpfl.core.base_simulator | Round 134/150 | Acc: 0.6424 | Loss: nan | eps: 0.00 | P: 0.55 R: 1.00 F1: 0.91
2026-05-07 07:41:04 | DEBUG   | dpfl.core.base_simulator | Update norms — honest: ['0.02', '67820561891328.00', '573237.19', '0.02', '29838808.00'], attacker: ['nan', 'nan', 'nan', 'nan', 'nan']
2026-05-07 07:41:07 | INFO    | dpfl.core.base_simulator | Round 135/150 | Acc: 0.6446 | Loss: nan | eps: 0.00 | P: 0.68 R: 1.00 F1: 0.92
2026-05-07 07:41:07 | DEBUG   | dpfl.core.base_simulator | Update norms — honest: ['0.02', '102700503007232.00', '368017.41', '0.02', '24124464.00'], attacker: ['nan', 'nan', 'nan', 'nan', 'nan']
2026-05-07 07:41:09 | INFO    | dpfl.core.base_simulator | Round 136/150 | Acc: 0.6359 | Loss: nan | eps: 0.00 | P: 0.44 R: 1.00 F1: 0.89
2026-05-07 07:41:09 | DEBUG   | dpfl.core.base_simulator | Update norms — honest: ['0.02', '120347491827712.00', '373062.91', '0.02', '26281340.00'], attacker: ['nan', 'nan', 'nan', 'nan', 'nan']
2026-05-07 07:41:11 | INFO    | dpfl.core.base_simulator | Round 137/150 | Acc: 0.6338 | Loss: nan | eps: 0.00 | P: 0.67 R: 1.00 F1: 0.95
2026-05-07 07:41:11 | DEBUG   | dpfl.core.base_simulator | Update norms — honest: ['0.02', '64253465722880.00', '543977.12', '0.03', '28448894.00'], attacker: ['nan', 'nan', 'nan', 'nan', 'nan']
2026-05-07 07:41:13 | INFO    | dpfl.core.base_simulator | Round 138/150 | Acc: 0.6391 | Loss: nan | eps: 0.00 | P: 0.60 R: 1.00 F1: 0.86
2026-05-07 07:41:13 | DEBUG   | dpfl.core.base_simulator | Update norms — honest: ['0.02', '58349093650432.00', '629725.88', '0.03', '26011688.00'], attacker: ['nan', 'nan', 'nan', 'nan', 'nan']
2026-05-07 07:41:15 | INFO    | dpfl.core.base_simulator | Round 139/150 | Acc: 0.6357 | Loss: nan | eps: 0.00 | P: 0.59 R: 1.00 F1: 0.91
2026-05-07 07:41:15 | DEBUG   | dpfl.core.base_simulator | Update norms — honest: ['0.03', '84670431625216.00', '352422.69', '0.02', '30577110.00'], attacker: ['nan', 'nan', 'nan', 'nan', 'nan']
2026-05-07 07:41:17 | INFO    | dpfl.core.base_simulator | Round 140/150 | Acc: 0.6321 | Loss: nan | eps: 0.00 | P: 0.60 R: 1.00 F1: 0.91
2026-05-07 07:41:17 | DEBUG   | dpfl.core.base_simulator | Update norms — honest: ['0.03', '149771750735872.00', '344723.47', '0.03', '30580964.00'], attacker: ['nan', 'nan', 'nan', 'nan', 'nan']
2026-05-07 07:41:19 | INFO    | dpfl.core.base_simulator | Round 141/150 | Acc: 0.6347 | Loss: nan | eps: 0.00 | P: 0.39 R: 1.00 F1: 0.89
2026-05-07 07:41:19 | DEBUG   | dpfl.core.base_simulator | Update norms — honest: ['0.03', '113054167597056.00', '384760.81', '0.03', '27708622.00'], attacker: ['nan', 'nan', 'nan', 'nan', 'nan']
2026-05-07 07:41:21 | INFO    | dpfl.core.base_simulator | Round 142/150 | Acc: 0.6321 | Loss: nan | eps: 0.00 | P: 0.40 R: 1.00 F1: 0.80
2026-05-07 07:41:21 | DEBUG   | dpfl.core.base_simulator | Update norms — honest: ['0.02', '75196136423424.00', '319542.81', '0.02', '22895542.00'], attacker: ['nan', 'nan', 'nan', 'nan', 'nan']
2026-05-07 07:41:23 | INFO    | dpfl.core.base_simulator | Round 143/150 | Acc: 0.6367 | Loss: nan | eps: 0.00 | P: 0.64 R: 1.00 F1: 0.85
2026-05-07 07:41:23 | DEBUG   | dpfl.core.base_simulator | Update norms — honest: ['0.02', '80402735693824.00', '559888.88', '0.02', '17588052.00'], attacker: ['nan', 'nan', 'nan', 'nan', 'nan']
2026-05-07 07:41:26 | INFO    | dpfl.core.base_simulator | Round 144/150 | Acc: 0.6366 | Loss: nan | eps: 0.00 | P: 0.57 R: 1.00 F1: 0.81
2026-05-07 07:41:26 | DEBUG   | dpfl.core.base_simulator | Update norms — honest: ['0.02', '70421424635904.00', '651062.38', '0.02', '14779575.00'], attacker: ['nan', 'nan', 'nan', 'nan', 'nan']
2026-05-07 07:41:28 | INFO    | dpfl.core.base_simulator | Round 145/150 | Acc: 0.6395 | Loss: nan | eps: 0.00 | P: 0.77 R: 1.00 F1: 0.91
2026-05-07 07:41:28 | DEBUG   | dpfl.core.base_simulator | Update norms — honest: ['0.02', '96415715950592.00', '617998.38', '0.03', '26468388.00'], attacker: ['nan', 'nan', 'nan', 'nan', 'nan']
2026-05-07 07:41:30 | INFO    | dpfl.core.base_simulator | Round 146/150 | Acc: 0.6402 | Loss: nan | eps: 0.00 | P: 0.37 R: 1.00 F1: 0.83
2026-05-07 07:41:30 | DEBUG   | dpfl.core.base_simulator | Update norms — honest: ['0.02', '103034948419584.00', '410167.28', '0.02', '14660889.00'], attacker: ['nan', 'nan', 'nan', 'nan', 'nan']
2026-05-07 07:41:32 | INFO    | dpfl.core.base_simulator | Round 147/150 | Acc: 0.6452 | Loss: nan | eps: 0.00 | P: 0.47 R: 1.00 F1: 0.78
2026-05-07 07:41:32 | DEBUG   | dpfl.core.base_simulator | Update norms — honest: ['0.02', '60667029618688.00', '461360.16', '0.03', '11912110.00'], attacker: ['nan', 'nan', 'nan', 'nan', 'nan']
2026-05-07 07:41:34 | INFO    | dpfl.core.base_simulator | Round 148/150 | Acc: 0.6393 | Loss: nan | eps: 0.00 | P: 0.46 R: 1.00 F1: 0.87
2026-05-07 07:41:34 | DEBUG   | dpfl.core.base_simulator | Update norms — honest: ['0.02', '122818876407808.00', '513038.69', '0.02', '17261538.00'], attacker: ['nan', 'nan', 'nan', 'nan', 'nan']
2026-05-07 07:41:36 | INFO    | dpfl.core.base_simulator | Round 149/150 | Acc: 0.6419 | Loss: nan | eps: 0.00 | P: 0.69 R: 1.00 F1: 0.93
2026-05-07 07:41:36 | DEBUG   | dpfl.core.base_simulator | Update norms — honest: ['0.03', '75345227153408.00', '411289.34', '0.02', '24989706.00'], attacker: ['nan', 'nan', 'nan', 'nan', 'nan']
2026-05-07 07:41:38 | INFO    | dpfl.core.base_simulator | Round 150/150 | Acc: 0.6409 | Loss: nan | eps: 0.00 | P: 0.62 R: 1.00 F1: 0.93
2026-05-07 07:41:38 | DEBUG   | dpfl.core.base_simulator | Update norms — honest: ['0.02', '48640030670848.00', '450103.78', '0.02', '17789622.00'], attacker: ['nan', 'nan', 'nan', 'nan', 'nan']
2026-05-07 07:41:40 | INFO    | dpfl | Experiment complete in 350.7s
============================================================
REPORT: DP-SGD Decentralized Federated Learning
============================================================
Timestamp:                  20260507_073548
Rounds completed:           150
Attack-active rounds:       100  (from round 50)
Final accuracy:             0.6409
Final test loss:            nan
Final epsilon:              0.00
Best alpha:                 None
Avg precision:              0.5444
Avg recall:                 0.9920
Avg F1 score:               0.8735
Avg update norm (honest):   nan
Avg update norm (attacker): nan
============================================================
