2026-05-06 13:21:36 | INFO    | dpfl | Experiment start: algorithm=krum, dataset=mnist, model=mlp, device=cuda
2026-05-06 13:21:36 | INFO    | dpfl | Config: nodes=500, attackers=200, rounds=150, noise_mode=none, attack=scale
2026-05-06 13:21:36 | INFO    | dpfl.data.mnist_dataset | Loading MNIST dataset...
2026-05-06 13:21:36 | INFO    | dpfl.data.mnist_dataset | MNIST loaded: 60000 train, 10000 test samples
2026-05-06 13:22:14 | INFO    | dpfl.core.base_simulator | Vectorized state ready: param_spec.D=50890, X_test=(10000, 1, 28, 28), train clients N=500, max_n_samples=1000
2026-05-06 13:22:14 | INFO    | dpfl.core.base_simulator | Setup complete: 500 nodes (200 attackers), param_dim=50890, split=iid
2026-05-06 13:22:14 | DEBUG   | dpfl.core.base_simulator | Attacker IDs: {0, 1, 2, 3, 4, 5, 6, 7, 8, 9, 10, 11, 12, 13, 14, 15, 16, 17, 18, 19, 20, 21, 22, 23, 24, 25, 26, 27, 28, 29, 30, 31, 32, 33, 34, 35, 36, 37, 38, 39, 40, 41, 42, 43, 44, 45, 46, 47, 48, 49, 50, 51, 52, 53, 54, 55, 56, 57, 58, 59, 60, 61, 62, 63, 64, 65, 66, 67, 68, 69, 70, 71, 72, 73, 74, 75, 76, 77, 78, 79, 80, 81, 82, 83, 84, 85, 86, 87, 88, 89, 90, 91, 92, 93, 94, 95, 96, 97, 98, 99, 100, 101, 102, 103, 104, 105, 106, 107, 108, 109, 110, 111, 112, 113, 114, 115, 116, 117, 118, 119, 120, 121, 122, 123, 124, 125, 126, 127, 128, 129, 130, 131, 132, 133, 134, 135, 136, 137, 138, 139, 140, 141, 142, 143, 144, 145, 146, 147, 148, 149, 150, 151, 152, 153, 154, 155, 156, 157, 158, 159, 160, 161, 162, 163, 164, 165, 166, 167, 168, 169, 170, 171, 172, 173, 174, 175, 176, 177, 178, 179, 180, 181, 182, 183, 184, 185, 186, 187, 188, 189, 190, 191, 192, 193, 194, 195, 196, 197, 198, 199}
2026-05-06 13:22:19 | INFO    | dpfl.core.base_simulator | Round   1/150 | Acc: 0.3803 | Loss: 2.0956 | eps: 0.00 | P: 0.00 R: nan F1: nan
2026-05-06 13:22:19 | DEBUG   | dpfl.core.base_simulator | Update norms — honest: ['0.17', '0.17', '0.17', '0.17', '0.17'], attacker: ['0.18', '0.18', '0.17', '0.18', '0.18']
2026-05-06 13:22:25 | INFO    | dpfl.core.base_simulator | Round   2/150 | Acc: 0.5555 | Loss: 1.8903 | eps: 0.00 | P: 0.00 R: nan F1: nan
2026-05-06 13:22:25 | DEBUG   | dpfl.core.base_simulator | Update norms — honest: ['0.18', '0.18', '0.18', '0.18', '0.17'], attacker: ['0.18', '0.18', '0.18', '0.18', '0.18']
2026-05-06 13:22:28 | INFO    | dpfl.core.base_simulator | Round   3/150 | Acc: 0.6518 | Loss: 1.6796 | eps: 0.00 | P: 0.00 R: nan F1: nan
2026-05-06 13:22:28 | DEBUG   | dpfl.core.base_simulator | Update norms — honest: ['0.18', '0.18', '0.18', '0.18', '0.18'], attacker: ['0.19', '0.18', '0.18', '0.18', '0.19']
2026-05-06 13:22:34 | INFO    | dpfl.core.base_simulator | Round   4/150 | Acc: 0.7103 | Loss: 1.4798 | eps: 0.00 | P: 0.00 R: nan F1: nan
2026-05-06 13:22:34 | DEBUG   | dpfl.core.base_simulator | Update norms — honest: ['0.18', '0.18', '0.18', '0.18', '0.17'], attacker: ['0.18', '0.18', '0.18', '0.18', '0.18']
2026-05-06 13:22:37 | INFO    | dpfl.core.base_simulator | Round   5/150 | Acc: 0.7512 | Loss: 1.2995 | eps: 0.00 | P: 0.00 R: nan F1: nan
2026-05-06 13:22:37 | DEBUG   | dpfl.core.base_simulator | Update norms — honest: ['0.17', '0.17', '0.17', '0.17', '0.16'], attacker: ['0.18', '0.17', '0.17', '0.17', '0.18']
2026-05-06 13:22:43 | INFO    | dpfl.core.base_simulator | Round   6/150 | Acc: 0.7795 | Loss: 1.1451 | eps: 0.00 | P: 0.00 R: nan F1: nan
2026-05-06 13:22:43 | DEBUG   | dpfl.core.base_simulator | Update norms — honest: ['0.16', '0.15', '0.16', '0.15', '0.15'], attacker: ['0.16', '0.16', '0.16', '0.16', '0.17']
2026-05-06 13:22:46 | INFO    | dpfl.core.base_simulator | Round   7/150 | Acc: 0.8001 | Loss: 1.0186 | eps: 0.00 | P: 0.00 R: nan F1: nan
2026-05-06 13:22:46 | DEBUG   | dpfl.core.base_simulator | Update norms — honest: ['0.14', '0.14', '0.14', '0.14', '0.14'], attacker: ['0.15', '0.15', '0.15', '0.15', '0.16']
2026-05-06 13:22:53 | INFO    | dpfl.core.base_simulator | Round   8/150 | Acc: 0.8143 | Loss: 0.9178 | eps: 0.00 | P: 0.00 R: nan F1: nan
2026-05-06 13:22:53 | DEBUG   | dpfl.core.base_simulator | Update norms — honest: ['0.13', '0.13', '0.13', '0.13', '0.13'], attacker: ['0.14', '0.13', '0.14', '0.14', '0.14']
2026-05-06 13:22:55 | INFO    | dpfl.core.base_simulator | Round   9/150 | Acc: 0.8245 | Loss: 0.8381 | eps: 0.00 | P: 0.00 R: nan F1: nan
2026-05-06 13:22:55 | DEBUG   | dpfl.core.base_simulator | Update norms — honest: ['0.12', '0.11', '0.11', '0.11', '0.11'], attacker: ['0.13', '0.12', '0.12', '0.13', '0.13']
2026-05-06 13:23:01 | INFO    | dpfl.core.base_simulator | Round  10/150 | Acc: 0.8326 | Loss: 0.7743 | eps: 0.00 | P: 0.00 R: nan F1: nan
2026-05-06 13:23:01 | DEBUG   | dpfl.core.base_simulator | Update norms — honest: ['0.10', '0.10', '0.10', '0.10', '0.10'], attacker: ['0.12', '0.11', '0.12', '0.12', '0.12']
2026-05-06 13:23:07 | INFO    | dpfl.core.base_simulator | Round  11/150 | Acc: 0.8388 | Loss: 0.7235 | eps: 0.00 | P: 0.00 R: nan F1: nan
2026-05-06 13:23:07 | DEBUG   | dpfl.core.base_simulator | Update norms — honest: ['0.09', '0.09', '0.09', '0.09', '0.09'], attacker: ['0.11', '0.10', '0.11', '0.11', '0.11']
2026-05-06 13:23:10 | INFO    | dpfl.core.base_simulator | Round  12/150 | Acc: 0.8442 | Loss: 0.6816 | eps: 0.00 | P: 0.00 R: nan F1: nan
2026-05-06 13:23:10 | DEBUG   | dpfl.core.base_simulator | Update norms — honest: ['0.09', '0.08', '0.09', '0.08', '0.09'], attacker: ['0.10', '0.10', '0.10', '0.10', '0.11']
2026-05-06 13:23:16 | INFO    | dpfl.core.base_simulator | Round  13/150 | Acc: 0.8484 | Loss: 0.6473 | eps: 0.00 | P: 0.00 R: nan F1: nan
2026-05-06 13:23:16 | DEBUG   | dpfl.core.base_simulator | Update norms — honest: ['0.08', '0.08', '0.08', '0.08', '0.08'], attacker: ['0.09', '0.09', '0.10', '0.09', '0.10']
2026-05-06 13:23:18 | INFO    | dpfl.core.base_simulator | Round  14/150 | Acc: 0.8520 | Loss: 0.6186 | eps: 0.00 | P: 0.00 R: nan F1: nan
2026-05-06 13:23:18 | DEBUG   | dpfl.core.base_simulator | Update norms — honest: ['0.07', '0.07', '0.07', '0.07', '0.07'], attacker: ['0.09', '0.09', '0.08', '0.09', '0.09']
2026-05-06 13:23:25 | INFO    | dpfl.core.base_simulator | Round  15/150 | Acc: 0.8553 | Loss: 0.5941 | eps: 0.00 | P: 0.00 R: nan F1: nan
2026-05-06 13:23:25 | DEBUG   | dpfl.core.base_simulator | Update norms — honest: ['0.07', '0.07', '0.07', '0.07', '0.07'], attacker: ['0.09', '0.09', '0.09', '0.08', '0.09']
2026-05-06 13:23:28 | INFO    | dpfl.core.base_simulator | Round  16/150 | Acc: 0.8581 | Loss: 0.5733 | eps: 0.00 | P: 0.00 R: nan F1: nan
2026-05-06 13:23:28 | DEBUG   | dpfl.core.base_simulator | Update norms — honest: ['0.06', '0.06', '0.06', '0.06', '0.06'], attacker: ['0.08', '0.09', '0.08', '0.09', '0.09']
2026-05-06 13:23:34 | INFO    | dpfl.core.base_simulator | Round  17/150 | Acc: 0.8605 | Loss: 0.5551 | eps: 0.00 | P: 0.00 R: nan F1: nan
2026-05-06 13:23:34 | DEBUG   | dpfl.core.base_simulator | Update norms — honest: ['0.06', '0.06', '0.06', '0.06', '0.06'], attacker: ['0.08', '0.09', '0.08', '0.08', '0.09']
2026-05-06 13:23:38 | INFO    | dpfl.core.base_simulator | Round  18/150 | Acc: 0.8625 | Loss: 0.5394 | eps: 0.00 | P: 0.00 R: nan F1: nan
2026-05-06 13:23:38 | DEBUG   | dpfl.core.base_simulator | Update norms — honest: ['0.06', '0.06', '0.06', '0.06', '0.06'], attacker: ['0.08', '0.09', '0.08', '0.08', '0.09']
2026-05-06 13:23:43 | INFO    | dpfl.core.base_simulator | Round  19/150 | Acc: 0.8646 | Loss: 0.5256 | eps: 0.00 | P: 0.00 R: nan F1: nan
2026-05-06 13:23:43 | DEBUG   | dpfl.core.base_simulator | Update norms — honest: ['0.05', '0.05', '0.05', '0.05', '0.05'], attacker: ['0.08', '0.08', '0.07', '0.08', '0.09']
2026-05-06 13:23:49 | INFO    | dpfl.core.base_simulator | Round  20/150 | Acc: 0.8663 | Loss: 0.5133 | eps: 0.00 | P: 0.00 R: nan F1: nan
2026-05-06 13:23:49 | DEBUG   | dpfl.core.base_simulator | Update norms — honest: ['0.05', '0.05', '0.05', '0.05', '0.05'], attacker: ['0.07', '0.08', '0.07', '0.08', '0.09']
2026-05-06 13:23:51 | INFO    | dpfl.core.base_simulator | Round  21/150 | Acc: 0.8678 | Loss: 0.5023 | eps: 0.00 | P: 0.00 R: nan F1: nan
2026-05-06 13:23:51 | DEBUG   | dpfl.core.base_simulator | Update norms — honest: ['0.05', '0.05', '0.05', '0.05', '0.05'], attacker: ['0.08', '0.08', '0.07', '0.07', '0.08']
2026-05-06 13:23:58 | INFO    | dpfl.core.base_simulator | Round  22/150 | Acc: 0.8692 | Loss: 0.4926 | eps: 0.00 | P: 0.00 R: nan F1: nan
2026-05-06 13:23:58 | DEBUG   | dpfl.core.base_simulator | Update norms — honest: ['0.05', '0.05', '0.05', '0.05', '0.05'], attacker: ['0.07', '0.08', '0.08', '0.07', '0.08']
2026-05-06 13:24:00 | INFO    | dpfl.core.base_simulator | Round  23/150 | Acc: 0.8706 | Loss: 0.4836 | eps: 0.00 | P: 0.00 R: nan F1: nan
2026-05-06 13:24:00 | DEBUG   | dpfl.core.base_simulator | Update norms — honest: ['0.05', '0.05', '0.04', '0.05', '0.05'], attacker: ['0.07', '0.08', '0.08', '0.07', '0.08']
2026-05-06 13:24:07 | INFO    | dpfl.core.base_simulator | Round  24/150 | Acc: 0.8717 | Loss: 0.4757 | eps: 0.00 | P: 0.00 R: nan F1: nan
2026-05-06 13:24:07 | DEBUG   | dpfl.core.base_simulator | Update norms — honest: ['0.04', '0.04', '0.04', '0.04', '0.05'], attacker: ['0.08', '0.08', '0.08', '0.07', '0.08']
2026-05-06 13:24:09 | INFO    | dpfl.core.base_simulator | Round  25/150 | Acc: 0.8726 | Loss: 0.4686 | eps: 0.00 | P: 0.00 R: nan F1: nan
2026-05-06 13:24:09 | DEBUG   | dpfl.core.base_simulator | Update norms — honest: ['0.04', '0.04', '0.04', '0.04', '0.04'], attacker: ['0.07', '0.07', '0.08', '0.08', '0.08']
2026-05-06 13:24:15 | INFO    | dpfl.core.base_simulator | Round  26/150 | Acc: 0.8736 | Loss: 0.4620 | eps: 0.00 | P: 0.00 R: nan F1: nan
2026-05-06 13:24:15 | DEBUG   | dpfl.core.base_simulator | Update norms — honest: ['0.04', '0.04', '0.04', '0.04', '0.04'], attacker: ['0.07', '0.08', '0.07', '0.07', '0.07']
2026-05-06 13:24:19 | INFO    | dpfl.core.base_simulator | Round  27/150 | Acc: 0.8745 | Loss: 0.4558 | eps: 0.00 | P: 0.00 R: nan F1: nan
2026-05-06 13:24:19 | DEBUG   | dpfl.core.base_simulator | Update norms — honest: ['0.04', '0.04', '0.04', '0.04', '0.04'], attacker: ['0.08', '0.08', '0.07', '0.07', '0.07']
2026-05-06 13:24:24 | INFO    | dpfl.core.base_simulator | Round  28/150 | Acc: 0.8753 | Loss: 0.4505 | eps: 0.00 | P: 0.00 R: nan F1: nan
2026-05-06 13:24:24 | DEBUG   | dpfl.core.base_simulator | Update norms — honest: ['0.04', '0.04', '0.04', '0.04', '0.04'], attacker: ['0.08', '0.08', '0.08', '0.07', '0.07']
2026-05-06 13:24:31 | INFO    | dpfl.core.base_simulator | Round  29/150 | Acc: 0.8762 | Loss: 0.4453 | eps: 0.00 | P: 0.00 R: nan F1: nan
2026-05-06 13:24:31 | DEBUG   | dpfl.core.base_simulator | Update norms — honest: ['0.04', '0.04', '0.04', '0.04', '0.04'], attacker: ['0.07', '0.08', '0.08', '0.07', '0.07']
2026-05-06 13:24:33 | INFO    | dpfl.core.base_simulator | Round  30/150 | Acc: 0.8769 | Loss: 0.4405 | eps: 0.00 | P: 0.00 R: nan F1: nan
2026-05-06 13:24:33 | DEBUG   | dpfl.core.base_simulator | Update norms — honest: ['0.04', '0.04', '0.04', '0.04', '0.04'], attacker: ['0.08', '0.08', '0.08', '0.07', '0.07']
2026-05-06 13:24:39 | INFO    | dpfl.core.base_simulator | Round  31/150 | Acc: 0.8774 | Loss: 0.4362 | eps: 0.00 | P: 0.00 R: nan F1: nan
2026-05-06 13:24:39 | DEBUG   | dpfl.core.base_simulator | Update norms — honest: ['0.04', '0.04', '0.04', '0.04', '0.04'], attacker: ['0.08', '0.09', '0.08', '0.08', '0.08']
2026-05-06 13:24:42 | INFO    | dpfl.core.base_simulator | Round  32/150 | Acc: 0.8780 | Loss: 0.4322 | eps: 0.00 | P: 0.00 R: nan F1: nan
2026-05-06 13:24:42 | DEBUG   | dpfl.core.base_simulator | Update norms — honest: ['0.03', '0.04', '0.04', '0.04', '0.03'], attacker: ['0.09', '0.08', '0.09', '0.08', '0.07']
2026-05-06 13:24:48 | INFO    | dpfl.core.base_simulator | Round  33/150 | Acc: 0.8787 | Loss: 0.4284 | eps: 0.00 | P: 0.00 R: nan F1: nan
2026-05-06 13:24:48 | DEBUG   | dpfl.core.base_simulator | Update norms — honest: ['0.03', '0.04', '0.03', '0.04', '0.03'], attacker: ['0.09', '0.09', '0.09', '0.09', '0.08']
2026-05-06 13:24:52 | INFO    | dpfl.core.base_simulator | Round  34/150 | Acc: 0.8792 | Loss: 0.4250 | eps: 0.00 | P: 0.00 R: nan F1: nan
2026-05-06 13:24:52 | DEBUG   | dpfl.core.base_simulator | Update norms — honest: ['0.03', '0.03', '0.03', '0.04', '0.03'], attacker: ['0.09', '0.09', '0.10', '0.09', '0.08']
2026-05-06 13:24:57 | INFO    | dpfl.core.base_simulator | Round  35/150 | Acc: 0.8797 | Loss: 0.4218 | eps: 0.00 | P: 0.00 R: nan F1: nan
2026-05-06 13:24:57 | DEBUG   | dpfl.core.base_simulator | Update norms — honest: ['0.03', '0.03', '0.03', '0.04', '0.03'], attacker: ['0.09', '0.09', '0.10', '0.09', '0.08']
2026-05-06 13:25:03 | INFO    | dpfl.core.base_simulator | Round  36/150 | Acc: 0.8802 | Loss: 0.4188 | eps: 0.00 | P: 0.00 R: nan F1: nan
2026-05-06 13:25:03 | DEBUG   | dpfl.core.base_simulator | Update norms — honest: ['0.03', '0.03', '0.03', '0.03', '0.03'], attacker: ['0.10', '0.10', '0.10', '0.09', '0.08']
2026-05-06 13:25:06 | INFO    | dpfl.core.base_simulator | Round  37/150 | Acc: 0.8806 | Loss: 0.4160 | eps: 0.00 | P: 0.00 R: nan F1: nan
2026-05-06 13:25:06 | DEBUG   | dpfl.core.base_simulator | Update norms — honest: ['0.03', '0.03', '0.03', '0.03', '0.03'], attacker: ['0.11', '0.10', '0.10', '0.10', '0.09']
2026-05-06 13:25:12 | INFO    | dpfl.core.base_simulator | Round  38/150 | Acc: 0.8810 | Loss: 0.4134 | eps: 0.00 | P: 0.00 R: nan F1: nan
2026-05-06 13:25:12 | DEBUG   | dpfl.core.base_simulator | Update norms — honest: ['0.03', '0.03', '0.03', '0.03', '0.03'], attacker: ['0.11', '0.10', '0.10', '0.10', '0.08']
2026-05-06 13:25:14 | INFO    | dpfl.core.base_simulator | Round  39/150 | Acc: 0.8814 | Loss: 0.4110 | eps: 0.00 | P: 0.00 R: nan F1: nan
2026-05-06 13:25:14 | DEBUG   | dpfl.core.base_simulator | Update norms — honest: ['0.03', '0.03', '0.03', '0.03', '0.03'], attacker: ['0.10', '0.10', '0.10', '0.10', '0.09']
2026-05-06 13:25:21 | INFO    | dpfl.core.base_simulator | Round  40/150 | Acc: 0.8817 | Loss: 0.4087 | eps: 0.00 | P: 0.00 R: nan F1: nan
2026-05-06 13:25:21 | DEBUG   | dpfl.core.base_simulator | Update norms — honest: ['0.03', '0.03', '0.03', '0.03', '0.03'], attacker: ['0.10', '0.10', '0.10', '0.10', '0.10']
2026-05-06 13:25:23 | INFO    | dpfl.core.base_simulator | Round  41/150 | Acc: 0.8820 | Loss: 0.4065 | eps: 0.00 | P: 0.00 R: nan F1: nan
2026-05-06 13:25:23 | DEBUG   | dpfl.core.base_simulator | Update norms — honest: ['0.03', '0.03', '0.03', '0.03', '0.03'], attacker: ['0.11', '0.10', '0.10', '0.10', '0.09']
2026-05-06 13:25:30 | INFO    | dpfl.core.base_simulator | Round  42/150 | Acc: 0.8825 | Loss: 0.4045 | eps: 0.00 | P: 0.00 R: nan F1: nan
2026-05-06 13:25:30 | DEBUG   | dpfl.core.base_simulator | Update norms — honest: ['0.03', '0.03', '0.03', '0.03', '0.03'], attacker: ['0.10', '0.10', '0.10', '0.10', '0.09']
2026-05-06 13:25:33 | INFO    | dpfl.core.base_simulator | Round  43/150 | Acc: 0.8827 | Loss: 0.4026 | eps: 0.00 | P: 0.00 R: nan F1: nan
2026-05-06 13:25:33 | DEBUG   | dpfl.core.base_simulator | Update norms — honest: ['0.03', '0.03', '0.03', '0.03', '0.03'], attacker: ['0.11', '0.11', '0.11', '0.11', '0.09']
2026-05-06 13:25:39 | INFO    | dpfl.core.base_simulator | Round  44/150 | Acc: 0.8829 | Loss: 0.4008 | eps: 0.00 | P: 0.00 R: nan F1: nan
2026-05-06 13:25:39 | DEBUG   | dpfl.core.base_simulator | Update norms — honest: ['0.03', '0.03', '0.03', '0.03', '0.03'], attacker: ['0.11', '0.11', '0.10', '0.11', '0.09']
2026-05-06 13:25:44 | INFO    | dpfl.core.base_simulator | Round  45/150 | Acc: 0.8832 | Loss: 0.3992 | eps: 0.00 | P: 0.00 R: nan F1: nan
2026-05-06 13:25:44 | DEBUG   | dpfl.core.base_simulator | Update norms — honest: ['0.03', '0.03', '0.03', '0.03', '0.03'], attacker: ['0.11', '0.11', '0.11', '0.11', '0.10']
2026-05-06 13:25:47 | INFO    | dpfl.core.base_simulator | Round  46/150 | Acc: 0.8835 | Loss: 0.3976 | eps: 0.00 | P: 0.00 R: nan F1: nan
2026-05-06 13:25:47 | DEBUG   | dpfl.core.base_simulator | Update norms — honest: ['0.03', '0.03', '0.03', '0.03', '0.03'], attacker: ['0.12', '0.11', '0.12', '0.11', '0.09']
2026-05-06 13:25:54 | INFO    | dpfl.core.base_simulator | Round  47/150 | Acc: 0.8839 | Loss: 0.3960 | eps: 0.00 | P: 0.00 R: nan F1: nan
2026-05-06 13:25:54 | DEBUG   | dpfl.core.base_simulator | Update norms — honest: ['0.03', '0.03', '0.03', '0.03', '0.03'], attacker: ['0.11', '0.11', '0.12', '0.11', '0.09']
2026-05-06 13:25:57 | INFO    | dpfl.core.base_simulator | Round  48/150 | Acc: 0.8840 | Loss: 0.3947 | eps: 0.00 | P: 0.00 R: nan F1: nan
2026-05-06 13:25:57 | DEBUG   | dpfl.core.base_simulator | Update norms — honest: ['0.03', '0.03', '0.03', '0.03', '0.03'], attacker: ['0.11', '0.11', '0.12', '0.11', '0.10']
2026-05-06 13:26:03 | INFO    | dpfl.core.base_simulator | Round  49/150 | Acc: 0.8843 | Loss: 0.3935 | eps: 0.00 | P: 0.00 R: nan F1: nan
2026-05-06 13:26:03 | DEBUG   | dpfl.core.base_simulator | Update norms — honest: ['0.03', '0.03', '0.03', '0.03', '0.03'], attacker: ['0.12', '0.12', '0.11', '0.11', '0.10']
2026-05-06 13:26:06 | INFO    | dpfl.core.base_simulator | Round  50/150 | Acc: 0.8845 | Loss: 0.3921 | eps: 0.00 | P: 0.00 R: nan F1: nan
2026-05-06 13:26:06 | DEBUG   | dpfl.core.base_simulator | Update norms — honest: ['0.03', '0.03', '0.03', '0.03', '0.03'], attacker: ['0.12', '0.11', '0.12', '0.11', '0.10']
2026-05-06 13:26:12 | INFO    | dpfl.core.base_simulator | Round  51/150 | Acc: 0.8847 | Loss: 0.3909 | eps: 0.00 | P: 0.68 R: 1.00 F1: 0.86
2026-05-06 13:26:12 | DEBUG   | dpfl.core.base_simulator | Update norms — honest: ['0.03', '0.03', '0.03', '0.03', '0.03'], attacker: ['2.54', '2.38', '2.45', '2.37', '2.00']
2026-05-06 13:26:16 | INFO    | dpfl.core.base_simulator | Round  52/150 | Acc: 0.8836 | Loss: 0.4021 | eps: 0.00 | P: 0.60 R: 1.00 F1: 0.97
2026-05-06 13:26:16 | DEBUG   | dpfl.core.base_simulator | Update norms — honest: ['0.03', '0.03', '0.03', '0.03', '0.03'], attacker: ['2.50', '2.35', '2.44', '2.49', '2.06']
2026-05-06 13:26:20 | INFO    | dpfl.core.base_simulator | Round  53/150 | Acc: 0.8701 | Loss: 2.5731 | eps: 0.00 | P: 0.58 R: 0.98 F1: 0.88
2026-05-06 13:26:20 | DEBUG   | dpfl.core.base_simulator | Update norms — honest: ['0.03', '0.03', '0.03', '0.03', '0.03'], attacker: ['13.18', '12.72', '12.48', '12.46', '13.23']
2026-05-06 13:26:27 | INFO    | dpfl.core.base_simulator | Round  54/150 | Acc: 0.8523 | Loss: 1259.8615 | eps: 0.00 | P: 0.67 R: 0.97 F1: 0.87
2026-05-06 13:26:27 | DEBUG   | dpfl.core.base_simulator | Update norms — honest: ['0.03', '0.03', '0.03', '0.03', '0.03'], attacker: ['18.20', '18.34', '17.28', '17.37', '18.83']
2026-05-06 13:26:29 | INFO    | dpfl.core.base_simulator | Round  55/150 | Acc: 0.8292 | Loss: 134098.4452 | eps: 0.00 | P: 0.54 R: 0.98 F1: 0.89
2026-05-06 13:26:29 | DEBUG   | dpfl.core.base_simulator | Update norms — honest: ['0.03', '60.18', '0.02', '0.03', '0.03'], attacker: ['733.01', '723.28', '724.22', '712.94', '700.62']
2026-05-06 13:26:36 | INFO    | dpfl.core.base_simulator | Round  56/150 | Acc: 0.8122 | Loss: 14854026.7754 | eps: 0.00 | P: 0.60 R: 0.97 F1: 0.91
2026-05-06 13:26:36 | DEBUG   | dpfl.core.base_simulator | Update norms — honest: ['0.03', '10.97', '0.02', '0.03', '0.02'], attacker: ['7101.12', '8072.54', '7864.66', '8065.84', '7816.18']
2026-05-06 13:26:38 | INFO    | dpfl.core.base_simulator | Round  57/150 | Acc: 0.7974 | Loss: 1880424832.4957 | eps: 0.00 | P: 0.61 R: 0.97 F1: 0.92
2026-05-06 13:26:38 | DEBUG   | dpfl.core.base_simulator | Update norms — honest: ['0.02', '6.10', '0.03', '0.03', '0.02'], attacker: ['126755.91', '119521.27', '118644.08', '119967.24', '124551.45']
2026-05-06 13:26:45 | INFO    | dpfl.core.base_simulator | Round  58/150 | Acc: 0.7861 | Loss: 247832776688.9494 | eps: 0.00 | P: 0.34 R: 0.98 F1: 0.83
2026-05-06 13:26:45 | DEBUG   | dpfl.core.base_simulator | Update norms — honest: ['0.02', '6.05', '0.02', '0.02', '0.03'], attacker: ['1306394.25', '1362461.50', '1328718.62', '1351198.88', '1353226.62']
2026-05-06 13:26:48 | INFO    | dpfl.core.base_simulator | Round  59/150 | Acc: 0.7593 | Loss: 51810324336409.6797 | eps: 0.00 | P: 0.47 R: 0.98 F1: 0.89
2026-05-06 13:26:48 | DEBUG   | dpfl.core.base_simulator | Update norms — honest: ['0.02', '3.88', '0.02', '0.02', '0.02'], attacker: ['14686760.00', '15338894.00', '15008007.00', '14413037.00', '14829485.00']
2026-05-06 13:26:54 | INFO    | dpfl.core.base_simulator | Round  60/150 | Acc: 0.7502 | Loss: 3551375072024100.5000 | eps: 0.00 | P: 0.50 R: 0.98 F1: 0.89
2026-05-06 13:26:54 | DEBUG   | dpfl.core.base_simulator | Update norms — honest: ['0.02', '3.34', '0.02', '0.03', '0.02'], attacker: ['153973376.00', '159048080.00', '150197472.00', '152848720.00', '160797264.00']
2026-05-06 13:26:58 | INFO    | dpfl.core.base_simulator | Round  61/150 | Acc: 0.7435 | Loss: 429586615138452992.0000 | eps: 0.00 | P: 0.65 R: 0.97 F1: 0.91
2026-05-06 13:26:58 | DEBUG   | dpfl.core.base_simulator | Update norms — honest: ['0.02', '2.66', '0.02', '0.02', '0.02'], attacker: ['1734564096.00', '1710930432.00', '1640549376.00', '1763331968.00', '1691958144.00']
2026-05-06 13:27:03 | INFO    | dpfl.core.base_simulator | Round  62/150 | Acc: 0.7311 | Loss: 41132336724267393024.0000 | eps: 0.00 | P: 0.41 R: 0.97 F1: 0.82
2026-05-06 13:27:03 | DEBUG   | dpfl.core.base_simulator | Update norms — honest: ['0.02', '1.64', '0.02', '0.02', '0.02'], attacker: ['17587331072.00', '17456361472.00', '18198112256.00', '17191317504.00', '17583372288.00']
2026-05-06 13:27:09 | INFO    | dpfl.core.base_simulator | Round  63/150 | Acc: 0.7148 | Loss: 5824323573990808354816.0000 | eps: 0.00 | P: 0.53 R: 0.98 F1: 0.91
2026-05-06 13:27:09 | DEBUG   | dpfl.core.base_simulator | Update norms — honest: ['0.03', '1.35', '0.02', '0.02', '0.02'], attacker: ['188338176000.00', '198071582720.00', '203569250304.00', '193136345088.00', '191089803264.00']
2026-05-06 13:27:12 | INFO    | dpfl.core.base_simulator | Round  64/150 | Acc: 0.7021 | Loss: 775164115052785959960576.0000 | eps: 0.00 | P: 0.54 R: 0.98 F1: 0.87
2026-05-06 13:27:12 | DEBUG   | dpfl.core.base_simulator | Update norms — honest: ['0.02', '1.12', '0.02', '0.02', '0.02'], attacker: ['2091460722688.00', '2153541402624.00', '2148469178368.00', '2050218262528.00', '2055135952896.00']
2026-05-06 13:27:18 | INFO    | dpfl.core.base_simulator | Round  65/150 | Acc: 0.6779 | Loss: 104648488389721638706348032.0000 | eps: 0.00 | P: 0.71 R: 0.98 F1: 0.91
2026-05-06 13:27:18 | DEBUG   | dpfl.core.base_simulator | Update norms — honest: ['0.02', '1.06', '0.02', '0.02', '0.02'], attacker: ['22167064412160.00', '21200388489216.00', '21105544790016.00', '21493972992000.00', '21935417196544.00']
2026-05-06 13:27:21 | INFO    | dpfl.core.base_simulator | Round  66/150 | Acc: 0.6646 | Loss: 11191517622081980667602665472.0000 | eps: 0.00 | P: 0.63 R: 0.98 F1: 0.87
2026-05-06 13:27:21 | DEBUG   | dpfl.core.base_simulator | Update norms — honest: ['0.02', '9052195127296.00', '9118371807232.00', '0.02', '0.02'], attacker: ['232788804501504.00', '214716118990848.00', '229638127222784.00', '220553700966400.00', '216825853902848.00']
2026-05-06 13:27:28 | INFO    | dpfl.core.base_simulator | Round  67/150 | Acc: 0.6593 | Loss: 779660888622791018532292263936.0000 | eps: 0.00 | P: 0.50 R: 0.98 F1: 0.87
2026-05-06 13:27:28 | DEBUG   | dpfl.core.base_simulator | Update norms — honest: ['0.02', '2945203830784.00', '2624164200448.00', '0.02', '0.02'], attacker: ['2431001418530816.00', '2323045804933120.00', '2473526695034880.00', '2495053339557888.00', '2264519627767808.00']
2026-05-06 13:27:30 | INFO    | dpfl.core.base_simulator | Round  68/150 | Acc: 0.6464 | Loss: 105510518292211880309677774340096.0000 | eps: 0.00 | P: 0.44 R: 0.97 F1: 0.81
2026-05-06 13:27:30 | DEBUG   | dpfl.core.base_simulator | Update norms — honest: ['0.02', '2011950219264.00', '955817121546240.00', '0.02', '0.02'], attacker: ['23909586868109312.00', '23883649560608768.00', '23228130177056768.00', '23175033643859968.00', '23057370867302400.00']
2026-05-06 13:27:36 | INFO    | dpfl.core.base_simulator | Round  69/150 | Acc: 0.6342 | Loss: inf | eps: 0.00 | P: 0.56 R: 0.98 F1: 0.81
2026-05-06 13:27:36 | DEBUG   | dpfl.core.base_simulator | Update norms — honest: ['0.02', '1519673671680.00', '295629074989056.00', '0.02', '0.02'], attacker: ['262900153688522752.00', '261299900413640704.00', '267864568947015680.00', '253468594485067776.00', '264812410567655424.00']
2026-05-06 13:27:41 | INFO    | dpfl.core.base_simulator | Round  70/150 | Acc: 0.6394 | Loss: inf | eps: 0.00 | P: 0.43 R: 0.99 F1: 0.98
2026-05-06 13:27:41 | DEBUG   | dpfl.core.base_simulator | Update norms — honest: ['0.02', '1234849366016.00', '328690491719680.00', '0.02', '126439525047074816.00'], attacker: ['2640427696080814080.00', '2433524896500809728.00', '2624276694902505472.00', '2662838491833958400.00', '2748885996945801216.00']
2026-05-06 13:27:45 | INFO    | dpfl.core.base_simulator | Round  71/150 | Acc: 0.6489 | Loss: inf | eps: 0.00 | P: 0.33 R: 1.00 F1: 0.93
2026-05-06 13:27:45 | DEBUG   | dpfl.core.base_simulator | Update norms — honest: ['0.02', '1395940524032.00', '200128061243392.00', '0.02', '1606216476195291136.00'], attacker: ['inf', 'inf', 'inf', 'inf', 'inf']
2026-05-06 13:27:50 | INFO    | dpfl.core.base_simulator | Round  72/150 | Acc: 0.6573 | Loss: inf | eps: 0.00 | P: 0.57 R: 1.00 F1: 0.78
2026-05-06 13:27:50 | DEBUG   | dpfl.core.base_simulator | Update norms — honest: ['0.02', '1224371601408.00', '163755375722496.00', '0.02', '330097305036259328.00'], attacker: ['nan', 'nan', 'nan', 'nan', 'nan']
2026-05-06 13:27:54 | INFO    | dpfl.core.base_simulator | Round  73/150 | Acc: 0.6660 | Loss: inf | eps: 0.00 | P: 0.48 R: 1.00 F1: 0.94
2026-05-06 13:27:54 | DEBUG   | dpfl.core.base_simulator | Update norms — honest: ['0.02', '1008367697920.00', '129402700562432.00', '0.02', '284613876249526272.00'], attacker: ['nan', 'nan', 'nan', 'nan', 'nan']
2026-05-06 13:28:00 | INFO    | dpfl.core.base_simulator | Round  74/150 | Acc: 0.6722 | Loss: inf | eps: 0.00 | P: 0.50 R: 1.00 F1: 0.90
2026-05-06 13:28:00 | DEBUG   | dpfl.core.base_simulator | Update norms — honest: ['0.02', '731767177216.00', '111775299141632.00', '0.02', '174574082526806016.00'], attacker: ['nan', 'nan', 'nan', 'nan', 'nan']
2026-05-06 13:28:03 | INFO    | dpfl.core.base_simulator | Round  75/150 | Acc: 0.6781 | Loss: inf | eps: 0.00 | P: 0.68 R: 1.00 F1: 0.87
2026-05-06 13:28:03 | DEBUG   | dpfl.core.base_simulator | Update norms — honest: ['0.02', '533552627712.00', '122087960215552.00', '0.02', '175967593255927808.00'], attacker: ['nan', 'nan', 'nan', 'nan', 'nan']
2026-05-06 13:28:10 | INFO    | dpfl.core.base_simulator | Round  76/150 | Acc: 0.6866 | Loss: inf | eps: 0.00 | P: 0.55 R: 1.00 F1: 0.91
2026-05-06 13:28:10 | DEBUG   | dpfl.core.base_simulator | Update norms — honest: ['0.02', '483026403328.00', '111235945201664.00', '0.02', '171798657480261632.00'], attacker: ['nan', 'nan', 'nan', 'nan', 'nan']
2026-05-06 13:28:18 | INFO    | dpfl.core.base_simulator | Round  77/150 | Acc: 0.6871 | Loss: inf | eps: 0.00 | P: 0.52 R: 1.00 F1: 0.90
2026-05-06 13:28:18 | DEBUG   | dpfl.core.base_simulator | Update norms — honest: ['0.02', '604138176512.00', '79728987865088.00', '0.02', '108009674351050752.00'], attacker: ['nan', 'nan', 'nan', 'nan', 'nan']
2026-05-06 13:28:27 | INFO    | dpfl.core.base_simulator | Round  78/150 | Acc: 0.6957 | Loss: inf | eps: 0.00 | P: 0.33 R: 1.00 F1: 0.89
2026-05-06 13:28:27 | DEBUG   | dpfl.core.base_simulator | Update norms — honest: ['0.02', '461593706496.00', '67097803620352.00', '0.02', '116876788952465408.00'], attacker: ['nan', 'nan', 'nan', 'nan', 'nan']
2026-05-06 13:28:34 | INFO    | dpfl.core.base_simulator | Round  79/150 | Acc: 0.6977 | Loss: inf | eps: 0.00 | P: 0.75 R: 1.00 F1: 0.95
2026-05-06 13:28:34 | DEBUG   | dpfl.core.base_simulator | Update norms — honest: ['0.02', '525764132864.00', '47800381341696.00', '0.02', '98956905493299200.00'], attacker: ['nan', 'nan', 'nan', 'nan', 'nan']
2026-05-06 13:28:43 | INFO    | dpfl.core.base_simulator | Round  80/150 | Acc: 0.7029 | Loss: inf | eps: 0.00 | P: 0.55 R: 1.00 F1: 0.78
2026-05-06 13:28:43 | DEBUG   | dpfl.core.base_simulator | Update norms — honest: ['0.02', '515700916224.00', '71668810645504.00', '0.02', '58044412831203328.00'], attacker: ['nan', 'nan', 'nan', 'nan', 'nan']
2026-05-06 13:28:50 | INFO    | dpfl.core.base_simulator | Round  81/150 | Acc: 0.7064 | Loss: inf | eps: 0.00 | P: 0.47 R: 1.00 F1: 0.84
2026-05-06 13:28:50 | DEBUG   | dpfl.core.base_simulator | Update norms — honest: ['0.02', '337772675072.00', '52354678259712.00', '0.02', '60257081197854720.00'], attacker: ['nan', 'nan', 'nan', 'nan', 'nan']
2026-05-06 13:28:56 | INFO    | dpfl.core.base_simulator | Round  82/150 | Acc: 0.7105 | Loss: inf | eps: 0.00 | P: 0.70 R: 1.00 F1: 0.88
2026-05-06 13:28:56 | DEBUG   | dpfl.core.base_simulator | Update norms — honest: ['0.02', '297581608960.00', '44992101875712.00', '0.02', '79180848837951488.00'], attacker: ['nan', 'nan', 'nan', 'nan', 'nan']
2026-05-06 13:29:05 | INFO    | dpfl.core.base_simulator | Round  83/150 | Acc: 0.7170 | Loss: inf | eps: 0.00 | P: 0.55 R: 1.00 F1: 0.96
2026-05-06 13:29:05 | DEBUG   | dpfl.core.base_simulator | Update norms — honest: ['0.02', '207362179072.00', '39485525983232.00', '0.02', '53890277512839168.00'], attacker: ['nan', 'nan', 'nan', 'nan', 'nan']
2026-05-06 13:29:12 | INFO    | dpfl.core.base_simulator | Round  84/150 | Acc: 0.7180 | Loss: inf | eps: 0.00 | P: 0.54 R: 1.00 F1: 0.87
2026-05-06 13:29:12 | DEBUG   | dpfl.core.base_simulator | Update norms — honest: ['0.02', '300905529344.00', '23118045249536.00', '0.02', '53818804962066432.00'], attacker: ['nan', 'nan', 'nan', 'nan', 'nan']
2026-05-06 13:29:18 | INFO    | dpfl.core.base_simulator | Round  85/150 | Acc: 0.7222 | Loss: inf | eps: 0.00 | P: 0.76 R: 1.00 F1: 0.88
2026-05-06 13:29:18 | DEBUG   | dpfl.core.base_simulator | Update norms — honest: ['0.02', '339821887488.00', '34462586896384.00', '0.02', '38530817332346880.00'], attacker: ['nan', 'nan', 'nan', 'nan', 'nan']
2026-05-06 13:29:26 | INFO    | dpfl.core.base_simulator | Round  86/150 | Acc: 0.7332 | Loss: inf | eps: 0.00 | P: 0.35 R: 1.00 F1: 0.91
2026-05-06 13:29:26 | DEBUG   | dpfl.core.base_simulator | Update norms — honest: ['0.02', '252770287616.00', '22401263861760.00', '0.02', '32651616989478912.00'], attacker: ['nan', 'nan', 'nan', 'nan', 'nan']
2026-05-06 13:29:34 | INFO    | dpfl.core.base_simulator | Round  87/150 | Acc: 0.7373 | Loss: inf | eps: 0.00 | P: 0.59 R: 1.00 F1: 0.87
2026-05-06 13:29:34 | DEBUG   | dpfl.core.base_simulator | Update norms — honest: ['0.02', '197084790784.00', '22759386120192.00', '0.02', '34358892259442688.00'], attacker: ['nan', 'nan', 'nan', 'nan', 'nan']
2026-05-06 13:29:40 | INFO    | dpfl.core.base_simulator | Round  88/150 | Acc: 0.7436 | Loss: 429444086669461450902438896730112.0000 | eps: 0.00 | P: 0.77 R: 1.00 F1: 0.91
2026-05-06 13:29:40 | DEBUG   | dpfl.core.base_simulator | Update norms — honest: ['0.02', '205696499712.00', '29370462765056.00', '0.02', '29126488221548544.00'], attacker: ['nan', 'nan', 'nan', 'nan', 'nan']
2026-05-06 13:29:48 | INFO    | dpfl.core.base_simulator | Round  89/150 | Acc: 0.7417 | Loss: inf | eps: 0.00 | P: 0.52 R: 1.00 F1: 0.93
2026-05-06 13:29:48 | DEBUG   | dpfl.core.base_simulator | Update norms — honest: ['0.02', '179501416448.00', '21677811433472.00', '0.02', '32641212431204352.00'], attacker: ['nan', 'nan', 'nan', 'nan', 'nan']
2026-05-06 13:29:56 | INFO    | dpfl.core.base_simulator | Round  90/150 | Acc: 0.7435 | Loss: inf | eps: 0.00 | P: 0.70 R: 1.00 F1: 0.90
2026-05-06 13:29:56 | DEBUG   | dpfl.core.base_simulator | Update norms — honest: ['0.02', '170582425600.00', '14998906601472.00', '0.02', '33521435913748480.00'], attacker: ['nan', 'nan', 'nan', 'nan', 'nan']
2026-05-06 13:30:05 | INFO    | dpfl.core.base_simulator | Round  91/150 | Acc: 0.7512 | Loss: inf | eps: 0.00 | P: 0.53 R: 1.00 F1: 0.85
2026-05-06 13:30:05 | DEBUG   | dpfl.core.base_simulator | Update norms — honest: ['0.02', '169406693376.00', '16110541864960.00', '0.02', '29126449566842880.00'], attacker: ['nan', 'nan', 'nan', 'nan', 'nan']
2026-05-06 13:30:11 | INFO    | dpfl.core.base_simulator | Round  92/150 | Acc: 0.7569 | Loss: 317938277666484393018472133558272.0000 | eps: 0.00 | P: 0.42 R: 1.00 F1: 0.78
2026-05-06 13:30:11 | DEBUG   | dpfl.core.base_simulator | Update norms — honest: ['0.02', '129925734400.00', '13881049088000.00', '0.02', '30445736818638848.00'], attacker: ['nan', 'nan', 'nan', 'nan', 'nan']
2026-05-06 13:30:18 | INFO    | dpfl.core.base_simulator | Round  93/150 | Acc: 0.7430 | Loss: 226172302315355068645094939688960.0000 | eps: 0.00 | P: 0.38 R: 1.00 F1: 0.82
2026-05-06 13:30:18 | DEBUG   | dpfl.core.base_simulator | Update norms — honest: ['0.02', '194838233088.00', '16770861629440.00', '0.02', '21659674692550656.00'], attacker: ['nan', 'nan', 'nan', 'nan', 'nan']
2026-05-06 13:30:26 | INFO    | dpfl.core.base_simulator | Round  94/150 | Acc: 0.7385 | Loss: 305610873738254092862291208830976.0000 | eps: 0.00 | P: 0.54 R: 1.00 F1: 0.92
2026-05-06 13:30:26 | DEBUG   | dpfl.core.base_simulator | Update norms — honest: ['0.02', '209608179712.00', '16785419010048.00', '0.02', '27743547406942208.00'], attacker: ['nan', 'nan', 'nan', 'nan', 'nan']
2026-05-06 13:30:33 | INFO    | dpfl.core.base_simulator | Round  95/150 | Acc: 0.7451 | Loss: 279428407085784291688554359160832.0000 | eps: 0.00 | P: 0.57 R: 1.00 F1: 0.95
2026-05-06 13:30:33 | DEBUG   | dpfl.core.base_simulator | Update norms — honest: ['0.02', '174405795840.00', '14817431650304.00', '0.02', '29573300111802368.00'], attacker: ['nan', 'nan', 'nan', 'nan', 'nan']
2026-05-06 13:30:42 | INFO    | dpfl.core.base_simulator | Round  96/150 | Acc: 0.7508 | Loss: 247915316760399735914718080008192.0000 | eps: 0.00 | P: 0.50 R: 1.00 F1: 0.86
2026-05-06 13:30:42 | DEBUG   | dpfl.core.base_simulator | Update norms — honest: ['0.02', '150838951936.00', '12750471299072.00', '0.02', '20877097291481088.00'], attacker: ['nan', 'nan', 'nan', 'nan', 'nan']
2026-05-06 13:30:48 | INFO    | dpfl.core.base_simulator | Round  97/150 | Acc: 0.7455 | Loss: 251338090952022616839329266270208.0000 | eps: 0.00 | P: 0.47 R: 1.00 F1: 0.72
2026-05-06 13:30:48 | DEBUG   | dpfl.core.base_simulator | Update norms — honest: ['0.02', '113209696256.00', '14865970233344.00', '0.02', '17795562409558016.00'], attacker: ['nan', 'nan', 'nan', 'nan', 'nan']
2026-05-06 13:30:56 | INFO    | dpfl.core.base_simulator | Round  98/150 | Acc: 0.7468 | Loss: 221915843563536274647307092230144.0000 | eps: 0.00 | P: 0.50 R: 1.00 F1: 0.88
2026-05-06 13:30:56 | DEBUG   | dpfl.core.base_simulator | Update norms — honest: ['0.02', '108839616512.00', '18213502976000.00', '0.02', '15367470294499328.00'], attacker: ['nan', 'nan', 'nan', 'nan', 'nan']
2026-05-06 13:31:04 | INFO    | dpfl.core.base_simulator | Round  99/150 | Acc: 0.7504 | Loss: inf | eps: 0.00 | P: 0.53 R: 1.00 F1: 0.91
2026-05-06 13:31:04 | DEBUG   | dpfl.core.base_simulator | Update norms — honest: ['0.02', '114382036992.00', '11004563947520.00', '0.02', '24020132883857408.00'], attacker: ['nan', 'nan', 'nan', 'nan', 'nan']
2026-05-06 13:31:12 | INFO    | dpfl.core.base_simulator | Round 100/150 | Acc: 0.7482 | Loss: 199569468289360356149522453233664.0000 | eps: 0.00 | P: 0.48 R: 1.00 F1: 0.88
2026-05-06 13:31:12 | DEBUG   | dpfl.core.base_simulator | Update norms — honest: ['0.02', '119920263168.00', '11507843727360.00', '0.02', '27633252646780928.00'], attacker: ['nan', 'nan', 'nan', 'nan', 'nan']
2026-05-06 13:31:19 | INFO    | dpfl.core.base_simulator | Round 101/150 | Acc: 0.7427 | Loss: 176867533238359993520946096898048.0000 | eps: 0.00 | P: 0.46 R: 1.00 F1: 0.88
2026-05-06 13:31:19 | DEBUG   | dpfl.core.base_simulator | Update norms — honest: ['0.02', '156473049088.00', '18384603316224.00', '0.02', '22782465043070976.00'], attacker: ['nan', 'nan', 'nan', 'nan', 'nan']
2026-05-06 13:31:26 | INFO    | dpfl.core.base_simulator | Round 102/150 | Acc: 0.7489 | Loss: 171532208009607949068696968757248.0000 | eps: 0.00 | P: 0.51 R: 1.00 F1: 0.81
2026-05-06 13:31:26 | DEBUG   | dpfl.core.base_simulator | Update norms — honest: ['0.02', '178828804096.00', '23516713844736.00', '0.02', '19781693799923712.00'], attacker: ['nan', 'nan', 'nan', 'nan', 'nan']
2026-05-06 13:31:35 | INFO    | dpfl.core.base_simulator | Round 103/150 | Acc: 0.7533 | Loss: 164018102638166446805624641552384.0000 | eps: 0.00 | P: 0.66 R: 1.00 F1: 0.92
2026-05-06 13:31:35 | DEBUG   | dpfl.core.base_simulator | Update norms — honest: ['0.02', '165370281984.00', '9717533376512.00', '0.02', '15773451004411904.00'], attacker: ['nan', 'nan', 'nan', 'nan', 'nan']
2026-05-06 13:31:41 | INFO    | dpfl.core.base_simulator | Round 104/150 | Acc: 0.7571 | Loss: 192204952839576579192365070155776.0000 | eps: 0.00 | P: 0.54 R: 1.00 F1: 0.83
2026-05-06 13:31:41 | DEBUG   | dpfl.core.base_simulator | Update norms — honest: ['0.02', '157961355264.00', '9104891314176.00', '0.02', '18764226784919552.00'], attacker: ['nan', 'nan', 'nan', 'nan', 'nan']
2026-05-06 13:31:49 | INFO    | dpfl.core.base_simulator | Round 105/150 | Acc: 0.7565 | Loss: 143745263939826929848552647557120.0000 | eps: 0.00 | P: 0.66 R: 1.00 F1: 0.89
2026-05-06 13:31:49 | DEBUG   | dpfl.core.base_simulator | Update norms — honest: ['0.02', '113858977792.00', '7644803760128.00', '0.02', '14196396995379200.00'], attacker: ['nan', 'nan', 'nan', 'nan', 'nan']
2026-05-06 13:31:56 | INFO    | dpfl.core.base_simulator | Round 106/150 | Acc: 0.7581 | Loss: 143655541994318286047498005905408.0000 | eps: 0.00 | P: 0.49 R: 1.00 F1: 0.92
2026-05-06 13:31:56 | DEBUG   | dpfl.core.base_simulator | Update norms — honest: ['0.02', '92999032832.00', '10694668845056.00', '0.02', '11778054456082432.00'], attacker: ['nan', 'nan', 'nan', 'nan', 'nan']
2026-05-06 13:32:03 | INFO    | dpfl.core.base_simulator | Round 107/150 | Acc: 0.7596 | Loss: 176221788663603679914133332951040.0000 | eps: 0.00 | P: 0.42 R: 1.00 F1: 0.83
2026-05-06 13:32:03 | DEBUG   | dpfl.core.base_simulator | Update norms — honest: ['0.02', '64941907968.00', '10734910046208.00', '0.01', '14588954858749952.00'], attacker: ['nan', 'nan', 'nan', 'nan', 'nan']
2026-05-06 13:32:11 | INFO    | dpfl.core.base_simulator | Round 108/150 | Acc: 0.7641 | Loss: 134348224369878685600803031351296.0000 | eps: 0.00 | P: 0.57 R: 1.00 F1: 0.86
2026-05-06 13:32:11 | DEBUG   | dpfl.core.base_simulator | Update norms — honest: ['0.02', '87277502464.00', '7981506232320.00', '0.01', '14618449472913408.00'], attacker: ['nan', 'nan', 'nan', 'nan', 'nan']
2026-05-06 13:32:18 | INFO    | dpfl.core.base_simulator | Round 109/150 | Acc: 0.7606 | Loss: 172102839290001451449252617125888.0000 | eps: 0.00 | P: 0.60 R: 1.00 F1: 0.94
2026-05-06 13:32:18 | DEBUG   | dpfl.core.base_simulator | Update norms — honest: ['0.02', '69200371712.00', '7021163708416.00', '0.01', '19807643992326144.00'], attacker: ['nan', 'nan', 'nan', 'nan', 'nan']
2026-05-06 13:32:25 | INFO    | dpfl.core.base_simulator | Round 110/150 | Acc: 0.7551 | Loss: 159625160096361077762687949078528.0000 | eps: 0.00 | P: 0.57 R: 1.00 F1: 0.87
2026-05-06 13:32:25 | DEBUG   | dpfl.core.base_simulator | Update norms — honest: ['0.02', '92669018112.00', '7613775872000.00', '0.01', '21763110389940224.00'], attacker: ['nan', 'nan', 'nan', 'nan', 'nan']
2026-05-06 13:32:34 | INFO    | dpfl.core.base_simulator | Round 111/150 | Acc: 0.7563 | Loss: 144919718551925302272340539736064.0000 | eps: 0.00 | P: 0.48 R: 1.00 F1: 0.82
2026-05-06 13:32:34 | DEBUG   | dpfl.core.base_simulator | Update norms — honest: ['0.02', '78559354880.00', '5078556606464.00', '0.02', '18659762442862592.00'], attacker: ['nan', 'nan', 'nan', 'nan', 'nan']
2026-05-06 13:32:40 | INFO    | dpfl.core.base_simulator | Round 112/150 | Acc: 0.7553 | Loss: 137123563354015478896286161174528.0000 | eps: 0.00 | P: 0.47 R: 1.00 F1: 0.80
2026-05-06 13:32:40 | DEBUG   | dpfl.core.base_simulator | Update norms — honest: ['0.02', '90958856192.00', '5075062751232.00', '0.01', '8497722181025792.00'], attacker: ['nan', 'nan', 'nan', 'nan', 'nan']
2026-05-06 13:32:47 | INFO    | dpfl.core.base_simulator | Round 113/150 | Acc: 0.7628 | Loss: 145761798799248913916179133759488.0000 | eps: 0.00 | P: 0.78 R: 1.00 F1: 0.94
2026-05-06 13:32:47 | DEBUG   | dpfl.core.base_simulator | Update norms — honest: ['0.02', '100591173632.00', '6737963778048.00', '0.01', '10355151118270464.00'], attacker: ['nan', 'nan', 'nan', 'nan', 'nan']
2026-05-06 13:32:55 | INFO    | dpfl.core.base_simulator | Round 114/150 | Acc: 0.7647 | Loss: 141448246045105243514974488231936.0000 | eps: 0.00 | P: 0.50 R: 1.00 F1: 0.75
2026-05-06 13:32:55 | DEBUG   | dpfl.core.base_simulator | Update norms — honest: ['0.02', '77112827904.00', '6132019494912.00', '0.01', '12038669850378240.00'], attacker: ['nan', 'nan', 'nan', 'nan', 'nan']
2026-05-06 13:33:02 | INFO    | dpfl.core.base_simulator | Round 115/150 | Acc: 0.7655 | Loss: 131701490403310670208934682296320.0000 | eps: 0.00 | P: 0.75 R: 1.00 F1: 0.93
2026-05-06 13:33:02 | DEBUG   | dpfl.core.base_simulator | Update norms — honest: ['0.01', '92499558400.00', '7361239973888.00', '0.01', '11865113443172352.00'], attacker: ['nan', 'nan', 'nan', 'nan', 'nan']
2026-05-06 13:33:08 | INFO    | dpfl.core.base_simulator | Round 116/150 | Acc: 0.7656 | Loss: 130855396034897735393261960298496.0000 | eps: 0.00 | P: 0.51 R: 1.00 F1: 0.92
2026-05-06 13:33:08 | DEBUG   | dpfl.core.base_simulator | Update norms — honest: ['0.01', '64571944960.00', '5673857318912.00', '0.01', '10247017800400896.00'], attacker: ['nan', 'nan', 'nan', 'nan', 'nan']
2026-05-06 13:33:16 | INFO    | dpfl.core.base_simulator | Round 117/150 | Acc: 0.7564 | Loss: 141798056354800076322717321658368.0000 | eps: 0.00 | P: 0.44 R: 1.00 F1: 0.71
2026-05-06 13:33:16 | DEBUG   | dpfl.core.base_simulator | Update norms — honest: ['0.02', '60922867712.00', '6778655866880.00', '0.01', '14339803805908992.00'], attacker: ['nan', 'nan', 'nan', 'nan', 'nan']
2026-05-06 13:33:24 | INFO    | dpfl.core.base_simulator | Round 118/150 | Acc: 0.7636 | Loss: 142372840554296528035965732651008.0000 | eps: 0.00 | P: 0.46 R: 1.00 F1: 0.89
2026-05-06 13:33:24 | DEBUG   | dpfl.core.base_simulator | Update norms — honest: ['0.02', '83287015424.00', '8215081254912.00', '0.01', '12224119022026752.00'], attacker: ['nan', 'nan', 'nan', 'nan', 'nan']
2026-05-06 13:33:30 | INFO    | dpfl.core.base_simulator | Round 119/150 | Acc: 0.7650 | Loss: 124148776264665270112930374877184.0000 | eps: 0.00 | P: 0.50 R: 1.00 F1: 0.82
2026-05-06 13:33:30 | DEBUG   | dpfl.core.base_simulator | Update norms — honest: ['0.01', '84473618432.00', '5696166297600.00', '0.01', '10706006996680704.00'], attacker: ['nan', 'nan', 'nan', 'nan', 'nan']
2026-05-06 13:33:36 | INFO    | dpfl.core.base_simulator | Round 120/150 | Acc: 0.7673 | Loss: 123110711497271140641805099335680.0000 | eps: 0.00 | P: 0.48 R: 1.00 F1: 0.88
2026-05-06 13:33:36 | DEBUG   | dpfl.core.base_simulator | Update norms — honest: ['0.01', '97313177600.00', '8365060128768.00', '0.01', '11777003262836736.00'], attacker: ['nan', 'nan', 'nan', 'nan', 'nan']
2026-05-06 13:33:45 | INFO    | dpfl.core.base_simulator | Round 121/150 | Acc: 0.7612 | Loss: 130318914946220497387612534734848.0000 | eps: 0.00 | P: 0.54 R: 1.00 F1: 0.84
2026-05-06 13:33:45 | DEBUG   | dpfl.core.base_simulator | Update norms — honest: ['0.02', '75356110848.00', '6716379889664.00', '0.01', '9699923792494592.00'], attacker: ['nan', 'nan', 'nan', 'nan', 'nan']
2026-05-06 13:33:52 | INFO    | dpfl.core.base_simulator | Round 122/150 | Acc: 0.7664 | Loss: 124794544661015455752228377198592.0000 | eps: 0.00 | P: 0.50 R: 1.00 F1: 0.86
2026-05-06 13:33:52 | DEBUG   | dpfl.core.base_simulator | Update norms — honest: ['0.01', '60611297280.00', '7328461488128.00', '0.01', '12946765523189760.00'], attacker: ['nan', 'nan', 'nan', 'nan', 'nan']
2026-05-06 13:33:58 | INFO    | dpfl.core.base_simulator | Round 123/150 | Acc: 0.7685 | Loss: 118287307766621453078956823543808.0000 | eps: 0.00 | P: 0.55 R: 1.00 F1: 0.86
2026-05-06 13:33:58 | DEBUG   | dpfl.core.base_simulator | Update norms — honest: ['0.01', '90853867520.00', '6974644158464.00', '0.01', '9287291251982336.00'], attacker: ['nan', 'nan', 'nan', 'nan', 'nan']
2026-05-06 13:34:05 | INFO    | dpfl.core.base_simulator | Round 124/150 | Acc: 0.7671 | Loss: 118222664221657042698408518746112.0000 | eps: 0.00 | P: 0.45 R: 1.00 F1: 0.86
2026-05-06 13:34:05 | DEBUG   | dpfl.core.base_simulator | Update norms — honest: ['0.01', '87240056832.00', '5729749565440.00', '0.01', '6461350947586048.00'], attacker: ['nan', 'nan', 'nan', 'nan', 'nan']
2026-05-06 13:34:14 | INFO    | dpfl.core.base_simulator | Round 125/150 | Acc: 0.7706 | Loss: 122723528006395266220797871521792.0000 | eps: 0.00 | P: 0.52 R: 1.00 F1: 0.97
2026-05-06 13:34:14 | DEBUG   | dpfl.core.base_simulator | Update norms — honest: ['0.01', '65768734720.00', '6515399327744.00', '0.01', '7178826844995584.00'], attacker: ['nan', 'nan', 'nan', 'nan', 'nan']
2026-05-06 13:34:20 | INFO    | dpfl.core.base_simulator | Round 126/150 | Acc: 0.7734 | Loss: 116087380878494134511085545324544.0000 | eps: 0.00 | P: 0.70 R: 1.00 F1: 0.93
2026-05-06 13:34:20 | DEBUG   | dpfl.core.base_simulator | Update norms — honest: ['0.01', '63180857344.00', '5969212342272.00', '0.01', '7379973048369152.00'], attacker: ['nan', 'nan', 'nan', 'nan', 'nan']
2026-05-06 13:34:26 | INFO    | dpfl.core.base_simulator | Round 127/150 | Acc: 0.7772 | Loss: 123773324411186284958877726277632.0000 | eps: 0.00 | P: 0.61 R: 1.00 F1: 0.89
2026-05-06 13:34:26 | DEBUG   | dpfl.core.base_simulator | Update norms — honest: ['0.01', '49475751936.00', '6364829057024.00', '0.01', '4491892351827968.00'], attacker: ['nan', 'nan', 'nan', 'nan', 'nan']
2026-05-06 13:34:33 | INFO    | dpfl.core.base_simulator | Round 128/150 | Acc: 0.7687 | Loss: 126016789015106734215972415078400.0000 | eps: 0.00 | P: 0.48 R: 1.00 F1: 0.86
2026-05-06 13:34:33 | DEBUG   | dpfl.core.base_simulator | Update norms — honest: ['0.01', '60066390016.00', '4425886728192.00', '0.01', '9692847833874432.00'], attacker: ['nan', 'nan', 'nan', 'nan', 'nan']
2026-05-06 13:34:41 | INFO    | dpfl.core.base_simulator | Round 129/150 | Acc: 0.7732 | Loss: 124460657127499696107293551624192.0000 | eps: 0.00 | P: 0.57 R: 1.00 F1: 0.83
2026-05-06 13:34:41 | DEBUG   | dpfl.core.base_simulator | Update norms — honest: ['0.01', '61276393472.00', '7111614398464.00', '0.01', '11254926365687808.00'], attacker: ['nan', 'nan', 'nan', 'nan', 'nan']
2026-05-06 13:34:48 | INFO    | dpfl.core.base_simulator | Round 130/150 | Acc: 0.7734 | Loss: 126287062242529638863079758364672.0000 | eps: 0.00 | P: 0.53 R: 1.00 F1: 0.86
2026-05-06 13:34:48 | DEBUG   | dpfl.core.base_simulator | Update norms — honest: ['0.01', '59792314368.00', '8145703796736.00', '0.01', '9399730274566144.00'], attacker: ['nan', 'nan', 'nan', 'nan', 'nan']
2026-05-06 13:34:56 | INFO    | dpfl.core.base_simulator | Round 131/150 | Acc: 0.7744 | Loss: 113692677554907651625385904308224.0000 | eps: 0.00 | P: 0.56 R: 1.00 F1: 0.94
2026-05-06 13:34:56 | DEBUG   | dpfl.core.base_simulator | Update norms — honest: ['0.01', '59680440320.00', '8513619755008.00', '0.01', '8513064877948928.00'], attacker: ['nan', 'nan', 'nan', 'nan', 'nan']
2026-05-06 13:35:03 | INFO    | dpfl.core.base_simulator | Round 132/150 | Acc: 0.7741 | Loss: 128779463728087876493307189133312.0000 | eps: 0.00 | P: 0.70 R: 1.00 F1: 0.85
2026-05-06 13:35:03 | DEBUG   | dpfl.core.base_simulator | Update norms — honest: ['0.01', '51843108864.00', '4949362606080.00', '0.01', '8800452414013440.00'], attacker: ['nan', 'nan', 'nan', 'nan', 'nan']
2026-05-06 13:35:12 | INFO    | dpfl.core.base_simulator | Round 133/150 | Acc: 0.7669 | Loss: 113847357710175428425933148651520.0000 | eps: 0.00 | P: 0.30 R: 1.00 F1: 0.75
2026-05-06 13:35:12 | DEBUG   | dpfl.core.base_simulator | Update norms — honest: ['0.01', '50768748544.00', '4603576844288.00', '0.01', '5674786743123968.00'], attacker: ['nan', 'nan', 'nan', 'nan', 'nan']
2026-05-06 13:35:19 | INFO    | dpfl.core.base_simulator | Round 134/150 | Acc: 0.7648 | Loss: 109193946962161045834997811904512.0000 | eps: 0.00 | P: 0.55 R: 1.00 F1: 0.91
2026-05-06 13:35:19 | DEBUG   | dpfl.core.base_simulator | Update norms — honest: ['0.01', '49811767296.00', '5755423424512.00', '0.01', '6293728037699584.00'], attacker: ['nan', 'nan', 'nan', 'nan', 'nan']
2026-05-06 13:35:26 | INFO    | dpfl.core.base_simulator | Round 135/150 | Acc: 0.7683 | Loss: 118299339188897846508961310703616.0000 | eps: 0.00 | P: 0.68 R: 1.00 F1: 0.92
2026-05-06 13:35:26 | DEBUG   | dpfl.core.base_simulator | Update norms — honest: ['0.01', '60514992128.00', '5009078484992.00', '0.01', '7322119302021120.00'], attacker: ['nan', 'nan', 'nan', 'nan', 'nan']
2026-05-06 13:35:33 | INFO    | dpfl.core.base_simulator | Round 136/150 | Acc: 0.7674 | Loss: 108259297345835598706322782027776.0000 | eps: 0.00 | P: 0.44 R: 1.00 F1: 0.89
2026-05-06 13:35:33 | DEBUG   | dpfl.core.base_simulator | Update norms — honest: ['0.01', '46734123008.00', '5985407598592.00', '0.01', '4876851612745728.00'], attacker: ['nan', 'nan', 'nan', 'nan', 'nan']
2026-05-06 13:35:41 | INFO    | dpfl.core.base_simulator | Round 137/150 | Acc: 0.7703 | Loss: 109742735062983751822640905453568.0000 | eps: 0.00 | P: 0.67 R: 1.00 F1: 0.95
2026-05-06 13:35:41 | DEBUG   | dpfl.core.base_simulator | Update norms — honest: ['0.01', '62834151424.00', '4855875239936.00', '0.01', '4195274662608896.00'], attacker: ['nan', 'nan', 'nan', 'nan', 'nan']
2026-05-06 13:35:47 | INFO    | dpfl.core.base_simulator | Round 138/150 | Acc: 0.7707 | Loss: 112034870531997405173077210300416.0000 | eps: 0.00 | P: 0.60 R: 1.00 F1: 0.86
2026-05-06 13:35:47 | DEBUG   | dpfl.core.base_simulator | Update norms — honest: ['0.01', '75117133824.00', '4613100535808.00', '0.01', '3173685015871488.00'], attacker: ['nan', 'nan', 'nan', 'nan', 'nan']
2026-05-06 13:35:55 | INFO    | dpfl.core.base_simulator | Round 139/150 | Acc: 0.7732 | Loss: 114019076038826653698787039510528.0000 | eps: 0.00 | P: 0.59 R: 1.00 F1: 0.91
2026-05-06 13:35:55 | DEBUG   | dpfl.core.base_simulator | Update norms — honest: ['0.01', '45276868608.00', '3875853303808.00', '0.01', '4280111272558592.00'], attacker: ['nan', 'nan', 'nan', 'nan', 'nan']
2026-05-06 13:36:03 | INFO    | dpfl.core.base_simulator | Round 140/150 | Acc: 0.7667 | Loss: 109939484137602853785328693542912.0000 | eps: 0.00 | P: 0.60 R: 1.00 F1: 0.91
2026-05-06 13:36:03 | DEBUG   | dpfl.core.base_simulator | Update norms — honest: ['0.01', '48507523072.00', '6635140939776.00', '0.01', '3684598487711744.00'], attacker: ['nan', 'nan', 'nan', 'nan', 'nan']
2026-05-06 13:36:10 | INFO    | dpfl.core.base_simulator | Round 141/150 | Acc: 0.7704 | Loss: 109300691183743004444897446985728.0000 | eps: 0.00 | P: 0.39 R: 1.00 F1: 0.89
2026-05-06 13:36:10 | DEBUG   | dpfl.core.base_simulator | Update norms — honest: ['0.01', '61544374272.00', '3658000629760.00', '0.01', '5315173426397184.00'], attacker: ['nan', 'nan', 'nan', 'nan', 'nan']
2026-05-06 13:36:16 | INFO    | dpfl.core.base_simulator | Round 142/150 | Acc: 0.7650 | Loss: 111670388791154907696779761811456.0000 | eps: 0.00 | P: 0.40 R: 1.00 F1: 0.80
2026-05-06 13:36:16 | DEBUG   | dpfl.core.base_simulator | Update norms — honest: ['0.01', '50756292608.00', '5661452140544.00', '0.01', '6067056843685888.00'], attacker: ['nan', 'nan', 'nan', 'nan', 'nan']
2026-05-06 13:36:24 | INFO    | dpfl.core.base_simulator | Round 143/150 | Acc: 0.7712 | Loss: 106502065197740195102464994705408.0000 | eps: 0.00 | P: 0.64 R: 1.00 F1: 0.85
2026-05-06 13:36:24 | DEBUG   | dpfl.core.base_simulator | Update norms — honest: ['0.01', '60905406464.00', '5470913822720.00', '0.01', '4799253901737984.00'], attacker: ['nan', 'nan', 'nan', 'nan', 'nan']
2026-05-06 13:36:31 | INFO    | dpfl.core.base_simulator | Round 144/150 | Acc: 0.7708 | Loss: 113198586638031930417363799769088.0000 | eps: 0.00 | P: 0.57 R: 1.00 F1: 0.81
2026-05-06 13:36:31 | DEBUG   | dpfl.core.base_simulator | Update norms — honest: ['0.01', '53922009088.00', '5394919325696.00', '0.01', '3561289171337216.00'], attacker: ['nan', 'nan', 'nan', 'nan', 'nan']
2026-05-06 13:36:39 | INFO    | dpfl.core.base_simulator | Round 145/150 | Acc: 0.7730 | Loss: 108299192728677649314420770209792.0000 | eps: 0.00 | P: 0.77 R: 1.00 F1: 0.91
2026-05-06 13:36:39 | DEBUG   | dpfl.core.base_simulator | Update norms — honest: ['0.01', '68120428544.00', '3743245664256.00', '0.01', '6156318612127744.00'], attacker: ['nan', 'nan', 'nan', 'nan', 'nan']
2026-05-06 13:36:46 | INFO    | dpfl.core.base_simulator | Round 146/150 | Acc: 0.7681 | Loss: 109424099499923943675713487372288.0000 | eps: 0.00 | P: 0.37 R: 1.00 F1: 0.83
2026-05-06 13:36:46 | DEBUG   | dpfl.core.base_simulator | Update norms — honest: ['0.01', '78431813632.00', '6901072396288.00', '0.01', '6191852487180288.00'], attacker: ['nan', 'nan', 'nan', 'nan', 'nan']
2026-05-06 13:36:53 | INFO    | dpfl.core.base_simulator | Round 147/150 | Acc: 0.7671 | Loss: 108011758545508566846851151560704.0000 | eps: 0.00 | P: 0.47 R: 1.00 F1: 0.78
2026-05-06 13:36:53 | DEBUG   | dpfl.core.base_simulator | Update norms — honest: ['0.01', '56472735744.00', '6172508684288.00', '0.01', '7741076181876736.00'], attacker: ['nan', 'nan', 'nan', 'nan', 'nan']
2026-05-06 13:37:00 | INFO    | dpfl.core.base_simulator | Round 148/150 | Acc: 0.7618 | Loss: 104868323199539628596775104806912.0000 | eps: 0.00 | P: 0.46 R: 1.00 F1: 0.87
2026-05-06 13:37:00 | DEBUG   | dpfl.core.base_simulator | Update norms — honest: ['0.01', '53415718912.00', '5975404183552.00', '0.01', '6353301918449664.00'], attacker: ['nan', 'nan', 'nan', 'nan', 'nan']
2026-05-06 13:37:06 | INFO    | dpfl.core.base_simulator | Round 149/150 | Acc: 0.7661 | Loss: 106122622359275201398806493003776.0000 | eps: 0.00 | P: 0.69 R: 1.00 F1: 0.93
2026-05-06 13:37:06 | DEBUG   | dpfl.core.base_simulator | Update norms — honest: ['0.01', '58716733440.00', '4653247365120.00', '0.01', '3970870406021120.00'], attacker: ['nan', 'nan', 'nan', 'nan', 'nan']
2026-05-06 13:37:08 | INFO    | dpfl.core.base_simulator | Round 150/150 | Acc: 0.7651 | Loss: 107448100589188264898182011420672.0000 | eps: 0.00 | P: 0.62 R: 1.00 F1: 0.93
2026-05-06 13:37:08 | DEBUG   | dpfl.core.base_simulator | Update norms — honest: ['0.01', '50689536000.00', '4774171770880.00', '0.01', '4885225725231104.00'], attacker: ['nan', 'nan', 'nan', 'nan', 'nan']
2026-05-06 13:37:10 | INFO    | dpfl | Experiment complete in 932.6s
============================================================
REPORT: DP-SGD Decentralized Federated Learning
============================================================
Timestamp:                  20260506_132136
Rounds completed:           150
Attack-active rounds:       100  (from round 50)
Final accuracy:             0.7651
Final test loss:            107448100589188264898182011420672.0000
Final epsilon:              0.00
Best alpha:                 None
Avg precision:              0.5449
Avg recall:                 0.9960
Avg F1 score:               0.8755
Avg update norm (honest):   446907974872034.9375
Avg update norm (attacker): nan
============================================================
