2026-05-04 15:26:03 | INFO    | dpfl | Experiment start: algorithm=dpsgd_kurtosis, dataset=mnist, model=mlp, device=cuda
2026-05-04 15:26:03 | INFO    | dpfl | Config: nodes=500, attackers=100, rounds=100, noise_mode=none, attack=scale
2026-05-04 15:26:03 | INFO    | dpfl.data.mnist_dataset | Loading MNIST dataset...
2026-05-04 15:26:03 | INFO    | dpfl.data.mnist_dataset | MNIST loaded: 60000 train, 10000 test samples
2026-05-04 15:26:41 | INFO    | dpfl.core.base_simulator | Vectorized state ready: param_spec.D=50890, X_test=(10000, 1, 28, 28), train clients N=500, max_n_samples=2000
2026-05-04 15:26:41 | INFO    | dpfl.core.base_simulator | Setup complete: 500 nodes (100 attackers), param_dim=50890, split=iid
2026-05-04 15:26:41 | DEBUG   | dpfl.core.base_simulator | Attacker IDs: {0, 1, 2, 3, 4, 5, 6, 7, 8, 9, 10, 11, 12, 13, 14, 15, 16, 17, 18, 19, 20, 21, 22, 23, 24, 25, 26, 27, 28, 29, 30, 31, 32, 33, 34, 35, 36, 37, 38, 39, 40, 41, 42, 43, 44, 45, 46, 47, 48, 49, 50, 51, 52, 53, 54, 55, 56, 57, 58, 59, 60, 61, 62, 63, 64, 65, 66, 67, 68, 69, 70, 71, 72, 73, 74, 75, 76, 77, 78, 79, 80, 81, 82, 83, 84, 85, 86, 87, 88, 89, 90, 91, 92, 93, 94, 95, 96, 97, 98, 99}
2026-05-04 15:26:42 | INFO    | dpfl.core.base_simulator | Round   1/100 | Acc: 0.5702 | Loss: 1.8745 | eps: 0.00 | P: 0.00 R: 0.00 F1: 0.00
2026-05-04 15:26:42 | DEBUG   | dpfl.core.base_simulator | Update norms — honest: ['0.35', '0.36', '0.37', '0.35', '0.35'], attacker: ['0.35', '0.36', '0.35', '0.36', '0.35']
2026-05-04 15:26:43 | INFO    | dpfl.core.base_simulator | Round   2/100 | Acc: 0.7247 | Loss: 1.4500 | eps: 0.00 | P: 0.00 R: 0.00 F1: 0.00
2026-05-04 15:26:43 | DEBUG   | dpfl.core.base_simulator | Update norms — honest: ['0.36', '0.37', '0.37', '0.36', '0.36'], attacker: ['0.36', '0.37', '0.36', '0.36', '0.36']
2026-05-04 15:26:44 | INFO    | dpfl.core.base_simulator | Round   3/100 | Acc: 0.7919 | Loss: 1.1100 | eps: 0.00 | P: 0.00 R: 0.00 F1: 0.00
2026-05-04 15:26:44 | DEBUG   | dpfl.core.base_simulator | Update norms — honest: ['0.33', '0.32', '0.32', '0.33', '0.33'], attacker: ['0.33', '0.33', '0.33', '0.33', '0.33']
2026-05-04 15:26:44 | INFO    | dpfl.core.base_simulator | Round   4/100 | Acc: 0.8236 | Loss: 0.8850 | eps: 0.00 | P: 0.00 R: 0.00 F1: 0.00
2026-05-04 15:26:44 | DEBUG   | dpfl.core.base_simulator | Update norms — honest: ['0.27', '0.26', '0.26', '0.27', '0.27'], attacker: ['0.27', '0.27', '0.27', '0.27', '0.28']
2026-05-04 15:26:45 | INFO    | dpfl.core.base_simulator | Round   5/100 | Acc: 0.8408 | Loss: 0.7453 | eps: 0.00 | P: 0.00 R: 0.00 F1: 0.00
2026-05-04 15:26:45 | DEBUG   | dpfl.core.base_simulator | Update norms — honest: ['0.21', '0.21', '0.21', '0.21', '0.21'], attacker: ['0.22', '0.22', '0.22', '0.22', '0.22']
2026-05-04 15:26:46 | INFO    | dpfl.core.base_simulator | Round   6/100 | Acc: 0.8517 | Loss: 0.6553 | eps: 0.00 | P: 0.00 R: 0.00 F1: 0.00
2026-05-04 15:26:46 | DEBUG   | dpfl.core.base_simulator | Update norms — honest: ['0.18', '0.17', '0.17', '0.17', '0.17'], attacker: ['0.18', '0.18', '0.18', '0.18', '0.18']
2026-05-04 15:26:47 | INFO    | dpfl.core.base_simulator | Round   7/100 | Acc: 0.8598 | Loss: 0.5940 | eps: 0.00 | P: 0.00 R: 0.00 F1: 0.00
2026-05-04 15:26:47 | DEBUG   | dpfl.core.base_simulator | Update norms — honest: ['0.15', '0.14', '0.14', '0.14', '0.15'], attacker: ['0.16', '0.16', '0.15', '0.15', '0.16']
2026-05-04 15:26:48 | INFO    | dpfl.core.base_simulator | Round   8/100 | Acc: 0.8657 | Loss: 0.5499 | eps: 0.00 | P: 0.00 R: 0.00 F1: 0.00
2026-05-04 15:26:48 | DEBUG   | dpfl.core.base_simulator | Update norms — honest: ['0.13', '0.12', '0.13', '0.12', '0.12'], attacker: ['0.14', '0.14', '0.14', '0.14', '0.14']
2026-05-04 15:26:48 | INFO    | dpfl.core.base_simulator | Round   9/100 | Acc: 0.8705 | Loss: 0.5170 | eps: 0.00 | P: 0.00 R: 0.00 F1: 0.00
2026-05-04 15:26:48 | DEBUG   | dpfl.core.base_simulator | Update norms — honest: ['0.11', '0.11', '0.11', '0.11', '0.11'], attacker: ['0.13', '0.13', '0.12', '0.12', '0.13']
2026-05-04 15:26:49 | INFO    | dpfl.core.base_simulator | Round  10/100 | Acc: 0.8741 | Loss: 0.4911 | eps: 0.00 | P: 0.00 R: 0.00 F1: 0.00
2026-05-04 15:26:49 | DEBUG   | dpfl.core.base_simulator | Update norms — honest: ['0.10', '0.10', '0.10', '0.10', '0.10'], attacker: ['0.12', '0.12', '0.12', '0.12', '0.12']
2026-05-04 15:26:50 | INFO    | dpfl.core.base_simulator | Round  11/100 | Acc: 0.8623 | Loss: 0.6526 | eps: 0.00 | P: 0.92 R: 0.99 F1: 0.95
2026-05-04 15:26:50 | DEBUG   | dpfl.core.base_simulator | Update norms — honest: ['0.10', '0.09', '0.09', '0.09', '0.09'], attacker: ['12.02', '11.52', '10.95', '10.98', '10.85']
2026-05-04 15:26:51 | INFO    | dpfl.core.base_simulator | Round  12/100 | Acc: 0.8508 | Loss: 706.2085 | eps: 0.00 | P: 0.91 R: 0.99 F1: 0.95
2026-05-04 15:26:51 | DEBUG   | dpfl.core.base_simulator | Update norms — honest: ['1.00', '0.08', '0.08', '1.00', '0.08'], attacker: ['100.55', '101.68', '100.19', '100.35', '102.16']
2026-05-04 15:26:52 | INFO    | dpfl.core.base_simulator | Round  13/100 | Acc: 0.8397 | Loss: 2666937.1854 | eps: 0.00 | P: 0.90 R: 0.99 F1: 0.94
2026-05-04 15:26:52 | DEBUG   | dpfl.core.base_simulator | Update norms — honest: ['0.35', '42.70', '0.08', '44.88', '0.08'], attacker: ['4483.73', '4487.40', '4516.94', '4487.84', '4493.93']
2026-05-04 15:26:53 | INFO    | dpfl.core.base_simulator | Round  14/100 | Acc: 0.8475 | Loss: 1723913687.3662 | eps: 0.00 | P: 0.96 R: 0.99 F1: 0.97
2026-05-04 15:26:53 | DEBUG   | dpfl.core.base_simulator | Update norms — honest: ['0.26', '4.58', '0.07', '4.95', '0.07'], attacker: ['203137.86', '209833.95', '206863.09', '206467.14', '211956.48']
2026-05-04 15:26:53 | INFO    | dpfl.core.base_simulator | Round  15/100 | Acc: 0.8432 | Loss: 15522890161737.4395 | eps: 0.00 | P: 0.95 R: 0.99 F1: 0.97
2026-05-04 15:26:53 | DEBUG   | dpfl.core.base_simulator | Update norms — honest: ['0.21', '2.42', '0.07', '2.36', '0.07'], attacker: ['12089620.00', '11967043.00', '12163978.00', '11917048.00', '12010070.00']
2026-05-04 15:26:54 | INFO    | dpfl.core.base_simulator | Round  16/100 | Acc: 0.8403 | Loss: 37410344530867648.0000 | eps: 0.00 | P: 0.94 R: 0.99 F1: 0.97
2026-05-04 15:26:54 | DEBUG   | dpfl.core.base_simulator | Update norms — honest: ['0.18', '1.75', '0.06', '1.63', '0.07'], attacker: ['628911104.00', '622806400.00', '639926208.00', '632369920.00', '630681536.00']
2026-05-04 15:26:55 | INFO    | dpfl.core.base_simulator | Round  17/100 | Acc: 0.8325 | Loss: 250911624320350420992.0000 | eps: 0.00 | P: 0.91 R: 0.99 F1: 0.95
2026-05-04 15:26:55 | DEBUG   | dpfl.core.base_simulator | Update norms — honest: ['0.15', '1.48', '0.06', '1.26', '0.06'], attacker: ['38937493504.00', '38946308096.00', '38661742592.00', '39347290112.00', '39444709376.00']
2026-05-04 15:26:56 | INFO    | dpfl.core.base_simulator | Round  18/100 | Acc: 0.8323 | Loss: 343200335073604293099520.0000 | eps: 0.00 | P: 0.95 R: 0.99 F1: 0.97
2026-05-04 15:26:56 | DEBUG   | dpfl.core.base_simulator | Update norms — honest: ['0.13', '1.07', '0.06', '1.11', '0.06'], attacker: ['2075910209536.00', '1992577253376.00', '2113272807424.00', '2069036924928.00', '2088378695680.00']
2026-05-04 15:26:57 | INFO    | dpfl.core.base_simulator | Round  19/100 | Acc: 0.8271 | Loss: 1941671803021900217405407232.0000 | eps: 0.00 | P: 0.94 R: 0.99 F1: 0.96
2026-05-04 15:26:57 | DEBUG   | dpfl.core.base_simulator | Update norms — honest: ['0.12', '1.04', '0.06', '0.95', '0.06'], attacker: ['130006227353600.00', '132093120086016.00', '131058628558848.00', '130557451173888.00', '132670784798720.00']
2026-05-04 15:26:57 | INFO    | dpfl.core.base_simulator | Round  20/100 | Acc: 0.8209 | Loss: 6324706508991791193157481267200.0000 | eps: 0.00 | P: 0.93 R: 0.99 F1: 0.96
2026-05-04 15:26:57 | DEBUG   | dpfl.core.base_simulator | Update norms — honest: ['0.11', '0.92', '0.06', '0.87', '0.06'], attacker: ['7137593011470336.00', '6947499906433024.00', '7248861118595072.00', '6887064347869184.00', '6708044205391872.00']
2026-05-04 15:26:58 | INFO    | dpfl.core.base_simulator | Round  21/100 | Acc: 0.8220 | Loss: inf | eps: 0.00 | P: 0.93 R: 0.99 F1: 0.96
2026-05-04 15:26:58 | DEBUG   | dpfl.core.base_simulator | Update norms — honest: ['0.10', '0.80', '0.05', '4320125603807232.00', '0.05'], attacker: ['437135483554758656.00', '438002139235614720.00', '437839995630256128.00', '441677909686484992.00', '436610329313542144.00']
2026-05-04 15:26:59 | INFO    | dpfl.core.base_simulator | Round  22/100 | Acc: 0.8299 | Loss: inf | eps: 0.00 | P: 0.96 R: 1.00 F1: 0.98
2026-05-04 15:26:59 | DEBUG   | dpfl.core.base_simulator | Update norms — honest: ['0.09', '0.81', '0.05', '540287357157376.00', '0.05'], attacker: ['inf', 'inf', 'inf', 'inf', 'inf']
2026-05-04 15:27:00 | INFO    | dpfl.core.base_simulator | Round  23/100 | Acc: 0.8371 | Loss: 235359861589116641463529086386176.0000 | eps: 0.00 | P: 0.93 R: 1.00 F1: 0.96
2026-05-04 15:27:00 | DEBUG   | dpfl.core.base_simulator | Update norms — honest: ['0.09', '0.69', '0.05', '320532167786496.00', '0.05'], attacker: ['nan', 'nan', 'nan', 'nan', 'nan']
2026-05-04 15:27:01 | INFO    | dpfl.core.base_simulator | Round  24/100 | Acc: 0.8419 | Loss: 92445877724068740719607982063616.0000 | eps: 0.00 | P: 0.95 R: 1.00 F1: 0.97
2026-05-04 15:27:01 | DEBUG   | dpfl.core.base_simulator | Update norms — honest: ['0.08', '0.62', '0.05', '232093170794496.00', '0.05'], attacker: ['nan', 'nan', 'nan', 'nan', 'nan']
2026-05-04 15:27:01 | INFO    | dpfl.core.base_simulator | Round  25/100 | Acc: 0.8485 | Loss: 72437374870588011988961854488576.0000 | eps: 0.00 | P: 0.94 R: 1.00 F1: 0.97
2026-05-04 15:27:01 | DEBUG   | dpfl.core.base_simulator | Update norms — honest: ['0.08', '0.56', '0.05', '156055656988672.00', '0.05'], attacker: ['nan', 'nan', 'nan', 'nan', 'nan']
2026-05-04 15:27:02 | INFO    | dpfl.core.base_simulator | Round  26/100 | Acc: 0.8536 | Loss: 26484324107610933103318313992192.0000 | eps: 0.00 | P: 0.96 R: 1.00 F1: 0.98
2026-05-04 15:27:02 | DEBUG   | dpfl.core.base_simulator | Update norms — honest: ['0.07', '0.69', '0.05', '130187119296512.00', '0.05'], attacker: ['nan', 'nan', 'nan', 'nan', 'nan']
2026-05-04 15:27:03 | INFO    | dpfl.core.base_simulator | Round  27/100 | Acc: 0.8579 | Loss: 18409064413013961669672955805696.0000 | eps: 0.00 | P: 0.97 R: 1.00 F1: 0.98
2026-05-04 15:27:03 | DEBUG   | dpfl.core.base_simulator | Update norms — honest: ['0.07', '0.53', '0.04', '133780656357376.00', '0.04'], attacker: ['nan', 'nan', 'nan', 'nan', 'nan']
2026-05-04 15:27:04 | INFO    | dpfl.core.base_simulator | Round  28/100 | Acc: 0.8617 | Loss: 16056753066880457527128779390976.0000 | eps: 0.00 | P: 0.95 R: 1.00 F1: 0.97
2026-05-04 15:27:04 | DEBUG   | dpfl.core.base_simulator | Update norms — honest: ['0.06', '0.59', '0.04', '119907727441920.00', '0.05'], attacker: ['nan', 'nan', 'nan', 'nan', 'nan']
2026-05-04 15:27:05 | INFO    | dpfl.core.base_simulator | Round  29/100 | Acc: 0.8658 | Loss: 8627153898382207677207324655616.0000 | eps: 0.00 | P: 0.91 R: 1.00 F1: 0.96
2026-05-04 15:27:05 | DEBUG   | dpfl.core.base_simulator | Update norms — honest: ['0.06', '0.60', '0.04', '78618336165888.00', '0.05'], attacker: ['nan', 'nan', 'nan', 'nan', 'nan']
2026-05-04 15:27:05 | INFO    | dpfl.core.base_simulator | Round  30/100 | Acc: 0.8679 | Loss: 8646233885753478876050386583552.0000 | eps: 0.00 | P: 0.95 R: 1.00 F1: 0.98
2026-05-04 15:27:05 | DEBUG   | dpfl.core.base_simulator | Update norms — honest: ['0.06', '0.58', '0.04', '74698775855104.00', '0.04'], attacker: ['nan', 'nan', 'nan', 'nan', 'nan']
2026-05-04 15:27:06 | INFO    | dpfl.core.base_simulator | Round  31/100 | Acc: 0.8692 | Loss: 8787755828328780198557991829504.0000 | eps: 0.00 | P: 0.93 R: 1.00 F1: 0.97
2026-05-04 15:27:06 | DEBUG   | dpfl.core.base_simulator | Update norms — honest: ['0.06', '0.63', '0.04', '66237929357312.00', '0.04'], attacker: ['nan', 'nan', 'nan', 'nan', 'nan']
2026-05-04 15:27:07 | INFO    | dpfl.core.base_simulator | Round  32/100 | Acc: 0.8736 | Loss: 4645659886088612329686292234240.0000 | eps: 0.00 | P: 0.95 R: 1.00 F1: 0.98
2026-05-04 15:27:07 | DEBUG   | dpfl.core.base_simulator | Update norms — honest: ['0.06', '0.59', '0.04', '57004945047552.00', '0.04'], attacker: ['nan', 'nan', 'nan', 'nan', 'nan']
2026-05-04 15:27:08 | INFO    | dpfl.core.base_simulator | Round  33/100 | Acc: 0.8742 | Loss: 6824749720503154351330675392512.0000 | eps: 0.00 | P: 0.93 R: 1.00 F1: 0.96
2026-05-04 15:27:08 | DEBUG   | dpfl.core.base_simulator | Update norms — honest: ['0.06', '0.51', '0.04', '55195065122816.00', '0.04'], attacker: ['nan', 'nan', 'nan', 'nan', 'nan']
2026-05-04 15:27:09 | INFO    | dpfl.core.base_simulator | Round  34/100 | Acc: 0.8743 | Loss: 7984843033426135200919397072896.0000 | eps: 0.00 | P: 0.95 R: 1.00 F1: 0.98
2026-05-04 15:27:09 | DEBUG   | dpfl.core.base_simulator | Update norms — honest: ['0.05', '0.56', '0.04', '46964158758912.00', '0.04'], attacker: ['nan', 'nan', 'nan', 'nan', 'nan']
2026-05-04 15:27:09 | INFO    | dpfl.core.base_simulator | Round  35/100 | Acc: 0.8776 | Loss: 4499758847170445369328149725184.0000 | eps: 0.00 | P: 0.90 R: 1.00 F1: 0.95
2026-05-04 15:27:09 | DEBUG   | dpfl.core.base_simulator | Update norms — honest: ['0.05', '0.50', '0.04', '63578568654848.00', '0.04'], attacker: ['nan', 'nan', 'nan', 'nan', 'nan']
2026-05-04 15:27:10 | INFO    | dpfl.core.base_simulator | Round  36/100 | Acc: 0.8795 | Loss: 3227673642010283680933919850496.0000 | eps: 0.00 | P: 0.94 R: 1.00 F1: 0.97
2026-05-04 15:27:10 | DEBUG   | dpfl.core.base_simulator | Update norms — honest: ['0.05', '0.47', '0.04', '49866893950976.00', '0.04'], attacker: ['nan', 'nan', 'nan', 'nan', 'nan']
2026-05-04 15:27:11 | INFO    | dpfl.core.base_simulator | Round  37/100 | Acc: 0.8792 | Loss: 3659167153529028435522703327232.0000 | eps: 0.00 | P: 0.94 R: 1.00 F1: 0.97
2026-05-04 15:27:11 | DEBUG   | dpfl.core.base_simulator | Update norms — honest: ['0.05', '0.46', '0.05', '43811505963008.00', '0.04'], attacker: ['nan', 'nan', 'nan', 'nan', 'nan']
2026-05-04 15:27:12 | INFO    | dpfl.core.base_simulator | Round  38/100 | Acc: 0.8795 | Loss: 4196200692534365682666628448256.0000 | eps: 0.00 | P: 0.96 R: 1.00 F1: 0.98
2026-05-04 15:27:12 | DEBUG   | dpfl.core.base_simulator | Update norms — honest: ['0.05', '0.45', '0.04', '51796806467584.00', '0.04'], attacker: ['nan', 'nan', 'nan', 'nan', 'nan']
2026-05-04 15:27:13 | INFO    | dpfl.core.base_simulator | Round  39/100 | Acc: 0.8824 | Loss: 3164205206310625967555511058432.0000 | eps: 0.00 | P: 0.89 R: 1.00 F1: 0.94
2026-05-04 15:27:13 | DEBUG   | dpfl.core.base_simulator | Update norms — honest: ['0.05', '0.38', '0.04', '49437808263168.00', '0.04'], attacker: ['nan', 'nan', 'nan', 'nan', 'nan']
2026-05-04 15:27:13 | INFO    | dpfl.core.base_simulator | Round  40/100 | Acc: 0.8838 | Loss: 2954816593294025810033971822592.0000 | eps: 0.00 | P: 0.94 R: 1.00 F1: 0.97
2026-05-04 15:27:13 | DEBUG   | dpfl.core.base_simulator | Update norms — honest: ['0.05', '0.43', '0.04', '40006013943808.00', '0.04'], attacker: ['nan', 'nan', 'nan', 'nan', 'nan']
2026-05-04 15:27:14 | INFO    | dpfl.core.base_simulator | Round  41/100 | Acc: 0.8836 | Loss: 2813286868416717719881633497088.0000 | eps: 0.00 | P: 0.92 R: 1.00 F1: 0.96
2026-05-04 15:27:14 | DEBUG   | dpfl.core.base_simulator | Update norms — honest: ['0.05', '0.46', '0.04', '54334574297088.00', '0.03'], attacker: ['nan', 'nan', 'nan', 'nan', 'nan']
2026-05-04 15:27:15 | INFO    | dpfl.core.base_simulator | Round  42/100 | Acc: 0.8850 | Loss: 2307628604971902314136438046720.0000 | eps: 0.00 | P: 0.90 R: 1.00 F1: 0.95
2026-05-04 15:27:15 | DEBUG   | dpfl.core.base_simulator | Update norms — honest: ['0.05', '0.38', '0.03', '38548396834816.00', '0.04'], attacker: ['nan', 'nan', 'nan', 'nan', 'nan']
2026-05-04 15:27:16 | INFO    | dpfl.core.base_simulator | Round  43/100 | Acc: 0.8865 | Loss: 2112131662087151072008736866304.0000 | eps: 0.00 | P: 0.95 R: 1.00 F1: 0.97
2026-05-04 15:27:16 | DEBUG   | dpfl.core.base_simulator | Update norms — honest: ['0.05', '0.49', '0.03', '38411314397184.00', '0.03'], attacker: ['nan', 'nan', 'nan', 'nan', 'nan']
2026-05-04 15:27:17 | INFO    | dpfl.core.base_simulator | Round  44/100 | Acc: 0.8876 | Loss: 1888819733800498529143632166912.0000 | eps: 0.00 | P: 0.93 R: 1.00 F1: 0.96
2026-05-04 15:27:17 | DEBUG   | dpfl.core.base_simulator | Update norms — honest: ['0.05', '0.34', '0.03', '37751449714688.00', '0.04'], attacker: ['nan', 'nan', 'nan', 'nan', 'nan']
2026-05-04 15:27:18 | INFO    | dpfl.core.base_simulator | Round  45/100 | Acc: 0.8881 | Loss: 2262376368641542864673894825984.0000 | eps: 0.00 | P: 0.93 R: 1.00 F1: 0.96
2026-05-04 15:27:18 | DEBUG   | dpfl.core.base_simulator | Update norms — honest: ['0.04', '0.37', '0.03', '45998873247744.00', '0.04'], attacker: ['nan', 'nan', 'nan', 'nan', 'nan']
2026-05-04 15:27:18 | INFO    | dpfl.core.base_simulator | Round  46/100 | Acc: 0.8875 | Loss: 1822421542518741883689744990208.0000 | eps: 0.00 | P: 0.91 R: 1.00 F1: 0.95
2026-05-04 15:27:18 | DEBUG   | dpfl.core.base_simulator | Update norms — honest: ['0.04', '0.39', '0.03', '41828309008384.00', '0.04'], attacker: ['nan', 'nan', 'nan', 'nan', 'nan']
2026-05-04 15:27:19 | INFO    | dpfl.core.base_simulator | Round  47/100 | Acc: 0.8887 | Loss: 1549746428960401166150953598976.0000 | eps: 0.00 | P: 0.95 R: 1.00 F1: 0.98
2026-05-04 15:27:19 | DEBUG   | dpfl.core.base_simulator | Update norms — honest: ['0.04', '0.40', '0.04', '31143000801280.00', '0.04'], attacker: ['nan', 'nan', 'nan', 'nan', 'nan']
2026-05-04 15:27:20 | INFO    | dpfl.core.base_simulator | Round  48/100 | Acc: 0.8898 | Loss: 1614309702037256204481384677376.0000 | eps: 0.00 | P: 0.89 R: 1.00 F1: 0.94
2026-05-04 15:27:20 | DEBUG   | dpfl.core.base_simulator | Update norms — honest: ['0.05', '0.32', '0.03', '31780084121600.00', '0.03'], attacker: ['nan', 'nan', 'nan', 'nan', 'nan']
2026-05-04 15:27:21 | INFO    | dpfl.core.base_simulator | Round  49/100 | Acc: 0.8902 | Loss: 1551252988880438999659663327232.0000 | eps: 0.00 | P: 0.97 R: 1.00 F1: 0.98
2026-05-04 15:27:21 | DEBUG   | dpfl.core.base_simulator | Update norms — honest: ['0.04', '0.42', '0.03', '29637803507712.00', '0.03'], attacker: ['nan', 'nan', 'nan', 'nan', 'nan']
2026-05-04 15:27:22 | INFO    | dpfl.core.base_simulator | Round  50/100 | Acc: 0.8911 | Loss: 1624094091428330738239313805312.0000 | eps: 0.00 | P: 0.96 R: 1.00 F1: 0.98
2026-05-04 15:27:22 | DEBUG   | dpfl.core.base_simulator | Update norms — honest: ['0.04', '0.40', '0.03', '35868005892096.00', '0.03'], attacker: ['nan', 'nan', 'nan', 'nan', 'nan']
2026-05-04 15:27:22 | INFO    | dpfl.core.base_simulator | Round  51/100 | Acc: 0.8899 | Loss: 1292520124338894005084490825728.0000 | eps: 0.00 | P: 0.93 R: 1.00 F1: 0.96
2026-05-04 15:27:22 | DEBUG   | dpfl.core.base_simulator | Update norms — honest: ['0.04', '0.34', '0.03', '42614413852672.00', '0.03'], attacker: ['nan', 'nan', 'nan', 'nan', 'nan']
2026-05-04 15:27:23 | INFO    | dpfl.core.base_simulator | Round  52/100 | Acc: 0.8917 | Loss: 1837924572530965348343342956544.0000 | eps: 0.00 | P: 0.95 R: 1.00 F1: 0.97
2026-05-04 15:27:23 | DEBUG   | dpfl.core.base_simulator | Update norms — honest: ['0.04', '0.34', '0.03', '35676435251200.00', '0.03'], attacker: ['nan', 'nan', 'nan', 'nan', 'nan']
2026-05-04 15:27:24 | INFO    | dpfl.core.base_simulator | Round  53/100 | Acc: 0.8917 | Loss: 1385295640013447645114998456320.0000 | eps: 0.00 | P: 0.96 R: 1.00 F1: 0.98
2026-05-04 15:27:24 | DEBUG   | dpfl.core.base_simulator | Update norms — honest: ['0.04', '0.31', '0.03', '33008872587264.00', '0.03'], attacker: ['nan', 'nan', 'nan', 'nan', 'nan']
