2026-05-05 20:53:20 | INFO    | dpfl | Experiment start: algorithm=trust_d2b, dataset=fashion_mnist, model=mlp, device=cuda
2026-05-05 20:53:20 | INFO    | dpfl | Config: nodes=500, attackers=200, rounds=150, noise_mode=none, attack=scale
2026-05-05 20:53:20 | INFO    | dpfl.data.fashion_mnist_dataset | Loading Fashion-MNIST dataset...
2026-05-05 20:53:20 | INFO    | dpfl.data.fashion_mnist_dataset | Fashion-MNIST loaded: 60000 train, 10000 test samples
2026-05-05 20:54:12 | INFO    | dpfl.core.base_simulator | Vectorized state ready: param_spec.D=50890, X_test=(10000, 1, 28, 28), train clients N=500, max_n_samples=1000
2026-05-05 20:54:12 | INFO    | dpfl.core.base_simulator | Setup complete: 500 nodes (200 attackers), param_dim=50890, split=iid
2026-05-05 20:54:12 | DEBUG   | dpfl.core.base_simulator | Attacker IDs: {0, 1, 2, 3, 4, 5, 6, 7, 8, 9, 10, 11, 12, 13, 14, 15, 16, 17, 18, 19, 20, 21, 22, 23, 24, 25, 26, 27, 28, 29, 30, 31, 32, 33, 34, 35, 36, 37, 38, 39, 40, 41, 42, 43, 44, 45, 46, 47, 48, 49, 50, 51, 52, 53, 54, 55, 56, 57, 58, 59, 60, 61, 62, 63, 64, 65, 66, 67, 68, 69, 70, 71, 72, 73, 74, 75, 76, 77, 78, 79, 80, 81, 82, 83, 84, 85, 86, 87, 88, 89, 90, 91, 92, 93, 94, 95, 96, 97, 98, 99, 100, 101, 102, 103, 104, 105, 106, 107, 108, 109, 110, 111, 112, 113, 114, 115, 116, 117, 118, 119, 120, 121, 122, 123, 124, 125, 126, 127, 128, 129, 130, 131, 132, 133, 134, 135, 136, 137, 138, 139, 140, 141, 142, 143, 144, 145, 146, 147, 148, 149, 150, 151, 152, 153, 154, 155, 156, 157, 158, 159, 160, 161, 162, 163, 164, 165, 166, 167, 168, 169, 170, 171, 172, 173, 174, 175, 176, 177, 178, 179, 180, 181, 182, 183, 184, 185, 186, 187, 188, 189, 190, 191, 192, 193, 194, 195, 196, 197, 198, 199}
2026-05-05 20:54:12 | INFO    | dpfl.algorithms.trust_aware.simulator | Trust-Aware D2B-DP: rounds=150, n_workers=5, layers=4, ρ∈[0.300,5.000]
2026-05-05 20:54:12 | DEBUG   | dpfl.algorithms.trust_aware.simulator | Round 0 Phase 1+2: 0.76s
2026-05-05 20:54:34 | INFO    | dpfl.core.base_simulator | Round   1/150 | Acc: 0.4526 | Loss: 1.9777 | eps_max: 0.26 eps_avg: 0.26 | P: nan R: nan F1: nan
2026-05-05 20:54:34 | DEBUG   | dpfl.core.base_simulator | Update norms — honest: ['0.23', '0.24', '0.23', '0.24', '0.23'], attacker: ['0.23', '0.23', '0.24', '0.23', '0.24']
2026-05-05 20:54:35 | DEBUG   | dpfl.algorithms.trust_aware.simulator | Round 1 Phase 1+2: 0.59s
2026-05-05 20:54:56 | INFO    | dpfl.core.base_simulator | Round   2/150 | Acc: 0.5645 | Loss: 1.7187 | eps_max: 0.30 eps_avg: 0.30 | P: nan R: nan F1: nan
2026-05-05 20:54:56 | DEBUG   | dpfl.core.base_simulator | Update norms — honest: ['0.21', '0.20', '0.20', '0.20', '0.21'], attacker: ['0.23', '0.23', '0.23', '0.22', '0.24']
2026-05-05 20:54:57 | DEBUG   | dpfl.algorithms.trust_aware.simulator | Round 2 Phase 1+2: 0.17s
2026-05-05 20:55:18 | INFO    | dpfl.core.base_simulator | Round   3/150 | Acc: 0.6165 | Loss: 1.4976 | eps_max: 0.34 eps_avg: 0.34 | P: nan R: nan F1: nan
2026-05-05 20:55:18 | DEBUG   | dpfl.core.base_simulator | Update norms — honest: ['0.19', '0.19', '0.19', '0.19', '0.19'], attacker: ['0.21', '0.22', '0.22', '0.21', '0.23']
2026-05-05 20:55:18 | DEBUG   | dpfl.algorithms.trust_aware.simulator | Round 3 Phase 1+2: 0.17s
2026-05-05 20:55:38 | INFO    | dpfl.core.base_simulator | Round   4/150 | Acc: 0.6467 | Loss: 1.3238 | eps_max: 0.39 eps_avg: 0.39 | P: nan R: nan F1: nan
2026-05-05 20:55:38 | DEBUG   | dpfl.core.base_simulator | Update norms — honest: ['0.17', '0.16', '0.17', '0.17', '0.17'], attacker: ['0.20', '0.20', '0.21', '0.20', '0.21']
2026-05-05 20:55:38 | DEBUG   | dpfl.algorithms.trust_aware.simulator | Round 4 Phase 1+2: 0.17s
2026-05-05 20:55:57 | INFO    | dpfl.core.base_simulator | Round   5/150 | Acc: 0.6697 | Loss: 1.1923 | eps_max: 0.44 eps_avg: 0.44 | P: nan R: nan F1: nan
2026-05-05 20:55:57 | DEBUG   | dpfl.core.base_simulator | Update norms — honest: ['0.14', '0.14', '0.14', '0.14', '0.14'], attacker: ['0.18', '0.18', '0.18', '0.18', '0.18']
2026-05-05 20:55:58 | DEBUG   | dpfl.algorithms.trust_aware.simulator | Round 5 Phase 1+2: 0.17s
2026-05-05 20:56:15 | INFO    | dpfl.core.base_simulator | Round   6/150 | Acc: 0.6876 | Loss: 1.0949 | eps_max: 0.53 eps_avg: 0.53 | P: nan R: nan F1: nan
2026-05-05 20:56:15 | DEBUG   | dpfl.core.base_simulator | Update norms — honest: ['0.12', '0.14', '0.14', '0.12', '0.14'], attacker: ['0.16', '0.16', '0.16', '0.16', '0.16']
2026-05-05 20:56:15 | DEBUG   | dpfl.algorithms.trust_aware.simulator | Round 6 Phase 1+2: 0.18s
2026-05-05 20:56:32 | INFO    | dpfl.core.base_simulator | Round   7/150 | Acc: 0.6994 | Loss: 1.0230 | eps_max: 0.56 eps_avg: 0.56 | P: nan R: nan F1: nan
2026-05-05 20:56:32 | DEBUG   | dpfl.core.base_simulator | Update norms — honest: ['0.12', '0.11', '0.12', '0.11', '0.11'], attacker: ['0.14', '0.14', '0.14', '0.14', '0.14']
2026-05-05 20:56:32 | DEBUG   | dpfl.algorithms.trust_aware.simulator | Round 7 Phase 1+2: 0.17s
2026-05-05 20:56:47 | INFO    | dpfl.core.base_simulator | Round   8/150 | Acc: 0.7079 | Loss: 0.9683 | eps_max: 0.59 eps_avg: 0.59 | P: nan R: nan F1: nan
2026-05-05 20:56:47 | DEBUG   | dpfl.core.base_simulator | Update norms — honest: ['0.09', '0.10', '0.10', '0.10', '0.09'], attacker: ['0.12', '0.12', '0.12', '0.12', '0.12']
2026-05-05 20:56:47 | DEBUG   | dpfl.algorithms.trust_aware.simulator | Round 8 Phase 1+2: 0.18s
2026-05-05 20:57:00 | INFO    | dpfl.core.base_simulator | Round   9/150 | Acc: 0.7142 | Loss: 0.9249 | eps_max: 0.62 eps_avg: 0.62 | P: nan R: nan F1: nan
2026-05-05 20:57:00 | DEBUG   | dpfl.core.base_simulator | Update norms — honest: ['0.08', '0.08', '0.09', '0.09', '0.09'], attacker: ['0.11', '0.11', '0.11', '0.11', '0.11']
2026-05-05 20:57:00 | DEBUG   | dpfl.algorithms.trust_aware.simulator | Round 9 Phase 1+2: 0.17s
2026-05-05 20:57:12 | INFO    | dpfl.core.base_simulator | Round  10/150 | Acc: 0.7206 | Loss: 0.8889 | eps_max: 0.65 eps_avg: 0.65 | P: 0.00 R: nan F1: nan
2026-05-05 20:57:12 | DEBUG   | dpfl.core.base_simulator | Update norms — honest: ['0.09', '0.08', '0.08', '0.08', '0.08'], attacker: ['0.10', '0.09', '0.09', '0.09', '0.09']
2026-05-05 20:57:12 | DEBUG   | dpfl.algorithms.trust_aware.simulator | Round 10 Phase 1+2: 0.18s
2026-05-05 20:57:21 | INFO    | dpfl.core.base_simulator | Round  11/150 | Acc: 0.7256 | Loss: 0.8588 | eps_max: 0.69 eps_avg: 0.69 | P: 0.00 R: nan F1: nan
2026-05-05 20:57:21 | DEBUG   | dpfl.core.base_simulator | Update norms — honest: ['0.07', '0.07', '0.08', '0.07', '0.07'], attacker: ['0.10', '0.08', '0.08', '0.08', '0.08']
2026-05-05 20:57:22 | DEBUG   | dpfl.algorithms.trust_aware.simulator | Round 11 Phase 1+2: 0.91s
2026-05-05 20:57:30 | INFO    | dpfl.core.base_simulator | Round  12/150 | Acc: 0.7303 | Loss: 0.8332 | eps_max: 0.72 eps_avg: 0.72 | P: nan R: nan F1: nan
2026-05-05 20:57:30 | DEBUG   | dpfl.core.base_simulator | Update norms — honest: ['0.07', '0.07', '0.07', '0.07', '0.07'], attacker: ['0.08', '0.08', '0.08', '0.08', '0.08']
2026-05-05 20:57:31 | DEBUG   | dpfl.algorithms.trust_aware.simulator | Round 12 Phase 1+2: 0.89s
2026-05-05 20:57:40 | INFO    | dpfl.core.base_simulator | Round  13/150 | Acc: 0.7344 | Loss: 0.8111 | eps_max: 0.76 eps_avg: 0.76 | P: nan R: nan F1: nan
2026-05-05 20:57:40 | DEBUG   | dpfl.core.base_simulator | Update norms — honest: ['0.07', '0.06', '0.07', '0.07', '0.07'], attacker: ['0.08', '0.07', '0.07', '0.07', '0.07']
2026-05-05 20:57:41 | DEBUG   | dpfl.algorithms.trust_aware.simulator | Round 13 Phase 1+2: 0.91s
2026-05-05 20:57:55 | INFO    | dpfl.core.base_simulator | Round  14/150 | Acc: 0.7381 | Loss: 0.7921 | eps_max: 0.80 eps_avg: 0.80 | P: 0.00 R: nan F1: nan
2026-05-05 20:57:55 | DEBUG   | dpfl.core.base_simulator | Update norms — honest: ['0.06', '0.06', '0.06', '0.06', '0.07'], attacker: ['0.07', '0.07', '0.07', '0.07', '0.07']
2026-05-05 20:57:56 | DEBUG   | dpfl.algorithms.trust_aware.simulator | Round 14 Phase 1+2: 0.89s
2026-05-05 20:58:13 | INFO    | dpfl.core.base_simulator | Round  15/150 | Acc: 0.7415 | Loss: 0.7753 | eps_max: 0.84 eps_avg: 0.84 | P: nan R: nan F1: nan
2026-05-05 20:58:13 | DEBUG   | dpfl.core.base_simulator | Update norms — honest: ['0.06', '0.06', '0.06', '0.06', '0.06'], attacker: ['0.07', '0.06', '0.07', '0.06', '0.06']
2026-05-05 20:58:14 | DEBUG   | dpfl.algorithms.trust_aware.simulator | Round 15 Phase 1+2: 0.88s
2026-05-05 20:58:36 | INFO    | dpfl.core.base_simulator | Round  16/150 | Acc: 0.7444 | Loss: 0.7606 | eps_max: 0.88 eps_avg: 0.88 | P: 0.00 R: nan F1: nan
2026-05-05 20:58:36 | DEBUG   | dpfl.core.base_simulator | Update norms — honest: ['0.06', '0.05', '0.06', '0.06', '0.07'], attacker: ['0.06', '0.06', '0.06', '0.06', '0.07']
2026-05-05 20:58:36 | DEBUG   | dpfl.algorithms.trust_aware.simulator | Round 16 Phase 1+2: 0.17s
2026-05-05 20:58:56 | INFO    | dpfl.core.base_simulator | Round  17/150 | Acc: 0.7472 | Loss: 0.7476 | eps_max: 0.91 eps_avg: 0.91 | P: 0.00 R: nan F1: nan
2026-05-05 20:58:56 | DEBUG   | dpfl.core.base_simulator | Update norms — honest: ['0.05', '0.05', '0.06', '0.05', '0.06'], attacker: ['0.06', '0.06', '0.06', '0.06', '0.06']
2026-05-05 20:58:56 | DEBUG   | dpfl.algorithms.trust_aware.simulator | Round 17 Phase 1+2: 0.18s
2026-05-05 20:59:12 | INFO    | dpfl.core.base_simulator | Round  18/150 | Acc: 0.7502 | Loss: 0.7358 | eps_max: 0.95 eps_avg: 0.95 | P: nan R: nan F1: nan
2026-05-05 20:59:12 | DEBUG   | dpfl.core.base_simulator | Update norms — honest: ['0.05', '0.05', '0.05', '0.05', '0.05'], attacker: ['0.06', '0.06', '0.06', '0.06', '0.05']
2026-05-05 20:59:12 | DEBUG   | dpfl.algorithms.trust_aware.simulator | Round 18 Phase 1+2: 0.18s
2026-05-05 20:59:24 | INFO    | dpfl.core.base_simulator | Round  19/150 | Acc: 0.7527 | Loss: 0.7254 | eps_max: 0.98 eps_avg: 0.98 | P: nan R: nan F1: nan
2026-05-05 20:59:24 | DEBUG   | dpfl.core.base_simulator | Update norms — honest: ['0.05', '0.05', '0.05', '0.05', '0.05'], attacker: ['0.06', '0.06', '0.05', '0.06', '0.05']
2026-05-05 20:59:24 | DEBUG   | dpfl.algorithms.trust_aware.simulator | Round 19 Phase 1+2: 0.18s
2026-05-05 20:59:33 | INFO    | dpfl.core.base_simulator | Round  20/150 | Acc: 0.7547 | Loss: 0.7157 | eps_max: 1.02 eps_avg: 1.02 | P: 0.00 R: nan F1: nan
2026-05-05 20:59:33 | DEBUG   | dpfl.core.base_simulator | Update norms — honest: ['0.05', '0.05', '0.05', '0.05', '0.05'], attacker: ['0.05', '0.05', '0.05', '0.05', '0.05']
2026-05-05 20:59:34 | DEBUG   | dpfl.algorithms.trust_aware.simulator | Round 20 Phase 1+2: 0.91s
2026-05-05 20:59:41 | INFO    | dpfl.core.base_simulator | Round  21/150 | Acc: 0.7568 | Loss: 0.7070 | eps_max: 1.06 eps_avg: 1.06 | P: nan R: nan F1: nan
2026-05-05 20:59:41 | DEBUG   | dpfl.core.base_simulator | Update norms — honest: ['0.05', '0.05', '0.04', '0.05', '0.05'], attacker: ['0.05', '0.05', '0.05', '0.05', '0.05']
2026-05-05 20:59:42 | DEBUG   | dpfl.algorithms.trust_aware.simulator | Round 21 Phase 1+2: 0.90s
2026-05-05 20:59:55 | INFO    | dpfl.core.base_simulator | Round  22/150 | Acc: 0.7587 | Loss: 0.6993 | eps_max: 1.10 eps_avg: 1.10 | P: nan R: nan F1: nan
2026-05-05 20:59:55 | DEBUG   | dpfl.core.base_simulator | Update norms — honest: ['0.05', '0.05', '0.05', '0.05', '0.04'], attacker: ['0.05', '0.05', '0.05', '0.05', '0.05']
2026-05-05 20:59:56 | DEBUG   | dpfl.algorithms.trust_aware.simulator | Round 22 Phase 1+2: 0.92s
2026-05-05 21:00:14 | INFO    | dpfl.core.base_simulator | Round  23/150 | Acc: 0.7608 | Loss: 0.6916 | eps_max: 1.15 eps_avg: 1.15 | P: nan R: nan F1: nan
2026-05-05 21:00:14 | DEBUG   | dpfl.core.base_simulator | Update norms — honest: ['0.04', '0.05', '0.05', '0.04', '0.04'], attacker: ['0.05', '0.05', '0.05', '0.05', '0.05']
2026-05-05 21:00:15 | DEBUG   | dpfl.algorithms.trust_aware.simulator | Round 23 Phase 1+2: 0.89s
2026-05-05 21:00:36 | INFO    | dpfl.core.base_simulator | Round  24/150 | Acc: 0.7624 | Loss: 0.6850 | eps_max: 1.19 eps_avg: 1.19 | P: 0.00 R: nan F1: nan
2026-05-05 21:00:36 | DEBUG   | dpfl.core.base_simulator | Update norms — honest: ['0.05', '0.04', '0.05', '0.05', '0.04'], attacker: ['0.05', '0.05', '0.04', '0.04', '0.05']
2026-05-05 21:00:37 | DEBUG   | dpfl.algorithms.trust_aware.simulator | Round 24 Phase 1+2: 0.18s
2026-05-05 21:00:56 | INFO    | dpfl.core.base_simulator | Round  25/150 | Acc: 0.7642 | Loss: 0.6786 | eps_max: 1.22 eps_avg: 1.22 | P: 0.00 R: nan F1: nan
2026-05-05 21:00:56 | DEBUG   | dpfl.core.base_simulator | Update norms — honest: ['0.04', '0.04', '0.04', '0.04', '0.04'], attacker: ['0.05', '0.05', '0.04', '0.04', '0.05']
2026-05-05 21:00:56 | DEBUG   | dpfl.algorithms.trust_aware.simulator | Round 25 Phase 1+2: 0.19s
2026-05-05 21:01:11 | INFO    | dpfl.core.base_simulator | Round  26/150 | Acc: 0.7656 | Loss: 0.6732 | eps_max: 1.26 eps_avg: 1.26 | P: nan R: nan F1: nan
2026-05-05 21:01:11 | DEBUG   | dpfl.core.base_simulator | Update norms — honest: ['0.04', '0.04', '0.04', '0.04', '0.04'], attacker: ['0.05', '0.05', '0.04', '0.04', '0.04']
2026-05-05 21:01:11 | DEBUG   | dpfl.algorithms.trust_aware.simulator | Round 26 Phase 1+2: 0.17s
2026-05-05 21:01:21 | INFO    | dpfl.core.base_simulator | Round  27/150 | Acc: 0.7670 | Loss: 0.6675 | eps_max: 1.29 eps_avg: 1.29 | P: 0.00 R: nan F1: nan
2026-05-05 21:01:21 | DEBUG   | dpfl.core.base_simulator | Update norms — honest: ['0.04', '0.05', '0.04', '0.05', '0.04'], attacker: ['0.04', '0.04', '0.04', '0.04', '0.04']
2026-05-05 21:01:21 | DEBUG   | dpfl.algorithms.trust_aware.simulator | Round 27 Phase 1+2: 0.18s
2026-05-05 21:01:28 | INFO    | dpfl.core.base_simulator | Round  28/150 | Acc: 0.7685 | Loss: 0.6625 | eps_max: 1.32 eps_avg: 1.32 | P: 0.00 R: nan F1: nan
2026-05-05 21:01:28 | DEBUG   | dpfl.core.base_simulator | Update norms — honest: ['0.04', '0.04', '0.04', '0.04', '0.04'], attacker: ['0.04', '0.04', '0.04', '0.04', '0.04']
2026-05-05 21:01:29 | DEBUG   | dpfl.algorithms.trust_aware.simulator | Round 28 Phase 1+2: 0.91s
2026-05-05 21:01:37 | INFO    | dpfl.core.base_simulator | Round  29/150 | Acc: 0.7699 | Loss: 0.6576 | eps_max: 1.36 eps_avg: 1.36 | P: 0.00 R: nan F1: nan
2026-05-05 21:01:37 | DEBUG   | dpfl.core.base_simulator | Update norms — honest: ['0.05', '0.05', '0.04', '0.04', '0.04'], attacker: ['0.04', '0.04', '0.04', '0.04', '0.04']
2026-05-05 21:01:38 | DEBUG   | dpfl.algorithms.trust_aware.simulator | Round 29 Phase 1+2: 0.91s
2026-05-05 21:01:51 | INFO    | dpfl.core.base_simulator | Round  30/150 | Acc: 0.7712 | Loss: 0.6532 | eps_max: 1.39 eps_avg: 1.39 | P: nan R: nan F1: nan
2026-05-05 21:01:51 | DEBUG   | dpfl.core.base_simulator | Update norms — honest: ['0.04', '0.04', '0.04', '0.04', '0.04'], attacker: ['0.04', '0.04', '0.04', '0.04', '0.04']
2026-05-05 21:01:52 | DEBUG   | dpfl.algorithms.trust_aware.simulator | Round 30 Phase 1+2: 0.92s
2026-05-05 21:02:11 | INFO    | dpfl.core.base_simulator | Round  31/150 | Acc: 0.7724 | Loss: 0.6490 | eps_max: 1.43 eps_avg: 1.43 | P: nan R: nan F1: nan
2026-05-05 21:02:11 | DEBUG   | dpfl.core.base_simulator | Update norms — honest: ['0.04', '0.04', '0.04', '0.04', '0.04'], attacker: ['0.04', '0.04', '0.04', '0.04', '0.04']
2026-05-05 21:02:11 | DEBUG   | dpfl.algorithms.trust_aware.simulator | Round 31 Phase 1+2: 0.61s
2026-05-05 21:02:34 | INFO    | dpfl.core.base_simulator | Round  32/150 | Acc: 0.7735 | Loss: 0.6451 | eps_max: 1.47 eps_avg: 1.47 | P: 0.00 R: nan F1: nan
2026-05-05 21:02:34 | DEBUG   | dpfl.core.base_simulator | Update norms — honest: ['0.04', '0.04', '0.04', '0.04', '0.04'], attacker: ['0.04', '0.04', '0.04', '0.04', '0.04']
2026-05-05 21:02:34 | DEBUG   | dpfl.algorithms.trust_aware.simulator | Round 32 Phase 1+2: 0.17s
2026-05-05 21:02:52 | INFO    | dpfl.core.base_simulator | Round  33/150 | Acc: 0.7745 | Loss: 0.6415 | eps_max: 1.51 eps_avg: 1.51 | P: 0.00 R: nan F1: nan
2026-05-05 21:02:52 | DEBUG   | dpfl.core.base_simulator | Update norms — honest: ['0.04', '0.04', '0.04', '0.04', '0.04'], attacker: ['0.04', '0.05', '0.04', '0.04', '0.04']
2026-05-05 21:02:52 | DEBUG   | dpfl.algorithms.trust_aware.simulator | Round 33 Phase 1+2: 0.17s
2026-05-05 21:03:05 | INFO    | dpfl.core.base_simulator | Round  34/150 | Acc: 0.7756 | Loss: 0.6379 | eps_max: 1.56 eps_avg: 1.56 | P: nan R: nan F1: nan
2026-05-05 21:03:05 | DEBUG   | dpfl.core.base_simulator | Update norms — honest: ['0.04', '0.04', '0.04', '0.04', '0.04'], attacker: ['0.04', '0.04', '0.04', '0.04', '0.04']
2026-05-05 21:03:05 | DEBUG   | dpfl.algorithms.trust_aware.simulator | Round 34 Phase 1+2: 0.18s
2026-05-05 21:03:14 | INFO    | dpfl.core.base_simulator | Round  35/150 | Acc: 0.7766 | Loss: 0.6347 | eps_max: 1.60 eps_avg: 1.60 | P: 0.00 R: nan F1: nan
2026-05-05 21:03:14 | DEBUG   | dpfl.core.base_simulator | Update norms — honest: ['0.04', '0.04', '0.03', '0.04', '0.03'], attacker: ['0.04', '0.04', '0.04', '0.04', '0.04']
2026-05-05 21:03:14 | DEBUG   | dpfl.algorithms.trust_aware.simulator | Round 35 Phase 1+2: 0.17s
2026-05-05 21:03:21 | INFO    | dpfl.core.base_simulator | Round  36/150 | Acc: 0.7775 | Loss: 0.6316 | eps_max: 1.63 eps_avg: 1.63 | P: nan R: nan F1: nan
2026-05-05 21:03:21 | DEBUG   | dpfl.core.base_simulator | Update norms — honest: ['0.04', '0.04', '0.03', '0.03', '0.04'], attacker: ['0.04', '0.04', '0.04', '0.04', '0.04']
2026-05-05 21:03:22 | DEBUG   | dpfl.algorithms.trust_aware.simulator | Round 36 Phase 1+2: 0.90s
2026-05-05 21:03:30 | INFO    | dpfl.core.base_simulator | Round  37/150 | Acc: 0.7780 | Loss: 0.6291 | eps_max: 1.67 eps_avg: 1.67 | P: 0.00 R: nan F1: nan
2026-05-05 21:03:30 | DEBUG   | dpfl.core.base_simulator | Update norms — honest: ['0.03', '0.04', '0.04', '0.03', '0.03'], attacker: ['0.05', '0.04', '0.03', '0.04', '0.04']
2026-05-05 21:03:31 | DEBUG   | dpfl.algorithms.trust_aware.simulator | Round 37 Phase 1+2: 0.90s
2026-05-05 21:03:45 | INFO    | dpfl.core.base_simulator | Round  38/150 | Acc: 0.7790 | Loss: 0.6265 | eps_max: 1.70 eps_avg: 1.70 | P: nan R: nan F1: nan
2026-05-05 21:03:45 | DEBUG   | dpfl.core.base_simulator | Update norms — honest: ['0.03', '0.04', '0.03', '0.03', '0.04'], attacker: ['0.03', '0.04', '0.03', '0.04', '0.04']
2026-05-05 21:03:46 | DEBUG   | dpfl.algorithms.trust_aware.simulator | Round 38 Phase 1+2: 0.92s
2026-05-05 21:04:05 | INFO    | dpfl.core.base_simulator | Round  39/150 | Acc: 0.7796 | Loss: 0.6239 | eps_max: 1.74 eps_avg: 1.74 | P: 0.00 R: nan F1: nan
2026-05-05 21:04:05 | DEBUG   | dpfl.core.base_simulator | Update norms — honest: ['0.03', '0.04', '0.03', '0.03', '0.04'], attacker: ['0.04', '0.04', '0.04', '0.04', '0.04']
2026-05-05 21:04:06 | DEBUG   | dpfl.algorithms.trust_aware.simulator | Round 39 Phase 1+2: 0.89s
2026-05-05 21:04:20 | INFO    | dpfl.core.base_simulator | Round  40/150 | Acc: 0.7805 | Loss: 0.6212 | eps_max: 1.78 eps_avg: 1.78 | P: 0.00 R: nan F1: nan
2026-05-05 21:04:20 | DEBUG   | dpfl.core.base_simulator | Update norms — honest: ['0.03', '0.03', '0.03', '0.03', '0.04'], attacker: ['0.03', '0.04', '0.03', '0.04', '0.04']
2026-05-05 21:04:20 | DEBUG   | dpfl.algorithms.trust_aware.simulator | Round 40 Phase 1+2: 0.70s
2026-05-05 21:04:28 | INFO    | dpfl.core.base_simulator | Round  41/150 | Acc: 0.7812 | Loss: 0.6191 | eps_max: 1.82 eps_avg: 1.82 | P: 0.00 R: nan F1: nan
2026-05-05 21:04:28 | DEBUG   | dpfl.core.base_simulator | Update norms — honest: ['0.04', '0.04', '0.04', '0.04', '0.03'], attacker: ['0.04', '0.03', '0.03', '0.03', '0.04']
2026-05-05 21:04:28 | DEBUG   | dpfl.algorithms.trust_aware.simulator | Round 41 Phase 1+2: 0.18s
2026-05-05 21:04:44 | INFO    | dpfl.core.base_simulator | Round  42/150 | Acc: 0.7821 | Loss: 0.6168 | eps_max: 1.86 eps_avg: 1.86 | P: 0.00 R: nan F1: nan
2026-05-05 21:04:44 | DEBUG   | dpfl.core.base_simulator | Update norms — honest: ['0.03', '0.03', '0.03', '0.04', '0.03'], attacker: ['0.03', '0.04', '0.03', '0.03', '0.03']
2026-05-05 21:04:44 | DEBUG   | dpfl.algorithms.trust_aware.simulator | Round 42 Phase 1+2: 0.17s
2026-05-05 21:05:07 | INFO    | dpfl.core.base_simulator | Round  43/150 | Acc: 0.7824 | Loss: 0.6149 | eps_max: 1.90 eps_avg: 1.90 | P: 0.00 R: nan F1: nan
2026-05-05 21:05:07 | DEBUG   | dpfl.core.base_simulator | Update norms — honest: ['0.04', '0.04', '0.03', '0.03', '0.03'], attacker: ['0.03', '0.04', '0.03', '0.03', '0.03']
2026-05-05 21:05:07 | DEBUG   | dpfl.algorithms.trust_aware.simulator | Round 43 Phase 1+2: 0.91s
2026-05-05 21:05:28 | INFO    | dpfl.core.base_simulator | Round  44/150 | Acc: 0.7833 | Loss: 0.6126 | eps_max: 1.95 eps_avg: 1.95 | P: 0.00 R: nan F1: nan
2026-05-05 21:05:28 | DEBUG   | dpfl.core.base_simulator | Update norms — honest: ['0.03', '0.04', '0.04', '0.04', '0.04'], attacker: ['0.04', '0.03', '0.03', '0.04', '0.04']
2026-05-05 21:05:29 | DEBUG   | dpfl.algorithms.trust_aware.simulator | Round 44 Phase 1+2: 0.91s
2026-05-05 21:05:43 | INFO    | dpfl.core.base_simulator | Round  45/150 | Acc: 0.7838 | Loss: 0.6106 | eps_max: 2.00 eps_avg: 2.00 | P: 0.00 R: nan F1: nan
2026-05-05 21:05:43 | DEBUG   | dpfl.core.base_simulator | Update norms — honest: ['0.04', '0.04', '0.03', '0.03', '0.03'], attacker: ['0.03', '0.03', '0.03', '0.04', '0.03']
2026-05-05 21:05:44 | DEBUG   | dpfl.algorithms.trust_aware.simulator | Round 45 Phase 1+2: 0.92s
2026-05-05 21:05:51 | INFO    | dpfl.core.base_simulator | Round  46/150 | Acc: 0.7844 | Loss: 0.6089 | eps_max: 2.04 eps_avg: 2.04 | P: 0.00 R: nan F1: nan
2026-05-05 21:05:51 | DEBUG   | dpfl.core.base_simulator | Update norms — honest: ['0.04', '0.04', '0.04', '0.03', '0.03'], attacker: ['0.03', '0.04', '0.03', '0.04', '0.03']
2026-05-05 21:05:51 | DEBUG   | dpfl.algorithms.trust_aware.simulator | Round 46 Phase 1+2: 0.18s
2026-05-05 21:06:06 | INFO    | dpfl.core.base_simulator | Round  47/150 | Acc: 0.7851 | Loss: 0.6071 | eps_max: 2.08 eps_avg: 2.08 | P: nan R: nan F1: nan
2026-05-05 21:06:06 | DEBUG   | dpfl.core.base_simulator | Update norms — honest: ['0.03', '0.03', '0.03', '0.03', '0.03'], attacker: ['0.03', '0.03', '0.03', '0.04', '0.03']
2026-05-05 21:06:06 | DEBUG   | dpfl.algorithms.trust_aware.simulator | Round 47 Phase 1+2: 0.18s
2026-05-05 21:06:28 | INFO    | dpfl.core.base_simulator | Round  48/150 | Acc: 0.7855 | Loss: 0.6056 | eps_max: 2.11 eps_avg: 2.11 | P: 0.00 R: nan F1: nan
2026-05-05 21:06:28 | DEBUG   | dpfl.core.base_simulator | Update norms — honest: ['0.03', '0.04', '0.04', '0.03', '0.03'], attacker: ['0.03', '0.04', '0.03', '0.03', '0.03']
2026-05-05 21:06:29 | DEBUG   | dpfl.algorithms.trust_aware.simulator | Round 48 Phase 1+2: 0.89s
2026-05-05 21:06:50 | INFO    | dpfl.core.base_simulator | Round  49/150 | Acc: 0.7861 | Loss: 0.6039 | eps_max: 2.15 eps_avg: 2.15 | P: 0.00 R: nan F1: nan
2026-05-05 21:06:50 | DEBUG   | dpfl.core.base_simulator | Update norms — honest: ['0.04', '0.03', '0.03', '0.03', '0.03'], attacker: ['0.03', '0.04', '0.03', '0.04', '0.03']
2026-05-05 21:06:50 | DEBUG   | dpfl.algorithms.trust_aware.simulator | Round 49 Phase 1+2: 0.89s
2026-05-05 21:07:05 | INFO    | dpfl.core.base_simulator | Round  50/150 | Acc: 0.7867 | Loss: 0.6024 | eps_max: 2.19 eps_avg: 2.19 | P: nan R: nan F1: nan
2026-05-05 21:07:05 | DEBUG   | dpfl.core.base_simulator | Update norms — honest: ['0.03', '0.03', '0.03', '0.03', '0.04'], attacker: ['0.03', '0.03', '0.03', '0.04', '0.04']
2026-05-05 21:07:05 | DEBUG   | dpfl.algorithms.trust_aware.simulator | Round 50 Phase 1+2: 0.30s
2026-05-05 21:07:11 | INFO    | dpfl.core.base_simulator | Round  51/150 | Acc: 0.7869 | Loss: 0.6015 | eps_max: 2.22 eps_avg: 2.22 | P: 0.92 R: 0.85 F1: 0.91
2026-05-05 21:07:11 | DEBUG   | dpfl.core.base_simulator | Update norms — honest: ['0.04', '0.03', '0.04', '0.03', '0.04'], attacker: ['0.67', '0.67', '0.62', '0.70', '0.65']
2026-05-05 21:07:11 | DEBUG   | dpfl.algorithms.trust_aware.simulator | Round 51 Phase 1+2: 0.49s
2026-05-05 21:07:22 | INFO    | dpfl.core.base_simulator | Round  52/150 | Acc: 0.7869 | Loss: 0.6011 | eps_max: 2.26 eps_avg: 2.26 | P: 0.86 R: 0.41 F1: 0.58
2026-05-05 21:07:22 | DEBUG   | dpfl.core.base_simulator | Update norms — honest: ['0.03', '0.04', '0.03', '0.03', '0.03'], attacker: ['1.86', '2.05', '1.50', '2.03', '2.30']
2026-05-05 21:07:22 | DEBUG   | dpfl.algorithms.trust_aware.simulator | Round 52 Phase 1+2: 0.49s
2026-05-05 21:07:38 | INFO    | dpfl.core.base_simulator | Round  53/150 | Acc: 0.7848 | Loss: 0.6096 | eps_max: 2.30 eps_avg: 2.30 | P: 1.00 R: 0.28 F1: 0.47
2026-05-05 21:07:38 | DEBUG   | dpfl.core.base_simulator | Update norms — honest: ['0.03', '0.03', '0.03', '0.03', '0.04'], attacker: ['11.94', '13.13', '7.92', '12.86', '9.80']
2026-05-05 21:07:38 | DEBUG   | dpfl.algorithms.trust_aware.simulator | Round 53 Phase 1+2: 0.49s
2026-05-05 21:07:58 | INFO    | dpfl.core.base_simulator | Round  54/150 | Acc: 0.7880 | Loss: 0.5981 | eps_max: 2.34 eps_avg: 2.34 | P: 0.91 R: 0.95 F1: 0.97
2026-05-05 21:07:58 | DEBUG   | dpfl.core.base_simulator | Update norms — honest: ['0.03', '0.04', '0.03', '0.04', '0.03'], attacker: ['55.66', '57.11', '28.82', '56.93', '45.85']
2026-05-05 21:07:59 | DEBUG   | dpfl.algorithms.trust_aware.simulator | Round 54 Phase 1+2: 0.52s
2026-05-05 21:08:21 | INFO    | dpfl.core.base_simulator | Round  55/150 | Acc: 0.7883 | Loss: 0.5973 | eps_max: 2.39 eps_avg: 2.39 | P: 0.90 R: 1.00 F1: 0.99
2026-05-05 21:08:21 | DEBUG   | dpfl.core.base_simulator | Update norms — honest: ['0.03', '0.03', '0.03', '0.03', '0.03'], attacker: ['282.46', '289.50', '124.93', '298.61', '239.24']
2026-05-05 21:08:21 | DEBUG   | dpfl.algorithms.trust_aware.simulator | Round 55 Phase 1+2: 0.13s
2026-05-05 21:08:41 | INFO    | dpfl.core.base_simulator | Round  56/150 | Acc: 0.7883 | Loss: 0.5970 | eps_max: 2.43 eps_avg: 2.43 | P: 0.90 R: 1.00 F1: 1.00
2026-05-05 21:08:41 | DEBUG   | dpfl.core.base_simulator | Update norms — honest: ['0.04', '0.03', '0.03', '0.03', '0.03'], attacker: ['1380.12', '1451.52', '607.84', '1528.37', '1210.25']
2026-05-05 21:08:41 | DEBUG   | dpfl.algorithms.trust_aware.simulator | Round 56 Phase 1+2: 0.13s
2026-05-05 21:08:58 | INFO    | dpfl.core.base_simulator | Round  57/150 | Acc: 0.7895 | Loss: 0.5942 | eps_max: 2.48 eps_avg: 2.48 | P: 1.00 R: 1.00 F1: 1.00
2026-05-05 21:08:58 | DEBUG   | dpfl.core.base_simulator | Update norms — honest: ['0.03', '0.03', '0.03', '0.03', '0.03'], attacker: ['6691.56', '7244.83', '3077.11', '7788.32', '6109.83']
2026-05-05 21:08:58 | DEBUG   | dpfl.algorithms.trust_aware.simulator | Round 57 Phase 1+2: 0.13s
2026-05-05 21:09:12 | INFO    | dpfl.core.base_simulator | Round  58/150 | Acc: 0.7893 | Loss: 0.5941 | eps_max: 2.52 eps_avg: 2.52 | P: 1.00 R: 1.00 F1: 1.00
2026-05-05 21:09:12 | DEBUG   | dpfl.core.base_simulator | Update norms — honest: ['0.03', '0.03', '0.03', '0.04', '0.03'], attacker: ['34378.30', '34847.48', '16168.40', '38277.36', '30297.41']
2026-05-05 21:09:12 | DEBUG   | dpfl.algorithms.trust_aware.simulator | Round 58 Phase 1+2: 0.14s
2026-05-05 21:09:23 | INFO    | dpfl.core.base_simulator | Round  59/150 | Acc: 0.7898 | Loss: 0.5932 | eps_max: 2.57 eps_avg: 2.57 | P: 0.87 R: 1.00 F1: 1.00
2026-05-05 21:09:23 | DEBUG   | dpfl.core.base_simulator | Update norms — honest: ['0.03', '0.03', '0.03', '0.03', '0.03'], attacker: ['168015.77', '183743.12', '86764.99', '194741.41', '148884.22']
2026-05-05 21:09:24 | DEBUG   | dpfl.algorithms.trust_aware.simulator | Round 59 Phase 1+2: 0.14s
2026-05-05 21:09:32 | INFO    | dpfl.core.base_simulator | Round  60/150 | Acc: 0.7902 | Loss: 0.5919 | eps_max: 2.62 eps_avg: 2.62 | P: 1.00 R: 1.00 F1: 1.00
2026-05-05 21:09:32 | DEBUG   | dpfl.core.base_simulator | Update norms — honest: ['0.03', '0.03', '0.03', '0.03', '0.03'], attacker: ['816824.31', '905198.19', '469278.19', '966206.88', '764274.88']
2026-05-05 21:09:32 | DEBUG   | dpfl.algorithms.trust_aware.simulator | Round 60 Phase 1+2: 0.13s
2026-05-05 21:09:38 | INFO    | dpfl.core.base_simulator | Round  61/150 | Acc: 0.7903 | Loss: 0.5913 | eps_max: 2.67 eps_avg: 2.67 | P: 1.00 R: 1.00 F1: 1.00
2026-05-05 21:09:38 | DEBUG   | dpfl.core.base_simulator | Update norms — honest: ['0.03', '0.04', '0.03', '0.03', '0.03'], attacker: ['4269679.50', '4534680.00', '2411991.75', '4908979.50', '3740594.50']
2026-05-05 21:09:38 | DEBUG   | dpfl.algorithms.trust_aware.simulator | Round 61 Phase 1+2: 0.13s
2026-05-05 21:09:44 | INFO    | dpfl.core.base_simulator | Round  62/150 | Acc: 0.7907 | Loss: 0.5905 | eps_max: 2.73 eps_avg: 2.73 | P: 0.90 R: 1.00 F1: 1.00
2026-05-05 21:09:44 | DEBUG   | dpfl.core.base_simulator | Update norms — honest: ['0.03', '0.04', '0.03', '0.04', '0.03'], attacker: ['20796970.00', '22059014.00', '11525558.00', '24175674.00', '18980650.00']
2026-05-05 21:09:45 | DEBUG   | dpfl.algorithms.trust_aware.simulator | Round 62 Phase 1+2: 0.50s
2026-05-05 21:09:53 | INFO    | dpfl.core.base_simulator | Round  63/150 | Acc: 0.7912 | Loss: 0.5895 | eps_max: 2.78 eps_avg: 2.78 | P: 0.83 R: 1.00 F1: 1.00
2026-05-05 21:09:53 | DEBUG   | dpfl.core.base_simulator | Update norms — honest: ['0.03', '0.03', '0.03', '0.03', '0.03'], attacker: ['110275224.00', '114589296.00', '60329672.00', '130617544.00', '97307320.00']
2026-05-05 21:09:54 | DEBUG   | dpfl.algorithms.trust_aware.simulator | Round 63 Phase 1+2: 0.51s
2026-05-05 21:10:07 | INFO    | dpfl.core.base_simulator | Round  64/150 | Acc: 0.7915 | Loss: 0.5887 | eps_max: 2.84 eps_avg: 2.84 | P: 0.85 R: 1.00 F1: 0.99
2026-05-05 21:10:07 | DEBUG   | dpfl.core.base_simulator | Update norms — honest: ['0.03', '0.03', '0.03', '0.03', '0.03'], attacker: ['523130688.00', '553905152.00', '306534944.00', '663175424.00', '494057024.00']
2026-05-05 21:10:08 | DEBUG   | dpfl.algorithms.trust_aware.simulator | Round 64 Phase 1+2: 0.51s
2026-05-05 21:10:24 | INFO    | dpfl.core.base_simulator | Round  65/150 | Acc: 0.7916 | Loss: 0.5884 | eps_max: 2.88 eps_avg: 2.88 | P: 0.99 R: 1.00 F1: 0.99
2026-05-05 21:10:24 | DEBUG   | dpfl.core.base_simulator | Update norms — honest: ['0.03', '0.03', '0.03', '0.03', '0.03'], attacker: ['2674205696.00', '2880294912.00', '1524243584.00', '3311560960.00', '2556908800.00']
2026-05-05 21:10:25 | DEBUG   | dpfl.algorithms.trust_aware.simulator | Round 65 Phase 1+2: 0.51s
2026-05-05 21:10:45 | INFO    | dpfl.core.base_simulator | Round  66/150 | Acc: 0.7921 | Loss: 0.5873 | eps_max: 2.91 eps_avg: 2.91 | P: 1.00 R: 1.00 F1: 1.00
2026-05-05 21:10:45 | DEBUG   | dpfl.core.base_simulator | Update norms — honest: ['0.03', '0.04', '0.03', '0.03', '0.03'], attacker: ['14429027328.00', '14389858304.00', '7755175424.00', '16823589888.00', '12636754944.00']
2026-05-05 21:10:46 | DEBUG   | dpfl.algorithms.trust_aware.simulator | Round 66 Phase 1+2: 0.52s
2026-05-05 21:11:09 | INFO    | dpfl.core.base_simulator | Round  67/150 | Acc: 0.7923 | Loss: 0.5870 | eps_max: 2.95 eps_avg: 2.95 | P: 1.00 R: 1.00 F1: 1.00
2026-05-05 21:11:09 | DEBUG   | dpfl.core.base_simulator | Update norms — honest: ['0.03', '0.03', '0.03', '0.03', '0.03'], attacker: ['70950641664.00', '72963039232.00', '40204005376.00', '84074528768.00', '65213792256.00']
2026-05-05 21:11:09 | DEBUG   | dpfl.algorithms.trust_aware.simulator | Round 67 Phase 1+2: 0.14s
2026-05-05 21:11:29 | INFO    | dpfl.core.base_simulator | Round  68/150 | Acc: 0.7923 | Loss: 0.5864 | eps_max: 2.99 eps_avg: 2.99 | P: 0.90 R: 1.00 F1: 0.99
2026-05-05 21:11:29 | DEBUG   | dpfl.core.base_simulator | Update norms — honest: ['0.03', '0.03', '0.03', '0.03', '0.03'], attacker: ['346366705664.00', '356626694144.00', '197015732224.00', '406434775040.00', '325459836928.00']
2026-05-05 21:11:29 | DEBUG   | dpfl.algorithms.trust_aware.simulator | Round 68 Phase 1+2: 0.13s
2026-05-05 21:11:47 | INFO    | dpfl.core.base_simulator | Round  69/150 | Acc: 0.7926 | Loss: 0.5864 | eps_max: 3.02 eps_avg: 3.02 | P: 0.83 R: 1.00 F1: 0.99
2026-05-05 21:11:47 | DEBUG   | dpfl.core.base_simulator | Update norms — honest: ['0.03', '0.03', '0.03', '0.03', '0.02'], attacker: ['1863893516288.00', '1841163141120.00', '1006957625344.00', '2117584945152.00', '1580511526912.00']
2026-05-05 21:11:48 | DEBUG   | dpfl.algorithms.trust_aware.simulator | Round 69 Phase 1+2: 0.13s
2026-05-05 21:12:02 | INFO    | dpfl.core.base_simulator | Round  70/150 | Acc: 0.7929 | Loss: 0.5854 | eps_max: 3.06 eps_avg: 3.06 | P: 1.00 R: 1.00 F1: 1.00
2026-05-05 21:12:02 | DEBUG   | dpfl.core.base_simulator | Update norms — honest: ['0.03', '0.03', '0.03', '0.03', '0.04'], attacker: ['8787938770944.00', '9433609404416.00', '5161877504000.00', '10531768369152.00', '8247810981888.00']
2026-05-05 21:12:03 | DEBUG   | dpfl.algorithms.trust_aware.simulator | Round 70 Phase 1+2: 0.13s
2026-05-05 21:12:14 | INFO    | dpfl.core.base_simulator | Round  71/150 | Acc: 0.7932 | Loss: 0.5848 | eps_max: 3.10 eps_avg: 3.10 | P: 0.60 R: 1.00 F1: 1.00
2026-05-05 21:12:14 | DEBUG   | dpfl.core.base_simulator | Update norms — honest: ['0.03', '0.03', '0.03', '0.03', '0.03'], attacker: ['45003183226880.00', '46926984642560.00', '24312094392320.00', '53714974932992.00', '43316959772672.00']
2026-05-05 21:12:14 | DEBUG   | dpfl.algorithms.trust_aware.simulator | Round 71 Phase 1+2: 0.13s
2026-05-05 21:12:23 | INFO    | dpfl.core.base_simulator | Round  72/150 | Acc: 0.7932 | Loss: 0.5845 | eps_max: 3.14 eps_avg: 3.14 | P: 1.00 R: 1.00 F1: 1.00
2026-05-05 21:12:23 | DEBUG   | dpfl.core.base_simulator | Update norms — honest: ['0.02', '0.03', '0.03', '0.02', '0.03'], attacker: ['220386784444416.00', '239140155162624.00', '124708318085120.00', '276967391756288.00', '220500835958784.00']
2026-05-05 21:12:23 | DEBUG   | dpfl.algorithms.trust_aware.simulator | Round 72 Phase 1+2: 0.13s
2026-05-05 21:12:29 | INFO    | dpfl.core.base_simulator | Round  73/150 | Acc: 0.7934 | Loss: 0.5843 | eps_max: 3.18 eps_avg: 3.18 | P: 0.89 R: 1.00 F1: 1.00
2026-05-05 21:12:29 | DEBUG   | dpfl.core.base_simulator | Update norms — honest: ['0.04', '0.03', '0.02', '0.03', '0.03'], attacker: ['1141634519531520.00', '1222871946887168.00', '623238543572992.00', '1399516569796608.00', '1102184909373440.00']
2026-05-05 21:12:30 | DEBUG   | dpfl.algorithms.trust_aware.simulator | Round 73 Phase 1+2: 0.13s
2026-05-05 21:12:36 | INFO    | dpfl.core.base_simulator | Round  74/150 | Acc: 0.7937 | Loss: 0.5841 | eps_max: 3.23 eps_avg: 3.23 | P: 0.85 R: 1.00 F1: 1.00
2026-05-05 21:12:36 | DEBUG   | dpfl.core.base_simulator | Update norms — honest: ['0.03', '0.03', '0.03', '0.03', '0.03'], attacker: ['5691165600907264.00', '6046173102080000.00', '3255231412436992.00', '7111438808121344.00', '5579716568285184.00']
2026-05-05 21:12:37 | DEBUG   | dpfl.algorithms.trust_aware.simulator | Round 74 Phase 1+2: 0.13s
2026-05-05 21:12:44 | INFO    | dpfl.core.base_simulator | Round  75/150 | Acc: 0.7937 | Loss: 0.5836 | eps_max: 3.27 eps_avg: 3.27 | P: 1.00 R: 1.00 F1: 1.00
2026-05-05 21:12:44 | DEBUG   | dpfl.core.base_simulator | Update norms — honest: ['0.03', '0.03', '0.03', '0.03', '0.03'], attacker: ['29819753925181440.00', '31083165799940096.00', '15725600773767168.00', '36086701768048640.00', '28020542732763136.00']
2026-05-05 21:12:44 | DEBUG   | dpfl.algorithms.trust_aware.simulator | Round 75 Phase 1+2: 0.50s
2026-05-05 21:12:53 | INFO    | dpfl.core.base_simulator | Round  76/150 | Acc: 0.7940 | Loss: 0.5834 | eps_max: 3.31 eps_avg: 3.31 | P: 0.99 R: 1.00 F1: 1.00
2026-05-05 21:12:53 | DEBUG   | dpfl.core.base_simulator | Update norms — honest: ['0.03', '0.03', '0.03', '0.03', '0.03'], attacker: ['152317768157364224.00', '151587005241753600.00', '77421827802005504.00', '185445486566572032.00', '138899749158780928.00']
2026-05-05 21:12:54 | DEBUG   | dpfl.algorithms.trust_aware.simulator | Round 76 Phase 1+2: 0.50s
2026-05-05 21:13:08 | INFO    | dpfl.core.base_simulator | Round  77/150 | Acc: 0.7943 | Loss: 0.5830 | eps_max: 3.36 eps_avg: 3.36 | P: 1.00 R: 1.00 F1: 1.00
2026-05-05 21:13:08 | DEBUG   | dpfl.core.base_simulator | Update norms — honest: ['0.03', '0.04', '0.03', '0.03', '0.03'], attacker: ['737925752829247488.00', '773301165063405568.00', '403077801646751744.00', '926345280910000128.00', '726540653521010688.00']
2026-05-05 21:13:08 | DEBUG   | dpfl.algorithms.trust_aware.simulator | Round 77 Phase 1+2: 0.50s
2026-05-05 21:13:26 | INFO    | dpfl.core.base_simulator | Round  78/150 | Acc: 0.7944 | Loss: 0.5829 | eps_max: 3.40 eps_avg: 3.40 | P: 0.76 R: 1.00 F1: 0.99
2026-05-05 21:13:26 | DEBUG   | dpfl.core.base_simulator | Update norms — honest: ['0.02', '0.03', '0.03', '0.03', '0.02'], attacker: ['3701028981739356160.00', '4029920672275759104.00', '1992657842280071168.00', '4613474374089965568.00', '3563173588238336000.00']
2026-05-05 21:13:26 | DEBUG   | dpfl.algorithms.trust_aware.simulator | Round 78 Phase 1+2: 0.13s
2026-05-05 21:13:49 | INFO    | dpfl.core.base_simulator | Round  79/150 | Acc: 0.7947 | Loss: 0.5823 | eps_max: 3.45 eps_avg: 3.45 | P: 1.00 R: 1.00 F1: 1.00
2026-05-05 21:13:49 | DEBUG   | dpfl.core.base_simulator | Update norms — honest: ['0.02', '0.03', '0.03', '0.03', '0.03'], attacker: ['inf', 'inf', '10216793986689925120.00', 'inf', '17140835421702324224.00']
2026-05-05 21:13:49 | DEBUG   | dpfl.algorithms.trust_aware.simulator | Round 79 Phase 1+2: 0.13s
2026-05-05 21:14:09 | INFO    | dpfl.core.base_simulator | Round  80/150 | Acc: 0.7947 | Loss: 0.5824 | eps_max: 3.50 eps_avg: 3.50 | P: 1.00 R: 1.00 F1: 1.00
2026-05-05 21:14:09 | DEBUG   | dpfl.core.base_simulator | Update norms — honest: ['0.02', '0.03', '0.03', '0.03', '0.03'], attacker: ['nan', 'nan', 'inf', 'nan', 'nan']
2026-05-05 21:14:09 | DEBUG   | dpfl.algorithms.trust_aware.simulator | Round 80 Phase 1+2: 0.13s
2026-05-05 21:14:27 | INFO    | dpfl.core.base_simulator | Round  81/150 | Acc: 0.7949 | Loss: 0.5824 | eps_max: 3.55 eps_avg: 3.55 | P: 0.91 R: 1.00 F1: 1.00
2026-05-05 21:14:27 | DEBUG   | dpfl.core.base_simulator | Update norms — honest: ['0.03', '0.03', '0.03', '0.03', '0.03'], attacker: ['nan', 'nan', 'nan', 'nan', 'nan']
2026-05-05 21:14:28 | DEBUG   | dpfl.algorithms.trust_aware.simulator | Round 81 Phase 1+2: 0.13s
2026-05-05 21:14:43 | INFO    | dpfl.core.base_simulator | Round  82/150 | Acc: 0.7947 | Loss: 0.5824 | eps_max: 3.60 eps_avg: 3.60 | P: 1.00 R: 1.00 F1: 1.00
2026-05-05 21:14:43 | DEBUG   | dpfl.core.base_simulator | Update norms — honest: ['0.03', '0.03', '0.03', '0.04', '0.03'], attacker: ['nan', 'nan', 'nan', 'nan', 'nan']
2026-05-05 21:14:43 | DEBUG   | dpfl.algorithms.trust_aware.simulator | Round 82 Phase 1+2: 0.13s
2026-05-05 21:14:54 | INFO    | dpfl.core.base_simulator | Round  83/150 | Acc: 0.7951 | Loss: 0.5821 | eps_max: 3.65 eps_avg: 3.65 | P: 1.00 R: 1.00 F1: 1.00
2026-05-05 21:14:54 | DEBUG   | dpfl.core.base_simulator | Update norms — honest: ['0.03', '0.03', '0.04', '0.03', '0.03'], attacker: ['nan', 'nan', 'nan', 'nan', 'nan']
2026-05-05 21:14:54 | DEBUG   | dpfl.algorithms.trust_aware.simulator | Round 83 Phase 1+2: 0.13s
2026-05-05 21:15:03 | INFO    | dpfl.core.base_simulator | Round  84/150 | Acc: 0.7952 | Loss: 0.5821 | eps_max: 3.71 eps_avg: 3.71 | P: 1.00 R: 1.00 F1: 1.00
2026-05-05 21:15:03 | DEBUG   | dpfl.core.base_simulator | Update norms — honest: ['0.03', '0.02', '0.02', '0.03', '0.03'], attacker: ['nan', 'nan', 'nan', 'nan', 'nan']
2026-05-05 21:15:03 | DEBUG   | dpfl.algorithms.trust_aware.simulator | Round 84 Phase 1+2: 0.13s
2026-05-05 21:15:10 | INFO    | dpfl.core.base_simulator | Round  85/150 | Acc: 0.7952 | Loss: 0.5818 | eps_max: 3.76 eps_avg: 3.76 | P: 1.00 R: 1.00 F1: 1.00
2026-05-05 21:15:10 | DEBUG   | dpfl.core.base_simulator | Update norms — honest: ['0.04', '0.03', '0.03', '0.02', '0.03'], attacker: ['nan', 'nan', 'nan', 'nan', 'nan']
2026-05-05 21:15:10 | DEBUG   | dpfl.algorithms.trust_aware.simulator | Round 85 Phase 1+2: 0.13s
2026-05-05 21:15:18 | INFO    | dpfl.core.base_simulator | Round  86/150 | Acc: 0.7956 | Loss: 0.5816 | eps_max: 3.82 eps_avg: 3.82 | P: 0.83 R: 1.00 F1: 1.00
2026-05-05 21:15:18 | DEBUG   | dpfl.core.base_simulator | Update norms — honest: ['0.03', '0.03', '0.03', '0.02', '0.03'], attacker: ['nan', 'nan', 'nan', 'nan', 'nan']
2026-05-05 21:15:18 | DEBUG   | dpfl.algorithms.trust_aware.simulator | Round 86 Phase 1+2: 0.14s
2026-05-05 21:15:25 | INFO    | dpfl.core.base_simulator | Round  87/150 | Acc: 0.7955 | Loss: 0.5818 | eps_max: 3.87 eps_avg: 3.87 | P: 1.00 R: 1.00 F1: 1.00
2026-05-05 21:15:25 | DEBUG   | dpfl.core.base_simulator | Update norms — honest: ['0.03', '0.02', '0.03', '0.03', '0.03'], attacker: ['nan', 'nan', 'nan', 'nan', 'nan']
2026-05-05 21:15:25 | DEBUG   | dpfl.algorithms.trust_aware.simulator | Round 87 Phase 1+2: 0.13s
2026-05-05 21:15:32 | INFO    | dpfl.core.base_simulator | Round  88/150 | Acc: 0.7958 | Loss: 0.5817 | eps_max: 3.92 eps_avg: 3.92 | P: 0.91 R: 1.00 F1: 1.00
2026-05-05 21:15:32 | DEBUG   | dpfl.core.base_simulator | Update norms — honest: ['0.03', '0.03', '0.03', '0.03', '0.04'], attacker: ['nan', 'nan', 'nan', 'nan', 'nan']
2026-05-05 21:15:33 | DEBUG   | dpfl.algorithms.trust_aware.simulator | Round 88 Phase 1+2: 0.16s
2026-05-05 21:15:40 | INFO    | dpfl.core.base_simulator | Round  89/150 | Acc: 0.7959 | Loss: 0.5814 | eps_max: 3.96 eps_avg: 3.96 | P: 0.85 R: 1.00 F1: 1.00
2026-05-05 21:15:40 | DEBUG   | dpfl.core.base_simulator | Update norms — honest: ['0.03', '0.03', '0.03', '0.02', '0.03'], attacker: ['nan', 'nan', 'nan', 'nan', 'nan']
2026-05-05 21:15:41 | DEBUG   | dpfl.algorithms.trust_aware.simulator | Round 89 Phase 1+2: 0.49s
2026-05-05 21:15:49 | INFO    | dpfl.core.base_simulator | Round  90/150 | Acc: 0.7959 | Loss: 0.5816 | eps_max: 4.00 eps_avg: 4.00 | P: 0.99 R: 1.00 F1: 1.00
2026-05-05 21:15:49 | DEBUG   | dpfl.core.base_simulator | Update norms — honest: ['0.02', '0.03', '0.03', '0.03', '0.04'], attacker: ['nan', 'nan', 'nan', 'nan', 'nan']
2026-05-05 21:15:50 | DEBUG   | dpfl.algorithms.trust_aware.simulator | Round 90 Phase 1+2: 0.52s
2026-05-05 21:16:00 | INFO    | dpfl.core.base_simulator | Round  91/150 | Acc: 0.7959 | Loss: 0.5817 | eps_max: 4.05 eps_avg: 4.05 | P: 0.99 R: 1.00 F1: 0.99
2026-05-05 21:16:00 | DEBUG   | dpfl.core.base_simulator | Update norms — honest: ['0.02', '0.03', '0.03', '0.03', '0.03'], attacker: ['nan', 'nan', 'nan', 'nan', 'nan']
2026-05-05 21:16:00 | DEBUG   | dpfl.algorithms.trust_aware.simulator | Round 91 Phase 1+2: 0.48s
2026-05-05 21:16:14 | INFO    | dpfl.core.base_simulator | Round  92/150 | Acc: 0.7962 | Loss: 0.5815 | eps_max: 4.09 eps_avg: 4.09 | P: 1.00 R: 1.00 F1: 1.00
2026-05-05 21:16:14 | DEBUG   | dpfl.core.base_simulator | Update norms — honest: ['0.03', '0.04', '0.02', '0.03', '0.02'], attacker: ['nan', 'nan', 'nan', 'nan', 'nan']
2026-05-05 21:16:14 | DEBUG   | dpfl.algorithms.trust_aware.simulator | Round 92 Phase 1+2: 0.50s
2026-05-05 21:16:32 | INFO    | dpfl.core.base_simulator | Round  93/150 | Acc: 0.7961 | Loss: 0.5817 | eps_max: 4.14 eps_avg: 4.14 | P: 0.72 R: 1.00 F1: 0.99
2026-05-05 21:16:32 | DEBUG   | dpfl.core.base_simulator | Update norms — honest: ['0.03', '0.03', '0.02', '0.02', '0.03'], attacker: ['nan', 'nan', 'nan', 'nan', 'nan']
2026-05-05 21:16:32 | DEBUG   | dpfl.algorithms.trust_aware.simulator | Round 93 Phase 1+2: 0.50s
2026-05-05 21:16:52 | INFO    | dpfl.core.base_simulator | Round  94/150 | Acc: 0.7964 | Loss: 0.5815 | eps_max: 4.18 eps_avg: 4.18 | P: 0.83 R: 1.00 F1: 1.00
2026-05-05 21:16:52 | DEBUG   | dpfl.core.base_simulator | Update norms — honest: ['0.03', '0.02', '0.03', '0.02', '0.03'], attacker: ['nan', 'nan', 'nan', 'nan', 'nan']
2026-05-05 21:16:52 | DEBUG   | dpfl.algorithms.trust_aware.simulator | Round 94 Phase 1+2: 0.49s
2026-05-05 21:17:14 | INFO    | dpfl.core.base_simulator | Round  95/150 | Acc: 0.7964 | Loss: 0.5817 | eps_max: 4.23 eps_avg: 4.23 | P: 1.00 R: 1.00 F1: 1.00
2026-05-05 21:17:14 | DEBUG   | dpfl.core.base_simulator | Update norms — honest: ['0.03', '0.02', '0.03', '0.03', '0.03'], attacker: ['nan', 'nan', 'nan', 'nan', 'nan']
2026-05-05 21:17:15 | DEBUG   | dpfl.algorithms.trust_aware.simulator | Round 95 Phase 1+2: 0.22s
2026-05-05 21:17:39 | INFO    | dpfl.core.base_simulator | Round  96/150 | Acc: 0.7964 | Loss: 0.5821 | eps_max: 4.28 eps_avg: 4.28 | P: 0.92 R: 1.00 F1: 1.00
2026-05-05 21:17:39 | DEBUG   | dpfl.core.base_simulator | Update norms — honest: ['0.03', '0.02', '0.03', '0.03', '0.04'], attacker: ['nan', 'nan', 'nan', 'nan', 'nan']
2026-05-05 21:17:39 | DEBUG   | dpfl.algorithms.trust_aware.simulator | Round 96 Phase 1+2: 0.14s
2026-05-05 21:18:02 | INFO    | dpfl.core.base_simulator | Round  97/150 | Acc: 0.7963 | Loss: 0.5824 | eps_max: 4.33 eps_avg: 4.33 | P: 1.00 R: 1.00 F1: 1.00
2026-05-05 21:18:02 | DEBUG   | dpfl.core.base_simulator | Update norms — honest: ['0.03', '0.02', '0.02', '0.03', '0.04'], attacker: ['nan', 'nan', 'nan', 'nan', 'nan']
2026-05-05 21:18:02 | DEBUG   | dpfl.algorithms.trust_aware.simulator | Round 97 Phase 1+2: 0.13s
2026-05-05 21:18:23 | INFO    | dpfl.core.base_simulator | Round  98/150 | Acc: 0.7966 | Loss: 0.5821 | eps_max: 4.38 eps_avg: 4.38 | P: 0.92 R: 1.00 F1: 1.00
2026-05-05 21:18:23 | DEBUG   | dpfl.core.base_simulator | Update norms — honest: ['0.03', '0.03', '0.03', '0.02', '0.03'], attacker: ['nan', 'nan', 'nan', 'nan', 'nan']
2026-05-05 21:18:23 | DEBUG   | dpfl.algorithms.trust_aware.simulator | Round 98 Phase 1+2: 0.13s
2026-05-05 21:18:42 | INFO    | dpfl.core.base_simulator | Round  99/150 | Acc: 0.7967 | Loss: 0.5821 | eps_max: 4.43 eps_avg: 4.43 | P: 1.00 R: 1.00 F1: 1.00
2026-05-05 21:18:42 | DEBUG   | dpfl.core.base_simulator | Update norms — honest: ['0.02', '0.03', '0.02', '0.03', '0.02'], attacker: ['nan', 'nan', 'nan', 'nan', 'nan']
2026-05-05 21:18:42 | DEBUG   | dpfl.algorithms.trust_aware.simulator | Round 99 Phase 1+2: 0.13s
2026-05-05 21:18:58 | INFO    | dpfl.core.base_simulator | Round 100/150 | Acc: 0.7968 | Loss: 0.5826 | eps_max: 4.49 eps_avg: 4.49 | P: 1.00 R: 1.00 F1: 1.00
2026-05-05 21:18:58 | DEBUG   | dpfl.core.base_simulator | Update norms — honest: ['0.03', '0.03', '0.03', '0.04', '0.02'], attacker: ['nan', 'nan', 'nan', 'nan', 'nan']
2026-05-05 21:18:59 | DEBUG   | dpfl.algorithms.trust_aware.simulator | Round 100 Phase 1+2: 0.13s
2026-05-05 21:19:13 | INFO    | dpfl.core.base_simulator | Round 101/150 | Acc: 0.7970 | Loss: 0.5823 | eps_max: 4.54 eps_avg: 4.54 | P: 1.00 R: 1.00 F1: 1.00
2026-05-05 21:19:13 | DEBUG   | dpfl.core.base_simulator | Update norms — honest: ['0.03', '0.03', '0.03', '0.02', '0.02'], attacker: ['nan', 'nan', 'nan', 'nan', 'nan']
2026-05-05 21:19:13 | DEBUG   | dpfl.algorithms.trust_aware.simulator | Round 101 Phase 1+2: 0.14s
2026-05-05 21:19:27 | INFO    | dpfl.core.base_simulator | Round 102/150 | Acc: 0.7971 | Loss: 0.5826 | eps_max: 4.60 eps_avg: 4.60 | P: 1.00 R: 1.00 F1: 1.00
2026-05-05 21:19:27 | DEBUG   | dpfl.core.base_simulator | Update norms — honest: ['0.03', '0.03', '0.02', '0.02', '0.02'], attacker: ['nan', 'nan', 'nan', 'nan', 'nan']
2026-05-05 21:19:27 | DEBUG   | dpfl.algorithms.trust_aware.simulator | Round 102 Phase 1+2: 0.13s
2026-05-05 21:19:39 | INFO    | dpfl.core.base_simulator | Round 103/150 | Acc: 0.7971 | Loss: 0.5829 | eps_max: 4.65 eps_avg: 4.65 | P: 0.86 R: 1.00 F1: 1.00
2026-05-05 21:19:39 | DEBUG   | dpfl.core.base_simulator | Update norms — honest: ['0.02', '0.02', '0.04', '0.03', '0.03'], attacker: ['nan', 'nan', 'nan', 'nan', 'nan']
2026-05-05 21:19:39 | DEBUG   | dpfl.algorithms.trust_aware.simulator | Round 103 Phase 1+2: 0.14s
2026-05-05 21:19:50 | INFO    | dpfl.core.base_simulator | Round 104/150 | Acc: 0.7971 | Loss: 0.5831 | eps_max: 4.71 eps_avg: 4.71 | P: 1.00 R: 1.00 F1: 1.00
2026-05-05 21:19:50 | DEBUG   | dpfl.core.base_simulator | Update norms — honest: ['0.02', '0.03', '0.02', '0.03', '0.03'], attacker: ['nan', 'nan', 'nan', 'nan', 'nan']
2026-05-05 21:19:50 | DEBUG   | dpfl.algorithms.trust_aware.simulator | Round 104 Phase 1+2: 0.13s
2026-05-05 21:20:00 | INFO    | dpfl.core.base_simulator | Round 105/150 | Acc: 0.7968 | Loss: 0.5846 | eps_max: 4.77 eps_avg: 4.77 | P: 1.00 R: 1.00 F1: 1.00
2026-05-05 21:20:00 | DEBUG   | dpfl.core.base_simulator | Update norms — honest: ['0.03', '0.03', '0.02', '0.03', '0.02'], attacker: ['nan', 'nan', 'nan', 'nan', 'nan']
2026-05-05 21:20:00 | DEBUG   | dpfl.algorithms.trust_aware.simulator | Round 105 Phase 1+2: 0.13s
2026-05-05 21:20:08 | INFO    | dpfl.core.base_simulator | Round 106/150 | Acc: 0.7971 | Loss: 0.5835 | eps_max: 4.83 eps_avg: 4.83 | P: 1.00 R: 1.00 F1: 1.00
2026-05-05 21:20:08 | DEBUG   | dpfl.core.base_simulator | Update norms — honest: ['0.03', '0.03', '0.03', '0.03', '0.02'], attacker: ['nan', 'nan', 'nan', 'nan', 'nan']
2026-05-05 21:20:08 | DEBUG   | dpfl.algorithms.trust_aware.simulator | Round 106 Phase 1+2: 0.13s
2026-05-05 21:20:16 | INFO    | dpfl.core.base_simulator | Round 107/150 | Acc: 0.7971 | Loss: 0.5840 | eps_max: 4.90 eps_avg: 4.90 | P: 0.91 R: 1.00 F1: 1.00
2026-05-05 21:20:16 | DEBUG   | dpfl.core.base_simulator | Update norms — honest: ['0.03', '0.03', '0.04', '0.02', '0.03'], attacker: ['nan', 'nan', 'nan', 'nan', 'nan']
2026-05-05 21:20:16 | DEBUG   | dpfl.algorithms.trust_aware.simulator | Round 107 Phase 1+2: 0.13s
2026-05-05 21:20:25 | INFO    | dpfl.core.base_simulator | Round 108/150 | Acc: 0.7973 | Loss: 0.5838 | eps_max: 4.96 eps_avg: 4.96 | P: 0.91 R: 1.00 F1: 0.99
2026-05-05 21:20:25 | DEBUG   | dpfl.core.base_simulator | Update norms — honest: ['0.03', '0.03', '0.02', '0.03', '0.03'], attacker: ['nan', 'nan', 'nan', 'nan', 'nan']
2026-05-05 21:20:25 | DEBUG   | dpfl.algorithms.trust_aware.simulator | Round 108 Phase 1+2: 0.14s
2026-05-05 21:20:33 | INFO    | dpfl.core.base_simulator | Round 109/150 | Acc: 0.7973 | Loss: 0.5846 | eps_max: 5.02 eps_avg: 5.02 | P: 0.99 R: 1.00 F1: 1.00
2026-05-05 21:20:33 | DEBUG   | dpfl.core.base_simulator | Update norms — honest: ['0.04', '0.02', '0.03', '0.02', '0.03'], attacker: ['nan', 'nan', 'nan', 'nan', 'nan']
2026-05-05 21:20:33 | DEBUG   | dpfl.algorithms.trust_aware.simulator | Round 109 Phase 1+2: 0.14s
2026-05-05 21:20:42 | INFO    | dpfl.core.base_simulator | Round 110/150 | Acc: 0.7972 | Loss: 0.5849 | eps_max: 5.09 eps_avg: 5.09 | P: 0.90 R: 1.00 F1: 1.00
2026-05-05 21:20:42 | DEBUG   | dpfl.core.base_simulator | Update norms — honest: ['0.02', '0.03', '0.03', '0.02', '0.02'], attacker: ['nan', 'nan', 'nan', 'nan', 'nan']
2026-05-05 21:20:42 | DEBUG   | dpfl.algorithms.trust_aware.simulator | Round 110 Phase 1+2: 0.14s
2026-05-05 21:20:50 | INFO    | dpfl.core.base_simulator | Round 111/150 | Acc: 0.7973 | Loss: 0.5855 | eps_max: 5.16 eps_avg: 5.16 | P: 1.00 R: 1.00 F1: 1.00
2026-05-05 21:20:50 | DEBUG   | dpfl.core.base_simulator | Update norms — honest: ['0.03', '0.03', '0.03', '0.03', '0.03'], attacker: ['nan', 'nan', 'nan', 'nan', 'nan']
2026-05-05 21:20:50 | DEBUG   | dpfl.algorithms.trust_aware.simulator | Round 111 Phase 1+2: 0.13s
2026-05-05 21:20:59 | INFO    | dpfl.core.base_simulator | Round 112/150 | Acc: 0.7974 | Loss: 0.5854 | eps_max: 5.21 eps_avg: 5.21 | P: 0.78 R: 1.00 F1: 0.98
2026-05-05 21:20:59 | DEBUG   | dpfl.core.base_simulator | Update norms — honest: ['0.04', '0.03', '0.02', '0.02', '0.02'], attacker: ['nan', 'nan', 'nan', 'nan', 'nan']
2026-05-05 21:21:00 | DEBUG   | dpfl.algorithms.trust_aware.simulator | Round 112 Phase 1+2: 0.48s
2026-05-05 21:21:08 | INFO    | dpfl.core.base_simulator | Round 113/150 | Acc: 0.7976 | Loss: 0.5854 | eps_max: 5.25 eps_avg: 5.25 | P: 1.00 R: 1.00 F1: 1.00
2026-05-05 21:21:08 | DEBUG   | dpfl.core.base_simulator | Update norms — honest: ['0.02', '0.03', '0.03', '0.02', '0.02'], attacker: ['nan', 'nan', 'nan', 'nan', 'nan']
2026-05-05 21:21:09 | DEBUG   | dpfl.algorithms.trust_aware.simulator | Round 113 Phase 1+2: 0.50s
2026-05-05 21:21:20 | INFO    | dpfl.core.base_simulator | Round 114/150 | Acc: 0.7977 | Loss: 0.5858 | eps_max: 5.30 eps_avg: 5.30 | P: 0.92 R: 1.00 F1: 1.00
2026-05-05 21:21:20 | DEBUG   | dpfl.core.base_simulator | Update norms — honest: ['0.03', '0.02', '0.03', '0.03', '0.02'], attacker: ['nan', 'nan', 'nan', 'nan', 'nan']
2026-05-05 21:21:21 | DEBUG   | dpfl.algorithms.trust_aware.simulator | Round 114 Phase 1+2: 0.50s
2026-05-05 21:21:35 | INFO    | dpfl.core.base_simulator | Round 115/150 | Acc: 0.7973 | Loss: 0.5866 | eps_max: 5.34 eps_avg: 5.34 | P: 1.00 R: 1.00 F1: 1.00
2026-05-05 21:21:35 | DEBUG   | dpfl.core.base_simulator | Update norms — honest: ['0.02', '0.02', '0.03', '0.02', '0.02'], attacker: ['nan', 'nan', 'nan', 'nan', 'nan']
2026-05-05 21:21:35 | DEBUG   | dpfl.algorithms.trust_aware.simulator | Round 115 Phase 1+2: 0.50s
2026-05-05 21:21:52 | INFO    | dpfl.core.base_simulator | Round 116/150 | Acc: 0.7977 | Loss: 0.5864 | eps_max: 5.39 eps_avg: 5.39 | P: 1.00 R: 1.00 F1: 1.00
2026-05-05 21:21:52 | DEBUG   | dpfl.core.base_simulator | Update norms — honest: ['0.04', '0.02', '0.02', '0.03', '0.03'], attacker: ['nan', 'nan', 'nan', 'nan', 'nan']
2026-05-05 21:21:52 | DEBUG   | dpfl.algorithms.trust_aware.simulator | Round 116 Phase 1+2: 0.53s
2026-05-05 21:22:11 | INFO    | dpfl.core.base_simulator | Round 117/150 | Acc: 0.7978 | Loss: 0.5865 | eps_max: 5.44 eps_avg: 5.44 | P: 0.81 R: 1.00 F1: 0.97
2026-05-05 21:22:11 | DEBUG   | dpfl.core.base_simulator | Update norms — honest: ['0.03', '0.04', '0.03', '0.02', '0.03'], attacker: ['nan', 'nan', 'nan', 'nan', 'nan']
2026-05-05 21:22:12 | DEBUG   | dpfl.algorithms.trust_aware.simulator | Round 117 Phase 1+2: 0.49s
2026-05-05 21:22:32 | INFO    | dpfl.core.base_simulator | Round 118/150 | Acc: 0.7978 | Loss: 0.5872 | eps_max: 5.49 eps_avg: 5.49 | P: 0.75 R: 1.00 F1: 1.00
2026-05-05 21:22:32 | DEBUG   | dpfl.core.base_simulator | Update norms — honest: ['0.03', '0.04', '0.02', '0.02', '0.02'], attacker: ['nan', 'nan', 'nan', 'nan', 'nan']
2026-05-05 21:22:32 | DEBUG   | dpfl.algorithms.trust_aware.simulator | Round 118 Phase 1+2: 0.52s
2026-05-05 21:22:55 | INFO    | dpfl.core.base_simulator | Round 119/150 | Acc: 0.7978 | Loss: 0.5877 | eps_max: 5.54 eps_avg: 5.54 | P: 1.00 R: 1.00 F1: 1.00
2026-05-05 21:22:55 | DEBUG   | dpfl.core.base_simulator | Update norms — honest: ['0.02', '0.02', '0.02', '0.02', '0.03'], attacker: ['nan', 'nan', 'nan', 'nan', 'nan']
2026-05-05 21:22:55 | DEBUG   | dpfl.algorithms.trust_aware.simulator | Round 119 Phase 1+2: 0.51s
2026-05-05 21:23:20 | INFO    | dpfl.core.base_simulator | Round 120/150 | Acc: 0.7976 | Loss: 0.5882 | eps_max: 5.59 eps_avg: 5.59 | P: 0.99 R: 1.00 F1: 1.00
2026-05-05 21:23:20 | DEBUG   | dpfl.core.base_simulator | Update norms — honest: ['0.03', '0.02', '0.02', '0.02', '0.03'], attacker: ['nan', 'nan', 'nan', 'nan', 'nan']
2026-05-05 21:23:21 | DEBUG   | dpfl.algorithms.trust_aware.simulator | Round 120 Phase 1+2: 0.51s
2026-05-05 21:23:42 | INFO    | dpfl.core.base_simulator | Round 121/150 | Acc: 0.7978 | Loss: 0.5883 | eps_max: 5.64 eps_avg: 5.64 | P: 1.00 R: 1.00 F1: 1.00
2026-05-05 21:23:42 | DEBUG   | dpfl.core.base_simulator | Update norms — honest: ['0.02', '0.02', '0.03', '0.02', '0.03'], attacker: ['nan', 'nan', 'nan', 'nan', 'nan']
2026-05-05 21:23:43 | DEBUG   | dpfl.algorithms.trust_aware.simulator | Round 121 Phase 1+2: 0.50s
2026-05-05 21:24:06 | INFO    | dpfl.core.base_simulator | Round 122/150 | Acc: 0.7980 | Loss: 0.5885 | eps_max: 5.69 eps_avg: 5.69 | P: 0.99 R: 1.00 F1: 1.00
2026-05-05 21:24:06 | DEBUG   | dpfl.core.base_simulator | Update norms — honest: ['0.02', '0.02', '0.02', '0.02', '0.03'], attacker: ['nan', 'nan', 'nan', 'nan', 'nan']
2026-05-05 21:24:07 | DEBUG   | dpfl.algorithms.trust_aware.simulator | Round 122 Phase 1+2: 0.49s
2026-05-05 21:24:32 | INFO    | dpfl.core.base_simulator | Round 123/150 | Acc: 0.7980 | Loss: 0.5891 | eps_max: 5.74 eps_avg: 5.74 | P: 0.96 R: 1.00 F1: 0.98
2026-05-05 21:24:32 | DEBUG   | dpfl.core.base_simulator | Update norms — honest: ['0.04', '0.02', '0.03', '0.02', '0.03'], attacker: ['nan', 'nan', 'nan', 'nan', 'nan']
2026-05-05 21:24:33 | DEBUG   | dpfl.algorithms.trust_aware.simulator | Round 123 Phase 1+2: 0.50s
2026-05-05 21:24:58 | INFO    | dpfl.core.base_simulator | Round 124/150 | Acc: 0.7979 | Loss: 0.5895 | eps_max: 5.80 eps_avg: 5.80 | P: 1.00 R: 1.00 F1: 1.00
2026-05-05 21:24:58 | DEBUG   | dpfl.core.base_simulator | Update norms — honest: ['0.02', '0.03', '0.02', '0.03', '0.02'], attacker: ['nan', 'nan', 'nan', 'nan', 'nan']
2026-05-05 21:24:58 | DEBUG   | dpfl.algorithms.trust_aware.simulator | Round 124 Phase 1+2: 0.13s
2026-05-05 21:25:22 | INFO    | dpfl.core.base_simulator | Round 125/150 | Acc: 0.7980 | Loss: 0.5898 | eps_max: 5.85 eps_avg: 5.85 | P: 1.00 R: 1.00 F1: 1.00
2026-05-05 21:25:22 | DEBUG   | dpfl.core.base_simulator | Update norms — honest: ['0.03', '0.03', '0.03', '0.02', '0.02'], attacker: ['nan', 'nan', 'nan', 'nan', 'nan']
2026-05-05 21:25:22 | DEBUG   | dpfl.algorithms.trust_aware.simulator | Round 125 Phase 1+2: 0.13s
2026-05-05 21:25:46 | INFO    | dpfl.core.base_simulator | Round 126/150 | Acc: 0.7978 | Loss: 0.5904 | eps_max: 5.91 eps_avg: 5.91 | P: 1.00 R: 1.00 F1: 1.00
2026-05-05 21:25:46 | DEBUG   | dpfl.core.base_simulator | Update norms — honest: ['0.03', '0.02', '0.02', '0.02', '0.02'], attacker: ['nan', 'nan', 'nan', 'nan', 'nan']
2026-05-05 21:25:46 | DEBUG   | dpfl.algorithms.trust_aware.simulator | Round 126 Phase 1+2: 0.13s
2026-05-05 21:26:09 | INFO    | dpfl.core.base_simulator | Round 127/150 | Acc: 0.7980 | Loss: 0.5905 | eps_max: 5.97 eps_avg: 5.97 | P: 1.00 R: 1.00 F1: 1.00
2026-05-05 21:26:09 | DEBUG   | dpfl.core.base_simulator | Update norms — honest: ['0.03', '0.02', '0.02', '0.02', '0.02'], attacker: ['nan', 'nan', 'nan', 'nan', 'nan']
2026-05-05 21:26:09 | DEBUG   | dpfl.algorithms.trust_aware.simulator | Round 127 Phase 1+2: 0.13s
2026-05-05 21:26:34 | INFO    | dpfl.core.base_simulator | Round 128/150 | Acc: 0.7978 | Loss: 0.5914 | eps_max: 6.02 eps_avg: 6.02 | P: 0.83 R: 1.00 F1: 1.00
2026-05-05 21:26:34 | DEBUG   | dpfl.core.base_simulator | Update norms — honest: ['0.02', '0.03', '0.02', '0.03', '0.03'], attacker: ['nan', 'nan', 'nan', 'nan', 'nan']
2026-05-05 21:26:34 | DEBUG   | dpfl.algorithms.trust_aware.simulator | Round 128 Phase 1+2: 0.13s
2026-05-05 21:26:57 | INFO    | dpfl.core.base_simulator | Round 129/150 | Acc: 0.7979 | Loss: 0.5916 | eps_max: 6.08 eps_avg: 6.08 | P: 1.00 R: 1.00 F1: 1.00
2026-05-05 21:26:57 | DEBUG   | dpfl.core.base_simulator | Update norms — honest: ['0.03', '0.03', '0.04', '0.03', '0.03'], attacker: ['nan', 'nan', 'nan', 'nan', 'nan']
2026-05-05 21:26:57 | DEBUG   | dpfl.algorithms.trust_aware.simulator | Round 129 Phase 1+2: 0.14s
2026-05-05 21:27:19 | INFO    | dpfl.core.base_simulator | Round 130/150 | Acc: 0.7979 | Loss: 0.5922 | eps_max: 6.14 eps_avg: 6.14 | P: 1.00 R: 1.00 F1: 1.00
2026-05-05 21:27:19 | DEBUG   | dpfl.core.base_simulator | Update norms — honest: ['0.02', '0.02', '0.02', '0.03', '0.02'], attacker: ['nan', 'nan', 'nan', 'nan', 'nan']
2026-05-05 21:27:19 | DEBUG   | dpfl.algorithms.trust_aware.simulator | Round 130 Phase 1+2: 0.14s
2026-05-05 21:27:39 | INFO    | dpfl.core.base_simulator | Round 131/150 | Acc: 0.7981 | Loss: 0.5925 | eps_max: 6.20 eps_avg: 6.20 | P: 1.00 R: 1.00 F1: 1.00
2026-05-05 21:27:39 | DEBUG   | dpfl.core.base_simulator | Update norms — honest: ['0.02', '0.02', '0.02', '0.02', '0.02'], attacker: ['nan', 'nan', 'nan', 'nan', 'nan']
2026-05-05 21:27:39 | DEBUG   | dpfl.algorithms.trust_aware.simulator | Round 131 Phase 1+2: 0.13s
2026-05-05 21:27:59 | INFO    | dpfl.core.base_simulator | Round 132/150 | Acc: 0.7981 | Loss: 0.5927 | eps_max: 6.27 eps_avg: 6.27 | P: 1.00 R: 1.00 F1: 1.00
2026-05-05 21:27:59 | DEBUG   | dpfl.core.base_simulator | Update norms — honest: ['0.02', '0.02', '0.03', '0.03', '0.03'], attacker: ['nan', 'nan', 'nan', 'nan', 'nan']
2026-05-05 21:27:59 | DEBUG   | dpfl.algorithms.trust_aware.simulator | Round 132 Phase 1+2: 0.14s
2026-05-05 21:28:17 | INFO    | dpfl.core.base_simulator | Round 133/150 | Acc: 0.7978 | Loss: 0.5935 | eps_max: 6.33 eps_avg: 6.33 | P: 1.00 R: 1.00 F1: 1.00
2026-05-05 21:28:17 | DEBUG   | dpfl.core.base_simulator | Update norms — honest: ['0.02', '0.02', '0.02', '0.02', '0.03'], attacker: ['nan', 'nan', 'nan', 'nan', 'nan']
2026-05-05 21:28:18 | DEBUG   | dpfl.algorithms.trust_aware.simulator | Round 133 Phase 1+2: 0.14s
2026-05-05 21:28:36 | INFO    | dpfl.core.base_simulator | Round 134/150 | Acc: 0.7980 | Loss: 0.5940 | eps_max: 6.39 eps_avg: 6.39 | P: 1.00 R: 1.00 F1: 1.00
2026-05-05 21:28:36 | DEBUG   | dpfl.core.base_simulator | Update norms — honest: ['0.02', '0.02', '0.02', '0.03', '0.02'], attacker: ['nan', 'nan', 'nan', 'nan', 'nan']
2026-05-05 21:28:36 | DEBUG   | dpfl.algorithms.trust_aware.simulator | Round 134 Phase 1+2: 0.13s
2026-05-05 21:28:54 | INFO    | dpfl.core.base_simulator | Round 135/150 | Acc: 0.7979 | Loss: 0.5946 | eps_max: 6.46 eps_avg: 6.46 | P: 1.00 R: 1.00 F1: 1.00
2026-05-05 21:28:54 | DEBUG   | dpfl.core.base_simulator | Update norms — honest: ['0.03', '0.02', '0.03', '0.02', '0.03'], attacker: ['nan', 'nan', 'nan', 'nan', 'nan']
2026-05-05 21:28:54 | DEBUG   | dpfl.algorithms.trust_aware.simulator | Round 135 Phase 1+2: 0.13s
2026-05-05 21:29:12 | INFO    | dpfl.core.base_simulator | Round 136/150 | Acc: 0.7981 | Loss: 0.5948 | eps_max: 6.53 eps_avg: 6.53 | P: 1.00 R: 1.00 F1: 1.00
2026-05-05 21:29:12 | DEBUG   | dpfl.core.base_simulator | Update norms — honest: ['0.02', '0.03', '0.04', '0.02', '0.02'], attacker: ['nan', 'nan', 'nan', 'nan', 'nan']
2026-05-05 21:29:12 | DEBUG   | dpfl.algorithms.trust_aware.simulator | Round 136 Phase 1+2: 0.13s
2026-05-05 21:29:30 | INFO    | dpfl.core.base_simulator | Round 137/150 | Acc: 0.7982 | Loss: 0.5950 | eps_max: 6.59 eps_avg: 6.59 | P: 0.90 R: 1.00 F1: 1.00
2026-05-05 21:29:30 | DEBUG   | dpfl.core.base_simulator | Update norms — honest: ['0.02', '0.02', '0.02', '0.02', '0.02'], attacker: ['nan', 'nan', 'nan', 'nan', 'nan']
2026-05-05 21:29:30 | DEBUG   | dpfl.algorithms.trust_aware.simulator | Round 137 Phase 1+2: 0.13s
2026-05-05 21:29:47 | INFO    | dpfl.core.base_simulator | Round 138/150 | Acc: 0.7982 | Loss: 0.5956 | eps_max: 6.66 eps_avg: 6.66 | P: 1.00 R: 1.00 F1: 1.00
2026-05-05 21:29:47 | DEBUG   | dpfl.core.base_simulator | Update norms — honest: ['0.03', '0.02', '0.03', '0.02', '0.03'], attacker: ['nan', 'nan', 'nan', 'nan', 'nan']
2026-05-05 21:29:47 | DEBUG   | dpfl.algorithms.trust_aware.simulator | Round 138 Phase 1+2: 0.14s
2026-05-05 21:30:02 | INFO    | dpfl.core.base_simulator | Round 139/150 | Acc: 0.7981 | Loss: 0.5964 | eps_max: 6.73 eps_avg: 6.73 | P: 1.00 R: 1.00 F1: 1.00
2026-05-05 21:30:02 | DEBUG   | dpfl.core.base_simulator | Update norms — honest: ['0.02', '0.02', '0.02', '0.02', '0.02'], attacker: ['nan', 'nan', 'nan', 'nan', 'nan']
2026-05-05 21:30:02 | DEBUG   | dpfl.algorithms.trust_aware.simulator | Round 139 Phase 1+2: 0.17s
2026-05-05 21:30:18 | INFO    | dpfl.core.base_simulator | Round 140/150 | Acc: 0.7981 | Loss: 0.5967 | eps_max: 6.81 eps_avg: 6.81 | P: 1.00 R: 1.00 F1: 1.00
2026-05-05 21:30:18 | DEBUG   | dpfl.core.base_simulator | Update norms — honest: ['0.03', '0.02', '0.03', '0.03', '0.04'], attacker: ['nan', 'nan', 'nan', 'nan', 'nan']
2026-05-05 21:30:18 | DEBUG   | dpfl.algorithms.trust_aware.simulator | Round 140 Phase 1+2: 0.14s
2026-05-05 21:31:03 | INFO    | dpfl.core.base_simulator | Round 141/150 | Acc: 0.7981 | Loss: 0.5975 | eps_max: 6.88 eps_avg: 6.88 | P: 1.00 R: 1.00 F1: 1.00
2026-05-05 21:31:03 | DEBUG   | dpfl.core.base_simulator | Update norms — honest: ['0.02', '0.02', '0.02', '0.03', '0.03'], attacker: ['nan', 'nan', 'nan', 'nan', 'nan']
2026-05-05 21:31:03 | DEBUG   | dpfl.algorithms.trust_aware.simulator | Round 141 Phase 1+2: 0.13s
2026-05-05 21:31:17 | INFO    | dpfl.core.base_simulator | Round 142/150 | Acc: 0.7980 | Loss: 0.5980 | eps_max: 6.96 eps_avg: 6.96 | P: 1.00 R: 1.00 F1: 1.00
2026-05-05 21:31:17 | DEBUG   | dpfl.core.base_simulator | Update norms — honest: ['0.02', '0.03', '0.03', '0.02', '0.02'], attacker: ['nan', 'nan', 'nan', 'nan', 'nan']
2026-05-05 21:31:17 | DEBUG   | dpfl.algorithms.trust_aware.simulator | Round 142 Phase 1+2: 0.48s
2026-05-05 21:31:44 | INFO    | dpfl.core.base_simulator | Round 143/150 | Acc: 0.7981 | Loss: 0.5983 | eps_max: 7.03 eps_avg: 7.03 | P: 1.00 R: 1.00 F1: 1.00
2026-05-05 21:31:44 | DEBUG   | dpfl.core.base_simulator | Update norms — honest: ['0.03', '0.03', '0.02', '0.02', '0.02'], attacker: ['nan', 'nan', 'nan', 'nan', 'nan']
2026-05-05 21:31:45 | DEBUG   | dpfl.algorithms.trust_aware.simulator | Round 143 Phase 1+2: 0.50s
2026-05-05 21:32:06 | INFO    | dpfl.core.base_simulator | Round 144/150 | Acc: 0.7982 | Loss: 0.5988 | eps_max: 7.11 eps_avg: 7.11 | P: 1.00 R: 1.00 F1: 1.00
2026-05-05 21:32:06 | DEBUG   | dpfl.core.base_simulator | Update norms — honest: ['0.03', '0.03', '0.02', '0.02', '0.03'], attacker: ['nan', 'nan', 'nan', 'nan', 'nan']
2026-05-05 21:32:06 | DEBUG   | dpfl.algorithms.trust_aware.simulator | Round 144 Phase 1+2: 0.13s
2026-05-05 21:32:23 | INFO    | dpfl.core.base_simulator | Round 145/150 | Acc: 0.7981 | Loss: 0.5995 | eps_max: 7.19 eps_avg: 7.19 | P: 1.00 R: 1.00 F1: 1.00
2026-05-05 21:32:23 | DEBUG   | dpfl.core.base_simulator | Update norms — honest: ['0.02', '0.02', '0.03', '0.02', '0.02'], attacker: ['nan', 'nan', 'nan', 'nan', 'nan']
2026-05-05 21:32:24 | DEBUG   | dpfl.algorithms.trust_aware.simulator | Round 145 Phase 1+2: 0.50s
2026-05-05 21:32:50 | INFO    | dpfl.core.base_simulator | Round 146/150 | Acc: 0.7980 | Loss: 0.6001 | eps_max: 7.27 eps_avg: 7.27 | P: 1.00 R: 1.00 F1: 1.00
2026-05-05 21:32:50 | DEBUG   | dpfl.core.base_simulator | Update norms — honest: ['0.02', '0.04', '0.02', '0.02', '0.02'], attacker: ['nan', 'nan', 'nan', 'nan', 'nan']
2026-05-05 21:32:51 | DEBUG   | dpfl.algorithms.trust_aware.simulator | Round 146 Phase 1+2: 0.51s
2026-05-05 21:33:09 | INFO    | dpfl.core.base_simulator | Round 147/150 | Acc: 0.7982 | Loss: 0.6005 | eps_max: 7.35 eps_avg: 7.35 | P: 1.00 R: 1.00 F1: 1.00
2026-05-05 21:33:09 | DEBUG   | dpfl.core.base_simulator | Update norms — honest: ['0.03', '0.03', '0.03', '0.02', '0.02'], attacker: ['nan', 'nan', 'nan', 'nan', 'nan']
2026-05-05 21:33:09 | DEBUG   | dpfl.algorithms.trust_aware.simulator | Round 147 Phase 1+2: 0.13s
2026-05-05 21:33:31 | INFO    | dpfl.core.base_simulator | Round 148/150 | Acc: 0.7982 | Loss: 0.6007 | eps_max: 7.44 eps_avg: 7.44 | P: 0.92 R: 1.00 F1: 1.00
2026-05-05 21:33:31 | DEBUG   | dpfl.core.base_simulator | Update norms — honest: ['0.02', '0.02', '0.02', '0.03', '0.03'], attacker: ['nan', 'nan', 'nan', 'nan', 'nan']
2026-05-05 21:33:32 | DEBUG   | dpfl.algorithms.trust_aware.simulator | Round 148 Phase 1+2: 0.51s
2026-05-05 21:33:59 | INFO    | dpfl.core.base_simulator | Round 149/150 | Acc: 0.7982 | Loss: 0.6016 | eps_max: 7.52 eps_avg: 7.52 | P: 1.00 R: 1.00 F1: 1.00
2026-05-05 21:33:59 | DEBUG   | dpfl.core.base_simulator | Update norms — honest: ['0.02', '0.02', '0.02', '0.02', '0.02'], attacker: ['nan', 'nan', 'nan', 'nan', 'nan']
2026-05-05 21:33:59 | DEBUG   | dpfl.algorithms.trust_aware.simulator | Round 149 Phase 1+2: 0.50s
2026-05-05 21:34:13 | INFO    | dpfl.core.base_simulator | Round 150/150 | Acc: 0.7981 | Loss: 0.6021 | eps_max: 7.61 eps_avg: 7.61 | P: 1.00 R: 1.00 F1: 1.00
2026-05-05 21:34:13 | DEBUG   | dpfl.core.base_simulator | Update norms — honest: ['0.03', '0.02', '0.02', '0.03', '0.03'], attacker: ['nan', 'nan', 'nan', 'nan', 'nan']
2026-05-05 21:34:14 | INFO    | dpfl | Experiment complete in 2452.9s
============================================================
REPORT: DP-SGD Decentralized Federated Learning
============================================================
Timestamp:                  20260505_205320
Rounds completed:           150
Attack-active rounds:       100  (from round 50)
Final accuracy:             0.7981
Final test loss:            0.6021
Final epsilon (max honest): 7.61
Final epsilon (avg honest): 7.61
Best alpha:                 1000.0
Avg precision:              0.9499
Avg recall:                 0.9849
Avg F1 score:               0.9870
Avg update norm (honest):   0.0394
Avg update norm (attacker): nan

eps_system (max honest): 7.6098
eps_avg (honest):        7.6098
eps_std (honest):        0.0000
n_frozen:                0/300
============================================================
