2026-05-07 18:30:27 | INFO    | dpfl | Experiment start: algorithm=noise_game, dataset=mnist, model=mlp, device=cuda
2026-05-07 18:30:27 | INFO    | dpfl | Config: nodes=500, attackers=200, rounds=150, noise_mode=none, attack=scale
2026-05-07 18:30:27 | INFO    | dpfl.data.mnist_dataset | Loading MNIST dataset...
2026-05-07 18:30:27 | INFO    | dpfl.data.mnist_dataset | MNIST loaded: 60000 train, 10000 test samples
2026-05-07 18:31:19 | INFO    | dpfl.core.base_simulator | Vectorized state ready: param_spec.D=50890, X_test=(10000, 1, 28, 28), train clients N=500, max_n_samples=1000
2026-05-07 18:31:19 | INFO    | dpfl.core.base_simulator | Setup complete: 500 nodes (200 attackers), param_dim=50890, split=iid
2026-05-07 18:31:19 | DEBUG   | dpfl.core.base_simulator | Attacker IDs: {0, 1, 2, 3, 4, 5, 6, 7, 8, 9, 10, 11, 12, 13, 14, 15, 16, 17, 18, 19, 20, 21, 22, 23, 24, 25, 26, 27, 28, 29, 30, 31, 32, 33, 34, 35, 36, 37, 38, 39, 40, 41, 42, 43, 44, 45, 46, 47, 48, 49, 50, 51, 52, 53, 54, 55, 56, 57, 58, 59, 60, 61, 62, 63, 64, 65, 66, 67, 68, 69, 70, 71, 72, 73, 74, 75, 76, 77, 78, 79, 80, 81, 82, 83, 84, 85, 86, 87, 88, 89, 90, 91, 92, 93, 94, 95, 96, 97, 98, 99, 100, 101, 102, 103, 104, 105, 106, 107, 108, 109, 110, 111, 112, 113, 114, 115, 116, 117, 118, 119, 120, 121, 122, 123, 124, 125, 126, 127, 128, 129, 130, 131, 132, 133, 134, 135, 136, 137, 138, 139, 140, 141, 142, 143, 144, 145, 146, 147, 148, 149, 150, 151, 152, 153, 154, 155, 156, 157, 158, 159, 160, 161, 162, 163, 164, 165, 166, 167, 168, 169, 170, 171, 172, 173, 174, 175, 176, 177, 178, 179, 180, 181, 182, 183, 184, 185, 186, 187, 188, 189, 190, 191, 192, 193, 194, 195, 196, 197, 198, 199}
2026-05-07 18:31:27 | INFO    | dpfl.core.base_simulator | Round   1/150 | Acc: 0.3801 | Loss: 2.0956 | eps_max: 1.91 eps_avg: 0.79 | P: 0.00 R: nan F1: nan
2026-05-07 18:31:27 | DEBUG   | dpfl.core.base_simulator | Update norms — honest: ['0.45', '0.46', '0.46', '0.46', '0.46'], attacker: ['0.46', '0.46', '0.46', '0.46', '0.46']
2026-05-07 18:31:34 | INFO    | dpfl.core.base_simulator | Round   2/150 | Acc: 0.5540 | Loss: 1.8905 | eps_max: 1.98 eps_avg: 0.87 | P: 0.00 R: nan F1: nan
2026-05-07 18:31:34 | DEBUG   | dpfl.core.base_simulator | Update norms — honest: ['0.46', '0.45', '0.45', '0.45', '0.45'], attacker: ['0.83', '0.83', '0.84', '0.83', '0.83']
2026-05-07 18:31:41 | INFO    | dpfl.core.base_simulator | Round   3/150 | Acc: 0.6504 | Loss: 1.6800 | eps_max: 2.09 eps_avg: 0.96 | P: 0.00 R: nan F1: nan
2026-05-07 18:31:41 | DEBUG   | dpfl.core.base_simulator | Update norms — honest: ['0.45', '0.45', '0.45', '0.45', '0.45'], attacker: ['1.26', '1.27', '1.27', '1.27', '1.26']
2026-05-07 18:31:49 | INFO    | dpfl.core.base_simulator | Round   4/150 | Acc: 0.7095 | Loss: 1.4801 | eps_max: 2.23 eps_avg: 1.09 | P: 0.00 R: nan F1: nan
2026-05-07 18:31:49 | DEBUG   | dpfl.core.base_simulator | Update norms — honest: ['0.44', '0.44', '0.44', '0.44', '0.45'], attacker: ['1.65', '1.66', '1.66', '1.66', '1.64']
2026-05-07 18:31:56 | INFO    | dpfl.core.base_simulator | Round   5/150 | Acc: 0.7507 | Loss: 1.2999 | eps_max: 2.42 eps_avg: 1.21 | P: 0.00 R: nan F1: nan
2026-05-07 18:31:56 | DEBUG   | dpfl.core.base_simulator | Update norms — honest: ['0.44', '0.44', '0.44', '0.44', '0.44'], attacker: ['2.02', '2.04', '2.03', '2.03', '2.03']
2026-05-07 18:32:04 | INFO    | dpfl.core.base_simulator | Round   6/150 | Acc: 0.7792 | Loss: 1.1459 | eps_max: 2.47 eps_avg: 1.27 | P: 0.00 R: nan F1: nan
2026-05-07 18:32:04 | DEBUG   | dpfl.core.base_simulator | Update norms — honest: ['0.43', '0.83', '0.83', '0.43', '0.84'], attacker: ['2.38', '2.39', '2.40', '2.38', '2.38']
2026-05-07 18:32:11 | INFO    | dpfl.core.base_simulator | Round   7/150 | Acc: 0.7994 | Loss: 1.0195 | eps_max: 2.52 eps_avg: 1.33 | P: 0.00 R: nan F1: nan
2026-05-07 18:32:11 | DEBUG   | dpfl.core.base_simulator | Update norms — honest: ['0.84', '0.43', '0.78', '0.43', '0.43'], attacker: ['2.71', '2.74', '2.72', '2.73', '2.67']
2026-05-07 18:32:19 | INFO    | dpfl.core.base_simulator | Round   8/150 | Acc: 0.8137 | Loss: 0.9187 | eps_max: 2.57 eps_avg: 1.41 | P: 0.00 R: nan F1: nan
2026-05-07 18:32:19 | DEBUG   | dpfl.core.base_simulator | Update norms — honest: ['0.43', '0.76', '0.70', '0.43', '0.43'], attacker: ['3.03', '3.04', '3.05', '3.04', '2.96']
2026-05-07 18:32:27 | INFO    | dpfl.core.base_simulator | Round   9/150 | Acc: 0.8239 | Loss: 0.8391 | eps_max: 2.64 eps_avg: 1.50 | P: 0.00 R: nan F1: nan
2026-05-07 18:32:27 | DEBUG   | dpfl.core.base_simulator | Update norms — honest: ['0.42', '0.42', '0.81', '1.23', '0.42'], attacker: ['3.33', '3.29', '3.30', '3.33', '3.30']
2026-05-07 18:32:35 | INFO    | dpfl.core.base_simulator | Round  10/150 | Acc: 0.8319 | Loss: 0.7755 | eps_max: 2.70 eps_avg: 1.56 | P: 0.00 R: nan F1: nan
2026-05-07 18:32:35 | DEBUG   | dpfl.core.base_simulator | Update norms — honest: ['0.78', '0.41', '0.66', '0.41', '0.67'], attacker: ['3.58', '3.55', '3.52', '3.58', '3.60']
2026-05-07 18:32:42 | INFO    | dpfl.core.base_simulator | Round  11/150 | Acc: 0.8381 | Loss: 0.7246 | eps_max: 2.77 eps_avg: 1.64 | P: 0.00 R: nan F1: nan
2026-05-07 18:32:42 | DEBUG   | dpfl.core.base_simulator | Update norms — honest: ['0.41', '0.41', '0.78', '0.42', '0.42'], attacker: ['3.84', '3.71', '3.89', '3.83', '3.89']
2026-05-07 18:32:50 | INFO    | dpfl.core.base_simulator | Round  12/150 | Acc: 0.8434 | Loss: 0.6831 | eps_max: 2.87 eps_avg: 1.71 | P: 0.00 R: nan F1: nan
2026-05-07 18:32:50 | DEBUG   | dpfl.core.base_simulator | Update norms — honest: ['0.41', '0.76', '0.78', '0.41', '1.19'], attacker: ['4.07', '4.04', '4.10', '4.08', '4.11']
2026-05-07 18:32:58 | INFO    | dpfl.core.base_simulator | Round  13/150 | Acc: 0.8476 | Loss: 0.6489 | eps_max: 2.99 eps_avg: 1.77 | P: 0.00 R: nan F1: nan
2026-05-07 18:32:58 | DEBUG   | dpfl.core.base_simulator | Update norms — honest: ['1.15', '0.40', '1.45', '1.21', '0.76'], attacker: ['4.35', '4.36', '4.31', '4.33', '4.39']
2026-05-07 18:33:06 | INFO    | dpfl.core.base_simulator | Round  14/150 | Acc: 0.8511 | Loss: 0.6203 | eps_max: 3.08 eps_avg: 1.83 | P: 0.00 R: nan F1: nan
2026-05-07 18:33:06 | DEBUG   | dpfl.core.base_simulator | Update norms — honest: ['0.68', '0.77', '0.40', '0.40', '0.75'], attacker: ['4.57', '4.54', '4.68', '4.59', '4.62']
2026-05-07 18:33:14 | INFO    | dpfl.core.base_simulator | Round  15/150 | Acc: 0.8545 | Loss: 0.5958 | eps_max: 3.19 eps_avg: 1.88 | P: 0.00 R: nan F1: nan
2026-05-07 18:33:14 | DEBUG   | dpfl.core.base_simulator | Update norms — honest: ['0.68', '0.40', '1.57', '0.40', '0.40'], attacker: ['4.82', '4.78', '4.76', '4.73', '4.74']
2026-05-07 18:33:22 | INFO    | dpfl.core.base_simulator | Round  16/150 | Acc: 0.8573 | Loss: 0.5749 | eps_max: 3.35 eps_avg: 1.94 | P: 0.00 R: nan F1: nan
2026-05-07 18:33:22 | DEBUG   | dpfl.core.base_simulator | Update norms — honest: ['0.65', '0.76', '1.53', '1.16', '0.39'], attacker: ['4.92', '4.96', '4.94', '4.95', '5.01']
2026-05-07 18:33:29 | INFO    | dpfl.core.base_simulator | Round  17/150 | Acc: 0.8597 | Loss: 0.5568 | eps_max: 3.48 eps_avg: 2.00 | P: 0.00 R: nan F1: nan
2026-05-07 18:33:29 | DEBUG   | dpfl.core.base_simulator | Update norms — honest: ['0.73', '1.18', '1.50', '0.39', '1.12'], attacker: ['5.11', '5.09', '5.17', '5.04', '5.22']
2026-05-07 18:33:37 | INFO    | dpfl.core.base_simulator | Round  18/150 | Acc: 0.8618 | Loss: 0.5411 | eps_max: 3.51 eps_avg: 2.08 | P: 0.00 R: nan F1: nan
2026-05-07 18:33:37 | DEBUG   | dpfl.core.base_simulator | Update norms — honest: ['1.04', '1.41', '0.39', '0.73', '0.70'], attacker: ['5.15', '4.86', '5.40', '4.92', '4.93']
2026-05-07 18:33:45 | INFO    | dpfl.core.base_simulator | Round  19/150 | Acc: 0.8638 | Loss: 0.5273 | eps_max: 3.55 eps_avg: 2.16 | P: 0.00 R: nan F1: nan
2026-05-07 18:33:45 | DEBUG   | dpfl.core.base_simulator | Update norms — honest: ['0.38', '1.51', '0.38', '0.71', '0.38'], attacker: ['5.41', '5.32', '5.37', '5.54', '5.24']
2026-05-07 18:33:53 | INFO    | dpfl.core.base_simulator | Round  20/150 | Acc: 0.8655 | Loss: 0.5152 | eps_max: 3.60 eps_avg: 2.21 | P: 0.00 R: nan F1: nan
2026-05-07 18:33:53 | DEBUG   | dpfl.core.base_simulator | Update norms — honest: ['1.05', '1.45', '1.37', '0.93', '0.38'], attacker: ['5.59', '5.70', '5.52', '5.62', '5.55']
2026-05-07 18:34:01 | INFO    | dpfl.core.base_simulator | Round  21/150 | Acc: 0.8670 | Loss: 0.5043 | eps_max: 3.64 eps_avg: 2.27 | P: 0.00 R: nan F1: nan
2026-05-07 18:34:01 | DEBUG   | dpfl.core.base_simulator | Update norms — honest: ['0.37', '0.37', '1.46', '0.59', '0.68'], attacker: ['5.64', '5.81', '5.84', '5.49', '5.74']
2026-05-07 18:34:09 | INFO    | dpfl.core.base_simulator | Round  22/150 | Acc: 0.8683 | Loss: 0.4945 | eps_max: 3.68 eps_avg: 2.31 | P: 0.00 R: nan F1: nan
2026-05-07 18:34:09 | DEBUG   | dpfl.core.base_simulator | Update norms — honest: ['1.05', '0.67', '0.55', '1.03', '0.37'], attacker: ['5.89', '6.05', '6.10', '5.82', '5.80']
2026-05-07 18:34:18 | INFO    | dpfl.core.base_simulator | Round  23/150 | Acc: 0.8696 | Loss: 0.4857 | eps_max: 3.73 eps_avg: 2.37 | P: 0.00 R: nan F1: nan
2026-05-07 18:34:18 | DEBUG   | dpfl.core.base_simulator | Update norms — honest: ['0.66', '1.26', '1.72', '0.68', '0.69'], attacker: ['5.87', '6.10', '6.13', '5.89', '5.82']
2026-05-07 18:34:27 | INFO    | dpfl.core.base_simulator | Round  24/150 | Acc: 0.8706 | Loss: 0.4779 | eps_max: 3.76 eps_avg: 2.42 | P: 0.00 R: nan F1: nan
2026-05-07 18:34:27 | DEBUG   | dpfl.core.base_simulator | Update norms — honest: ['1.79', '0.49', '1.08', '1.53', '0.36'], attacker: ['5.62', '6.06', '6.19', '6.14', '5.93']
2026-05-07 18:34:35 | INFO    | dpfl.core.base_simulator | Round  25/150 | Acc: 0.8716 | Loss: 0.4707 | eps_max: 3.80 eps_avg: 2.47 | P: 0.00 R: nan F1: nan
2026-05-07 18:34:35 | DEBUG   | dpfl.core.base_simulator | Update norms — honest: ['1.74', '1.01', '0.36', '0.64', '0.63'], attacker: ['5.93', '6.11', '6.00', '6.08', '5.90']
2026-05-07 18:34:43 | INFO    | dpfl.core.base_simulator | Round  26/150 | Acc: 0.8727 | Loss: 0.4641 | eps_max: 3.84 eps_avg: 2.53 | P: 0.00 R: nan F1: nan
2026-05-07 18:34:43 | DEBUG   | dpfl.core.base_simulator | Update norms — honest: ['0.36', '0.59', '0.68', '0.94', '0.36'], attacker: ['6.20', '6.06', '6.01', '5.33', '5.27']
2026-05-07 18:34:51 | INFO    | dpfl.core.base_simulator | Round  27/150 | Acc: 0.8735 | Loss: 0.4581 | eps_max: 3.90 eps_avg: 2.58 | P: 0.00 R: nan F1: nan
2026-05-07 18:34:51 | DEBUG   | dpfl.core.base_simulator | Update norms — honest: ['1.02', '0.47', '1.64', '0.95', '0.35'], attacker: ['6.07', '6.09', '6.08', '5.84', '5.53']
2026-05-07 18:34:59 | INFO    | dpfl.core.base_simulator | Round  28/150 | Acc: 0.8743 | Loss: 0.4528 | eps_max: 3.96 eps_avg: 2.63 | P: 0.00 R: nan F1: nan
2026-05-07 18:34:59 | DEBUG   | dpfl.core.base_simulator | Update norms — honest: ['0.53', '0.35', '0.35', '1.00', '1.26'], attacker: ['5.57', '6.27', '5.78', '6.56', '5.50']
2026-05-07 18:35:07 | INFO    | dpfl.core.base_simulator | Round  29/150 | Acc: 0.8751 | Loss: 0.4477 | eps_max: 4.01 eps_avg: 2.68 | P: 0.00 R: nan F1: nan
2026-05-07 18:35:07 | DEBUG   | dpfl.core.base_simulator | Update norms — honest: ['1.85', '0.35', '1.12', '1.44', '0.99'], attacker: ['6.27', '6.23', '5.17', '6.74', '5.86']
2026-05-07 18:35:16 | INFO    | dpfl.core.base_simulator | Round  30/150 | Acc: 0.8758 | Loss: 0.4429 | eps_max: 4.08 eps_avg: 2.72 | P: 0.00 R: nan F1: nan
2026-05-07 18:35:16 | DEBUG   | dpfl.core.base_simulator | Update norms — honest: ['0.43', '1.10', '0.63', '1.13', '0.34'], attacker: ['6.15', '6.41', '5.83', '6.47', '5.32']
2026-05-07 18:35:25 | INFO    | dpfl.core.base_simulator | Round  31/150 | Acc: 0.8764 | Loss: 0.4387 | eps_max: 4.11 eps_avg: 2.79 | P: 0.00 R: nan F1: nan
2026-05-07 18:35:25 | DEBUG   | dpfl.core.base_simulator | Update norms — honest: ['1.43', '0.53', '1.59', '0.34', '0.41'], attacker: ['6.05', '6.60', '5.51', '6.30', '5.20']
2026-05-07 18:35:34 | INFO    | dpfl.core.base_simulator | Round  32/150 | Acc: 0.8770 | Loss: 0.4348 | eps_max: 4.17 eps_avg: 2.82 | P: 0.00 R: nan F1: nan
2026-05-07 18:35:34 | DEBUG   | dpfl.core.base_simulator | Update norms — honest: ['0.61', '0.68', '0.96', '0.33', '1.10'], attacker: ['6.42', '6.02', '5.48', '6.46', '5.41']
2026-05-07 18:35:42 | INFO    | dpfl.core.base_simulator | Round  33/150 | Acc: 0.8776 | Loss: 0.4311 | eps_max: 4.22 eps_avg: 2.87 | P: 0.00 R: nan F1: nan
2026-05-07 18:35:42 | DEBUG   | dpfl.core.base_simulator | Update norms — honest: ['0.89', '0.33', '1.45', '0.63', '1.47'], attacker: ['6.68', '5.15', '5.64', '5.97', '5.92']
2026-05-07 18:35:50 | INFO    | dpfl.core.base_simulator | Round  34/150 | Acc: 0.8780 | Loss: 0.4278 | eps_max: 4.26 eps_avg: 2.92 | P: 0.00 R: nan F1: nan
2026-05-07 18:35:50 | DEBUG   | dpfl.core.base_simulator | Update norms — honest: ['0.97', '1.41', '0.33', '0.54', '0.33'], attacker: ['6.39', '5.08', '6.03', '5.07', '6.22']
2026-05-07 18:35:58 | INFO    | dpfl.core.base_simulator | Round  35/150 | Acc: 0.8785 | Loss: 0.4248 | eps_max: 4.31 eps_avg: 2.96 | P: 0.00 R: nan F1: nan
2026-05-07 18:35:58 | DEBUG   | dpfl.core.base_simulator | Update norms — honest: ['0.65', '0.96', '0.32', '0.59', '1.12'], attacker: ['6.03', '5.80', '5.03', '5.63', '6.04']
2026-05-07 18:36:06 | INFO    | dpfl.core.base_simulator | Round  36/150 | Acc: 0.8790 | Loss: 0.4218 | eps_max: 4.37 eps_avg: 3.00 | P: 0.00 R: nan F1: nan
2026-05-07 18:36:06 | DEBUG   | dpfl.core.base_simulator | Update norms — honest: ['0.64', '0.54', '1.50', '0.87', '0.32'], attacker: ['6.00', '5.80', '5.52', '5.69', '5.33']
2026-05-07 18:36:14 | INFO    | dpfl.core.base_simulator | Round  37/150 | Acc: 0.8794 | Loss: 0.4190 | eps_max: 4.51 eps_avg: 3.04 | P: 0.00 R: nan F1: nan
2026-05-07 18:36:14 | DEBUG   | dpfl.core.base_simulator | Update norms — honest: ['0.32', '0.39', '0.92', '0.52', '0.95'], attacker: ['5.55', '5.83', '5.59', '5.59', '5.53']
2026-05-07 18:36:22 | INFO    | dpfl.core.base_simulator | Round  38/150 | Acc: 0.8798 | Loss: 0.4165 | eps_max: 4.63 eps_avg: 3.09 | P: 0.00 R: nan F1: nan
2026-05-07 18:36:22 | DEBUG   | dpfl.core.base_simulator | Update norms — honest: ['1.86', '0.42', '1.76', '1.25', '0.59'], attacker: ['5.72', '5.96', '5.15', '5.80', '5.91']
2026-05-07 18:36:31 | INFO    | dpfl.core.base_simulator | Round  39/150 | Acc: 0.8801 | Loss: 0.4144 | eps_max: 4.70 eps_avg: 3.12 | P: 0.00 R: nan F1: nan
2026-05-07 18:36:31 | DEBUG   | dpfl.core.base_simulator | Update norms — honest: ['0.31', '1.55', '2.04', '0.52', '0.56'], attacker: ['5.36', '5.71', '4.75', '5.46', '6.30']
2026-05-07 18:36:39 | INFO    | dpfl.core.base_simulator | Round  40/150 | Acc: 0.8804 | Loss: 0.4121 | eps_max: 4.78 eps_avg: 3.17 | P: 0.00 R: nan F1: nan
2026-05-07 18:36:39 | DEBUG   | dpfl.core.base_simulator | Update norms — honest: ['0.89', '0.96', '0.31', '1.25', '0.89'], attacker: ['5.88', '5.68', '5.20', '5.66', '5.86']
2026-05-07 18:36:47 | INFO    | dpfl.core.base_simulator | Round  41/150 | Acc: 0.8807 | Loss: 0.4100 | eps_max: 4.87 eps_avg: 3.21 | P: 0.00 R: nan F1: nan
2026-05-07 18:36:47 | DEBUG   | dpfl.core.base_simulator | Update norms — honest: ['2.07', '0.87', '1.09', '0.82', '1.72'], attacker: ['6.30', '6.06', '5.50', '5.37', '5.12']
2026-05-07 18:36:56 | INFO    | dpfl.core.base_simulator | Round  42/150 | Acc: 0.8810 | Loss: 0.4083 | eps_max: 4.95 eps_avg: 3.25 | P: 0.00 R: nan F1: nan
2026-05-07 18:36:56 | DEBUG   | dpfl.core.base_simulator | Update norms — honest: ['1.02', '1.59', '0.89', '0.94', '0.46'], attacker: ['5.86', '6.53', '5.77', '5.53', '4.90']
2026-05-07 18:37:04 | INFO    | dpfl.core.base_simulator | Round  43/150 | Acc: 0.8813 | Loss: 0.4064 | eps_max: 5.00 eps_avg: 3.29 | P: 0.00 R: nan F1: nan
2026-05-07 18:37:04 | DEBUG   | dpfl.core.base_simulator | Update norms — honest: ['1.06', '1.01', '0.57', '1.43', '0.83'], attacker: ['5.26', '5.95', '5.12', '6.19', '4.39']
2026-05-07 18:37:12 | INFO    | dpfl.core.base_simulator | Round  44/150 | Acc: 0.8814 | Loss: 0.4050 | eps_max: 5.10 eps_avg: 3.35 | P: 0.00 R: nan F1: nan
2026-05-07 18:37:12 | DEBUG   | dpfl.core.base_simulator | Update norms — honest: ['1.08', '1.98', '1.33', '0.75', '1.32'], attacker: ['5.29', '5.02', '5.87', '5.40', '4.43']
2026-05-07 18:37:21 | INFO    | dpfl.core.base_simulator | Round  45/150 | Acc: 0.8816 | Loss: 0.4034 | eps_max: 5.21 eps_avg: 3.41 | P: 0.00 R: nan F1: nan
2026-05-07 18:37:21 | DEBUG   | dpfl.core.base_simulator | Update norms — honest: ['1.54', '0.29', '1.03', '2.10', '0.56'], attacker: ['5.75', '5.09', '5.89', '4.67', '4.78']
2026-05-07 18:37:29 | INFO    | dpfl.core.base_simulator | Round  46/150 | Acc: 0.8818 | Loss: 0.4022 | eps_max: 5.31 eps_avg: 3.44 | P: 0.00 R: nan F1: nan
2026-05-07 18:37:29 | DEBUG   | dpfl.core.base_simulator | Update norms — honest: ['0.91', '1.14', '1.47', '1.49', '1.32'], attacker: ['5.54', '5.74', '5.50', '4.31', '4.53']
2026-05-07 18:37:37 | INFO    | dpfl.core.base_simulator | Round  47/150 | Acc: 0.8822 | Loss: 0.4006 | eps_max: 5.41 eps_avg: 3.48 | P: 0.00 R: nan F1: nan
2026-05-07 18:37:37 | DEBUG   | dpfl.core.base_simulator | Update norms — honest: ['1.19', '1.12', '1.32', '1.41', '0.87'], attacker: ['4.32', '5.90', '5.49', '4.75', '5.10']
2026-05-07 18:37:46 | INFO    | dpfl.core.base_simulator | Round  48/150 | Acc: 0.8822 | Loss: 0.3997 | eps_max: 5.46 eps_avg: 3.53 | P: 0.00 R: nan F1: nan
2026-05-07 18:37:46 | DEBUG   | dpfl.core.base_simulator | Update norms — honest: ['0.52', '2.25', '2.02', '0.29', '1.27'], attacker: ['4.75', '6.13', '5.04', '5.02', '4.67']
2026-05-07 18:37:54 | INFO    | dpfl.core.base_simulator | Round  49/150 | Acc: 0.8825 | Loss: 0.3983 | eps_max: 5.55 eps_avg: 3.56 | P: 0.00 R: nan F1: nan
2026-05-07 18:37:54 | DEBUG   | dpfl.core.base_simulator | Update norms — honest: ['1.36', '2.02', '0.56', '0.94', '0.47'], attacker: ['4.73', '5.97', '4.88', '2.94', '3.91']
2026-05-07 18:38:02 | INFO    | dpfl.core.base_simulator | Round  50/150 | Acc: 0.8827 | Loss: 0.3970 | eps_max: 5.61 eps_avg: 3.59 | P: 0.00 R: nan F1: nan
2026-05-07 18:38:02 | DEBUG   | dpfl.core.base_simulator | Update norms — honest: ['2.28', '0.52', '0.72', '1.23', '1.70'], attacker: ['4.51', '5.73', '3.76', '3.90', '4.67']
2026-05-07 18:38:05 | INFO    | dpfl.core.base_simulator | Round  51/150 | Acc: 0.8827 | Loss: 0.3962 | eps_max: 5.14 eps_avg: 2.91 | P: 0.68 R: 1.00 F1: 0.86
2026-05-07 18:38:05 | DEBUG   | dpfl.core.base_simulator | Update norms — honest: ['1.01', '0.56', '0.93', '1.46', '0.28'], attacker: ['4.57', '4.58', '4.53', '4.51', '4.16']
2026-05-07 18:38:07 | INFO    | dpfl.core.base_simulator | Round  52/150 | Acc: 0.8829 | Loss: 0.3952 | eps_max: 5.19 eps_avg: 2.95 | P: 0.60 R: 1.00 F1: 0.97
2026-05-07 18:38:07 | DEBUG   | dpfl.core.base_simulator | Update norms — honest: ['0.77', '2.57', '1.01', '0.55', '1.14'], attacker: ['4.42', '4.88', '4.39', '4.47', '4.42']
2026-05-07 18:38:10 | INFO    | dpfl.core.base_simulator | Round  53/150 | Acc: 0.8830 | Loss: 0.3944 | eps_max: 5.19 eps_avg: 3.01 | P: 0.59 R: 1.00 F1: 0.90
2026-05-07 18:38:10 | DEBUG   | dpfl.core.base_simulator | Update norms — honest: ['0.27', '0.99', '1.94', '0.27', '1.86'], attacker: ['4.37', '5.01', '4.70', '4.65', '4.23']
2026-05-07 18:38:13 | INFO    | dpfl.core.base_simulator | Round  54/150 | Acc: 0.8831 | Loss: 0.3935 | eps_max: 5.19 eps_avg: 3.05 | P: 0.68 R: 1.00 F1: 0.90
2026-05-07 18:38:13 | DEBUG   | dpfl.core.base_simulator | Update norms — honest: ['1.14', '1.88', '0.39', '0.27', '0.50'], attacker: ['4.35', '4.66', '4.60', '4.76', '4.50']
2026-05-07 18:38:15 | INFO    | dpfl.core.base_simulator | Round  55/150 | Acc: 0.8833 | Loss: 0.3928 | eps_max: 5.19 eps_avg: 3.10 | P: 0.55 R: 1.00 F1: 0.91
2026-05-07 18:38:15 | DEBUG   | dpfl.core.base_simulator | Update norms — honest: ['1.54', '2.35', '0.38', '1.13', '0.89'], attacker: ['10.02', '9.37', '9.07', '9.65', '9.57']
2026-05-07 18:38:18 | INFO    | dpfl.core.base_simulator | Round  56/150 | Acc: 0.8834 | Loss: 0.3921 | eps_max: 5.28 eps_avg: 3.14 | P: 0.61 R: 1.00 F1: 0.94
2026-05-07 18:38:18 | DEBUG   | dpfl.core.base_simulator | Update norms — honest: ['1.65', '0.88', '0.44', '1.36', '0.51'], attacker: ['9.70', '9.88', '9.66', '9.50', '9.98']
2026-05-07 18:38:20 | INFO    | dpfl.core.base_simulator | Round  57/150 | Acc: 0.8836 | Loss: 0.3912 | eps_max: 5.39 eps_avg: 3.18 | P: 0.63 R: 1.00 F1: 0.95
2026-05-07 18:38:20 | DEBUG   | dpfl.core.base_simulator | Update norms — honest: ['0.47', '0.51', '1.14', '1.12', '0.46'], attacker: ['9.84', '9.90', '9.03', '9.67', '8.92']
2026-05-07 18:38:23 | INFO    | dpfl.core.base_simulator | Round  58/150 | Acc: 0.8837 | Loss: 0.3905 | eps_max: 5.40 eps_avg: 3.31 | P: 0.35 R: 1.00 F1: 0.85
2026-05-07 18:38:23 | DEBUG   | dpfl.core.base_simulator | Update norms — honest: ['1.53', '0.43', '0.64', '1.35', '0.73'], attacker: ['9.64', '9.99', '9.50', '9.64', '8.69']
2026-05-07 18:38:26 | INFO    | dpfl.core.base_simulator | Round  59/150 | Acc: 0.8838 | Loss: 0.3899 | eps_max: 5.40 eps_avg: 3.43 | P: 0.48 R: 1.00 F1: 0.90
2026-05-07 18:38:26 | DEBUG   | dpfl.core.base_simulator | Update norms — honest: ['1.47', '0.93', '0.27', '0.81', '2.02'], attacker: ['9.23', '9.82', '9.02', '10.07', '9.47']
2026-05-07 18:38:29 | INFO    | dpfl.core.base_simulator | Round  60/150 | Acc: 0.8839 | Loss: 0.3892 | eps_max: 5.40 eps_avg: 3.48 | P: 0.51 R: 1.00 F1: 0.91
2026-05-07 18:38:29 | DEBUG   | dpfl.core.base_simulator | Update norms — honest: ['1.48', '0.83', '1.07', '1.04', '0.43'], attacker: ['9.23', '8.82', '9.09', '9.67', '8.57']
2026-05-07 18:38:31 | INFO    | dpfl.core.base_simulator | Round  61/150 | Acc: 0.8840 | Loss: 0.3887 | eps_max: 5.62 eps_avg: 3.51 | P: 0.66 R: 1.00 F1: 0.94
2026-05-07 18:38:31 | DEBUG   | dpfl.core.base_simulator | Update norms — honest: ['2.13', '0.91', '0.54', '1.14', '1.16'], attacker: ['9.74', '9.50', '9.26', '10.05', '9.26']
2026-05-07 18:38:34 | INFO    | dpfl.core.base_simulator | Round  62/150 | Acc: 0.8841 | Loss: 0.3884 | eps_max: 5.62 eps_avg: 3.57 | P: 0.43 R: 1.00 F1: 0.84
2026-05-07 18:38:34 | DEBUG   | dpfl.core.base_simulator | Update norms — honest: ['0.75', '0.27', '1.59', '1.39', '1.47'], attacker: ['9.75', '9.37', '9.11', '9.83', '9.42']
2026-05-07 18:38:37 | INFO    | dpfl.core.base_simulator | Round  63/150 | Acc: 0.8840 | Loss: 0.3880 | eps_max: 5.62 eps_avg: 3.66 | P: 0.55 R: 1.00 F1: 0.93
2026-05-07 18:38:37 | DEBUG   | dpfl.core.base_simulator | Update norms — honest: ['1.47', '0.27', '1.64', '1.40', '1.14'], attacker: ['9.64', '8.99', '8.77', '9.08', '8.42']
2026-05-07 18:38:40 | INFO    | dpfl.core.base_simulator | Round  64/150 | Acc: 0.8841 | Loss: 0.3878 | eps_max: 5.62 eps_avg: 3.72 | P: 0.55 R: 1.00 F1: 0.89
2026-05-07 18:38:40 | DEBUG   | dpfl.core.base_simulator | Update norms — honest: ['0.67', '1.01', '1.14', '0.40', '0.69'], attacker: ['10.25', '9.86', '9.41', '9.63', '9.07']
2026-05-07 18:38:42 | INFO    | dpfl.core.base_simulator | Round  65/150 | Acc: 0.8840 | Loss: 0.3878 | eps_max: 5.62 eps_avg: 3.79 | P: 0.72 R: 1.00 F1: 0.92
2026-05-07 18:38:42 | DEBUG   | dpfl.core.base_simulator | Update norms — honest: ['1.54', '1.34', '2.63', '1.25', '0.72'], attacker: ['9.43', '9.57', '8.90', '9.63', '9.09']
2026-05-07 18:38:45 | INFO    | dpfl.core.base_simulator | Round  66/150 | Acc: 0.8840 | Loss: 0.3874 | eps_max: 5.62 eps_avg: 3.84 | P: 0.64 R: 1.00 F1: 0.89
2026-05-07 18:38:45 | DEBUG   | dpfl.core.base_simulator | Update norms — honest: ['0.42', '0.79', '1.93', '0.75', '0.44'], attacker: ['9.10', '9.59', '8.89', '9.34', '9.17']
2026-05-07 18:38:48 | INFO    | dpfl.core.base_simulator | Round  67/150 | Acc: 0.8841 | Loss: 0.3872 | eps_max: 5.84 eps_avg: 3.88 | P: 0.51 R: 1.00 F1: 0.89
2026-05-07 18:38:48 | DEBUG   | dpfl.core.base_simulator | Update norms — honest: ['1.43', '1.54', '1.50', '1.33', '0.42'], attacker: ['9.99', '9.38', '9.13', '10.10', '9.28']
2026-05-07 18:38:51 | INFO    | dpfl.core.base_simulator | Round  68/150 | Acc: 0.8840 | Loss: 0.3873 | eps_max: 5.84 eps_avg: 3.99 | P: 0.45 R: 1.00 F1: 0.84
2026-05-07 18:38:51 | DEBUG   | dpfl.core.base_simulator | Update norms — honest: ['0.27', '2.70', '0.89', '1.18', '0.76'], attacker: ['8.98', '8.83', '8.85', '10.20', '8.89']
2026-05-07 18:38:54 | INFO    | dpfl.core.base_simulator | Round  69/150 | Acc: 0.8839 | Loss: 0.3873 | eps_max: 5.99 eps_avg: 4.08 | P: 0.57 R: 1.00 F1: 0.83
2026-05-07 18:38:54 | DEBUG   | dpfl.core.base_simulator | Update norms — honest: ['0.27', '1.09', '0.65', '1.04', '1.52'], attacker: ['9.69', '8.92', '9.10', '9.99', '8.98']
2026-05-07 18:38:56 | INFO    | dpfl.core.base_simulator | Round  70/150 | Acc: 0.8842 | Loss: 0.3866 | eps_max: 5.99 eps_avg: 4.12 | P: 0.43 R: 1.00 F1: 0.99
2026-05-07 18:38:56 | DEBUG   | dpfl.core.base_simulator | Update norms — honest: ['0.39', '0.73', '0.87', '1.38', '0.83'], attacker: ['9.64', '9.65', '8.79', '9.71', '9.69']
2026-05-07 18:38:59 | INFO    | dpfl.core.base_simulator | Round  71/150 | Acc: 0.8842 | Loss: 0.3864 | eps_max: 5.99 eps_avg: 4.15 | P: 0.33 R: 1.00 F1: 0.94
2026-05-07 18:38:59 | DEBUG   | dpfl.core.base_simulator | Update norms — honest: ['1.22', '0.93', '1.87', '2.14', '1.29'], attacker: ['9.09', '10.31', '9.40', '9.82', '9.52']
2026-05-07 18:39:01 | INFO    | dpfl.core.base_simulator | Round  72/150 | Acc: 0.8842 | Loss: 0.3864 | eps_max: 6.23 eps_avg: 4.18 | P: 0.58 R: 1.00 F1: 0.79
2026-05-07 18:39:01 | DEBUG   | dpfl.core.base_simulator | Update norms — honest: ['1.06', '0.91', '0.83', '1.01', '0.37'], attacker: ['9.11', '9.67', '8.89', '9.93', '9.17']
2026-05-07 18:39:04 | INFO    | dpfl.core.base_simulator | Round  73/150 | Acc: 0.8842 | Loss: 0.3862 | eps_max: 6.23 eps_avg: 4.24 | P: 0.48 R: 1.00 F1: 0.95
2026-05-07 18:39:04 | DEBUG   | dpfl.core.base_simulator | Update norms — honest: ['1.56', '1.28', '0.55', '1.46', '1.31'], attacker: ['9.81', '9.46', '9.69', '9.68', '9.01']
2026-05-07 18:39:07 | INFO    | dpfl.core.base_simulator | Round  74/150 | Acc: 0.8840 | Loss: 0.3867 | eps_max: 6.23 eps_avg: 4.31 | P: 0.51 R: 1.00 F1: 0.91
2026-05-07 18:39:07 | DEBUG   | dpfl.core.base_simulator | Update norms — honest: ['2.11', '1.86', '0.90', '1.33', '0.69'], attacker: ['9.91', '9.08', '9.46', '9.45', '8.48']
2026-05-07 18:39:09 | INFO    | dpfl.core.base_simulator | Round  75/150 | Acc: 0.8841 | Loss: 0.3865 | eps_max: 6.23 eps_avg: 4.38 | P: 0.69 R: 1.00 F1: 0.88
2026-05-07 18:39:09 | DEBUG   | dpfl.core.base_simulator | Update norms — honest: ['0.44', '1.45', '1.78', '0.87', '0.74'], attacker: ['9.20', '9.40', '9.09', '8.97', '8.73']
2026-05-07 18:39:12 | INFO    | dpfl.core.base_simulator | Round  76/150 | Acc: 0.8841 | Loss: 0.3866 | eps_max: 6.23 eps_avg: 4.42 | P: 0.56 R: 1.00 F1: 0.92
2026-05-07 18:39:12 | DEBUG   | dpfl.core.base_simulator | Update norms — honest: ['1.64', '2.11', '1.79', '0.52', '1.76'], attacker: ['9.56', '9.41', '9.33', '9.39', '9.04']
2026-05-07 18:39:15 | INFO    | dpfl.core.base_simulator | Round  77/150 | Acc: 0.8839 | Loss: 0.3869 | eps_max: 6.35 eps_avg: 4.48 | P: 0.53 R: 1.00 F1: 0.91
2026-05-07 18:39:15 | DEBUG   | dpfl.core.base_simulator | Update norms — honest: ['0.28', '1.99', '1.75', '1.85', '0.53'], attacker: ['9.31', '9.24', '9.01', '9.70', '9.22']
2026-05-07 18:39:17 | INFO    | dpfl.core.base_simulator | Round  78/150 | Acc: 0.8838 | Loss: 0.3871 | eps_max: 6.35 eps_avg: 4.53 | P: 0.34 R: 1.00 F1: 0.89
2026-05-07 18:39:17 | DEBUG   | dpfl.core.base_simulator | Update norms — honest: ['2.23', '1.05', '1.24', '1.11', '1.58'], attacker: ['9.70', '9.19', '8.56', '10.06', '9.38']
2026-05-07 18:39:20 | INFO    | dpfl.core.base_simulator | Round  79/150 | Acc: 0.8838 | Loss: 0.3873 | eps_max: 6.39 eps_avg: 4.56 | P: 0.75 R: 1.00 F1: 0.96
2026-05-07 18:39:20 | DEBUG   | dpfl.core.base_simulator | Update norms — honest: ['1.51', '3.02', '2.13', '1.80', '0.97'], attacker: ['9.56', '9.54', '9.18', '8.97', '9.04']
2026-05-07 18:39:22 | INFO    | dpfl.core.base_simulator | Round  80/150 | Acc: 0.8839 | Loss: 0.3873 | eps_max: 6.39 eps_avg: 4.62 | P: 0.56 R: 1.00 F1: 0.79
2026-05-07 18:39:22 | DEBUG   | dpfl.core.base_simulator | Update norms — honest: ['0.27', '1.28', '0.74', '1.07', '1.99'], attacker: ['9.50', '9.36', '8.82', '10.23', '9.21']
2026-05-07 18:39:25 | INFO    | dpfl.core.base_simulator | Round  81/150 | Acc: 0.8838 | Loss: 0.3875 | eps_max: 6.39 eps_avg: 4.66 | P: 0.48 R: 1.00 F1: 0.85
2026-05-07 18:39:25 | DEBUG   | dpfl.core.base_simulator | Update norms — honest: ['1.59', '1.33', '1.20', '2.00', '0.86'], attacker: ['9.89', '9.93', '9.30', '9.81', '8.67']
2026-05-07 18:39:28 | INFO    | dpfl.core.base_simulator | Round  82/150 | Acc: 0.8838 | Loss: 0.3874 | eps_max: 6.39 eps_avg: 4.71 | P: 0.71 R: 1.00 F1: 0.89
2026-05-07 18:39:28 | DEBUG   | dpfl.core.base_simulator | Update norms — honest: ['1.90', '0.72', '1.04', '2.31', '1.18'], attacker: ['9.82', '9.96', '8.99', '9.38', '9.04']
2026-05-07 18:39:30 | INFO    | dpfl.core.base_simulator | Round  83/150 | Acc: 0.8839 | Loss: 0.3872 | eps_max: 6.39 eps_avg: 4.72 | P: 0.56 R: 1.00 F1: 0.96
2026-05-07 18:39:30 | DEBUG   | dpfl.core.base_simulator | Update norms — honest: ['1.18', '1.40', '1.12', '1.84', '0.45'], attacker: ['9.18', '9.89', '9.16', '9.51', '9.40']
2026-05-07 18:39:33 | INFO    | dpfl.core.base_simulator | Round  84/150 | Acc: 0.8838 | Loss: 0.3877 | eps_max: 6.39 eps_avg: 4.76 | P: 0.55 R: 1.00 F1: 0.88
2026-05-07 18:39:33 | DEBUG   | dpfl.core.base_simulator | Update norms — honest: ['1.30', '2.43', '1.26', '1.56', '2.03'], attacker: ['10.02', '9.96', '8.88', '9.81', '8.78']
2026-05-07 18:39:35 | INFO    | dpfl.core.base_simulator | Round  85/150 | Acc: 0.8837 | Loss: 0.3880 | eps_max: 6.39 eps_avg: 4.80 | P: 0.78 R: 1.00 F1: 0.89
2026-05-07 18:39:35 | DEBUG   | dpfl.core.base_simulator | Update norms — honest: ['0.69', '1.17', '2.36', '0.70', '1.94'], attacker: ['9.35', '9.93', '9.07', '10.04', '8.90']
2026-05-07 18:39:38 | INFO    | dpfl.core.base_simulator | Round  86/150 | Acc: 0.8811 | Loss: 910.4557 | eps_max: 6.42 eps_avg: 4.84 | P: 0.36 R: 1.00 F1: 0.92
2026-05-07 18:39:38 | DEBUG   | dpfl.core.base_simulator | Update norms — honest: ['1.91', '1.00', '1.06', '1.83', '1.96'], attacker: ['9.08', '10.02', '9.08', '9.92', '9.35']
2026-05-07 18:39:40 | INFO    | dpfl.core.base_simulator | Round  87/150 | Acc: 0.8811 | Loss: 94.4656 | eps_max: 6.44 eps_avg: 4.86 | P: 0.60 R: 1.00 F1: 0.88
2026-05-07 18:39:40 | DEBUG   | dpfl.core.base_simulator | Update norms — honest: ['0.44', '0.88', '1.38', '2.17', '1.64'], attacker: ['9.35', '9.96', '9.24', '10.37', '9.30']
2026-05-07 18:39:43 | INFO    | dpfl.core.base_simulator | Round  88/150 | Acc: 0.8814 | Loss: 36.6061 | eps_max: 6.86 eps_avg: 4.90 | P: 0.79 R: 1.00 F1: 0.92
2026-05-07 18:39:43 | DEBUG   | dpfl.core.base_simulator | Update norms — honest: ['0.59', '1.38', '1.39', '0.27', '0.67'], attacker: ['10.34', '9.94', '10.15', '9.48', '9.15']
2026-05-07 18:39:45 | INFO    | dpfl.core.base_simulator | Round  89/150 | Acc: 0.8815 | Loss: 34.8369 | eps_max: 6.86 eps_avg: 4.93 | P: 0.53 R: 1.00 F1: 0.94
2026-05-07 18:39:45 | DEBUG   | dpfl.core.base_simulator | Update norms — honest: ['2.89', '0.84', '1.03', '1.28', '0.95'], attacker: ['9.46', '9.78', '8.96', '10.18', '8.84']
2026-05-07 18:39:48 | INFO    | dpfl.core.base_simulator | Round  90/150 | Acc: 0.8819 | Loss: 20.8909 | eps_max: 6.86 eps_avg: 4.97 | P: 0.71 R: 1.00 F1: 0.91
2026-05-07 18:39:48 | DEBUG   | dpfl.core.base_simulator | Update norms — honest: ['0.77', '3.02', '1.19', '1.01', '1.22'], attacker: ['9.97', '10.13', '9.91', '10.09', '9.27']
2026-05-07 18:39:51 | INFO    | dpfl.core.base_simulator | Round  91/150 | Acc: 0.8818 | Loss: 13.6801 | eps_max: 6.99 eps_avg: 5.04 | P: 0.54 R: 1.00 F1: 0.86
2026-05-07 18:39:51 | DEBUG   | dpfl.core.base_simulator | Update norms — honest: ['1.64', '2.02', '0.99', '2.19', '1.65'], attacker: ['9.69', '10.37', '9.51', '9.83', '9.02']
2026-05-07 18:39:54 | INFO    | dpfl.core.base_simulator | Round  92/150 | Acc: 0.8822 | Loss: 6.9961 | eps_max: 6.99 eps_avg: 5.07 | P: 0.43 R: 1.00 F1: 0.79
2026-05-07 18:39:54 | DEBUG   | dpfl.core.base_simulator | Update norms — honest: ['1.40', '1.77', '1.09', '1.37', '1.31'], attacker: ['9.71', '9.87', '9.26', '9.87', '8.92']
2026-05-07 18:39:57 | INFO    | dpfl.core.base_simulator | Round  93/150 | Acc: 0.8820 | Loss: 8.4316 | eps_max: 6.99 eps_avg: 5.10 | P: 0.38 R: 1.00 F1: 0.83
2026-05-07 18:39:57 | DEBUG   | dpfl.core.base_simulator | Update norms — honest: ['1.44', '2.05', '1.17', '2.31', '0.73'], attacker: ['9.57', '9.74', '9.06', '10.02', '9.11']
2026-05-07 18:39:59 | INFO    | dpfl.core.base_simulator | Round  94/150 | Acc: 0.8822 | Loss: 3.7683 | eps_max: 7.30 eps_avg: 5.13 | P: 0.54 R: 1.00 F1: 0.93
2026-05-07 18:39:59 | DEBUG   | dpfl.core.base_simulator | Update norms — honest: ['1.63', '2.53', '2.08', '0.71', '1.19'], attacker: ['9.57', '9.68', '9.62', '10.62', '9.42']
2026-05-07 18:40:02 | INFO    | dpfl.core.base_simulator | Round  95/150 | Acc: 0.8821 | Loss: 4.5055 | eps_max: 7.30 eps_avg: 5.17 | P: 0.58 R: 1.00 F1: 0.95
2026-05-07 18:40:02 | DEBUG   | dpfl.core.base_simulator | Update norms — honest: ['2.45', '1.37', '1.12', '0.27', '1.50'], attacker: ['9.16', '9.62', '9.16', '10.45', '9.31']
2026-05-07 18:40:05 | INFO    | dpfl.core.base_simulator | Round  96/150 | Acc: 0.8822 | Loss: 4.0936 | eps_max: 7.30 eps_avg: 5.22 | P: 0.51 R: 1.00 F1: 0.87
2026-05-07 18:40:05 | DEBUG   | dpfl.core.base_simulator | Update norms — honest: ['2.17', '2.22', '1.41', '1.51', '1.04'], attacker: ['9.84', '10.00', '9.07', '10.25', '8.71']
2026-05-07 18:40:08 | INFO    | dpfl.core.base_simulator | Round  97/150 | Acc: 0.8823 | Loss: 2.6836 | eps_max: 7.48 eps_avg: 5.26 | P: 0.47 R: 1.00 F1: 0.73
2026-05-07 18:40:08 | DEBUG   | dpfl.core.base_simulator | Update norms — honest: ['1.48', '0.88', '2.06', '0.96', '0.88'], attacker: ['9.74', '9.56', '9.96', '9.87', '9.22']
2026-05-07 18:40:11 | INFO    | dpfl.core.base_simulator | Round  98/150 | Acc: 0.8823 | Loss: 2.0626 | eps_max: 7.48 eps_avg: 5.31 | P: 0.51 R: 1.00 F1: 0.89
2026-05-07 18:40:11 | DEBUG   | dpfl.core.base_simulator | Update norms — honest: ['1.10', '1.16', '1.56', '1.54', '1.63'], attacker: ['9.59', '8.94', '9.25', '10.51', '9.23']
2026-05-07 18:40:13 | INFO    | dpfl.core.base_simulator | Round  99/150 | Acc: 0.8821 | Loss: 2.4310 | eps_max: 7.48 eps_avg: 5.32 | P: 0.54 R: 1.00 F1: 0.91
2026-05-07 18:40:13 | DEBUG   | dpfl.core.base_simulator | Update norms — honest: ['1.64', '0.89', '1.12', '1.03', '1.94'], attacker: ['9.78', '10.35', '9.92', '10.10', '9.33']
2026-05-07 18:40:16 | INFO    | dpfl.core.base_simulator | Round 100/150 | Acc: 0.8825 | Loss: 1.3781 | eps_max: 7.48 eps_avg: 5.34 | P: 0.49 R: 1.00 F1: 0.90
2026-05-07 18:40:16 | DEBUG   | dpfl.core.base_simulator | Update norms — honest: ['1.29', '1.42', '2.11', '1.82', '1.58'], attacker: ['9.37', '9.70', '9.36', '11.22', '9.37']
2026-05-07 18:40:18 | INFO    | dpfl.core.base_simulator | Round 101/150 | Acc: 0.8822 | Loss: 2.7581 | eps_max: 7.48 eps_avg: 5.37 | P: 0.47 R: 1.00 F1: 0.89
2026-05-07 18:40:18 | DEBUG   | dpfl.core.base_simulator | Update norms — honest: ['2.69', '1.49', '1.55', '1.25', '1.33'], attacker: ['10.08', '9.29', '9.27', '10.11', '9.25']
2026-05-07 18:40:21 | INFO    | dpfl.core.base_simulator | Round 102/150 | Acc: 0.8823 | Loss: 2.3614 | eps_max: 7.48 eps_avg: 5.40 | P: 0.52 R: 1.00 F1: 0.82
2026-05-07 18:40:21 | DEBUG   | dpfl.core.base_simulator | Update norms — honest: ['1.10', '0.40', '1.66', '0.78', '1.88'], attacker: ['10.50', '10.12', '9.56', '10.04', '9.50']
2026-05-07 18:40:24 | INFO    | dpfl.core.base_simulator | Round 103/150 | Acc: 0.8823 | Loss: 1.3092 | eps_max: 7.48 eps_avg: 5.43 | P: 0.67 R: 1.00 F1: 0.93
2026-05-07 18:40:24 | DEBUG   | dpfl.core.base_simulator | Update norms — honest: ['1.81', '1.70', '0.92', '0.43', '2.27'], attacker: ['10.10', '9.86', '9.97', '9.90', '9.09']
2026-05-07 18:40:27 | INFO    | dpfl.core.base_simulator | Round 104/150 | Acc: 0.8821 | Loss: 2.1629 | eps_max: 7.48 eps_avg: 5.48 | P: 0.55 R: 1.00 F1: 0.85
2026-05-07 18:40:27 | DEBUG   | dpfl.core.base_simulator | Update norms — honest: ['1.32', '0.27', '1.61', '1.08', '1.24'], attacker: ['9.85', '10.36', '9.01', '9.99', '9.27']
2026-05-07 18:40:29 | INFO    | dpfl.core.base_simulator | Round 105/150 | Acc: 0.8819 | Loss: 1.8748 | eps_max: 7.48 eps_avg: 5.51 | P: 0.67 R: 1.00 F1: 0.90
2026-05-07 18:40:29 | DEBUG   | dpfl.core.base_simulator | Update norms — honest: ['0.93', '0.80', '0.62', '2.01', '1.89'], attacker: ['9.73', '10.15', '9.11', '10.24', '9.14']
2026-05-07 18:40:31 | INFO    | dpfl.core.base_simulator | Round 106/150 | Acc: 0.8822 | Loss: 1.7102 | eps_max: 7.48 eps_avg: 5.53 | P: 0.49 R: 1.00 F1: 0.92
2026-05-07 18:40:31 | DEBUG   | dpfl.core.base_simulator | Update norms — honest: ['0.63', '2.41', '1.30', '2.96', '1.08'], attacker: ['9.71', '9.24', '9.23', '10.39', '9.23']
2026-05-07 18:40:34 | INFO    | dpfl.core.base_simulator | Round 107/150 | Acc: 0.8820 | Loss: 1.6233 | eps_max: 7.48 eps_avg: 5.55 | P: 0.42 R: 1.00 F1: 0.84
2026-05-07 18:40:34 | DEBUG   | dpfl.core.base_simulator | Update norms — honest: ['2.20', '2.48', '2.41', '0.65', '0.94'], attacker: ['9.81', '9.40', '9.74', '9.76', '9.46']
2026-05-07 18:40:37 | INFO    | dpfl.core.base_simulator | Round 108/150 | Acc: 0.8816 | Loss: 2.2118 | eps_max: 7.48 eps_avg: 5.57 | P: 0.59 R: 1.00 F1: 0.87
2026-05-07 18:40:37 | DEBUG   | dpfl.core.base_simulator | Update norms — honest: ['3.63', '2.12', '1.96', '1.34', '0.86'], attacker: ['9.92', '9.34', '9.38', '9.85', '9.62']
2026-05-07 18:40:40 | INFO    | dpfl.core.base_simulator | Round 109/150 | Acc: 0.8817 | Loss: 1.7488 | eps_max: 7.48 eps_avg: 5.59 | P: 0.61 R: 1.00 F1: 0.95
2026-05-07 18:40:40 | DEBUG   | dpfl.core.base_simulator | Update norms — honest: ['2.60', '2.09', '1.38', '0.97', '1.14'], attacker: ['9.82', '9.81', '10.20', '9.87', '8.92']
2026-05-07 18:40:43 | INFO    | dpfl.core.base_simulator | Round 110/150 | Acc: 0.8814 | Loss: 1.9187 | eps_max: 7.48 eps_avg: 5.64 | P: 0.58 R: 1.00 F1: 0.88
2026-05-07 18:40:43 | DEBUG   | dpfl.core.base_simulator | Update norms — honest: ['1.49', '1.65', '0.42', '3.09', '0.61'], attacker: ['10.08', '9.33', '9.36', '9.96', '9.19']
2026-05-07 18:40:46 | INFO    | dpfl.core.base_simulator | Round 111/150 | Acc: 0.8814 | Loss: 1.1778 | eps_max: 7.48 eps_avg: 5.69 | P: 0.49 R: 1.00 F1: 0.83
2026-05-07 18:40:46 | DEBUG   | dpfl.core.base_simulator | Update norms — honest: ['2.56', '1.90', '1.77', '1.96', '1.10'], attacker: ['9.91', '9.65', '9.10', '9.56', '8.74']
2026-05-07 18:40:49 | INFO    | dpfl.core.base_simulator | Round 112/150 | Acc: 0.8811 | Loss: 1.5358 | eps_max: 7.48 eps_avg: 5.72 | P: 0.48 R: 1.00 F1: 0.82
2026-05-07 18:40:49 | DEBUG   | dpfl.core.base_simulator | Update norms — honest: ['2.53', '0.47', '1.77', '2.55', '1.54'], attacker: ['9.90', '10.34', '9.88', '9.91', '8.65']
2026-05-07 18:40:51 | INFO    | dpfl.core.base_simulator | Round 113/150 | Acc: 0.8815 | Loss: 1.1687 | eps_max: 7.48 eps_avg: 5.73 | P: 0.80 R: 1.00 F1: 0.96
2026-05-07 18:40:51 | DEBUG   | dpfl.core.base_simulator | Update norms — honest: ['1.55', '0.59', '1.61', '1.72', '1.84'], attacker: ['9.73', '10.31', '9.17', '9.05', '9.43']
2026-05-07 18:40:54 | INFO    | dpfl.core.base_simulator | Round 114/150 | Acc: 0.8809 | Loss: 2.4666 | eps_max: 7.48 eps_avg: 5.76 | P: 0.51 R: 1.00 F1: 0.77
2026-05-07 18:40:54 | DEBUG   | dpfl.core.base_simulator | Update norms — honest: ['2.20', '2.19', '1.27', '1.47', '0.84'], attacker: ['9.78', '8.93', '10.07', '9.83', '9.43']
2026-05-07 18:40:56 | INFO    | dpfl.core.base_simulator | Round 115/150 | Acc: 0.8809 | Loss: 1.5697 | eps_max: 7.48 eps_avg: 5.78 | P: 0.76 R: 1.00 F1: 0.93
2026-05-07 18:40:56 | DEBUG   | dpfl.core.base_simulator | Update norms — honest: ['0.00', '1.81', '1.60', '1.89', '1.87'], attacker: ['10.12', '9.64', '9.17', '9.75', '9.13']
2026-05-07 18:40:59 | INFO    | dpfl.core.base_simulator | Round 116/150 | Acc: 0.8808 | Loss: 1.4039 | eps_max: 7.48 eps_avg: 5.80 | P: 0.52 R: 1.00 F1: 0.92
2026-05-07 18:40:59 | DEBUG   | dpfl.core.base_simulator | Update norms — honest: ['0.49', '1.33', '0.80', '1.34', '1.61'], attacker: ['9.85', '9.61', '9.66', '9.91', '9.54']
2026-05-07 18:41:02 | INFO    | dpfl.core.base_simulator | Round 117/150 | Acc: 0.8804 | Loss: 1.8597 | eps_max: 7.52 eps_avg: 5.84 | P: 0.45 R: 1.00 F1: 0.72
2026-05-07 18:41:02 | DEBUG   | dpfl.core.base_simulator | Update norms — honest: ['0.90', '1.98', '2.04', '3.32', '2.73'], attacker: ['10.22', '9.59', '9.60', '10.08', '8.98']
2026-05-07 18:41:04 | INFO    | dpfl.core.base_simulator | Round 118/150 | Acc: 0.8803 | Loss: 2.5263 | eps_max: 7.52 eps_avg: 5.87 | P: 0.47 R: 1.00 F1: 0.90
2026-05-07 18:41:04 | DEBUG   | dpfl.core.base_simulator | Update norms — honest: ['1.82', '0.91', '2.05', '1.34', '2.01'], attacker: ['9.79', '10.05', '9.04', '9.58', '9.32']
2026-05-07 18:41:08 | INFO    | dpfl.core.base_simulator | Round 119/150 | Acc: 0.8800 | Loss: 1.1406 | eps_max: 7.54 eps_avg: 5.91 | P: 0.51 R: 1.00 F1: 0.83
2026-05-07 18:41:08 | DEBUG   | dpfl.core.base_simulator | Update norms — honest: ['1.61', '1.83', '1.61', '1.84', '2.59'], attacker: ['10.53', '9.61', '9.64', '10.07', '9.68']
2026-05-07 18:41:10 | INFO    | dpfl.core.base_simulator | Round 120/150 | Acc: 0.8800 | Loss: 1.2130 | eps_max: 7.54 eps_avg: 5.94 | P: 0.49 R: 1.00 F1: 0.89
2026-05-07 18:41:10 | DEBUG   | dpfl.core.base_simulator | Update norms — honest: ['1.06', '1.48', '2.61', '1.97', '1.44'], attacker: ['10.51', '10.39', '9.40', '10.08', '9.80']
2026-05-07 18:41:13 | INFO    | dpfl.core.base_simulator | Round 121/150 | Acc: 0.8799 | Loss: 1.0148 | eps_max: 7.54 eps_avg: 5.97 | P: 0.55 R: 1.00 F1: 0.85
2026-05-07 18:41:13 | DEBUG   | dpfl.core.base_simulator | Update norms — honest: ['2.49', '2.80', '2.34', '1.09', '1.37'], attacker: ['9.84', '10.16', '9.47', '9.55', '8.74']
2026-05-07 18:41:16 | INFO    | dpfl.core.base_simulator | Round 122/150 | Acc: 0.8796 | Loss: 0.9955 | eps_max: 7.59 eps_avg: 5.99 | P: 0.51 R: 1.00 F1: 0.87
2026-05-07 18:41:16 | DEBUG   | dpfl.core.base_simulator | Update norms — honest: ['2.36', '2.47', '1.85', '2.18', '1.33'], attacker: ['10.46', '9.43', '9.73', '10.31', '9.18']
2026-05-07 18:41:19 | INFO    | dpfl.core.base_simulator | Round 123/150 | Acc: 0.8795 | Loss: 1.0338 | eps_max: 7.59 eps_avg: 6.01 | P: 0.56 R: 1.00 F1: 0.87
2026-05-07 18:41:19 | DEBUG   | dpfl.core.base_simulator | Update norms — honest: ['0.90', '2.88', '1.82', '1.23', '1.31'], attacker: ['9.84', '9.38', '9.45', '10.17', '8.94']
2026-05-07 18:41:21 | INFO    | dpfl.core.base_simulator | Round 124/150 | Acc: 0.8791 | Loss: 1.3326 | eps_max: 7.59 eps_avg: 6.02 | P: 0.46 R: 1.00 F1: 0.88
2026-05-07 18:41:21 | DEBUG   | dpfl.core.base_simulator | Update norms — honest: ['2.85', '1.45', '2.20', '0.71', '1.13'], attacker: ['10.12', '9.20', '9.57', '9.86', '10.01']
2026-05-07 18:41:23 | INFO    | dpfl.core.base_simulator | Round 125/150 | Acc: 0.8796 | Loss: 0.9964 | eps_max: 7.59 eps_avg: 6.04 | P: 0.52 R: 1.00 F1: 0.97
2026-05-07 18:41:23 | DEBUG   | dpfl.core.base_simulator | Update norms — honest: ['1.22', '1.60', '0.26', '1.87', '2.29'], attacker: ['9.98', '9.65', '9.06', '10.06', '9.45']
2026-05-07 18:41:26 | INFO    | dpfl.core.base_simulator | Round 126/150 | Acc: 0.8794 | Loss: 1.0246 | eps_max: 7.59 eps_avg: 6.06 | P: 0.71 R: 1.00 F1: 0.94
2026-05-07 18:41:26 | DEBUG   | dpfl.core.base_simulator | Update norms — honest: ['1.42', '1.06', '1.73', '2.21', '1.95'], attacker: ['10.84', '9.81', '9.26', '9.72', '9.11']
2026-05-07 18:41:28 | INFO    | dpfl.core.base_simulator | Round 127/150 | Acc: 0.8795 | Loss: 1.0585 | eps_max: 7.59 eps_avg: 6.07 | P: 0.64 R: 1.00 F1: 0.92
2026-05-07 18:41:28 | DEBUG   | dpfl.core.base_simulator | Update norms — honest: ['1.96', '0.90', '1.46', '1.78', '1.76'], attacker: ['10.17', '9.89', '9.16', '9.43', '9.20']
2026-05-07 18:41:31 | INFO    | dpfl.core.base_simulator | Round 128/150 | Acc: 0.8790 | Loss: 1.0412 | eps_max: 7.59 eps_avg: 6.10 | P: 0.49 R: 1.00 F1: 0.87
2026-05-07 18:41:31 | DEBUG   | dpfl.core.base_simulator | Update norms — honest: ['3.57', '2.45', '1.39', '1.85', '0.80'], attacker: ['33.27', '36.58', '39.38', '61.30', '42.40']
2026-05-07 18:41:33 | INFO    | dpfl.core.base_simulator | Round 129/150 | Acc: 0.8791 | Loss: 1.2922 | eps_max: 7.59 eps_avg: 6.12 | P: 0.58 R: 1.00 F1: 0.84
2026-05-07 18:41:33 | DEBUG   | dpfl.core.base_simulator | Update norms — honest: ['1.07', '0.66', '1.63', '0.71', '0.75'], attacker: ['33.85', '36.05', '39.54', '60.91', '42.49']
2026-05-07 18:41:36 | INFO    | dpfl.core.base_simulator | Round 130/150 | Acc: 0.8791 | Loss: 1.0296 | eps_max: 7.69 eps_avg: 6.14 | P: 0.54 R: 1.00 F1: 0.87
2026-05-07 18:41:36 | DEBUG   | dpfl.core.base_simulator | Update norms — honest: ['1.95', '1.08', '1.24', '2.47', '1.00'], attacker: ['34.55', '36.65', '39.78', '60.86', '40.35']
2026-05-07 18:41:39 | INFO    | dpfl.core.base_simulator | Round 131/150 | Acc: 0.8789 | Loss: 1.0755 | eps_max: 7.69 eps_avg: 6.16 | P: 0.57 R: 1.00 F1: 0.94
2026-05-07 18:41:39 | DEBUG   | dpfl.core.base_simulator | Update norms — honest: ['1.18', '1.39', '0.75', '1.92', '2.94'], attacker: ['33.71', '36.23', '39.50', '61.22', '41.93']
2026-05-07 18:41:41 | INFO    | dpfl.core.base_simulator | Round 132/150 | Acc: 0.8789 | Loss: 0.9941 | eps_max: 7.69 eps_avg: 6.17 | P: 0.71 R: 1.00 F1: 0.85
2026-05-07 18:41:41 | DEBUG   | dpfl.core.base_simulator | Update norms — honest: ['2.00', '1.61', '2.16', '1.95', '3.04'], attacker: ['33.66', '36.57', '39.80', '62.06', '40.43']
2026-05-07 18:41:44 | INFO    | dpfl.core.base_simulator | Round 133/150 | Acc: 0.8787 | Loss: 1.0084 | eps_max: 7.72 eps_avg: 6.20 | P: 0.30 R: 1.00 F1: 0.76
2026-05-07 18:41:44 | DEBUG   | dpfl.core.base_simulator | Update norms — honest: ['2.24', '2.15', '1.99', '1.76', '2.16'], attacker: ['34.45', '37.01', '39.43', '61.23', '41.43']
2026-05-07 18:41:47 | INFO    | dpfl.core.base_simulator | Round 134/150 | Acc: 0.8783 | Loss: 1.0758 | eps_max: 7.74 eps_avg: 6.22 | P: 0.56 R: 1.00 F1: 0.92
2026-05-07 18:41:47 | DEBUG   | dpfl.core.base_simulator | Update norms — honest: ['3.01', '1.36', '1.93', '1.46', '2.47'], attacker: ['34.48', '36.02', '38.36', '60.60', '41.40']
2026-05-07 18:41:49 | INFO    | dpfl.core.base_simulator | Round 135/150 | Acc: 0.8782 | Loss: 1.0624 | eps_max: 7.74 eps_avg: 6.25 | P: 0.70 R: 1.00 F1: 0.93
2026-05-07 18:41:49 | DEBUG   | dpfl.core.base_simulator | Update norms — honest: ['0.50', '2.48', '1.58', '1.71', '2.42'], attacker: ['33.88', '36.49', '40.32', '61.35', '42.31']
2026-05-07 18:41:52 | INFO    | dpfl.core.base_simulator | Round 136/150 | Acc: 0.8782 | Loss: 0.9805 | eps_max: 7.74 eps_avg: 6.26 | P: 0.45 R: 1.00 F1: 0.90
2026-05-07 18:41:52 | DEBUG   | dpfl.core.base_simulator | Update norms — honest: ['0.00', '2.72', '2.12', '2.36', '1.67'], attacker: ['34.25', '34.86', '40.51', '61.96', '41.17']
2026-05-07 18:41:54 | INFO    | dpfl.core.base_simulator | Round 137/150 | Acc: 0.8779 | Loss: 1.7287 | eps_max: 7.81 eps_avg: 6.28 | P: 0.68 R: 1.00 F1: 0.95
2026-05-07 18:41:54 | DEBUG   | dpfl.core.base_simulator | Update norms — honest: ['1.43', '1.04', '1.11', '1.41', '0.69'], attacker: ['35.26', '36.37', '41.03', '62.45', '41.05']
2026-05-07 18:41:57 | INFO    | dpfl.core.base_simulator | Round 138/150 | Acc: 0.8777 | Loss: 1.0482 | eps_max: 7.93 eps_avg: 6.30 | P: 0.61 R: 1.00 F1: 0.86
2026-05-07 18:41:57 | DEBUG   | dpfl.core.base_simulator | Update norms — honest: ['2.17', '2.18', '2.84', '2.55', '2.26'], attacker: ['33.58', '36.29', '40.44', '61.13', '42.11']
2026-05-07 18:42:00 | INFO    | dpfl.core.base_simulator | Round 139/150 | Acc: 0.8775 | Loss: 1.0312 | eps_max: 7.93 eps_avg: 6.32 | P: 0.60 R: 1.00 F1: 0.92
2026-05-07 18:42:00 | DEBUG   | dpfl.core.base_simulator | Update norms — honest: ['2.73', '1.55', '1.88', '1.56', '1.23'], attacker: ['33.52', '36.72', '39.68', '61.20', '41.65']
2026-05-07 18:42:02 | INFO    | dpfl.core.base_simulator | Round 140/150 | Acc: 0.8774 | Loss: 1.0497 | eps_max: 7.93 eps_avg: 6.34 | P: 0.61 R: 1.00 F1: 0.92
2026-05-07 18:42:02 | DEBUG   | dpfl.core.base_simulator | Update norms — honest: ['2.31', '2.18', '3.35', '2.76', '2.12'], attacker: ['33.14', '35.23', '40.22', '61.10', '41.81']
2026-05-07 18:42:05 | INFO    | dpfl.core.base_simulator | Round 141/150 | Acc: 0.8775 | Loss: 1.0579 | eps_max: 7.93 eps_avg: 6.35 | P: 0.39 R: 1.00 F1: 0.90
2026-05-07 18:42:05 | DEBUG   | dpfl.core.base_simulator | Update norms — honest: ['2.06', '1.26', '1.39', '1.31', '1.77'], attacker: ['33.85', '35.61', '38.74', '60.54', '42.43']
2026-05-07 18:42:08 | INFO    | dpfl.core.base_simulator | Round 142/150 | Acc: 0.8772 | Loss: 1.0277 | eps_max: 8.06 eps_avg: 6.37 | P: 0.40 R: 1.00 F1: 0.81
2026-05-07 18:42:08 | DEBUG   | dpfl.core.base_simulator | Update norms — honest: ['3.24', '2.03', '2.41', '0.99', '1.20'], attacker: ['33.40', '36.14', '40.72', '61.24', '42.01']
2026-05-07 18:42:08 | WARNING | dpfl.algorithms.noise_game.simulator | Round 142/150 | Budget exceeded (eps_max=8.06 > 8.00)
2026-05-07 18:42:10 | INFO    | dpfl | Experiment complete in 700.8s
============================================================
REPORT: DP-SGD Decentralized Federated Learning
============================================================
Timestamp:                  20260507_183027
Rounds completed:           142
Attack-active rounds:       92  (from round 50)
Final accuracy:             0.8772
Final test loss:            1.0277
Final epsilon (max honest): 8.06
Final epsilon (avg honest): 6.37
Best alpha:                 1000.0
Avg precision:              0.5513
Avg recall:                 1.0000
Avg F1 score:               0.8868
Avg update norm (honest):   1.2412
Avg update norm (attacker): 1760.0791

eps_system (max honest): 8.0586
eps_avg (honest):        6.3748
eps_std (honest):        0.9514
n_frozen:                0/300
============================================================
