2026-05-06 12:44:57 | INFO    | dpfl | Experiment start: algorithm=noise_game, dataset=fashion_mnist, model=mlp, device=cuda
2026-05-06 12:44:57 | INFO    | dpfl | Config: nodes=500, attackers=100, rounds=150, noise_mode=none, attack=scale
2026-05-06 12:44:57 | INFO    | dpfl.data.fashion_mnist_dataset | Loading Fashion-MNIST dataset...
2026-05-06 12:44:57 | INFO    | dpfl.data.fashion_mnist_dataset | Fashion-MNIST loaded: 60000 train, 10000 test samples
2026-05-06 12:45:58 | INFO    | dpfl.core.base_simulator | Vectorized state ready: param_spec.D=50890, X_test=(10000, 1, 28, 28), train clients N=500, max_n_samples=1000
2026-05-06 12:45:58 | INFO    | dpfl.core.base_simulator | Setup complete: 500 nodes (100 attackers), param_dim=50890, split=iid
2026-05-06 12:45:58 | DEBUG   | dpfl.core.base_simulator | Attacker IDs: {0, 1, 2, 3, 4, 5, 6, 7, 8, 9, 10, 11, 12, 13, 14, 15, 16, 17, 18, 19, 20, 21, 22, 23, 24, 25, 26, 27, 28, 29, 30, 31, 32, 33, 34, 35, 36, 37, 38, 39, 40, 41, 42, 43, 44, 45, 46, 47, 48, 49, 50, 51, 52, 53, 54, 55, 56, 57, 58, 59, 60, 61, 62, 63, 64, 65, 66, 67, 68, 69, 70, 71, 72, 73, 74, 75, 76, 77, 78, 79, 80, 81, 82, 83, 84, 85, 86, 87, 88, 89, 90, 91, 92, 93, 94, 95, 96, 97, 98, 99}
2026-05-06 12:46:07 | INFO    | dpfl.core.base_simulator | Round   1/150 | Acc: 0.4576 | Loss: 1.9728 | eps_max: 1.91 eps_avg: 0.43 | P: 0.00 R: nan F1: nan
2026-05-06 12:46:07 | DEBUG   | dpfl.core.base_simulator | Update norms — honest: ['0.56', '0.56', '0.56', '0.56', '0.56'], attacker: ['0.56', '0.57', '0.57', '0.56', '0.56']
2026-05-06 12:46:14 | INFO    | dpfl.core.base_simulator | Round   2/150 | Acc: 0.5716 | Loss: 1.7063 | eps_max: 1.94 eps_avg: 0.50 | P: 0.00 R: nan F1: nan
2026-05-06 12:46:14 | DEBUG   | dpfl.core.base_simulator | Update norms — honest: ['0.56', '0.56', '0.56', '0.56', '0.56'], attacker: ['0.95', '0.97', '0.97', '0.96', '0.96']
2026-05-06 12:46:22 | INFO    | dpfl.core.base_simulator | Round   3/150 | Acc: 0.6215 | Loss: 1.4821 | eps_max: 2.05 eps_avg: 0.59 | P: 0.00 R: nan F1: nan
2026-05-06 12:46:22 | DEBUG   | dpfl.core.base_simulator | Update norms — honest: ['0.55', '0.55', '0.55', '0.55', '0.55'], attacker: ['1.52', '1.50', '1.52', '1.54', '1.50']
2026-05-06 12:46:31 | INFO    | dpfl.core.base_simulator | Round   4/150 | Acc: 0.6508 | Loss: 1.3061 | eps_max: 2.18 eps_avg: 0.72 | P: 0.00 R: nan F1: nan
2026-05-06 12:46:31 | DEBUG   | dpfl.core.base_simulator | Update norms — honest: ['0.55', '0.55', '0.55', '0.55', '0.55'], attacker: ['1.99', '2.03', '2.00', '2.02', '2.01']
2026-05-06 12:46:39 | INFO    | dpfl.core.base_simulator | Round   5/150 | Acc: 0.6731 | Loss: 1.1764 | eps_max: 2.34 eps_avg: 0.81 | P: 0.00 R: nan F1: nan
2026-05-06 12:46:39 | DEBUG   | dpfl.core.base_simulator | Update norms — honest: ['0.54', '0.54', '0.54', '0.54', '0.54'], attacker: ['2.44', '2.44', '2.41', '2.41', '2.45']
2026-05-06 12:46:47 | INFO    | dpfl.core.base_simulator | Round   6/150 | Acc: 0.6904 | Loss: 1.0822 | eps_max: 2.45 eps_avg: 0.90 | P: 0.00 R: nan F1: nan
2026-05-06 12:46:47 | DEBUG   | dpfl.core.base_simulator | Update norms — honest: ['0.54', '0.97', '1.03', '0.53', '1.01'], attacker: ['2.81', '2.89', '2.84', '2.83', '2.86']
2026-05-06 12:46:55 | INFO    | dpfl.core.base_simulator | Round   7/150 | Acc: 0.7022 | Loss: 1.0118 | eps_max: 2.49 eps_avg: 0.96 | P: 0.00 R: nan F1: nan
2026-05-06 12:46:55 | DEBUG   | dpfl.core.base_simulator | Update norms — honest: ['1.00', '0.53', '0.95', '0.53', '0.53'], attacker: ['3.16', '3.24', '3.27', '3.13', '3.19']
2026-05-06 12:47:04 | INFO    | dpfl.core.base_simulator | Round   8/150 | Acc: 0.7103 | Loss: 0.9579 | eps_max: 2.54 eps_avg: 1.04 | P: 0.00 R: nan F1: nan
2026-05-06 12:47:04 | DEBUG   | dpfl.core.base_simulator | Update norms — honest: ['0.53', '0.91', '0.83', '0.53', '0.53'], attacker: ['3.66', '3.51', '3.55', '3.61', '3.40']
2026-05-06 12:47:12 | INFO    | dpfl.core.base_simulator | Round   9/150 | Acc: 0.7169 | Loss: 0.9149 | eps_max: 2.58 eps_avg: 1.13 | P: 0.00 R: nan F1: nan
2026-05-06 12:47:12 | DEBUG   | dpfl.core.base_simulator | Update norms — honest: ['0.52', '0.52', '0.94', '1.41', '0.52'], attacker: ['3.91', '3.81', '3.90', '3.97', '3.92']
2026-05-06 12:47:21 | INFO    | dpfl.core.base_simulator | Round  10/150 | Acc: 0.7226 | Loss: 0.8797 | eps_max: 2.63 eps_avg: 1.20 | P: 0.00 R: nan F1: nan
2026-05-06 12:47:21 | DEBUG   | dpfl.core.base_simulator | Update norms — honest: ['0.90', '0.51', '0.72', '0.51', '0.77'], attacker: ['3.91', '4.23', '4.28', '4.27', '4.26']
2026-05-06 12:47:29 | INFO    | dpfl.core.base_simulator | Round  11/150 | Acc: 0.7275 | Loss: 0.8505 | eps_max: 2.71 eps_avg: 1.29 | P: 0.00 R: nan F1: nan
2026-05-06 12:47:29 | DEBUG   | dpfl.core.base_simulator | Update norms — honest: ['0.51', '0.51', '0.93', '0.51', '0.51'], attacker: ['4.40', '4.37', '4.52', '4.60', '4.41']
2026-05-06 12:47:38 | INFO    | dpfl.core.base_simulator | Round  12/150 | Acc: 0.7321 | Loss: 0.8256 | eps_max: 2.78 eps_avg: 1.35 | P: 0.00 R: nan F1: nan
2026-05-06 12:47:38 | DEBUG   | dpfl.core.base_simulator | Update norms — honest: ['0.50', '0.88', '0.93', '0.51', '1.42'], attacker: ['4.62', '4.66', '4.87', '4.96', '4.74']
2026-05-06 12:47:47 | INFO    | dpfl.core.base_simulator | Round  13/150 | Acc: 0.7359 | Loss: 0.8044 | eps_max: 2.87 eps_avg: 1.42 | P: 0.00 R: nan F1: nan
2026-05-06 12:47:47 | DEBUG   | dpfl.core.base_simulator | Update norms — honest: ['1.25', '0.50', '1.80', '1.41', '0.92'], attacker: ['4.97', '4.88', '4.79', '4.98', '5.11']
2026-05-06 12:47:55 | INFO    | dpfl.core.base_simulator | Round  14/150 | Acc: 0.7399 | Loss: 0.7857 | eps_max: 2.97 eps_avg: 1.47 | P: 0.00 R: nan F1: nan
2026-05-06 12:47:55 | DEBUG   | dpfl.core.base_simulator | Update norms — honest: ['0.81', '0.79', '0.49', '0.50', '0.90'], attacker: ['5.12', '5.09', '4.82', '5.48', '5.54']
2026-05-06 12:48:03 | INFO    | dpfl.core.base_simulator | Round  15/150 | Acc: 0.7433 | Loss: 0.7693 | eps_max: 3.05 eps_avg: 1.53 | P: 0.00 R: nan F1: nan
2026-05-06 12:48:03 | DEBUG   | dpfl.core.base_simulator | Update norms — honest: ['0.69', '0.49', '1.60', '0.49', '0.49'], attacker: ['5.47', '5.56', '5.65', '5.67', '5.65']
2026-05-06 12:48:11 | INFO    | dpfl.core.base_simulator | Round  16/150 | Acc: 0.7462 | Loss: 0.7553 | eps_max: 3.14 eps_avg: 1.59 | P: 0.00 R: nan F1: nan
2026-05-06 12:48:11 | DEBUG   | dpfl.core.base_simulator | Update norms — honest: ['0.67', '0.87', '1.83', '1.39', '0.48'], attacker: ['5.31', '5.99', '5.68', '5.43', '5.38']
2026-05-06 12:48:20 | INFO    | dpfl.core.base_simulator | Round  17/150 | Acc: 0.7488 | Loss: 0.7426 | eps_max: 3.31 eps_avg: 1.63 | P: 0.00 R: nan F1: nan
2026-05-06 12:48:20 | DEBUG   | dpfl.core.base_simulator | Update norms — honest: ['0.85', '1.37', '1.66', '0.48', '1.33'], attacker: ['5.35', '6.05', '6.25', '5.75', '4.83']
2026-05-06 12:48:28 | INFO    | dpfl.core.base_simulator | Round  18/150 | Acc: 0.7516 | Loss: 0.7310 | eps_max: 3.47 eps_avg: 1.69 | P: 0.00 R: nan F1: nan
2026-05-06 12:48:28 | DEBUG   | dpfl.core.base_simulator | Update norms — honest: ['1.09', '1.44', '0.48', '0.81', '0.80'], attacker: ['5.66', '6.26', '5.92', '5.46', '5.34']
2026-05-06 12:48:37 | INFO    | dpfl.core.base_simulator | Round  19/150 | Acc: 0.7540 | Loss: 0.7209 | eps_max: 3.52 eps_avg: 1.75 | P: 0.00 R: nan F1: nan
2026-05-06 12:48:37 | DEBUG   | dpfl.core.base_simulator | Update norms — honest: ['0.47', '1.95', '0.47', '0.83', '0.47'], attacker: ['5.60', '6.26', '6.09', '6.43', '6.33']
2026-05-06 12:48:45 | INFO    | dpfl.core.base_simulator | Round  20/150 | Acc: 0.7563 | Loss: 0.7114 | eps_max: 3.55 eps_avg: 1.80 | P: 0.00 R: nan F1: nan
2026-05-06 12:48:45 | DEBUG   | dpfl.core.base_simulator | Update norms — honest: ['1.22', '1.44', '1.59', '1.00', '0.47'], attacker: ['5.66', '6.22', '6.48', '6.22', '6.44']
2026-05-06 12:48:54 | INFO    | dpfl.core.base_simulator | Round  21/150 | Acc: 0.7583 | Loss: 0.7030 | eps_max: 3.58 eps_avg: 1.86 | P: 0.00 R: nan F1: nan
2026-05-06 12:48:54 | DEBUG   | dpfl.core.base_simulator | Update norms — honest: ['0.46', '0.46', '1.92', '0.58', '0.78'], attacker: ['4.97', '6.64', '6.30', '5.91', '6.65']
2026-05-06 12:49:02 | INFO    | dpfl.core.base_simulator | Round  22/150 | Acc: 0.7602 | Loss: 0.6954 | eps_max: 3.62 eps_avg: 1.90 | P: 0.00 R: nan F1: nan
2026-05-06 12:49:02 | DEBUG   | dpfl.core.base_simulator | Update norms — honest: ['1.15', '0.81', '0.57', '1.24', '0.46'], attacker: ['4.73', '6.34', '6.10', '5.97', '6.74']
2026-05-06 12:49:10 | INFO    | dpfl.core.base_simulator | Round  23/150 | Acc: 0.7619 | Loss: 0.6880 | eps_max: 3.66 eps_avg: 1.95 | P: 0.00 R: nan F1: nan
2026-05-06 12:49:10 | DEBUG   | dpfl.core.base_simulator | Update norms — honest: ['0.80', '1.23', '1.87', '0.71', '0.85'], attacker: ['6.32', '6.15', '6.39', '6.32', '6.22']
2026-05-06 12:49:25 | INFO    | dpfl.core.base_simulator | Round  24/150 | Acc: 0.7639 | Loss: 0.6815 | eps_max: 3.69 eps_avg: 2.00 | P: 0.00 R: nan F1: nan
2026-05-06 12:49:25 | DEBUG   | dpfl.core.base_simulator | Update norms — honest: ['1.73', '0.39', '1.33', '1.39', '0.45'], attacker: ['5.95', '7.01', '6.45', '6.96', '5.59']
2026-05-06 12:49:55 | INFO    | dpfl.core.base_simulator | Round  25/150 | Acc: 0.7655 | Loss: 0.6753 | eps_max: 3.71 eps_avg: 2.05 | P: 0.00 R: nan F1: nan
2026-05-06 12:49:55 | DEBUG   | dpfl.core.base_simulator | Update norms — honest: ['2.01', '0.89', '0.44', '0.76', '0.80'], attacker: ['5.88', '6.67', '6.95', '6.95', '6.00']
2026-05-06 12:50:01 | INFO    | dpfl.core.base_simulator | Round  26/150 | Acc: 0.7669 | Loss: 0.6699 | eps_max: 3.74 eps_avg: 2.10 | P: 0.00 R: nan F1: nan
2026-05-06 12:50:01 | DEBUG   | dpfl.core.base_simulator | Update norms — honest: ['0.44', '0.59', '0.70', '1.13', '0.44'], attacker: ['6.29', '6.15', '7.06', '7.18', '5.79']
2026-05-06 12:50:09 | INFO    | dpfl.core.base_simulator | Round  27/150 | Acc: 0.7683 | Loss: 0.6644 | eps_max: 3.78 eps_avg: 2.15 | P: 0.00 R: nan F1: nan
2026-05-06 12:50:09 | DEBUG   | dpfl.core.base_simulator | Update norms — honest: ['1.17', '0.42', '1.41', '0.94', '0.43'], attacker: ['6.01', '6.00', '5.88', '6.75', '5.84']
2026-05-06 12:50:18 | INFO    | dpfl.core.base_simulator | Round  28/150 | Acc: 0.7698 | Loss: 0.6597 | eps_max: 3.81 eps_avg: 2.19 | P: 0.00 R: nan F1: nan
2026-05-06 12:50:18 | DEBUG   | dpfl.core.base_simulator | Update norms — honest: ['0.57', '0.43', '0.43', '1.19', '1.59'], attacker: ['7.20', '6.36', '4.97', '6.54', '4.81']
2026-05-06 12:50:27 | INFO    | dpfl.core.base_simulator | Round  29/150 | Acc: 0.7711 | Loss: 0.6550 | eps_max: 3.83 eps_avg: 2.25 | P: 0.00 R: nan F1: nan
2026-05-06 12:50:27 | DEBUG   | dpfl.core.base_simulator | Update norms — honest: ['1.77', '0.42', '0.86', '1.58', '1.12'], attacker: ['6.51', '6.51', '4.94', '6.75', '3.40']
2026-05-06 12:50:35 | INFO    | dpfl.core.base_simulator | Round  30/150 | Acc: 0.7722 | Loss: 0.6507 | eps_max: 3.86 eps_avg: 2.28 | P: 0.00 R: nan F1: nan
2026-05-06 12:50:35 | DEBUG   | dpfl.core.base_simulator | Update norms — honest: ['0.45', '1.02', '0.68', '1.39', '0.42'], attacker: ['6.46', '6.57', '4.33', '6.38', '5.12']
2026-05-06 12:50:44 | INFO    | dpfl.core.base_simulator | Round  31/150 | Acc: 0.7734 | Loss: 0.6467 | eps_max: 3.90 eps_avg: 2.33 | P: 0.00 R: nan F1: nan
2026-05-06 12:50:44 | DEBUG   | dpfl.core.base_simulator | Update norms — honest: ['0.55', '0.58', '1.91', '0.42', '0.37'], attacker: ['6.19', '6.31', '6.57', '6.65', '5.77']
2026-05-06 12:50:52 | INFO    | dpfl.core.base_simulator | Round  32/150 | Acc: 0.7745 | Loss: 0.6427 | eps_max: 3.93 eps_avg: 2.36 | P: 0.00 R: nan F1: nan
2026-05-06 12:50:52 | DEBUG   | dpfl.core.base_simulator | Update norms — honest: ['0.58', '0.61', '1.24', '0.41', '1.08'], attacker: ['6.28', '5.78', '6.07', '6.40', '5.70']
2026-05-06 12:51:01 | INFO    | dpfl.core.base_simulator | Round  33/150 | Acc: 0.7755 | Loss: 0.6393 | eps_max: 3.96 eps_avg: 2.40 | P: 0.00 R: nan F1: nan
2026-05-06 12:51:01 | DEBUG   | dpfl.core.base_simulator | Update norms — honest: ['0.98', '0.41', '1.77', '0.73', '1.69'], attacker: ['6.09', '6.62', '5.51', '6.19', '6.25']
2026-05-06 12:51:09 | INFO    | dpfl.core.base_simulator | Round  34/150 | Acc: 0.7765 | Loss: 0.6360 | eps_max: 4.00 eps_avg: 2.43 | P: 0.00 R: nan F1: nan
2026-05-06 12:51:09 | DEBUG   | dpfl.core.base_simulator | Update norms — honest: ['1.04', '1.68', '0.40', '0.60', '0.40'], attacker: ['4.35', '5.54', '6.36', '6.63', '4.19']
2026-05-06 12:51:18 | INFO    | dpfl.core.base_simulator | Round  35/150 | Acc: 0.7775 | Loss: 0.6328 | eps_max: 4.04 eps_avg: 2.47 | P: 0.00 R: nan F1: nan
2026-05-06 12:51:18 | DEBUG   | dpfl.core.base_simulator | Update norms — honest: ['0.79', '0.95', '0.40', '0.67', '1.47'], attacker: ['4.62', '5.59', '5.73', '6.89', '4.54']
2026-05-06 12:51:26 | INFO    | dpfl.core.base_simulator | Round  36/150 | Acc: 0.7783 | Loss: 0.6299 | eps_max: 4.10 eps_avg: 2.50 | P: 0.00 R: nan F1: nan
2026-05-06 12:51:26 | DEBUG   | dpfl.core.base_simulator | Update norms — honest: ['0.42', '0.53', '1.25', '1.10', '0.40'], attacker: ['5.97', '5.82', '4.82', '5.78', '4.81']
2026-05-06 12:51:34 | INFO    | dpfl.core.base_simulator | Round  37/150 | Acc: 0.7789 | Loss: 0.6273 | eps_max: 4.17 eps_avg: 2.55 | P: 0.00 R: nan F1: nan
2026-05-06 12:51:34 | DEBUG   | dpfl.core.base_simulator | Update norms — honest: ['0.39', '0.32', '1.15', '0.58', '0.87'], attacker: ['5.59', '5.99', '5.00', '5.70', '4.92']
2026-05-06 12:51:43 | INFO    | dpfl.core.base_simulator | Round  38/150 | Acc: 0.7798 | Loss: 0.6247 | eps_max: 4.26 eps_avg: 2.59 | P: 0.00 R: nan F1: nan
2026-05-06 12:51:43 | DEBUG   | dpfl.core.base_simulator | Update norms — honest: ['1.43', '0.43', '1.13', '1.26', '0.63'], attacker: ['5.20', '6.42', '5.62', '5.93', '5.30']
2026-05-06 12:51:52 | INFO    | dpfl.core.base_simulator | Round  39/150 | Acc: 0.7804 | Loss: 0.6223 | eps_max: 4.30 eps_avg: 2.61 | P: 0.00 R: nan F1: nan
2026-05-06 12:51:52 | DEBUG   | dpfl.core.base_simulator | Update norms — honest: ['0.20', '1.18', '2.28', '0.66', '0.56'], attacker: ['5.78', '6.39', '5.67', '6.03', '4.56']
2026-05-06 12:52:00 | INFO    | dpfl.core.base_simulator | Round  40/150 | Acc: 0.7813 | Loss: 0.6197 | eps_max: 4.34 eps_avg: 2.65 | P: 0.00 R: nan F1: nan
2026-05-06 12:52:00 | DEBUG   | dpfl.core.base_simulator | Update norms — honest: ['0.94', '1.02', '0.38', '1.37', '1.01'], attacker: ['5.69', '6.67', '5.57', '5.11', '4.37']
2026-05-06 12:52:09 | INFO    | dpfl.core.base_simulator | Round  41/150 | Acc: 0.7818 | Loss: 0.6178 | eps_max: 4.39 eps_avg: 2.68 | P: 0.00 R: nan F1: nan
2026-05-06 12:52:09 | DEBUG   | dpfl.core.base_simulator | Update norms — honest: ['2.05', '1.07', '0.77', '0.82', '2.15'], attacker: ['3.94', '5.04', '5.97', '5.27', '3.45']
2026-05-06 12:52:18 | INFO    | dpfl.core.base_simulator | Round  42/150 | Acc: 0.7828 | Loss: 0.6155 | eps_max: 4.43 eps_avg: 2.72 | P: 0.00 R: nan F1: nan
2026-05-06 12:52:18 | DEBUG   | dpfl.core.base_simulator | Update norms — honest: ['0.99', '1.73', '0.67', '0.69', '0.34'], attacker: ['4.21', '3.74', '5.12', '5.25', '2.91']
2026-05-06 12:52:26 | INFO    | dpfl.core.base_simulator | Round  43/150 | Acc: 0.7831 | Loss: 0.6137 | eps_max: 4.45 eps_avg: 2.75 | P: 0.00 R: nan F1: nan
2026-05-06 12:52:26 | DEBUG   | dpfl.core.base_simulator | Update norms — honest: ['1.05', '0.89', '0.46', '1.57', '1.10'], attacker: ['2.93', '4.99', '5.27', '6.25', '3.12']
2026-05-06 12:52:35 | INFO    | dpfl.core.base_simulator | Round  44/150 | Acc: 0.7838 | Loss: 0.6117 | eps_max: 4.62 eps_avg: 2.79 | P: 0.00 R: nan F1: nan
2026-05-06 12:52:35 | DEBUG   | dpfl.core.base_simulator | Update norms — honest: ['0.99', '2.65', '1.40', '0.66', '1.25'], attacker: ['1.88', '5.01', '4.44', '6.63', '2.93']
2026-05-06 12:52:44 | INFO    | dpfl.core.base_simulator | Round  45/150 | Acc: 0.7843 | Loss: 0.6099 | eps_max: 4.62 eps_avg: 2.84 | P: 0.00 R: nan F1: nan
2026-05-06 12:52:44 | DEBUG   | dpfl.core.base_simulator | Update norms — honest: ['1.64', '0.36', '1.13', '1.86', '0.35'], attacker: ['4.21', '5.69', '4.35', '5.32', '3.91']
2026-05-06 12:52:53 | INFO    | dpfl.core.base_simulator | Round  46/150 | Acc: 0.7848 | Loss: 0.6083 | eps_max: 4.62 eps_avg: 2.86 | P: 0.00 R: nan F1: nan
2026-05-06 12:52:53 | DEBUG   | dpfl.core.base_simulator | Update norms — honest: ['0.97', '1.32', '1.18', '1.74', '1.67'], attacker: ['2.92', '5.45', '3.78', '4.81', '3.91']
2026-05-06 12:53:01 | INFO    | dpfl.core.base_simulator | Round  47/150 | Acc: 0.7856 | Loss: 0.6065 | eps_max: 4.64 eps_avg: 2.88 | P: 0.00 R: nan F1: nan
2026-05-06 12:53:01 | DEBUG   | dpfl.core.base_simulator | Update norms — honest: ['1.28', '0.92', '1.34', '1.08', '0.97'], attacker: ['4.65', '6.08', '4.57', '5.29', '4.34']
2026-05-06 12:53:10 | INFO    | dpfl.core.base_simulator | Round  48/150 | Acc: 0.7858 | Loss: 0.6052 | eps_max: 4.75 eps_avg: 2.93 | P: 0.00 R: nan F1: nan
2026-05-06 12:53:10 | DEBUG   | dpfl.core.base_simulator | Update norms — honest: ['0.29', '2.60', '2.60', '0.35', '0.93'], attacker: ['3.38', '5.45', '5.42', '3.54', '4.58']
2026-05-06 12:53:19 | INFO    | dpfl.core.base_simulator | Round  49/150 | Acc: 0.7863 | Loss: 0.6037 | eps_max: 4.75 eps_avg: 2.95 | P: 0.00 R: nan F1: nan
2026-05-06 12:53:19 | DEBUG   | dpfl.core.base_simulator | Update norms — honest: ['1.66', '1.91', '0.41', '1.46', '0.51'], attacker: ['2.82', '5.06', '4.65', '5.19', '4.86']
2026-05-06 12:53:27 | INFO    | dpfl.core.base_simulator | Round  50/150 | Acc: 0.7868 | Loss: 0.6023 | eps_max: 5.02 eps_avg: 2.96 | P: 0.00 R: nan F1: nan
2026-05-06 12:53:27 | DEBUG   | dpfl.core.base_simulator | Update norms — honest: ['0.95', '0.51', '0.87', '1.10', '1.34'], attacker: ['3.22', '4.88', '4.26', '4.69', '5.10']
2026-05-06 12:53:32 | INFO    | dpfl.core.base_simulator | Round  51/150 | Acc: 0.7872 | Loss: 0.6012 | eps_max: 5.07 eps_avg: 2.71 | P: 0.49 R: 1.00 F1: 0.92
2026-05-06 12:53:32 | DEBUG   | dpfl.core.base_simulator | Update norms — honest: ['0.19', '0.50', '0.91', '1.15', '0.34'], attacker: ['1.85', '2.41', '2.14', '2.46', '2.08']
2026-05-06 12:53:38 | INFO    | dpfl.core.base_simulator | Round  52/150 | Acc: 0.7876 | Loss: 0.5999 | eps_max: 5.19 eps_avg: 2.74 | P: 0.48 R: 1.00 F1: 0.89
2026-05-06 12:53:38 | DEBUG   | dpfl.core.base_simulator | Update norms — honest: ['0.66', '3.40', '0.86', '0.55', '0.88'], attacker: ['2.08', '2.24', '2.27', '2.26', '2.07']
2026-05-06 12:53:43 | INFO    | dpfl.core.base_simulator | Round  53/150 | Acc: 0.7879 | Loss: 0.5988 | eps_max: 5.19 eps_avg: 2.77 | P: 0.33 R: 1.00 F1: 0.87
2026-05-06 12:53:43 | DEBUG   | dpfl.core.base_simulator | Update norms — honest: ['0.34', '1.27', '1.89', '0.34', '1.04'], attacker: ['1.75', '2.24', '2.12', '2.42', '1.91']
2026-05-06 12:53:48 | INFO    | dpfl.core.base_simulator | Round  54/150 | Acc: 0.7884 | Loss: 0.5976 | eps_max: 5.19 eps_avg: 2.80 | P: 0.67 R: 1.00 F1: 0.88
2026-05-06 12:53:48 | DEBUG   | dpfl.core.base_simulator | Update norms — honest: ['1.62', '1.55', '0.45', '0.34', '0.21'], attacker: ['2.00', '2.25', '2.13', '2.20', '1.91']
2026-05-06 12:53:54 | INFO    | dpfl.core.base_simulator | Round  55/150 | Acc: 0.7888 | Loss: 0.5967 | eps_max: 5.19 eps_avg: 2.82 | P: 0.45 R: 1.00 F1: 0.91
2026-05-06 12:53:54 | DEBUG   | dpfl.core.base_simulator | Update norms — honest: ['0.75', '2.97', '0.28', '0.60', '1.07'], attacker: ['1.76', '2.46', '2.02', '2.55', '1.85']
2026-05-06 12:53:59 | INFO    | dpfl.core.base_simulator | Round  56/150 | Acc: 0.7888 | Loss: 0.5961 | eps_max: 5.19 eps_avg: 2.84 | P: 0.33 R: 1.00 F1: 0.90
2026-05-06 12:53:59 | DEBUG   | dpfl.core.base_simulator | Update norms — honest: ['2.00', '0.92', '0.37', '1.51', '0.60'], attacker: ['1.93', '2.26', '2.24', '2.42', '2.04']
2026-05-06 12:54:03 | INFO    | dpfl.core.base_simulator | Round  57/150 | Acc: 0.7897 | Loss: 0.5942 | eps_max: 5.23 eps_avg: 2.86 | P: 0.36 R: 1.00 F1: 0.93
2026-05-06 12:54:03 | DEBUG   | dpfl.core.base_simulator | Update norms — honest: ['0.24', '0.53', '1.11', '1.30', '0.31'], attacker: ['1.90', '2.46', '2.19', '2.57', '2.14']
2026-05-06 12:54:09 | INFO    | dpfl.core.base_simulator | Round  58/150 | Acc: 0.7897 | Loss: 0.5939 | eps_max: 5.26 eps_avg: 2.96 | P: 0.28 R: 1.00 F1: 0.94
2026-05-06 12:54:09 | DEBUG   | dpfl.core.base_simulator | Update norms — honest: ['1.20', '0.42', '0.48', '1.44', '0.75'], attacker: ['1.91', '2.58', '2.14', '2.26', '1.98']
2026-05-06 12:54:15 | INFO    | dpfl.core.base_simulator | Round  59/150 | Acc: 0.7901 | Loss: 0.5928 | eps_max: 5.26 eps_avg: 3.02 | P: 0.38 R: 1.00 F1: 0.91
2026-05-06 12:54:15 | DEBUG   | dpfl.core.base_simulator | Update norms — honest: ['1.47', '0.77', '0.34', '0.68', '1.83'], attacker: ['1.80', '2.33', '1.93', '2.28', '1.86']
2026-05-06 12:54:21 | INFO    | dpfl.core.base_simulator | Round  60/150 | Acc: 0.7904 | Loss: 0.5922 | eps_max: 5.26 eps_avg: 3.05 | P: 0.48 R: 1.00 F1: 0.92
2026-05-06 12:54:21 | DEBUG   | dpfl.core.base_simulator | Update norms — honest: ['1.26', '0.99', '0.94', '0.54', '0.32'], attacker: ['1.95', '2.41', '2.21', '2.47', '2.03']
2026-05-06 12:54:26 | INFO    | dpfl.core.base_simulator | Round  61/150 | Acc: 0.7906 | Loss: 0.5916 | eps_max: 5.26 eps_avg: 3.07 | P: 0.56 R: 1.00 F1: 0.93
2026-05-06 12:54:26 | DEBUG   | dpfl.core.base_simulator | Update norms — honest: ['0.78', '0.28', '0.49', '1.44', '1.60'], attacker: ['2.09', '2.23', '2.07', '2.30', '1.96']
2026-05-06 12:54:32 | INFO    | dpfl.core.base_simulator | Round  62/150 | Acc: 0.7906 | Loss: 0.5913 | eps_max: 5.32 eps_avg: 3.12 | P: 0.39 R: 1.00 F1: 0.88
2026-05-06 12:54:32 | DEBUG   | dpfl.core.base_simulator | Update norms — honest: ['0.80', '0.34', '2.06', '1.88', '1.00'], attacker: ['1.98', '2.29', '2.00', '2.44', '1.96']
2026-05-06 12:54:37 | INFO    | dpfl.core.base_simulator | Round  63/150 | Acc: 0.7911 | Loss: 0.5902 | eps_max: 5.32 eps_avg: 3.18 | P: 0.34 R: 1.00 F1: 0.90
2026-05-06 12:54:37 | DEBUG   | dpfl.core.base_simulator | Update norms — honest: ['1.78', '0.34', '1.40', '0.96', '0.31'], attacker: ['1.94', '2.26', '2.19', '2.41', '2.22']
2026-05-06 12:54:43 | INFO    | dpfl.core.base_simulator | Round  64/150 | Acc: 0.7914 | Loss: 0.5898 | eps_max: 5.32 eps_avg: 3.22 | P: 0.35 R: 1.00 F1: 0.83
2026-05-06 12:54:43 | DEBUG   | dpfl.core.base_simulator | Update norms — honest: ['0.57', '0.66', '1.75', '0.27', '0.83'], attacker: ['1.87', '2.53', '2.02', '2.23', '2.19']
2026-05-06 12:54:49 | INFO    | dpfl.core.base_simulator | Round  65/150 | Acc: 0.7915 | Loss: 0.5896 | eps_max: 5.32 eps_avg: 3.27 | P: 0.60 R: 1.00 F1: 0.92
2026-05-06 12:54:49 | DEBUG   | dpfl.core.base_simulator | Update norms — honest: ['1.55', '1.26', '2.89', '1.61', '0.89'], attacker: ['1.84', '2.41', '2.11', '2.42', '1.87']
2026-05-06 12:54:55 | INFO    | dpfl.core.base_simulator | Round  66/150 | Acc: 0.7919 | Loss: 0.5888 | eps_max: 5.33 eps_avg: 3.31 | P: 0.46 R: 1.00 F1: 0.90
2026-05-06 12:54:55 | DEBUG   | dpfl.core.base_simulator | Update norms — honest: ['0.45', '0.92', '1.86', '0.48', '0.46'], attacker: ['1.90', '2.20', '2.33', '2.35', '1.92']
2026-05-06 12:55:00 | INFO    | dpfl.core.base_simulator | Round  67/150 | Acc: 0.7922 | Loss: 0.5882 | eps_max: 5.33 eps_avg: 3.33 | P: 0.21 R: 1.00 F1: 0.97
2026-05-06 12:55:00 | DEBUG   | dpfl.core.base_simulator | Update norms — honest: ['1.02', '1.66', '1.13', '1.43', '0.42'], attacker: ['1.87', '2.26', '2.16', '2.62', '2.04']
2026-05-06 12:55:05 | INFO    | dpfl.core.base_simulator | Round  68/150 | Acc: 0.7921 | Loss: 0.5883 | eps_max: 5.45 eps_avg: 3.41 | P: 0.28 R: 1.00 F1: 0.84
2026-05-06 12:55:05 | DEBUG   | dpfl.core.base_simulator | Update norms — honest: ['0.34', '0.51', '0.67', '0.05', '0.51'], attacker: ['2.23', '2.53', '2.00', '2.26', '1.88']
2026-05-06 12:55:11 | INFO    | dpfl.core.base_simulator | Round  69/150 | Acc: 0.7924 | Loss: 0.5878 | eps_max: 5.45 eps_avg: 3.47 | P: 0.33 R: 1.00 F1: 0.83
2026-05-06 12:55:11 | DEBUG   | dpfl.core.base_simulator | Update norms — honest: ['0.34', '0.79', '0.52', '1.17', '1.37'], attacker: ['1.81', '2.34', '2.16', '2.31', '1.96']
2026-05-06 12:55:16 | INFO    | dpfl.core.base_simulator | Round  70/150 | Acc: 0.7927 | Loss: 0.5871 | eps_max: 5.45 eps_avg: 3.51 | P: 0.22 R: 1.00 F1: 0.77
2026-05-06 12:55:16 | DEBUG   | dpfl.core.base_simulator | Update norms — honest: ['0.35', '0.76', '0.56', '1.58', '1.01'], attacker: ['2.21', '2.72', '2.17', '2.44', '2.07']
2026-05-06 12:55:21 | INFO    | dpfl.core.base_simulator | Round  71/150 | Acc: 0.7928 | Loss: 0.5868 | eps_max: 5.45 eps_avg: 3.54 | P: 0.35 R: 1.00 F1: 0.96
2026-05-06 12:55:21 | DEBUG   | dpfl.core.base_simulator | Update norms — honest: ['1.34', '1.03', '1.98', '0.56', '1.23'], attacker: ['2.25', '2.51', '2.07', '2.58', '1.95']
2026-05-06 12:55:26 | INFO    | dpfl.core.base_simulator | Round  72/150 | Acc: 0.7929 | Loss: 0.5867 | eps_max: 5.45 eps_avg: 3.57 | P: 0.42 R: 1.00 F1: 0.94
2026-05-06 12:55:26 | DEBUG   | dpfl.core.base_simulator | Update norms — honest: ['0.99', '1.07', '0.69', '0.92', '0.41'], attacker: ['1.92', '2.56', '2.09', '2.56', '2.14']
2026-05-06 12:55:31 | INFO    | dpfl.core.base_simulator | Round  73/150 | Acc: 0.7931 | Loss: 0.5863 | eps_max: 5.45 eps_avg: 3.60 | P: 0.26 R: 1.00 F1: 0.89
2026-05-06 12:55:31 | DEBUG   | dpfl.core.base_simulator | Update norms — honest: ['0.82', '1.09', '0.49', '0.72', '1.21'], attacker: ['1.86', '2.53', '2.07', '2.41', '2.13']
2026-05-06 12:55:37 | INFO    | dpfl.core.base_simulator | Round  74/150 | Acc: 0.7932 | Loss: 0.5864 | eps_max: 5.45 eps_avg: 3.65 | P: 0.36 R: 1.00 F1: 0.90
2026-05-06 12:55:37 | DEBUG   | dpfl.core.base_simulator | Update norms — honest: ['1.77', '1.32', '0.50', '1.54', '0.71'], attacker: ['2.12', '2.68', '2.33', '2.45', '1.94']
2026-05-06 12:55:42 | INFO    | dpfl.core.base_simulator | Round  75/150 | Acc: 0.7933 | Loss: 0.5861 | eps_max: 5.45 eps_avg: 3.70 | P: 0.31 R: 1.00 F1: 0.88
2026-05-06 12:55:42 | DEBUG   | dpfl.core.base_simulator | Update norms — honest: ['0.15', '0.68', '1.37', '0.78', '0.72'], attacker: ['2.35', '2.42', '2.06', '2.38', '2.01']
2026-05-06 12:55:47 | INFO    | dpfl.core.base_simulator | Round  76/150 | Acc: 0.7932 | Loss: 0.5863 | eps_max: 5.45 eps_avg: 3.74 | P: 0.42 R: 1.00 F1: 0.82
2026-05-06 12:55:47 | DEBUG   | dpfl.core.base_simulator | Update norms — honest: ['1.45', '2.03', '1.72', '0.28', '1.70'], attacker: ['1.80', '2.72', '2.24', '2.48', '1.97']
2026-05-06 12:55:53 | INFO    | dpfl.core.base_simulator | Round  77/150 | Acc: 0.7937 | Loss: 0.5856 | eps_max: 5.45 eps_avg: 3.79 | P: 0.31 R: 1.00 F1: 0.88
2026-05-06 12:55:53 | DEBUG   | dpfl.core.base_simulator | Update norms — honest: ['0.34', '1.37', '0.64', '1.96', '0.18'], attacker: ['2.29', '2.48', '2.03', '2.38', '1.98']
2026-05-06 12:55:58 | INFO    | dpfl.core.base_simulator | Round  78/150 | Acc: 0.7937 | Loss: 0.5860 | eps_max: 5.51 eps_avg: 3.84 | P: 0.37 R: 1.00 F1: 0.93
2026-05-06 12:55:58 | DEBUG   | dpfl.core.base_simulator | Update norms — honest: ['1.42', '1.10', '1.30', '1.00', '1.99'], attacker: ['2.34', '2.34', '2.22', '2.34', '2.07']
2026-05-06 12:56:03 | INFO    | dpfl.core.base_simulator | Round  79/150 | Acc: 0.7940 | Loss: 0.5855 | eps_max: 5.51 eps_avg: 3.86 | P: 0.53 R: 1.00 F1: 0.96
2026-05-06 12:56:03 | DEBUG   | dpfl.core.base_simulator | Update norms — honest: ['1.04', '2.59', '1.64', '0.69', '0.61'], attacker: ['1.85', '2.44', '2.24', '2.57', '2.19']
2026-05-06 12:56:08 | INFO    | dpfl.core.base_simulator | Round  80/150 | Acc: 0.7940 | Loss: 0.5857 | eps_max: 5.80 eps_avg: 3.91 | P: 0.25 R: 1.00 F1: 0.87
2026-05-06 12:56:08 | DEBUG   | dpfl.core.base_simulator | Update norms — honest: ['0.34', '0.62', '0.57', '1.39', '0.79'], attacker: ['2.46', '2.43', '2.17', '2.67', '2.07']
2026-05-06 12:56:14 | INFO    | dpfl.core.base_simulator | Round  81/150 | Acc: 0.7939 | Loss: 0.5863 | eps_max: 5.80 eps_avg: 3.97 | P: 0.50 R: 1.00 F1: 0.90
2026-05-06 12:56:14 | DEBUG   | dpfl.core.base_simulator | Update norms — honest: ['1.23', '1.40', '1.21', '2.51', '0.07'], attacker: ['2.03', '2.28', '2.17', '2.81', '2.17']
2026-05-06 12:56:19 | INFO    | dpfl.core.base_simulator | Round  82/150 | Acc: 0.7942 | Loss: 0.5858 | eps_max: 5.80 eps_avg: 4.01 | P: 0.46 R: 1.00 F1: 0.86
2026-05-06 12:56:19 | DEBUG   | dpfl.core.base_simulator | Update norms — honest: ['2.59', '0.21', '0.91', '1.92', '1.19'], attacker: ['2.03', '2.44', '2.13', '2.38', '1.88']
2026-05-06 12:56:24 | INFO    | dpfl.core.base_simulator | Round  83/150 | Acc: 0.7944 | Loss: 0.5855 | eps_max: 5.80 eps_avg: 4.03 | P: 0.30 R: 1.00 F1: 0.94
2026-05-06 12:56:24 | DEBUG   | dpfl.core.base_simulator | Update norms — honest: ['0.67', '1.18', '0.40', '2.20', '0.21'], attacker: ['1.95', '2.44', '2.22', '2.37', '2.46']
2026-05-06 12:56:29 | INFO    | dpfl.core.base_simulator | Round  84/150 | Acc: 0.7943 | Loss: 0.5862 | eps_max: 5.86 eps_avg: 4.07 | P: 0.39 R: 1.00 F1: 0.93
2026-05-06 12:56:29 | DEBUG   | dpfl.core.base_simulator | Update norms — honest: ['0.89', '1.75', '0.00', '1.52', '2.10'], attacker: ['6.88', '3.36', '3.31', '3.81', '3.31']
2026-05-06 12:56:35 | INFO    | dpfl.core.base_simulator | Round  85/150 | Acc: 0.7943 | Loss: 0.5860 | eps_max: 5.86 eps_avg: 4.13 | P: 0.52 R: 1.00 F1: 0.85
2026-05-06 12:56:35 | DEBUG   | dpfl.core.base_simulator | Update norms — honest: ['0.54', '1.06', '2.78', '0.65', '2.55'], attacker: ['6.94', '3.30', '3.35', '3.31', '3.05']
2026-05-06 12:56:40 | INFO    | dpfl.core.base_simulator | Round  86/150 | Acc: 0.7946 | Loss: 0.5859 | eps_max: 5.86 eps_avg: 4.17 | P: 0.27 R: 1.00 F1: 0.92
2026-05-06 12:56:40 | DEBUG   | dpfl.core.base_simulator | Update norms — honest: ['2.20', '1.01', '1.12', '1.07', '1.73'], attacker: ['6.23', '3.32', '3.52', '3.52', '3.17']
2026-05-06 12:56:45 | INFO    | dpfl.core.base_simulator | Round  87/150 | Acc: 0.7946 | Loss: 0.5860 | eps_max: 5.86 eps_avg: 4.21 | P: 0.43 R: 1.00 F1: 0.90
2026-05-06 12:56:45 | DEBUG   | dpfl.core.base_simulator | Update norms — honest: ['0.25', '1.14', '0.02', '2.29', '1.50'], attacker: ['6.71', '3.57', '3.49', '3.67', '3.41']
2026-05-06 12:56:51 | INFO    | dpfl.core.base_simulator | Round  88/150 | Acc: 0.7949 | Loss: 0.5861 | eps_max: 5.98 eps_avg: 4.24 | P: 0.49 R: 1.00 F1: 0.91
2026-05-06 12:56:51 | DEBUG   | dpfl.core.base_simulator | Update norms — honest: ['0.14', '1.06', '1.37', '0.11', '0.21'], attacker: ['6.76', '3.34', '3.29', '3.69', '3.22']
2026-05-06 12:56:56 | INFO    | dpfl.core.base_simulator | Round  89/150 | Acc: 0.7948 | Loss: 0.5864 | eps_max: 6.13 eps_avg: 4.27 | P: 0.39 R: 1.00 F1: 0.90
2026-05-06 12:56:56 | DEBUG   | dpfl.core.base_simulator | Update norms — honest: ['2.76', '0.61', '0.76', '1.05', '0.66'], attacker: ['6.67', '3.86', '3.34', '3.63', '3.21']
2026-05-06 12:57:01 | INFO    | dpfl.core.base_simulator | Round  90/150 | Acc: 0.7948 | Loss: 0.5867 | eps_max: 6.13 eps_avg: 4.31 | P: 0.55 R: 1.00 F1: 0.94
2026-05-06 12:57:01 | DEBUG   | dpfl.core.base_simulator | Update norms — honest: ['0.61', '1.69', '0.76', '1.01', '1.61'], attacker: ['6.36', '3.49', '3.50', '3.79', '3.01']
2026-05-06 12:57:07 | INFO    | dpfl.core.base_simulator | Round  91/150 | Acc: 0.7947 | Loss: 0.5870 | eps_max: 6.31 eps_avg: 4.40 | P: 0.34 R: 1.00 F1: 0.81
2026-05-06 12:57:07 | DEBUG   | dpfl.core.base_simulator | Update norms — honest: ['0.90', '2.06', '0.95', '1.68', '1.61'], attacker: ['6.48', '3.51', '3.43', '3.59', '2.93']
2026-05-06 12:57:12 | INFO    | dpfl.core.base_simulator | Round  92/150 | Acc: 0.7949 | Loss: 0.5869 | eps_max: 6.31 eps_avg: 4.44 | P: 0.48 R: 1.00 F1: 0.90
2026-05-06 12:57:12 | DEBUG   | dpfl.core.base_simulator | Update norms — honest: ['1.25', '1.52', '0.91', '0.87', '0.00'], attacker: ['6.80', '3.42', '3.73', '3.54', '2.89']
2026-05-06 12:57:18 | INFO    | dpfl.core.base_simulator | Round  93/150 | Acc: 0.7949 | Loss: 0.5872 | eps_max: 6.31 eps_avg: 4.48 | P: 0.31 R: 1.00 F1: 0.92
2026-05-06 12:57:18 | DEBUG   | dpfl.core.base_simulator | Update norms — honest: ['1.27', '1.97', '0.11', '2.51', '0.53'], attacker: ['6.72', '3.58', '3.62', '3.27', '3.65']
2026-05-06 12:57:23 | INFO    | dpfl.core.base_simulator | Round  94/150 | Acc: 0.7950 | Loss: 0.5876 | eps_max: 6.73 eps_avg: 4.51 | P: 0.36 R: 1.00 F1: 0.85
2026-05-06 12:57:23 | DEBUG   | dpfl.core.base_simulator | Update norms — honest: ['1.11', '2.37', '0.99', '0.57', '0.87'], attacker: ['6.20', '3.37', '3.20', '3.45', '3.38']
2026-05-06 12:57:28 | INFO    | dpfl.core.base_simulator | Round  95/150 | Acc: 0.7950 | Loss: 0.5880 | eps_max: 6.73 eps_avg: 4.56 | P: 0.55 R: 1.00 F1: 0.94
2026-05-06 12:57:28 | DEBUG   | dpfl.core.base_simulator | Update norms — honest: ['2.11', '0.76', '1.57', '0.34', '0.79'], attacker: ['6.91', '3.22', '3.46', '3.44', '3.46']
2026-05-06 12:57:34 | INFO    | dpfl.core.base_simulator | Round  96/150 | Acc: 0.7949 | Loss: 0.5884 | eps_max: 6.73 eps_avg: 4.62 | P: 0.35 R: 1.00 F1: 0.90
2026-05-06 12:57:34 | DEBUG   | dpfl.core.base_simulator | Update norms — honest: ['0.59', '1.74', '1.14', '1.47', '1.10'], attacker: ['6.63', '3.29', '3.69', '3.41', '2.95']
2026-05-06 12:57:40 | INFO    | dpfl.core.base_simulator | Round  97/150 | Acc: 0.7950 | Loss: 0.5887 | eps_max: 6.93 eps_avg: 4.67 | P: 0.19 R: 1.00 F1: 0.82
2026-05-06 12:57:40 | DEBUG   | dpfl.core.base_simulator | Update norms — honest: ['0.66', '0.91', '2.02', '0.87', '0.71'], attacker: ['6.63', '3.39', '3.51', '3.58', '3.48']
2026-05-06 12:57:45 | INFO    | dpfl.core.base_simulator | Round  98/150 | Acc: 0.7952 | Loss: 0.5885 | eps_max: 6.93 eps_avg: 4.71 | P: 0.35 R: 1.00 F1: 0.88
2026-05-06 12:57:45 | DEBUG   | dpfl.core.base_simulator | Update norms — honest: ['1.06', '1.63', '0.82', '1.38', '2.15'], attacker: ['6.72', '3.52', '3.33', '3.74', '3.28']
2026-05-06 12:57:50 | INFO    | dpfl.core.base_simulator | Round  99/150 | Acc: 0.7953 | Loss: 0.5889 | eps_max: 6.93 eps_avg: 4.74 | P: 0.46 R: 1.00 F1: 0.88
2026-05-06 12:57:50 | DEBUG   | dpfl.core.base_simulator | Update norms — honest: ['0.00', '0.67', '1.09', '0.92', '1.63'], attacker: ['6.64', '3.50', '3.75', '3.51', '3.35']
2026-05-06 12:57:55 | INFO    | dpfl.core.base_simulator | Round 100/150 | Acc: 0.7953 | Loss: 0.5896 | eps_max: 6.93 eps_avg: 4.78 | P: 0.45 R: 1.00 F1: 0.88
2026-05-06 12:57:55 | DEBUG   | dpfl.core.base_simulator | Update norms — honest: ['0.73', '1.41', '2.57', '1.96', '1.39'], attacker: ['6.84', '3.51', '3.30', '3.79', '3.83']
2026-05-06 12:58:01 | INFO    | dpfl.core.base_simulator | Round 101/150 | Acc: 0.7954 | Loss: 0.5894 | eps_max: 6.93 eps_avg: 4.82 | P: 0.24 R: 1.00 F1: 0.72
2026-05-06 12:58:01 | DEBUG   | dpfl.core.base_simulator | Update norms — honest: ['1.70', '0.49', '1.21', '0.81', '1.28'], attacker: ['6.86', '3.29', '3.71', '3.72', '3.54']
2026-05-06 12:58:06 | INFO    | dpfl.core.base_simulator | Round 102/150 | Acc: 0.7953 | Loss: 0.5902 | eps_max: 6.93 eps_avg: 4.86 | P: 0.50 R: 1.00 F1: 0.86
2026-05-06 12:58:06 | DEBUG   | dpfl.core.base_simulator | Update norms — honest: ['1.02', '0.27', '1.80', '0.74', '1.86'], attacker: ['7.03', '3.62', '3.53', '3.61', '3.17']
2026-05-06 12:58:12 | INFO    | dpfl.core.base_simulator | Round 103/150 | Acc: 0.7953 | Loss: 0.5907 | eps_max: 6.93 eps_avg: 4.91 | P: 0.44 R: 1.00 F1: 0.89
2026-05-06 12:58:12 | DEBUG   | dpfl.core.base_simulator | Update norms — honest: ['1.13', '2.30', '0.68', '0.45', '2.54'], attacker: ['6.88', '3.65', '3.73', '3.62', '3.07']
2026-05-06 12:58:18 | INFO    | dpfl.core.base_simulator | Round 104/150 | Acc: 0.7953 | Loss: 0.5912 | eps_max: 6.93 eps_avg: 4.97 | P: 0.45 R: 1.00 F1: 0.90
2026-05-06 12:58:18 | DEBUG   | dpfl.core.base_simulator | Update norms — honest: ['1.39', '0.34', '0.53', '1.33', '1.18'], attacker: ['6.23', '3.66', '3.33', '3.60', '3.27']
2026-05-06 12:58:24 | INFO    | dpfl.core.base_simulator | Round 105/150 | Acc: 0.7952 | Loss: 0.5916 | eps_max: 6.93 eps_avg: 5.02 | P: 0.51 R: 1.00 F1: 0.92
2026-05-06 12:58:24 | DEBUG   | dpfl.core.base_simulator | Update norms — honest: ['0.35', '0.00', '1.47', '1.91', '0.21'], attacker: ['6.80', '3.51', '3.37', '3.77', '3.48']
2026-05-06 12:58:29 | INFO    | dpfl.core.base_simulator | Round 106/150 | Acc: 0.7952 | Loss: 0.5920 | eps_max: 6.93 eps_avg: 5.05 | P: 0.53 R: 1.00 F1: 0.86
2026-05-06 12:58:29 | DEBUG   | dpfl.core.base_simulator | Update norms — honest: ['0.32', '2.10', '1.10', '1.68', '0.97'], attacker: ['7.16', '3.69', '3.08', '3.71', '3.18']
2026-05-06 12:58:35 | INFO    | dpfl.core.base_simulator | Round 107/150 | Acc: 0.7953 | Loss: 0.5924 | eps_max: 6.93 eps_avg: 5.08 | P: 0.36 R: 1.00 F1: 0.92
2026-05-06 12:58:35 | DEBUG   | dpfl.core.base_simulator | Update norms — honest: ['1.45', '2.20', '2.79', '0.67', '1.08'], attacker: ['6.65', '3.61', '3.28', '3.61', '3.17']
2026-05-06 12:58:40 | INFO    | dpfl.core.base_simulator | Round 108/150 | Acc: 0.7954 | Loss: 0.5928 | eps_max: 6.93 eps_avg: 5.10 | P: 0.42 R: 1.00 F1: 0.87
2026-05-06 12:58:40 | DEBUG   | dpfl.core.base_simulator | Update norms — honest: ['3.34', '1.10', '2.21', '1.40', '0.15'], attacker: ['6.98', '3.85', '3.77', '3.79', '3.26']
2026-05-06 12:58:46 | INFO    | dpfl.core.base_simulator | Round 109/150 | Acc: 0.7952 | Loss: 0.5941 | eps_max: 6.93 eps_avg: 5.13 | P: 0.43 R: 1.00 F1: 0.91
2026-05-06 12:58:46 | DEBUG   | dpfl.core.base_simulator | Update norms — honest: ['2.02', '1.64', '0.80', '1.40', '0.36'], attacker: ['7.01', '3.52', '3.43', '3.99', '3.49']
2026-05-06 12:58:52 | INFO    | dpfl.core.base_simulator | Round 110/150 | Acc: 0.7951 | Loss: 0.5945 | eps_max: 6.93 eps_avg: 5.19 | P: 0.37 R: 1.00 F1: 0.90
2026-05-06 12:58:52 | DEBUG   | dpfl.core.base_simulator | Update norms — honest: ['1.08', '1.95', '0.24', '2.65', '0.23'], attacker: ['6.71', '3.74', '3.56', '3.19', '3.44']
2026-05-06 12:58:58 | INFO    | dpfl.core.base_simulator | Round 111/150 | Acc: 0.7952 | Loss: 0.5952 | eps_max: 6.93 eps_avg: 5.24 | P: 0.28 R: 1.00 F1: 0.88
2026-05-06 12:58:58 | DEBUG   | dpfl.core.base_simulator | Update norms — honest: ['0.00', '2.48', '0.72', '0.77', '0.93'], attacker: ['6.74', '3.28', '3.11', '3.61', '3.05']
2026-05-06 12:59:03 | INFO    | dpfl.core.base_simulator | Round 112/150 | Acc: 0.7950 | Loss: 0.5958 | eps_max: 6.93 eps_avg: 5.28 | P: 0.40 R: 1.00 F1: 0.87
2026-05-06 12:59:03 | DEBUG   | dpfl.core.base_simulator | Update norms — honest: ['2.54', '0.39', '2.02', '2.46', '1.52'], attacker: ['6.88', '3.54', '3.41', '3.37', '3.28']
2026-05-06 12:59:09 | INFO    | dpfl.core.base_simulator | Round 113/150 | Acc: 0.7954 | Loss: 0.5957 | eps_max: 6.93 eps_avg: 5.30 | P: 0.54 R: 1.00 F1: 0.91
2026-05-06 12:59:09 | DEBUG   | dpfl.core.base_simulator | Update norms — honest: ['1.03', '0.69', '0.92', '1.80', '1.98'], attacker: ['6.59', '3.42', '3.49', '3.59', '3.60']
2026-05-06 12:59:14 | INFO    | dpfl.core.base_simulator | Round 114/150 | Acc: 0.7952 | Loss: 0.5971 | eps_max: 6.93 eps_avg: 5.34 | P: 0.45 R: 1.00 F1: 0.89
2026-05-06 12:59:14 | DEBUG   | dpfl.core.base_simulator | Update norms — honest: ['2.30', '2.64', '0.64', '1.34', '0.25'], attacker: ['6.91', '3.30', '3.58', '3.77', '3.43']
2026-05-06 12:59:20 | INFO    | dpfl.core.base_simulator | Round 115/150 | Acc: 0.7949 | Loss: 0.5975 | eps_max: 7.01 eps_avg: 5.37 | P: 0.60 R: 1.00 F1: 0.91
2026-05-06 12:59:20 | DEBUG   | dpfl.core.base_simulator | Update norms — honest: ['2.32', '0.14', '0.79', '0.57', '2.23'], attacker: ['6.37', '3.27', '3.24', '3.20', '3.38']
2026-05-06 12:59:26 | INFO    | dpfl.core.base_simulator | Round 116/150 | Acc: 0.7952 | Loss: 0.5979 | eps_max: 7.07 eps_avg: 5.40 | P: 0.41 R: 1.00 F1: 0.95
2026-05-06 12:59:26 | DEBUG   | dpfl.core.base_simulator | Update norms — honest: ['0.00', '1.75', '0.71', '1.10', '1.05'], attacker: ['6.68', '3.42', '3.25', '3.75', '3.36']
2026-05-06 12:59:31 | INFO    | dpfl.core.base_simulator | Round 117/150 | Acc: 0.7951 | Loss: 0.5987 | eps_max: 7.07 eps_avg: 5.43 | P: 0.34 R: 1.00 F1: 0.88
2026-05-06 12:59:31 | DEBUG   | dpfl.core.base_simulator | Update norms — honest: ['1.03', '2.71', '0.40', '2.50', '2.31'], attacker: ['6.72', '3.91', '3.67', '3.60', '3.56']
2026-05-06 12:59:37 | INFO    | dpfl.core.base_simulator | Round 118/150 | Acc: 0.7950 | Loss: 0.5993 | eps_max: 7.25 eps_avg: 5.47 | P: 0.40 R: 1.00 F1: 0.91
2026-05-06 12:59:37 | DEBUG   | dpfl.core.base_simulator | Update norms — honest: ['1.73', '0.96', '1.77', '0.97', '1.89'], attacker: ['7.04', '3.59', '3.51', '3.79', '3.35']
2026-05-06 12:59:43 | INFO    | dpfl.core.base_simulator | Round 119/150 | Acc: 0.7949 | Loss: 0.6008 | eps_max: 7.25 eps_avg: 5.51 | P: 0.29 R: 1.00 F1: 0.91
2026-05-06 12:59:43 | DEBUG   | dpfl.core.base_simulator | Update norms — honest: ['1.81', '0.86', '1.48', '0.00', '2.28'], attacker: ['6.87', '3.33', '3.30', '3.75', '3.37']
2026-05-06 12:59:48 | INFO    | dpfl.core.base_simulator | Round 120/150 | Acc: 0.7947 | Loss: 0.6012 | eps_max: 7.25 eps_avg: 5.55 | P: 0.27 R: 1.00 F1: 0.85
2026-05-06 12:59:48 | DEBUG   | dpfl.core.base_simulator | Update norms — honest: ['1.40', '1.65', '1.85', '2.19', '0.50'], attacker: ['6.37', '3.76', '3.35', '3.43', '3.33']
2026-05-06 12:59:54 | INFO    | dpfl.core.base_simulator | Round 121/150 | Acc: 0.7948 | Loss: 0.6019 | eps_max: 7.31 eps_avg: 5.58 | P: 0.41 R: 1.00 F1: 0.93
2026-05-06 12:59:54 | DEBUG   | dpfl.core.base_simulator | Update norms — honest: ['2.06', '2.45', '2.26', '0.00', '1.67'], attacker: ['6.32', '3.52', '3.67', '3.74', '2.87']
2026-05-06 13:00:00 | INFO    | dpfl.core.base_simulator | Round 122/150 | Acc: 0.7945 | Loss: 0.6034 | eps_max: 7.46 eps_avg: 5.61 | P: 0.41 R: 1.00 F1: 0.94
2026-05-06 13:00:00 | DEBUG   | dpfl.core.base_simulator | Update norms — honest: ['2.94', '2.12', '1.23', '2.21', '0.60'], attacker: ['6.06', '3.64', '3.34', '3.84', '3.34']
2026-05-06 13:00:05 | INFO    | dpfl.core.base_simulator | Round 123/150 | Acc: 0.7947 | Loss: 0.6040 | eps_max: 7.46 eps_avg: 5.63 | P: 0.52 R: 1.00 F1: 0.89
2026-05-06 13:00:05 | DEBUG   | dpfl.core.base_simulator | Update norms — honest: ['0.82', '3.23', '1.70', '0.47', '0.81'], attacker: ['6.39', '3.59', '3.55', '3.76', '3.65']
2026-05-06 13:00:10 | INFO    | dpfl.core.base_simulator | Round 124/150 | Acc: 0.7945 | Loss: 0.6049 | eps_max: 7.46 eps_avg: 5.64 | P: 0.34 R: 1.00 F1: 0.87
2026-05-06 13:00:10 | DEBUG   | dpfl.core.base_simulator | Update norms — honest: ['2.78', '1.67', '2.36', '1.33', '0.68'], attacker: ['6.27', '3.59', '3.96', '3.63', '3.70']
2026-05-06 13:00:16 | INFO    | dpfl.core.base_simulator | Round 125/150 | Acc: 0.7946 | Loss: 0.6053 | eps_max: 7.46 eps_avg: 5.67 | P: 0.54 R: 1.00 F1: 0.92
2026-05-06 13:00:16 | DEBUG   | dpfl.core.base_simulator | Update norms — honest: ['0.99', '1.11', '2.30', '1.00', '1.41'], attacker: ['6.76', '3.44', '3.63', '3.24', '3.10']
2026-05-06 13:00:21 | INFO    | dpfl.core.base_simulator | Round 126/150 | Acc: 0.7942 | Loss: 0.6062 | eps_max: 7.46 eps_avg: 5.69 | P: 0.54 R: 1.00 F1: 0.93
2026-05-06 13:00:21 | DEBUG   | dpfl.core.base_simulator | Update norms — honest: ['1.68', '1.02', '1.60', '2.45', '0.98'], attacker: ['6.72', '3.73', '3.57', '3.78', '3.11']
2026-05-06 13:00:26 | INFO    | dpfl.core.base_simulator | Round 127/150 | Acc: 0.7945 | Loss: 0.6063 | eps_max: 7.46 eps_avg: 5.71 | P: 0.68 R: 1.00 F1: 0.94
2026-05-06 13:00:26 | DEBUG   | dpfl.core.base_simulator | Update norms — honest: ['1.50', '0.75', '1.30', '1.02', '2.02'], attacker: ['6.78', '3.41', '3.46', '3.67', '3.27']
2026-05-06 13:00:32 | INFO    | dpfl.core.base_simulator | Round 128/150 | Acc: 0.7944 | Loss: 0.6077 | eps_max: 7.46 eps_avg: 5.73 | P: 0.31 R: 1.00 F1: 0.87
2026-05-06 13:00:32 | DEBUG   | dpfl.core.base_simulator | Update norms — honest: ['2.32', '1.92', '0.76', '1.99', '0.69'], attacker: ['6.49', '3.75', '3.66', '3.60', '3.46']
2026-05-06 13:00:37 | INFO    | dpfl.core.base_simulator | Round 129/150 | Acc: 0.7946 | Loss: 0.6075 | eps_max: 7.46 eps_avg: 5.76 | P: 0.53 R: 1.00 F1: 0.86
2026-05-06 13:00:37 | DEBUG   | dpfl.core.base_simulator | Update norms — honest: ['0.92', '0.57', '0.35', '0.59', '0.83'], attacker: ['6.81', '3.65', '9.79', '7.57', '17.92']
2026-05-06 13:00:43 | INFO    | dpfl.core.base_simulator | Round 130/150 | Acc: 0.7944 | Loss: 0.6090 | eps_max: 7.46 eps_avg: 5.79 | P: 0.43 R: 1.00 F1: 0.89
2026-05-06 13:00:43 | DEBUG   | dpfl.core.base_simulator | Update norms — honest: ['2.49', '0.00', '1.25', '1.54', '0.85'], attacker: ['6.71', '3.79', '9.70', '7.81', '17.80']
2026-05-06 13:00:48 | INFO    | dpfl.core.base_simulator | Round 131/150 | Acc: 0.7944 | Loss: 0.6095 | eps_max: 7.46 eps_avg: 5.81 | P: 0.56 R: 1.00 F1: 0.94
2026-05-06 13:00:48 | DEBUG   | dpfl.core.base_simulator | Update norms — honest: ['0.81', '1.01', '0.73', '2.94', '0.95'], attacker: ['6.58', '3.69', '9.71', '7.38', '17.41']
2026-05-06 13:00:53 | INFO    | dpfl.core.base_simulator | Round 132/150 | Acc: 0.7945 | Loss: 0.6101 | eps_max: 7.47 eps_avg: 5.83 | P: 0.42 R: 1.00 F1: 0.82
2026-05-06 13:00:53 | DEBUG   | dpfl.core.base_simulator | Update norms — honest: ['0.69', '1.02', '0.80', '1.55', '0.19'], attacker: ['6.37', '3.25', '10.26', '7.82', '17.43']
2026-05-06 13:01:00 | INFO    | dpfl.core.base_simulator | Round 133/150 | Acc: 0.7943 | Loss: 0.6112 | eps_max: 7.59 eps_avg: 5.87 | P: 0.46 R: 1.00 F1: 0.87
2026-05-06 13:01:00 | DEBUG   | dpfl.core.base_simulator | Update norms — honest: ['3.08', '2.31', '2.24', '0.85', '1.72'], attacker: ['6.15', '3.61', '10.17', '7.49', '17.73']
2026-05-06 13:01:05 | INFO    | dpfl.core.base_simulator | Round 134/150 | Acc: 0.7941 | Loss: 0.6127 | eps_max: 7.59 eps_avg: 5.90 | P: 0.36 R: 1.00 F1: 0.88
2026-05-06 13:01:05 | DEBUG   | dpfl.core.base_simulator | Update norms — honest: ['2.01', '1.78', '0.81', '0.86', '1.22'], attacker: ['6.21', '3.47', '9.62', '7.66', '17.68']
2026-05-06 13:01:11 | INFO    | dpfl.core.base_simulator | Round 135/150 | Acc: 0.7942 | Loss: 0.6132 | eps_max: 7.59 eps_avg: 5.92 | P: 0.46 R: 1.00 F1: 0.94
2026-05-06 13:01:11 | DEBUG   | dpfl.core.base_simulator | Update norms — honest: ['2.78', '1.33', '1.73', '0.86', '1.22'], attacker: ['6.47', '3.47', '10.09', '7.92', '17.76']
2026-05-06 13:01:16 | INFO    | dpfl.core.base_simulator | Round 136/150 | Acc: 0.7942 | Loss: 0.6142 | eps_max: 7.59 eps_avg: 5.94 | P: 0.40 R: 1.00 F1: 0.94
2026-05-06 13:01:16 | DEBUG   | dpfl.core.base_simulator | Update norms — honest: ['1.69', '2.51', '0.76', '1.63', '1.32'], attacker: ['6.37', '3.27', '9.47', '7.95', '18.01']
2026-05-06 13:01:22 | INFO    | dpfl.core.base_simulator | Round 137/150 | Acc: 0.7940 | Loss: 0.6151 | eps_max: 7.61 eps_avg: 5.97 | P: 0.46 R: 1.00 F1: 0.84
2026-05-06 13:01:22 | DEBUG   | dpfl.core.base_simulator | Update norms — honest: ['1.38', '1.11', '0.48', '1.18', '1.52'], attacker: ['7.40', '3.43', '9.63', '7.64', '17.48']
2026-05-06 13:01:28 | INFO    | dpfl.core.base_simulator | Round 138/150 | Acc: 0.7936 | Loss: 0.6180 | eps_max: 7.74 eps_avg: 5.99 | P: 0.44 R: 1.00 F1: 0.91
2026-05-06 13:01:28 | DEBUG   | dpfl.core.base_simulator | Update norms — honest: ['1.69', '1.22', '0.70', '2.34', '0.40'], attacker: ['6.66', '3.63', '9.68', '8.06', '17.82']
2026-05-06 13:01:33 | INFO    | dpfl.core.base_simulator | Round 139/150 | Acc: 0.7937 | Loss: 0.6182 | eps_max: 7.74 eps_avg: 6.02 | P: 0.46 R: 1.00 F1: 0.85
2026-05-06 13:01:33 | DEBUG   | dpfl.core.base_simulator | Update norms — honest: ['2.46', '0.70', '0.48', '0.00', '0.00'], attacker: ['6.72', '3.41', '10.06', '7.35', '17.27']
2026-05-06 13:01:39 | INFO    | dpfl.core.base_simulator | Round 140/150 | Acc: 0.7936 | Loss: 0.6190 | eps_max: 7.74 eps_avg: 6.05 | P: 0.47 R: 1.00 F1: 0.85
2026-05-06 13:01:39 | DEBUG   | dpfl.core.base_simulator | Update norms — honest: ['2.25', '2.59', '1.65', '0.97', '2.17'], attacker: ['7.01', '3.50', '10.06', '7.59', '17.65']
2026-05-06 13:01:45 | INFO    | dpfl.core.base_simulator | Round 141/150 | Acc: 0.7937 | Loss: 0.6194 | eps_max: 7.74 eps_avg: 6.07 | P: 0.44 R: 1.00 F1: 0.93
2026-05-06 13:01:45 | DEBUG   | dpfl.core.base_simulator | Update norms — honest: ['1.36', '1.26', '1.72', '1.16', '0.95'], attacker: ['6.79', '3.52', '9.54', '7.77', '17.96']
2026-05-06 13:01:50 | INFO    | dpfl.core.base_simulator | Round 142/150 | Acc: 0.7934 | Loss: 0.6215 | eps_max: 7.86 eps_avg: 6.09 | P: 0.34 R: 1.00 F1: 0.78
2026-05-06 13:01:50 | DEBUG   | dpfl.core.base_simulator | Update norms — honest: ['2.81', '2.82', '1.58', '1.50', '0.60'], attacker: ['6.46', '3.42', '9.72', '7.78', '17.57']
2026-05-06 13:01:56 | INFO    | dpfl.core.base_simulator | Round 143/150 | Acc: 0.7934 | Loss: 0.6221 | eps_max: 7.86 eps_avg: 6.12 | P: 0.46 R: 1.00 F1: 0.85
2026-05-06 13:01:56 | DEBUG   | dpfl.core.base_simulator | Update norms — honest: ['0.54', '0.11', '3.03', '0.00', '0.00'], attacker: ['6.53', '3.54', '9.70', '7.96', '17.71']
2026-05-06 13:02:01 | INFO    | dpfl.core.base_simulator | Round 144/150 | Acc: 0.7935 | Loss: 0.6226 | eps_max: 7.86 eps_avg: 6.14 | P: 0.46 R: 1.00 F1: 0.83
2026-05-06 13:02:01 | DEBUG   | dpfl.core.base_simulator | Update norms — honest: ['0.00', '1.98', '0.07', '0.94', '1.75'], attacker: ['6.63', '3.60', '9.68', '7.50', '17.78']
2026-05-06 13:02:07 | INFO    | dpfl.core.base_simulator | Round 145/150 | Acc: 0.7933 | Loss: 0.6242 | eps_max: 7.86 eps_avg: 6.17 | P: 0.61 R: 1.00 F1: 0.90
2026-05-06 13:02:07 | DEBUG   | dpfl.core.base_simulator | Update norms — honest: ['1.27', '2.49', '2.67', '2.17', '0.98'], attacker: ['7.23', '3.61', '9.68', '7.65', '17.92']
2026-05-06 13:02:12 | INFO    | dpfl.core.base_simulator | Round 146/150 | Acc: 0.7931 | Loss: 0.6252 | eps_max: 7.86 eps_avg: 6.20 | P: 0.38 R: 1.00 F1: 0.89
2026-05-06 13:02:12 | DEBUG   | dpfl.core.base_simulator | Update norms — honest: ['1.68', '0.76', '3.44', '2.92', '0.40'], attacker: ['6.23', '3.42', '10.18', '7.81', '17.82']
2026-05-06 13:02:18 | INFO    | dpfl.core.base_simulator | Round 147/150 | Acc: 0.7933 | Loss: 0.6257 | eps_max: 7.86 eps_avg: 6.22 | P: 0.35 R: 1.00 F1: 0.91
2026-05-06 13:02:18 | DEBUG   | dpfl.core.base_simulator | Update norms — honest: ['0.46', '1.88', '0.93', '0.81', '1.95'], attacker: ['6.60', '3.54', '9.98', '7.24', '17.33']
2026-05-06 13:02:24 | INFO    | dpfl.core.base_simulator | Round 148/150 | Acc: 0.7931 | Loss: 0.6267 | eps_max: 7.86 eps_avg: 6.25 | P: 0.45 R: 1.00 F1: 0.90
2026-05-06 13:02:24 | DEBUG   | dpfl.core.base_simulator | Update norms — honest: ['1.52', '0.56', '1.64', '0.50', '1.93'], attacker: ['6.45', '3.42', '9.59', '7.73', '17.75']
2026-05-06 13:02:29 | INFO    | dpfl.core.base_simulator | Round 149/150 | Acc: 0.7931 | Loss: 0.6279 | eps_max: 7.86 eps_avg: 6.27 | P: 0.57 R: 1.00 F1: 0.95
2026-05-06 13:02:29 | DEBUG   | dpfl.core.base_simulator | Update norms — honest: ['2.04', '4.08', '2.04', '0.15', '1.19'], attacker: ['6.34', '3.58', '9.58', '7.81', '17.29']
2026-05-06 13:02:35 | INFO    | dpfl.core.base_simulator | Round 150/150 | Acc: 0.7930 | Loss: 0.6289 | eps_max: 7.86 eps_avg: 6.28 | P: 0.48 R: 1.00 F1: 0.93
2026-05-06 13:02:35 | DEBUG   | dpfl.core.base_simulator | Update norms — honest: ['2.61', '1.46', '1.04', '0.36', '2.25'], attacker: ['6.35', '3.59', '9.62', '7.04', '17.58']
2026-05-06 13:02:37 | INFO    | dpfl | Experiment complete in 1057.7s
============================================================
REPORT: DP-SGD Decentralized Federated Learning
============================================================
Timestamp:                  20260506_124457
Rounds completed:           150
Attack-active rounds:       100  (from round 50)
Final accuracy:             0.7930
Final test loss:            0.6289
Final epsilon (max honest): 7.86
Final epsilon (avg honest): 6.28
Best alpha:                 1000.0
Avg precision:              0.4172
Avg recall:                 1.0000
Avg F1 score:               0.8912
Avg update norm (honest):   1.0956
Avg update norm (attacker): 5.8774

eps_system (max honest): 7.8631
eps_avg (honest):        6.2841
eps_std (honest):        0.8272
n_frozen:                0/400
============================================================
