2026-05-07 08:20:09 | INFO    | dpfl | Experiment start: algorithm=krum, dataset=fashion_mnist, model=mlp, device=cuda
2026-05-07 08:20:09 | INFO    | dpfl | Config: nodes=500, attackers=300, rounds=150, noise_mode=none, attack=scale
2026-05-07 08:20:09 | INFO    | dpfl.data.fashion_mnist_dataset | Loading Fashion-MNIST dataset...
2026-05-07 08:20:09 | INFO    | dpfl.data.fashion_mnist_dataset | Fashion-MNIST loaded: 60000 train, 10000 test samples
2026-05-07 08:20:48 | INFO    | dpfl.core.base_simulator | Vectorized state ready: param_spec.D=50890, X_test=(10000, 1, 28, 28), train clients N=500, max_n_samples=1000
2026-05-07 08:20:48 | INFO    | dpfl.core.base_simulator | Setup complete: 500 nodes (300 attackers), param_dim=50890, split=iid
2026-05-07 08:20:48 | DEBUG   | dpfl.core.base_simulator | Attacker IDs: {0, 1, 2, 3, 4, 5, 6, 7, 8, 9, 10, 11, 12, 13, 14, 15, 16, 17, 18, 19, 20, 21, 22, 23, 24, 25, 26, 27, 28, 29, 30, 31, 32, 33, 34, 35, 36, 37, 38, 39, 40, 41, 42, 43, 44, 45, 46, 47, 48, 49, 50, 51, 52, 53, 54, 55, 56, 57, 58, 59, 60, 61, 62, 63, 64, 65, 66, 67, 68, 69, 70, 71, 72, 73, 74, 75, 76, 77, 78, 79, 80, 81, 82, 83, 84, 85, 86, 87, 88, 89, 90, 91, 92, 93, 94, 95, 96, 97, 98, 99, 100, 101, 102, 103, 104, 105, 106, 107, 108, 109, 110, 111, 112, 113, 114, 115, 116, 117, 118, 119, 120, 121, 122, 123, 124, 125, 126, 127, 128, 129, 130, 131, 132, 133, 134, 135, 136, 137, 138, 139, 140, 141, 142, 143, 144, 145, 146, 147, 148, 149, 150, 151, 152, 153, 154, 155, 156, 157, 158, 159, 160, 161, 162, 163, 164, 165, 166, 167, 168, 169, 170, 171, 172, 173, 174, 175, 176, 177, 178, 179, 180, 181, 182, 183, 184, 185, 186, 187, 188, 189, 190, 191, 192, 193, 194, 195, 196, 197, 198, 199, 200, 201, 202, 203, 204, 205, 206, 207, 208, 209, 210, 211, 212, 213, 214, 215, 216, 217, 218, 219, 220, 221, 222, 223, 224, 225, 226, 227, 228, 229, 230, 231, 232, 233, 234, 235, 236, 237, 238, 239, 240, 241, 242, 243, 244, 245, 246, 247, 248, 249, 250, 251, 252, 253, 254, 255, 256, 257, 258, 259, 260, 261, 262, 263, 264, 265, 266, 267, 268, 269, 270, 271, 272, 273, 274, 275, 276, 277, 278, 279, 280, 281, 282, 283, 284, 285, 286, 287, 288, 289, 290, 291, 292, 293, 294, 295, 296, 297, 298, 299}
2026-05-07 08:20:52 | INFO    | dpfl.core.base_simulator | Round   1/150 | Acc: 0.4589 | Loss: 1.9725 | eps: 0.00 | P: 0.00 R: nan F1: nan
2026-05-07 08:20:52 | DEBUG   | dpfl.core.base_simulator | Update norms — honest: ['0.23', '0.24', '0.23', '0.23', '0.24'], attacker: ['0.23', '0.23', '0.24', '0.23', '0.24']
2026-05-07 08:20:55 | INFO    | dpfl.core.base_simulator | Round   2/150 | Acc: 0.5733 | Loss: 1.7057 | eps: 0.00 | P: 0.00 R: nan F1: nan
2026-05-07 08:20:55 | DEBUG   | dpfl.core.base_simulator | Update norms — honest: ['0.21', '0.20', '0.20', '0.21', '0.21'], attacker: ['0.20', '0.20', '0.21', '0.20', '0.21']
2026-05-07 08:20:59 | INFO    | dpfl.core.base_simulator | Round   3/150 | Acc: 0.6227 | Loss: 1.4812 | eps: 0.00 | P: 0.00 R: nan F1: nan
2026-05-07 08:20:59 | DEBUG   | dpfl.core.base_simulator | Update norms — honest: ['0.19', '0.19', '0.19', '0.18', '0.19'], attacker: ['0.19', '0.19', '0.19', '0.18', '0.20']
2026-05-07 08:21:02 | INFO    | dpfl.core.base_simulator | Round   4/150 | Acc: 0.6516 | Loss: 1.3049 | eps: 0.00 | P: 0.00 R: nan F1: nan
2026-05-07 08:21:02 | DEBUG   | dpfl.core.base_simulator | Update norms — honest: ['0.17', '0.17', '0.17', '0.17', '0.17'], attacker: ['0.17', '0.17', '0.17', '0.16', '0.17']
2026-05-07 08:21:06 | INFO    | dpfl.core.base_simulator | Round   5/150 | Acc: 0.6738 | Loss: 1.1754 | eps: 0.00 | P: 0.00 R: nan F1: nan
2026-05-07 08:21:06 | DEBUG   | dpfl.core.base_simulator | Update norms — honest: ['0.15', '0.15', '0.14', '0.14', '0.14'], attacker: ['0.15', '0.15', '0.15', '0.14', '0.15']
2026-05-07 08:21:09 | INFO    | dpfl.core.base_simulator | Round   6/150 | Acc: 0.6911 | Loss: 1.0813 | eps: 0.00 | P: 0.00 R: nan F1: nan
2026-05-07 08:21:09 | DEBUG   | dpfl.core.base_simulator | Update norms — honest: ['0.13', '0.12', '0.12', '0.13', '0.12'], attacker: ['0.13', '0.13', '0.13', '0.13', '0.13']
2026-05-07 08:21:12 | INFO    | dpfl.core.base_simulator | Round   7/150 | Acc: 0.7025 | Loss: 1.0111 | eps: 0.00 | P: 0.00 R: nan F1: nan
2026-05-07 08:21:12 | DEBUG   | dpfl.core.base_simulator | Update norms — honest: ['0.11', '0.11', '0.11', '0.11', '0.11'], attacker: ['0.11', '0.11', '0.12', '0.11', '0.11']
2026-05-07 08:21:16 | INFO    | dpfl.core.base_simulator | Round   8/150 | Acc: 0.7103 | Loss: 0.9573 | eps: 0.00 | P: 0.00 R: nan F1: nan
2026-05-07 08:21:16 | DEBUG   | dpfl.core.base_simulator | Update norms — honest: ['0.10', '0.10', '0.09', '0.10', '0.09'], attacker: ['0.10', '0.10', '0.11', '0.10', '0.10']
2026-05-07 08:21:19 | INFO    | dpfl.core.base_simulator | Round   9/150 | Acc: 0.7167 | Loss: 0.9143 | eps: 0.00 | P: 0.00 R: nan F1: nan
2026-05-07 08:21:19 | DEBUG   | dpfl.core.base_simulator | Update norms — honest: ['0.09', '0.09', '0.08', '0.09', '0.09'], attacker: ['0.10', '0.09', '0.10', '0.09', '0.09']
2026-05-07 08:21:22 | INFO    | dpfl.core.base_simulator | Round  10/150 | Acc: 0.7229 | Loss: 0.8792 | eps: 0.00 | P: 0.00 R: nan F1: nan
2026-05-07 08:21:22 | DEBUG   | dpfl.core.base_simulator | Update norms — honest: ['0.08', '0.08', '0.08', '0.08', '0.08'], attacker: ['0.09', '0.09', '0.10', '0.09', '0.09']
2026-05-07 08:21:26 | INFO    | dpfl.core.base_simulator | Round  11/150 | Acc: 0.7279 | Loss: 0.8500 | eps: 0.00 | P: 0.00 R: nan F1: nan
2026-05-07 08:21:26 | DEBUG   | dpfl.core.base_simulator | Update norms — honest: ['0.07', '0.07', '0.07', '0.07', '0.07'], attacker: ['0.11', '0.09', '0.09', '0.09', '0.08']
2026-05-07 08:21:29 | INFO    | dpfl.core.base_simulator | Round  12/150 | Acc: 0.7325 | Loss: 0.8250 | eps: 0.00 | P: 0.00 R: nan F1: nan
2026-05-07 08:21:29 | DEBUG   | dpfl.core.base_simulator | Update norms — honest: ['0.07', '0.07', '0.07', '0.07', '0.07'], attacker: ['0.10', '0.10', '0.10', '0.10', '0.09']
2026-05-07 08:21:33 | INFO    | dpfl.core.base_simulator | Round  13/150 | Acc: 0.7367 | Loss: 0.8034 | eps: 0.00 | P: 0.00 R: nan F1: nan
2026-05-07 08:21:33 | DEBUG   | dpfl.core.base_simulator | Update norms — honest: ['0.07', '0.07', '0.06', '0.07', '0.06'], attacker: ['0.10', '0.10', '0.09', '0.11', '0.10']
2026-05-07 08:21:36 | INFO    | dpfl.core.base_simulator | Round  14/150 | Acc: 0.7403 | Loss: 0.7847 | eps: 0.00 | P: 0.00 R: nan F1: nan
2026-05-07 08:21:36 | DEBUG   | dpfl.core.base_simulator | Update norms — honest: ['0.06', '0.06', '0.06', '0.06', '0.07'], attacker: ['0.11', '0.11', '0.10', '0.11', '0.11']
2026-05-07 08:21:39 | INFO    | dpfl.core.base_simulator | Round  15/150 | Acc: 0.7435 | Loss: 0.7687 | eps: 0.00 | P: 0.00 R: nan F1: nan
2026-05-07 08:21:39 | DEBUG   | dpfl.core.base_simulator | Update norms — honest: ['0.06', '0.06', '0.06', '0.06', '0.06'], attacker: ['0.11', '0.10', '0.11', '0.10', '0.10']
2026-05-07 08:21:43 | INFO    | dpfl.core.base_simulator | Round  16/150 | Acc: 0.7464 | Loss: 0.7545 | eps: 0.00 | P: 0.00 R: nan F1: nan
2026-05-07 08:21:43 | DEBUG   | dpfl.core.base_simulator | Update norms — honest: ['0.05', '0.05', '0.05', '0.06', '0.06'], attacker: ['0.12', '0.11', '0.10', '0.11', '0.10']
2026-05-07 08:21:46 | INFO    | dpfl.core.base_simulator | Round  17/150 | Acc: 0.7492 | Loss: 0.7415 | eps: 0.00 | P: 0.00 R: nan F1: nan
2026-05-07 08:21:46 | DEBUG   | dpfl.core.base_simulator | Update norms — honest: ['0.05', '0.06', '0.06', '0.05', '0.05'], attacker: ['0.11', '0.10', '0.10', '0.11', '0.12']
2026-05-07 08:21:50 | INFO    | dpfl.core.base_simulator | Round  18/150 | Acc: 0.7519 | Loss: 0.7305 | eps: 0.00 | P: 0.00 R: nan F1: nan
2026-05-07 08:21:50 | DEBUG   | dpfl.core.base_simulator | Update norms — honest: ['0.05', '0.06', '0.05', '0.05', '0.05'], attacker: ['0.12', '0.12', '0.12', '0.10', '0.13']
2026-05-07 08:21:53 | INFO    | dpfl.core.base_simulator | Round  19/150 | Acc: 0.7544 | Loss: 0.7202 | eps: 0.00 | P: 0.00 R: nan F1: nan
2026-05-07 08:21:53 | DEBUG   | dpfl.core.base_simulator | Update norms — honest: ['0.05', '0.05', '0.05', '0.05', '0.05'], attacker: ['0.12', '0.10', '0.12', '0.12', '0.13']
2026-05-07 08:21:57 | INFO    | dpfl.core.base_simulator | Round  20/150 | Acc: 0.7562 | Loss: 0.7112 | eps: 0.00 | P: 0.00 R: nan F1: nan
2026-05-07 08:21:57 | DEBUG   | dpfl.core.base_simulator | Update norms — honest: ['0.05', '0.05', '0.05', '0.05', '0.05'], attacker: ['0.12', '0.12', '0.12', '0.13', '0.13']
2026-05-07 08:22:00 | INFO    | dpfl.core.base_simulator | Round  21/150 | Acc: 0.7580 | Loss: 0.7039 | eps: 0.00 | P: 0.00 R: nan F1: nan
2026-05-07 08:22:00 | DEBUG   | dpfl.core.base_simulator | Update norms — honest: ['0.05', '0.05', '0.05', '0.06', '0.04'], attacker: ['0.14', '0.14', '0.13', '0.16', '0.15']
2026-05-07 08:22:03 | INFO    | dpfl.core.base_simulator | Round  22/150 | Acc: 0.7603 | Loss: 0.6947 | eps: 0.00 | P: 0.00 R: nan F1: nan
2026-05-07 08:22:03 | DEBUG   | dpfl.core.base_simulator | Update norms — honest: ['0.04', '0.05', '0.05', '0.05', '0.04'], attacker: ['0.13', '0.14', '0.15', '0.15', '0.15']
2026-05-07 08:22:07 | INFO    | dpfl.core.base_simulator | Round  23/150 | Acc: 0.7623 | Loss: 0.6877 | eps: 0.00 | P: 0.00 R: nan F1: nan
2026-05-07 08:22:07 | DEBUG   | dpfl.core.base_simulator | Update norms — honest: ['0.05', '0.05', '0.05', '0.05', '0.05'], attacker: ['0.14', '0.14', '0.16', '0.16', '0.16']
2026-05-07 08:22:10 | INFO    | dpfl.core.base_simulator | Round  24/150 | Acc: 0.7631 | Loss: 0.6842 | eps: 0.00 | P: 0.00 R: nan F1: nan
2026-05-07 08:22:10 | DEBUG   | dpfl.core.base_simulator | Update norms — honest: ['0.04', '0.05', '0.05', '0.04', '0.04'], attacker: ['0.17', '0.16', '0.17', '0.17', '0.16']
2026-05-07 08:22:14 | INFO    | dpfl.core.base_simulator | Round  25/150 | Acc: 0.7655 | Loss: 0.6754 | eps: 0.00 | P: 0.00 R: nan F1: nan
2026-05-07 08:22:14 | DEBUG   | dpfl.core.base_simulator | Update norms — honest: ['0.04', '0.04', '0.04', '0.04', '0.04'], attacker: ['0.18', '0.17', '0.17', '0.17', '0.18']
2026-05-07 08:22:17 | INFO    | dpfl.core.base_simulator | Round  26/150 | Acc: 0.7668 | Loss: 0.6701 | eps: 0.00 | P: 0.00 R: nan F1: nan
2026-05-07 08:22:17 | DEBUG   | dpfl.core.base_simulator | Update norms — honest: ['0.04', '0.04', '0.04', '0.05', '0.05'], attacker: ['0.16', '0.16', '0.17', '0.17', '0.18']
2026-05-07 08:22:20 | INFO    | dpfl.core.base_simulator | Round  27/150 | Acc: 0.7680 | Loss: 0.6660 | eps: 0.00 | P: 0.00 R: nan F1: nan
2026-05-07 08:22:20 | DEBUG   | dpfl.core.base_simulator | Update norms — honest: ['0.04', '0.05', '0.04', '0.04', '0.05'], attacker: ['0.16', '0.18', '0.17', '0.17', '0.19']
2026-05-07 08:22:24 | INFO    | dpfl.core.base_simulator | Round  28/150 | Acc: 0.7695 | Loss: 0.6607 | eps: 0.00 | P: 0.00 R: nan F1: nan
2026-05-07 08:22:24 | DEBUG   | dpfl.core.base_simulator | Update norms — honest: ['0.04', '0.05', '0.04', '0.05', '0.04'], attacker: ['0.18', '0.18', '0.18', '0.19', '0.21']
2026-05-07 08:22:27 | INFO    | dpfl.core.base_simulator | Round  29/150 | Acc: 0.7696 | Loss: 0.6616 | eps: 0.00 | P: 0.00 R: nan F1: nan
2026-05-07 08:22:27 | DEBUG   | dpfl.core.base_simulator | Update norms — honest: ['0.04', '0.04', '0.04', '0.05', '0.04'], attacker: ['0.19', '0.20', '0.21', '0.20', '0.21']
2026-05-07 08:22:31 | INFO    | dpfl.core.base_simulator | Round  30/150 | Acc: 0.7712 | Loss: 0.6568 | eps: 0.00 | P: 0.00 R: nan F1: nan
2026-05-07 08:22:31 | DEBUG   | dpfl.core.base_simulator | Update norms — honest: ['0.04', '0.04', '0.04', '0.04', '0.04'], attacker: ['0.20', '0.21', '0.20', '0.21', '0.22']
2026-05-07 08:22:34 | INFO    | dpfl.core.base_simulator | Round  31/150 | Acc: 0.7709 | Loss: 0.6603 | eps: 0.00 | P: 0.00 R: nan F1: nan
2026-05-07 08:22:34 | DEBUG   | dpfl.core.base_simulator | Update norms — honest: ['0.03', '0.04', '0.03', '0.04', '0.04'], attacker: ['0.22', '0.22', '0.21', '0.22', '0.23']
2026-05-07 08:22:37 | INFO    | dpfl.core.base_simulator | Round  32/150 | Acc: 0.7729 | Loss: 0.6529 | eps: 0.00 | P: 0.00 R: nan F1: nan
2026-05-07 08:22:37 | DEBUG   | dpfl.core.base_simulator | Update norms — honest: ['0.04', '0.04', '0.04', '0.04', '0.04'], attacker: ['0.23', '0.28', '0.27', '0.28', '0.32']
2026-05-07 08:22:41 | INFO    | dpfl.core.base_simulator | Round  33/150 | Acc: 0.7739 | Loss: 0.6478 | eps: 0.00 | P: 0.00 R: nan F1: nan
2026-05-07 08:22:41 | DEBUG   | dpfl.core.base_simulator | Update norms — honest: ['0.04', '0.04', '0.04', '0.04', '0.04'], attacker: ['0.23', '0.28', '0.26', '0.26', '0.31']
2026-05-07 08:22:44 | INFO    | dpfl.core.base_simulator | Round  34/150 | Acc: 0.7758 | Loss: 0.6433 | eps: 0.00 | P: 0.00 R: nan F1: nan
2026-05-07 08:22:44 | DEBUG   | dpfl.core.base_simulator | Update norms — honest: ['0.04', '0.04', '0.04', '0.04', '0.03'], attacker: ['0.23', '0.26', '0.26', '0.29', '0.32']
2026-05-07 08:22:47 | INFO    | dpfl.core.base_simulator | Round  35/150 | Acc: 0.7724 | Loss: 0.6630 | eps: 0.00 | P: 0.00 R: nan F1: nan
2026-05-07 08:22:47 | DEBUG   | dpfl.core.base_simulator | Update norms — honest: ['0.03', '0.03', '0.04', '0.04', '0.04'], attacker: ['0.25', '0.35', '0.37', '0.37', '0.41']
2026-05-07 08:22:51 | INFO    | dpfl.core.base_simulator | Round  36/150 | Acc: 0.7736 | Loss: 0.6615 | eps: 0.00 | P: 0.00 R: nan F1: nan
2026-05-07 08:22:51 | DEBUG   | dpfl.core.base_simulator | Update norms — honest: ['0.03', '0.04', '0.04', '0.04', '0.04'], attacker: ['0.24', '0.36', '0.37', '0.38', '0.42']
2026-05-07 08:22:54 | INFO    | dpfl.core.base_simulator | Round  37/150 | Acc: 0.7764 | Loss: 0.6447 | eps: 0.00 | P: 0.00 R: nan F1: nan
2026-05-07 08:22:54 | DEBUG   | dpfl.core.base_simulator | Update norms — honest: ['0.03', '0.04', '0.04', '0.03', '0.03'], attacker: ['0.25', '0.37', '0.38', '0.38', '0.43']
2026-05-07 08:22:57 | INFO    | dpfl.core.base_simulator | Round  38/150 | Acc: 0.7756 | Loss: 0.6493 | eps: 0.00 | P: 0.00 R: nan F1: nan
2026-05-07 08:22:57 | DEBUG   | dpfl.core.base_simulator | Update norms — honest: ['0.03', '0.04', '0.04', '0.04', '0.04'], attacker: ['0.28', '0.40', '0.39', '0.41', '0.44']
2026-05-07 08:23:01 | INFO    | dpfl.core.base_simulator | Round  39/150 | Acc: 0.7721 | Loss: 0.6706 | eps: 0.00 | P: 0.00 R: nan F1: nan
2026-05-07 08:23:01 | DEBUG   | dpfl.core.base_simulator | Update norms — honest: ['0.03', '0.03', '0.03', '0.03', '0.04'], attacker: ['0.29', '0.41', '0.41', '0.41', '0.45']
2026-05-07 08:23:04 | INFO    | dpfl.core.base_simulator | Round  40/150 | Acc: 0.7743 | Loss: 0.6734 | eps: 0.00 | P: 0.00 R: nan F1: nan
2026-05-07 08:23:04 | DEBUG   | dpfl.core.base_simulator | Update norms — honest: ['0.03', '0.03', '0.04', '0.04', '0.03'], attacker: ['0.30', '0.41', '0.41', '0.41', '0.45']
2026-05-07 08:23:08 | INFO    | dpfl.core.base_simulator | Round  41/150 | Acc: 0.7793 | Loss: 0.6294 | eps: 0.00 | P: 0.00 R: nan F1: nan
2026-05-07 08:23:08 | DEBUG   | dpfl.core.base_simulator | Update norms — honest: ['0.03', '0.04', '0.04', '0.03', '0.03'], attacker: ['0.30', '0.41', '0.40', '0.41', '0.45']
2026-05-07 08:23:11 | INFO    | dpfl.core.base_simulator | Round  42/150 | Acc: 0.7775 | Loss: 0.6482 | eps: 0.00 | P: 0.00 R: nan F1: nan
2026-05-07 08:23:11 | DEBUG   | dpfl.core.base_simulator | Update norms — honest: ['0.03', '0.04', '0.03', '0.03', '0.03'], attacker: ['0.30', '0.39', '0.41', '0.44', '0.47']
2026-05-07 08:23:14 | INFO    | dpfl.core.base_simulator | Round  43/150 | Acc: 0.7805 | Loss: 0.6300 | eps: 0.00 | P: 0.00 R: nan F1: nan
2026-05-07 08:23:14 | DEBUG   | dpfl.core.base_simulator | Update norms — honest: ['0.03', '0.04', '0.03', '0.03', '0.03'], attacker: ['0.30', '0.41', '0.41', '0.44', '0.48']
2026-05-07 08:23:18 | INFO    | dpfl.core.base_simulator | Round  44/150 | Acc: 0.7772 | Loss: 0.6411 | eps: 0.00 | P: 0.00 R: nan F1: nan
2026-05-07 08:23:18 | DEBUG   | dpfl.core.base_simulator | Update norms — honest: ['0.03', '0.04', '0.03', '0.03', '0.03'], attacker: ['0.31', '0.40', '0.42', '0.44', '0.48']
2026-05-07 08:23:21 | INFO    | dpfl.core.base_simulator | Round  45/150 | Acc: 0.7787 | Loss: 0.6409 | eps: 0.00 | P: 0.00 R: nan F1: nan
2026-05-07 08:23:21 | DEBUG   | dpfl.core.base_simulator | Update norms — honest: ['0.03', '0.03', '0.04', '0.03', '0.04'], attacker: ['0.32', '0.42', '0.43', '0.45', '0.48']
2026-05-07 08:23:24 | INFO    | dpfl.core.base_simulator | Round  46/150 | Acc: 0.7755 | Loss: 0.6573 | eps: 0.00 | P: 0.00 R: nan F1: nan
2026-05-07 08:23:24 | DEBUG   | dpfl.core.base_simulator | Update norms — honest: ['0.04', '0.03', '0.03', '0.04', '0.04'], attacker: ['0.31', '0.43', '0.43', '0.45', '0.50']
2026-05-07 08:23:28 | INFO    | dpfl.core.base_simulator | Round  47/150 | Acc: 0.7785 | Loss: 0.6449 | eps: 0.00 | P: 0.00 R: nan F1: nan
2026-05-07 08:23:28 | DEBUG   | dpfl.core.base_simulator | Update norms — honest: ['0.04', '0.03', '0.04', '0.04', '0.03'], attacker: ['0.34', '0.43', '0.45', '0.45', '0.50']
2026-05-07 08:23:31 | INFO    | dpfl.core.base_simulator | Round  48/150 | Acc: 0.7801 | Loss: 0.6349 | eps: 0.00 | P: 0.00 R: nan F1: nan
2026-05-07 08:23:31 | DEBUG   | dpfl.core.base_simulator | Update norms — honest: ['0.03', '0.04', '0.04', '0.29', '0.03'], attacker: ['0.34', '0.44', '0.48', '0.50', '0.54']
2026-05-07 08:23:35 | INFO    | dpfl.core.base_simulator | Round  49/150 | Acc: 0.7833 | Loss: 0.6181 | eps: 0.00 | P: 0.00 R: nan F1: nan
2026-05-07 08:23:35 | DEBUG   | dpfl.core.base_simulator | Update norms — honest: ['0.03', '0.25', '0.03', '0.08', '0.03'], attacker: ['0.36', '0.45', '0.49', '0.53', '0.57']
2026-05-07 08:23:38 | INFO    | dpfl.core.base_simulator | Round  50/150 | Acc: 0.7833 | Loss: 0.6166 | eps: 0.00 | P: 0.00 R: nan F1: nan
2026-05-07 08:23:38 | DEBUG   | dpfl.core.base_simulator | Update norms — honest: ['0.03', '0.06', '0.03', '0.05', '0.04'], attacker: ['0.36', '0.45', '0.52', '0.54', '0.56']
2026-05-07 08:23:41 | INFO    | dpfl.core.base_simulator | Round  51/150 | Acc: 0.7644 | Loss: 12.2853 | eps: 0.00 | P: 0.90 R: 0.98 F1: 0.94
2026-05-07 08:23:41 | DEBUG   | dpfl.core.base_simulator | Update norms — honest: ['0.03', '0.04', '0.03', '0.04', '0.03'], attacker: ['7.30', '9.30', '10.57', '11.06', '11.47']
2026-05-07 08:23:45 | INFO    | dpfl.core.base_simulator | Round  52/150 | Acc: 0.7489 | Loss: 102.6745 | eps: 0.00 | P: 0.91 R: 0.98 F1: 0.94
2026-05-07 08:23:45 | DEBUG   | dpfl.core.base_simulator | Update norms — honest: ['0.04', '4.67', '0.04', '0.03', '0.03'], attacker: ['7.94', '10.02', '11.02', '11.45', '11.72']
2026-05-07 08:23:48 | INFO    | dpfl.core.base_simulator | Round  53/150 | Acc: 0.7400 | Loss: 682.1085 | eps: 0.00 | P: 0.84 R: 0.98 F1: 0.88
2026-05-07 08:23:48 | DEBUG   | dpfl.core.base_simulator | Update norms — honest: ['0.03', '0.73', '25.56', '0.03', '0.03'], attacker: ['81.06', '80.58', '82.43', '81.37', '80.59']
2026-05-07 08:23:51 | INFO    | dpfl.core.base_simulator | Round  54/150 | Acc: 0.7115 | Loss: 270124.4980 | eps: 0.00 | P: 0.80 R: 0.97 F1: 0.87
2026-05-07 08:23:51 | DEBUG   | dpfl.core.base_simulator | Update norms — honest: ['0.03', '0.31', '4.01', '0.04', '0.03'], attacker: ['952.35', '956.06', '963.72', '953.99', '980.66']
2026-05-07 08:23:55 | INFO    | dpfl.core.base_simulator | Round  55/150 | Acc: 0.6886 | Loss: 23436125.4435 | eps: 0.00 | P: 0.73 R: 0.98 F1: 0.82
2026-05-07 08:23:55 | DEBUG   | dpfl.core.base_simulator | Update norms — honest: ['0.03', '600.30', '1.90', '0.04', '0.04'], attacker: ['6473.98', '6485.04', '6434.31', '6387.53', '6178.86']
2026-05-07 08:23:58 | INFO    | dpfl.core.base_simulator | Round  56/150 | Acc: 0.6773 | Loss: 2694774297.5144 | eps: 0.00 | P: 0.74 R: 0.97 F1: 0.81
2026-05-07 08:23:58 | DEBUG   | dpfl.core.base_simulator | Update norms — honest: ['0.03', '152.43', '0.91', '0.03', '0.03'], attacker: ['67012.19', '62137.66', '67363.92', '65237.45', '62766.02']
2026-05-07 08:24:02 | INFO    | dpfl.core.base_simulator | Round  57/150 | Acc: 0.6669 | Loss: 208520300979.1152 | eps: 0.00 | P: 0.85 R: 0.95 F1: 0.89
2026-05-07 08:24:02 | DEBUG   | dpfl.core.base_simulator | Update norms — honest: ['0.05', '131.99', '0.53', '0.03', '0.03'], attacker: ['650823.75', '642398.94', '593194.31', '622033.56', '660163.19']
2026-05-07 08:24:05 | INFO    | dpfl.core.base_simulator | Round  58/150 | Acc: 0.6362 | Loss: 25734230927714.3359 | eps: 0.00 | P: 0.80 R: 0.98 F1: 0.87
2026-05-07 08:24:05 | DEBUG   | dpfl.core.base_simulator | Update norms — honest: ['0.04', '81.43', '0.39', '0.04', '0.03'], attacker: ['5689971.50', '6473412.00', '6301628.00', '5917085.50', '6417162.00']
2026-05-07 08:24:08 | INFO    | dpfl.core.base_simulator | Round  59/150 | Acc: 0.5915 | Loss: 5385793862894328.0000 | eps: 0.00 | P: 0.77 R: 0.98 F1: 0.85
2026-05-07 08:24:08 | DEBUG   | dpfl.core.base_simulator | Update norms — honest: ['0.03', '74.52', '0.32', '0.04', '0.03'], attacker: ['61482052.00', '66066992.00', '61680496.00', '64893640.00', '65103008.00']
2026-05-07 08:24:12 | INFO    | dpfl.core.base_simulator | Round  60/150 | Acc: 0.5713 | Loss: 342233262411837504.0000 | eps: 0.00 | P: 0.88 R: 0.99 F1: 0.92
2026-05-07 08:24:12 | DEBUG   | dpfl.core.base_simulator | Update norms — honest: ['0.03', '47.23', '0.30', '0.03', '0.03'], attacker: ['659557632.00', '688729024.00', '686845696.00', '600161600.00', '647311872.00']
2026-05-07 08:24:15 | INFO    | dpfl.core.base_simulator | Round  61/150 | Acc: 0.5788 | Loss: 39115176048956882944.0000 | eps: 0.00 | P: 0.81 R: 0.98 F1: 0.87
2026-05-07 08:24:15 | DEBUG   | dpfl.core.base_simulator | Update norms — honest: ['0.03', '40.42', '0.25', '0.03', '0.03'], attacker: ['7055137280.00', '7136249344.00', '7148576256.00', '7063321088.00', '6926443008.00']
2026-05-07 08:24:19 | INFO    | dpfl.core.base_simulator | Round  62/150 | Acc: 0.5539 | Loss: 2998256539952720904192.0000 | eps: 0.00 | P: 0.74 R: 0.98 F1: 0.81
2026-05-07 08:24:19 | DEBUG   | dpfl.core.base_simulator | Update norms — honest: ['0.03', '40.81', '0.23', '0.03', '0.04'], attacker: ['51974029312.00', '49557491712.00', '51291414528.00', '50160353280.00', '54782652416.00']
2026-05-07 08:24:22 | INFO    | dpfl.core.base_simulator | Round  63/150 | Acc: 0.5568 | Loss: 214756246975482404274176.0000 | eps: 0.00 | P: 0.84 R: 0.97 F1: 0.90
2026-05-07 08:24:22 | DEBUG   | dpfl.core.base_simulator | Update norms — honest: ['0.03', '46.58', '0.22', '0.03', '0.04'], attacker: ['649029943296.00', '701167697920.00', '660030947328.00', '672473022464.00', '648561491968.00']
2026-05-07 08:24:26 | INFO    | dpfl.core.base_simulator | Round  64/150 | Acc: 0.5418 | Loss: 35240780481106268922052608.0000 | eps: 0.00 | P: 0.76 R: 0.97 F1: 0.84
2026-05-07 08:24:26 | DEBUG   | dpfl.core.base_simulator | Update norms — honest: ['0.04', '21.03', '0.22', '0.03', '0.03'], attacker: ['7715389702144.00', '7411797065728.00', '7833862537216.00', '7974892339200.00', '7708056485888.00']
2026-05-07 08:24:29 | INFO    | dpfl.core.base_simulator | Round  65/150 | Acc: 0.5252 | Loss: 6213745640362679288817778688.0000 | eps: 0.00 | P: 0.84 R: 0.98 F1: 0.90
2026-05-07 08:24:29 | DEBUG   | dpfl.core.base_simulator | Update norms — honest: ['0.04', '30.66', '0.21', '0.03', '0.03'], attacker: ['82972552200192.00', '82300582756352.00', '83726226685952.00', '84645324521472.00', '87886380662784.00']
2026-05-07 08:24:32 | INFO    | dpfl.core.base_simulator | Round  66/150 | Acc: 0.5231 | Loss: 454082828731952072495621734400.0000 | eps: 0.00 | P: 0.76 R: 0.97 F1: 0.85
2026-05-07 08:24:32 | DEBUG   | dpfl.core.base_simulator | Update norms — honest: ['0.03', '65946584612864.00', '64762985578496.00', '0.03', '0.03'], attacker: ['984333959561216.00', '949628073672704.00', '993402715897856.00', '977832318599168.00', '1010169664241664.00']
2026-05-07 08:24:36 | INFO    | dpfl.core.base_simulator | Round  67/150 | Acc: 0.5314 | Loss: 25713585318253590785334584541184.0000 | eps: 0.00 | P: 0.86 R: 0.97 F1: 0.91
2026-05-07 08:24:36 | DEBUG   | dpfl.core.base_simulator | Update norms — honest: ['0.03', '16354936619008.00', '12775887732736.00', '0.03', '0.03'], attacker: ['10658001073471488.00', '10100664642306048.00', '10377076926316544.00', '11165526621421568.00', '10617613348503552.00']
2026-05-07 08:24:39 | INFO    | dpfl.core.base_simulator | Round  68/150 | Acc: 0.5216 | Loss: inf | eps: 0.00 | P: 0.77 R: 0.98 F1: 0.85
2026-05-07 08:24:39 | DEBUG   | dpfl.core.base_simulator | Update norms — honest: ['0.03', '10182052544512.00', '6449833455910912.00', '0.03', '0.03'], attacker: ['115017016573689856.00', '113803061247344640.00', '118881696866107392.00', '115438378635231232.00', '118333555959922688.00']
2026-05-07 08:24:42 | INFO    | dpfl.core.base_simulator | Round  69/150 | Acc: 0.5087 | Loss: inf | eps: 0.00 | P: 0.83 R: 0.98 F1: 0.89
2026-05-07 08:24:42 | DEBUG   | dpfl.core.base_simulator | Update norms — honest: ['0.02', '8740334469120.00', '1365569550942208.00', '0.03', '0.03'], attacker: ['1166915401410412544.00', '1194538706912935936.00', '1131624033096302592.00', '1157560206725480448.00', '1254647358336008192.00']
2026-05-07 08:24:46 | INFO    | dpfl.core.base_simulator | Round  70/150 | Acc: 0.5258 | Loss: inf | eps: 0.00 | P: 0.93 R: 1.00 F1: 0.96
2026-05-07 08:24:46 | DEBUG   | dpfl.core.base_simulator | Update norms — honest: ['0.03', '6185385721856.00', '1719155820593152.00', '0.03', '725877441851031552.00'], attacker: ['12936721871017082880.00', '12578772562059722752.00', '12584297607989297152.00', '13812151929540706304.00', '13587765795567435776.00']
2026-05-07 08:24:49 | INFO    | dpfl.core.base_simulator | Round  71/150 | Acc: 0.5403 | Loss: inf | eps: 0.00 | P: 0.87 R: 1.00 F1: 0.93
2026-05-07 08:24:49 | DEBUG   | dpfl.core.base_simulator | Update norms — honest: ['0.03', '7963037663232.00', '1000032669007872.00', '0.03', '185624844400852992.00'], attacker: ['nan', 'nan', 'nan', 'nan', 'nan']
2026-05-07 08:24:52 | INFO    | dpfl.core.base_simulator | Round  72/150 | Acc: 0.5588 | Loss: inf | eps: 0.00 | P: 0.92 R: 1.00 F1: 0.96
2026-05-07 08:24:52 | DEBUG   | dpfl.core.base_simulator | Update norms — honest: ['0.02', '4913541152768.00', '686116126588928.00', '0.02', '146675607059562496.00'], attacker: ['nan', 'nan', 'nan', 'nan', 'nan']
2026-05-07 08:24:56 | INFO    | dpfl.core.base_simulator | Round  73/150 | Acc: 0.5738 | Loss: inf | eps: 0.00 | P: 0.88 R: 1.00 F1: 0.94
2026-05-07 08:24:56 | DEBUG   | dpfl.core.base_simulator | Update norms — honest: ['0.02', '3255379165184.00', '712604062318592.00', '0.02', '76444130036678656.00'], attacker: ['nan', 'nan', 'nan', 'nan', 'nan']
2026-05-07 08:24:59 | INFO    | dpfl.core.base_simulator | Round  74/150 | Acc: 0.5882 | Loss: inf | eps: 0.00 | P: 0.78 R: 1.00 F1: 0.88
2026-05-07 08:24:59 | DEBUG   | dpfl.core.base_simulator | Update norms — honest: ['0.03', '3195361034240.00', '492640399261696.00', '0.03', '89044945607852032.00'], attacker: ['nan', 'nan', 'nan', 'nan', 'nan']
2026-05-07 08:25:02 | INFO    | dpfl.core.base_simulator | Round  75/150 | Acc: 0.5927 | Loss: inf | eps: 0.00 | P: 0.98 R: 1.00 F1: 0.99
2026-05-07 08:25:02 | DEBUG   | dpfl.core.base_simulator | Update norms — honest: ['0.03', '3801709019136.00', '370296175460352.00', '0.03', '75270822280822784.00'], attacker: ['nan', 'nan', 'nan', 'nan', 'nan']
2026-05-07 08:25:06 | INFO    | dpfl.core.base_simulator | Round  76/150 | Acc: 0.6060 | Loss: inf | eps: 0.00 | P: 0.75 R: 1.00 F1: 0.85
2026-05-07 08:25:06 | DEBUG   | dpfl.core.base_simulator | Update norms — honest: ['0.03', '3199305515008.00', '372121133907968.00', '0.03', '54710745115394048.00'], attacker: ['nan', 'nan', 'nan', 'nan', 'nan']
2026-05-07 08:25:09 | INFO    | dpfl.core.base_simulator | Round  77/150 | Acc: 0.6117 | Loss: inf | eps: 0.00 | P: 0.77 R: 1.00 F1: 0.86
2026-05-07 08:25:09 | DEBUG   | dpfl.core.base_simulator | Update norms — honest: ['0.03', '3286685188096.00', '384890642104320.00', '0.04', '50001639892844544.00'], attacker: ['nan', 'nan', 'nan', 'nan', 'nan']
2026-05-07 08:25:13 | INFO    | dpfl.core.base_simulator | Round  78/150 | Acc: 0.6182 | Loss: inf | eps: 0.00 | P: 0.79 R: 1.00 F1: 0.87
2026-05-07 08:25:13 | DEBUG   | dpfl.core.base_simulator | Update norms — honest: ['0.04', '2813474635776.00', '375862922838016.00', '0.04', '30255328033505280.00'], attacker: ['nan', 'nan', 'nan', 'nan', 'nan']
2026-05-07 08:25:16 | INFO    | dpfl.core.base_simulator | Round  79/150 | Acc: 0.6285 | Loss: inf | eps: 0.00 | P: 0.90 R: 1.00 F1: 0.95
2026-05-07 08:25:16 | DEBUG   | dpfl.core.base_simulator | Update norms — honest: ['0.03', '2504097267712.00', '307176597880832.00', '0.03', '31325268811448320.00'], attacker: ['nan', 'nan', 'nan', 'nan', 'nan']
2026-05-07 08:25:19 | INFO    | dpfl.core.base_simulator | Round  80/150 | Acc: 0.6411 | Loss: inf | eps: 0.00 | P: 0.78 R: 1.00 F1: 0.86
2026-05-07 08:25:19 | DEBUG   | dpfl.core.base_simulator | Update norms — honest: ['0.02', '1939219677184.00', '214351784968192.00', '0.03', '32745260161433600.00'], attacker: ['nan', 'nan', 'nan', 'nan', 'nan']
2026-05-07 08:25:23 | INFO    | dpfl.core.base_simulator | Round  81/150 | Acc: 0.6405 | Loss: inf | eps: 0.00 | P: 0.77 R: 1.00 F1: 0.86
2026-05-07 08:25:23 | DEBUG   | dpfl.core.base_simulator | Update norms — honest: ['0.03', '2492627419136.00', '198386670108672.00', '0.03', '26851089710055424.00'], attacker: ['nan', 'nan', 'nan', 'nan', 'nan']
2026-05-07 08:25:26 | INFO    | dpfl.core.base_simulator | Round  82/150 | Acc: 0.6462 | Loss: inf | eps: 0.00 | P: 0.90 R: 1.00 F1: 0.94
2026-05-07 08:25:26 | DEBUG   | dpfl.core.base_simulator | Update norms — honest: ['0.03', '2319097528320.00', '183891323256832.00', '0.02', '25596980734459904.00'], attacker: ['nan', 'nan', 'nan', 'nan', 'nan']
2026-05-07 08:25:29 | INFO    | dpfl.core.base_simulator | Round  83/150 | Acc: 0.6552 | Loss: inf | eps: 0.00 | P: 0.89 R: 1.00 F1: 0.94
2026-05-07 08:25:29 | DEBUG   | dpfl.core.base_simulator | Update norms — honest: ['0.02', '1909514174464.00', '178242283634688.00', '0.02', '21292242387861504.00'], attacker: ['nan', 'nan', 'nan', 'nan', 'nan']
2026-05-07 08:25:33 | INFO    | dpfl.core.base_simulator | Round  84/150 | Acc: 0.6571 | Loss: 820449314033091233429627493941248.0000 | eps: 0.00 | P: 0.84 R: 1.00 F1: 0.91
2026-05-07 08:25:33 | DEBUG   | dpfl.core.base_simulator | Update norms — honest: ['0.03', '1289497608192.00', '186044393717760.00', '0.03', '28600827174191104.00'], attacker: ['nan', 'nan', 'nan', 'nan', 'nan']
2026-05-07 08:25:36 | INFO    | dpfl.core.base_simulator | Round  85/150 | Acc: 0.6640 | Loss: 889546915245089573931288157487104.0000 | eps: 0.00 | P: 0.92 R: 1.00 F1: 0.96
2026-05-07 08:25:36 | DEBUG   | dpfl.core.base_simulator | Update norms — honest: ['0.02', '1879468146688.00', '194077140189184.00', '0.02', '21084894251712512.00'], attacker: ['nan', 'nan', 'nan', 'nan', 'nan']
2026-05-07 08:25:39 | INFO    | dpfl.core.base_simulator | Round  86/150 | Acc: 0.6710 | Loss: 728420694866616996428104956116992.0000 | eps: 0.00 | P: 0.86 R: 1.00 F1: 0.91
2026-05-07 08:25:39 | DEBUG   | dpfl.core.base_simulator | Update norms — honest: ['0.03', '1500247359488.00', '243970181431296.00', '0.03', '17794136480415744.00'], attacker: ['nan', 'nan', 'nan', 'nan', 'nan']
2026-05-07 08:25:43 | INFO    | dpfl.core.base_simulator | Round  87/150 | Acc: 0.6721 | Loss: 759561672168271672222944824655872.0000 | eps: 0.00 | P: 0.76 R: 1.00 F1: 0.86
2026-05-07 08:25:43 | DEBUG   | dpfl.core.base_simulator | Update norms — honest: ['0.03', '1590673276928.00', '230546395365376.00', '0.03', '23967882459217920.00'], attacker: ['nan', 'nan', 'nan', 'nan', 'nan']
2026-05-07 08:25:46 | INFO    | dpfl.core.base_simulator | Round  88/150 | Acc: 0.6755 | Loss: 628424407171306052553108141113344.0000 | eps: 0.00 | P: 0.82 R: 1.00 F1: 0.89
2026-05-07 08:25:46 | DEBUG   | dpfl.core.base_simulator | Update norms — honest: ['0.03', '1687469948928.00', '205700848418816.00', '0.02', '20262261985640448.00'], attacker: ['nan', 'nan', 'nan', 'nan', 'nan']
2026-05-07 08:25:49 | INFO    | dpfl.core.base_simulator | Round  89/150 | Acc: 0.6853 | Loss: 570076091544573194540207157805056.0000 | eps: 0.00 | P: 0.79 R: 1.00 F1: 0.84
2026-05-07 08:25:49 | DEBUG   | dpfl.core.base_simulator | Update norms — honest: ['0.03', '1444876517376.00', '190549462089728.00', '0.02', '20265176120950784.00'], attacker: ['nan', 'nan', 'nan', 'nan', 'nan']
2026-05-07 08:25:53 | INFO    | dpfl.core.base_simulator | Round  90/150 | Acc: 0.6832 | Loss: 580177944960443734319850321870848.0000 | eps: 0.00 | P: 0.81 R: 1.00 F1: 0.88
2026-05-07 08:25:53 | DEBUG   | dpfl.core.base_simulator | Update norms — honest: ['0.02', '1370444136448.00', '126231580246016.00', '0.03', '19727618014183424.00'], attacker: ['nan', 'nan', 'nan', 'nan', 'nan']
2026-05-07 08:25:56 | INFO    | dpfl.core.base_simulator | Round  91/150 | Acc: 0.6866 | Loss: 576430540041373991351497091186688.0000 | eps: 0.00 | P: 0.71 R: 1.00 F1: 0.81
2026-05-07 08:25:56 | DEBUG   | dpfl.core.base_simulator | Update norms — honest: ['0.03', '1602918547456.00', '181784339808256.00', '0.03', '14483294368301056.00'], attacker: ['nan', 'nan', 'nan', 'nan', 'nan']
2026-05-07 08:25:59 | INFO    | dpfl.core.base_simulator | Round  92/150 | Acc: 0.6912 | Loss: 534385776340908632436288729907200.0000 | eps: 0.00 | P: 0.79 R: 1.00 F1: 0.87
2026-05-07 08:25:59 | DEBUG   | dpfl.core.base_simulator | Update norms — honest: ['0.03', '1286893076480.00', '181184453672960.00', '0.02', '18086712873844736.00'], attacker: ['nan', 'nan', 'nan', 'nan', 'nan']
2026-05-07 08:26:03 | INFO    | dpfl.core.base_simulator | Round  93/150 | Acc: 0.6935 | Loss: 506750610772388828888105517842432.0000 | eps: 0.00 | P: 0.85 R: 1.00 F1: 0.91
2026-05-07 08:26:03 | DEBUG   | dpfl.core.base_simulator | Update norms — honest: ['0.03', '1071886368768.00', '182780419899392.00', '0.02', '19887092297367552.00'], attacker: ['nan', 'nan', 'nan', 'nan', 'nan']
2026-05-07 08:26:06 | INFO    | dpfl.core.base_simulator | Round  94/150 | Acc: 0.6929 | Loss: 521160044868594212601129580101632.0000 | eps: 0.00 | P: 0.73 R: 1.00 F1: 0.82
2026-05-07 08:26:06 | DEBUG   | dpfl.core.base_simulator | Update norms — honest: ['0.03', '1453390036992.00', '163292005793792.00', '0.03', '12219413885353984.00'], attacker: ['nan', 'nan', 'nan', 'nan', 'nan']
2026-05-07 08:26:10 | INFO    | dpfl.core.base_simulator | Round  95/150 | Acc: 0.6988 | Loss: 365732036879163105072242063572992.0000 | eps: 0.00 | P: 0.88 R: 1.00 F1: 0.94
2026-05-07 08:26:10 | DEBUG   | dpfl.core.base_simulator | Update norms — honest: ['0.03', '1088790659072.00', '140259262201856.00', '0.03', '12999206000132096.00'], attacker: ['nan', 'nan', 'nan', 'nan', 'nan']
2026-05-07 08:26:13 | INFO    | dpfl.core.base_simulator | Round  96/150 | Acc: 0.6980 | Loss: 466292441464269750605089544863744.0000 | eps: 0.00 | P: 0.73 R: 1.00 F1: 0.81
2026-05-07 08:26:13 | DEBUG   | dpfl.core.base_simulator | Update norms — honest: ['0.04', '798063656960.00', '91568048439296.00', '0.03', '15393167083831296.00'], attacker: ['nan', 'nan', 'nan', 'nan', 'nan']
2026-05-07 08:26:16 | INFO    | dpfl.core.base_simulator | Round  97/150 | Acc: 0.7036 | Loss: 383060637972465770798736440557568.0000 | eps: 0.00 | P: 0.80 R: 1.00 F1: 0.85
2026-05-07 08:26:16 | DEBUG   | dpfl.core.base_simulator | Update norms — honest: ['0.03', '1142790160384.00', '101963689623552.00', '0.04', '16741939286114304.00'], attacker: ['nan', 'nan', 'nan', 'nan', 'nan']
2026-05-07 08:26:20 | INFO    | dpfl.core.base_simulator | Round  98/150 | Acc: 0.7014 | Loss: 376791331579595303626207922225152.0000 | eps: 0.00 | P: 0.80 R: 1.00 F1: 0.87
2026-05-07 08:26:20 | DEBUG   | dpfl.core.base_simulator | Update norms — honest: ['0.03', '1573854642176.00', '90911019106304.00', '0.03', '14262289309892608.00'], attacker: ['nan', 'nan', 'nan', 'nan', 'nan']
2026-05-07 08:26:23 | INFO    | dpfl.core.base_simulator | Round  99/150 | Acc: 0.7033 | Loss: 344699182850434212722983233912832.0000 | eps: 0.00 | P: 0.83 R: 1.00 F1: 0.89
2026-05-07 08:26:23 | DEBUG   | dpfl.core.base_simulator | Update norms — honest: ['0.03', '1445458214912.00', '154499721199616.00', '0.03', '14042412754141184.00'], attacker: ['nan', 'nan', 'nan', 'nan', 'nan']
2026-05-07 08:26:27 | INFO    | dpfl.core.base_simulator | Round 100/150 | Acc: 0.7073 | Loss: 340608903863618555277894213435392.0000 | eps: 0.00 | P: 0.86 R: 1.00 F1: 0.92
2026-05-07 08:26:27 | DEBUG   | dpfl.core.base_simulator | Update norms — honest: ['0.02', '1174791127040.00', '115810739683328.00', '0.02', '16880535733272576.00'], attacker: ['nan', 'nan', 'nan', 'nan', 'nan']
2026-05-07 08:26:30 | INFO    | dpfl.core.base_simulator | Round 101/150 | Acc: 0.7114 | Loss: 310605490626629542897384121434112.0000 | eps: 0.00 | P: 0.77 R: 1.00 F1: 0.86
2026-05-07 08:26:30 | DEBUG   | dpfl.core.base_simulator | Update norms — honest: ['0.03', '1031070285824.00', '96559882567680.00', '0.03', '18417476895244288.00'], attacker: ['nan', 'nan', 'nan', 'nan', 'nan']
2026-05-07 08:26:33 | INFO    | dpfl.core.base_simulator | Round 102/150 | Acc: 0.7108 | Loss: 244540598346029297933990116720640.0000 | eps: 0.00 | P: 0.74 R: 1.00 F1: 0.82
2026-05-07 08:26:33 | DEBUG   | dpfl.core.base_simulator | Update norms — honest: ['0.02', '1390959132672.00', '177768931262464.00', '0.02', '16191757196722176.00'], attacker: ['nan', 'nan', 'nan', 'nan', 'nan']
2026-05-07 08:26:37 | INFO    | dpfl.core.base_simulator | Round 103/150 | Acc: 0.7096 | Loss: 367137172468647304326293867200512.0000 | eps: 0.00 | P: 0.80 R: 1.00 F1: 0.88
2026-05-07 08:26:37 | DEBUG   | dpfl.core.base_simulator | Update norms — honest: ['0.02', '2106280378368.00', '131208927248384.00', '0.02', '11129558417801216.00'], attacker: ['nan', 'nan', 'nan', 'nan', 'nan']
2026-05-07 08:26:40 | INFO    | dpfl.core.base_simulator | Round 104/150 | Acc: 0.7144 | Loss: 328039630703807669680755833831424.0000 | eps: 0.00 | P: 0.80 R: 1.00 F1: 0.87
2026-05-07 08:26:40 | DEBUG   | dpfl.core.base_simulator | Update norms — honest: ['0.02', '1151362138112.00', '112150177644544.00', '0.02', '18552128414941184.00'], attacker: ['nan', 'nan', 'nan', 'nan', 'nan']
2026-05-07 08:26:43 | INFO    | dpfl.core.base_simulator | Round 105/150 | Acc: 0.7152 | Loss: 326368602779361323516886473768960.0000 | eps: 0.00 | P: 0.90 R: 1.00 F1: 0.95
2026-05-07 08:26:43 | DEBUG   | dpfl.core.base_simulator | Update norms — honest: ['0.02', '651476795392.00', '122642312986624.00', '0.02', '13247407865200640.00'], attacker: ['nan', 'nan', 'nan', 'nan', 'nan']
2026-05-07 08:26:47 | INFO    | dpfl.core.base_simulator | Round 106/150 | Acc: 0.7152 | Loss: 255586200520811695130535100678144.0000 | eps: 0.00 | P: 0.93 R: 1.00 F1: 0.96
2026-05-07 08:26:47 | DEBUG   | dpfl.core.base_simulator | Update norms — honest: ['0.03', '1430854172672.00', '101433303105536.00', '0.02', '11994724818747392.00'], attacker: ['nan', 'nan', 'nan', 'nan', 'nan']
2026-05-07 08:26:50 | INFO    | dpfl.core.base_simulator | Round 107/150 | Acc: 0.7200 | Loss: 237026169086620797862269329342464.0000 | eps: 0.00 | P: 0.79 R: 1.00 F1: 0.88
2026-05-07 08:26:50 | DEBUG   | dpfl.core.base_simulator | Update norms — honest: ['0.02', '1490255478784.00', '102707146784768.00', '0.02', '8164309238546432.00'], attacker: ['nan', 'nan', 'nan', 'nan', 'nan']
2026-05-07 08:26:53 | INFO    | dpfl.core.base_simulator | Round 108/150 | Acc: 0.7122 | Loss: 248181325996252065515111796703232.0000 | eps: 0.00 | P: 0.72 R: 1.00 F1: 0.82
2026-05-07 08:26:53 | DEBUG   | dpfl.core.base_simulator | Update norms — honest: ['0.03', '821135933440.00', '72333658161152.00', '0.03', '8512270845870080.00'], attacker: ['nan', 'nan', 'nan', 'nan', 'nan']
2026-05-07 08:26:57 | INFO    | dpfl.core.base_simulator | Round 109/150 | Acc: 0.7202 | Loss: 253233226679321786510565005328384.0000 | eps: 0.00 | P: 0.97 R: 1.00 F1: 0.98
2026-05-07 08:26:57 | DEBUG   | dpfl.core.base_simulator | Update norms — honest: ['0.03', '1683611058176.00', '128264425177088.00', '0.03', '9085873391927296.00'], attacker: ['nan', 'nan', 'nan', 'nan', 'nan']
2026-05-07 08:27:00 | INFO    | dpfl.core.base_simulator | Round 110/150 | Acc: 0.7206 | Loss: 238319590709675994934836700643328.0000 | eps: 0.00 | P: 0.75 R: 1.00 F1: 0.85
2026-05-07 08:27:00 | DEBUG   | dpfl.core.base_simulator | Update norms — honest: ['0.02', '1387013603328.00', '126944947470336.00', '0.03', '7690107804975104.00'], attacker: ['nan', 'nan', 'nan', 'nan', 'nan']
2026-05-07 08:27:03 | INFO    | dpfl.core.base_simulator | Round 111/150 | Acc: 0.7214 | Loss: 239505786415940506700182968074240.0000 | eps: 0.00 | P: 0.84 R: 1.00 F1: 0.91
2026-05-07 08:27:03 | DEBUG   | dpfl.core.base_simulator | Update norms — honest: ['0.03', '632451694592.00', '124193291108352.00', '0.03', '10578412108251136.00'], attacker: ['nan', 'nan', 'nan', 'nan', 'nan']
2026-05-07 08:27:07 | INFO    | dpfl.core.base_simulator | Round 112/150 | Acc: 0.7206 | Loss: 248313838691365510416936015495168.0000 | eps: 0.00 | P: 0.78 R: 1.00 F1: 0.85
2026-05-07 08:27:07 | DEBUG   | dpfl.core.base_simulator | Update norms — honest: ['0.02', '625370071040.00', '116841800269824.00', '0.03', '7480284693921792.00'], attacker: ['nan', 'nan', 'nan', 'nan', 'nan']
2026-05-07 08:27:10 | INFO    | dpfl.core.base_simulator | Round 113/150 | Acc: 0.7237 | Loss: 199739458415988724073308939616256.0000 | eps: 0.00 | P: 0.91 R: 1.00 F1: 0.95
2026-05-07 08:27:10 | DEBUG   | dpfl.core.base_simulator | Update norms — honest: ['0.03', '612848173056.00', '52662829580288.00', '0.03', '5191533665976320.00'], attacker: ['nan', 'nan', 'nan', 'nan', 'nan']
2026-05-07 08:27:14 | INFO    | dpfl.core.base_simulator | Round 114/150 | Acc: 0.7235 | Loss: 224700205564485750438577842421760.0000 | eps: 0.00 | P: 0.69 R: 1.00 F1: 0.80
2026-05-07 08:27:14 | DEBUG   | dpfl.core.base_simulator | Update norms — honest: ['0.03', '788828454912.00', '55301411700736.00', '0.02', '6639299495723008.00'], attacker: ['nan', 'nan', 'nan', 'nan', 'nan']
2026-05-07 08:27:17 | INFO    | dpfl.core.base_simulator | Round 115/150 | Acc: 0.7222 | Loss: 212851178565979130318053848383488.0000 | eps: 0.00 | P: 0.84 R: 1.00 F1: 0.91
2026-05-07 08:27:17 | DEBUG   | dpfl.core.base_simulator | Update norms — honest: ['0.02', '511560679424.00', '63417259917312.00', '0.02', '8787654485213184.00'], attacker: ['nan', 'nan', 'nan', 'nan', 'nan']
2026-05-07 08:27:20 | INFO    | dpfl.core.base_simulator | Round 116/150 | Acc: 0.7229 | Loss: 233655929767307642592361602613248.0000 | eps: 0.00 | P: 0.85 R: 1.00 F1: 0.91
2026-05-07 08:27:20 | DEBUG   | dpfl.core.base_simulator | Update norms — honest: ['0.03', '543013535744.00', '74667461181440.00', '0.03', '6847829284749312.00'], attacker: ['nan', 'nan', 'nan', 'nan', 'nan']
2026-05-07 08:27:24 | INFO    | dpfl.core.base_simulator | Round 117/150 | Acc: 0.7276 | Loss: 187592491600000331953028032626688.0000 | eps: 0.00 | P: 0.76 R: 1.00 F1: 0.86
2026-05-07 08:27:24 | DEBUG   | dpfl.core.base_simulator | Update norms — honest: ['0.02', '505348030464.00', '72138765631488.00', '0.03', '8144527692922880.00'], attacker: ['nan', 'nan', 'nan', 'nan', 'nan']
2026-05-07 08:27:27 | INFO    | dpfl.core.base_simulator | Round 118/150 | Acc: 0.7286 | Loss: 200695057634936754913507876536320.0000 | eps: 0.00 | P: 0.93 R: 1.00 F1: 0.96
2026-05-07 08:27:27 | DEBUG   | dpfl.core.base_simulator | Update norms — honest: ['0.03', '570049036288.00', '92463817555968.00', '0.04', '12316461892632576.00'], attacker: ['nan', 'nan', 'nan', 'nan', 'nan']
2026-05-07 08:27:31 | INFO    | dpfl.core.base_simulator | Round 119/150 | Acc: 0.7312 | Loss: 206860727918582800877767257751552.0000 | eps: 0.00 | P: 0.75 R: 1.00 F1: 0.85
2026-05-07 08:27:31 | DEBUG   | dpfl.core.base_simulator | Update norms — honest: ['0.03', '527660351488.00', '93305421430784.00', '0.03', '16627348484915200.00'], attacker: ['nan', 'nan', 'nan', 'nan', 'nan']
2026-05-07 08:27:34 | INFO    | dpfl.core.base_simulator | Round 120/150 | Acc: 0.7298 | Loss: 211513906459655711469188551802880.0000 | eps: 0.00 | P: 0.78 R: 1.00 F1: 0.86
2026-05-07 08:27:34 | DEBUG   | dpfl.core.base_simulator | Update norms — honest: ['0.03', '518568968192.00', '81316179607552.00', '0.03', '10723353295847424.00'], attacker: ['nan', 'nan', 'nan', 'nan', 'nan']
2026-05-07 08:27:38 | INFO    | dpfl.core.base_simulator | Round 121/150 | Acc: 0.7324 | Loss: 165203655236655995009263793602560.0000 | eps: 0.00 | P: 0.74 R: 1.00 F1: 0.83
2026-05-07 08:27:38 | DEBUG   | dpfl.core.base_simulator | Update norms — honest: ['0.03', '787293798400.00', '84682158899200.00', '0.03', '6732326339870720.00'], attacker: ['nan', 'nan', 'nan', 'nan', 'nan']
2026-05-07 08:27:41 | INFO    | dpfl.core.base_simulator | Round 122/150 | Acc: 0.7339 | Loss: 161419690618034007423878560743424.0000 | eps: 0.00 | P: 0.85 R: 1.00 F1: 0.91
2026-05-07 08:27:41 | DEBUG   | dpfl.core.base_simulator | Update norms — honest: ['0.03', '587582472192.00', '50139255275520.00', '0.03', '5849466284277760.00'], attacker: ['nan', 'nan', 'nan', 'nan', 'nan']
2026-05-07 08:27:44 | INFO    | dpfl.core.base_simulator | Round 123/150 | Acc: 0.7362 | Loss: 169247428134660359333115852750848.0000 | eps: 0.00 | P: 0.81 R: 1.00 F1: 0.87
2026-05-07 08:27:44 | DEBUG   | dpfl.core.base_simulator | Update norms — honest: ['0.03', '397910507520.00', '52558060060672.00', '0.02', '6872955380301824.00'], attacker: ['nan', 'nan', 'nan', 'nan', 'nan']
2026-05-07 08:27:48 | INFO    | dpfl.core.base_simulator | Round 124/150 | Acc: 0.7338 | Loss: 154676987417364107612860178235392.0000 | eps: 0.00 | P: 0.82 R: 1.00 F1: 0.88
2026-05-07 08:27:48 | DEBUG   | dpfl.core.base_simulator | Update norms — honest: ['0.02', '723085099008.00', '43188031062016.00', '0.02', '7317499527823360.00'], attacker: ['nan', 'nan', 'nan', 'nan', 'nan']
2026-05-07 08:27:51 | INFO    | dpfl.core.base_simulator | Round 125/150 | Acc: 0.7358 | Loss: 166622602745083577109730736209920.0000 | eps: 0.00 | P: 0.88 R: 1.00 F1: 0.93
2026-05-07 08:27:51 | DEBUG   | dpfl.core.base_simulator | Update norms — honest: ['0.02', '865882734592.00', '43861455929344.00', '0.02', '6997692504866816.00'], attacker: ['nan', 'nan', 'nan', 'nan', 'nan']
2026-05-07 08:27:55 | INFO    | dpfl.core.base_simulator | Round 126/150 | Acc: 0.7318 | Loss: 200554416262209145973211591081984.0000 | eps: 0.00 | P: 0.91 R: 1.00 F1: 0.95
2026-05-07 08:27:55 | DEBUG   | dpfl.core.base_simulator | Update norms — honest: ['0.02', '877783810048.00', '49114167377920.00', '0.03', '8108558415560704.00'], attacker: ['nan', 'nan', 'nan', 'nan', 'nan']
2026-05-07 08:27:58 | INFO    | dpfl.core.base_simulator | Round 127/150 | Acc: 0.7343 | Loss: 156983708201247164982263445192704.0000 | eps: 0.00 | P: 0.88 R: 1.00 F1: 0.93
2026-05-07 08:27:58 | DEBUG   | dpfl.core.base_simulator | Update norms — honest: ['0.03', '777319940096.00', '84715251957760.00', '0.02', '8121044959232000.00'], attacker: ['nan', 'nan', 'nan', 'nan', 'nan']
2026-05-07 08:28:01 | INFO    | dpfl.core.base_simulator | Round 128/150 | Acc: 0.7347 | Loss: 159055025152595277774215767392256.0000 | eps: 0.00 | P: 0.80 R: 1.00 F1: 0.87
2026-05-07 08:28:01 | DEBUG   | dpfl.core.base_simulator | Update norms — honest: ['0.02', '482775302144.00', '78286289895424.00', '0.02', '5938389287174144.00'], attacker: ['nan', 'nan', 'nan', 'nan', 'nan']
2026-05-07 08:28:05 | INFO    | dpfl.core.base_simulator | Round 129/150 | Acc: 0.7376 | Loss: 153434627996912446287245540851712.0000 | eps: 0.00 | P: 0.77 R: 1.00 F1: 0.84
2026-05-07 08:28:05 | DEBUG   | dpfl.core.base_simulator | Update norms — honest: ['0.03', '690208964608.00', '65469977460736.00', '0.02', '7958552387780608.00'], attacker: ['nan', 'nan', 'nan', 'nan', 'nan']
2026-05-07 08:28:08 | INFO    | dpfl.core.base_simulator | Round 130/150 | Acc: 0.7362 | Loss: 156675736817133129823362081619968.0000 | eps: 0.00 | P: 0.77 R: 1.00 F1: 0.85
2026-05-07 08:28:08 | DEBUG   | dpfl.core.base_simulator | Update norms — honest: ['0.03', '526133035008.00', '42412269371392.00', '0.02', '8408996746625024.00'], attacker: ['nan', 'nan', 'nan', 'nan', 'nan']
2026-05-07 08:28:11 | INFO    | dpfl.core.base_simulator | Round 131/150 | Acc: 0.7356 | Loss: 169002022915336189271510825828352.0000 | eps: 0.00 | P: 0.84 R: 1.00 F1: 0.91
2026-05-07 08:28:11 | DEBUG   | dpfl.core.base_simulator | Update norms — honest: ['0.02', '937170632704.00', '62990833418240.00', '0.02', '7951846333218816.00'], attacker: ['nan', 'nan', 'nan', 'nan', 'nan']
2026-05-07 08:28:15 | INFO    | dpfl.core.base_simulator | Round 132/150 | Acc: 0.7384 | Loss: 166117898668154867202765642268672.0000 | eps: 0.00 | P: 0.80 R: 1.00 F1: 0.87
2026-05-07 08:28:15 | DEBUG   | dpfl.core.base_simulator | Update norms — honest: ['0.03', '774025707520.00', '58398062149632.00', '0.02', '8584751103344640.00'], attacker: ['nan', 'nan', 'nan', 'nan', 'nan']
2026-05-07 08:28:18 | INFO    | dpfl.core.base_simulator | Round 133/150 | Acc: 0.7383 | Loss: 175631028079052731025918340890624.0000 | eps: 0.00 | P: 0.72 R: 1.00 F1: 0.83
2026-05-07 08:28:18 | DEBUG   | dpfl.core.base_simulator | Update norms — honest: ['0.03', '388227301376.00', '32198491111424.00', '0.03', '6835047998947328.00'], attacker: ['nan', 'nan', 'nan', 'nan', 'nan']
2026-05-07 08:28:21 | INFO    | dpfl.core.base_simulator | Round 134/150 | Acc: 0.7374 | Loss: 150703467377190820809918413537280.0000 | eps: 0.00 | P: 0.79 R: 1.00 F1: 0.87
2026-05-07 08:28:21 | DEBUG   | dpfl.core.base_simulator | Update norms — honest: ['0.03', '525671759872.00', '48941861175296.00', '0.03', '9870660553670656.00'], attacker: ['nan', 'nan', 'nan', 'nan', 'nan']
2026-05-07 08:28:25 | INFO    | dpfl.core.base_simulator | Round 135/150 | Acc: 0.7394 | Loss: 140206508828055815924222135369728.0000 | eps: 0.00 | P: 0.87 R: 1.00 F1: 0.93
2026-05-07 08:28:25 | DEBUG   | dpfl.core.base_simulator | Update norms — honest: ['0.02', '377547980800.00', '104083641860096.00', '0.02', '6543886260371456.00'], attacker: ['nan', 'nan', 'nan', 'nan', 'nan']
2026-05-07 08:28:28 | INFO    | dpfl.core.base_simulator | Round 136/150 | Acc: 0.7402 | Loss: 155906891298502009095089060577280.0000 | eps: 0.00 | P: 0.69 R: 1.00 F1: 0.79
2026-05-07 08:28:28 | DEBUG   | dpfl.core.base_simulator | Update norms — honest: ['0.02', '479697076224.00', '41609437642752.00', '0.02', '7506975768182784.00'], attacker: ['nan', 'nan', 'nan', 'nan', 'nan']
2026-05-07 08:28:31 | INFO    | dpfl.core.base_simulator | Round 137/150 | Acc: 0.7394 | Loss: 132707046280081237135022373208064.0000 | eps: 0.00 | P: 0.94 R: 1.00 F1: 0.97
2026-05-07 08:28:31 | DEBUG   | dpfl.core.base_simulator | Update norms — honest: ['0.02', '534869245952.00', '69790601314304.00', '0.02', '9647017311600640.00'], attacker: ['nan', 'nan', 'nan', 'nan', 'nan']
2026-05-07 08:28:35 | INFO    | dpfl.core.base_simulator | Round 138/150 | Acc: 0.7426 | Loss: 136792590422143449815634510086144.0000 | eps: 0.00 | P: 0.81 R: 1.00 F1: 0.87
2026-05-07 08:28:35 | DEBUG   | dpfl.core.base_simulator | Update norms — honest: ['0.02', '538327973888.00', '50339139026944.00', '0.02', '11119109836111872.00'], attacker: ['nan', 'nan', 'nan', 'nan', 'nan']
2026-05-07 08:28:38 | INFO    | dpfl.core.base_simulator | Round 139/150 | Acc: 0.7398 | Loss: 137352670955363216650062641758208.0000 | eps: 0.00 | P: 0.84 R: 1.00 F1: 0.90
2026-05-07 08:28:38 | DEBUG   | dpfl.core.base_simulator | Update norms — honest: ['0.03', '509270032384.00', '47720685371392.00', '0.02', '10006214016499712.00'], attacker: ['nan', 'nan', 'nan', 'nan', 'nan']
2026-05-07 08:28:42 | INFO    | dpfl.core.base_simulator | Round 140/150 | Acc: 0.7442 | Loss: 148112518379507909049123877158912.0000 | eps: 0.00 | P: 0.78 R: 1.00 F1: 0.86
2026-05-07 08:28:42 | DEBUG   | dpfl.core.base_simulator | Update norms — honest: ['0.03', '476156624896.00', '30081961426944.00', '0.02', '5362894808023040.00'], attacker: ['nan', 'nan', 'nan', 'nan', 'nan']
2026-05-07 08:28:45 | INFO    | dpfl.core.base_simulator | Round 141/150 | Acc: 0.7440 | Loss: 122069356368476144556108614205440.0000 | eps: 0.00 | P: 0.94 R: 1.00 F1: 0.97
2026-05-07 08:28:45 | DEBUG   | dpfl.core.base_simulator | Update norms — honest: ['0.03', '571171602432.00', '27599786999808.00', '0.03', '7571461480906752.00'], attacker: ['nan', 'nan', 'nan', 'nan', 'nan']
2026-05-07 08:28:48 | INFO    | dpfl.core.base_simulator | Round 142/150 | Acc: 0.7436 | Loss: 136215340877809131748111853551616.0000 | eps: 0.00 | P: 0.58 R: 1.00 F1: 0.71
2026-05-07 08:28:48 | DEBUG   | dpfl.core.base_simulator | Update norms — honest: ['0.02', '403252576256.00', '35847319584768.00', '0.02', '4672972199559168.00'], attacker: ['nan', 'nan', 'nan', 'nan', 'nan']
2026-05-07 08:28:52 | INFO    | dpfl.core.base_simulator | Round 143/150 | Acc: 0.7460 | Loss: 128994950120064509895105130266624.0000 | eps: 0.00 | P: 0.76 R: 1.00 F1: 0.85
2026-05-07 08:28:52 | DEBUG   | dpfl.core.base_simulator | Update norms — honest: ['0.02', '510327980032.00', '60601690750976.00', '0.02', '9194410436722688.00'], attacker: ['nan', 'nan', 'nan', 'nan', 'nan']
2026-05-07 08:28:55 | INFO    | dpfl.core.base_simulator | Round 144/150 | Acc: 0.7440 | Loss: 129245905448553566374122003365888.0000 | eps: 0.00 | P: 0.76 R: 1.00 F1: 0.84
2026-05-07 08:28:55 | DEBUG   | dpfl.core.base_simulator | Update norms — honest: ['0.02', '370369331200.00', '30141396811776.00', '0.02', '6991497551413248.00'], attacker: ['nan', 'nan', 'nan', 'nan', 'nan']
2026-05-07 08:28:58 | INFO    | dpfl.core.base_simulator | Round 145/150 | Acc: 0.7455 | Loss: 137677585940576221268774676856832.0000 | eps: 0.00 | P: 0.86 R: 1.00 F1: 0.92
2026-05-07 08:28:58 | DEBUG   | dpfl.core.base_simulator | Update norms — honest: ['0.02', '406044344320.00', '40179574243328.00', '0.02', '4477949545807872.00'], attacker: ['nan', 'nan', 'nan', 'nan', 'nan']
2026-05-07 08:29:02 | INFO    | dpfl.core.base_simulator | Round 146/150 | Acc: 0.7459 | Loss: 120702070927445268795858178015232.0000 | eps: 0.00 | P: 0.79 R: 1.00 F1: 0.87
2026-05-07 08:29:02 | DEBUG   | dpfl.core.base_simulator | Update norms — honest: ['0.02', '463259697152.00', '33167115288576.00', '0.02', '4815569408753664.00'], attacker: ['nan', 'nan', 'nan', 'nan', 'nan']
2026-05-07 08:29:05 | INFO    | dpfl.core.base_simulator | Round 147/150 | Acc: 0.7466 | Loss: 114308030215080954120169672671232.0000 | eps: 0.00 | P: 0.85 R: 1.00 F1: 0.91
2026-05-07 08:29:05 | DEBUG   | dpfl.core.base_simulator | Update norms — honest: ['0.02', '440066670592.00', '34668210552832.00', '0.02', '3980838219808768.00'], attacker: ['nan', 'nan', 'nan', 'nan', 'nan']
2026-05-07 08:29:09 | INFO    | dpfl.core.base_simulator | Round 148/150 | Acc: 0.7438 | Loss: 120102023673376291268910819311616.0000 | eps: 0.00 | P: 0.77 R: 1.00 F1: 0.86
2026-05-07 08:29:09 | DEBUG   | dpfl.core.base_simulator | Update norms — honest: ['0.03', '416548290560.00', '21509500305408.00', '0.02', '4178423895293952.00'], attacker: ['nan', 'nan', 'nan', 'nan', 'nan']
2026-05-07 08:29:12 | INFO    | dpfl.core.base_simulator | Round 149/150 | Acc: 0.7443 | Loss: 115837255433416342247534680342528.0000 | eps: 0.00 | P: 0.91 R: 1.00 F1: 0.95
2026-05-07 08:29:12 | DEBUG   | dpfl.core.base_simulator | Update norms — honest: ['0.02', '1007465660416.00', '35189820489728.00', '0.02', '4416694185361408.00'], attacker: ['nan', 'nan', 'nan', 'nan', 'nan']
2026-05-07 08:29:15 | INFO    | dpfl.core.base_simulator | Round 150/150 | Acc: 0.7485 | Loss: 117064487725837371795354530349056.0000 | eps: 0.00 | P: 0.85 R: 1.00 F1: 0.92
2026-05-07 08:29:15 | DEBUG   | dpfl.core.base_simulator | Update norms — honest: ['0.02', '915962920960.00', '35982946598912.00', '0.02', '4916478591631360.00'], attacker: ['nan', 'nan', 'nan', 'nan', 'nan']
2026-05-07 08:29:17 | INFO    | dpfl | Experiment complete in 546.7s
============================================================
REPORT: DP-SGD Decentralized Federated Learning
============================================================
Timestamp:                  20260507_082009
Rounds completed:           150
Attack-active rounds:       100  (from round 50)
Final accuracy:             0.7485
Final test loss:            117064487725837371795354530349056.0000
Final epsilon:              0.00
Best alpha:                 None
Avg precision:              0.8177
Avg recall:                 0.9953
Avg F1 score:               0.8848
Avg update norm (honest):   733107732389536.5000
Avg update norm (attacker): nan
============================================================
