2026-05-06 09:23:51 | INFO    | dpfl | Experiment start: algorithm=balance, dataset=fashion_mnist, model=mlp, device=cuda
2026-05-06 09:23:51 | INFO    | dpfl | Config: nodes=500, attackers=0, rounds=150, noise_mode=none, attack=scale
2026-05-06 09:23:51 | INFO    | dpfl.data.fashion_mnist_dataset | Loading Fashion-MNIST dataset...
2026-05-06 09:23:51 | INFO    | dpfl.data.fashion_mnist_dataset | Fashion-MNIST loaded: 60000 train, 10000 test samples
2026-05-06 09:26:33 | INFO    | dpfl.core.base_simulator | Vectorized state ready: param_spec.D=50890, X_test=(10000, 1, 28, 28), train clients N=500, max_n_samples=1000
2026-05-06 09:26:33 | INFO    | dpfl.core.base_simulator | Setup complete: 500 nodes (0 attackers), param_dim=50890, split=iid
2026-05-06 09:26:33 | DEBUG   | dpfl.core.base_simulator | Attacker IDs: set()
2026-05-06 09:26:51 | INFO    | dpfl.core.base_simulator | Round   1/150 | Acc: 0.4576 | Loss: 1.9728 | eps: 0.00 | P: nan R: nan F1: nan
2026-05-06 09:26:51 | DEBUG   | dpfl.core.base_simulator | Update norms — honest: ['0.23', '0.23', '0.24', '0.23', '0.24'], attacker: []
2026-05-06 09:27:07 | INFO    | dpfl.core.base_simulator | Round   2/150 | Acc: 0.5718 | Loss: 1.7062 | eps: 0.00 | P: nan R: nan F1: nan
2026-05-06 09:27:07 | DEBUG   | dpfl.core.base_simulator | Update norms — honest: ['0.20', '0.20', '0.21', '0.20', '0.21'], attacker: []
2026-05-06 09:27:21 | INFO    | dpfl.core.base_simulator | Round   3/150 | Acc: 0.6218 | Loss: 1.4819 | eps: 0.00 | P: nan R: nan F1: nan
2026-05-06 09:27:21 | DEBUG   | dpfl.core.base_simulator | Update norms — honest: ['0.19', '0.19', '0.19', '0.18', '0.19'], attacker: []
2026-05-06 09:27:37 | INFO    | dpfl.core.base_simulator | Round   4/150 | Acc: 0.6508 | Loss: 1.3057 | eps: 0.00 | P: nan R: nan F1: nan
2026-05-06 09:27:37 | DEBUG   | dpfl.core.base_simulator | Update norms — honest: ['0.17', '0.16', '0.17', '0.16', '0.17'], attacker: []
2026-05-06 09:27:58 | INFO    | dpfl.core.base_simulator | Round   5/150 | Acc: 0.6735 | Loss: 1.1761 | eps: 0.00 | P: nan R: nan F1: nan
2026-05-06 09:27:59 | DEBUG   | dpfl.core.base_simulator | Update norms — honest: ['0.14', '0.14', '0.14', '0.14', '0.14'], attacker: []
2026-05-06 09:28:19 | INFO    | dpfl.core.base_simulator | Round   6/150 | Acc: 0.6905 | Loss: 1.0819 | eps: 0.00 | P: nan R: nan F1: nan
2026-05-06 09:28:19 | DEBUG   | dpfl.core.base_simulator | Update norms — honest: ['0.13', '0.12', '0.12', '0.12', '0.12'], attacker: []
2026-05-06 09:28:32 | INFO    | dpfl.core.base_simulator | Round   7/150 | Acc: 0.7024 | Loss: 1.0115 | eps: 0.00 | P: nan R: nan F1: nan
2026-05-06 09:28:32 | DEBUG   | dpfl.core.base_simulator | Update norms — honest: ['0.11', '0.11', '0.11', '0.11', '0.10'], attacker: []
2026-05-06 09:28:47 | INFO    | dpfl.core.base_simulator | Round   8/150 | Acc: 0.7108 | Loss: 0.9574 | eps: 0.00 | P: nan R: nan F1: nan
2026-05-06 09:28:47 | DEBUG   | dpfl.core.base_simulator | Update norms — honest: ['0.10', '0.09', '0.10', '0.10', '0.09'], attacker: []
2026-05-06 09:28:54 | INFO    | dpfl.core.base_simulator | Round   9/150 | Acc: 0.7172 | Loss: 0.9144 | eps: 0.00 | P: nan R: nan F1: nan
2026-05-06 09:28:54 | DEBUG   | dpfl.core.base_simulator | Update norms — honest: ['0.09', '0.09', '0.09', '0.09', '0.08'], attacker: []
2026-05-06 09:29:14 | INFO    | dpfl.core.base_simulator | Round  10/150 | Acc: 0.7231 | Loss: 0.8793 | eps: 0.00 | P: nan R: nan F1: nan
2026-05-06 09:29:14 | DEBUG   | dpfl.core.base_simulator | Update norms — honest: ['0.08', '0.08', '0.08', '0.08', '0.08'], attacker: []
2026-05-06 09:29:37 | INFO    | dpfl.core.base_simulator | Round  11/150 | Acc: 0.7279 | Loss: 0.8500 | eps: 0.00 | P: nan R: nan F1: nan
2026-05-06 09:29:37 | DEBUG   | dpfl.core.base_simulator | Update norms — honest: ['0.08', '0.07', '0.07', '0.07', '0.07'], attacker: []
2026-05-06 09:29:54 | INFO    | dpfl.core.base_simulator | Round  12/150 | Acc: 0.7325 | Loss: 0.8250 | eps: 0.00 | P: nan R: nan F1: nan
2026-05-06 09:29:54 | DEBUG   | dpfl.core.base_simulator | Update norms — honest: ['0.07', '0.07', '0.07', '0.07', '0.07'], attacker: []
2026-05-06 09:30:15 | INFO    | dpfl.core.base_simulator | Round  13/150 | Acc: 0.7365 | Loss: 0.8037 | eps: 0.00 | P: nan R: nan F1: nan
2026-05-06 09:30:15 | DEBUG   | dpfl.core.base_simulator | Update norms — honest: ['0.07', '0.06', '0.07', '0.06', '0.06'], attacker: []
2026-05-06 09:30:38 | INFO    | dpfl.core.base_simulator | Round  14/150 | Acc: 0.7404 | Loss: 0.7849 | eps: 0.00 | P: nan R: nan F1: nan
2026-05-06 09:30:38 | DEBUG   | dpfl.core.base_simulator | Update norms — honest: ['0.06', '0.06', '0.06', '0.06', '0.06'], attacker: []
2026-05-06 09:31:00 | INFO    | dpfl.core.base_simulator | Round  15/150 | Acc: 0.7437 | Loss: 0.7687 | eps: 0.00 | P: nan R: nan F1: nan
2026-05-06 09:31:00 | DEBUG   | dpfl.core.base_simulator | Update norms — honest: ['0.06', '0.06', '0.06', '0.06', '0.06'], attacker: []
2026-05-06 09:31:14 | INFO    | dpfl.core.base_simulator | Round  16/150 | Acc: 0.7466 | Loss: 0.7546 | eps: 0.00 | P: nan R: nan F1: nan
2026-05-06 09:31:14 | DEBUG   | dpfl.core.base_simulator | Update norms — honest: ['0.05', '0.05', '0.06', '0.06', '0.06'], attacker: []
2026-05-06 09:31:35 | INFO    | dpfl.core.base_simulator | Round  17/150 | Acc: 0.7494 | Loss: 0.7418 | eps: 0.00 | P: nan R: nan F1: nan
2026-05-06 09:31:36 | DEBUG   | dpfl.core.base_simulator | Update norms — honest: ['0.05', '0.05', '0.05', '0.06', '0.06'], attacker: []
2026-05-06 09:31:59 | INFO    | dpfl.core.base_simulator | Round  18/150 | Acc: 0.7522 | Loss: 0.7301 | eps: 0.00 | P: nan R: nan F1: nan
2026-05-06 09:31:59 | DEBUG   | dpfl.core.base_simulator | Update norms — honest: ['0.05', '0.05', '0.06', '0.05', '0.05'], attacker: []
2026-05-06 09:32:21 | INFO    | dpfl.core.base_simulator | Round  19/150 | Acc: 0.7545 | Loss: 0.7202 | eps: 0.00 | P: nan R: nan F1: nan
2026-05-06 09:32:21 | DEBUG   | dpfl.core.base_simulator | Update norms — honest: ['0.05', '0.05', '0.05', '0.06', '0.05'], attacker: []
2026-05-06 09:32:47 | INFO    | dpfl.core.base_simulator | Round  20/150 | Acc: 0.7568 | Loss: 0.7106 | eps: 0.00 | P: nan R: nan F1: nan
2026-05-06 09:32:47 | DEBUG   | dpfl.core.base_simulator | Update norms — honest: ['0.05', '0.05', '0.05', '0.05', '0.05'], attacker: []
2026-05-06 09:33:01 | INFO    | dpfl.core.base_simulator | Round  21/150 | Acc: 0.7589 | Loss: 0.7021 | eps: 0.00 | P: nan R: nan F1: nan
2026-05-06 09:33:01 | DEBUG   | dpfl.core.base_simulator | Update norms — honest: ['0.05', '0.05', '0.05', '0.05', '0.05'], attacker: []
2026-05-06 09:33:24 | INFO    | dpfl.core.base_simulator | Round  22/150 | Acc: 0.7608 | Loss: 0.6944 | eps: 0.00 | P: nan R: nan F1: nan
2026-05-06 09:33:24 | DEBUG   | dpfl.core.base_simulator | Update norms — honest: ['0.05', '0.05', '0.05', '0.05', '0.04'], attacker: []
2026-05-06 09:33:36 | INFO    | dpfl.core.base_simulator | Round  23/150 | Acc: 0.7627 | Loss: 0.6869 | eps: 0.00 | P: nan R: nan F1: nan
2026-05-06 09:33:36 | DEBUG   | dpfl.core.base_simulator | Update norms — honest: ['0.04', '0.05', '0.04', '0.04', '0.04'], attacker: []
2026-05-06 09:34:00 | INFO    | dpfl.core.base_simulator | Round  24/150 | Acc: 0.7644 | Loss: 0.6806 | eps: 0.00 | P: nan R: nan F1: nan
2026-05-06 09:34:00 | DEBUG   | dpfl.core.base_simulator | Update norms — honest: ['0.04', '0.05', '0.04', '0.04', '0.04'], attacker: []
2026-05-06 09:34:29 | INFO    | dpfl.core.base_simulator | Round  25/150 | Acc: 0.7661 | Loss: 0.6742 | eps: 0.00 | P: nan R: nan F1: nan
2026-05-06 09:34:29 | DEBUG   | dpfl.core.base_simulator | Update norms — honest: ['0.04', '0.04', '0.04', '0.04', '0.05'], attacker: []
2026-05-06 09:34:37 | INFO    | dpfl.core.base_simulator | Round  26/150 | Acc: 0.7675 | Loss: 0.6688 | eps: 0.00 | P: nan R: nan F1: nan
2026-05-06 09:34:37 | DEBUG   | dpfl.core.base_simulator | Update norms — honest: ['0.05', '0.04', '0.04', '0.04', '0.04'], attacker: []
2026-05-06 09:34:42 | INFO    | dpfl.core.base_simulator | Round  27/150 | Acc: 0.7689 | Loss: 0.6634 | eps: 0.00 | P: nan R: nan F1: nan
2026-05-06 09:34:42 | DEBUG   | dpfl.core.base_simulator | Update norms — honest: ['0.04', '0.04', '0.04', '0.04', '0.04'], attacker: []
2026-05-06 09:34:49 | INFO    | dpfl.core.base_simulator | Round  28/150 | Acc: 0.7703 | Loss: 0.6585 | eps: 0.00 | P: nan R: nan F1: nan
2026-05-06 09:34:49 | DEBUG   | dpfl.core.base_simulator | Update norms — honest: ['0.04', '0.04', '0.04', '0.04', '0.04'], attacker: []
2026-05-06 09:34:53 | INFO    | dpfl.core.base_simulator | Round  29/150 | Acc: 0.7717 | Loss: 0.6539 | eps: 0.00 | P: nan R: nan F1: nan
2026-05-06 09:34:53 | DEBUG   | dpfl.core.base_simulator | Update norms — honest: ['0.04', '0.04', '0.04', '0.04', '0.04'], attacker: []
2026-05-06 09:34:57 | INFO    | dpfl.core.base_simulator | Round  30/150 | Acc: 0.7729 | Loss: 0.6495 | eps: 0.00 | P: nan R: nan F1: nan
2026-05-06 09:34:57 | DEBUG   | dpfl.core.base_simulator | Update norms — honest: ['0.04', '0.04', '0.04', '0.04', '0.04'], attacker: []
2026-05-06 09:35:02 | INFO    | dpfl.core.base_simulator | Round  31/150 | Acc: 0.7741 | Loss: 0.6453 | eps: 0.00 | P: nan R: nan F1: nan
2026-05-06 09:35:02 | DEBUG   | dpfl.core.base_simulator | Update norms — honest: ['0.03', '0.04', '0.04', '0.04', '0.04'], attacker: []
2026-05-06 09:35:07 | INFO    | dpfl.core.base_simulator | Round  32/150 | Acc: 0.7752 | Loss: 0.6415 | eps: 0.00 | P: nan R: nan F1: nan
2026-05-06 09:35:07 | DEBUG   | dpfl.core.base_simulator | Update norms — honest: ['0.04', '0.04', '0.04', '0.04', '0.03'], attacker: []
2026-05-06 09:35:11 | INFO    | dpfl.core.base_simulator | Round  33/150 | Acc: 0.7761 | Loss: 0.6380 | eps: 0.00 | P: nan R: nan F1: nan
2026-05-06 09:35:11 | DEBUG   | dpfl.core.base_simulator | Update norms — honest: ['0.04', '0.04', '0.04', '0.04', '0.04'], attacker: []
2026-05-06 09:35:15 | INFO    | dpfl.core.base_simulator | Round  34/150 | Acc: 0.7772 | Loss: 0.6345 | eps: 0.00 | P: nan R: nan F1: nan
2026-05-06 09:35:15 | DEBUG   | dpfl.core.base_simulator | Update norms — honest: ['0.04', '0.04', '0.04', '0.05', '0.04'], attacker: []
2026-05-06 09:35:20 | INFO    | dpfl.core.base_simulator | Round  35/150 | Acc: 0.7783 | Loss: 0.6312 | eps: 0.00 | P: nan R: nan F1: nan
2026-05-06 09:35:20 | DEBUG   | dpfl.core.base_simulator | Update norms — honest: ['0.04', '0.04', '0.05', '0.04', '0.03'], attacker: []
2026-05-06 09:35:24 | INFO    | dpfl.core.base_simulator | Round  36/150 | Acc: 0.7790 | Loss: 0.6282 | eps: 0.00 | P: nan R: nan F1: nan
2026-05-06 09:35:24 | DEBUG   | dpfl.core.base_simulator | Update norms — honest: ['0.04', '0.03', '0.04', '0.04', '0.04'], attacker: []
2026-05-06 09:35:29 | INFO    | dpfl.core.base_simulator | Round  37/150 | Acc: 0.7796 | Loss: 0.6256 | eps: 0.00 | P: nan R: nan F1: nan
2026-05-06 09:35:29 | DEBUG   | dpfl.core.base_simulator | Update norms — honest: ['0.04', '0.03', '0.03', '0.03', '0.04'], attacker: []
2026-05-06 09:35:33 | INFO    | dpfl.core.base_simulator | Round  38/150 | Acc: 0.7806 | Loss: 0.6230 | eps: 0.00 | P: nan R: nan F1: nan
2026-05-06 09:35:33 | DEBUG   | dpfl.core.base_simulator | Update norms — honest: ['0.04', '0.04', '0.03', '0.04', '0.04'], attacker: []
2026-05-06 09:35:38 | INFO    | dpfl.core.base_simulator | Round  39/150 | Acc: 0.7814 | Loss: 0.6203 | eps: 0.00 | P: nan R: nan F1: nan
2026-05-06 09:35:38 | DEBUG   | dpfl.core.base_simulator | Update norms — honest: ['0.03', '0.04', '0.03', '0.03', '0.04'], attacker: []
2026-05-06 09:35:42 | INFO    | dpfl.core.base_simulator | Round  40/150 | Acc: 0.7821 | Loss: 0.6178 | eps: 0.00 | P: nan R: nan F1: nan
2026-05-06 09:35:42 | DEBUG   | dpfl.core.base_simulator | Update norms — honest: ['0.04', '0.03', '0.03', '0.04', '0.03'], attacker: []
2026-05-06 09:35:46 | INFO    | dpfl.core.base_simulator | Round  41/150 | Acc: 0.7828 | Loss: 0.6157 | eps: 0.00 | P: nan R: nan F1: nan
2026-05-06 09:35:46 | DEBUG   | dpfl.core.base_simulator | Update norms — honest: ['0.04', '0.03', '0.03', '0.04', '0.03'], attacker: []
2026-05-06 09:35:51 | INFO    | dpfl.core.base_simulator | Round  42/150 | Acc: 0.7836 | Loss: 0.6132 | eps: 0.00 | P: nan R: nan F1: nan
2026-05-06 09:35:51 | DEBUG   | dpfl.core.base_simulator | Update norms — honest: ['0.03', '0.03', '0.03', '0.03', '0.03'], attacker: []
2026-05-06 09:35:55 | INFO    | dpfl.core.base_simulator | Round  43/150 | Acc: 0.7840 | Loss: 0.6115 | eps: 0.00 | P: nan R: nan F1: nan
2026-05-06 09:35:55 | DEBUG   | dpfl.core.base_simulator | Update norms — honest: ['0.03', '0.03', '0.03', '0.03', '0.03'], attacker: []
2026-05-06 09:36:00 | INFO    | dpfl.core.base_simulator | Round  44/150 | Acc: 0.7848 | Loss: 0.6092 | eps: 0.00 | P: nan R: nan F1: nan
2026-05-06 09:36:00 | DEBUG   | dpfl.core.base_simulator | Update norms — honest: ['0.04', '0.03', '0.03', '0.03', '0.03'], attacker: []
2026-05-06 09:36:04 | INFO    | dpfl.core.base_simulator | Round  45/150 | Acc: 0.7854 | Loss: 0.6074 | eps: 0.00 | P: nan R: nan F1: nan
2026-05-06 09:36:04 | DEBUG   | dpfl.core.base_simulator | Update norms — honest: ['0.03', '0.03', '0.03', '0.04', '0.03'], attacker: []
2026-05-06 09:36:09 | INFO    | dpfl.core.base_simulator | Round  46/150 | Acc: 0.7859 | Loss: 0.6056 | eps: 0.00 | P: nan R: nan F1: nan
2026-05-06 09:36:09 | DEBUG   | dpfl.core.base_simulator | Update norms — honest: ['0.03', '0.03', '0.03', '0.04', '0.03'], attacker: []
2026-05-06 09:36:13 | INFO    | dpfl.core.base_simulator | Round  47/150 | Acc: 0.7866 | Loss: 0.6039 | eps: 0.00 | P: nan R: nan F1: nan
2026-05-06 09:36:13 | DEBUG   | dpfl.core.base_simulator | Update norms — honest: ['0.03', '0.04', '0.03', '0.04', '0.03'], attacker: []
2026-05-06 09:36:17 | INFO    | dpfl.core.base_simulator | Round  48/150 | Acc: 0.7870 | Loss: 0.6023 | eps: 0.00 | P: nan R: nan F1: nan
2026-05-06 09:36:17 | DEBUG   | dpfl.core.base_simulator | Update norms — honest: ['0.03', '0.03', '0.03', '0.04', '0.03'], attacker: []
2026-05-06 09:36:21 | INFO    | dpfl.core.base_simulator | Round  49/150 | Acc: 0.7876 | Loss: 0.6008 | eps: 0.00 | P: nan R: nan F1: nan
2026-05-06 09:36:21 | DEBUG   | dpfl.core.base_simulator | Update norms — honest: ['0.03', '0.03', '0.03', '0.04', '0.03'], attacker: []
2026-05-06 09:36:26 | INFO    | dpfl.core.base_simulator | Round  50/150 | Acc: 0.7880 | Loss: 0.5994 | eps: 0.00 | P: nan R: nan F1: nan
2026-05-06 09:36:26 | DEBUG   | dpfl.core.base_simulator | Update norms — honest: ['0.03', '0.03', '0.03', '0.03', '0.04'], attacker: []
2026-05-06 09:36:30 | INFO    | dpfl.core.base_simulator | Round  51/150 | Acc: 0.7884 | Loss: 0.5980 | eps: 0.00 | P: nan R: nan F1: nan
2026-05-06 09:36:30 | DEBUG   | dpfl.core.base_simulator | Update norms — honest: ['0.03', '0.03', '0.03', '0.04', '0.04'], attacker: []
2026-05-06 09:36:34 | INFO    | dpfl.core.base_simulator | Round  52/150 | Acc: 0.7889 | Loss: 0.5966 | eps: 0.00 | P: nan R: nan F1: nan
2026-05-06 09:36:34 | DEBUG   | dpfl.core.base_simulator | Update norms — honest: ['0.03', '0.04', '0.03', '0.04', '0.03'], attacker: []
2026-05-06 09:36:38 | INFO    | dpfl.core.base_simulator | Round  53/150 | Acc: 0.7892 | Loss: 0.5956 | eps: 0.00 | P: nan R: nan F1: nan
2026-05-06 09:36:38 | DEBUG   | dpfl.core.base_simulator | Update norms — honest: ['0.04', '0.03', '0.03', '0.03', '0.03'], attacker: []
2026-05-06 09:36:42 | INFO    | dpfl.core.base_simulator | Round  54/150 | Acc: 0.7896 | Loss: 0.5943 | eps: 0.00 | P: nan R: nan F1: nan
2026-05-06 09:36:42 | DEBUG   | dpfl.core.base_simulator | Update norms — honest: ['0.03', '0.03', '0.03', '0.03', '0.03'], attacker: []
2026-05-06 09:36:47 | INFO    | dpfl.core.base_simulator | Round  55/150 | Acc: 0.7901 | Loss: 0.5931 | eps: 0.00 | P: nan R: nan F1: nan
2026-05-06 09:36:47 | DEBUG   | dpfl.core.base_simulator | Update norms — honest: ['0.03', '0.04', '0.03', '0.03', '0.03'], attacker: []
2026-05-06 09:36:51 | INFO    | dpfl.core.base_simulator | Round  56/150 | Acc: 0.7902 | Loss: 0.5924 | eps: 0.00 | P: nan R: nan F1: nan
2026-05-06 09:36:51 | DEBUG   | dpfl.core.base_simulator | Update norms — honest: ['0.03', '0.04', '0.03', '0.03', '0.04'], attacker: []
2026-05-06 09:36:55 | INFO    | dpfl.core.base_simulator | Round  57/150 | Acc: 0.7909 | Loss: 0.5908 | eps: 0.00 | P: nan R: nan F1: nan
2026-05-06 09:36:55 | DEBUG   | dpfl.core.base_simulator | Update norms — honest: ['0.03', '0.03', '0.03', '0.03', '0.03'], attacker: []
2026-05-06 09:36:59 | INFO    | dpfl.core.base_simulator | Round  58/150 | Acc: 0.7910 | Loss: 0.5901 | eps: 0.00 | P: nan R: nan F1: nan
2026-05-06 09:36:59 | DEBUG   | dpfl.core.base_simulator | Update norms — honest: ['0.03', '0.03', '0.03', '0.03', '0.03'], attacker: []
2026-05-06 09:37:04 | INFO    | dpfl.core.base_simulator | Round  59/150 | Acc: 0.7916 | Loss: 0.5891 | eps: 0.00 | P: nan R: nan F1: nan
2026-05-06 09:37:04 | DEBUG   | dpfl.core.base_simulator | Update norms — honest: ['0.03', '0.03', '0.03', '0.03', '0.03'], attacker: []
2026-05-06 09:37:08 | INFO    | dpfl.core.base_simulator | Round  60/150 | Acc: 0.7918 | Loss: 0.5882 | eps: 0.00 | P: nan R: nan F1: nan
2026-05-06 09:37:08 | DEBUG   | dpfl.core.base_simulator | Update norms — honest: ['0.03', '0.03', '0.03', '0.03', '0.03'], attacker: []
2026-05-06 09:37:12 | INFO    | dpfl.core.base_simulator | Round  61/150 | Acc: 0.7919 | Loss: 0.5878 | eps: 0.00 | P: nan R: nan F1: nan
2026-05-06 09:37:12 | DEBUG   | dpfl.core.base_simulator | Update norms — honest: ['0.03', '0.03', '0.03', '0.03', '0.03'], attacker: []
2026-05-06 09:37:17 | INFO    | dpfl.core.base_simulator | Round  62/150 | Acc: 0.7921 | Loss: 0.5873 | eps: 0.00 | P: nan R: nan F1: nan
2026-05-06 09:37:17 | DEBUG   | dpfl.core.base_simulator | Update norms — honest: ['0.03', '0.03', '0.03', '0.03', '0.03'], attacker: []
2026-05-06 09:37:21 | INFO    | dpfl.core.base_simulator | Round  63/150 | Acc: 0.7926 | Loss: 0.5861 | eps: 0.00 | P: nan R: nan F1: nan
2026-05-06 09:37:21 | DEBUG   | dpfl.core.base_simulator | Update norms — honest: ['0.03', '0.03', '0.03', '0.03', '0.03'], attacker: []
2026-05-06 09:37:26 | INFO    | dpfl.core.base_simulator | Round  64/150 | Acc: 0.7928 | Loss: 0.5855 | eps: 0.00 | P: nan R: nan F1: nan
2026-05-06 09:37:26 | DEBUG   | dpfl.core.base_simulator | Update norms — honest: ['0.03', '0.03', '0.03', '0.03', '0.03'], attacker: []
2026-05-06 09:37:30 | INFO    | dpfl.core.base_simulator | Round  65/150 | Acc: 0.7932 | Loss: 0.5847 | eps: 0.00 | P: nan R: nan F1: nan
2026-05-06 09:37:30 | DEBUG   | dpfl.core.base_simulator | Update norms — honest: ['0.03', '0.03', '0.03', '0.03', '0.03'], attacker: []
2026-05-06 09:37:34 | INFO    | dpfl.core.base_simulator | Round  66/150 | Acc: 0.7934 | Loss: 0.5839 | eps: 0.00 | P: nan R: nan F1: nan
2026-05-06 09:37:34 | DEBUG   | dpfl.core.base_simulator | Update norms — honest: ['0.03', '0.03', '0.03', '0.03', '0.03'], attacker: []
2026-05-06 09:37:39 | INFO    | dpfl.core.base_simulator | Round  67/150 | Acc: 0.7938 | Loss: 0.5832 | eps: 0.00 | P: nan R: nan F1: nan
2026-05-06 09:37:39 | DEBUG   | dpfl.core.base_simulator | Update norms — honest: ['0.04', '0.03', '0.03', '0.03', '0.03'], attacker: []
2026-05-06 09:37:43 | INFO    | dpfl.core.base_simulator | Round  68/150 | Acc: 0.7939 | Loss: 0.5830 | eps: 0.00 | P: nan R: nan F1: nan
2026-05-06 09:37:43 | DEBUG   | dpfl.core.base_simulator | Update norms — honest: ['0.03', '0.03', '0.03', '0.03', '0.03'], attacker: []
2026-05-06 09:37:48 | INFO    | dpfl.core.base_simulator | Round  69/150 | Acc: 0.7942 | Loss: 0.5824 | eps: 0.00 | P: nan R: nan F1: nan
2026-05-06 09:37:48 | DEBUG   | dpfl.core.base_simulator | Update norms — honest: ['0.03', '0.03', '0.04', '0.03', '0.03'], attacker: []
2026-05-06 09:37:52 | INFO    | dpfl.core.base_simulator | Round  70/150 | Acc: 0.7943 | Loss: 0.5820 | eps: 0.00 | P: nan R: nan F1: nan
2026-05-06 09:37:52 | DEBUG   | dpfl.core.base_simulator | Update norms — honest: ['0.03', '0.03', '0.03', '0.04', '0.03'], attacker: []
2026-05-06 09:37:56 | INFO    | dpfl.core.base_simulator | Round  71/150 | Acc: 0.7946 | Loss: 0.5812 | eps: 0.00 | P: nan R: nan F1: nan
2026-05-06 09:37:56 | DEBUG   | dpfl.core.base_simulator | Update norms — honest: ['0.03', '0.03', '0.03', '0.03', '0.03'], attacker: []
2026-05-06 09:38:00 | INFO    | dpfl.core.base_simulator | Round  72/150 | Acc: 0.7948 | Loss: 0.5811 | eps: 0.00 | P: nan R: nan F1: nan
2026-05-06 09:38:00 | DEBUG   | dpfl.core.base_simulator | Update norms — honest: ['0.03', '0.03', '0.02', '0.03', '0.03'], attacker: []
2026-05-06 09:38:04 | INFO    | dpfl.core.base_simulator | Round  73/150 | Acc: 0.7950 | Loss: 0.5807 | eps: 0.00 | P: nan R: nan F1: nan
2026-05-06 09:38:04 | DEBUG   | dpfl.core.base_simulator | Update norms — honest: ['0.04', '0.03', '0.02', '0.04', '0.03'], attacker: []
2026-05-06 09:38:09 | INFO    | dpfl.core.base_simulator | Round  74/150 | Acc: 0.7952 | Loss: 0.5804 | eps: 0.00 | P: nan R: nan F1: nan
2026-05-06 09:38:09 | DEBUG   | dpfl.core.base_simulator | Update norms — honest: ['0.04', '0.03', '0.03', '0.03', '0.03'], attacker: []
2026-05-06 09:38:13 | INFO    | dpfl.core.base_simulator | Round  75/150 | Acc: 0.7953 | Loss: 0.5801 | eps: 0.00 | P: nan R: nan F1: nan
2026-05-06 09:38:13 | DEBUG   | dpfl.core.base_simulator | Update norms — honest: ['0.04', '0.03', '0.03', '0.03', '0.03'], attacker: []
2026-05-06 09:38:17 | INFO    | dpfl.core.base_simulator | Round  76/150 | Acc: 0.7953 | Loss: 0.5799 | eps: 0.00 | P: nan R: nan F1: nan
2026-05-06 09:38:17 | DEBUG   | dpfl.core.base_simulator | Update norms — honest: ['0.04', '0.03', '0.02', '0.03', '0.03'], attacker: []
2026-05-06 09:38:21 | INFO    | dpfl.core.base_simulator | Round  77/150 | Acc: 0.7958 | Loss: 0.5792 | eps: 0.00 | P: nan R: nan F1: nan
2026-05-06 09:38:21 | DEBUG   | dpfl.core.base_simulator | Update norms — honest: ['0.04', '0.03', '0.03', '0.02', '0.03'], attacker: []
2026-05-06 09:38:26 | INFO    | dpfl.core.base_simulator | Round  78/150 | Acc: 0.7959 | Loss: 0.5791 | eps: 0.00 | P: nan R: nan F1: nan
2026-05-06 09:38:26 | DEBUG   | dpfl.core.base_simulator | Update norms — honest: ['0.03', '0.03', '0.03', '0.03', '0.03'], attacker: []
2026-05-06 09:38:30 | INFO    | dpfl.core.base_simulator | Round  79/150 | Acc: 0.7961 | Loss: 0.5788 | eps: 0.00 | P: nan R: nan F1: nan
2026-05-06 09:38:30 | DEBUG   | dpfl.core.base_simulator | Update norms — honest: ['0.03', '0.03', '0.03', '0.04', '0.03'], attacker: []
2026-05-06 09:38:34 | INFO    | dpfl.core.base_simulator | Round  80/150 | Acc: 0.7962 | Loss: 0.5787 | eps: 0.00 | P: nan R: nan F1: nan
2026-05-06 09:38:34 | DEBUG   | dpfl.core.base_simulator | Update norms — honest: ['0.03', '0.03', '0.03', '0.03', '0.02'], attacker: []
2026-05-06 09:38:38 | INFO    | dpfl.core.base_simulator | Round  81/150 | Acc: 0.7963 | Loss: 0.5786 | eps: 0.00 | P: nan R: nan F1: nan
2026-05-06 09:38:38 | DEBUG   | dpfl.core.base_simulator | Update norms — honest: ['0.02', '0.03', '0.03', '0.03', '0.03'], attacker: []
2026-05-06 09:38:42 | INFO    | dpfl.core.base_simulator | Round  82/150 | Acc: 0.7964 | Loss: 0.5784 | eps: 0.00 | P: nan R: nan F1: nan
2026-05-06 09:38:42 | DEBUG   | dpfl.core.base_simulator | Update norms — honest: ['0.03', '0.03', '0.03', '0.03', '0.03'], attacker: []
2026-05-06 09:38:46 | INFO    | dpfl.core.base_simulator | Round  83/150 | Acc: 0.7966 | Loss: 0.5782 | eps: 0.00 | P: nan R: nan F1: nan
2026-05-06 09:38:46 | DEBUG   | dpfl.core.base_simulator | Update norms — honest: ['0.03', '0.03', '0.03', '0.02', '0.04'], attacker: []
2026-05-06 09:38:50 | INFO    | dpfl.core.base_simulator | Round  84/150 | Acc: 0.7967 | Loss: 0.5784 | eps: 0.00 | P: nan R: nan F1: nan
2026-05-06 09:38:50 | DEBUG   | dpfl.core.base_simulator | Update norms — honest: ['0.03', '0.03', '0.03', '0.02', '0.03'], attacker: []
2026-05-06 09:38:55 | INFO    | dpfl.core.base_simulator | Round  85/150 | Acc: 0.7968 | Loss: 0.5780 | eps: 0.00 | P: nan R: nan F1: nan
2026-05-06 09:38:55 | DEBUG   | dpfl.core.base_simulator | Update norms — honest: ['0.02', '0.03', '0.03', '0.03', '0.03'], attacker: []
2026-05-06 09:38:59 | INFO    | dpfl.core.base_simulator | Round  86/150 | Acc: 0.7970 | Loss: 0.5778 | eps: 0.00 | P: nan R: nan F1: nan
2026-05-06 09:38:59 | DEBUG   | dpfl.core.base_simulator | Update norms — honest: ['0.02', '0.03', '0.03', '0.04', '0.02'], attacker: []
2026-05-06 09:39:03 | INFO    | dpfl.core.base_simulator | Round  87/150 | Acc: 0.7970 | Loss: 0.5778 | eps: 0.00 | P: nan R: nan F1: nan
2026-05-06 09:39:03 | DEBUG   | dpfl.core.base_simulator | Update norms — honest: ['0.03', '0.04', '0.02', '0.03', '0.02'], attacker: []
2026-05-06 09:39:07 | INFO    | dpfl.core.base_simulator | Round  88/150 | Acc: 0.7973 | Loss: 0.5778 | eps: 0.00 | P: nan R: nan F1: nan
2026-05-06 09:39:07 | DEBUG   | dpfl.core.base_simulator | Update norms — honest: ['0.03', '0.03', '0.03', '0.03', '0.03'], attacker: []
2026-05-06 09:39:11 | INFO    | dpfl.core.base_simulator | Round  89/150 | Acc: 0.7974 | Loss: 0.5776 | eps: 0.00 | P: nan R: nan F1: nan
2026-05-06 09:39:11 | DEBUG   | dpfl.core.base_simulator | Update norms — honest: ['0.03', '0.04', '0.03', '0.03', '0.02'], attacker: []
2026-05-06 09:39:16 | INFO    | dpfl.core.base_simulator | Round  90/150 | Acc: 0.7974 | Loss: 0.5777 | eps: 0.00 | P: nan R: nan F1: nan
2026-05-06 09:39:16 | DEBUG   | dpfl.core.base_simulator | Update norms — honest: ['0.03', '0.03', '0.02', '0.03', '0.02'], attacker: []
2026-05-06 09:39:20 | INFO    | dpfl.core.base_simulator | Round  91/150 | Acc: 0.7975 | Loss: 0.5776 | eps: 0.00 | P: nan R: nan F1: nan
2026-05-06 09:39:20 | DEBUG   | dpfl.core.base_simulator | Update norms — honest: ['0.03', '0.03', '0.03', '0.03', '0.03'], attacker: []
2026-05-06 09:39:25 | INFO    | dpfl.core.base_simulator | Round  92/150 | Acc: 0.7977 | Loss: 0.5775 | eps: 0.00 | P: nan R: nan F1: nan
2026-05-06 09:39:25 | DEBUG   | dpfl.core.base_simulator | Update norms — honest: ['0.03', '0.02', '0.02', '0.03', '0.03'], attacker: []
2026-05-06 09:39:29 | INFO    | dpfl.core.base_simulator | Round  93/150 | Acc: 0.7975 | Loss: 0.5778 | eps: 0.00 | P: nan R: nan F1: nan
2026-05-06 09:39:29 | DEBUG   | dpfl.core.base_simulator | Update norms — honest: ['0.03', '0.03', '0.02', '0.03', '0.03'], attacker: []
2026-05-06 09:39:33 | INFO    | dpfl.core.base_simulator | Round  94/150 | Acc: 0.7979 | Loss: 0.5777 | eps: 0.00 | P: nan R: nan F1: nan
2026-05-06 09:39:33 | DEBUG   | dpfl.core.base_simulator | Update norms — honest: ['0.03', '0.03', '0.03', '0.03', '0.03'], attacker: []
2026-05-06 09:39:37 | INFO    | dpfl.core.base_simulator | Round  95/150 | Acc: 0.7980 | Loss: 0.5779 | eps: 0.00 | P: nan R: nan F1: nan
2026-05-06 09:39:37 | DEBUG   | dpfl.core.base_simulator | Update norms — honest: ['0.02', '0.03', '0.03', '0.04', '0.03'], attacker: []
2026-05-06 09:39:42 | INFO    | dpfl.core.base_simulator | Round  96/150 | Acc: 0.7978 | Loss: 0.5781 | eps: 0.00 | P: nan R: nan F1: nan
2026-05-06 09:39:42 | DEBUG   | dpfl.core.base_simulator | Update norms — honest: ['0.02', '0.03', '0.02', '0.04', '0.04'], attacker: []
2026-05-06 09:39:46 | INFO    | dpfl.core.base_simulator | Round  97/150 | Acc: 0.7980 | Loss: 0.5783 | eps: 0.00 | P: nan R: nan F1: nan
2026-05-06 09:39:46 | DEBUG   | dpfl.core.base_simulator | Update norms — honest: ['0.02', '0.02', '0.03', '0.03', '0.03'], attacker: []
2026-05-06 09:39:51 | INFO    | dpfl.core.base_simulator | Round  98/150 | Acc: 0.7982 | Loss: 0.5778 | eps: 0.00 | P: nan R: nan F1: nan
2026-05-06 09:39:51 | DEBUG   | dpfl.core.base_simulator | Update norms — honest: ['0.03', '0.03', '0.02', '0.03', '0.02'], attacker: []
2026-05-06 09:39:55 | INFO    | dpfl.core.base_simulator | Round  99/150 | Acc: 0.7982 | Loss: 0.5783 | eps: 0.00 | P: nan R: nan F1: nan
2026-05-06 09:39:55 | DEBUG   | dpfl.core.base_simulator | Update norms — honest: ['0.02', '0.03', '0.02', '0.03', '0.02'], attacker: []
2026-05-06 09:39:59 | INFO    | dpfl.core.base_simulator | Round 100/150 | Acc: 0.7983 | Loss: 0.5784 | eps: 0.00 | P: nan R: nan F1: nan
2026-05-06 09:39:59 | DEBUG   | dpfl.core.base_simulator | Update norms — honest: ['0.02', '0.04', '0.02', '0.02', '0.02'], attacker: []
2026-05-06 09:40:03 | INFO    | dpfl.core.base_simulator | Round 101/150 | Acc: 0.7985 | Loss: 0.5783 | eps: 0.00 | P: nan R: nan F1: nan
2026-05-06 09:40:03 | DEBUG   | dpfl.core.base_simulator | Update norms — honest: ['0.02', '0.02', '0.02', '0.02', '0.03'], attacker: []
2026-05-06 09:40:08 | INFO    | dpfl.core.base_simulator | Round 102/150 | Acc: 0.7985 | Loss: 0.5788 | eps: 0.00 | P: nan R: nan F1: nan
2026-05-06 09:40:08 | DEBUG   | dpfl.core.base_simulator | Update norms — honest: ['0.02', '0.02', '0.02', '0.03', '0.03'], attacker: []
2026-05-06 09:40:12 | INFO    | dpfl.core.base_simulator | Round 103/150 | Acc: 0.7985 | Loss: 0.5788 | eps: 0.00 | P: nan R: nan F1: nan
2026-05-06 09:40:12 | DEBUG   | dpfl.core.base_simulator | Update norms — honest: ['0.02', '0.02', '0.02', '0.03', '0.03'], attacker: []
2026-05-06 09:40:16 | INFO    | dpfl.core.base_simulator | Round 104/150 | Acc: 0.7985 | Loss: 0.5792 | eps: 0.00 | P: nan R: nan F1: nan
2026-05-06 09:40:16 | DEBUG   | dpfl.core.base_simulator | Update norms — honest: ['0.03', '0.03', '0.02', '0.03', '0.03'], attacker: []
2026-05-06 09:40:21 | INFO    | dpfl.core.base_simulator | Round 105/150 | Acc: 0.7987 | Loss: 0.5793 | eps: 0.00 | P: nan R: nan F1: nan
2026-05-06 09:40:21 | DEBUG   | dpfl.core.base_simulator | Update norms — honest: ['0.02', '0.02', '0.02', '0.03', '0.02'], attacker: []
2026-05-06 09:40:25 | INFO    | dpfl.core.base_simulator | Round 106/150 | Acc: 0.7985 | Loss: 0.5796 | eps: 0.00 | P: nan R: nan F1: nan
2026-05-06 09:40:25 | DEBUG   | dpfl.core.base_simulator | Update norms — honest: ['0.03', '0.02', '0.03', '0.03', '0.02'], attacker: []
2026-05-06 09:40:30 | INFO    | dpfl.core.base_simulator | Round 107/150 | Acc: 0.7986 | Loss: 0.5798 | eps: 0.00 | P: nan R: nan F1: nan
2026-05-06 09:40:30 | DEBUG   | dpfl.core.base_simulator | Update norms — honest: ['0.03', '0.02', '0.02', '0.03', '0.02'], attacker: []
2026-05-06 09:40:34 | INFO    | dpfl.core.base_simulator | Round 108/150 | Acc: 0.7988 | Loss: 0.5795 | eps: 0.00 | P: nan R: nan F1: nan
2026-05-06 09:40:34 | DEBUG   | dpfl.core.base_simulator | Update norms — honest: ['0.02', '0.03', '0.03', '0.03', '0.03'], attacker: []
2026-05-06 09:40:38 | INFO    | dpfl.core.base_simulator | Round 109/150 | Acc: 0.7987 | Loss: 0.5804 | eps: 0.00 | P: nan R: nan F1: nan
2026-05-06 09:40:38 | DEBUG   | dpfl.core.base_simulator | Update norms — honest: ['0.02', '0.02', '0.02', '0.03', '0.03'], attacker: []
2026-05-06 09:40:43 | INFO    | dpfl.core.base_simulator | Round 110/150 | Acc: 0.7989 | Loss: 0.5802 | eps: 0.00 | P: nan R: nan F1: nan
2026-05-06 09:40:43 | DEBUG   | dpfl.core.base_simulator | Update norms — honest: ['0.03', '0.02', '0.02', '0.02', '0.02'], attacker: []
2026-05-06 09:40:47 | INFO    | dpfl.core.base_simulator | Round 111/150 | Acc: 0.7989 | Loss: 0.5806 | eps: 0.00 | P: nan R: nan F1: nan
2026-05-06 09:40:47 | DEBUG   | dpfl.core.base_simulator | Update norms — honest: ['0.03', '0.02', '0.02', '0.03', '0.03'], attacker: []
2026-05-06 09:40:52 | INFO    | dpfl.core.base_simulator | Round 112/150 | Acc: 0.7988 | Loss: 0.5810 | eps: 0.00 | P: nan R: nan F1: nan
2026-05-06 09:40:52 | DEBUG   | dpfl.core.base_simulator | Update norms — honest: ['0.03', '0.02', '0.02', '0.02', '0.02'], attacker: []
2026-05-06 09:40:56 | INFO    | dpfl.core.base_simulator | Round 113/150 | Acc: 0.7990 | Loss: 0.5811 | eps: 0.00 | P: nan R: nan F1: nan
2026-05-06 09:40:56 | DEBUG   | dpfl.core.base_simulator | Update norms — honest: ['0.02', '0.02', '0.02', '0.02', '0.02'], attacker: []
2026-05-06 09:41:00 | INFO    | dpfl.core.base_simulator | Round 114/150 | Acc: 0.7991 | Loss: 0.5814 | eps: 0.00 | P: nan R: nan F1: nan
2026-05-06 09:41:00 | DEBUG   | dpfl.core.base_simulator | Update norms — honest: ['0.02', '0.03', '0.02', '0.03', '0.02'], attacker: []
2026-05-06 09:41:05 | INFO    | dpfl.core.base_simulator | Round 115/150 | Acc: 0.7990 | Loss: 0.5819 | eps: 0.00 | P: nan R: nan F1: nan
2026-05-06 09:41:05 | DEBUG   | dpfl.core.base_simulator | Update norms — honest: ['0.02', '0.03', '0.03', '0.03', '0.02'], attacker: []
2026-05-06 09:41:09 | INFO    | dpfl.core.base_simulator | Round 116/150 | Acc: 0.7992 | Loss: 0.5820 | eps: 0.00 | P: nan R: nan F1: nan
2026-05-06 09:41:09 | DEBUG   | dpfl.core.base_simulator | Update norms — honest: ['0.02', '0.02', '0.02', '0.02', '0.02'], attacker: []
2026-05-06 09:41:14 | INFO    | dpfl.core.base_simulator | Round 117/150 | Acc: 0.7992 | Loss: 0.5821 | eps: 0.00 | P: nan R: nan F1: nan
2026-05-06 09:41:14 | DEBUG   | dpfl.core.base_simulator | Update norms — honest: ['0.02', '0.03', '0.02', '0.02', '0.02'], attacker: []
2026-05-06 09:41:18 | INFO    | dpfl.core.base_simulator | Round 118/150 | Acc: 0.7992 | Loss: 0.5827 | eps: 0.00 | P: nan R: nan F1: nan
2026-05-06 09:41:18 | DEBUG   | dpfl.core.base_simulator | Update norms — honest: ['0.03', '0.02', '0.02', '0.02', '0.02'], attacker: []
2026-05-06 09:41:23 | INFO    | dpfl.core.base_simulator | Round 119/150 | Acc: 0.7993 | Loss: 0.5831 | eps: 0.00 | P: nan R: nan F1: nan
2026-05-06 09:41:23 | DEBUG   | dpfl.core.base_simulator | Update norms — honest: ['0.02', '0.02', '0.02', '0.02', '0.03'], attacker: []
2026-05-06 09:41:27 | INFO    | dpfl.core.base_simulator | Round 120/150 | Acc: 0.7991 | Loss: 0.5835 | eps: 0.00 | P: nan R: nan F1: nan
2026-05-06 09:41:27 | DEBUG   | dpfl.core.base_simulator | Update norms — honest: ['0.02', '0.02', '0.02', '0.02', '0.03'], attacker: []
2026-05-06 09:41:32 | INFO    | dpfl.core.base_simulator | Round 121/150 | Acc: 0.7993 | Loss: 0.5838 | eps: 0.00 | P: nan R: nan F1: nan
2026-05-06 09:41:32 | DEBUG   | dpfl.core.base_simulator | Update norms — honest: ['0.03', '0.02', '0.02', '0.02', '0.03'], attacker: []
2026-05-06 09:41:36 | INFO    | dpfl.core.base_simulator | Round 122/150 | Acc: 0.7993 | Loss: 0.5840 | eps: 0.00 | P: nan R: nan F1: nan
2026-05-06 09:41:36 | DEBUG   | dpfl.core.base_simulator | Update norms — honest: ['0.03', '0.03', '0.03', '0.03', '0.03'], attacker: []
2026-05-06 09:41:41 | INFO    | dpfl.core.base_simulator | Round 123/150 | Acc: 0.7994 | Loss: 0.5845 | eps: 0.00 | P: nan R: nan F1: nan
2026-05-06 09:41:41 | DEBUG   | dpfl.core.base_simulator | Update norms — honest: ['0.02', '0.03', '0.03', '0.02', '0.02'], attacker: []
2026-05-06 09:41:45 | INFO    | dpfl.core.base_simulator | Round 124/150 | Acc: 0.7993 | Loss: 0.5850 | eps: 0.00 | P: nan R: nan F1: nan
2026-05-06 09:41:45 | DEBUG   | dpfl.core.base_simulator | Update norms — honest: ['0.02', '0.02', '0.02', '0.03', '0.02'], attacker: []
2026-05-06 09:41:50 | INFO    | dpfl.core.base_simulator | Round 125/150 | Acc: 0.7994 | Loss: 0.5852 | eps: 0.00 | P: nan R: nan F1: nan
2026-05-06 09:41:50 | DEBUG   | dpfl.core.base_simulator | Update norms — honest: ['0.02', '0.02', '0.02', '0.03', '0.03'], attacker: []
2026-05-06 09:41:54 | INFO    | dpfl.core.base_simulator | Round 126/150 | Acc: 0.7993 | Loss: 0.5857 | eps: 0.00 | P: nan R: nan F1: nan
2026-05-06 09:41:54 | DEBUG   | dpfl.core.base_simulator | Update norms — honest: ['0.02', '0.02', '0.02', '0.04', '0.03'], attacker: []
2026-05-06 09:41:58 | INFO    | dpfl.core.base_simulator | Round 127/150 | Acc: 0.7994 | Loss: 0.5859 | eps: 0.00 | P: nan R: nan F1: nan
2026-05-06 09:41:58 | DEBUG   | dpfl.core.base_simulator | Update norms — honest: ['0.03', '0.02', '0.02', '0.04', '0.03'], attacker: []
2026-05-06 09:42:02 | INFO    | dpfl.core.base_simulator | Round 128/150 | Acc: 0.7994 | Loss: 0.5865 | eps: 0.00 | P: nan R: nan F1: nan
2026-05-06 09:42:02 | DEBUG   | dpfl.core.base_simulator | Update norms — honest: ['0.03', '0.02', '0.03', '0.02', '0.02'], attacker: []
2026-05-06 09:42:06 | INFO    | dpfl.core.base_simulator | Round 129/150 | Acc: 0.7996 | Loss: 0.5866 | eps: 0.00 | P: nan R: nan F1: nan
2026-05-06 09:42:06 | DEBUG   | dpfl.core.base_simulator | Update norms — honest: ['0.03', '0.03', '0.02', '0.02', '0.02'], attacker: []
2026-05-06 09:42:11 | INFO    | dpfl.core.base_simulator | Round 130/150 | Acc: 0.7994 | Loss: 0.5874 | eps: 0.00 | P: nan R: nan F1: nan
2026-05-06 09:42:11 | DEBUG   | dpfl.core.base_simulator | Update norms — honest: ['0.02', '0.03', '0.02', '0.02', '0.02'], attacker: []
2026-05-06 09:42:15 | INFO    | dpfl.core.base_simulator | Round 131/150 | Acc: 0.7995 | Loss: 0.5875 | eps: 0.00 | P: nan R: nan F1: nan
2026-05-06 09:42:15 | DEBUG   | dpfl.core.base_simulator | Update norms — honest: ['0.02', '0.02', '0.02', '0.02', '0.02'], attacker: []
2026-05-06 09:42:20 | INFO    | dpfl.core.base_simulator | Round 132/150 | Acc: 0.7995 | Loss: 0.5881 | eps: 0.00 | P: nan R: nan F1: nan
2026-05-06 09:42:20 | DEBUG   | dpfl.core.base_simulator | Update norms — honest: ['0.02', '0.02', '0.02', '0.02', '0.02'], attacker: []
2026-05-06 09:42:25 | INFO    | dpfl.core.base_simulator | Round 133/150 | Acc: 0.7994 | Loss: 0.5886 | eps: 0.00 | P: nan R: nan F1: nan
2026-05-06 09:42:25 | DEBUG   | dpfl.core.base_simulator | Update norms — honest: ['0.02', '0.02', '0.02', '0.02', '0.02'], attacker: []
2026-05-06 09:42:29 | INFO    | dpfl.core.base_simulator | Round 134/150 | Acc: 0.7994 | Loss: 0.5891 | eps: 0.00 | P: nan R: nan F1: nan
2026-05-06 09:42:29 | DEBUG   | dpfl.core.base_simulator | Update norms — honest: ['0.03', '0.03', '0.02', '0.03', '0.02'], attacker: []
2026-05-06 09:42:33 | INFO    | dpfl.core.base_simulator | Round 135/150 | Acc: 0.7996 | Loss: 0.5894 | eps: 0.00 | P: nan R: nan F1: nan
2026-05-06 09:42:33 | DEBUG   | dpfl.core.base_simulator | Update norms — honest: ['0.02', '0.03', '0.02', '0.03', '0.03'], attacker: []
2026-05-06 09:42:37 | INFO    | dpfl.core.base_simulator | Round 136/150 | Acc: 0.7995 | Loss: 0.5900 | eps: 0.00 | P: nan R: nan F1: nan
2026-05-06 09:42:37 | DEBUG   | dpfl.core.base_simulator | Update norms — honest: ['0.02', '0.02', '0.02', '0.03', '0.02'], attacker: []
2026-05-06 09:42:41 | INFO    | dpfl.core.base_simulator | Round 137/150 | Acc: 0.7996 | Loss: 0.5900 | eps: 0.00 | P: nan R: nan F1: nan
2026-05-06 09:42:41 | DEBUG   | dpfl.core.base_simulator | Update norms — honest: ['0.02', '0.02', '0.02', '0.02', '0.02'], attacker: []
2026-05-06 09:42:45 | INFO    | dpfl.core.base_simulator | Round 138/150 | Acc: 0.7996 | Loss: 0.5908 | eps: 0.00 | P: nan R: nan F1: nan
2026-05-06 09:42:45 | DEBUG   | dpfl.core.base_simulator | Update norms — honest: ['0.02', '0.03', '0.02', '0.03', '0.02'], attacker: []
2026-05-06 09:42:59 | INFO    | dpfl.core.base_simulator | Round 139/150 | Acc: 0.7996 | Loss: 0.5912 | eps: 0.00 | P: nan R: nan F1: nan
2026-05-06 09:42:59 | DEBUG   | dpfl.core.base_simulator | Update norms — honest: ['0.02', '0.03', '0.02', '0.02', '0.02'], attacker: []
2026-05-06 09:43:10 | INFO    | dpfl.core.base_simulator | Round 140/150 | Acc: 0.7996 | Loss: 0.5916 | eps: 0.00 | P: nan R: nan F1: nan
2026-05-06 09:43:10 | DEBUG   | dpfl.core.base_simulator | Update norms — honest: ['0.02', '0.03', '0.02', '0.02', '0.02'], attacker: []
2026-05-06 09:43:23 | INFO    | dpfl.core.base_simulator | Round 141/150 | Acc: 0.7996 | Loss: 0.5922 | eps: 0.00 | P: nan R: nan F1: nan
2026-05-06 09:43:23 | DEBUG   | dpfl.core.base_simulator | Update norms — honest: ['0.02', '0.02', '0.02', '0.02', '0.02'], attacker: []
2026-05-06 09:43:33 | INFO    | dpfl.core.base_simulator | Round 142/150 | Acc: 0.7995 | Loss: 0.5927 | eps: 0.00 | P: nan R: nan F1: nan
2026-05-06 09:43:33 | DEBUG   | dpfl.core.base_simulator | Update norms — honest: ['0.03', '0.03', '0.02', '0.03', '0.02'], attacker: []
2026-05-06 09:43:44 | INFO    | dpfl.core.base_simulator | Round 143/150 | Acc: 0.7996 | Loss: 0.5932 | eps: 0.00 | P: nan R: nan F1: nan
2026-05-06 09:43:44 | DEBUG   | dpfl.core.base_simulator | Update norms — honest: ['0.02', '0.02', '0.02', '0.02', '0.02'], attacker: []
2026-05-06 09:43:57 | INFO    | dpfl.core.base_simulator | Round 144/150 | Acc: 0.7997 | Loss: 0.5936 | eps: 0.00 | P: nan R: nan F1: nan
2026-05-06 09:43:57 | DEBUG   | dpfl.core.base_simulator | Update norms — honest: ['0.03', '0.02', '0.02', '0.03', '0.02'], attacker: []
2026-05-06 09:44:00 | INFO    | dpfl.core.base_simulator | Round 145/150 | Acc: 0.7996 | Loss: 0.5943 | eps: 0.00 | P: nan R: nan F1: nan
2026-05-06 09:44:00 | DEBUG   | dpfl.core.base_simulator | Update norms — honest: ['0.02', '0.02', '0.03', '0.03', '0.02'], attacker: []
2026-05-06 09:44:04 | INFO    | dpfl.core.base_simulator | Round 146/150 | Acc: 0.7995 | Loss: 0.5949 | eps: 0.00 | P: nan R: nan F1: nan
2026-05-06 09:44:04 | DEBUG   | dpfl.core.base_simulator | Update norms — honest: ['0.02', '0.03', '0.02', '0.03', '0.02'], attacker: []
2026-05-06 09:44:10 | INFO    | dpfl.core.base_simulator | Round 147/150 | Acc: 0.7996 | Loss: 0.5953 | eps: 0.00 | P: nan R: nan F1: nan
2026-05-06 09:44:10 | DEBUG   | dpfl.core.base_simulator | Update norms — honest: ['0.03', '0.03', '0.02', '0.02', '0.02'], attacker: []
2026-05-06 09:44:14 | INFO    | dpfl.core.base_simulator | Round 148/150 | Acc: 0.7997 | Loss: 0.5955 | eps: 0.00 | P: nan R: nan F1: nan
2026-05-06 09:44:14 | DEBUG   | dpfl.core.base_simulator | Update norms — honest: ['0.02', '0.02', '0.02', '0.03', '0.02'], attacker: []
2026-05-06 09:44:18 | INFO    | dpfl.core.base_simulator | Round 149/150 | Acc: 0.7996 | Loss: 0.5963 | eps: 0.00 | P: nan R: nan F1: nan
2026-05-06 09:44:18 | DEBUG   | dpfl.core.base_simulator | Update norms — honest: ['0.02', '0.02', '0.02', '0.02', '0.02'], attacker: []
2026-05-06 09:44:23 | INFO    | dpfl.core.base_simulator | Round 150/150 | Acc: 0.7996 | Loss: 0.5967 | eps: 0.00 | P: nan R: nan F1: nan
2026-05-06 09:44:23 | DEBUG   | dpfl.core.base_simulator | Update norms — honest: ['0.02', '0.02', '0.02', '0.02', '0.02'], attacker: []
2026-05-06 09:44:27 | INFO    | dpfl | Experiment complete in 1231.8s
============================================================
REPORT: DP-SGD Decentralized Federated Learning
============================================================
Timestamp:                  20260506_092351
Rounds completed:           150
Attack-active rounds:       0  (from round 500)
Final accuracy:             0.7996
Final test loss:            0.5967
Final epsilon:              0.00
Best alpha:                 None
Avg precision:              nan
Avg recall:                 nan
Avg F1 score:               nan
Avg update norm (honest):   0.0388
Avg update norm (attacker): 0.0000
============================================================
