2026-05-07 07:59:40 | INFO    | dpfl | Experiment start: algorithm=krum, dataset=fashion_mnist, model=mlp, device=cuda
2026-05-07 07:59:40 | INFO    | dpfl | Config: nodes=500, attackers=300, rounds=150, noise_mode=none, attack=scale
2026-05-07 07:59:40 | INFO    | dpfl.data.fashion_mnist_dataset | Loading Fashion-MNIST dataset...
2026-05-07 07:59:40 | INFO    | dpfl.data.fashion_mnist_dataset | Fashion-MNIST loaded: 60000 train, 10000 test samples
2026-05-07 08:00:20 | INFO    | dpfl.core.base_simulator | Vectorized state ready: param_spec.D=50890, X_test=(10000, 1, 28, 28), train clients N=500, max_n_samples=1000
2026-05-07 08:00:20 | INFO    | dpfl.core.base_simulator | Setup complete: 500 nodes (300 attackers), param_dim=50890, split=iid
2026-05-07 08:00:20 | DEBUG   | dpfl.core.base_simulator | Attacker IDs: {0, 1, 2, 3, 4, 5, 6, 7, 8, 9, 10, 11, 12, 13, 14, 15, 16, 17, 18, 19, 20, 21, 22, 23, 24, 25, 26, 27, 28, 29, 30, 31, 32, 33, 34, 35, 36, 37, 38, 39, 40, 41, 42, 43, 44, 45, 46, 47, 48, 49, 50, 51, 52, 53, 54, 55, 56, 57, 58, 59, 60, 61, 62, 63, 64, 65, 66, 67, 68, 69, 70, 71, 72, 73, 74, 75, 76, 77, 78, 79, 80, 81, 82, 83, 84, 85, 86, 87, 88, 89, 90, 91, 92, 93, 94, 95, 96, 97, 98, 99, 100, 101, 102, 103, 104, 105, 106, 107, 108, 109, 110, 111, 112, 113, 114, 115, 116, 117, 118, 119, 120, 121, 122, 123, 124, 125, 126, 127, 128, 129, 130, 131, 132, 133, 134, 135, 136, 137, 138, 139, 140, 141, 142, 143, 144, 145, 146, 147, 148, 149, 150, 151, 152, 153, 154, 155, 156, 157, 158, 159, 160, 161, 162, 163, 164, 165, 166, 167, 168, 169, 170, 171, 172, 173, 174, 175, 176, 177, 178, 179, 180, 181, 182, 183, 184, 185, 186, 187, 188, 189, 190, 191, 192, 193, 194, 195, 196, 197, 198, 199, 200, 201, 202, 203, 204, 205, 206, 207, 208, 209, 210, 211, 212, 213, 214, 215, 216, 217, 218, 219, 220, 221, 222, 223, 224, 225, 226, 227, 228, 229, 230, 231, 232, 233, 234, 235, 236, 237, 238, 239, 240, 241, 242, 243, 244, 245, 246, 247, 248, 249, 250, 251, 252, 253, 254, 255, 256, 257, 258, 259, 260, 261, 262, 263, 264, 265, 266, 267, 268, 269, 270, 271, 272, 273, 274, 275, 276, 277, 278, 279, 280, 281, 282, 283, 284, 285, 286, 287, 288, 289, 290, 291, 292, 293, 294, 295, 296, 297, 298, 299}
2026-05-07 08:00:24 | INFO    | dpfl.core.base_simulator | Round   1/150 | Acc: 0.4589 | Loss: 1.9725 | eps: 0.00 | P: 0.00 R: nan F1: nan
2026-05-07 08:00:24 | DEBUG   | dpfl.core.base_simulator | Update norms — honest: ['0.23', '0.24', '0.23', '0.23', '0.24'], attacker: ['0.23', '0.23', '0.24', '0.23', '0.24']
2026-05-07 08:00:27 | INFO    | dpfl.core.base_simulator | Round   2/150 | Acc: 0.5733 | Loss: 1.7057 | eps: 0.00 | P: 0.00 R: nan F1: nan
2026-05-07 08:00:27 | DEBUG   | dpfl.core.base_simulator | Update norms — honest: ['0.21', '0.20', '0.20', '0.21', '0.21'], attacker: ['0.20', '0.20', '0.21', '0.20', '0.21']
2026-05-07 08:00:31 | INFO    | dpfl.core.base_simulator | Round   3/150 | Acc: 0.6227 | Loss: 1.4812 | eps: 0.00 | P: 0.00 R: nan F1: nan
2026-05-07 08:00:31 | DEBUG   | dpfl.core.base_simulator | Update norms — honest: ['0.19', '0.19', '0.19', '0.18', '0.19'], attacker: ['0.19', '0.19', '0.19', '0.18', '0.20']
2026-05-07 08:00:34 | INFO    | dpfl.core.base_simulator | Round   4/150 | Acc: 0.6516 | Loss: 1.3049 | eps: 0.00 | P: 0.00 R: nan F1: nan
2026-05-07 08:00:34 | DEBUG   | dpfl.core.base_simulator | Update norms — honest: ['0.17', '0.17', '0.17', '0.17', '0.17'], attacker: ['0.17', '0.17', '0.17', '0.16', '0.17']
2026-05-07 08:00:38 | INFO    | dpfl.core.base_simulator | Round   5/150 | Acc: 0.6738 | Loss: 1.1754 | eps: 0.00 | P: 0.00 R: nan F1: nan
2026-05-07 08:00:38 | DEBUG   | dpfl.core.base_simulator | Update norms — honest: ['0.15', '0.15', '0.14', '0.14', '0.14'], attacker: ['0.15', '0.15', '0.15', '0.14', '0.15']
2026-05-07 08:00:41 | INFO    | dpfl.core.base_simulator | Round   6/150 | Acc: 0.6911 | Loss: 1.0813 | eps: 0.00 | P: 0.00 R: nan F1: nan
2026-05-07 08:00:41 | DEBUG   | dpfl.core.base_simulator | Update norms — honest: ['0.13', '0.12', '0.12', '0.13', '0.12'], attacker: ['0.13', '0.13', '0.13', '0.13', '0.13']
2026-05-07 08:00:44 | INFO    | dpfl.core.base_simulator | Round   7/150 | Acc: 0.7025 | Loss: 1.0111 | eps: 0.00 | P: 0.00 R: nan F1: nan
2026-05-07 08:00:44 | DEBUG   | dpfl.core.base_simulator | Update norms — honest: ['0.11', '0.11', '0.11', '0.11', '0.11'], attacker: ['0.11', '0.11', '0.12', '0.11', '0.11']
2026-05-07 08:00:48 | INFO    | dpfl.core.base_simulator | Round   8/150 | Acc: 0.7103 | Loss: 0.9573 | eps: 0.00 | P: 0.00 R: nan F1: nan
2026-05-07 08:00:48 | DEBUG   | dpfl.core.base_simulator | Update norms — honest: ['0.10', '0.10', '0.09', '0.10', '0.09'], attacker: ['0.10', '0.10', '0.11', '0.10', '0.10']
2026-05-07 08:00:51 | INFO    | dpfl.core.base_simulator | Round   9/150 | Acc: 0.7167 | Loss: 0.9143 | eps: 0.00 | P: 0.00 R: nan F1: nan
2026-05-07 08:00:51 | DEBUG   | dpfl.core.base_simulator | Update norms — honest: ['0.09', '0.09', '0.08', '0.09', '0.09'], attacker: ['0.10', '0.09', '0.10', '0.09', '0.09']
2026-05-07 08:00:55 | INFO    | dpfl.core.base_simulator | Round  10/150 | Acc: 0.7229 | Loss: 0.8792 | eps: 0.00 | P: 0.00 R: nan F1: nan
2026-05-07 08:00:55 | DEBUG   | dpfl.core.base_simulator | Update norms — honest: ['0.08', '0.08', '0.08', '0.08', '0.08'], attacker: ['0.09', '0.09', '0.10', '0.09', '0.09']
2026-05-07 08:00:58 | INFO    | dpfl.core.base_simulator | Round  11/150 | Acc: 0.7279 | Loss: 0.8500 | eps: 0.00 | P: 0.00 R: nan F1: nan
2026-05-07 08:00:58 | DEBUG   | dpfl.core.base_simulator | Update norms — honest: ['0.07', '0.07', '0.07', '0.07', '0.07'], attacker: ['0.11', '0.09', '0.09', '0.09', '0.08']
2026-05-07 08:01:02 | INFO    | dpfl.core.base_simulator | Round  12/150 | Acc: 0.7325 | Loss: 0.8250 | eps: 0.00 | P: 0.00 R: nan F1: nan
2026-05-07 08:01:02 | DEBUG   | dpfl.core.base_simulator | Update norms — honest: ['0.07', '0.07', '0.07', '0.07', '0.07'], attacker: ['0.10', '0.10', '0.10', '0.10', '0.09']
2026-05-07 08:01:05 | INFO    | dpfl.core.base_simulator | Round  13/150 | Acc: 0.7367 | Loss: 0.8034 | eps: 0.00 | P: 0.00 R: nan F1: nan
2026-05-07 08:01:05 | DEBUG   | dpfl.core.base_simulator | Update norms — honest: ['0.07', '0.07', '0.06', '0.07', '0.06'], attacker: ['0.10', '0.10', '0.09', '0.11', '0.10']
2026-05-07 08:01:09 | INFO    | dpfl.core.base_simulator | Round  14/150 | Acc: 0.7403 | Loss: 0.7847 | eps: 0.00 | P: 0.00 R: nan F1: nan
2026-05-07 08:01:09 | DEBUG   | dpfl.core.base_simulator | Update norms — honest: ['0.06', '0.06', '0.06', '0.06', '0.07'], attacker: ['0.11', '0.11', '0.10', '0.11', '0.11']
2026-05-07 08:01:12 | INFO    | dpfl.core.base_simulator | Round  15/150 | Acc: 0.7435 | Loss: 0.7687 | eps: 0.00 | P: 0.00 R: nan F1: nan
2026-05-07 08:01:12 | DEBUG   | dpfl.core.base_simulator | Update norms — honest: ['0.06', '0.06', '0.06', '0.06', '0.06'], attacker: ['0.11', '0.10', '0.11', '0.10', '0.10']
2026-05-07 08:01:15 | INFO    | dpfl.core.base_simulator | Round  16/150 | Acc: 0.7464 | Loss: 0.7545 | eps: 0.00 | P: 0.00 R: nan F1: nan
2026-05-07 08:01:15 | DEBUG   | dpfl.core.base_simulator | Update norms — honest: ['0.05', '0.05', '0.05', '0.06', '0.06'], attacker: ['0.12', '0.11', '0.10', '0.11', '0.10']
2026-05-07 08:01:19 | INFO    | dpfl.core.base_simulator | Round  17/150 | Acc: 0.7492 | Loss: 0.7415 | eps: 0.00 | P: 0.00 R: nan F1: nan
2026-05-07 08:01:19 | DEBUG   | dpfl.core.base_simulator | Update norms — honest: ['0.05', '0.06', '0.06', '0.05', '0.05'], attacker: ['0.11', '0.10', '0.10', '0.11', '0.12']
2026-05-07 08:01:22 | INFO    | dpfl.core.base_simulator | Round  18/150 | Acc: 0.7519 | Loss: 0.7305 | eps: 0.00 | P: 0.00 R: nan F1: nan
2026-05-07 08:01:22 | DEBUG   | dpfl.core.base_simulator | Update norms — honest: ['0.05', '0.06', '0.05', '0.05', '0.05'], attacker: ['0.12', '0.12', '0.12', '0.10', '0.13']
2026-05-07 08:01:26 | INFO    | dpfl.core.base_simulator | Round  19/150 | Acc: 0.7544 | Loss: 0.7202 | eps: 0.00 | P: 0.00 R: nan F1: nan
2026-05-07 08:01:26 | DEBUG   | dpfl.core.base_simulator | Update norms — honest: ['0.05', '0.05', '0.05', '0.05', '0.05'], attacker: ['0.12', '0.10', '0.12', '0.12', '0.13']
2026-05-07 08:01:29 | INFO    | dpfl.core.base_simulator | Round  20/150 | Acc: 0.7562 | Loss: 0.7112 | eps: 0.00 | P: 0.00 R: nan F1: nan
2026-05-07 08:01:29 | DEBUG   | dpfl.core.base_simulator | Update norms — honest: ['0.05', '0.05', '0.05', '0.05', '0.05'], attacker: ['0.12', '0.12', '0.12', '0.13', '0.13']
2026-05-07 08:01:32 | INFO    | dpfl.core.base_simulator | Round  21/150 | Acc: 0.7580 | Loss: 0.7039 | eps: 0.00 | P: 0.00 R: nan F1: nan
2026-05-07 08:01:32 | DEBUG   | dpfl.core.base_simulator | Update norms — honest: ['0.05', '0.05', '0.05', '0.06', '0.04'], attacker: ['0.14', '0.14', '0.13', '0.16', '0.15']
2026-05-07 08:01:36 | INFO    | dpfl.core.base_simulator | Round  22/150 | Acc: 0.7603 | Loss: 0.6947 | eps: 0.00 | P: 0.00 R: nan F1: nan
2026-05-07 08:01:36 | DEBUG   | dpfl.core.base_simulator | Update norms — honest: ['0.04', '0.05', '0.05', '0.05', '0.04'], attacker: ['0.13', '0.14', '0.15', '0.15', '0.15']
2026-05-07 08:01:39 | INFO    | dpfl.core.base_simulator | Round  23/150 | Acc: 0.7623 | Loss: 0.6877 | eps: 0.00 | P: 0.00 R: nan F1: nan
2026-05-07 08:01:39 | DEBUG   | dpfl.core.base_simulator | Update norms — honest: ['0.05', '0.05', '0.05', '0.05', '0.05'], attacker: ['0.14', '0.14', '0.16', '0.16', '0.16']
2026-05-07 08:01:43 | INFO    | dpfl.core.base_simulator | Round  24/150 | Acc: 0.7631 | Loss: 0.6842 | eps: 0.00 | P: 0.00 R: nan F1: nan
2026-05-07 08:01:43 | DEBUG   | dpfl.core.base_simulator | Update norms — honest: ['0.04', '0.05', '0.05', '0.04', '0.04'], attacker: ['0.17', '0.16', '0.17', '0.17', '0.16']
2026-05-07 08:01:46 | INFO    | dpfl.core.base_simulator | Round  25/150 | Acc: 0.7655 | Loss: 0.6754 | eps: 0.00 | P: 0.00 R: nan F1: nan
2026-05-07 08:01:46 | DEBUG   | dpfl.core.base_simulator | Update norms — honest: ['0.04', '0.04', '0.04', '0.04', '0.04'], attacker: ['0.18', '0.17', '0.17', '0.17', '0.18']
2026-05-07 08:01:49 | INFO    | dpfl.core.base_simulator | Round  26/150 | Acc: 0.7668 | Loss: 0.6701 | eps: 0.00 | P: 0.00 R: nan F1: nan
2026-05-07 08:01:49 | DEBUG   | dpfl.core.base_simulator | Update norms — honest: ['0.04', '0.04', '0.04', '0.05', '0.05'], attacker: ['0.16', '0.16', '0.17', '0.17', '0.18']
2026-05-07 08:01:53 | INFO    | dpfl.core.base_simulator | Round  27/150 | Acc: 0.7680 | Loss: 0.6660 | eps: 0.00 | P: 0.00 R: nan F1: nan
2026-05-07 08:01:53 | DEBUG   | dpfl.core.base_simulator | Update norms — honest: ['0.04', '0.05', '0.04', '0.04', '0.05'], attacker: ['0.16', '0.18', '0.17', '0.17', '0.19']
2026-05-07 08:01:56 | INFO    | dpfl.core.base_simulator | Round  28/150 | Acc: 0.7695 | Loss: 0.6607 | eps: 0.00 | P: 0.00 R: nan F1: nan
2026-05-07 08:01:56 | DEBUG   | dpfl.core.base_simulator | Update norms — honest: ['0.04', '0.05', '0.04', '0.05', '0.04'], attacker: ['0.18', '0.18', '0.18', '0.19', '0.21']
2026-05-07 08:02:00 | INFO    | dpfl.core.base_simulator | Round  29/150 | Acc: 0.7696 | Loss: 0.6616 | eps: 0.00 | P: 0.00 R: nan F1: nan
2026-05-07 08:02:00 | DEBUG   | dpfl.core.base_simulator | Update norms — honest: ['0.04', '0.04', '0.04', '0.05', '0.04'], attacker: ['0.19', '0.20', '0.21', '0.20', '0.21']
2026-05-07 08:02:03 | INFO    | dpfl.core.base_simulator | Round  30/150 | Acc: 0.7712 | Loss: 0.6568 | eps: 0.00 | P: 0.00 R: nan F1: nan
2026-05-07 08:02:03 | DEBUG   | dpfl.core.base_simulator | Update norms — honest: ['0.04', '0.04', '0.04', '0.04', '0.04'], attacker: ['0.20', '0.21', '0.20', '0.21', '0.22']
2026-05-07 08:02:06 | INFO    | dpfl.core.base_simulator | Round  31/150 | Acc: 0.7709 | Loss: 0.6603 | eps: 0.00 | P: 0.00 R: nan F1: nan
2026-05-07 08:02:06 | DEBUG   | dpfl.core.base_simulator | Update norms — honest: ['0.03', '0.04', '0.03', '0.04', '0.04'], attacker: ['0.22', '0.22', '0.21', '0.22', '0.23']
2026-05-07 08:02:10 | INFO    | dpfl.core.base_simulator | Round  32/150 | Acc: 0.7729 | Loss: 0.6529 | eps: 0.00 | P: 0.00 R: nan F1: nan
2026-05-07 08:02:10 | DEBUG   | dpfl.core.base_simulator | Update norms — honest: ['0.04', '0.04', '0.04', '0.04', '0.04'], attacker: ['0.23', '0.28', '0.27', '0.28', '0.32']
2026-05-07 08:02:13 | INFO    | dpfl.core.base_simulator | Round  33/150 | Acc: 0.7739 | Loss: 0.6478 | eps: 0.00 | P: 0.00 R: nan F1: nan
2026-05-07 08:02:13 | DEBUG   | dpfl.core.base_simulator | Update norms — honest: ['0.04', '0.04', '0.04', '0.04', '0.04'], attacker: ['0.23', '0.28', '0.26', '0.26', '0.31']
2026-05-07 08:02:17 | INFO    | dpfl.core.base_simulator | Round  34/150 | Acc: 0.7758 | Loss: 0.6433 | eps: 0.00 | P: 0.00 R: nan F1: nan
2026-05-07 08:02:17 | DEBUG   | dpfl.core.base_simulator | Update norms — honest: ['0.04', '0.04', '0.04', '0.04', '0.03'], attacker: ['0.23', '0.26', '0.26', '0.29', '0.32']
2026-05-07 08:02:20 | INFO    | dpfl.core.base_simulator | Round  35/150 | Acc: 0.7724 | Loss: 0.6630 | eps: 0.00 | P: 0.00 R: nan F1: nan
2026-05-07 08:02:20 | DEBUG   | dpfl.core.base_simulator | Update norms — honest: ['0.03', '0.03', '0.04', '0.04', '0.04'], attacker: ['0.25', '0.35', '0.37', '0.37', '0.41']
2026-05-07 08:02:24 | INFO    | dpfl.core.base_simulator | Round  36/150 | Acc: 0.7736 | Loss: 0.6615 | eps: 0.00 | P: 0.00 R: nan F1: nan
2026-05-07 08:02:24 | DEBUG   | dpfl.core.base_simulator | Update norms — honest: ['0.03', '0.04', '0.04', '0.04', '0.04'], attacker: ['0.24', '0.36', '0.37', '0.38', '0.42']
2026-05-07 08:02:27 | INFO    | dpfl.core.base_simulator | Round  37/150 | Acc: 0.7764 | Loss: 0.6447 | eps: 0.00 | P: 0.00 R: nan F1: nan
2026-05-07 08:02:27 | DEBUG   | dpfl.core.base_simulator | Update norms — honest: ['0.03', '0.04', '0.04', '0.03', '0.03'], attacker: ['0.25', '0.37', '0.38', '0.38', '0.43']
2026-05-07 08:02:30 | INFO    | dpfl.core.base_simulator | Round  38/150 | Acc: 0.7756 | Loss: 0.6493 | eps: 0.00 | P: 0.00 R: nan F1: nan
2026-05-07 08:02:30 | DEBUG   | dpfl.core.base_simulator | Update norms — honest: ['0.03', '0.04', '0.04', '0.04', '0.04'], attacker: ['0.28', '0.40', '0.39', '0.41', '0.44']
2026-05-07 08:02:34 | INFO    | dpfl.core.base_simulator | Round  39/150 | Acc: 0.7721 | Loss: 0.6706 | eps: 0.00 | P: 0.00 R: nan F1: nan
2026-05-07 08:02:34 | DEBUG   | dpfl.core.base_simulator | Update norms — honest: ['0.03', '0.03', '0.03', '0.03', '0.04'], attacker: ['0.29', '0.41', '0.41', '0.41', '0.45']
2026-05-07 08:02:37 | INFO    | dpfl.core.base_simulator | Round  40/150 | Acc: 0.7743 | Loss: 0.6734 | eps: 0.00 | P: 0.00 R: nan F1: nan
2026-05-07 08:02:37 | DEBUG   | dpfl.core.base_simulator | Update norms — honest: ['0.03', '0.03', '0.04', '0.04', '0.03'], attacker: ['0.30', '0.41', '0.41', '0.41', '0.45']
2026-05-07 08:02:40 | INFO    | dpfl.core.base_simulator | Round  41/150 | Acc: 0.7793 | Loss: 0.6294 | eps: 0.00 | P: 0.00 R: nan F1: nan
2026-05-07 08:02:40 | DEBUG   | dpfl.core.base_simulator | Update norms — honest: ['0.03', '0.04', '0.04', '0.03', '0.03'], attacker: ['0.30', '0.41', '0.40', '0.41', '0.45']
2026-05-07 08:02:44 | INFO    | dpfl.core.base_simulator | Round  42/150 | Acc: 0.7775 | Loss: 0.6482 | eps: 0.00 | P: 0.00 R: nan F1: nan
2026-05-07 08:02:44 | DEBUG   | dpfl.core.base_simulator | Update norms — honest: ['0.03', '0.04', '0.03', '0.03', '0.03'], attacker: ['0.30', '0.39', '0.41', '0.44', '0.47']
2026-05-07 08:02:47 | INFO    | dpfl.core.base_simulator | Round  43/150 | Acc: 0.7805 | Loss: 0.6300 | eps: 0.00 | P: 0.00 R: nan F1: nan
2026-05-07 08:02:47 | DEBUG   | dpfl.core.base_simulator | Update norms — honest: ['0.03', '0.04', '0.03', '0.03', '0.03'], attacker: ['0.30', '0.41', '0.41', '0.44', '0.48']
2026-05-07 08:02:51 | INFO    | dpfl.core.base_simulator | Round  44/150 | Acc: 0.7772 | Loss: 0.6411 | eps: 0.00 | P: 0.00 R: nan F1: nan
2026-05-07 08:02:51 | DEBUG   | dpfl.core.base_simulator | Update norms — honest: ['0.03', '0.04', '0.03', '0.03', '0.03'], attacker: ['0.31', '0.40', '0.42', '0.44', '0.48']
2026-05-07 08:02:54 | INFO    | dpfl.core.base_simulator | Round  45/150 | Acc: 0.7787 | Loss: 0.6409 | eps: 0.00 | P: 0.00 R: nan F1: nan
2026-05-07 08:02:54 | DEBUG   | dpfl.core.base_simulator | Update norms — honest: ['0.03', '0.03', '0.04', '0.03', '0.04'], attacker: ['0.32', '0.42', '0.43', '0.45', '0.48']
2026-05-07 08:02:57 | INFO    | dpfl.core.base_simulator | Round  46/150 | Acc: 0.7755 | Loss: 0.6573 | eps: 0.00 | P: 0.00 R: nan F1: nan
2026-05-07 08:02:57 | DEBUG   | dpfl.core.base_simulator | Update norms — honest: ['0.04', '0.03', '0.03', '0.04', '0.04'], attacker: ['0.31', '0.43', '0.43', '0.45', '0.50']
2026-05-07 08:03:01 | INFO    | dpfl.core.base_simulator | Round  47/150 | Acc: 0.7785 | Loss: 0.6449 | eps: 0.00 | P: 0.00 R: nan F1: nan
2026-05-07 08:03:01 | DEBUG   | dpfl.core.base_simulator | Update norms — honest: ['0.04', '0.03', '0.04', '0.04', '0.03'], attacker: ['0.34', '0.43', '0.45', '0.45', '0.50']
2026-05-07 08:03:04 | INFO    | dpfl.core.base_simulator | Round  48/150 | Acc: 0.7801 | Loss: 0.6349 | eps: 0.00 | P: 0.00 R: nan F1: nan
2026-05-07 08:03:04 | DEBUG   | dpfl.core.base_simulator | Update norms — honest: ['0.03', '0.04', '0.04', '0.29', '0.03'], attacker: ['0.34', '0.44', '0.48', '0.50', '0.54']
2026-05-07 08:03:07 | INFO    | dpfl.core.base_simulator | Round  49/150 | Acc: 0.7833 | Loss: 0.6181 | eps: 0.00 | P: 0.00 R: nan F1: nan
2026-05-07 08:03:07 | DEBUG   | dpfl.core.base_simulator | Update norms — honest: ['0.03', '0.25', '0.03', '0.08', '0.03'], attacker: ['0.36', '0.45', '0.49', '0.53', '0.57']
2026-05-07 08:03:11 | INFO    | dpfl.core.base_simulator | Round  50/150 | Acc: 0.7833 | Loss: 0.6166 | eps: 0.00 | P: 0.00 R: nan F1: nan
2026-05-07 08:03:11 | DEBUG   | dpfl.core.base_simulator | Update norms — honest: ['0.03', '0.06', '0.03', '0.05', '0.04'], attacker: ['0.36', '0.45', '0.52', '0.54', '0.56']
2026-05-07 08:03:14 | INFO    | dpfl.core.base_simulator | Round  51/150 | Acc: 0.7658 | Loss: 3.8507 | eps: 0.00 | P: 0.90 R: 0.98 F1: 0.94
2026-05-07 08:03:14 | DEBUG   | dpfl.core.base_simulator | Update norms — honest: ['0.03', '0.04', '0.03', '0.04', '0.03'], attacker: ['3.65', '4.65', '5.28', '5.53', '5.73']
2026-05-07 08:03:18 | INFO    | dpfl.core.base_simulator | Round  52/150 | Acc: 0.7528 | Loss: 4.8339 | eps: 0.00 | P: 0.91 R: 0.98 F1: 0.94
2026-05-07 08:03:18 | DEBUG   | dpfl.core.base_simulator | Update norms — honest: ['0.04', '2.53', '0.04', '0.03', '0.03'], attacker: ['3.97', '5.01', '5.51', '5.72', '5.86']
2026-05-07 08:03:21 | INFO    | dpfl.core.base_simulator | Round  53/150 | Acc: 0.7511 | Loss: 25.1392 | eps: 0.00 | P: 0.84 R: 0.98 F1: 0.88
2026-05-07 08:03:21 | DEBUG   | dpfl.core.base_simulator | Update norms — honest: ['0.03', '0.33', '4.34', '0.03', '0.03'], attacker: ['16.01', '14.24', '14.64', '14.66', '14.58']
2026-05-07 08:03:24 | INFO    | dpfl.core.base_simulator | Round  54/150 | Acc: 0.7244 | Loss: 844.3553 | eps: 0.00 | P: 0.80 R: 0.97 F1: 0.87
2026-05-07 08:03:24 | DEBUG   | dpfl.core.base_simulator | Update norms — honest: ['0.03', '0.15', '1.27', '0.04', '0.03'], attacker: ['109.45', '105.41', '107.63', '106.03', '107.28']
2026-05-07 08:03:28 | INFO    | dpfl.core.base_simulator | Round  55/150 | Acc: 0.7040 | Loss: 40513.1136 | eps: 0.00 | P: 0.73 R: 0.98 F1: 0.82
2026-05-07 08:03:28 | DEBUG   | dpfl.core.base_simulator | Update norms — honest: ['0.03', '16.79', '0.47', '0.04', '0.04'], attacker: ['644.92', '658.73', '636.90', '622.41', '633.73']
2026-05-07 08:03:31 | INFO    | dpfl.core.base_simulator | Round  56/150 | Acc: 0.6975 | Loss: 1152347.6692 | eps: 0.00 | P: 0.74 R: 0.97 F1: 0.81
2026-05-07 08:03:31 | DEBUG   | dpfl.core.base_simulator | Update norms — honest: ['0.03', '2.44', '0.19', '0.03', '0.03'], attacker: ['3636.71', '3869.86', '3821.72', '3608.33', '3768.11']
2026-05-07 08:03:34 | INFO    | dpfl.core.base_simulator | Round  57/150 | Acc: 0.6842 | Loss: 49121893.9931 | eps: 0.00 | P: 0.85 R: 0.95 F1: 0.89
2026-05-07 08:03:34 | DEBUG   | dpfl.core.base_simulator | Update norms — honest: ['0.05', '1.97', '0.15', '0.03', '0.03'], attacker: ['21883.74', '22174.09', '23618.43', '22774.27', '21669.39']
2026-05-07 08:03:38 | INFO    | dpfl.core.base_simulator | Round  58/150 | Acc: 0.6530 | Loss: 5665159226.3351 | eps: 0.00 | P: 0.80 R: 0.98 F1: 0.87
2026-05-07 08:03:38 | DEBUG   | dpfl.core.base_simulator | Update norms — honest: ['0.04', '1.47', '0.12', '0.04', '0.03'], attacker: ['148120.98', '141522.33', '141335.80', '142021.69', '147916.67']
2026-05-07 08:03:41 | INFO    | dpfl.core.base_simulator | Round  59/150 | Acc: 0.6021 | Loss: 230096900890.8523 | eps: 0.00 | P: 0.77 R: 0.98 F1: 0.85
2026-05-07 08:03:41 | DEBUG   | dpfl.core.base_simulator | Update norms — honest: ['0.03', '1.24', '0.10', '0.04', '0.03'], attacker: ['901871.19', '799126.75', '819515.69', '885409.88', '890758.62']
2026-05-07 08:03:45 | INFO    | dpfl.core.base_simulator | Round  60/150 | Acc: 0.5884 | Loss: 6007049446450.1104 | eps: 0.00 | P: 0.88 R: 0.99 F1: 0.92
2026-05-07 08:03:45 | DEBUG   | dpfl.core.base_simulator | Update norms — honest: ['0.03', '1.05', '0.10', '0.03', '0.03'], attacker: ['5421445.50', '5297368.00', '5351517.50', '5173303.50', '5310482.00']
2026-05-07 08:03:48 | INFO    | dpfl.core.base_simulator | Round  61/150 | Acc: 0.5849 | Loss: 177179786541511.6250 | eps: 0.00 | P: 0.81 R: 0.98 F1: 0.87
2026-05-07 08:03:48 | DEBUG   | dpfl.core.base_simulator | Update norms — honest: ['0.03', '0.61', '0.09', '0.03', '0.03'], attacker: ['33661192.00', '32988158.00', '34457028.00', '34501876.00', '33108130.00']
2026-05-07 08:03:52 | INFO    | dpfl.core.base_simulator | Round  62/150 | Acc: 0.5607 | Loss: 9579432410294306.0000 | eps: 0.00 | P: 0.74 R: 0.98 F1: 0.81
2026-05-07 08:03:52 | DEBUG   | dpfl.core.base_simulator | Update norms — honest: ['0.03', '0.67', '0.11', '0.03', '0.04'], attacker: ['221676000.00', '223472912.00', '209128720.00', '203633296.00', '219151008.00']
2026-05-07 08:03:55 | INFO    | dpfl.core.base_simulator | Round  63/150 | Acc: 0.5516 | Loss: 327825944960246336.0000 | eps: 0.00 | P: 0.84 R: 0.97 F1: 0.90
2026-05-07 08:03:55 | DEBUG   | dpfl.core.base_simulator | Update norms — honest: ['0.03', '0.72', '0.09', '0.03', '0.04'], attacker: ['1257684352.00', '1331505920.00', '1323895552.00', '1388004864.00', '1391664640.00']
2026-05-07 08:03:58 | INFO    | dpfl.core.base_simulator | Round  64/150 | Acc: 0.5300 | Loss: 14604330904704684032.0000 | eps: 0.00 | P: 0.76 R: 0.97 F1: 0.84
2026-05-07 08:03:58 | DEBUG   | dpfl.core.base_simulator | Update norms — honest: ['0.04', '0.64', '0.08', '0.03', '0.03'], attacker: ['8713956352.00', '8692754432.00', '8126135296.00', '8492447744.00', '8313438208.00']
2026-05-07 08:04:02 | INFO    | dpfl.core.base_simulator | Round  65/150 | Acc: 0.5138 | Loss: 682773075117209944064.0000 | eps: 0.00 | P: 0.84 R: 0.98 F1: 0.90
2026-05-07 08:04:02 | DEBUG   | dpfl.core.base_simulator | Update norms — honest: ['0.04', '0.62', '0.07', '0.03', '0.03'], attacker: ['53329309696.00', '51545931776.00', '52302786560.00', '50924269568.00', '55060643840.00']
2026-05-07 08:04:05 | INFO    | dpfl.core.base_simulator | Round  66/150 | Acc: 0.5068 | Loss: 24551963843122402689024.0000 | eps: 0.00 | P: 0.76 R: 0.97 F1: 0.85
2026-05-07 08:04:05 | DEBUG   | dpfl.core.base_simulator | Update norms — honest: ['0.03', '19055120384.00', '18320453632.00', '0.03', '0.03'], attacker: ['350221336576.00', '339962003456.00', '336892952576.00', '340740734976.00', '331860148224.00']
2026-05-07 08:04:09 | INFO    | dpfl.core.base_simulator | Round  67/150 | Acc: 0.5071 | Loss: 785886008186155644747776.0000 | eps: 0.00 | P: 0.86 R: 0.97 F1: 0.91
2026-05-07 08:04:09 | DEBUG   | dpfl.core.base_simulator | Update norms — honest: ['0.03', '4395104768.00', '5183390208.00', '0.03', '0.03'], attacker: ['2113809547264.00', '2118329827328.00', '2116332683264.00', '2207980191744.00', '2303408734208.00']
2026-05-07 08:04:12 | INFO    | dpfl.core.base_simulator | Round  68/150 | Acc: 0.4965 | Loss: 52464113324751302986563584.0000 | eps: 0.00 | P: 0.77 R: 0.98 F1: 0.85
2026-05-07 08:04:12 | DEBUG   | dpfl.core.base_simulator | Update norms — honest: ['0.03', '2720034560.00', '834312863744.00', '0.03', '0.03'], attacker: ['13181787308032.00', '12841022128128.00', '12750604468224.00', '12724958396416.00', '12859504328704.00']
2026-05-07 08:04:15 | INFO    | dpfl.core.base_simulator | Round  69/150 | Acc: 0.4828 | Loss: 1325828921738707181036896256.0000 | eps: 0.00 | P: 0.83 R: 0.98 F1: 0.89
2026-05-07 08:04:15 | DEBUG   | dpfl.core.base_simulator | Update norms — honest: ['0.02', '3298550528.00', '197735383040.00', '0.03', '0.03'], attacker: ['85691585265664.00', '77126153797632.00', '82110815666176.00', '86708703985664.00', '89792549224448.00']
2026-05-07 08:04:19 | INFO    | dpfl.core.base_simulator | Round  70/150 | Acc: 0.4917 | Loss: 44547044553728780162253717504.0000 | eps: 0.00 | P: 0.93 R: 0.98 F1: 0.95
2026-05-07 08:04:19 | DEBUG   | dpfl.core.base_simulator | Update norms — honest: ['0.03', '2607795200.00', '168462827520.00', '0.03', '32163319775232.00'], attacker: ['557048467030016.00', '517187513090048.00', '526087658405888.00', '544679900741632.00', '575289528680448.00']
2026-05-07 08:04:22 | INFO    | dpfl.core.base_simulator | Round  71/150 | Acc: 0.4908 | Loss: 1483725655746890232133656248320.0000 | eps: 0.00 | P: 0.87 R: 0.96 F1: 0.91
2026-05-07 08:04:22 | DEBUG   | dpfl.core.base_simulator | Update norms — honest: ['0.03', '1838310784.00', '125285277696.00', '0.03', '289657795379200.00'], attacker: ['3292795196407808.00', '3537620143439872.00', '3265320559050752.00', '3640007331938304.00', '3460138396549120.00']
2026-05-07 08:04:26 | INFO    | dpfl.core.base_simulator | Round  72/150 | Acc: 0.5004 | Loss: 34656631802639552320729251840000.0000 | eps: 0.00 | P: 0.91 R: 0.95 F1: 0.93
2026-05-07 08:04:26 | DEBUG   | dpfl.core.base_simulator | Update norms — honest: ['0.02', '1098175872.00', '117784436736.00', '0.02', '72460519079936.00'], attacker: ['22886231452942336.00', '21393601468563456.00', '21835628765249536.00', '21111155829243904.00', '22937747438174208.00']
2026-05-07 08:04:29 | INFO    | dpfl.core.base_simulator | Round  73/150 | Acc: 0.4925 | Loss: inf | eps: 0.00 | P: 0.88 R: 0.98 F1: 0.92
2026-05-07 08:04:29 | DEBUG   | dpfl.core.base_simulator | Update norms — honest: ['0.02', '976353920.00', '93835829248.00', '0.02', '46641662918656.00'], attacker: ['134611344572809216.00', '135897489709465600.00', '136560048544415744.00', '138884751132983296.00', '142883906851438592.00']
2026-05-07 08:04:32 | INFO    | dpfl.core.base_simulator | Round  74/150 | Acc: 0.4818 | Loss: inf | eps: 0.00 | P: 0.78 R: 0.97 F1: 0.86
2026-05-07 08:04:32 | DEBUG   | dpfl.core.base_simulator | Update norms — honest: ['0.03', '1068645760.00', '71207952384.00', '0.03', '45227716902912.00'], attacker: ['842568404748468224.00', '857843026439962624.00', '853234835768999936.00', '860191102240555008.00', '861530444842139648.00']
2026-05-07 08:04:36 | INFO    | dpfl.core.base_simulator | Round  75/150 | Acc: 0.4862 | Loss: inf | eps: 0.00 | P: 0.98 R: 0.99 F1: 0.98
2026-05-07 08:04:36 | DEBUG   | dpfl.core.base_simulator | Update norms — honest: ['0.03', '1137768576.00', '56565501952.00', '0.03', '38067998031872.00'], attacker: ['5642610660618534912.00', '5782242040276320256.00', '5372698148185571328.00', '5337474193678139392.00', '5725604547062136832.00']
2026-05-07 08:04:39 | INFO    | dpfl.core.base_simulator | Round  76/150 | Acc: 0.4972 | Loss: inf | eps: 0.00 | P: 0.75 R: 1.00 F1: 0.85
2026-05-07 08:04:39 | DEBUG   | dpfl.core.base_simulator | Update norms — honest: ['0.03', '678878976.00', '39768813568.00', '0.03', '17895346143232.00'], attacker: ['nan', 'nan', 'nan', 'nan', 'nan']
2026-05-07 08:04:43 | INFO    | dpfl.core.base_simulator | Round  77/150 | Acc: 0.5152 | Loss: inf | eps: 0.00 | P: 0.77 R: 1.00 F1: 0.86
2026-05-07 08:04:43 | DEBUG   | dpfl.core.base_simulator | Update norms — honest: ['0.03', '539504128.00', '38790545408.00', '0.04', '17003103387648.00'], attacker: ['nan', 'nan', 'nan', 'nan', 'nan']
2026-05-07 08:04:46 | INFO    | dpfl.core.base_simulator | Round  78/150 | Acc: 0.5249 | Loss: inf | eps: 0.00 | P: 0.79 R: 1.00 F1: 0.87
2026-05-07 08:04:46 | DEBUG   | dpfl.core.base_simulator | Update norms — honest: ['0.04', '936096640.00', '28112003072.00', '0.04', '13002548969472.00'], attacker: ['nan', 'nan', 'nan', 'nan', 'nan']
2026-05-07 08:04:50 | INFO    | dpfl.core.base_simulator | Round  79/150 | Acc: 0.5443 | Loss: inf | eps: 0.00 | P: 0.90 R: 1.00 F1: 0.95
2026-05-07 08:04:50 | DEBUG   | dpfl.core.base_simulator | Update norms — honest: ['0.03', '643717440.00', '20721362944.00', '0.03', '14986078322688.00'], attacker: ['nan', 'nan', 'nan', 'nan', 'nan']
2026-05-07 08:04:53 | INFO    | dpfl.core.base_simulator | Round  80/150 | Acc: 0.5510 | Loss: inf | eps: 0.00 | P: 0.78 R: 1.00 F1: 0.86
2026-05-07 08:04:53 | DEBUG   | dpfl.core.base_simulator | Update norms — honest: ['0.02', '499729312.00', '25229963264.00', '0.03', '11099800862720.00'], attacker: ['nan', 'nan', 'nan', 'nan', 'nan']
2026-05-07 08:04:56 | INFO    | dpfl.core.base_simulator | Round  81/150 | Acc: 0.5631 | Loss: inf | eps: 0.00 | P: 0.77 R: 1.00 F1: 0.86
2026-05-07 08:04:56 | DEBUG   | dpfl.core.base_simulator | Update norms — honest: ['0.03', '479571872.00', '22582298624.00', '0.03', '9528411160576.00'], attacker: ['nan', 'nan', 'nan', 'nan', 'nan']
2026-05-07 08:05:00 | INFO    | dpfl.core.base_simulator | Round  82/150 | Acc: 0.5844 | Loss: inf | eps: 0.00 | P: 0.90 R: 1.00 F1: 0.94
2026-05-07 08:05:00 | DEBUG   | dpfl.core.base_simulator | Update norms — honest: ['0.03', '546033216.00', '19560880128.00', '0.02', '11051984748544.00'], attacker: ['nan', 'nan', 'nan', 'nan', 'nan']
2026-05-07 08:05:03 | INFO    | dpfl.core.base_simulator | Round  83/150 | Acc: 0.5958 | Loss: inf | eps: 0.00 | P: 0.89 R: 1.00 F1: 0.94
2026-05-07 08:05:03 | DEBUG   | dpfl.core.base_simulator | Update norms — honest: ['0.02', '601995776.00', '25690089472.00', '0.02', '8784186441728.00'], attacker: ['nan', 'nan', 'nan', 'nan', 'nan']
2026-05-07 08:05:07 | INFO    | dpfl.core.base_simulator | Round  84/150 | Acc: 0.5966 | Loss: inf | eps: 0.00 | P: 0.84 R: 1.00 F1: 0.91
2026-05-07 08:05:07 | DEBUG   | dpfl.core.base_simulator | Update norms — honest: ['0.03', '742640064.00', '20785229824.00', '0.03', '8905689137152.00'], attacker: ['nan', 'nan', 'nan', 'nan', 'nan']
2026-05-07 08:05:10 | INFO    | dpfl.core.base_simulator | Round  85/150 | Acc: 0.6132 | Loss: inf | eps: 0.00 | P: 0.92 R: 1.00 F1: 0.96
2026-05-07 08:05:10 | DEBUG   | dpfl.core.base_simulator | Update norms — honest: ['0.02', '581168832.00', '19350370304.00', '0.02', '8250576076800.00'], attacker: ['nan', 'nan', 'nan', 'nan', 'nan']
2026-05-07 08:05:14 | INFO    | dpfl.core.base_simulator | Round  86/150 | Acc: 0.6144 | Loss: inf | eps: 0.00 | P: 0.86 R: 1.00 F1: 0.91
2026-05-07 08:05:14 | DEBUG   | dpfl.core.base_simulator | Update norms — honest: ['0.03', '426458656.00', '23588497408.00', '0.03', '6574169915392.00'], attacker: ['nan', 'nan', 'nan', 'nan', 'nan']
2026-05-07 08:05:17 | INFO    | dpfl.core.base_simulator | Round  87/150 | Acc: 0.6274 | Loss: inf | eps: 0.00 | P: 0.76 R: 1.00 F1: 0.86
2026-05-07 08:05:17 | DEBUG   | dpfl.core.base_simulator | Update norms — honest: ['0.03', '455848000.00', '21311391744.00', '0.03', '8446863736832.00'], attacker: ['nan', 'nan', 'nan', 'nan', 'nan']
2026-05-07 08:05:20 | INFO    | dpfl.core.base_simulator | Round  88/150 | Acc: 0.6296 | Loss: inf | eps: 0.00 | P: 0.82 R: 1.00 F1: 0.89
2026-05-07 08:05:20 | DEBUG   | dpfl.core.base_simulator | Update norms — honest: ['0.03', '435755616.00', '19676473344.00', '0.02', '8149972549632.00'], attacker: ['nan', 'nan', 'nan', 'nan', 'nan']
2026-05-07 08:05:24 | INFO    | dpfl.core.base_simulator | Round  89/150 | Acc: 0.6388 | Loss: inf | eps: 0.00 | P: 0.79 R: 1.00 F1: 0.84
2026-05-07 08:05:24 | DEBUG   | dpfl.core.base_simulator | Update norms — honest: ['0.03', '361222720.00', '20281663488.00', '0.02', '6940969664512.00'], attacker: ['nan', 'nan', 'nan', 'nan', 'nan']
2026-05-07 08:05:27 | INFO    | dpfl.core.base_simulator | Round  90/150 | Acc: 0.6412 | Loss: inf | eps: 0.00 | P: 0.81 R: 1.00 F1: 0.88
2026-05-07 08:05:27 | DEBUG   | dpfl.core.base_simulator | Update norms — honest: ['0.02', '263737136.00', '17159687168.00', '0.03', '5847935614976.00'], attacker: ['nan', 'nan', 'nan', 'nan', 'nan']
2026-05-07 08:05:31 | INFO    | dpfl.core.base_simulator | Round  91/150 | Acc: 0.6474 | Loss: inf | eps: 0.00 | P: 0.71 R: 1.00 F1: 0.81
2026-05-07 08:05:31 | DEBUG   | dpfl.core.base_simulator | Update norms — honest: ['0.03', '294327904.00', '17192060928.00', '0.03', '4386860040192.00'], attacker: ['nan', 'nan', 'nan', 'nan', 'nan']
2026-05-07 08:05:34 | INFO    | dpfl.core.base_simulator | Round  92/150 | Acc: 0.6544 | Loss: inf | eps: 0.00 | P: 0.79 R: 1.00 F1: 0.87
2026-05-07 08:05:34 | DEBUG   | dpfl.core.base_simulator | Update norms — honest: ['0.03', '359199584.00', '13907102720.00', '0.02', '7036681584640.00'], attacker: ['nan', 'nan', 'nan', 'nan', 'nan']
2026-05-07 08:05:38 | INFO    | dpfl.core.base_simulator | Round  93/150 | Acc: 0.6560 | Loss: inf | eps: 0.00 | P: 0.85 R: 1.00 F1: 0.91
2026-05-07 08:05:38 | DEBUG   | dpfl.core.base_simulator | Update norms — honest: ['0.03', '279762880.00', '14440654848.00', '0.02', '6878518050816.00'], attacker: ['nan', 'nan', 'nan', 'nan', 'nan']
2026-05-07 08:05:41 | INFO    | dpfl.core.base_simulator | Round  94/150 | Acc: 0.6654 | Loss: inf | eps: 0.00 | P: 0.73 R: 1.00 F1: 0.82
2026-05-07 08:05:41 | DEBUG   | dpfl.core.base_simulator | Update norms — honest: ['0.03', '363823584.00', '12902895616.00', '0.03', '4082465505280.00'], attacker: ['nan', 'nan', 'nan', 'nan', 'nan']
2026-05-07 08:05:45 | INFO    | dpfl.core.base_simulator | Round  95/150 | Acc: 0.6650 | Loss: inf | eps: 0.00 | P: 0.88 R: 1.00 F1: 0.94
2026-05-07 08:05:45 | DEBUG   | dpfl.core.base_simulator | Update norms — honest: ['0.03', '705939904.00', '25674475520.00', '0.03', '4118887530496.00'], attacker: ['nan', 'nan', 'nan', 'nan', 'nan']
2026-05-07 08:05:48 | INFO    | dpfl.core.base_simulator | Round  96/150 | Acc: 0.6714 | Loss: inf | eps: 0.00 | P: 0.73 R: 1.00 F1: 0.81
2026-05-07 08:05:48 | DEBUG   | dpfl.core.base_simulator | Update norms — honest: ['0.04', '699932992.00', '28266827776.00', '0.03', '4519763640320.00'], attacker: ['nan', 'nan', 'nan', 'nan', 'nan']
2026-05-07 08:05:52 | INFO    | dpfl.core.base_simulator | Round  97/150 | Acc: 0.6705 | Loss: inf | eps: 0.00 | P: 0.80 R: 1.00 F1: 0.85
2026-05-07 08:05:52 | DEBUG   | dpfl.core.base_simulator | Update norms — honest: ['0.03', '387321344.00', '16933246976.00', '0.04', '5368261378048.00'], attacker: ['nan', 'nan', 'nan', 'nan', 'nan']
2026-05-07 08:05:56 | INFO    | dpfl.core.base_simulator | Round  98/150 | Acc: 0.6747 | Loss: inf | eps: 0.00 | P: 0.80 R: 1.00 F1: 0.87
2026-05-07 08:05:56 | DEBUG   | dpfl.core.base_simulator | Update norms — honest: ['0.03', '225015392.00', '10985116672.00', '0.03', '4597515026432.00'], attacker: ['nan', 'nan', 'nan', 'nan', 'nan']
2026-05-07 08:05:59 | INFO    | dpfl.core.base_simulator | Round  99/150 | Acc: 0.6826 | Loss: inf | eps: 0.00 | P: 0.83 R: 1.00 F1: 0.89
2026-05-07 08:05:59 | DEBUG   | dpfl.core.base_simulator | Update norms — honest: ['0.03', '279787328.00', '20141500416.00', '0.03', '3398614646784.00'], attacker: ['nan', 'nan', 'nan', 'nan', 'nan']
2026-05-07 08:06:03 | INFO    | dpfl.core.base_simulator | Round 100/150 | Acc: 0.6833 | Loss: inf | eps: 0.00 | P: 0.86 R: 1.00 F1: 0.92
2026-05-07 08:06:03 | DEBUG   | dpfl.core.base_simulator | Update norms — honest: ['0.02', '252392752.00', '12712765440.00', '0.02', '4100496818176.00'], attacker: ['nan', 'nan', 'nan', 'nan', 'nan']
2026-05-07 08:06:06 | INFO    | dpfl.core.base_simulator | Round 101/150 | Acc: 0.6863 | Loss: inf | eps: 0.00 | P: 0.77 R: 1.00 F1: 0.86
2026-05-07 08:06:06 | DEBUG   | dpfl.core.base_simulator | Update norms — honest: ['0.03', '213302720.00', '13334249472.00', '0.03', '4005990760448.00'], attacker: ['nan', 'nan', 'nan', 'nan', 'nan']
2026-05-07 08:06:10 | INFO    | dpfl.core.base_simulator | Round 102/150 | Acc: 0.6871 | Loss: inf | eps: 0.00 | P: 0.74 R: 1.00 F1: 0.82
2026-05-07 08:06:10 | DEBUG   | dpfl.core.base_simulator | Update norms — honest: ['0.02', '231597888.00', '11653366784.00', '0.02', '3697019191296.00'], attacker: ['nan', 'nan', 'nan', 'nan', 'nan']
2026-05-07 08:06:13 | INFO    | dpfl.core.base_simulator | Round 103/150 | Acc: 0.6885 | Loss: inf | eps: 0.00 | P: 0.80 R: 1.00 F1: 0.88
2026-05-07 08:06:13 | DEBUG   | dpfl.core.base_simulator | Update norms — honest: ['0.02', '347484704.00', '12095873024.00', '0.02', '3300995891200.00'], attacker: ['nan', 'nan', 'nan', 'nan', 'nan']
2026-05-07 08:06:17 | INFO    | dpfl.core.base_simulator | Round 104/150 | Acc: 0.6901 | Loss: inf | eps: 0.00 | P: 0.80 R: 1.00 F1: 0.87
2026-05-07 08:06:17 | DEBUG   | dpfl.core.base_simulator | Update norms — honest: ['0.02', '410228000.00', '17862950912.00', '0.02', '4677886279680.00'], attacker: ['nan', 'nan', 'nan', 'nan', 'nan']
2026-05-07 08:06:20 | INFO    | dpfl.core.base_simulator | Round 105/150 | Acc: 0.6950 | Loss: inf | eps: 0.00 | P: 0.90 R: 1.00 F1: 0.95
2026-05-07 08:06:20 | DEBUG   | dpfl.core.base_simulator | Update norms — honest: ['0.02', '356094432.00', '15444038656.00', '0.02', '3958433906688.00'], attacker: ['nan', 'nan', 'nan', 'nan', 'nan']
2026-05-07 08:06:24 | INFO    | dpfl.core.base_simulator | Round 106/150 | Acc: 0.6994 | Loss: inf | eps: 0.00 | P: 0.93 R: 1.00 F1: 0.96
2026-05-07 08:06:24 | DEBUG   | dpfl.core.base_simulator | Update norms — honest: ['0.03', '332269408.00', '10679288832.00', '0.02', '2682708295680.00'], attacker: ['nan', 'nan', 'nan', 'nan', 'nan']
2026-05-07 08:06:27 | INFO    | dpfl.core.base_simulator | Round 107/150 | Acc: 0.7007 | Loss: inf | eps: 0.00 | P: 0.79 R: 1.00 F1: 0.88
2026-05-07 08:06:27 | DEBUG   | dpfl.core.base_simulator | Update norms — honest: ['0.02', '397963264.00', '11999284224.00', '0.02', '2726356582400.00'], attacker: ['nan', 'nan', 'nan', 'nan', 'nan']
2026-05-07 08:06:31 | INFO    | dpfl.core.base_simulator | Round 108/150 | Acc: 0.6991 | Loss: inf | eps: 0.00 | P: 0.72 R: 1.00 F1: 0.82
2026-05-07 08:06:31 | DEBUG   | dpfl.core.base_simulator | Update norms — honest: ['0.03', '298444800.00', '11888134144.00', '0.03', '4101877792768.00'], attacker: ['nan', 'nan', 'nan', 'nan', 'nan']
2026-05-07 08:06:34 | INFO    | dpfl.core.base_simulator | Round 109/150 | Acc: 0.7016 | Loss: inf | eps: 0.00 | P: 0.97 R: 1.00 F1: 0.98
2026-05-07 08:06:34 | DEBUG   | dpfl.core.base_simulator | Update norms — honest: ['0.03', '275395584.00', '11737456640.00', '0.03', '4038938853376.00'], attacker: ['nan', 'nan', 'nan', 'nan', 'nan']
2026-05-07 08:06:38 | INFO    | dpfl.core.base_simulator | Round 110/150 | Acc: 0.7059 | Loss: inf | eps: 0.00 | P: 0.75 R: 1.00 F1: 0.85
2026-05-07 08:06:38 | DEBUG   | dpfl.core.base_simulator | Update norms — honest: ['0.02', '361375840.00', '17853687808.00', '0.03', '2376995962880.00'], attacker: ['nan', 'nan', 'nan', 'nan', 'nan']
2026-05-07 08:06:41 | INFO    | dpfl.core.base_simulator | Round 111/150 | Acc: 0.7086 | Loss: inf | eps: 0.00 | P: 0.84 R: 1.00 F1: 0.91
2026-05-07 08:06:41 | DEBUG   | dpfl.core.base_simulator | Update norms — honest: ['0.03', '261976688.00', '20446380032.00', '0.03', '2245010391040.00'], attacker: ['nan', 'nan', 'nan', 'nan', 'nan']
2026-05-07 08:06:45 | INFO    | dpfl.core.base_simulator | Round 112/150 | Acc: 0.7085 | Loss: inf | eps: 0.00 | P: 0.78 R: 1.00 F1: 0.85
2026-05-07 08:06:45 | DEBUG   | dpfl.core.base_simulator | Update norms — honest: ['0.02', '248749632.00', '11738082304.00', '0.03', '2414310064128.00'], attacker: ['nan', 'nan', 'nan', 'nan', 'nan']
2026-05-07 08:06:48 | INFO    | dpfl.core.base_simulator | Round 113/150 | Acc: 0.7100 | Loss: inf | eps: 0.00 | P: 0.91 R: 1.00 F1: 0.95
2026-05-07 08:06:48 | DEBUG   | dpfl.core.base_simulator | Update norms — honest: ['0.03', '306494752.00', '16565583872.00', '0.03', '2608739647488.00'], attacker: ['nan', 'nan', 'nan', 'nan', 'nan']
2026-05-07 08:06:52 | INFO    | dpfl.core.base_simulator | Round 114/150 | Acc: 0.7123 | Loss: inf | eps: 0.00 | P: 0.69 R: 1.00 F1: 0.80
2026-05-07 08:06:52 | DEBUG   | dpfl.core.base_simulator | Update norms — honest: ['0.03', '175824304.00', '15113734144.00', '0.02', '3051637178368.00'], attacker: ['nan', 'nan', 'nan', 'nan', 'nan']
2026-05-07 08:06:55 | INFO    | dpfl.core.base_simulator | Round 115/150 | Acc: 0.7081 | Loss: inf | eps: 0.00 | P: 0.84 R: 1.00 F1: 0.91
2026-05-07 08:06:55 | DEBUG   | dpfl.core.base_simulator | Update norms — honest: ['0.02', '292540800.00', '10455666688.00', '0.02', '2434146500608.00'], attacker: ['nan', 'nan', 'nan', 'nan', 'nan']
2026-05-07 08:06:59 | INFO    | dpfl.core.base_simulator | Round 116/150 | Acc: 0.7138 | Loss: inf | eps: 0.00 | P: 0.85 R: 1.00 F1: 0.91
2026-05-07 08:06:59 | DEBUG   | dpfl.core.base_simulator | Update norms — honest: ['0.03', '254808464.00', '12315006976.00', '0.03', '3039593496576.00'], attacker: ['nan', 'nan', 'nan', 'nan', 'nan']
2026-05-07 08:07:02 | INFO    | dpfl.core.base_simulator | Round 117/150 | Acc: 0.7138 | Loss: inf | eps: 0.00 | P: 0.76 R: 1.00 F1: 0.86
2026-05-07 08:07:02 | DEBUG   | dpfl.core.base_simulator | Update norms — honest: ['0.02', '211446912.00', '13226274816.00', '0.03', '3558261391360.00'], attacker: ['nan', 'nan', 'nan', 'nan', 'nan']
2026-05-07 08:07:06 | INFO    | dpfl.core.base_simulator | Round 118/150 | Acc: 0.7185 | Loss: inf | eps: 0.00 | P: 0.93 R: 1.00 F1: 0.96
2026-05-07 08:07:06 | DEBUG   | dpfl.core.base_simulator | Update norms — honest: ['0.03', '184784512.00', '13452217344.00', '0.04', '4776059731968.00'], attacker: ['nan', 'nan', 'nan', 'nan', 'nan']
2026-05-07 08:07:09 | INFO    | dpfl.core.base_simulator | Round 119/150 | Acc: 0.7221 | Loss: inf | eps: 0.00 | P: 0.75 R: 1.00 F1: 0.85
2026-05-07 08:07:09 | DEBUG   | dpfl.core.base_simulator | Update norms — honest: ['0.03', '210708384.00', '10806659072.00', '0.03', '4849635688448.00'], attacker: ['nan', 'nan', 'nan', 'nan', 'nan']
2026-05-07 08:07:13 | INFO    | dpfl.core.base_simulator | Round 120/150 | Acc: 0.7197 | Loss: inf | eps: 0.00 | P: 0.78 R: 1.00 F1: 0.86
2026-05-07 08:07:13 | DEBUG   | dpfl.core.base_simulator | Update norms — honest: ['0.03', '197845248.00', '8582019584.00', '0.03', '2691393388544.00'], attacker: ['nan', 'nan', 'nan', 'nan', 'nan']
2026-05-07 08:07:17 | INFO    | dpfl.core.base_simulator | Round 121/150 | Acc: 0.7175 | Loss: inf | eps: 0.00 | P: 0.74 R: 1.00 F1: 0.83
2026-05-07 08:07:17 | DEBUG   | dpfl.core.base_simulator | Update norms — honest: ['0.03', '309895648.00', '9825375232.00', '0.03', '2998332555264.00'], attacker: ['nan', 'nan', 'nan', 'nan', 'nan']
2026-05-07 08:07:20 | INFO    | dpfl.core.base_simulator | Round 122/150 | Acc: 0.7213 | Loss: inf | eps: 0.00 | P: 0.85 R: 1.00 F1: 0.91
2026-05-07 08:07:20 | DEBUG   | dpfl.core.base_simulator | Update norms — honest: ['0.03', '243432960.00', '7504432128.00', '0.03', '2724899848192.00'], attacker: ['nan', 'nan', 'nan', 'nan', 'nan']
2026-05-07 08:07:24 | INFO    | dpfl.core.base_simulator | Round 123/150 | Acc: 0.7217 | Loss: inf | eps: 0.00 | P: 0.81 R: 1.00 F1: 0.87
2026-05-07 08:07:24 | DEBUG   | dpfl.core.base_simulator | Update norms — honest: ['0.03', '124564528.00', '10180896768.00', '0.02', '3133382066176.00'], attacker: ['nan', 'nan', 'nan', 'nan', 'nan']
2026-05-07 08:07:27 | INFO    | dpfl.core.base_simulator | Round 124/150 | Acc: 0.7243 | Loss: inf | eps: 0.00 | P: 0.82 R: 1.00 F1: 0.88
2026-05-07 08:07:27 | DEBUG   | dpfl.core.base_simulator | Update norms — honest: ['0.02', '143342224.00', '14040860672.00', '0.02', '2329866403840.00'], attacker: ['nan', 'nan', 'nan', 'nan', 'nan']
2026-05-07 08:07:30 | INFO    | dpfl.core.base_simulator | Round 125/150 | Acc: 0.7249 | Loss: inf | eps: 0.00 | P: 0.88 R: 1.00 F1: 0.93
2026-05-07 08:07:30 | DEBUG   | dpfl.core.base_simulator | Update norms — honest: ['0.02', '213742464.00', '16839035904.00', '0.02', '2853150916608.00'], attacker: ['nan', 'nan', 'nan', 'nan', 'nan']
2026-05-07 08:07:34 | INFO    | dpfl.core.base_simulator | Round 126/150 | Acc: 0.7216 | Loss: inf | eps: 0.00 | P: 0.91 R: 1.00 F1: 0.95
2026-05-07 08:07:34 | DEBUG   | dpfl.core.base_simulator | Update norms — honest: ['0.02', '222071216.00', '8178799616.00', '0.03', '2938507886592.00'], attacker: ['nan', 'nan', 'nan', 'nan', 'nan']
2026-05-07 08:07:37 | INFO    | dpfl.core.base_simulator | Round 127/150 | Acc: 0.7264 | Loss: inf | eps: 0.00 | P: 0.88 R: 1.00 F1: 0.93
2026-05-07 08:07:37 | DEBUG   | dpfl.core.base_simulator | Update norms — honest: ['0.03', '211799376.00', '12246947840.00', '0.02', '2851419717632.00'], attacker: ['nan', 'nan', 'nan', 'nan', 'nan']
2026-05-07 08:07:41 | INFO    | dpfl.core.base_simulator | Round 128/150 | Acc: 0.7249 | Loss: inf | eps: 0.00 | P: 0.80 R: 1.00 F1: 0.87
2026-05-07 08:07:41 | DEBUG   | dpfl.core.base_simulator | Update norms — honest: ['0.02', '169364976.00', '9923677184.00', '0.02', '2030942945280.00'], attacker: ['nan', 'nan', 'nan', 'nan', 'nan']
2026-05-07 08:07:44 | INFO    | dpfl.core.base_simulator | Round 129/150 | Acc: 0.7303 | Loss: inf | eps: 0.00 | P: 0.77 R: 1.00 F1: 0.84
2026-05-07 08:07:44 | DEBUG   | dpfl.core.base_simulator | Update norms — honest: ['0.03', '157137328.00', '12868772864.00', '0.02', '2306703360000.00'], attacker: ['nan', 'nan', 'nan', 'nan', 'nan']
2026-05-07 08:07:48 | INFO    | dpfl.core.base_simulator | Round 130/150 | Acc: 0.7253 | Loss: inf | eps: 0.00 | P: 0.77 R: 1.00 F1: 0.85
2026-05-07 08:07:48 | DEBUG   | dpfl.core.base_simulator | Update norms — honest: ['0.03', '284291616.00', '10154661888.00', '0.02', '2435925671936.00'], attacker: ['nan', 'nan', 'nan', 'nan', 'nan']
2026-05-07 08:07:51 | INFO    | dpfl.core.base_simulator | Round 131/150 | Acc: 0.7243 | Loss: inf | eps: 0.00 | P: 0.84 R: 1.00 F1: 0.91
2026-05-07 08:07:51 | DEBUG   | dpfl.core.base_simulator | Update norms — honest: ['0.02', '257133120.00', '13343294464.00', '0.02', '2623147868160.00'], attacker: ['nan', 'nan', 'nan', 'nan', 'nan']
2026-05-07 08:07:54 | INFO    | dpfl.core.base_simulator | Round 132/150 | Acc: 0.7326 | Loss: inf | eps: 0.00 | P: 0.80 R: 1.00 F1: 0.87
2026-05-07 08:07:54 | DEBUG   | dpfl.core.base_simulator | Update norms — honest: ['0.03', '149660144.00', '9912732672.00', '0.02', '2883623321600.00'], attacker: ['nan', 'nan', 'nan', 'nan', 'nan']
2026-05-07 08:07:58 | INFO    | dpfl.core.base_simulator | Round 133/150 | Acc: 0.7254 | Loss: inf | eps: 0.00 | P: 0.72 R: 1.00 F1: 0.83
2026-05-07 08:07:58 | DEBUG   | dpfl.core.base_simulator | Update norms — honest: ['0.03', '226430224.00', '9343480832.00', '0.03', '2930892603392.00'], attacker: ['nan', 'nan', 'nan', 'nan', 'nan']
2026-05-07 08:08:01 | INFO    | dpfl.core.base_simulator | Round 134/150 | Acc: 0.7302 | Loss: inf | eps: 0.00 | P: 0.79 R: 1.00 F1: 0.87
2026-05-07 08:08:01 | DEBUG   | dpfl.core.base_simulator | Update norms — honest: ['0.03', '190178848.00', '17406420992.00', '0.03', '1805031964672.00'], attacker: ['nan', 'nan', 'nan', 'nan', 'nan']
2026-05-07 08:08:05 | INFO    | dpfl.core.base_simulator | Round 135/150 | Acc: 0.7339 | Loss: inf | eps: 0.00 | P: 0.87 R: 1.00 F1: 0.93
2026-05-07 08:08:05 | DEBUG   | dpfl.core.base_simulator | Update norms — honest: ['0.02', '344571040.00', '14266206208.00', '0.02', '1861188190208.00'], attacker: ['nan', 'nan', 'nan', 'nan', 'nan']
2026-05-07 08:08:09 | INFO    | dpfl.core.base_simulator | Round 136/150 | Acc: 0.7319 | Loss: inf | eps: 0.00 | P: 0.69 R: 1.00 F1: 0.79
2026-05-07 08:08:09 | DEBUG   | dpfl.core.base_simulator | Update norms — honest: ['0.02', '340238496.00', '7901289984.00', '0.02', '1959273431040.00'], attacker: ['nan', 'nan', 'nan', 'nan', 'nan']
2026-05-07 08:08:12 | INFO    | dpfl.core.base_simulator | Round 137/150 | Acc: 0.7341 | Loss: inf | eps: 0.00 | P: 0.94 R: 1.00 F1: 0.97
2026-05-07 08:08:12 | DEBUG   | dpfl.core.base_simulator | Update norms — honest: ['0.02', '146655360.00', '11441601536.00', '0.02', '1997163855872.00'], attacker: ['nan', 'nan', 'nan', 'nan', 'nan']
2026-05-07 08:08:15 | INFO    | dpfl.core.base_simulator | Round 138/150 | Acc: 0.7346 | Loss: inf | eps: 0.00 | P: 0.81 R: 1.00 F1: 0.87
2026-05-07 08:08:15 | DEBUG   | dpfl.core.base_simulator | Update norms — honest: ['0.02', '165214848.00', '11516942336.00', '0.02', '5212580347904.00'], attacker: ['nan', 'nan', 'nan', 'nan', 'nan']
2026-05-07 08:08:19 | INFO    | dpfl.core.base_simulator | Round 139/150 | Acc: 0.7355 | Loss: inf | eps: 0.00 | P: 0.84 R: 1.00 F1: 0.90
2026-05-07 08:08:19 | DEBUG   | dpfl.core.base_simulator | Update norms — honest: ['0.03', '153793744.00', '11960273920.00', '0.02', '5475629793280.00'], attacker: ['nan', 'nan', 'nan', 'nan', 'nan']
2026-05-07 08:08:22 | INFO    | dpfl.core.base_simulator | Round 140/150 | Acc: 0.7349 | Loss: inf | eps: 0.00 | P: 0.78 R: 1.00 F1: 0.86
2026-05-07 08:08:22 | DEBUG   | dpfl.core.base_simulator | Update norms — honest: ['0.03', '197714928.00', '6305505792.00', '0.02', '1720601673728.00'], attacker: ['nan', 'nan', 'nan', 'nan', 'nan']
2026-05-07 08:08:26 | INFO    | dpfl.core.base_simulator | Round 141/150 | Acc: 0.7343 | Loss: inf | eps: 0.00 | P: 0.94 R: 1.00 F1: 0.97
2026-05-07 08:08:26 | DEBUG   | dpfl.core.base_simulator | Update norms — honest: ['0.03', '196794576.00', '7972436480.00', '0.03', '1798268256256.00'], attacker: ['nan', 'nan', 'nan', 'nan', 'nan']
2026-05-07 08:08:29 | INFO    | dpfl.core.base_simulator | Round 142/150 | Acc: 0.7335 | Loss: inf | eps: 0.00 | P: 0.58 R: 1.00 F1: 0.71
2026-05-07 08:08:29 | DEBUG   | dpfl.core.base_simulator | Update norms — honest: ['0.02', '171011776.00', '9944599552.00', '0.02', '1087527321600.00'], attacker: ['nan', 'nan', 'nan', 'nan', 'nan']
2026-05-07 08:08:33 | INFO    | dpfl.core.base_simulator | Round 143/150 | Acc: 0.7378 | Loss: inf | eps: 0.00 | P: 0.76 R: 1.00 F1: 0.85
2026-05-07 08:08:33 | DEBUG   | dpfl.core.base_simulator | Update norms — honest: ['0.02', '120588456.00', '11150446592.00', '0.02', '1449830383616.00'], attacker: ['nan', 'nan', 'nan', 'nan', 'nan']
2026-05-07 08:08:36 | INFO    | dpfl.core.base_simulator | Round 144/150 | Acc: 0.7367 | Loss: inf | eps: 0.00 | P: 0.76 R: 1.00 F1: 0.84
2026-05-07 08:08:36 | DEBUG   | dpfl.core.base_simulator | Update norms — honest: ['0.02', '118287512.00', '7736894464.00', '0.02', '1263845900288.00'], attacker: ['nan', 'nan', 'nan', 'nan', 'nan']
2026-05-07 08:08:40 | INFO    | dpfl.core.base_simulator | Round 145/150 | Acc: 0.7345 | Loss: inf | eps: 0.00 | P: 0.86 R: 1.00 F1: 0.92
2026-05-07 08:08:40 | DEBUG   | dpfl.core.base_simulator | Update norms — honest: ['0.02', '185436784.00', '9241744384.00', '0.02', '1256053014528.00'], attacker: ['nan', 'nan', 'nan', 'nan', 'nan']
2026-05-07 08:08:43 | INFO    | dpfl.core.base_simulator | Round 146/150 | Acc: 0.7372 | Loss: inf | eps: 0.00 | P: 0.79 R: 1.00 F1: 0.87
2026-05-07 08:08:43 | DEBUG   | dpfl.core.base_simulator | Update norms — honest: ['0.02', '144984688.00', '8422368256.00', '0.02', '3480432672768.00'], attacker: ['nan', 'nan', 'nan', 'nan', 'nan']
2026-05-07 08:08:47 | INFO    | dpfl.core.base_simulator | Round 147/150 | Acc: 0.7366 | Loss: inf | eps: 0.00 | P: 0.85 R: 1.00 F1: 0.91
2026-05-07 08:08:47 | DEBUG   | dpfl.core.base_simulator | Update norms — honest: ['0.02', '242944704.00', '8935920640.00', '0.02', '3020570755072.00'], attacker: ['nan', 'nan', 'nan', 'nan', 'nan']
2026-05-07 08:08:50 | INFO    | dpfl.core.base_simulator | Round 148/150 | Acc: 0.7379 | Loss: inf | eps: 0.00 | P: 0.77 R: 1.00 F1: 0.86
2026-05-07 08:08:50 | DEBUG   | dpfl.core.base_simulator | Update norms — honest: ['0.03', '143873968.00', '21410979840.00', '0.02', '1962131456000.00'], attacker: ['nan', 'nan', 'nan', 'nan', 'nan']
2026-05-07 08:08:54 | INFO    | dpfl.core.base_simulator | Round 149/150 | Acc: 0.7387 | Loss: inf | eps: 0.00 | P: 0.91 R: 1.00 F1: 0.95
2026-05-07 08:08:54 | DEBUG   | dpfl.core.base_simulator | Update norms — honest: ['0.02', '169110944.00', '23965644800.00', '0.02', '1368262049792.00'], attacker: ['nan', 'nan', 'nan', 'nan', 'nan']
2026-05-07 08:08:58 | INFO    | dpfl.core.base_simulator | Round 150/150 | Acc: 0.7411 | Loss: inf | eps: 0.00 | P: 0.85 R: 1.00 F1: 0.92
2026-05-07 08:08:58 | DEBUG   | dpfl.core.base_simulator | Update norms — honest: ['0.02', '129502904.00', '14120947712.00', '0.02', '1157036376064.00'], attacker: ['nan', 'nan', 'nan', 'nan', 'nan']
2026-05-07 08:08:59 | INFO    | dpfl | Experiment complete in 557.1s
============================================================
REPORT: DP-SGD Decentralized Federated Learning
============================================================
Timestamp:                  20260507_075940
Rounds completed:           150
Attack-active rounds:       100  (from round 50)
Final accuracy:             0.7411
Final test loss:            inf
Final epsilon:              0.00
Best alpha:                 None
Avg precision:              0.8175
Avg recall:                 0.9936
Avg F1 score:               0.8839
Avg update norm (honest):   1995204841817998.0000
Avg update norm (attacker): nan
============================================================
