2026-05-05 11:43:47 | INFO    | dpfl | Experiment start: algorithm=noise_game, dataset=mnist, model=mlp, device=cuda
2026-05-05 11:43:47 | INFO    | dpfl | Config: nodes=500, attackers=300, rounds=150, noise_mode=none, attack=scale
2026-05-05 11:43:47 | INFO    | dpfl.data.mnist_dataset | Loading MNIST dataset...
2026-05-05 11:43:47 | INFO    | dpfl.data.mnist_dataset | MNIST loaded: 60000 train, 10000 test samples
2026-05-05 11:44:32 | INFO    | dpfl.core.base_simulator | Vectorized state ready: param_spec.D=50890, X_test=(10000, 1, 28, 28), train clients N=500, max_n_samples=1000
2026-05-05 11:44:32 | INFO    | dpfl.core.base_simulator | Setup complete: 500 nodes (300 attackers), param_dim=50890, split=iid
2026-05-05 11:44:32 | DEBUG   | dpfl.core.base_simulator | Attacker IDs: {0, 1, 2, 3, 4, 5, 6, 7, 8, 9, 10, 11, 12, 13, 14, 15, 16, 17, 18, 19, 20, 21, 22, 23, 24, 25, 26, 27, 28, 29, 30, 31, 32, 33, 34, 35, 36, 37, 38, 39, 40, 41, 42, 43, 44, 45, 46, 47, 48, 49, 50, 51, 52, 53, 54, 55, 56, 57, 58, 59, 60, 61, 62, 63, 64, 65, 66, 67, 68, 69, 70, 71, 72, 73, 74, 75, 76, 77, 78, 79, 80, 81, 82, 83, 84, 85, 86, 87, 88, 89, 90, 91, 92, 93, 94, 95, 96, 97, 98, 99, 100, 101, 102, 103, 104, 105, 106, 107, 108, 109, 110, 111, 112, 113, 114, 115, 116, 117, 118, 119, 120, 121, 122, 123, 124, 125, 126, 127, 128, 129, 130, 131, 132, 133, 134, 135, 136, 137, 138, 139, 140, 141, 142, 143, 144, 145, 146, 147, 148, 149, 150, 151, 152, 153, 154, 155, 156, 157, 158, 159, 160, 161, 162, 163, 164, 165, 166, 167, 168, 169, 170, 171, 172, 173, 174, 175, 176, 177, 178, 179, 180, 181, 182, 183, 184, 185, 186, 187, 188, 189, 190, 191, 192, 193, 194, 195, 196, 197, 198, 199, 200, 201, 202, 203, 204, 205, 206, 207, 208, 209, 210, 211, 212, 213, 214, 215, 216, 217, 218, 219, 220, 221, 222, 223, 224, 225, 226, 227, 228, 229, 230, 231, 232, 233, 234, 235, 236, 237, 238, 239, 240, 241, 242, 243, 244, 245, 246, 247, 248, 249, 250, 251, 252, 253, 254, 255, 256, 257, 258, 259, 260, 261, 262, 263, 264, 265, 266, 267, 268, 269, 270, 271, 272, 273, 274, 275, 276, 277, 278, 279, 280, 281, 282, 283, 284, 285, 286, 287, 288, 289, 290, 291, 292, 293, 294, 295, 296, 297, 298, 299}
2026-05-05 11:44:36 | INFO    | dpfl.core.base_simulator | Round   1/150 | Acc: 0.3808 | Loss: 2.0941 | eps_max: 1.91 eps_avg: 0.02 | P: 0.00 R: nan F1: nan
2026-05-05 11:44:36 | DEBUG   | dpfl.core.base_simulator | Update norms — honest: ['0.56', '0.57'], attacker: ['0.18', '0.18', '0.17', '0.18', '0.18']
2026-05-05 11:44:39 | INFO    | dpfl.core.base_simulator | Round   2/150 | Acc: 0.5613 | Loss: 1.8775 | eps_max: 1.93 eps_avg: 0.14 | P: 0.00 R: nan F1: nan
2026-05-05 11:44:39 | DEBUG   | dpfl.core.base_simulator | Update norms — honest: ['0.56', '0.56', '0.56', '0.56', '0.56'], attacker: ['0.18', '0.18', '0.18', '0.18', '0.18']
2026-05-05 11:44:43 | INFO    | dpfl.core.base_simulator | Round   3/150 | Acc: 0.6584 | Loss: 1.6590 | eps_max: 1.97 eps_avg: 0.22 | P: 0.00 R: nan F1: nan
2026-05-05 11:44:43 | DEBUG   | dpfl.core.base_simulator | Update norms — honest: ['0.55', '0.55', '0.55', '0.55', '0.55'], attacker: ['0.19', '0.18', '0.18', '0.19', '0.19']
2026-05-05 11:44:47 | INFO    | dpfl.core.base_simulator | Round   4/150 | Acc: 0.7174 | Loss: 1.4485 | eps_max: 2.04 eps_avg: 0.35 | P: 0.00 R: nan F1: nan
2026-05-05 11:44:47 | DEBUG   | dpfl.core.base_simulator | Update norms — honest: ['0.55', '0.54', '0.55', '0.54', '0.55'], attacker: ['0.18', '0.18', '0.18', '0.18', '0.18']
2026-05-05 11:44:50 | INFO    | dpfl.core.base_simulator | Round   5/150 | Acc: 0.7576 | Loss: 1.2655 | eps_max: 2.11 eps_avg: 0.44 | P: 0.00 R: nan F1: nan
2026-05-05 11:44:50 | DEBUG   | dpfl.core.base_simulator | Update norms — honest: ['0.54', '0.54', '0.54', '0.54', '0.54'], attacker: ['0.18', '0.17', '0.17', '0.17', '0.18']
2026-05-05 11:44:53 | INFO    | dpfl.core.base_simulator | Round   6/150 | Acc: 0.7842 | Loss: 1.1138 | eps_max: 2.24 eps_avg: 0.47 | P: 0.00 R: nan F1: nan
2026-05-05 11:44:53 | DEBUG   | dpfl.core.base_simulator | Update norms — honest: ['0.54', '0.98', '1.02', '0.54', '1.00'], attacker: ['0.17', '0.16', '0.16', '0.16', '0.17']
2026-05-05 11:44:57 | INFO    | dpfl.core.base_simulator | Round   7/150 | Acc: 0.8035 | Loss: 0.9899 | eps_max: 2.24 eps_avg: 0.53 | P: 0.00 R: nan F1: nan
2026-05-05 11:44:57 | DEBUG   | dpfl.core.base_simulator | Update norms — honest: ['1.01', '0.53', '0.95', '0.53', '0.53'], attacker: ['0.15', '0.15', '0.15', '0.15', '0.15']
2026-05-05 11:45:01 | INFO    | dpfl.core.base_simulator | Round   8/150 | Acc: 0.8175 | Loss: 0.8891 | eps_max: 2.24 eps_avg: 0.66 | P: 0.00 R: nan F1: nan
2026-05-05 11:45:01 | DEBUG   | dpfl.core.base_simulator | Update norms — honest: ['0.52', '0.91', '0.84', '0.52', '0.52'], attacker: ['0.14', '0.13', '0.14', '0.14', '0.14']
2026-05-05 11:45:04 | INFO    | dpfl.core.base_simulator | Round   9/150 | Acc: 0.8277 | Loss: 0.8103 | eps_max: 2.38 eps_avg: 0.79 | P: 0.00 R: nan F1: nan
2026-05-05 11:45:04 | DEBUG   | dpfl.core.base_simulator | Update norms — honest: ['0.52', '0.52', '0.93', '1.46', '0.52'], attacker: ['0.13', '0.12', '0.12', '0.12', '0.13']
2026-05-05 11:45:08 | INFO    | dpfl.core.base_simulator | Round  10/150 | Acc: 0.8353 | Loss: 0.7488 | eps_max: 2.38 eps_avg: 0.85 | P: 0.00 R: nan F1: nan
2026-05-05 11:45:08 | DEBUG   | dpfl.core.base_simulator | Update norms — honest: ['0.91', '0.52', '0.81', '0.51', '0.82'], attacker: ['0.12', '0.11', '0.12', '0.12', '0.12']
2026-05-05 11:45:12 | INFO    | dpfl.core.base_simulator | Round  11/150 | Acc: 0.8412 | Loss: 0.7002 | eps_max: 2.39 eps_avg: 0.96 | P: 0.00 R: nan F1: nan
2026-05-05 11:45:12 | DEBUG   | dpfl.core.base_simulator | Update norms — honest: ['0.51', '0.51', '0.94', '0.51', '0.51'], attacker: ['0.11', '0.10', '0.11', '0.11', '0.11']
2026-05-05 11:45:15 | INFO    | dpfl.core.base_simulator | Round  12/150 | Acc: 0.8466 | Loss: 0.6602 | eps_max: 2.42 eps_avg: 1.03 | P: 0.00 R: nan F1: nan
2026-05-05 11:45:15 | DEBUG   | dpfl.core.base_simulator | Update norms — honest: ['0.50', '0.87', '0.95', '0.50', '1.36'], attacker: ['0.10', '0.10', '0.10', '0.10', '0.10']
2026-05-05 11:45:19 | INFO    | dpfl.core.base_simulator | Round  13/150 | Acc: 0.8504 | Loss: 0.6286 | eps_max: 2.43 eps_avg: 1.07 | P: 0.00 R: nan F1: nan
2026-05-05 11:45:19 | DEBUG   | dpfl.core.base_simulator | Update norms — honest: ['1.40', '0.50', '1.57', '1.48', '0.93'], attacker: ['0.10', '0.09', '0.11', '0.10', '0.10']
2026-05-05 11:45:22 | INFO    | dpfl.core.base_simulator | Round  14/150 | Acc: 0.8538 | Loss: 0.6014 | eps_max: 2.46 eps_avg: 1.14 | P: 0.00 R: nan F1: nan
2026-05-05 11:45:22 | DEBUG   | dpfl.core.base_simulator | Update norms — honest: ['0.88', '0.94', '0.50', '0.49', '0.92'], attacker: ['0.12', '0.11', '0.12', '0.12', '0.11']
2026-05-05 11:45:26 | INFO    | dpfl.core.base_simulator | Round  15/150 | Acc: 0.8570 | Loss: 0.5788 | eps_max: 2.50 eps_avg: 1.19 | P: 0.00 R: nan F1: nan
2026-05-05 11:45:26 | DEBUG   | dpfl.core.base_simulator | Update norms — honest: ['0.82', '0.49', '1.91', '0.49', '0.49'], attacker: ['0.12', '0.11', '0.13', '0.13', '0.12']
2026-05-05 11:45:29 | INFO    | dpfl.core.base_simulator | Round  16/150 | Acc: 0.8592 | Loss: 0.5598 | eps_max: 2.53 eps_avg: 1.24 | P: 0.00 R: nan F1: nan
2026-05-05 11:45:29 | DEBUG   | dpfl.core.base_simulator | Update norms — honest: ['0.73', '0.88', '1.95', '1.40', '0.48'], attacker: ['0.14', '0.13', '0.15', '0.14', '0.14']
2026-05-05 11:45:33 | INFO    | dpfl.core.base_simulator | Round  17/150 | Acc: 0.8616 | Loss: 0.5430 | eps_max: 2.58 eps_avg: 1.29 | P: 0.00 R: nan F1: nan
2026-05-05 11:45:33 | DEBUG   | dpfl.core.base_simulator | Update norms — honest: ['0.89', '1.46', '1.74', '0.48', '1.35'], attacker: ['0.16', '0.16', '0.17', '0.16', '0.15']
2026-05-05 11:45:37 | INFO    | dpfl.core.base_simulator | Round  18/150 | Acc: 0.8635 | Loss: 0.5282 | eps_max: 2.63 eps_avg: 1.34 | P: 0.00 R: nan F1: nan
2026-05-05 11:45:37 | DEBUG   | dpfl.core.base_simulator | Update norms — honest: ['1.24', '1.70', '0.47', '0.89', '0.90'], attacker: ['0.17', '0.18', '0.21', '0.19', '0.18']
2026-05-05 11:45:40 | INFO    | dpfl.core.base_simulator | Round  19/150 | Acc: 0.8645 | Loss: 0.5174 | eps_max: 2.68 eps_avg: 1.44 | P: 0.00 R: nan F1: nan
2026-05-05 11:45:40 | DEBUG   | dpfl.core.base_simulator | Update norms — honest: ['0.47', '1.83', '0.47', '0.88', '0.47'], attacker: ['0.19', '0.20', '0.22', '0.21', '0.20']
2026-05-05 11:45:44 | INFO    | dpfl.core.base_simulator | Round  20/150 | Acc: 0.8663 | Loss: 0.5055 | eps_max: 2.74 eps_avg: 1.49 | P: 0.00 R: nan F1: nan
2026-05-05 11:45:44 | DEBUG   | dpfl.core.base_simulator | Update norms — honest: ['1.26', '1.76', '1.65', '1.09', '0.46'], attacker: ['0.21', '0.22', '0.25', '0.23', '0.23']
2026-05-05 11:45:48 | INFO    | dpfl.core.base_simulator | Round  21/150 | Acc: 0.8677 | Loss: 0.4954 | eps_max: 2.81 eps_avg: 1.55 | P: 0.00 R: nan F1: nan
2026-05-05 11:45:48 | DEBUG   | dpfl.core.base_simulator | Update norms — honest: ['0.46', '0.46', '1.90', '0.72', '0.71'], attacker: ['0.23', '0.25', '0.27', '0.26', '0.25']
2026-05-05 11:45:51 | INFO    | dpfl.core.base_simulator | Round  22/150 | Acc: 0.8701 | Loss: 0.4837 | eps_max: 2.87 eps_avg: 1.58 | P: 0.00 R: nan F1: nan
2026-05-05 11:45:51 | DEBUG   | dpfl.core.base_simulator | Update norms — honest: ['1.21', '0.87', '0.69', '1.17', '0.46'], attacker: ['0.26', '0.27', '0.30', '0.28', '0.29']
2026-05-05 11:45:55 | INFO    | dpfl.core.base_simulator | Round  23/150 | Acc: 0.8700 | Loss: 0.4788 | eps_max: 2.95 eps_avg: 1.61 | P: 0.00 R: nan F1: nan
2026-05-05 11:45:55 | DEBUG   | dpfl.core.base_simulator | Update norms — honest: ['0.85', '1.62', '2.16', '0.79', '0.84'], attacker: ['0.28', '0.30', '0.32', '0.31', '0.31']
2026-05-05 11:45:58 | INFO    | dpfl.core.base_simulator | Round  24/150 | Acc: 0.8714 | Loss: 0.4708 | eps_max: 3.02 eps_avg: 1.65 | P: 0.00 R: nan F1: nan
2026-05-05 11:45:58 | DEBUG   | dpfl.core.base_simulator | Update norms — honest: ['2.19', '0.50', '1.28', '1.36', '0.45'], attacker: ['0.30', '0.31', '0.34', '0.32', '0.31']
2026-05-05 11:46:02 | INFO    | dpfl.core.base_simulator | Round  25/150 | Acc: 0.8724 | Loss: 0.4636 | eps_max: 3.10 eps_avg: 1.68 | P: 0.00 R: nan F1: nan
2026-05-05 11:46:02 | DEBUG   | dpfl.core.base_simulator | Update norms — honest: ['2.28', '1.19', '0.44', '0.79', '0.84'], attacker: ['0.32', '0.34', '0.36', '0.35', '0.34']
2026-05-05 11:46:05 | INFO    | dpfl.core.base_simulator | Round  26/150 | Acc: 0.8741 | Loss: 0.4557 | eps_max: 3.18 eps_avg: 1.75 | P: 0.00 R: nan F1: nan
2026-05-05 11:46:05 | DEBUG   | dpfl.core.base_simulator | Update norms — honest: ['0.44', '0.73', '0.81', '1.25', '0.44'], attacker: ['0.34', '0.35', '0.37', '0.36', '0.35']
2026-05-05 11:46:09 | INFO    | dpfl.core.base_simulator | Round  27/150 | Acc: 0.8742 | Loss: 0.4519 | eps_max: 3.27 eps_avg: 1.78 | P: 0.00 R: nan F1: nan
2026-05-05 11:46:09 | DEBUG   | dpfl.core.base_simulator | Update norms — honest: ['1.25', '0.58', '1.64', '0.64', '0.44'], attacker: ['0.35', '0.37', '0.39', '0.37', '0.36']
2026-05-05 11:46:12 | INFO    | dpfl.core.base_simulator | Round  28/150 | Acc: 0.8757 | Loss: 0.4451 | eps_max: 3.30 eps_avg: 1.82 | P: 0.00 R: nan F1: nan
2026-05-05 11:46:12 | DEBUG   | dpfl.core.base_simulator | Update norms — honest: ['0.65', '0.43', '0.43', '1.12', '1.62'], attacker: ['0.38', '0.40', '0.42', '0.41', '0.39']
2026-05-05 11:46:16 | INFO    | dpfl.core.base_simulator | Round  29/150 | Acc: 0.8757 | Loss: 0.4419 | eps_max: 3.34 eps_avg: 1.85 | P: 0.00 R: nan F1: nan
2026-05-05 11:46:16 | DEBUG   | dpfl.core.base_simulator | Update norms — honest: ['2.16', '0.42', '0.96', '1.86', '1.13'], attacker: ['0.40', '0.42', '0.42', '0.41', '0.41']
2026-05-05 11:46:19 | INFO    | dpfl.core.base_simulator | Round  30/150 | Acc: 0.8762 | Loss: 0.4379 | eps_max: 3.37 eps_avg: 1.89 | P: 0.00 R: nan F1: nan
2026-05-05 11:46:19 | DEBUG   | dpfl.core.base_simulator | Update norms — honest: ['0.55', '1.31', '0.76', '1.52', '0.42'], attacker: ['0.43', '0.44', '0.45', '0.43', '0.42']
2026-05-05 11:46:23 | INFO    | dpfl.core.base_simulator | Round  31/150 | Acc: 0.8757 | Loss: 0.4386 | eps_max: 3.41 eps_avg: 1.96 | P: 0.00 R: nan F1: nan
2026-05-05 11:46:23 | DEBUG   | dpfl.core.base_simulator | Update norms — honest: ['2.17', '0.65', '1.96', '0.42', '0.46'], attacker: ['0.45', '0.47', '0.47', '0.46', '0.44']
2026-05-05 11:46:26 | INFO    | dpfl.core.base_simulator | Round  32/150 | Acc: 0.8781 | Loss: 0.4287 | eps_max: 3.46 eps_avg: 2.00 | P: 0.00 R: nan F1: nan
2026-05-05 11:46:26 | DEBUG   | dpfl.core.base_simulator | Update norms — honest: ['0.75', '1.00', '1.22', '0.41', '1.48'], attacker: ['0.48', '0.50', '0.50', '0.48', '0.47']
2026-05-05 11:46:30 | INFO    | dpfl.core.base_simulator | Round  33/150 | Acc: 0.8778 | Loss: 0.4286 | eps_max: 3.51 eps_avg: 2.07 | P: 0.00 R: nan F1: nan
2026-05-05 11:46:30 | DEBUG   | dpfl.core.base_simulator | Update norms — honest: ['0.91', '0.41', '1.90', '0.76', '1.57'], attacker: ['0.52', '0.53', '0.53', '0.51', '0.50']
2026-05-05 11:46:33 | INFO    | dpfl.core.base_simulator | Round  34/150 | Acc: 0.8780 | Loss: 0.4257 | eps_max: 3.56 eps_avg: 2.10 | P: 0.00 R: nan F1: nan
2026-05-05 11:46:33 | DEBUG   | dpfl.core.base_simulator | Update norms — honest: ['1.10', '1.42', '0.41', '0.64', '0.40'], attacker: ['0.54', '0.55', '0.56', '0.53', '0.53']
2026-05-05 11:46:37 | INFO    | dpfl.core.base_simulator | Round  35/150 | Acc: 0.8782 | Loss: 0.4242 | eps_max: 3.62 eps_avg: 2.13 | P: 0.00 R: nan F1: nan
2026-05-05 11:46:37 | DEBUG   | dpfl.core.base_simulator | Update norms — honest: ['0.81', '1.19', '0.40', '0.74', '0.97'], attacker: ['0.57', '0.58', '0.58', '0.57', '0.56']
2026-05-05 11:46:41 | INFO    | dpfl.core.base_simulator | Round  36/150 | Acc: 0.8787 | Loss: 0.4216 | eps_max: 3.69 eps_avg: 2.18 | P: 0.00 R: nan F1: nan
2026-05-05 11:46:41 | DEBUG   | dpfl.core.base_simulator | Update norms — honest: ['0.71', '0.69', '1.71', '1.21', '0.40'], attacker: ['0.60', '0.61', '0.62', '0.59', '0.58']
2026-05-05 11:46:44 | INFO    | dpfl.core.base_simulator | Round  37/150 | Acc: 0.8802 | Loss: 0.4144 | eps_max: 3.75 eps_avg: 2.22 | P: 0.00 R: nan F1: nan
2026-05-05 11:46:44 | DEBUG   | dpfl.core.base_simulator | Update norms — honest: ['0.39', '0.43', '1.15', '0.72', '1.17'], attacker: ['0.62', '0.63', '0.63', '0.61', '0.61']
2026-05-05 11:46:48 | INFO    | dpfl.core.base_simulator | Round  38/150 | Acc: 0.8771 | Loss: 0.4240 | eps_max: 3.83 eps_avg: 2.27 | P: 0.00 R: nan F1: nan
2026-05-05 11:46:48 | DEBUG   | dpfl.core.base_simulator | Update norms — honest: ['2.25', '0.53', '0.40', '0.70', '0.76'], attacker: ['0.65', '0.66', '0.66', '0.64', '0.63']
2026-05-05 11:46:51 | INFO    | dpfl.core.base_simulator | Round  39/150 | Acc: 0.8777 | Loss: 0.4210 | eps_max: 3.90 eps_avg: 2.31 | P: 0.00 R: nan F1: nan
2026-05-05 11:46:51 | DEBUG   | dpfl.core.base_simulator | Update norms — honest: ['0.34', '2.02', '2.48', '0.52', '0.67'], attacker: ['0.67', '0.68', '0.69', '0.66', '0.66']
2026-05-05 11:46:55 | INFO    | dpfl.core.base_simulator | Round  40/150 | Acc: 0.8783 | Loss: 0.4193 | eps_max: 3.99 eps_avg: 2.37 | P: 0.00 R: nan F1: nan
2026-05-05 11:46:55 | DEBUG   | dpfl.core.base_simulator | Update norms — honest: ['1.16', '1.13', '0.38', '1.41', '0.78'], attacker: ['0.70', '0.70', '0.71', '0.68', '0.68']
2026-05-05 11:46:59 | INFO    | dpfl.core.base_simulator | Round  41/150 | Acc: 0.8809 | Loss: 0.4081 | eps_max: 3.99 eps_avg: 2.38 | P: 0.00 R: nan F1: nan
2026-05-05 11:46:59 | DEBUG   | dpfl.core.base_simulator | Update norms — honest: ['2.37', '1.13', '1.25', '0.94', '1.67'], attacker: ['0.70', '0.70', '0.70', '0.69', '0.68']
2026-05-05 11:47:02 | INFO    | dpfl.core.base_simulator | Round  42/150 | Acc: 0.8780 | Loss: 0.4184 | eps_max: 4.04 eps_avg: 2.42 | P: 0.00 R: nan F1: nan
2026-05-05 11:47:02 | DEBUG   | dpfl.core.base_simulator | Update norms — honest: ['1.22', '1.87', '1.08', '1.13', '0.69'], attacker: ['0.72', '0.73', '0.75', '0.71', '0.71']
2026-05-05 11:47:06 | INFO    | dpfl.core.base_simulator | Round  43/150 | Acc: 0.8798 | Loss: 0.4118 | eps_max: 4.04 eps_avg: 2.43 | P: 0.00 R: nan F1: nan
2026-05-05 11:47:06 | DEBUG   | dpfl.core.base_simulator | Update norms — honest: ['1.25', '0.96', '0.69', '1.87', '1.07'], attacker: ['0.75', '0.76', '0.77', '0.75', '0.74']
2026-05-05 11:47:10 | INFO    | dpfl.core.base_simulator | Round  44/150 | Acc: 0.8817 | Loss: 0.4035 | eps_max: 4.34 eps_avg: 2.52 | P: 0.00 R: nan F1: nan
2026-05-05 11:47:10 | DEBUG   | dpfl.core.base_simulator | Update norms — honest: ['1.09', '2.47', '1.37', '0.92', '0.75'], attacker: ['0.79', '0.79', '0.80', '0.78', '0.77']
2026-05-05 11:47:13 | INFO    | dpfl.core.base_simulator | Round  45/150 | Acc: 0.8803 | Loss: 0.4076 | eps_max: 4.44 eps_avg: 2.58 | P: 0.00 R: nan F1: nan
2026-05-05 11:47:13 | DEBUG   | dpfl.core.base_simulator | Update norms — honest: ['2.26', '0.36', '0.79', '2.79', '0.50'], attacker: ['0.79', '0.80', '0.80', '0.77', '0.77']
2026-05-05 11:47:17 | INFO    | dpfl.core.base_simulator | Round  46/150 | Acc: 0.8802 | Loss: 0.4088 | eps_max: 4.64 eps_avg: 2.62 | P: 0.00 R: nan F1: nan
2026-05-05 11:47:17 | DEBUG   | dpfl.core.base_simulator | Update norms — honest: ['1.16', '1.51', '1.78', '2.10', '1.61'], attacker: ['0.81', '0.82', '0.82', '0.81', '0.80']
2026-05-05 11:47:20 | INFO    | dpfl.core.base_simulator | Round  47/150 | Acc: 0.8822 | Loss: 0.4000 | eps_max: 5.00 eps_avg: 2.64 | P: 0.00 R: nan F1: nan
2026-05-05 11:47:20 | DEBUG   | dpfl.core.base_simulator | Update norms — honest: ['1.52', '1.23', '1.41', '1.53', '1.04'], attacker: ['0.81', '0.82', '0.83', '0.80', '0.80']
2026-05-05 11:47:24 | INFO    | dpfl.core.base_simulator | Round  48/150 | Acc: 0.8814 | Loss: 0.4031 | eps_max: 5.00 eps_avg: 2.68 | P: 0.00 R: nan F1: nan
2026-05-05 11:47:24 | DEBUG   | dpfl.core.base_simulator | Update norms — honest: ['0.54', '2.32', '2.52', '0.35', '1.34'], attacker: ['0.84', '0.84', '0.86', '0.83', '0.83']
2026-05-05 11:47:27 | INFO    | dpfl.core.base_simulator | Round  49/150 | Acc: 0.8812 | Loss: 0.4028 | eps_max: 5.00 eps_avg: 2.69 | P: 0.00 R: nan F1: nan
2026-05-05 11:47:27 | DEBUG   | dpfl.core.base_simulator | Update norms — honest: ['1.69', '2.28', '0.67', '0.85', '0.62'], attacker: ['0.85', '0.86', '0.87', '0.84', '0.84']
2026-05-05 11:47:31 | INFO    | dpfl.core.base_simulator | Round  50/150 | Acc: 0.8826 | Loss: 0.3966 | eps_max: 5.00 eps_avg: 2.70 | P: 0.00 R: nan F1: nan
2026-05-05 11:47:31 | DEBUG   | dpfl.core.base_simulator | Update norms — honest: ['2.81', '0.58', '0.63', '1.30', '2.33'], attacker: ['0.87', '0.89', '0.89', '0.86', '0.86']
2026-05-05 11:47:34 | INFO    | dpfl.core.base_simulator | Round  51/150 | Acc: 0.8795 | Loss: 0.4052 | eps_max: 5.07 eps_avg: 2.75 | P: 0.90 R: 0.98 F1: 0.94
2026-05-05 11:47:34 | DEBUG   | dpfl.core.base_simulator | Update norms — honest: ['1.08', '0.63', '1.19', '1.46', '0.34'], attacker: ['4.49', '4.53', '4.57', '4.50', '4.44']
2026-05-05 11:47:38 | INFO    | dpfl.core.base_simulator | Round  52/150 | Acc: 0.8736 | Loss: 0.9156 | eps_max: 5.19 eps_avg: 2.80 | P: 0.91 R: 0.98 F1: 0.94
2026-05-05 11:47:38 | DEBUG   | dpfl.core.base_simulator | Update norms — honest: ['0.92', '2.37', '1.27', '0.65', '1.42'], attacker: ['4.52', '4.55', '4.58', '4.48', '4.49']
2026-05-05 11:47:41 | INFO    | dpfl.core.base_simulator | Round  53/150 | Acc: 0.8593 | Loss: 0.8865 | eps_max: 5.19 eps_avg: 2.87 | P: 0.84 R: 0.98 F1: 0.88
2026-05-05 11:47:41 | DEBUG   | dpfl.core.base_simulator | Update norms — honest: ['0.34', '1.70', '1.12', '0.34', '1.71'], attacker: ['4.05', '4.04', '4.00', '3.94', '3.91']
2026-05-05 11:47:45 | INFO    | dpfl.core.base_simulator | Round  54/150 | Acc: 0.8344 | Loss: 3.6994 | eps_max: 5.19 eps_avg: 2.93 | P: 0.80 R: 0.97 F1: 0.87
2026-05-05 11:47:45 | DEBUG   | dpfl.core.base_simulator | Update norms — honest: ['1.50', '2.29', '0.54', '0.34', '0.64'], attacker: ['7.53', '7.37', '7.30', '7.25', '3.76']
2026-05-05 11:47:49 | INFO    | dpfl.core.base_simulator | Round  55/150 | Acc: 0.8605 | Loss: 0.5740 | eps_max: 5.19 eps_avg: 2.97 | P: 0.75 R: 1.00 F1: 0.84
2026-05-05 11:47:49 | DEBUG   | dpfl.core.base_simulator | Update norms — honest: ['1.73', '3.08', '0.50', '1.24', '1.22'], attacker: ['12.67', '12.53', '12.60', '12.48', '8.15']
2026-05-05 11:47:52 | INFO    | dpfl.core.base_simulator | Round  56/150 | Acc: 0.8612 | Loss: 6.8689 | eps_max: 5.26 eps_avg: 3.00 | P: 0.75 R: 0.99 F1: 0.82
2026-05-05 11:47:52 | DEBUG   | dpfl.core.base_simulator | Update norms — honest: ['1.27', '0.88', '0.53', '1.68', '0.70'], attacker: ['12.69', '12.63', '12.58', '12.42', '8.15']
2026-05-05 11:47:56 | INFO    | dpfl.core.base_simulator | Round  57/150 | Acc: 0.8731 | Loss: 0.4344 | eps_max: 5.33 eps_avg: 3.03 | P: 0.87 R: 1.00 F1: 0.93
2026-05-05 11:47:56 | DEBUG   | dpfl.core.base_simulator | Update norms — honest: ['0.56', '0.66', '1.33', '1.42', '0.54'], attacker: ['42.40', '42.08', '42.02', '41.70', '37.73']
2026-05-05 11:47:59 | INFO    | dpfl.core.base_simulator | Round  58/150 | Acc: 0.8779 | Loss: 0.4107 | eps_max: 5.47 eps_avg: 3.15 | P: 0.81 R: 1.00 F1: 0.89
2026-05-05 11:47:59 | DEBUG   | dpfl.core.base_simulator | Update norms — honest: ['1.81', '0.46', '0.85', '1.58', '0.86'], attacker: ['42.25', '42.40', '42.37', '41.49', '37.54']
2026-05-05 11:48:04 | INFO    | dpfl.core.base_simulator | Round  59/150 | Acc: 0.8796 | Loss: 0.4054 | eps_max: 5.47 eps_avg: 3.28 | P: 0.78 R: 1.00 F1: 0.86
2026-05-05 11:48:04 | DEBUG   | dpfl.core.base_simulator | Update norms — honest: ['1.44', '1.07', '0.34', '1.15', '2.31'], attacker: ['42.84', '41.93', '42.43', '41.95', '37.64']
2026-05-05 11:48:07 | INFO    | dpfl.core.base_simulator | Round  60/150 | Acc: 0.8806 | Loss: 0.4020 | eps_max: 5.47 eps_avg: 3.35 | P: 0.89 R: 1.00 F1: 0.94
2026-05-05 11:48:07 | DEBUG   | dpfl.core.base_simulator | Update norms — honest: ['1.71', '1.03', '1.04', '1.06', '0.51'], attacker: ['42.28', '41.94', '42.25', '41.92', '37.82']
2026-05-05 11:48:11 | INFO    | dpfl.core.base_simulator | Round  61/150 | Acc: 0.8809 | Loss: 0.4003 | eps_max: 5.47 eps_avg: 3.38 | P: 0.83 R: 1.00 F1: 0.89
2026-05-05 11:48:11 | DEBUG   | dpfl.core.base_simulator | Update norms — honest: ['1.64', '0.72', '0.55', '1.35', '1.74'], attacker: ['42.45', '42.01', '42.46', '41.89', '37.53']
2026-05-05 11:48:15 | INFO    | dpfl.core.base_simulator | Round  62/150 | Acc: 0.8817 | Loss: 0.3980 | eps_max: 5.49 eps_avg: 3.46 | P: 0.75 R: 1.00 F1: 0.82
2026-05-05 11:48:15 | DEBUG   | dpfl.core.base_simulator | Update norms — honest: ['1.00', '0.34', '2.03', '1.86', '1.70'], attacker: ['175.63', '178.39', '174.41', '173.79', '173.08']
2026-05-05 11:48:18 | INFO    | dpfl.core.base_simulator | Round  63/150 | Acc: 0.8819 | Loss: 0.3967 | eps_max: 5.60 eps_avg: 3.54 | P: 0.86 R: 1.00 F1: 0.92
2026-05-05 11:48:18 | DEBUG   | dpfl.core.base_simulator | Update norms — honest: ['1.87', '0.34', '1.89', '2.16', '0.49'], attacker: ['174.26', '175.23', '174.63', '173.63', '171.23']
2026-05-05 11:48:22 | INFO    | dpfl.core.base_simulator | Round  64/150 | Acc: 0.8822 | Loss: 0.3954 | eps_max: 5.60 eps_avg: 3.60 | P: 0.78 R: 1.00 F1: 0.87
2026-05-05 11:48:22 | DEBUG   | dpfl.core.base_simulator | Update norms — honest: ['0.95', '1.32', '1.74', '0.54', '0.67'], attacker: ['169.72', '177.73', '175.80', '174.00', '170.73']
2026-05-05 11:48:26 | INFO    | dpfl.core.base_simulator | Round  65/150 | Acc: 0.8820 | Loss: 0.3957 | eps_max: 5.60 eps_avg: 3.66 | P: 0.86 R: 1.00 F1: 0.92
2026-05-05 11:48:26 | DEBUG   | dpfl.core.base_simulator | Update norms — honest: ['1.33', '1.54', '2.67', '1.72', '0.76'], attacker: ['170.73', '170.98', '169.85', '172.58', '171.90']
2026-05-05 11:48:30 | INFO    | dpfl.core.base_simulator | Round  66/150 | Acc: 0.8824 | Loss: 0.3944 | eps_max: 5.71 eps_avg: 3.70 | P: 0.78 R: 1.00 F1: 0.87
2026-05-05 11:48:30 | DEBUG   | dpfl.core.base_simulator | Update norms — honest: ['0.58', '0.56', '2.17', '1.12', '0.28'], attacker: ['172.61', '177.16', '172.13', '174.32', '172.69']
2026-05-05 11:48:33 | INFO    | dpfl.core.base_simulator | Round  67/150 | Acc: 0.8826 | Loss: 0.3934 | eps_max: 5.71 eps_avg: 3.72 | P: 0.88 R: 1.00 F1: 0.93
2026-05-05 11:48:33 | DEBUG   | dpfl.core.base_simulator | Update norms — honest: ['1.71', '0.85', '1.16', '1.19', '0.57'], attacker: ['173.29', '175.79', '175.70', '174.00', '169.27']
2026-05-05 11:48:37 | INFO    | dpfl.core.base_simulator | Round  68/150 | Acc: 0.8827 | Loss: 0.3931 | eps_max: 6.06 eps_avg: 3.86 | P: 0.78 R: 1.00 F1: 0.86
2026-05-05 11:48:37 | DEBUG   | dpfl.core.base_simulator | Update norms — honest: ['0.34', '2.54', '1.17', '2.16', '0.91'], attacker: ['175.09', '177.89', '174.21', '174.98', '168.79']
2026-05-05 11:48:41 | INFO    | dpfl.core.base_simulator | Round  69/150 | Acc: 0.8825 | Loss: 0.3935 | eps_max: 6.06 eps_avg: 3.95 | P: 0.84 R: 1.00 F1: 0.91
2026-05-05 11:48:41 | DEBUG   | dpfl.core.base_simulator | Update norms — honest: ['0.34', '1.48', '0.80', '1.26', '1.66'], attacker: ['175.02', '176.12', '176.60', '172.26', '166.39']
2026-05-05 11:48:44 | INFO    | dpfl.core.base_simulator | Round  70/150 | Acc: 0.8788 | Loss: 95.1619 | eps_max: 6.47 eps_avg: 3.97 | P: 0.94 R: 1.00 F1: 0.97
2026-05-05 11:48:44 | DEBUG   | dpfl.core.base_simulator | Update norms — honest: ['0.42', '1.00', '0.85', '1.98', '0.98'], attacker: ['172.00', '171.51', '175.26', '172.04', '172.42']
2026-05-05 11:48:48 | INFO    | dpfl.core.base_simulator | Round  71/150 | Acc: 0.8789 | Loss: 5.0199 | eps_max: 6.47 eps_avg: 4.00 | P: 0.88 R: 1.00 F1: 0.94
2026-05-05 11:48:48 | DEBUG   | dpfl.core.base_simulator | Update norms — honest: ['0.80', '1.12', '2.24', '2.86', '1.66'], attacker: ['171.18', '177.93', '176.33', '176.40', '172.24']
2026-05-05 11:48:51 | INFO    | dpfl.core.base_simulator | Round  72/150 | Acc: 0.8795 | Loss: 3.1634 | eps_max: 6.47 eps_avg: 4.02 | P: 0.93 R: 1.00 F1: 0.97
2026-05-05 11:48:51 | DEBUG   | dpfl.core.base_simulator | Update norms — honest: ['0.91', '1.25', '0.94'], attacker: ['173.37', '176.66', '175.11', '172.28', '172.10']
2026-05-05 11:48:55 | INFO    | dpfl.core.base_simulator | Round  73/150 | Acc: 0.8797 | Loss: 2.2931 | eps_max: 6.47 eps_avg: 4.07 | P: 0.89 R: 1.00 F1: 0.94
2026-05-05 11:48:55 | DEBUG   | dpfl.core.base_simulator | Update norms — honest: ['1.86', '1.42', '0.68', '1.48', '1.60'], attacker: ['175.12', '176.27', '176.41', '177.80', '170.87']
2026-05-05 11:48:59 | INFO    | dpfl.core.base_simulator | Round  74/150 | Acc: 0.8795 | Loss: 1.0946 | eps_max: 6.47 eps_avg: 4.16 | P: 0.80 R: 1.00 F1: 0.88
2026-05-05 11:48:59 | DEBUG   | dpfl.core.base_simulator | Update norms — honest: ['2.09', '2.52', '0.84', '1.61', '0.97'], attacker: ['173.47', '173.39', '173.72', '175.00', '166.08']
2026-05-05 11:49:02 | INFO    | dpfl.core.base_simulator | Round  75/150 | Acc: 0.8801 | Loss: 0.9370 | eps_max: 6.47 eps_avg: 4.20 | P: 0.98 R: 1.00 F1: 0.99
2026-05-05 11:49:02 | DEBUG   | dpfl.core.base_simulator | Update norms — honest: ['0.52', '1.80', '1.94', '1.12', '0.92'], attacker: ['177.13', '172.18', '174.76', '173.05', '171.72']
2026-05-05 11:49:06 | INFO    | dpfl.core.base_simulator | Round  76/150 | Acc: 0.8799 | Loss: 0.9173 | eps_max: 6.47 eps_avg: 4.25 | P: 0.77 R: 1.00 F1: 0.86
2026-05-05 11:49:06 | DEBUG   | dpfl.core.base_simulator | Update norms — honest: ['1.96', '1.79', '2.16', '0.68', '0.00'], attacker: ['176.08', '178.23', '174.21', '170.71', '167.19']
2026-05-05 11:49:09 | INFO    | dpfl.core.base_simulator | Round  77/150 | Acc: 0.8805 | Loss: 0.7862 | eps_max: 6.47 eps_avg: 4.32 | P: 0.78 R: 1.00 F1: 0.87
2026-05-05 11:49:09 | DEBUG   | dpfl.core.base_simulator | Update norms — honest: ['0.34', '2.33', '2.26', '2.52', '0.53'], attacker: ['177.74', '176.42', '175.43', '175.13', '168.93']
2026-05-05 11:49:13 | INFO    | dpfl.core.base_simulator | Round  78/150 | Acc: 0.8804 | Loss: 1.0696 | eps_max: 6.47 eps_avg: 4.39 | P: 0.80 R: 1.00 F1: 0.88
2026-05-05 11:49:13 | DEBUG   | dpfl.core.base_simulator | Update norms — honest: ['2.25', '1.38', '1.53', '1.26', '2.67'], attacker: ['173.10', '171.72', '176.75', '174.83', '171.01']
2026-05-05 11:49:17 | INFO    | dpfl.core.base_simulator | Round  79/150 | Acc: 0.8808 | Loss: 0.6222 | eps_max: 6.47 eps_avg: 4.43 | P: 0.91 R: 1.00 F1: 0.95
2026-05-05 11:49:17 | DEBUG   | dpfl.core.base_simulator | Update norms — honest: ['2.18', '2.84', '3.06', '2.38', '1.03'], attacker: ['172.56', '176.65', '171.57', '171.25', '165.39']
2026-05-05 11:49:20 | INFO    | dpfl.core.base_simulator | Round  80/150 | Acc: 0.8818 | Loss: 0.5022 | eps_max: 6.47 eps_avg: 4.49 | P: 0.81 R: 1.00 F1: 0.88
2026-05-05 11:49:20 | DEBUG   | dpfl.core.base_simulator | Update norms — honest: ['0.34', '0.99', '1.00', '1.53', '2.66'], attacker: ['177.66', '173.04', '177.54', '176.97', '168.73']
2026-05-05 11:49:24 | INFO    | dpfl.core.base_simulator | Round  81/150 | Acc: 0.8817 | Loss: 0.4432 | eps_max: 6.47 eps_avg: 4.54 | P: 0.78 R: 1.00 F1: 0.87
2026-05-05 11:49:24 | DEBUG   | dpfl.core.base_simulator | Update norms — honest: ['2.55', '1.74', '1.38', '2.15', '1.21'], attacker: ['171.59', '175.56', '175.56', '170.05', '170.51']
2026-05-05 11:49:28 | INFO    | dpfl.core.base_simulator | Round  82/150 | Acc: 0.8814 | Loss: 0.4728 | eps_max: 6.47 eps_avg: 4.57 | P: 0.91 R: 1.00 F1: 0.95
2026-05-05 11:49:28 | DEBUG   | dpfl.core.base_simulator | Update norms — honest: ['2.73', '0.85', '1.44', '2.46', '1.68'], attacker: ['173.02', '176.91', '173.05', '172.92', '166.95']
2026-05-05 11:49:31 | INFO    | dpfl.core.base_simulator | Round  83/150 | Acc: 0.8817 | Loss: 0.5559 | eps_max: 6.47 eps_avg: 4.59 | P: 0.91 R: 1.00 F1: 0.95
2026-05-05 11:49:31 | DEBUG   | dpfl.core.base_simulator | Update norms — honest: ['1.62', '1.70', '1.48'], attacker: ['175.65', '175.09', '175.44', '171.01', '166.62']
2026-05-05 11:49:35 | INFO    | dpfl.core.base_simulator | Round  84/150 | Acc: 0.8815 | Loss: 0.4735 | eps_max: 6.47 eps_avg: 4.64 | P: 0.85 R: 1.00 F1: 0.92
2026-05-05 11:49:35 | DEBUG   | dpfl.core.base_simulator | Update norms — honest: ['1.48', '3.21', '1.49', '1.21', '2.31'], attacker: ['176.19', '172.87', '175.67', '174.92', '170.01']
2026-05-05 11:49:39 | INFO    | dpfl.core.base_simulator | Round  85/150 | Acc: 0.8783 | Loss: 792.2887 | eps_max: 6.47 eps_avg: 4.68 | P: 0.93 R: 1.00 F1: 0.96
2026-05-05 11:49:39 | DEBUG   | dpfl.core.base_simulator | Update norms — honest: ['0.65', '1.28', '2.43', '0.63', '2.02'], attacker: ['175.70', '174.98', '173.41', '173.07', '169.44']
2026-05-05 11:49:42 | INFO    | dpfl.core.base_simulator | Round  86/150 | Acc: 0.8741 | Loss: 6486607.7365 | eps_max: 6.89 eps_avg: 4.72 | P: 0.87 R: 1.00 F1: 0.92
2026-05-05 11:49:42 | DEBUG   | dpfl.core.base_simulator | Update norms — honest: ['2.77', '1.24', '1.13', '2.83', '2.78'], attacker: ['715.14', '697.33', '683.80', '682.75', '693.01']
2026-05-05 11:49:46 | INFO    | dpfl.core.base_simulator | Round  87/150 | Acc: 0.8748 | Loss: 218516.8889 | eps_max: 6.89 eps_avg: 4.74 | P: 0.80 R: 1.00 F1: 0.88
2026-05-05 11:49:46 | DEBUG   | dpfl.core.base_simulator | Update norms — honest: ['0.50', '1.11', '1.70', '1.30', '2.02'], attacker: ['710.51', '699.65', '685.45', '697.55', '685.86']
2026-05-05 11:49:49 | INFO    | dpfl.core.base_simulator | Round  88/150 | Acc: 0.8743 | Loss: 257320.4478 | eps_max: 6.89 eps_avg: 4.77 | P: 0.84 R: 1.00 F1: 0.90
2026-05-05 11:49:49 | DEBUG   | dpfl.core.base_simulator | Update norms — honest: ['0.72', '1.66', '1.72', '0.32', '0.92'], attacker: ['709.92', '699.29', '704.63', '691.48', '695.79']
2026-05-05 11:49:53 | INFO    | dpfl.core.base_simulator | Round  89/150 | Acc: 0.8753 | Loss: 117973.7304 | eps_max: 6.89 eps_avg: 4.79 | P: 0.81 R: 1.00 F1: 0.86
2026-05-05 11:49:53 | DEBUG   | dpfl.core.base_simulator | Update norms — honest: ['3.39', '1.27', '1.09', '1.53', '0.92'], attacker: ['2657.33', '2662.62', '2758.79', '2852.54', '2730.95']
2026-05-05 11:49:56 | INFO    | dpfl.core.base_simulator | Round  90/150 | Acc: 0.8744 | Loss: 159653.9028 | eps_max: 6.89 eps_avg: 4.84 | P: 0.82 R: 1.00 F1: 0.89
2026-05-05 11:49:56 | DEBUG   | dpfl.core.base_simulator | Update norms — honest: ['0.93', '2.98', '1.53', '1.19', '1.58'], attacker: ['2717.39', '2679.74', '2823.05', '2704.41', '2713.12']
2026-05-05 11:50:00 | INFO    | dpfl.core.base_simulator | Round  91/150 | Acc: 0.8751 | Loss: 93936.4184 | eps_max: 6.89 eps_avg: 4.91 | P: 0.72 R: 1.00 F1: 0.82
2026-05-05 11:50:00 | DEBUG   | dpfl.core.base_simulator | Update norms — honest: ['2.10', '2.50', '0.92', '2.20', '2.24'], attacker: ['2621.37', '2636.08', '2613.02', '2715.01', '10797.55']
2026-05-05 11:50:04 | INFO    | dpfl.core.base_simulator | Round  92/150 | Acc: 0.8756 | Loss: 44102.4148 | eps_max: 6.89 eps_avg: 4.94 | P: 0.80 R: 1.00 F1: 0.88
2026-05-05 11:50:04 | DEBUG   | dpfl.core.base_simulator | Update norms — honest: ['1.84', '1.36', '1.21', '1.96', '1.42'], attacker: ['2836.41', '2638.29', '2621.17', '2619.66', '11234.06']
2026-05-05 11:50:07 | INFO    | dpfl.core.base_simulator | Round  93/150 | Acc: 0.8761 | Loss: 41487.2313 | eps_max: 7.30 eps_avg: 4.99 | P: 0.86 R: 1.00 F1: 0.92
2026-05-05 11:50:07 | DEBUG   | dpfl.core.base_simulator | Update norms — honest: ['2.01', '2.82', '1.09', '2.58', '1.52'], attacker: ['2695.66', '2635.61', '2671.60', '2908.96', '10841.38']
2026-05-05 11:50:11 | INFO    | dpfl.core.base_simulator | Round  94/150 | Acc: 0.8762 | Loss: 44320.1201 | eps_max: 7.30 eps_avg: 5.02 | P: 0.74 R: 1.00 F1: 0.83
2026-05-05 11:50:11 | DEBUG   | dpfl.core.base_simulator | Update norms — honest: ['2.32', '2.61', '2.40', '0.68', '1.42'], attacker: ['2669.19', '2661.17', '2743.41', '2701.55', '11159.44']
2026-05-05 11:50:15 | INFO    | dpfl.core.base_simulator | Round  95/150 | Acc: 0.8758 | Loss: 31402.2256 | eps_max: 7.30 eps_avg: 5.07 | P: 0.89 R: 1.00 F1: 0.94
2026-05-05 11:50:15 | DEBUG   | dpfl.core.base_simulator | Update norms — honest: ['2.72', '1.38', '1.67', '0.34', '1.64'], attacker: ['2676.87', '2758.51', '2779.57', '2780.32', '10841.84']
2026-05-05 11:50:18 | INFO    | dpfl.core.base_simulator | Round  96/150 | Acc: 0.8772 | Loss: 20887.2909 | eps_max: 7.30 eps_avg: 5.11 | P: 0.74 R: 1.00 F1: 0.82
2026-05-05 11:50:18 | DEBUG   | dpfl.core.base_simulator | Update norms — honest: ['1.42', '2.34', '1.76', '1.59', '1.18'], attacker: ['2634.01', '2717.84', '2645.64', '2663.86', '10797.71']
2026-05-05 11:50:22 | INFO    | dpfl.core.base_simulator | Round  97/150 | Acc: 0.8772 | Loss: 14025.7553 | eps_max: 7.30 eps_avg: 5.15 | P: 0.81 R: 1.00 F1: 0.86
2026-05-05 11:50:22 | DEBUG   | dpfl.core.base_simulator | Update norms — honest: ['1.42', '1.13', '1.64', '1.35', '1.09'], attacker: ['2673.30', '2681.86', '2699.89', '2688.72', '11189.90']
2026-05-05 11:50:26 | INFO    | dpfl.core.base_simulator | Round  98/150 | Acc: 0.8771 | Loss: 14670.1289 | eps_max: 7.30 eps_avg: 5.18 | P: 0.81 R: 1.00 F1: 0.88
2026-05-05 11:50:26 | DEBUG   | dpfl.core.base_simulator | Update norms — honest: ['1.25', '1.98', '1.62', '1.71', '3.17'], attacker: ['2674.04', '2733.31', '2758.71', '2713.62', '11211.56']
2026-05-05 11:50:29 | INFO    | dpfl.core.base_simulator | Round  99/150 | Acc: 0.8783 | Loss: 11344.5501 | eps_max: 7.30 eps_avg: 5.20 | P: 0.84 R: 1.00 F1: 0.90
2026-05-05 11:50:29 | DEBUG   | dpfl.core.base_simulator | Update norms — honest: ['1.61', '0.85', '1.20', '1.36', '1.98'], attacker: ['2664.65', '2789.63', '2773.66', '2738.51', '10782.02']
2026-05-05 11:50:33 | INFO    | dpfl.core.base_simulator | Round 100/150 | Acc: 0.8783 | Loss: 13169.2110 | eps_max: 7.30 eps_avg: 5.22 | P: 0.88 R: 1.00 F1: 0.93
2026-05-05 11:50:33 | DEBUG   | dpfl.core.base_simulator | Update norms — honest: ['1.54', '1.98', '2.40', '2.06', '2.18'], attacker: ['2871.73', '2790.62', '2639.51', '2679.48', '10950.25']
2026-05-05 11:50:36 | INFO    | dpfl.core.base_simulator | Round 101/150 | Acc: 0.8783 | Loss: 5978.1796 | eps_max: 7.30 eps_avg: 5.25 | P: 0.79 R: 1.00 F1: 0.87
2026-05-05 11:50:36 | DEBUG   | dpfl.core.base_simulator | Update norms — honest: ['3.05', '1.76', '2.02', '1.46', '1.71'], attacker: ['2671.71', '2653.90', '2662.10', '2666.50', '10986.25']
2026-05-05 11:50:40 | INFO    | dpfl.core.base_simulator | Round 102/150 | Acc: 0.8790 | Loss: 5636.0381 | eps_max: 7.42 eps_avg: 5.28 | P: 0.75 R: 1.00 F1: 0.83
2026-05-05 11:50:40 | DEBUG   | dpfl.core.base_simulator | Update norms — honest: ['1.97', '0.56', '1.44', '1.06', '2.07'], attacker: ['2688.33', '2637.91', '2641.79', '2669.30', '10967.77']
2026-05-05 11:50:44 | INFO    | dpfl.core.base_simulator | Round 103/150 | Acc: 0.8785 | Loss: 6773.7438 | eps_max: 7.42 eps_avg: 5.30 | P: 0.81 R: 1.00 F1: 0.89
2026-05-05 11:50:44 | DEBUG   | dpfl.core.base_simulator | Update norms — honest: ['2.38', '2.05', '1.03', '0.40', '2.47'], attacker: ['2673.42', '2774.21', '2795.26', '2750.21', '11364.93']
2026-05-05 11:50:47 | INFO    | dpfl.core.base_simulator | Round 104/150 | Acc: 0.8791 | Loss: 2599.2142 | eps_max: 7.42 eps_avg: 5.36 | P: 0.81 R: 1.00 F1: 0.88
2026-05-05 11:50:47 | DEBUG   | dpfl.core.base_simulator | Update norms — honest: ['1.45', '0.34', '2.01', '1.58', '1.44'], attacker: ['2711.41', '2798.38', '2743.27', '2803.38', '11379.74']
2026-05-05 11:50:51 | INFO    | dpfl.core.base_simulator | Round 105/150 | Acc: 0.8784 | Loss: 2979.2244 | eps_max: 7.42 eps_avg: 5.39 | P: 0.91 R: 1.00 F1: 0.95
2026-05-05 11:50:51 | DEBUG   | dpfl.core.base_simulator | Update norms — honest: ['0.93', '0.82', '1.19', '2.42', '2.63'], attacker: ['2655.80', '2776.23', '2602.59', '2731.62', '10785.89']
2026-05-05 11:50:55 | INFO    | dpfl.core.base_simulator | Round 106/150 | Acc: 0.8789 | Loss: 3134.0127 | eps_max: 7.42 eps_avg: 5.40 | P: 0.94 R: 1.00 F1: 0.97
2026-05-05 11:50:55 | DEBUG   | dpfl.core.base_simulator | Update norms — honest: ['0.68', '1.53', '1.35', '2.16'], attacker: ['2656.88', '2644.73', '2815.73', '2721.92', '11081.57']
2026-05-05 11:50:58 | INFO    | dpfl.core.base_simulator | Round 107/150 | Acc: 0.8793 | Loss: 2754.0849 | eps_max: 7.42 eps_avg: 5.43 | P: 0.80 R: 1.00 F1: 0.89
2026-05-05 11:50:58 | DEBUG   | dpfl.core.base_simulator | Update norms — honest: ['2.45', '2.76', '2.81', '0.76', '1.33'], attacker: ['2663.77', '2763.34', '2616.34', '2677.95', '11009.35']
2026-05-05 11:51:02 | INFO    | dpfl.core.base_simulator | Round 108/150 | Acc: 0.8787 | Loss: 2502.0644 | eps_max: 7.42 eps_avg: 5.45 | P: 0.74 R: 1.00 F1: 0.83
2026-05-05 11:51:02 | DEBUG   | dpfl.core.base_simulator | Update norms — honest: ['2.70', '2.33', '2.12', '1.82', '1.02'], attacker: ['2769.40', '2664.74', '2768.41', '2840.69', '11183.96']
2026-05-05 11:51:06 | INFO    | dpfl.core.base_simulator | Round 109/150 | Acc: 0.8781 | Loss: 3251.5836 | eps_max: 7.42 eps_avg: 5.46 | P: 0.97 R: 1.00 F1: 0.98
2026-05-05 11:51:06 | DEBUG   | dpfl.core.base_simulator | Update norms — honest: ['3.11', '2.77', '1.59', '2.68', '1.52'], attacker: ['2668.56', '2728.17', '2657.67', '2743.63', '10653.63']
2026-05-05 11:51:10 | INFO    | dpfl.core.base_simulator | Round 110/150 | Acc: 0.8787 | Loss: 2410.3127 | eps_max: 7.42 eps_avg: 5.51 | P: 0.76 R: 1.00 F1: 0.86
2026-05-05 11:51:10 | DEBUG   | dpfl.core.base_simulator | Update norms — honest: ['1.73', '2.32', '0.44', '3.90', '0.76'], attacker: ['2665.98', '2699.84', '2747.10', '2640.03', '10998.81']
2026-05-05 11:51:13 | INFO    | dpfl.core.base_simulator | Round 111/150 | Acc: 0.8790 | Loss: 1500.8986 | eps_max: 7.42 eps_avg: 5.55 | P: 0.85 R: 1.00 F1: 0.91
2026-05-05 11:51:13 | DEBUG   | dpfl.core.base_simulator | Update norms — honest: ['3.02', '2.56', '1.98', '2.21', '1.49'], attacker: ['2675.35', '2723.67', '2763.31', '2671.42', '10871.90']
2026-05-05 11:51:17 | INFO    | dpfl.core.base_simulator | Round 112/150 | Acc: 0.8787 | Loss: 1441.0400 | eps_max: 7.42 eps_avg: 5.58 | P: 0.80 R: 1.00 F1: 0.86
2026-05-05 11:51:17 | DEBUG   | dpfl.core.base_simulator | Update norms — honest: ['2.75', '0.52', '2.03', '2.78', '1.90'], attacker: ['2665.69', '2753.80', '2620.31', '2820.02', '10705.22']
2026-05-05 11:51:20 | INFO    | dpfl.core.base_simulator | Round 113/150 | Acc: 0.8784 | Loss: 2357.4482 | eps_max: 7.42 eps_avg: 5.59 | P: 0.93 R: 1.00 F1: 0.96
2026-05-05 11:51:20 | DEBUG   | dpfl.core.base_simulator | Update norms — honest: ['1.47', '1.13', '2.50', '2.34'], attacker: ['2667.47', '2635.55', '2682.75', '2655.80', '10942.46']
2026-05-05 11:51:24 | INFO    | dpfl.core.base_simulator | Round 114/150 | Acc: 0.8787 | Loss: 1915.2743 | eps_max: 7.42 eps_avg: 5.62 | P: 0.71 R: 1.00 F1: 0.82
2026-05-05 11:51:24 | DEBUG   | dpfl.core.base_simulator | Update norms — honest: ['2.71', '3.09', '1.31', '1.72', '0.99'], attacker: ['10847.14', '10723.24', '10526.86', '11039.81', '17202.70']
2026-05-05 11:51:28 | INFO    | dpfl.core.base_simulator | Round 115/150 | Acc: 0.8786 | Loss: 1506.8143 | eps_max: 7.42 eps_avg: 5.65 | P: 0.85 R: 1.00 F1: 0.92
2026-05-05 11:51:28 | DEBUG   | dpfl.core.base_simulator | Update norms — honest: ['0.12', '2.40', '2.19', '2.59', '1.48'], attacker: ['11220.17', '10844.85', '10852.11', '10596.52', '18225.70']
2026-05-05 11:51:32 | INFO    | dpfl.core.base_simulator | Round 116/150 | Acc: 0.8788 | Loss: 1436.5097 | eps_max: 7.42 eps_avg: 5.67 | P: 0.86 R: 1.00 F1: 0.92
2026-05-05 11:51:32 | DEBUG   | dpfl.core.base_simulator | Update norms — honest: ['0.69', '1.97', '0.88', '1.63', '2.22'], attacker: ['11085.92', '10837.64', '10834.32', '10711.79', '17166.45']
2026-05-05 11:51:35 | INFO    | dpfl.core.base_simulator | Round 117/150 | Acc: 0.8781 | Loss: 1578.7741 | eps_max: 7.42 eps_avg: 5.70 | P: 0.77 R: 1.00 F1: 0.86
2026-05-05 11:51:35 | DEBUG   | dpfl.core.base_simulator | Update norms — honest: ['0.93', '3.14', '1.99', '4.13', '2.79'], attacker: ['11074.90', '10677.91', '10992.78', '11053.53', '18180.72']
2026-05-05 11:51:39 | INFO    | dpfl.core.base_simulator | Round 118/150 | Acc: 0.8786 | Loss: 1270.0625 | eps_max: 7.42 eps_avg: 5.74 | P: 0.94 R: 1.00 F1: 0.97
2026-05-05 11:51:39 | DEBUG   | dpfl.core.base_simulator | Update norms — honest: ['1.98', '0.90', '2.34', '1.69', '2.78'], attacker: ['10557.12', '10996.08', '10686.02', '10779.72', '17067.22']
2026-05-05 11:51:43 | INFO    | dpfl.core.base_simulator | Round 119/150 | Acc: 0.8780 | Loss: 1251.0368 | eps_max: 7.42 eps_avg: 5.79 | P: 0.77 R: 1.00 F1: 0.86
2026-05-05 11:51:43 | DEBUG   | dpfl.core.base_simulator | Update norms — honest: ['2.05', '2.38', '1.90', '1.49', '3.36'], attacker: ['10602.66', '10918.43', '10825.13', '11178.14', '17028.82']
2026-05-05 11:51:47 | INFO    | dpfl.core.base_simulator | Round 120/150 | Acc: 0.8782 | Loss: 1362.8855 | eps_max: 7.42 eps_avg: 5.83 | P: 0.79 R: 1.00 F1: 0.87
2026-05-05 11:51:47 | DEBUG   | dpfl.core.base_simulator | Update norms — honest: ['1.13', '1.96', '2.64', '2.53', '1.70'], attacker: ['10994.51', '10985.88', '11030.16', '10915.41', '17279.71']
2026-05-05 11:51:50 | INFO    | dpfl.core.base_simulator | Round 121/150 | Acc: 0.8774 | Loss: 1396.0306 | eps_max: 7.45 eps_avg: 5.85 | P: 0.75 R: 1.00 F1: 0.84
2026-05-05 11:51:50 | DEBUG   | dpfl.core.base_simulator | Update norms — honest: ['2.74', '2.79', '2.69', '0.89', '1.89'], attacker: ['11341.34', '10916.00', '10873.73', '10937.14', '17348.85']
2026-05-05 11:51:54 | INFO    | dpfl.core.base_simulator | Round 122/150 | Acc: 0.8764 | Loss: 1132.7401 | eps_max: 7.45 eps_avg: 5.87 | P: 0.86 R: 1.00 F1: 0.92
2026-05-05 11:51:54 | DEBUG   | dpfl.core.base_simulator | Update norms — honest: ['3.28', '3.71', '2.05', '2.53', '1.59'], attacker: ['10783.13', '10641.96', '11298.83', '11128.29', '17615.17']
2026-05-05 11:51:58 | INFO    | dpfl.core.base_simulator | Round 123/150 | Acc: 0.8774 | Loss: 1250.7693 | eps_max: 7.45 eps_avg: 5.90 | P: 0.82 R: 1.00 F1: 0.88
2026-05-05 11:51:58 | DEBUG   | dpfl.core.base_simulator | Update norms — honest: ['1.06', '3.39', '1.58', '1.64', '1.85'], attacker: ['11163.67', '10790.37', '11124.70', '11086.88', '17651.86']
2026-05-05 11:52:01 | INFO    | dpfl.core.base_simulator | Round 124/150 | Acc: 0.8773 | Loss: 1193.6869 | eps_max: 7.45 eps_avg: 5.91 | P: 0.84 R: 1.00 F1: 0.89
2026-05-05 11:52:01 | DEBUG   | dpfl.core.base_simulator | Update norms — honest: ['3.55', '2.43', '2.76', '0.11', '1.38'], attacker: ['11163.24', '11281.08', '10928.86', '10937.79', '16899.45']
2026-05-05 11:52:05 | INFO    | dpfl.core.base_simulator | Round 125/150 | Acc: 0.8771 | Loss: 1458.8214 | eps_max: 7.45 eps_avg: 5.93 | P: 0.89 R: 1.00 F1: 0.94
2026-05-05 11:52:05 | DEBUG   | dpfl.core.base_simulator | Update norms — honest: ['1.34', '2.13', '0.96', '2.49', '2.90'], attacker: ['11198.38', '10779.49', '10662.67', '11278.87', '18084.73']
2026-05-05 11:52:09 | INFO    | dpfl.core.base_simulator | Round 126/150 | Acc: 0.8775 | Loss: 1138.1074 | eps_max: 7.45 eps_avg: 5.95 | P: 0.92 R: 1.00 F1: 0.96
2026-05-05 11:52:09 | DEBUG   | dpfl.core.base_simulator | Update norms — honest: ['1.44', '1.30', '1.19', '2.42', '2.24'], attacker: ['10975.14', '10897.11', '10560.71', '11296.34', '16820.06']
2026-05-05 11:52:12 | INFO    | dpfl.core.base_simulator | Round 127/150 | Acc: 0.8773 | Loss: 1319.8248 | eps_max: 7.52 eps_avg: 5.96 | P: 0.89 R: 1.00 F1: 0.94
2026-05-05 11:52:12 | DEBUG   | dpfl.core.base_simulator | Update norms — honest: ['2.33', '1.31', '1.93', '2.51', '1.83'], attacker: ['10725.28', '10697.48', '11065.54', '10750.30', '16965.88']
2026-05-05 11:52:16 | INFO    | dpfl.core.base_simulator | Round 128/150 | Acc: 0.8770 | Loss: 1172.4421 | eps_max: 7.52 eps_avg: 6.00 | P: 0.81 R: 1.00 F1: 0.88
2026-05-05 11:52:16 | DEBUG   | dpfl.core.base_simulator | Update norms — honest: ['4.47', '2.93', '1.93', '1.59', '1.33'], attacker: ['10920.17', '10643.23', '10911.52', '11047.38', '18042.17']
2026-05-05 11:52:20 | INFO    | dpfl.core.base_simulator | Round 129/150 | Acc: 0.8767 | Loss: 1096.2885 | eps_max: 7.52 eps_avg: 6.02 | P: 0.78 R: 1.00 F1: 0.85
2026-05-05 11:52:20 | DEBUG   | dpfl.core.base_simulator | Update norms — honest: ['1.32', '0.77', '1.43', '0.83', '1.28'], attacker: ['10817.61', '11341.38', '10684.42', '10964.27', '17774.09']
2026-05-05 11:52:24 | INFO    | dpfl.core.base_simulator | Round 130/150 | Acc: 0.8767 | Loss: 1265.2642 | eps_max: 7.52 eps_avg: 6.04 | P: 0.79 R: 1.00 F1: 0.86
2026-05-05 11:52:24 | DEBUG   | dpfl.core.base_simulator | Update norms — honest: ['2.32', '1.27', '1.37', '1.17', '1.49'], attacker: ['10787.25', '10706.63', '10840.83', '10622.26', '18436.38']
2026-05-05 11:52:27 | INFO    | dpfl.core.base_simulator | Round 131/150 | Acc: 0.8761 | Loss: 1350.2929 | eps_max: 7.64 eps_avg: 6.06 | P: 0.86 R: 1.00 F1: 0.92
2026-05-05 11:52:27 | DEBUG   | dpfl.core.base_simulator | Update norms — honest: ['1.21', '1.83', '0.87', '3.15', '3.26'], attacker: ['11271.67', '11135.32', '10737.00', '10936.69', '17128.45']
2026-05-05 11:52:31 | INFO    | dpfl.core.base_simulator | Round 132/150 | Acc: 0.8766 | Loss: 1171.1680 | eps_max: 7.64 eps_avg: 6.07 | P: 0.83 R: 1.00 F1: 0.89
2026-05-05 11:52:31 | DEBUG   | dpfl.core.base_simulator | Update norms — honest: ['1.49', '2.00', '2.29', '2.91', '2.28'], attacker: ['11137.21', '11033.33', '11029.48', '10948.92', '17146.92']
2026-05-05 11:52:35 | INFO    | dpfl.core.base_simulator | Round 133/150 | Acc: 0.8762 | Loss: 1064.3233 | eps_max: 7.64 eps_avg: 6.10 | P: 0.73 R: 1.00 F1: 0.84
2026-05-05 11:52:35 | DEBUG   | dpfl.core.base_simulator | Update norms — honest: ['4.11', '2.97', '2.62', '1.87', '2.52'], attacker: ['40698.21', '42239.61', '43605.78', '43779.51', '58344.43']
2026-05-05 11:52:38 | INFO    | dpfl.core.base_simulator | Round 134/150 | Acc: 0.8756 | Loss: 1283.0546 | eps_max: 7.77 eps_avg: 6.12 | P: 0.80 R: 1.00 F1: 0.88
2026-05-05 11:52:38 | DEBUG   | dpfl.core.base_simulator | Update norms — honest: ['3.88', '1.85', '1.98', '1.80', '2.39'], attacker: ['41431.10', '42530.75', '44592.17', '43330.22', '58755.22']
2026-05-05 11:52:42 | INFO    | dpfl.core.base_simulator | Round 135/150 | Acc: 0.8758 | Loss: 1163.8429 | eps_max: 7.77 eps_avg: 6.15 | P: 0.88 R: 1.00 F1: 0.93
2026-05-05 11:52:42 | DEBUG   | dpfl.core.base_simulator | Update norms — honest: ['0.62', '2.85', '1.86', '1.89', '2.98'], attacker: ['41839.91', '43559.46', '43448.18', '43438.38', '58879.51']
2026-05-05 11:52:46 | INFO    | dpfl.core.base_simulator | Round 136/150 | Acc: 0.8749 | Loss: 1086.9179 | eps_max: 7.77 eps_avg: 6.17 | P: 0.70 R: 1.00 F1: 0.80
2026-05-05 11:52:46 | DEBUG   | dpfl.core.base_simulator | Update norms — honest: ['0.00', '3.46', '2.36', '3.42', '1.98'], attacker: ['44738.43', '43868.98', '44210.65', '43401.60', '60393.13']
2026-05-05 11:52:49 | INFO    | dpfl.core.base_simulator | Round 137/150 | Acc: 0.8757 | Loss: 1075.5018 | eps_max: 7.77 eps_avg: 6.19 | P: 0.95 R: 1.00 F1: 0.98
2026-05-05 11:52:49 | DEBUG   | dpfl.core.base_simulator | Update norms — honest: ['2.02', '1.05', '1.27', '1.92', '1.20'], attacker: ['41537.77', '44547.16', '44672.15', '44297.04', '59271.38']
2026-05-05 11:52:53 | INFO    | dpfl.core.base_simulator | Round 138/150 | Acc: 0.8752 | Loss: 1124.3773 | eps_max: 7.77 eps_avg: 6.21 | P: 0.82 R: 1.00 F1: 0.88
2026-05-05 11:52:53 | DEBUG   | dpfl.core.base_simulator | Update norms — honest: ['2.67', '2.86', '3.33', '4.38', '1.51'], attacker: ['44115.61', '43870.12', '42834.50', '41527.38', '58074.70']
2026-05-05 11:52:57 | INFO    | dpfl.core.base_simulator | Round 139/150 | Acc: 0.8748 | Loss: 1211.9019 | eps_max: 7.77 eps_avg: 6.22 | P: 0.85 R: 1.00 F1: 0.90
2026-05-05 11:52:57 | DEBUG   | dpfl.core.base_simulator | Update norms — honest: ['3.63', '2.38', '2.23', '2.14', '1.67'], attacker: ['43491.61', '43737.86', '42719.31', '41108.21', '57757.88']
2026-05-05 11:53:00 | INFO    | dpfl.core.base_simulator | Round 140/150 | Acc: 0.8748 | Loss: 1063.1361 | eps_max: 7.77 eps_avg: 6.25 | P: 0.79 R: 1.00 F1: 0.87
2026-05-05 11:53:00 | DEBUG   | dpfl.core.base_simulator | Update norms — honest: ['2.64', '2.23', '3.79', '3.05', '2.32'], attacker: ['41035.47', '41966.88', '44020.37', '43209.72', '57885.12']
2026-05-05 11:53:04 | INFO    | dpfl.core.base_simulator | Round 141/150 | Acc: 0.8749 | Loss: 1016.4174 | eps_max: 7.77 eps_avg: 6.26 | P: 0.95 R: 1.00 F1: 0.97
2026-05-05 11:53:04 | DEBUG   | dpfl.core.base_simulator | Update norms — honest: ['2.85', '1.06', '1.66', '1.33', '2.10'], attacker: ['44917.21', '42535.11', '44601.08', '41888.88', '56695.92']
2026-05-05 11:53:08 | INFO    | dpfl.core.base_simulator | Round 142/150 | Acc: 0.8744 | Loss: 1038.6818 | eps_max: 7.77 eps_avg: 6.28 | P: 0.60 R: 1.00 F1: 0.72
2026-05-05 11:53:08 | DEBUG   | dpfl.core.base_simulator | Update norms — honest: ['3.46', '2.85', '2.71', '1.50', '1.50'], attacker: ['41448.68', '41566.27', '43836.62', '43679.65', '57139.70']
2026-05-05 11:53:11 | INFO    | dpfl.core.base_simulator | Round 143/150 | Acc: 0.8745 | Loss: 1036.4023 | eps_max: 7.77 eps_avg: 6.32 | P: 0.78 R: 1.00 F1: 0.86
2026-05-05 11:53:11 | DEBUG   | dpfl.core.base_simulator | Update norms — honest: ['2.37', '1.55', '2.20', '1.87', '1.78'], attacker: ['42252.66', '43972.10', '41658.07', '41245.27', '58555.73']
2026-05-05 11:53:15 | INFO    | dpfl.core.base_simulator | Round 144/150 | Acc: 0.8744 | Loss: 1255.6697 | eps_max: 7.77 eps_avg: 6.34 | P: 0.77 R: 1.00 F1: 0.85
2026-05-05 11:53:15 | DEBUG   | dpfl.core.base_simulator | Update norms — honest: ['2.38', '2.15', '0.43', '1.78', '1.81'], attacker: ['44833.91', '42221.48', '42203.54', '43958.29', '57118.30']
2026-05-05 11:53:19 | INFO    | dpfl.core.base_simulator | Round 145/150 | Acc: 0.8744 | Loss: 1082.6698 | eps_max: 7.77 eps_avg: 6.37 | P: 0.87 R: 1.00 F1: 0.93
2026-05-05 11:53:19 | DEBUG   | dpfl.core.base_simulator | Update norms — honest: ['2.00', '3.12', '2.32', '2.90', '2.25'], attacker: ['40522.50', '41803.43', '43960.58', '42473.05', '57276.83']
2026-05-05 11:53:22 | INFO    | dpfl.core.base_simulator | Round 146/150 | Acc: 0.8741 | Loss: 1147.2998 | eps_max: 7.77 eps_avg: 6.39 | P: 0.80 R: 1.00 F1: 0.88
2026-05-05 11:53:22 | DEBUG   | dpfl.core.base_simulator | Update norms — honest: ['1.68', '2.03', '3.89', '3.03', '1.64'], attacker: ['224897.44', '222783.84', '226338.95', '225614.98', '236308.39']
2026-05-05 11:53:26 | INFO    | dpfl.core.base_simulator | Round 147/150 | Acc: 0.8744 | Loss: 1034.8845 | eps_max: 7.77 eps_avg: 6.41 | P: 0.86 R: 1.00 F1: 0.91
2026-05-05 11:53:26 | DEBUG   | dpfl.core.base_simulator | Update norms — honest: ['1.26', '2.32', '2.94', '1.59', '2.19'], attacker: ['231072.25', '223965.30', '225202.89', '230139.77', '229483.39']
2026-05-05 11:53:30 | INFO    | dpfl.core.base_simulator | Round 148/150 | Acc: 0.8740 | Loss: 1017.1405 | eps_max: 7.77 eps_avg: 6.44 | P: 0.78 R: 1.00 F1: 0.87
2026-05-05 11:53:30 | DEBUG   | dpfl.core.base_simulator | Update norms — honest: ['2.33', '1.54', '2.73', '1.01', '1.96'], attacker: ['223701.69', '234761.09', '222071.22', '222362.17', '228116.33']
2026-05-05 11:53:34 | INFO    | dpfl.core.base_simulator | Round 149/150 | Acc: 0.8740 | Loss: 1031.3880 | eps_max: 7.77 eps_avg: 6.46 | P: 0.92 R: 1.00 F1: 0.96
2026-05-05 11:53:34 | DEBUG   | dpfl.core.base_simulator | Update norms — honest: ['0.13', '4.00', '1.78', '3.54', '2.43'], attacker: ['223467.03', '225532.69', '223489.52', '222648.52', '231391.67']
2026-05-05 11:53:38 | INFO    | dpfl.core.base_simulator | Round 150/150 | Acc: 0.8727 | Loss: 1535.9222 | eps_max: 7.77 eps_avg: 6.47 | P: 0.86 R: 1.00 F1: 0.93
2026-05-05 11:53:38 | DEBUG   | dpfl.core.base_simulator | Update norms — honest: ['3.16', '2.78', '2.01', '2.03', '3.90'], attacker: ['224419.44', '224483.20', '226632.20', '223012.73', '230100.39']
2026-05-05 11:53:39 | INFO    | dpfl | Experiment complete in 591.0s
============================================================
REPORT: DP-SGD Decentralized Federated Learning
============================================================
Timestamp:                  20260505_114347
Rounds completed:           150
Attack-active rounds:       100  (from round 50)
Final accuracy:             0.8727
Final test loss:            1535.9222
Final epsilon (max honest): 7.77
Final epsilon (avg honest): 6.47
Best alpha:                 1000.0
Avg precision:              0.8310
Avg recall:                 0.9989
Avg F1 score:               0.8953
Avg update norm (honest):   1.4465
Avg update norm (attacker): 10530691.7006

eps_system (max honest): 7.7659
eps_avg (honest):        6.4740
eps_std (honest):        0.7895
n_frozen:                0/200
============================================================
