2026-05-05 19:10:11 | INFO    | dpfl | Experiment start: algorithm=trust_d2b, dataset=mnist, model=mlp, device=cuda
2026-05-05 19:10:11 | INFO    | dpfl | Config: nodes=500, attackers=100, rounds=150, noise_mode=none, attack=scale
2026-05-05 19:10:11 | INFO    | dpfl.data.mnist_dataset | Loading MNIST dataset...
2026-05-05 19:10:11 | INFO    | dpfl.data.mnist_dataset | MNIST loaded: 60000 train, 10000 test samples
2026-05-05 19:10:51 | INFO    | dpfl.core.base_simulator | Vectorized state ready: param_spec.D=50890, X_test=(10000, 1, 28, 28), train clients N=500, max_n_samples=1000
2026-05-05 19:10:51 | INFO    | dpfl.core.base_simulator | Setup complete: 500 nodes (100 attackers), param_dim=50890, split=iid
2026-05-05 19:10:51 | DEBUG   | dpfl.core.base_simulator | Attacker IDs: {0, 1, 2, 3, 4, 5, 6, 7, 8, 9, 10, 11, 12, 13, 14, 15, 16, 17, 18, 19, 20, 21, 22, 23, 24, 25, 26, 27, 28, 29, 30, 31, 32, 33, 34, 35, 36, 37, 38, 39, 40, 41, 42, 43, 44, 45, 46, 47, 48, 49, 50, 51, 52, 53, 54, 55, 56, 57, 58, 59, 60, 61, 62, 63, 64, 65, 66, 67, 68, 69, 70, 71, 72, 73, 74, 75, 76, 77, 78, 79, 80, 81, 82, 83, 84, 85, 86, 87, 88, 89, 90, 91, 92, 93, 94, 95, 96, 97, 98, 99}
2026-05-05 19:10:51 | INFO    | dpfl.algorithms.trust_aware.simulator | Trust-Aware D2B-DP: rounds=150, n_workers=5, layers=4, ρ∈[0.300,5.000]
2026-05-05 19:10:52 | DEBUG   | dpfl.algorithms.trust_aware.simulator | Round 0 Phase 1+2: 0.90s
2026-05-05 19:10:56 | INFO    | dpfl.core.base_simulator | Round   1/150 | Acc: 0.3749 | Loss: 2.0998 | eps_max: 0.26 eps_avg: 0.26 | P: nan R: nan F1: nan
2026-05-05 19:10:56 | DEBUG   | dpfl.core.base_simulator | Update norms — honest: ['0.17', '0.17', '0.17', '0.17', '0.17'], attacker: ['0.18', '0.18', '0.17', '0.18', '0.18']
2026-05-05 19:10:56 | DEBUG   | dpfl.algorithms.trust_aware.simulator | Round 1 Phase 1+2: 0.15s
2026-05-05 19:10:59 | INFO    | dpfl.core.base_simulator | Round   2/150 | Acc: 0.5421 | Loss: 1.9027 | eps_max: 0.30 eps_avg: 0.30 | P: nan R: nan F1: nan
2026-05-05 19:10:59 | DEBUG   | dpfl.core.base_simulator | Update norms — honest: ['0.18', '0.18', '0.18', '0.18', '0.18'], attacker: ['0.18', '0.18', '0.18', '0.18', '0.18']
2026-05-05 19:11:00 | DEBUG   | dpfl.algorithms.trust_aware.simulator | Round 2 Phase 1+2: 0.15s
2026-05-05 19:11:03 | INFO    | dpfl.core.base_simulator | Round   3/150 | Acc: 0.6367 | Loss: 1.7001 | eps_max: 0.34 eps_avg: 0.34 | P: nan R: nan F1: nan
2026-05-05 19:11:03 | DEBUG   | dpfl.core.base_simulator | Update norms — honest: ['0.18', '0.18', '0.18', '0.18', '0.18'], attacker: ['0.19', '0.18', '0.18', '0.19', '0.19']
2026-05-05 19:11:04 | DEBUG   | dpfl.algorithms.trust_aware.simulator | Round 3 Phase 1+2: 0.70s
2026-05-05 19:11:10 | INFO    | dpfl.core.base_simulator | Round   4/150 | Acc: 0.6958 | Loss: 1.5084 | eps_max: 0.39 eps_avg: 0.39 | P: nan R: nan F1: nan
2026-05-05 19:11:10 | DEBUG   | dpfl.core.base_simulator | Update norms — honest: ['0.18', '0.17', '0.17', '0.18', '0.18'], attacker: ['0.19', '0.19', '0.18', '0.19', '0.19']
2026-05-05 19:11:10 | DEBUG   | dpfl.algorithms.trust_aware.simulator | Round 4 Phase 1+2: 0.15s
2026-05-05 19:11:13 | INFO    | dpfl.core.base_simulator | Round   5/150 | Acc: 0.7401 | Loss: 1.3302 | eps_max: 0.44 eps_avg: 0.44 | P: nan R: nan F1: nan
2026-05-05 19:11:13 | DEBUG   | dpfl.core.base_simulator | Update norms — honest: ['0.17', '0.17', '0.17', '0.17', '0.17'], attacker: ['0.18', '0.18', '0.18', '0.18', '0.18']
2026-05-05 19:11:13 | DEBUG   | dpfl.algorithms.trust_aware.simulator | Round 5 Phase 1+2: 0.15s
2026-05-05 19:11:17 | INFO    | dpfl.core.base_simulator | Round   6/150 | Acc: 0.7708 | Loss: 1.1753 | eps_max: 0.53 eps_avg: 0.53 | P: nan R: nan F1: nan
2026-05-05 19:11:17 | DEBUG   | dpfl.core.base_simulator | Update norms — honest: ['0.15', '0.16', '0.17', '0.15', '0.17'], attacker: ['0.18', '0.17', '0.17', '0.17', '0.18']
2026-05-05 19:11:17 | DEBUG   | dpfl.algorithms.trust_aware.simulator | Round 6 Phase 1+2: 0.67s
2026-05-05 19:11:23 | INFO    | dpfl.core.base_simulator | Round   7/150 | Acc: 0.7927 | Loss: 1.0473 | eps_max: 0.56 eps_avg: 0.56 | P: nan R: nan F1: nan
2026-05-05 19:11:23 | DEBUG   | dpfl.core.base_simulator | Update norms — honest: ['0.15', '0.14', '0.15', '0.14', '0.14'], attacker: ['0.17', '0.17', '0.17', '0.17', '0.17']
2026-05-05 19:11:24 | DEBUG   | dpfl.algorithms.trust_aware.simulator | Round 7 Phase 1+2: 0.15s
2026-05-05 19:11:27 | INFO    | dpfl.core.base_simulator | Round   8/150 | Acc: 0.8082 | Loss: 0.9446 | eps_max: 0.59 eps_avg: 0.59 | P: nan R: nan F1: nan
2026-05-05 19:11:27 | DEBUG   | dpfl.core.base_simulator | Update norms — honest: ['0.13', '0.13', '0.13', '0.12', '0.13'], attacker: ['0.16', '0.16', '0.16', '0.15', '0.16']
2026-05-05 19:11:27 | DEBUG   | dpfl.algorithms.trust_aware.simulator | Round 8 Phase 1+2: 0.15s
2026-05-05 19:11:31 | INFO    | dpfl.core.base_simulator | Round   9/150 | Acc: 0.8190 | Loss: 0.8631 | eps_max: 0.62 eps_avg: 0.62 | P: nan R: nan F1: nan
2026-05-05 19:11:31 | DEBUG   | dpfl.core.base_simulator | Update norms — honest: ['0.11', '0.11', '0.13', '0.13', '0.11'], attacker: ['0.15', '0.15', '0.14', '0.14', '0.15']
2026-05-05 19:11:31 | DEBUG   | dpfl.algorithms.trust_aware.simulator | Round 9 Phase 1+2: 0.68s
2026-05-05 19:11:38 | INFO    | dpfl.core.base_simulator | Round  10/150 | Acc: 0.8275 | Loss: 0.7971 | eps_max: 0.65 eps_avg: 0.65 | P: nan R: nan F1: nan
2026-05-05 19:11:38 | DEBUG   | dpfl.core.base_simulator | Update norms — honest: ['0.11', '0.10', '0.11', '0.10', '0.11'], attacker: ['0.14', '0.13', '0.13', '0.13', '0.13']
2026-05-05 19:11:38 | DEBUG   | dpfl.algorithms.trust_aware.simulator | Round 10 Phase 1+2: 0.15s
2026-05-05 19:11:41 | INFO    | dpfl.core.base_simulator | Round  11/150 | Acc: 0.8341 | Loss: 0.7437 | eps_max: 0.69 eps_avg: 0.69 | P: nan R: nan F1: nan
2026-05-05 19:11:41 | DEBUG   | dpfl.core.base_simulator | Update norms — honest: ['0.09', '0.09', '0.10', '0.09', '0.09'], attacker: ['0.12', '0.12', '0.12', '0.12', '0.12']
2026-05-05 19:11:41 | DEBUG   | dpfl.algorithms.trust_aware.simulator | Round 11 Phase 1+2: 0.15s
2026-05-05 19:11:45 | INFO    | dpfl.core.base_simulator | Round  12/150 | Acc: 0.8396 | Loss: 0.7000 | eps_max: 0.72 eps_avg: 0.72 | P: nan R: nan F1: nan
2026-05-05 19:11:45 | DEBUG   | dpfl.core.base_simulator | Update norms — honest: ['0.08', '0.09', '0.09', '0.08', '0.09'], attacker: ['0.11', '0.11', '0.11', '0.11', '0.11']
2026-05-05 19:11:45 | DEBUG   | dpfl.algorithms.trust_aware.simulator | Round 12 Phase 1+2: 0.15s
2026-05-05 19:11:49 | INFO    | dpfl.core.base_simulator | Round  13/150 | Acc: 0.8444 | Loss: 0.6639 | eps_max: 0.76 eps_avg: 0.76 | P: nan R: nan F1: nan
2026-05-05 19:11:49 | DEBUG   | dpfl.core.base_simulator | Update norms — honest: ['0.09', '0.08', '0.09', '0.09', '0.08'], attacker: ['0.10', '0.10', '0.10', '0.10', '0.10']
2026-05-05 19:11:49 | DEBUG   | dpfl.algorithms.trust_aware.simulator | Round 13 Phase 1+2: 0.15s
2026-05-05 19:11:52 | INFO    | dpfl.core.base_simulator | Round  14/150 | Acc: 0.8481 | Loss: 0.6336 | eps_max: 0.80 eps_avg: 0.80 | P: 0.00 R: nan F1: nan
2026-05-05 19:11:52 | DEBUG   | dpfl.core.base_simulator | Update norms — honest: ['0.07', '0.08', '0.08', '0.07', '0.08'], attacker: ['0.09', '0.09', '0.10', '0.09', '0.09']
2026-05-05 19:11:52 | DEBUG   | dpfl.algorithms.trust_aware.simulator | Round 14 Phase 1+2: 0.15s
2026-05-05 19:11:56 | INFO    | dpfl.core.base_simulator | Round  15/150 | Acc: 0.8517 | Loss: 0.6076 | eps_max: 0.84 eps_avg: 0.84 | P: nan R: nan F1: nan
2026-05-05 19:11:56 | DEBUG   | dpfl.core.base_simulator | Update norms — honest: ['0.07', '0.07', '0.07', '0.07', '0.07'], attacker: ['0.08', '0.08', '0.09', '0.08', '0.08']
2026-05-05 19:11:56 | DEBUG   | dpfl.algorithms.trust_aware.simulator | Round 15 Phase 1+2: 0.18s
2026-05-05 19:12:00 | INFO    | dpfl.core.base_simulator | Round  16/150 | Acc: 0.8547 | Loss: 0.5858 | eps_max: 0.88 eps_avg: 0.88 | P: 0.00 R: nan F1: nan
2026-05-05 19:12:00 | DEBUG   | dpfl.core.base_simulator | Update norms — honest: ['0.07', '0.07', '0.07', '0.07', '0.06'], attacker: ['0.08', '0.08', '0.08', '0.08', '0.08']
2026-05-05 19:12:00 | DEBUG   | dpfl.algorithms.trust_aware.simulator | Round 16 Phase 1+2: 0.15s
2026-05-05 19:12:03 | INFO    | dpfl.core.base_simulator | Round  17/150 | Acc: 0.8572 | Loss: 0.5665 | eps_max: 0.91 eps_avg: 0.91 | P: 0.00 R: nan F1: nan
2026-05-05 19:12:03 | DEBUG   | dpfl.core.base_simulator | Update norms — honest: ['0.06', '0.06', '0.06', '0.06', '0.06'], attacker: ['0.07', '0.07', '0.07', '0.07', '0.07']
2026-05-05 19:12:04 | DEBUG   | dpfl.algorithms.trust_aware.simulator | Round 17 Phase 1+2: 0.15s
2026-05-05 19:12:07 | INFO    | dpfl.core.base_simulator | Round  18/150 | Acc: 0.8596 | Loss: 0.5500 | eps_max: 0.95 eps_avg: 0.95 | P: nan R: nan F1: nan
2026-05-05 19:12:07 | DEBUG   | dpfl.core.base_simulator | Update norms — honest: ['0.06', '0.06', '0.06', '0.06', '0.06'], attacker: ['0.07', '0.07', '0.07', '0.07', '0.07']
2026-05-05 19:12:08 | DEBUG   | dpfl.algorithms.trust_aware.simulator | Round 18 Phase 1+2: 0.15s
2026-05-05 19:12:40 | INFO    | dpfl.core.base_simulator | Round  19/150 | Acc: 0.8616 | Loss: 0.5355 | eps_max: 0.98 eps_avg: 0.98 | P: nan R: nan F1: nan
2026-05-05 19:12:40 | DEBUG   | dpfl.core.base_simulator | Update norms — honest: ['0.05', '0.06', '0.05', '0.06', '0.05'], attacker: ['0.06', '0.07', '0.07', '0.07', '0.06']
2026-05-05 19:12:41 | DEBUG   | dpfl.algorithms.trust_aware.simulator | Round 19 Phase 1+2: 0.16s
2026-05-05 19:12:45 | INFO    | dpfl.core.base_simulator | Round  20/150 | Acc: 0.8633 | Loss: 0.5225 | eps_max: 1.02 eps_avg: 1.02 | P: 0.00 R: nan F1: nan
2026-05-05 19:12:45 | DEBUG   | dpfl.core.base_simulator | Update norms — honest: ['0.05', '0.05', '0.05', '0.06', '0.05'], attacker: ['0.06', '0.06', '0.06', '0.06', '0.06']
2026-05-05 19:12:45 | DEBUG   | dpfl.algorithms.trust_aware.simulator | Round 20 Phase 1+2: 0.15s
2026-05-05 19:12:55 | INFO    | dpfl.core.base_simulator | Round  21/150 | Acc: 0.8650 | Loss: 0.5112 | eps_max: 1.06 eps_avg: 1.06 | P: nan R: nan F1: nan
2026-05-05 19:12:55 | DEBUG   | dpfl.core.base_simulator | Update norms — honest: ['0.05', '0.05', '0.05', '0.05', '0.05'], attacker: ['0.06', '0.06', '0.06', '0.06', '0.06']
2026-05-05 19:12:56 | DEBUG   | dpfl.algorithms.trust_aware.simulator | Round 21 Phase 1+2: 0.69s
2026-05-05 19:13:06 | INFO    | dpfl.core.base_simulator | Round  22/150 | Acc: 0.8665 | Loss: 0.5010 | eps_max: 1.10 eps_avg: 1.10 | P: nan R: nan F1: nan
2026-05-05 19:13:06 | DEBUG   | dpfl.core.base_simulator | Update norms — honest: ['0.05', '0.05', '0.05', '0.05', '0.05'], attacker: ['0.05', '0.06', '0.06', '0.06', '0.06']
2026-05-05 19:13:06 | DEBUG   | dpfl.algorithms.trust_aware.simulator | Round 22 Phase 1+2: 0.69s
2026-05-05 19:13:15 | INFO    | dpfl.core.base_simulator | Round  23/150 | Acc: 0.8679 | Loss: 0.4917 | eps_max: 1.15 eps_avg: 1.15 | P: 0.00 R: nan F1: nan
2026-05-05 19:13:15 | DEBUG   | dpfl.core.base_simulator | Update norms — honest: ['0.05', '0.05', '0.05', '0.05', '0.05'], attacker: ['0.05', '0.05', '0.05', '0.05', '0.05']
2026-05-05 19:13:16 | DEBUG   | dpfl.algorithms.trust_aware.simulator | Round 23 Phase 1+2: 0.68s
2026-05-05 19:13:24 | INFO    | dpfl.core.base_simulator | Round  24/150 | Acc: 0.8691 | Loss: 0.4834 | eps_max: 1.19 eps_avg: 1.19 | P: 0.00 R: nan F1: nan
2026-05-05 19:13:24 | DEBUG   | dpfl.core.base_simulator | Update norms — honest: ['0.05', '0.04', '0.05', '0.05', '0.04'], attacker: ['0.05', '0.05', '0.05', '0.05', '0.05']
2026-05-05 19:13:25 | DEBUG   | dpfl.algorithms.trust_aware.simulator | Round 24 Phase 1+2: 0.68s
2026-05-05 19:13:32 | INFO    | dpfl.core.base_simulator | Round  25/150 | Acc: 0.8701 | Loss: 0.4759 | eps_max: 1.22 eps_avg: 1.22 | P: nan R: nan F1: nan
2026-05-05 19:13:32 | DEBUG   | dpfl.core.base_simulator | Update norms — honest: ['0.04', '0.04', '0.04', '0.04', '0.04'], attacker: ['0.05', '0.05', '0.05', '0.05', '0.05']
2026-05-05 19:13:33 | DEBUG   | dpfl.algorithms.trust_aware.simulator | Round 25 Phase 1+2: 0.67s
2026-05-05 19:13:41 | INFO    | dpfl.core.base_simulator | Round  26/150 | Acc: 0.8713 | Loss: 0.4690 | eps_max: 1.26 eps_avg: 1.26 | P: nan R: nan F1: nan
2026-05-05 19:13:41 | DEBUG   | dpfl.core.base_simulator | Update norms — honest: ['0.04', '0.04', '0.04', '0.04', '0.04'], attacker: ['0.05', '0.05', '0.05', '0.05', '0.05']
2026-05-05 19:13:42 | DEBUG   | dpfl.algorithms.trust_aware.simulator | Round 26 Phase 1+2: 0.68s
2026-05-05 19:13:48 | INFO    | dpfl.core.base_simulator | Round  27/150 | Acc: 0.8722 | Loss: 0.4626 | eps_max: 1.29 eps_avg: 1.29 | P: 0.00 R: nan F1: nan
2026-05-05 19:13:48 | DEBUG   | dpfl.core.base_simulator | Update norms — honest: ['0.04', '0.04', '0.04', '0.04', '0.04'], attacker: ['0.05', '0.05', '0.05', '0.05', '0.04']
2026-05-05 19:13:49 | DEBUG   | dpfl.algorithms.trust_aware.simulator | Round 27 Phase 1+2: 0.15s
2026-05-05 19:13:52 | INFO    | dpfl.core.base_simulator | Round  28/150 | Acc: 0.8730 | Loss: 0.4571 | eps_max: 1.32 eps_avg: 1.32 | P: 0.00 R: nan F1: nan
2026-05-05 19:13:52 | DEBUG   | dpfl.core.base_simulator | Update norms — honest: ['0.04', '0.04', '0.04', '0.04', '0.04'], attacker: ['0.04', '0.05', '0.05', '0.05', '0.04']
2026-05-05 19:13:53 | DEBUG   | dpfl.algorithms.trust_aware.simulator | Round 28 Phase 1+2: 0.15s
2026-05-05 19:13:58 | INFO    | dpfl.core.base_simulator | Round  29/150 | Acc: 0.8738 | Loss: 0.4518 | eps_max: 1.36 eps_avg: 1.36 | P: 0.00 R: nan F1: nan
2026-05-05 19:13:58 | DEBUG   | dpfl.core.base_simulator | Update norms — honest: ['0.04', '0.04', '0.04', '0.04', '0.04'], attacker: ['0.04', '0.04', '0.05', '0.04', '0.04']
2026-05-05 19:13:58 | DEBUG   | dpfl.algorithms.trust_aware.simulator | Round 29 Phase 1+2: 0.15s
2026-05-05 19:14:08 | INFO    | dpfl.core.base_simulator | Round  30/150 | Acc: 0.8746 | Loss: 0.4468 | eps_max: 1.39 eps_avg: 1.39 | P: nan R: nan F1: nan
2026-05-05 19:14:08 | DEBUG   | dpfl.core.base_simulator | Update norms — honest: ['0.04', '0.04', '0.03', '0.04', '0.04'], attacker: ['0.04', '0.04', '0.04', '0.04', '0.04']
2026-05-05 19:14:09 | DEBUG   | dpfl.algorithms.trust_aware.simulator | Round 30 Phase 1+2: 0.69s
2026-05-05 19:14:18 | INFO    | dpfl.core.base_simulator | Round  31/150 | Acc: 0.8752 | Loss: 0.4423 | eps_max: 1.43 eps_avg: 1.43 | P: nan R: nan F1: nan
2026-05-05 19:14:18 | DEBUG   | dpfl.core.base_simulator | Update norms — honest: ['0.04', '0.04', '0.04', '0.04', '0.04'], attacker: ['0.04', '0.04', '0.04', '0.04', '0.04']
2026-05-05 19:14:19 | DEBUG   | dpfl.algorithms.trust_aware.simulator | Round 31 Phase 1+2: 0.67s
2026-05-05 19:14:25 | INFO    | dpfl.core.base_simulator | Round  32/150 | Acc: 0.8758 | Loss: 0.4381 | eps_max: 1.47 eps_avg: 1.47 | P: 0.00 R: nan F1: nan
2026-05-05 19:14:25 | DEBUG   | dpfl.core.base_simulator | Update norms — honest: ['0.04', '0.04', '0.04', '0.04', '0.04'], attacker: ['0.04', '0.04', '0.04', '0.04', '0.04']
2026-05-05 19:14:25 | DEBUG   | dpfl.algorithms.trust_aware.simulator | Round 32 Phase 1+2: 0.15s
2026-05-05 19:14:30 | INFO    | dpfl.core.base_simulator | Round  33/150 | Acc: 0.8766 | Loss: 0.4343 | eps_max: 1.51 eps_avg: 1.51 | P: 0.00 R: nan F1: nan
2026-05-05 19:14:30 | DEBUG   | dpfl.core.base_simulator | Update norms — honest: ['0.04', '0.04', '0.04', '0.03', '0.04'], attacker: ['0.04', '0.04', '0.04', '0.04', '0.04']
2026-05-05 19:14:30 | DEBUG   | dpfl.algorithms.trust_aware.simulator | Round 33 Phase 1+2: 0.15s
2026-05-05 19:14:35 | INFO    | dpfl.core.base_simulator | Round  34/150 | Acc: 0.8771 | Loss: 0.4307 | eps_max: 1.56 eps_avg: 1.56 | P: 0.00 R: nan F1: nan
2026-05-05 19:14:35 | DEBUG   | dpfl.core.base_simulator | Update norms — honest: ['0.04', '0.04', '0.03', '0.04', '0.04'], attacker: ['0.04', '0.04', '0.04', '0.04', '0.04']
2026-05-05 19:14:35 | DEBUG   | dpfl.algorithms.trust_aware.simulator | Round 34 Phase 1+2: 0.15s
2026-05-05 19:14:46 | INFO    | dpfl.core.base_simulator | Round  35/150 | Acc: 0.8776 | Loss: 0.4274 | eps_max: 1.60 eps_avg: 1.60 | P: 0.00 R: nan F1: nan
2026-05-05 19:14:46 | DEBUG   | dpfl.core.base_simulator | Update norms — honest: ['0.04', '0.03', '0.03', '0.03', '0.03'], attacker: ['0.04', '0.04', '0.04', '0.04', '0.04']
2026-05-05 19:14:47 | DEBUG   | dpfl.algorithms.trust_aware.simulator | Round 35 Phase 1+2: 0.67s
2026-05-05 19:14:53 | INFO    | dpfl.core.base_simulator | Round  36/150 | Acc: 0.8782 | Loss: 0.4243 | eps_max: 1.63 eps_avg: 1.63 | P: 0.00 R: nan F1: nan
2026-05-05 19:14:53 | DEBUG   | dpfl.core.base_simulator | Update norms — honest: ['0.03', '0.03', '0.03', '0.03', '0.03'], attacker: ['0.04', '0.04', '0.04', '0.04', '0.04']
2026-05-05 19:14:53 | DEBUG   | dpfl.algorithms.trust_aware.simulator | Round 36 Phase 1+2: 0.15s
2026-05-05 19:14:58 | INFO    | dpfl.core.base_simulator | Round  37/150 | Acc: 0.8786 | Loss: 0.4214 | eps_max: 1.67 eps_avg: 1.67 | P: 0.00 R: nan F1: nan
2026-05-05 19:14:58 | DEBUG   | dpfl.core.base_simulator | Update norms — honest: ['0.03', '0.03', '0.03', '0.03', '0.03'], attacker: ['0.04', '0.04', '0.04', '0.04', '0.04']
2026-05-05 19:14:58 | DEBUG   | dpfl.algorithms.trust_aware.simulator | Round 37 Phase 1+2: 0.15s
2026-05-05 19:15:04 | INFO    | dpfl.core.base_simulator | Round  38/150 | Acc: 0.8791 | Loss: 0.4187 | eps_max: 1.70 eps_avg: 1.70 | P: 0.00 R: nan F1: nan
2026-05-05 19:15:04 | DEBUG   | dpfl.core.base_simulator | Update norms — honest: ['0.03', '0.03', '0.03', '0.03', '0.03'], attacker: ['0.03', '0.04', '0.04', '0.04', '0.03']
2026-05-05 19:15:05 | DEBUG   | dpfl.algorithms.trust_aware.simulator | Round 38 Phase 1+2: 0.71s
2026-05-05 19:15:16 | INFO    | dpfl.core.base_simulator | Round  39/150 | Acc: 0.8793 | Loss: 0.4164 | eps_max: 1.74 eps_avg: 1.74 | P: 0.00 R: nan F1: nan
2026-05-05 19:15:16 | DEBUG   | dpfl.core.base_simulator | Update norms — honest: ['0.03', '0.03', '0.03', '0.03', '0.03'], attacker: ['0.03', '0.04', '0.04', '0.04', '0.03']
2026-05-05 19:15:16 | DEBUG   | dpfl.algorithms.trust_aware.simulator | Round 39 Phase 1+2: 0.48s
2026-05-05 19:15:21 | INFO    | dpfl.core.base_simulator | Round  40/150 | Acc: 0.8797 | Loss: 0.4140 | eps_max: 1.78 eps_avg: 1.78 | P: 0.00 R: nan F1: nan
2026-05-05 19:15:21 | DEBUG   | dpfl.core.base_simulator | Update norms — honest: ['0.03', '0.03', '0.03', '0.03', '0.03'], attacker: ['0.03', '0.03', '0.04', '0.03', '0.04']
2026-05-05 19:15:21 | DEBUG   | dpfl.algorithms.trust_aware.simulator | Round 40 Phase 1+2: 0.16s
2026-05-05 19:15:26 | INFO    | dpfl.core.base_simulator | Round  41/150 | Acc: 0.8801 | Loss: 0.4117 | eps_max: 1.82 eps_avg: 1.82 | P: 0.00 R: nan F1: nan
2026-05-05 19:15:26 | DEBUG   | dpfl.core.base_simulator | Update norms — honest: ['0.03', '0.03', '0.03', '0.03', '0.03'], attacker: ['0.03', '0.03', '0.03', '0.03', '0.03']
2026-05-05 19:15:26 | DEBUG   | dpfl.algorithms.trust_aware.simulator | Round 41 Phase 1+2: 0.15s
2026-05-05 19:15:35 | INFO    | dpfl.core.base_simulator | Round  42/150 | Acc: 0.8804 | Loss: 0.4097 | eps_max: 1.86 eps_avg: 1.86 | P: 0.00 R: nan F1: nan
2026-05-05 19:15:35 | DEBUG   | dpfl.core.base_simulator | Update norms — honest: ['0.03', '0.03', '0.03', '0.03', '0.03'], attacker: ['0.03', '0.03', '0.04', '0.03', '0.04']
2026-05-05 19:15:36 | DEBUG   | dpfl.algorithms.trust_aware.simulator | Round 42 Phase 1+2: 0.67s
2026-05-05 19:15:45 | INFO    | dpfl.core.base_simulator | Round  43/150 | Acc: 0.8808 | Loss: 0.4077 | eps_max: 1.90 eps_avg: 1.90 | P: 0.00 R: nan F1: nan
2026-05-05 19:15:45 | DEBUG   | dpfl.core.base_simulator | Update norms — honest: ['0.03', '0.03', '0.03', '0.03', '0.03'], attacker: ['0.03', '0.03', '0.03', '0.03', '0.03']
2026-05-05 19:15:46 | DEBUG   | dpfl.algorithms.trust_aware.simulator | Round 43 Phase 1+2: 0.29s
2026-05-05 19:15:51 | INFO    | dpfl.core.base_simulator | Round  44/150 | Acc: 0.8810 | Loss: 0.4059 | eps_max: 1.95 eps_avg: 1.95 | P: 0.00 R: nan F1: nan
2026-05-05 19:15:51 | DEBUG   | dpfl.core.base_simulator | Update norms — honest: ['0.03', '0.03', '0.03', '0.03', '0.03'], attacker: ['0.03', '0.03', '0.03', '0.03', '0.04']
2026-05-05 19:15:51 | DEBUG   | dpfl.algorithms.trust_aware.simulator | Round 44 Phase 1+2: 0.15s
2026-05-05 19:15:56 | INFO    | dpfl.core.base_simulator | Round  45/150 | Acc: 0.8813 | Loss: 0.4043 | eps_max: 2.00 eps_avg: 2.00 | P: 0.00 R: nan F1: nan
2026-05-05 19:15:56 | DEBUG   | dpfl.core.base_simulator | Update norms — honest: ['0.03', '0.03', '0.03', '0.03', '0.03'], attacker: ['0.03', '0.03', '0.03', '0.03', '0.03']
2026-05-05 19:15:56 | DEBUG   | dpfl.algorithms.trust_aware.simulator | Round 45 Phase 1+2: 0.15s
2026-05-05 19:16:03 | INFO    | dpfl.core.base_simulator | Round  46/150 | Acc: 0.8816 | Loss: 0.4027 | eps_max: 2.04 eps_avg: 2.04 | P: 0.00 R: nan F1: nan
2026-05-05 19:16:03 | DEBUG   | dpfl.core.base_simulator | Update norms — honest: ['0.03', '0.03', '0.03', '0.03', '0.03'], attacker: ['0.03', '0.03', '0.03', '0.03', '0.03']
2026-05-05 19:16:03 | DEBUG   | dpfl.algorithms.trust_aware.simulator | Round 46 Phase 1+2: 0.47s
2026-05-05 19:16:15 | INFO    | dpfl.core.base_simulator | Round  47/150 | Acc: 0.8819 | Loss: 0.4011 | eps_max: 2.08 eps_avg: 2.08 | P: 0.00 R: nan F1: nan
2026-05-05 19:16:15 | DEBUG   | dpfl.core.base_simulator | Update norms — honest: ['0.03', '0.03', '0.03', '0.03', '0.03'], attacker: ['0.03', '0.03', '0.03', '0.03', '0.03']
2026-05-05 19:16:16 | DEBUG   | dpfl.algorithms.trust_aware.simulator | Round 47 Phase 1+2: 0.70s
2026-05-05 19:16:23 | INFO    | dpfl.core.base_simulator | Round  48/150 | Acc: 0.8821 | Loss: 0.3998 | eps_max: 2.11 eps_avg: 2.11 | P: 0.00 R: nan F1: nan
2026-05-05 19:16:23 | DEBUG   | dpfl.core.base_simulator | Update norms — honest: ['0.03', '0.03', '0.03', '0.03', '0.03'], attacker: ['0.03', '0.03', '0.03', '0.03', '0.03']
2026-05-05 19:16:23 | DEBUG   | dpfl.algorithms.trust_aware.simulator | Round 48 Phase 1+2: 0.15s
2026-05-05 19:16:29 | INFO    | dpfl.core.base_simulator | Round  49/150 | Acc: 0.8823 | Loss: 0.3984 | eps_max: 2.15 eps_avg: 2.15 | P: 0.00 R: nan F1: nan
2026-05-05 19:16:29 | DEBUG   | dpfl.core.base_simulator | Update norms — honest: ['0.03', '0.03', '0.03', '0.02', '0.03'], attacker: ['0.03', '0.03', '0.03', '0.03', '0.03']
2026-05-05 19:16:29 | DEBUG   | dpfl.algorithms.trust_aware.simulator | Round 49 Phase 1+2: 0.15s
2026-05-05 19:16:34 | INFO    | dpfl.core.base_simulator | Round  50/150 | Acc: 0.8826 | Loss: 0.3970 | eps_max: 2.19 eps_avg: 2.19 | P: 0.00 R: nan F1: nan
2026-05-05 19:16:34 | DEBUG   | dpfl.core.base_simulator | Update norms — honest: ['0.03', '0.03', '0.03', '0.03', '0.03'], attacker: ['0.03', '0.03', '0.03', '0.03', '0.03']
2026-05-05 19:16:34 | DEBUG   | dpfl.algorithms.trust_aware.simulator | Round 50 Phase 1+2: 0.13s
2026-05-05 19:16:41 | INFO    | dpfl.core.base_simulator | Round  51/150 | Acc: 0.8828 | Loss: 0.3959 | eps_max: 2.22 eps_avg: 2.22 | P: 0.75 R: 1.00 F1: 1.00
2026-05-05 19:16:41 | DEBUG   | dpfl.core.base_simulator | Update norms — honest: ['0.03', '0.03', '0.03', '0.03', '0.03'], attacker: ['0.56', '0.65', '0.60', '0.61', '0.58']
2026-05-05 19:16:41 | DEBUG   | dpfl.algorithms.trust_aware.simulator | Round 51 Phase 1+2: 0.13s
2026-05-05 19:16:47 | INFO    | dpfl.core.base_simulator | Round  52/150 | Acc: 0.8826 | Loss: 0.3956 | eps_max: 2.26 eps_avg: 2.26 | P: 0.77 R: 0.95 F1: 0.97
2026-05-05 19:16:47 | DEBUG   | dpfl.core.base_simulator | Update norms — honest: ['0.03', '0.03', '0.02', '0.03', '0.03'], attacker: ['0.88', '1.72', '1.21', '1.27', '0.95']
2026-05-05 19:16:47 | DEBUG   | dpfl.algorithms.trust_aware.simulator | Round 52 Phase 1+2: 0.13s
2026-05-05 19:16:55 | INFO    | dpfl.core.base_simulator | Round  53/150 | Acc: 0.8819 | Loss: 0.3978 | eps_max: 2.30 eps_avg: 2.30 | P: 0.88 R: 0.65 F1: 0.78
2026-05-05 19:16:55 | DEBUG   | dpfl.core.base_simulator | Update norms — honest: ['0.02', '0.03', '0.03', '0.02', '0.03'], attacker: ['4.20', '10.30', '6.80', '6.74', '4.74']
2026-05-05 19:16:55 | DEBUG   | dpfl.algorithms.trust_aware.simulator | Round 53 Phase 1+2: 0.13s
2026-05-05 19:17:01 | INFO    | dpfl.core.base_simulator | Round  54/150 | Acc: 0.8804 | Loss: 0.4017 | eps_max: 2.34 eps_avg: 2.34 | P: 0.93 R: 0.76 F1: 0.82
2026-05-05 19:17:01 | DEBUG   | dpfl.core.base_simulator | Update norms — honest: ['0.03', '0.03', '0.02', '0.02', '0.02'], attacker: ['20.31', '45.35', '34.50', '22.39', '22.59']
2026-05-05 19:17:01 | DEBUG   | dpfl.algorithms.trust_aware.simulator | Round 54 Phase 1+2: 0.13s
2026-05-05 19:17:07 | INFO    | dpfl.core.base_simulator | Round  55/150 | Acc: 0.8822 | Loss: 0.3988 | eps_max: 2.39 eps_avg: 2.39 | P: 0.73 R: 1.00 F1: 1.00
2026-05-05 19:17:07 | DEBUG   | dpfl.core.base_simulator | Update norms — honest: ['0.03', '0.03', '0.02', '0.03', '0.02'], attacker: ['111.26', '234.39', '177.47', '101.08', '110.25']
2026-05-05 19:17:07 | DEBUG   | dpfl.algorithms.trust_aware.simulator | Round 55 Phase 1+2: 0.13s
2026-05-05 19:17:12 | INFO    | dpfl.core.base_simulator | Round  56/150 | Acc: 0.8834 | Loss: 0.3916 | eps_max: 2.43 eps_avg: 2.43 | P: 0.84 R: 1.00 F1: 0.99
2026-05-05 19:17:12 | DEBUG   | dpfl.core.base_simulator | Update norms — honest: ['0.03', '0.02', '0.03', '0.03', '0.03'], attacker: ['600.58', '1236.87', '955.40', '524.92', '600.80']
2026-05-05 19:17:13 | DEBUG   | dpfl.algorithms.trust_aware.simulator | Round 56 Phase 1+2: 0.13s
2026-05-05 19:17:18 | INFO    | dpfl.core.base_simulator | Round  57/150 | Acc: 0.8837 | Loss: 0.3905 | eps_max: 2.48 eps_avg: 2.48 | P: 0.71 R: 1.00 F1: 1.00
2026-05-05 19:17:18 | DEBUG   | dpfl.core.base_simulator | Update norms — honest: ['0.02', '0.03', '0.03', '0.02', '0.02'], attacker: ['3241.09', '6716.93', '4708.15', '2780.39', '3357.69']
2026-05-05 19:17:18 | DEBUG   | dpfl.algorithms.trust_aware.simulator | Round 57 Phase 1+2: 0.13s
2026-05-05 19:17:23 | INFO    | dpfl.core.base_simulator | Round  58/150 | Acc: 0.8836 | Loss: 0.3902 | eps_max: 2.52 eps_avg: 2.52 | P: 0.89 R: 1.00 F1: 1.00
2026-05-05 19:17:23 | DEBUG   | dpfl.core.base_simulator | Update norms — honest: ['0.03', '0.03', '0.02', '0.02', '0.02'], attacker: ['15982.19', '33343.29', '25153.00', '14841.64', '18134.20']
2026-05-05 19:17:23 | DEBUG   | dpfl.algorithms.trust_aware.simulator | Round 58 Phase 1+2: 0.13s
2026-05-05 19:17:28 | INFO    | dpfl.core.base_simulator | Round  59/150 | Acc: 0.8840 | Loss: 0.3890 | eps_max: 2.57 eps_avg: 2.57 | P: 0.84 R: 1.00 F1: 0.99
2026-05-05 19:17:28 | DEBUG   | dpfl.core.base_simulator | Update norms — honest: ['0.03', '0.03', '0.02', '0.03', '0.02'], attacker: ['82304.17', '172339.80', '127852.63', '82295.56', '89292.30']
2026-05-05 19:17:29 | DEBUG   | dpfl.algorithms.trust_aware.simulator | Round 59 Phase 1+2: 0.13s
2026-05-05 19:17:34 | INFO    | dpfl.core.base_simulator | Round  60/150 | Acc: 0.8841 | Loss: 0.3883 | eps_max: 2.62 eps_avg: 2.62 | P: 0.84 R: 1.00 F1: 1.00
2026-05-05 19:17:34 | DEBUG   | dpfl.core.base_simulator | Update norms — honest: ['0.02', '0.02', '0.02', '0.03', '0.02'], attacker: ['404269.00', '841402.12', '637912.50', '423306.53', '468961.94']
2026-05-05 19:17:34 | DEBUG   | dpfl.algorithms.trust_aware.simulator | Round 60 Phase 1+2: 0.13s
2026-05-05 19:17:39 | INFO    | dpfl.core.base_simulator | Round  61/150 | Acc: 0.8842 | Loss: 0.3877 | eps_max: 2.67 eps_avg: 2.67 | P: 0.92 R: 1.00 F1: 1.00
2026-05-05 19:17:39 | DEBUG   | dpfl.core.base_simulator | Update norms — honest: ['0.02', '0.03', '0.02', '0.02', '0.02'], attacker: ['2094354.75', '4342700.50', '3215464.25', '2217911.00', '2361955.00']
2026-05-05 19:17:40 | DEBUG   | dpfl.algorithms.trust_aware.simulator | Round 61 Phase 1+2: 0.12s
2026-05-05 19:17:45 | INFO    | dpfl.core.base_simulator | Round  62/150 | Acc: 0.8844 | Loss: 0.3871 | eps_max: 2.73 eps_avg: 2.73 | P: 0.75 R: 1.00 F1: 1.00
2026-05-05 19:17:45 | DEBUG   | dpfl.core.base_simulator | Update norms — honest: ['0.02', '0.02', '0.02', '0.02', '0.02'], attacker: ['10501251.00', '22362034.00', '16740044.00', '11369902.00', '12122814.00']
2026-05-05 19:17:45 | DEBUG   | dpfl.algorithms.trust_aware.simulator | Round 62 Phase 1+2: 0.13s
2026-05-05 19:17:51 | INFO    | dpfl.core.base_simulator | Round  63/150 | Acc: 0.8844 | Loss: 0.3866 | eps_max: 2.78 eps_avg: 2.78 | P: 0.67 R: 1.00 F1: 0.98
2026-05-05 19:17:51 | DEBUG   | dpfl.core.base_simulator | Update norms — honest: ['0.03', '0.02', '0.02', '0.02', '0.02'], attacker: ['52316464.00', '114436160.00', '78730768.00', '57464560.00', '55650104.00']
2026-05-05 19:17:51 | DEBUG   | dpfl.algorithms.trust_aware.simulator | Round 63 Phase 1+2: 0.15s
2026-05-05 19:17:57 | INFO    | dpfl.core.base_simulator | Round  64/150 | Acc: 0.8845 | Loss: 0.3861 | eps_max: 2.84 eps_avg: 2.84 | P: 0.74 R: 1.00 F1: 0.98
2026-05-05 19:17:57 | DEBUG   | dpfl.core.base_simulator | Update norms — honest: ['0.02', '0.02', '0.02', '0.02', '0.02'], attacker: ['263438416.00', '569349120.00', '424622144.00', '295020640.00', '303073472.00']
2026-05-05 19:17:57 | DEBUG   | dpfl.algorithms.trust_aware.simulator | Round 64 Phase 1+2: 0.13s
2026-05-05 19:18:03 | INFO    | dpfl.core.base_simulator | Round  65/150 | Acc: 0.8844 | Loss: 0.3859 | eps_max: 2.88 eps_avg: 2.88 | P: 0.92 R: 1.00 F1: 0.99
2026-05-05 19:18:03 | DEBUG   | dpfl.core.base_simulator | Update norms — honest: ['0.02', '0.02', '0.02', '0.02', '0.02'], attacker: ['1314979712.00', '2911072256.00', '2139346048.00', '1492157696.00', '1394544768.00']
2026-05-05 19:18:03 | DEBUG   | dpfl.algorithms.trust_aware.simulator | Round 65 Phase 1+2: 0.13s
2026-05-05 19:18:09 | INFO    | dpfl.core.base_simulator | Round  66/150 | Acc: 0.8844 | Loss: 0.3859 | eps_max: 2.91 eps_avg: 2.91 | P: 1.00 R: 1.00 F1: 1.00
2026-05-05 19:18:09 | DEBUG   | dpfl.core.base_simulator | Update norms — honest: ['0.02', '0.02', '0.02', '0.02', '0.02'], attacker: ['6791577600.00', '14846423040.00', '10734999552.00', '7498371072.00', '7893878272.00']
2026-05-05 19:18:09 | DEBUG   | dpfl.algorithms.trust_aware.simulator | Round 66 Phase 1+2: 0.13s
2026-05-05 19:18:15 | INFO    | dpfl.core.base_simulator | Round  67/150 | Acc: 0.8848 | Loss: 0.3847 | eps_max: 2.95 eps_avg: 2.95 | P: 1.00 R: 1.00 F1: 1.00
2026-05-05 19:18:15 | DEBUG   | dpfl.core.base_simulator | Update norms — honest: ['0.02', '0.02', '0.02', '0.02', '0.02'], attacker: ['33990344704.00', '75071627264.00', '52376174592.00', '37705560064.00', '36427534336.00']
2026-05-05 19:18:15 | DEBUG   | dpfl.algorithms.trust_aware.simulator | Round 67 Phase 1+2: 0.13s
2026-05-05 19:18:22 | INFO    | dpfl.core.base_simulator | Round  68/150 | Acc: 0.8849 | Loss: 0.3843 | eps_max: 2.99 eps_avg: 2.99 | P: 0.59 R: 1.00 F1: 0.98
2026-05-05 19:18:22 | DEBUG   | dpfl.core.base_simulator | Update norms — honest: ['0.03', '0.02', '0.02', '0.02', '0.02'], attacker: ['169568534528.00', '363949162496.00', '281487638528.00', '190857412608.00', '199356350464.00']
2026-05-05 19:18:22 | DEBUG   | dpfl.algorithms.trust_aware.simulator | Round 68 Phase 1+2: 0.13s
2026-05-05 19:18:33 | INFO    | dpfl.core.base_simulator | Round  69/150 | Acc: 0.8847 | Loss: 0.3844 | eps_max: 3.02 eps_avg: 3.02 | P: 0.55 R: 1.00 F1: 1.00
2026-05-05 19:18:33 | DEBUG   | dpfl.core.base_simulator | Update norms — honest: ['0.02', '0.02', '0.03', '0.02', '0.02'], attacker: ['907011031040.00', '1912277958656.00', '1441496301568.00', '974878801920.00', '1007744057344.00']
2026-05-05 19:18:33 | DEBUG   | dpfl.algorithms.trust_aware.simulator | Round 69 Phase 1+2: 0.46s
2026-05-05 19:18:43 | INFO    | dpfl.core.base_simulator | Round  70/150 | Acc: 0.8850 | Loss: 0.3837 | eps_max: 3.06 eps_avg: 3.06 | P: 1.00 R: 1.00 F1: 1.00
2026-05-05 19:18:43 | DEBUG   | dpfl.core.base_simulator | Update norms — honest: ['0.02', '0.02', '0.02', '0.02', '0.02'], attacker: ['4675572072448.00', '9524022870016.00', '7194228031488.00', '4865494876160.00', '5206577250304.00']
2026-05-05 19:18:44 | DEBUG   | dpfl.algorithms.trust_aware.simulator | Round 70 Phase 1+2: 0.46s
2026-05-05 19:18:50 | INFO    | dpfl.core.base_simulator | Round  71/150 | Acc: 0.8850 | Loss: 0.3834 | eps_max: 3.10 eps_avg: 3.10 | P: 0.71 R: 1.00 F1: 1.00
2026-05-05 19:18:50 | DEBUG   | dpfl.core.base_simulator | Update norms — honest: ['0.02', '0.02', '0.02', '0.02', '0.02'], attacker: ['23527832944640.00', '47757205176320.00', '34303004114944.00', '24537911525376.00', '25428263698432.00']
2026-05-05 19:18:50 | DEBUG   | dpfl.algorithms.trust_aware.simulator | Round 71 Phase 1+2: 0.13s
2026-05-05 19:18:56 | INFO    | dpfl.core.base_simulator | Round  72/150 | Acc: 0.8848 | Loss: 0.3841 | eps_max: 3.14 eps_avg: 3.14 | P: 0.80 R: 1.00 F1: 1.00
2026-05-05 19:18:56 | DEBUG   | dpfl.core.base_simulator | Update norms — honest: ['0.02', '0.02', '0.02', '0.02', '0.02'], attacker: ['115182500052992.00', '246742045949952.00', '182910913085440.00', '123340069011456.00', '135814977683456.00']
2026-05-05 19:18:56 | DEBUG   | dpfl.algorithms.trust_aware.simulator | Round 72 Phase 1+2: 0.13s
2026-05-05 19:19:03 | INFO    | dpfl.core.base_simulator | Round  73/150 | Acc: 0.8851 | Loss: 0.3829 | eps_max: 3.18 eps_avg: 3.18 | P: 0.67 R: 1.00 F1: 1.00
2026-05-05 19:19:03 | DEBUG   | dpfl.core.base_simulator | Update norms — honest: ['0.02', '0.02', '0.02', '0.02', '0.02'], attacker: ['573669252268032.00', '1206225861607424.00', '879556487544832.00', '621821003038720.00', '697775150858240.00']
2026-05-05 19:19:03 | DEBUG   | dpfl.algorithms.trust_aware.simulator | Round 73 Phase 1+2: 0.13s
2026-05-05 19:19:09 | INFO    | dpfl.core.base_simulator | Round  74/150 | Acc: 0.8852 | Loss: 0.3827 | eps_max: 3.23 eps_avg: 3.23 | P: 0.76 R: 1.00 F1: 1.00
2026-05-05 19:19:09 | DEBUG   | dpfl.core.base_simulator | Update norms — honest: ['0.02', '0.02', '0.02', '0.02', '0.02'], attacker: ['2916914959482880.00', '6017528354570240.00', '4666936159895552.00', '3159962595360768.00', '3570142172676096.00']
2026-05-05 19:19:09 | DEBUG   | dpfl.algorithms.trust_aware.simulator | Round 74 Phase 1+2: 0.13s
2026-05-05 19:19:16 | INFO    | dpfl.core.base_simulator | Round  75/150 | Acc: 0.8852 | Loss: 0.3825 | eps_max: 3.27 eps_avg: 3.27 | P: 0.64 R: 1.00 F1: 1.00
2026-05-05 19:19:16 | DEBUG   | dpfl.core.base_simulator | Update norms — honest: ['0.02', '0.02', '0.02', '0.02', '0.02'], attacker: ['14627239123484672.00', '30808131126689792.00', '22589367608410112.00', '15768069410390016.00', '16958466841116672.00']
2026-05-05 19:19:16 | DEBUG   | dpfl.algorithms.trust_aware.simulator | Round 75 Phase 1+2: 0.13s
2026-05-05 19:19:22 | INFO    | dpfl.core.base_simulator | Round  76/150 | Acc: 0.8852 | Loss: 0.3827 | eps_max: 3.31 eps_avg: 3.31 | P: 0.84 R: 1.00 F1: 1.00
2026-05-05 19:19:22 | DEBUG   | dpfl.core.base_simulator | Update norms — honest: ['0.02', '0.02', '0.02', '0.02', '0.02'], attacker: ['74215634715541504.00', '156276748751732736.00', '120444386357018624.00', '79974533024448512.00', '92643741654843392.00']
2026-05-05 19:19:22 | DEBUG   | dpfl.algorithms.trust_aware.simulator | Round 76 Phase 1+2: 0.13s
2026-05-05 19:19:33 | INFO    | dpfl.core.base_simulator | Round  77/150 | Acc: 0.8853 | Loss: 0.3821 | eps_max: 3.36 eps_avg: 3.36 | P: 0.78 R: 1.00 F1: 1.00
2026-05-05 19:19:33 | DEBUG   | dpfl.core.base_simulator | Update norms — honest: ['0.02', '0.02', '0.02', '0.02', '0.02'], attacker: ['390309757228941312.00', '809084496111468544.00', '614356107749490688.00', '398811868329672704.00', '472486912691535872.00']
2026-05-05 19:19:34 | DEBUG   | dpfl.algorithms.trust_aware.simulator | Round 77 Phase 1+2: 0.48s
2026-05-05 19:19:46 | INFO    | dpfl.core.base_simulator | Round  78/150 | Acc: 0.8854 | Loss: 0.3820 | eps_max: 3.40 eps_avg: 3.40 | P: 0.63 R: 1.00 F1: 0.99
2026-05-05 19:19:46 | DEBUG   | dpfl.core.base_simulator | Update norms — honest: ['0.02', '0.02', '0.02', '0.02', '0.02'], attacker: ['1991488099347070976.00', '4115332384788840448.00', '3093756889968672768.00', '2114059456588283904.00', '2511031670165995520.00']
2026-05-05 19:19:47 | DEBUG   | dpfl.algorithms.trust_aware.simulator | Round 78 Phase 1+2: 0.46s
2026-05-05 19:19:55 | INFO    | dpfl.core.base_simulator | Round  79/150 | Acc: 0.8854 | Loss: 0.3819 | eps_max: 3.45 eps_avg: 3.45 | P: 1.00 R: 1.00 F1: 1.00
2026-05-05 19:19:55 | DEBUG   | dpfl.core.base_simulator | Update norms — honest: ['0.02', '0.02', '0.02', '0.02', '0.02'], attacker: ['9589178455904223232.00', 'inf', '15808530794047078400.00', '10772882987553914880.00', '11598110444664913920.00']
2026-05-05 19:19:55 | DEBUG   | dpfl.algorithms.trust_aware.simulator | Round 79 Phase 1+2: 0.13s
2026-05-05 19:20:02 | INFO    | dpfl.core.base_simulator | Round  80/150 | Acc: 0.8855 | Loss: 0.3818 | eps_max: 3.50 eps_avg: 3.50 | P: 0.84 R: 1.00 F1: 0.99
2026-05-05 19:20:02 | DEBUG   | dpfl.core.base_simulator | Update norms — honest: ['0.02', '0.02', '0.02', '0.02', '0.02'], attacker: ['inf', 'nan', 'nan', 'inf', 'inf']
2026-05-05 19:20:02 | DEBUG   | dpfl.algorithms.trust_aware.simulator | Round 80 Phase 1+2: 0.13s
2026-05-05 19:20:09 | INFO    | dpfl.core.base_simulator | Round  81/150 | Acc: 0.8855 | Loss: 0.3817 | eps_max: 3.55 eps_avg: 3.55 | P: 0.93 R: 1.00 F1: 1.00
2026-05-05 19:20:09 | DEBUG   | dpfl.core.base_simulator | Update norms — honest: ['0.02', '0.02', '0.02', '0.02', '0.02'], attacker: ['nan', 'nan', 'nan', 'nan', 'nan']
2026-05-05 19:20:09 | DEBUG   | dpfl.algorithms.trust_aware.simulator | Round 81 Phase 1+2: 0.13s
2026-05-05 19:20:16 | INFO    | dpfl.core.base_simulator | Round  82/150 | Acc: 0.8855 | Loss: 0.3816 | eps_max: 3.60 eps_avg: 3.60 | P: 0.89 R: 1.00 F1: 0.98
2026-05-05 19:20:16 | DEBUG   | dpfl.core.base_simulator | Update norms — honest: ['0.02', '0.02', '0.02', '0.02', '0.02'], attacker: ['nan', 'nan', 'nan', 'nan', 'nan']
2026-05-05 19:20:16 | DEBUG   | dpfl.algorithms.trust_aware.simulator | Round 82 Phase 1+2: 0.13s
2026-05-05 19:20:23 | INFO    | dpfl.core.base_simulator | Round  83/150 | Acc: 0.8856 | Loss: 0.3815 | eps_max: 3.65 eps_avg: 3.65 | P: 1.00 R: 1.00 F1: 1.00
2026-05-05 19:20:23 | DEBUG   | dpfl.core.base_simulator | Update norms — honest: ['0.02', '0.02', '0.02', '0.02', '0.02'], attacker: ['nan', 'nan', 'nan', 'nan', 'nan']
2026-05-05 19:20:23 | DEBUG   | dpfl.algorithms.trust_aware.simulator | Round 83 Phase 1+2: 0.13s
2026-05-05 19:20:30 | INFO    | dpfl.core.base_simulator | Round  84/150 | Acc: 0.8856 | Loss: 0.3815 | eps_max: 3.71 eps_avg: 3.71 | P: 0.67 R: 1.00 F1: 1.00
2026-05-05 19:20:30 | DEBUG   | dpfl.core.base_simulator | Update norms — honest: ['0.02', '0.02', '0.02', '0.02', '0.02'], attacker: ['nan', 'nan', 'nan', 'nan', 'nan']
2026-05-05 19:20:30 | DEBUG   | dpfl.algorithms.trust_aware.simulator | Round 84 Phase 1+2: 0.13s
2026-05-05 19:20:37 | INFO    | dpfl.core.base_simulator | Round  85/150 | Acc: 0.8854 | Loss: 0.3820 | eps_max: 3.76 eps_avg: 3.76 | P: 0.89 R: 1.00 F1: 1.00
2026-05-05 19:20:37 | DEBUG   | dpfl.core.base_simulator | Update norms — honest: ['0.02', '0.02', '0.02', '0.02', '0.02'], attacker: ['nan', 'nan', 'nan', 'nan', 'nan']
2026-05-05 19:20:37 | DEBUG   | dpfl.algorithms.trust_aware.simulator | Round 85 Phase 1+2: 0.14s
2026-05-05 19:20:45 | INFO    | dpfl.core.base_simulator | Round  86/150 | Acc: 0.8856 | Loss: 0.3815 | eps_max: 3.82 eps_avg: 3.82 | P: 0.50 R: 1.00 F1: 1.00
2026-05-05 19:20:45 | DEBUG   | dpfl.core.base_simulator | Update norms — honest: ['0.02', '0.02', '0.02', '0.02', '0.02'], attacker: ['nan', 'nan', 'nan', 'nan', 'nan']
2026-05-05 19:20:45 | DEBUG   | dpfl.algorithms.trust_aware.simulator | Round 86 Phase 1+2: 0.13s
2026-05-05 19:20:55 | INFO    | dpfl.core.base_simulator | Round  87/150 | Acc: 0.8856 | Loss: 0.3818 | eps_max: 3.87 eps_avg: 3.87 | P: 0.91 R: 1.00 F1: 1.00
2026-05-05 19:20:55 | DEBUG   | dpfl.core.base_simulator | Update norms — honest: ['0.02', '0.02', '0.02', '0.02', '0.02'], attacker: ['nan', 'nan', 'nan', 'nan', 'nan']
2026-05-05 19:20:55 | DEBUG   | dpfl.algorithms.trust_aware.simulator | Round 87 Phase 1+2: 0.22s
2026-05-05 19:21:08 | INFO    | dpfl.core.base_simulator | Round  88/150 | Acc: 0.8857 | Loss: 0.3815 | eps_max: 3.92 eps_avg: 3.92 | P: 0.78 R: 1.00 F1: 0.99
2026-05-05 19:21:08 | DEBUG   | dpfl.core.base_simulator | Update norms — honest: ['0.02', '0.02', '0.02', '0.02', '0.02'], attacker: ['nan', 'nan', 'nan', 'nan', 'nan']
2026-05-05 19:21:08 | DEBUG   | dpfl.algorithms.trust_aware.simulator | Round 88 Phase 1+2: 0.47s
2026-05-05 19:21:21 | INFO    | dpfl.core.base_simulator | Round  89/150 | Acc: 0.8857 | Loss: 0.3815 | eps_max: 3.96 eps_avg: 3.96 | P: 0.61 R: 1.00 F1: 1.00
2026-05-05 19:21:21 | DEBUG   | dpfl.core.base_simulator | Update norms — honest: ['0.02', '0.02', '0.02', '0.02', '0.02'], attacker: ['nan', 'nan', 'nan', 'nan', 'nan']
2026-05-05 19:21:21 | DEBUG   | dpfl.algorithms.trust_aware.simulator | Round 89 Phase 1+2: 0.46s
2026-05-05 19:21:31 | INFO    | dpfl.core.base_simulator | Round  90/150 | Acc: 0.8858 | Loss: 0.3815 | eps_max: 4.00 eps_avg: 4.00 | P: 0.98 R: 1.00 F1: 0.99
2026-05-05 19:21:31 | DEBUG   | dpfl.core.base_simulator | Update norms — honest: ['0.02', '0.02', '0.02', '0.02', '0.02'], attacker: ['nan', 'nan', 'nan', 'nan', 'nan']
2026-05-05 19:21:32 | DEBUG   | dpfl.algorithms.trust_aware.simulator | Round 90 Phase 1+2: 0.50s
2026-05-05 19:21:40 | INFO    | dpfl.core.base_simulator | Round  91/150 | Acc: 0.8858 | Loss: 0.3816 | eps_max: 4.05 eps_avg: 4.05 | P: 0.63 R: 1.00 F1: 0.99
2026-05-05 19:21:40 | DEBUG   | dpfl.core.base_simulator | Update norms — honest: ['0.02', '0.02', '0.02', '0.02', '0.02'], attacker: ['nan', 'nan', 'nan', 'nan', 'nan']
2026-05-05 19:21:40 | DEBUG   | dpfl.algorithms.trust_aware.simulator | Round 91 Phase 1+2: 0.13s
2026-05-05 19:21:48 | INFO    | dpfl.core.base_simulator | Round  92/150 | Acc: 0.8858 | Loss: 0.3816 | eps_max: 4.09 eps_avg: 4.09 | P: 0.99 R: 1.00 F1: 1.00
2026-05-05 19:21:48 | DEBUG   | dpfl.core.base_simulator | Update norms — honest: ['0.02', '0.02', '0.02', '0.02', '0.02'], attacker: ['nan', 'nan', 'nan', 'nan', 'nan']
2026-05-05 19:21:48 | DEBUG   | dpfl.algorithms.trust_aware.simulator | Round 92 Phase 1+2: 0.13s
2026-05-05 19:21:55 | INFO    | dpfl.core.base_simulator | Round  93/150 | Acc: 0.8859 | Loss: 0.3816 | eps_max: 4.14 eps_avg: 4.14 | P: 0.54 R: 1.00 F1: 1.00
2026-05-05 19:21:55 | DEBUG   | dpfl.core.base_simulator | Update norms — honest: ['0.02', '0.02', '0.02', '0.02', '0.02'], attacker: ['nan', 'nan', 'nan', 'nan', 'nan']
2026-05-05 19:21:56 | DEBUG   | dpfl.algorithms.trust_aware.simulator | Round 93 Phase 1+2: 0.13s
2026-05-05 19:22:03 | INFO    | dpfl.core.base_simulator | Round  94/150 | Acc: 0.8859 | Loss: 0.3817 | eps_max: 4.18 eps_avg: 4.18 | P: 0.71 R: 1.00 F1: 1.00
2026-05-05 19:22:03 | DEBUG   | dpfl.core.base_simulator | Update norms — honest: ['0.02', '0.02', '0.02', '0.02', '0.02'], attacker: ['nan', 'nan', 'nan', 'nan', 'nan']
2026-05-05 19:22:03 | DEBUG   | dpfl.algorithms.trust_aware.simulator | Round 94 Phase 1+2: 0.13s
2026-05-05 19:22:11 | INFO    | dpfl.core.base_simulator | Round  95/150 | Acc: 0.8859 | Loss: 0.3818 | eps_max: 4.23 eps_avg: 4.23 | P: 0.90 R: 1.00 F1: 1.00
2026-05-05 19:22:11 | DEBUG   | dpfl.core.base_simulator | Update norms — honest: ['0.02', '0.02', '0.02', '0.02', '0.02'], attacker: ['nan', 'nan', 'nan', 'nan', 'nan']
2026-05-05 19:22:11 | DEBUG   | dpfl.algorithms.trust_aware.simulator | Round 95 Phase 1+2: 0.13s
2026-05-05 19:22:19 | INFO    | dpfl.core.base_simulator | Round  96/150 | Acc: 0.8859 | Loss: 0.3819 | eps_max: 4.28 eps_avg: 4.28 | P: 0.78 R: 1.00 F1: 1.00
2026-05-05 19:22:19 | DEBUG   | dpfl.core.base_simulator | Update norms — honest: ['0.02', '0.02', '0.02', '0.02', '0.02'], attacker: ['nan', 'nan', 'nan', 'nan', 'nan']
2026-05-05 19:22:19 | DEBUG   | dpfl.algorithms.trust_aware.simulator | Round 96 Phase 1+2: 0.13s
2026-05-05 19:22:27 | INFO    | dpfl.core.base_simulator | Round  97/150 | Acc: 0.8859 | Loss: 0.3820 | eps_max: 4.33 eps_avg: 4.33 | P: 0.86 R: 1.00 F1: 1.00
2026-05-05 19:22:27 | DEBUG   | dpfl.core.base_simulator | Update norms — honest: ['0.02', '0.02', '0.02', '0.02', '0.02'], attacker: ['nan', 'nan', 'nan', 'nan', 'nan']
2026-05-05 19:22:27 | DEBUG   | dpfl.algorithms.trust_aware.simulator | Round 97 Phase 1+2: 0.13s
2026-05-05 19:22:35 | INFO    | dpfl.core.base_simulator | Round  98/150 | Acc: 0.8859 | Loss: 0.3821 | eps_max: 4.38 eps_avg: 4.38 | P: 0.82 R: 1.00 F1: 1.00
2026-05-05 19:22:35 | DEBUG   | dpfl.core.base_simulator | Update norms — honest: ['0.01', '0.02', '0.02', '0.02', '0.02'], attacker: ['nan', 'nan', 'nan', 'nan', 'nan']
2026-05-05 19:22:35 | DEBUG   | dpfl.algorithms.trust_aware.simulator | Round 98 Phase 1+2: 0.13s
2026-05-05 19:22:43 | INFO    | dpfl.core.base_simulator | Round  99/150 | Acc: 0.8859 | Loss: 0.3822 | eps_max: 4.43 eps_avg: 4.43 | P: 0.88 R: 1.00 F1: 1.00
2026-05-05 19:22:43 | DEBUG   | dpfl.core.base_simulator | Update norms — honest: ['0.02', '0.02', '0.02', '0.02', '0.02'], attacker: ['nan', 'nan', 'nan', 'nan', 'nan']
2026-05-05 19:22:43 | DEBUG   | dpfl.algorithms.trust_aware.simulator | Round 99 Phase 1+2: 0.13s
2026-05-05 19:22:51 | INFO    | dpfl.core.base_simulator | Round 100/150 | Acc: 0.8859 | Loss: 0.3825 | eps_max: 4.49 eps_avg: 4.49 | P: 0.89 R: 1.00 F1: 0.98
2026-05-05 19:22:51 | DEBUG   | dpfl.core.base_simulator | Update norms — honest: ['0.02', '0.02', '0.02', '0.02', '0.02'], attacker: ['nan', 'nan', 'nan', 'nan', 'nan']
2026-05-05 19:22:51 | DEBUG   | dpfl.algorithms.trust_aware.simulator | Round 100 Phase 1+2: 0.13s
2026-05-05 19:22:59 | INFO    | dpfl.core.base_simulator | Round 101/150 | Acc: 0.8859 | Loss: 0.3825 | eps_max: 4.54 eps_avg: 4.54 | P: 0.58 R: 1.00 F1: 0.94
2026-05-05 19:22:59 | DEBUG   | dpfl.core.base_simulator | Update norms — honest: ['0.02', '0.02', '0.02', '0.02', '0.02'], attacker: ['nan', 'nan', 'nan', 'nan', 'nan']
2026-05-05 19:22:59 | DEBUG   | dpfl.algorithms.trust_aware.simulator | Round 101 Phase 1+2: 0.13s
2026-05-05 19:23:07 | INFO    | dpfl.core.base_simulator | Round 102/150 | Acc: 0.8860 | Loss: 0.3826 | eps_max: 4.60 eps_avg: 4.60 | P: 0.93 R: 1.00 F1: 1.00
2026-05-05 19:23:07 | DEBUG   | dpfl.core.base_simulator | Update norms — honest: ['0.02', '0.02', '0.02', '0.02', '0.02'], attacker: ['nan', 'nan', 'nan', 'nan', 'nan']
2026-05-05 19:23:08 | DEBUG   | dpfl.algorithms.trust_aware.simulator | Round 102 Phase 1+2: 0.13s
2026-05-05 19:23:18 | INFO    | dpfl.core.base_simulator | Round 103/150 | Acc: 0.8859 | Loss: 0.3830 | eps_max: 4.65 eps_avg: 4.65 | P: 0.68 R: 1.00 F1: 1.00
2026-05-05 19:23:18 | DEBUG   | dpfl.core.base_simulator | Update norms — honest: ['0.02', '0.02', '0.02', '0.01', '0.02'], attacker: ['nan', 'nan', 'nan', 'nan', 'nan']
2026-05-05 19:23:18 | DEBUG   | dpfl.algorithms.trust_aware.simulator | Round 103 Phase 1+2: 0.13s
2026-05-05 19:23:32 | INFO    | dpfl.core.base_simulator | Round 104/150 | Acc: 0.8859 | Loss: 0.3830 | eps_max: 4.71 eps_avg: 4.71 | P: 0.76 R: 1.00 F1: 1.00
2026-05-05 19:23:32 | DEBUG   | dpfl.core.base_simulator | Update norms — honest: ['0.01', '0.02', '0.02', '0.02', '0.02'], attacker: ['nan', 'nan', 'nan', 'nan', 'nan']
2026-05-05 19:23:33 | DEBUG   | dpfl.algorithms.trust_aware.simulator | Round 104 Phase 1+2: 0.48s
2026-05-05 19:23:46 | INFO    | dpfl.core.base_simulator | Round 105/150 | Acc: 0.8859 | Loss: 0.3832 | eps_max: 4.77 eps_avg: 4.77 | P: 0.93 R: 1.00 F1: 1.00
2026-05-05 19:23:46 | DEBUG   | dpfl.core.base_simulator | Update norms — honest: ['0.02', '0.01', '0.02', '0.02', '0.01'], attacker: ['nan', 'nan', 'nan', 'nan', 'nan']
2026-05-05 19:23:47 | DEBUG   | dpfl.algorithms.trust_aware.simulator | Round 105 Phase 1+2: 0.48s
2026-05-05 19:24:00 | INFO    | dpfl.core.base_simulator | Round 106/150 | Acc: 0.8860 | Loss: 0.3833 | eps_max: 4.83 eps_avg: 4.83 | P: 0.98 R: 1.00 F1: 0.99
2026-05-05 19:24:00 | DEBUG   | dpfl.core.base_simulator | Update norms — honest: ['0.01', '0.02', '0.02', '0.02', '0.02'], attacker: ['nan', 'nan', 'nan', 'nan', 'nan']
2026-05-05 19:24:01 | DEBUG   | dpfl.algorithms.trust_aware.simulator | Round 106 Phase 1+2: 0.48s
2026-05-05 19:24:13 | INFO    | dpfl.core.base_simulator | Round 107/150 | Acc: 0.8859 | Loss: 0.3834 | eps_max: 4.90 eps_avg: 4.90 | P: 0.98 R: 1.00 F1: 0.99
2026-05-05 19:24:13 | DEBUG   | dpfl.core.base_simulator | Update norms — honest: ['0.02', '0.02', '0.02', '0.01', '0.01'], attacker: ['nan', 'nan', 'nan', 'nan', 'nan']
2026-05-05 19:24:13 | DEBUG   | dpfl.algorithms.trust_aware.simulator | Round 107 Phase 1+2: 0.48s
2026-05-05 19:24:23 | INFO    | dpfl.core.base_simulator | Round 108/150 | Acc: 0.8860 | Loss: 0.3836 | eps_max: 4.96 eps_avg: 4.96 | P: 0.71 R: 1.00 F1: 0.99
2026-05-05 19:24:23 | DEBUG   | dpfl.core.base_simulator | Update norms — honest: ['0.01', '0.02', '0.02', '0.02', '0.02'], attacker: ['nan', 'nan', 'nan', 'nan', 'nan']
2026-05-05 19:24:24 | DEBUG   | dpfl.algorithms.trust_aware.simulator | Round 108 Phase 1+2: 0.20s
2026-05-05 19:24:32 | INFO    | dpfl.core.base_simulator | Round 109/150 | Acc: 0.8860 | Loss: 0.3838 | eps_max: 5.02 eps_avg: 5.02 | P: 0.74 R: 1.00 F1: 0.99
2026-05-05 19:24:32 | DEBUG   | dpfl.core.base_simulator | Update norms — honest: ['0.02', '0.01', '0.02', '0.02', '0.02'], attacker: ['nan', 'nan', 'nan', 'nan', 'nan']
2026-05-05 19:24:32 | DEBUG   | dpfl.algorithms.trust_aware.simulator | Round 109 Phase 1+2: 0.13s
2026-05-05 19:24:41 | INFO    | dpfl.core.base_simulator | Round 110/150 | Acc: 0.8860 | Loss: 0.3840 | eps_max: 5.09 eps_avg: 5.09 | P: 0.57 R: 1.00 F1: 0.99
2026-05-05 19:24:41 | DEBUG   | dpfl.core.base_simulator | Update norms — honest: ['0.01', '0.01', '0.02', '0.01', '0.01'], attacker: ['nan', 'nan', 'nan', 'nan', 'nan']
2026-05-05 19:24:41 | DEBUG   | dpfl.algorithms.trust_aware.simulator | Round 110 Phase 1+2: 0.13s
2026-05-05 19:24:50 | INFO    | dpfl.core.base_simulator | Round 111/150 | Acc: 0.8860 | Loss: 0.3842 | eps_max: 5.16 eps_avg: 5.16 | P: 0.55 R: 1.00 F1: 1.00
2026-05-05 19:24:50 | DEBUG   | dpfl.core.base_simulator | Update norms — honest: ['0.02', '0.02', '0.02', '0.01', '0.01'], attacker: ['nan', 'nan', 'nan', 'nan', 'nan']
2026-05-05 19:24:50 | DEBUG   | dpfl.algorithms.trust_aware.simulator | Round 111 Phase 1+2: 0.13s
2026-05-05 19:24:59 | INFO    | dpfl.core.base_simulator | Round 112/150 | Acc: 0.8859 | Loss: 0.3845 | eps_max: 5.21 eps_avg: 5.21 | P: 0.68 R: 1.00 F1: 0.97
2026-05-05 19:24:59 | DEBUG   | dpfl.core.base_simulator | Update norms — honest: ['0.01', '0.01', '0.01', '0.01', '0.02'], attacker: ['nan', 'nan', 'nan', 'nan', 'nan']
2026-05-05 19:24:59 | DEBUG   | dpfl.algorithms.trust_aware.simulator | Round 112 Phase 1+2: 0.12s
2026-05-05 19:25:08 | INFO    | dpfl.core.base_simulator | Round 113/150 | Acc: 0.8860 | Loss: 0.3846 | eps_max: 5.25 eps_avg: 5.25 | P: 0.82 R: 1.00 F1: 1.00
2026-05-05 19:25:08 | DEBUG   | dpfl.core.base_simulator | Update norms — honest: ['0.01', '0.01', '0.02', '0.01', '0.02'], attacker: ['nan', 'nan', 'nan', 'nan', 'nan']
2026-05-05 19:25:08 | DEBUG   | dpfl.algorithms.trust_aware.simulator | Round 113 Phase 1+2: 0.13s
2026-05-05 19:25:17 | INFO    | dpfl.core.base_simulator | Round 114/150 | Acc: 0.8860 | Loss: 0.3848 | eps_max: 5.30 eps_avg: 5.30 | P: 0.81 R: 1.00 F1: 0.99
2026-05-05 19:25:17 | DEBUG   | dpfl.core.base_simulator | Update norms — honest: ['0.01', '0.02', '0.01', '0.02', '0.02'], attacker: ['nan', 'nan', 'nan', 'nan', 'nan']
2026-05-05 19:25:17 | DEBUG   | dpfl.algorithms.trust_aware.simulator | Round 114 Phase 1+2: 0.13s
2026-05-05 19:25:26 | INFO    | dpfl.core.base_simulator | Round 115/150 | Acc: 0.8860 | Loss: 0.3850 | eps_max: 5.34 eps_avg: 5.34 | P: 0.93 R: 1.00 F1: 1.00
2026-05-05 19:25:26 | DEBUG   | dpfl.core.base_simulator | Update norms — honest: ['0.02', '0.01', '0.01', '0.01', '0.01'], attacker: ['nan', 'nan', 'nan', 'nan', 'nan']
2026-05-05 19:25:26 | DEBUG   | dpfl.algorithms.trust_aware.simulator | Round 115 Phase 1+2: 0.13s
2026-05-05 19:25:35 | INFO    | dpfl.core.base_simulator | Round 116/150 | Acc: 0.8860 | Loss: 0.3854 | eps_max: 5.39 eps_avg: 5.39 | P: 0.90 R: 1.00 F1: 1.00
2026-05-05 19:25:35 | DEBUG   | dpfl.core.base_simulator | Update norms — honest: ['0.02', '0.01', '0.02', '0.02', '0.02'], attacker: ['nan', 'nan', 'nan', 'nan', 'nan']
2026-05-05 19:25:35 | DEBUG   | dpfl.algorithms.trust_aware.simulator | Round 116 Phase 1+2: 0.13s
2026-05-05 19:25:44 | INFO    | dpfl.core.base_simulator | Round 117/150 | Acc: 0.8860 | Loss: 0.3855 | eps_max: 5.44 eps_avg: 5.44 | P: 0.52 R: 1.00 F1: 0.99
2026-05-05 19:25:44 | DEBUG   | dpfl.core.base_simulator | Update norms — honest: ['0.01', '0.01', '0.01', '0.01', '0.01'], attacker: ['nan', 'nan', 'nan', 'nan', 'nan']
2026-05-05 19:25:44 | DEBUG   | dpfl.algorithms.trust_aware.simulator | Round 117 Phase 1+2: 0.13s
2026-05-05 19:25:53 | INFO    | dpfl.core.base_simulator | Round 118/150 | Acc: 0.8859 | Loss: 0.3860 | eps_max: 5.49 eps_avg: 5.49 | P: 0.57 R: 1.00 F1: 1.00
2026-05-05 19:25:53 | DEBUG   | dpfl.core.base_simulator | Update norms — honest: ['0.01', '0.01', '0.01', '0.01', '0.01'], attacker: ['nan', 'nan', 'nan', 'nan', 'nan']
2026-05-05 19:25:53 | DEBUG   | dpfl.algorithms.trust_aware.simulator | Round 118 Phase 1+2: 0.13s
2026-05-05 19:26:02 | INFO    | dpfl.core.base_simulator | Round 119/150 | Acc: 0.8860 | Loss: 0.3860 | eps_max: 5.54 eps_avg: 5.54 | P: 0.62 R: 1.00 F1: 0.99
2026-05-05 19:26:02 | DEBUG   | dpfl.core.base_simulator | Update norms — honest: ['0.01', '0.01', '0.01', '0.01', '0.01'], attacker: ['nan', 'nan', 'nan', 'nan', 'nan']
2026-05-05 19:26:02 | DEBUG   | dpfl.algorithms.trust_aware.simulator | Round 119 Phase 1+2: 0.13s
2026-05-05 19:26:11 | INFO    | dpfl.core.base_simulator | Round 120/150 | Acc: 0.8860 | Loss: 0.3862 | eps_max: 5.59 eps_avg: 5.59 | P: 0.71 R: 1.00 F1: 0.99
2026-05-05 19:26:11 | DEBUG   | dpfl.core.base_simulator | Update norms — honest: ['0.01', '0.01', '0.01', '0.01', '0.01'], attacker: ['nan', 'nan', 'nan', 'nan', 'nan']
2026-05-05 19:26:11 | DEBUG   | dpfl.algorithms.trust_aware.simulator | Round 120 Phase 1+2: 0.13s
2026-05-05 19:26:20 | INFO    | dpfl.core.base_simulator | Round 121/150 | Acc: 0.8860 | Loss: 0.3863 | eps_max: 5.64 eps_avg: 5.64 | P: 0.86 R: 1.00 F1: 1.00
2026-05-05 19:26:20 | DEBUG   | dpfl.core.base_simulator | Update norms — honest: ['0.01', '0.01', '0.01', '0.01', '0.01'], attacker: ['nan', 'nan', 'nan', 'nan', 'nan']
2026-05-05 19:26:20 | DEBUG   | dpfl.algorithms.trust_aware.simulator | Round 121 Phase 1+2: 0.13s
2026-05-05 19:26:30 | INFO    | dpfl.core.base_simulator | Round 122/150 | Acc: 0.8860 | Loss: 0.3867 | eps_max: 5.69 eps_avg: 5.69 | P: 0.73 R: 1.00 F1: 1.00
2026-05-05 19:26:30 | DEBUG   | dpfl.core.base_simulator | Update norms — honest: ['0.01', '0.01', '0.01', '0.01', '0.01'], attacker: ['nan', 'nan', 'nan', 'nan', 'nan']
2026-05-05 19:26:30 | DEBUG   | dpfl.algorithms.trust_aware.simulator | Round 122 Phase 1+2: 0.13s
2026-05-05 19:26:39 | INFO    | dpfl.core.base_simulator | Round 123/150 | Acc: 0.8860 | Loss: 0.3870 | eps_max: 5.74 eps_avg: 5.74 | P: 0.83 R: 1.00 F1: 0.98
2026-05-05 19:26:39 | DEBUG   | dpfl.core.base_simulator | Update norms — honest: ['0.01', '0.01', '0.01', '0.01', '0.01'], attacker: ['nan', 'nan', 'nan', 'nan', 'nan']
2026-05-05 19:26:39 | DEBUG   | dpfl.algorithms.trust_aware.simulator | Round 123 Phase 1+2: 0.12s
2026-05-05 19:26:48 | INFO    | dpfl.core.base_simulator | Round 124/150 | Acc: 0.8860 | Loss: 0.3872 | eps_max: 5.80 eps_avg: 5.80 | P: 0.71 R: 1.00 F1: 1.00
2026-05-05 19:26:48 | DEBUG   | dpfl.core.base_simulator | Update norms — honest: ['0.01', '0.02', '0.01', '0.01', '0.01'], attacker: ['nan', 'nan', 'nan', 'nan', 'nan']
2026-05-05 19:26:49 | DEBUG   | dpfl.algorithms.trust_aware.simulator | Round 124 Phase 1+2: 0.13s
2026-05-05 19:26:58 | INFO    | dpfl.core.base_simulator | Round 125/150 | Acc: 0.8861 | Loss: 0.3873 | eps_max: 5.85 eps_avg: 5.85 | P: 0.91 R: 1.00 F1: 1.00
2026-05-05 19:26:58 | DEBUG   | dpfl.core.base_simulator | Update norms — honest: ['0.01', '0.01', '0.01', '0.01', '0.01'], attacker: ['nan', 'nan', 'nan', 'nan', 'nan']
2026-05-05 19:26:58 | DEBUG   | dpfl.algorithms.trust_aware.simulator | Round 125 Phase 1+2: 0.13s
2026-05-05 19:27:07 | INFO    | dpfl.core.base_simulator | Round 126/150 | Acc: 0.8860 | Loss: 0.3877 | eps_max: 5.91 eps_avg: 5.91 | P: 1.00 R: 1.00 F1: 1.00
2026-05-05 19:27:07 | DEBUG   | dpfl.core.base_simulator | Update norms — honest: ['0.01', '0.01', '0.01', '0.01', '0.01'], attacker: ['nan', 'nan', 'nan', 'nan', 'nan']
2026-05-05 19:27:07 | DEBUG   | dpfl.algorithms.trust_aware.simulator | Round 126 Phase 1+2: 0.13s
2026-05-05 19:27:17 | INFO    | dpfl.core.base_simulator | Round 127/150 | Acc: 0.8860 | Loss: 0.3878 | eps_max: 5.97 eps_avg: 5.97 | P: 1.00 R: 1.00 F1: 1.00
2026-05-05 19:27:17 | DEBUG   | dpfl.core.base_simulator | Update norms — honest: ['0.01', '0.01', '0.01', '0.01', '0.01'], attacker: ['nan', 'nan', 'nan', 'nan', 'nan']
2026-05-05 19:27:17 | DEBUG   | dpfl.algorithms.trust_aware.simulator | Round 127 Phase 1+2: 0.14s
2026-05-05 19:27:27 | INFO    | dpfl.core.base_simulator | Round 128/150 | Acc: 0.8860 | Loss: 0.3881 | eps_max: 6.02 eps_avg: 6.02 | P: 0.63 R: 1.00 F1: 1.00
2026-05-05 19:27:27 | DEBUG   | dpfl.core.base_simulator | Update norms — honest: ['0.01', '0.01', '0.01', '0.01', '0.01'], attacker: ['nan', 'nan', 'nan', 'nan', 'nan']
2026-05-05 19:27:27 | DEBUG   | dpfl.algorithms.trust_aware.simulator | Round 128 Phase 1+2: 0.13s
2026-05-05 19:27:36 | INFO    | dpfl.core.base_simulator | Round 129/150 | Acc: 0.8860 | Loss: 0.3884 | eps_max: 6.08 eps_avg: 6.08 | P: 0.83 R: 1.00 F1: 1.00
2026-05-05 19:27:36 | DEBUG   | dpfl.core.base_simulator | Update norms — honest: ['0.01', '0.01', '0.01', '0.01', '0.01'], attacker: ['nan', 'nan', 'nan', 'nan', 'nan']
2026-05-05 19:27:36 | DEBUG   | dpfl.algorithms.trust_aware.simulator | Round 129 Phase 1+2: 0.13s
2026-05-05 19:27:46 | INFO    | dpfl.core.base_simulator | Round 130/150 | Acc: 0.8860 | Loss: 0.3886 | eps_max: 6.14 eps_avg: 6.14 | P: 0.83 R: 1.00 F1: 1.00
2026-05-05 19:27:46 | DEBUG   | dpfl.core.base_simulator | Update norms — honest: ['0.01', '0.01', '0.02', '0.01', '0.01'], attacker: ['nan', 'nan', 'nan', 'nan', 'nan']
2026-05-05 19:27:46 | DEBUG   | dpfl.algorithms.trust_aware.simulator | Round 130 Phase 1+2: 0.13s
2026-05-05 19:27:56 | INFO    | dpfl.core.base_simulator | Round 131/150 | Acc: 0.8860 | Loss: 0.3889 | eps_max: 6.20 eps_avg: 6.20 | P: 0.83 R: 1.00 F1: 1.00
2026-05-05 19:27:56 | DEBUG   | dpfl.core.base_simulator | Update norms — honest: ['0.01', '0.01', '0.01', '0.01', '0.01'], attacker: ['nan', 'nan', 'nan', 'nan', 'nan']
2026-05-05 19:27:56 | DEBUG   | dpfl.algorithms.trust_aware.simulator | Round 131 Phase 1+2: 0.13s
2026-05-05 19:28:06 | INFO    | dpfl.core.base_simulator | Round 132/150 | Acc: 0.8861 | Loss: 0.3890 | eps_max: 6.27 eps_avg: 6.27 | P: 1.00 R: 1.00 F1: 1.00
2026-05-05 19:28:06 | DEBUG   | dpfl.core.base_simulator | Update norms — honest: ['0.01', '0.01', '0.01', '0.01', '0.01'], attacker: ['nan', 'nan', 'nan', 'nan', 'nan']
2026-05-05 19:28:06 | DEBUG   | dpfl.algorithms.trust_aware.simulator | Round 132 Phase 1+2: 0.13s
2026-05-05 19:28:15 | INFO    | dpfl.core.base_simulator | Round 133/150 | Acc: 0.8861 | Loss: 0.3893 | eps_max: 6.33 eps_avg: 6.33 | P: 0.65 R: 1.00 F1: 0.99
2026-05-05 19:28:15 | DEBUG   | dpfl.core.base_simulator | Update norms — honest: ['0.01', '0.01', '0.01', '0.01', '0.01'], attacker: ['nan', 'nan', 'nan', 'nan', 'nan']
2026-05-05 19:28:16 | DEBUG   | dpfl.algorithms.trust_aware.simulator | Round 133 Phase 1+2: 0.13s
2026-05-05 19:28:25 | INFO    | dpfl.core.base_simulator | Round 134/150 | Acc: 0.8860 | Loss: 0.3897 | eps_max: 6.39 eps_avg: 6.39 | P: 0.83 R: 1.00 F1: 1.00
2026-05-05 19:28:25 | DEBUG   | dpfl.core.base_simulator | Update norms — honest: ['0.01', '0.01', '0.01', '0.01', '0.01'], attacker: ['nan', 'nan', 'nan', 'nan', 'nan']
2026-05-05 19:28:25 | DEBUG   | dpfl.algorithms.trust_aware.simulator | Round 134 Phase 1+2: 0.13s
2026-05-05 19:28:36 | INFO    | dpfl.core.base_simulator | Round 135/150 | Acc: 0.8861 | Loss: 0.3899 | eps_max: 6.46 eps_avg: 6.46 | P: 0.83 R: 1.00 F1: 1.00
2026-05-05 19:28:36 | DEBUG   | dpfl.core.base_simulator | Update norms — honest: ['0.01', '0.01', '0.01', '0.01', '0.01'], attacker: ['nan', 'nan', 'nan', 'nan', 'nan']
2026-05-05 19:28:36 | DEBUG   | dpfl.algorithms.trust_aware.simulator | Round 135 Phase 1+2: 0.13s
2026-05-05 19:28:49 | INFO    | dpfl.core.base_simulator | Round 136/150 | Acc: 0.8861 | Loss: 0.3901 | eps_max: 6.53 eps_avg: 6.53 | P: 0.59 R: 1.00 F1: 0.99
2026-05-05 19:28:49 | DEBUG   | dpfl.core.base_simulator | Update norms — honest: ['0.01', '0.01', '0.01', '0.01', '0.01'], attacker: ['nan', 'nan', 'nan', 'nan', 'nan']
2026-05-05 19:28:49 | DEBUG   | dpfl.algorithms.trust_aware.simulator | Round 136 Phase 1+2: 0.13s
2026-05-05 19:29:04 | INFO    | dpfl.core.base_simulator | Round 137/150 | Acc: 0.8861 | Loss: 0.3904 | eps_max: 6.59 eps_avg: 6.59 | P: 0.78 R: 1.00 F1: 1.00
2026-05-05 19:29:04 | DEBUG   | dpfl.core.base_simulator | Update norms — honest: ['0.01', '0.01', '0.01', '0.01', '0.01'], attacker: ['nan', 'nan', 'nan', 'nan', 'nan']
2026-05-05 19:29:05 | DEBUG   | dpfl.algorithms.trust_aware.simulator | Round 137 Phase 1+2: 0.50s
2026-05-05 19:29:21 | INFO    | dpfl.core.base_simulator | Round 138/150 | Acc: 0.8861 | Loss: 0.3907 | eps_max: 6.66 eps_avg: 6.66 | P: 0.75 R: 1.00 F1: 1.00
2026-05-05 19:29:21 | DEBUG   | dpfl.core.base_simulator | Update norms — honest: ['0.01', '0.01', '0.01', '0.01', '0.01'], attacker: ['nan', 'nan', 'nan', 'nan', 'nan']
2026-05-05 19:29:21 | DEBUG   | dpfl.algorithms.trust_aware.simulator | Round 138 Phase 1+2: 0.47s
2026-05-05 19:29:35 | INFO    | dpfl.core.base_simulator | Round 139/150 | Acc: 0.8860 | Loss: 0.3909 | eps_max: 6.73 eps_avg: 6.73 | P: 0.83 R: 1.00 F1: 0.99
2026-05-05 19:29:35 | DEBUG   | dpfl.core.base_simulator | Update norms — honest: ['0.01', '0.01', '0.01', '0.01', '0.01'], attacker: ['nan', 'nan', 'nan', 'nan', 'nan']
2026-05-05 19:29:36 | DEBUG   | dpfl.algorithms.trust_aware.simulator | Round 139 Phase 1+2: 0.50s
2026-05-05 19:29:50 | INFO    | dpfl.core.base_simulator | Round 140/150 | Acc: 0.8861 | Loss: 0.3912 | eps_max: 6.81 eps_avg: 6.81 | P: 0.83 R: 1.00 F1: 0.99
2026-05-05 19:29:50 | DEBUG   | dpfl.core.base_simulator | Update norms — honest: ['0.01', '0.01', '0.01', '0.01', '0.01'], attacker: ['nan', 'nan', 'nan', 'nan', 'nan']
2026-05-05 19:29:50 | DEBUG   | dpfl.algorithms.trust_aware.simulator | Round 140 Phase 1+2: 0.47s
2026-05-05 19:30:04 | INFO    | dpfl.core.base_simulator | Round 141/150 | Acc: 0.8861 | Loss: 0.3915 | eps_max: 6.88 eps_avg: 6.88 | P: 1.00 R: 1.00 F1: 1.00
2026-05-05 19:30:04 | DEBUG   | dpfl.core.base_simulator | Update norms — honest: ['0.01', '0.01', '0.01', '0.01', '0.01'], attacker: ['nan', 'nan', 'nan', 'nan', 'nan']
2026-05-05 19:30:04 | DEBUG   | dpfl.algorithms.trust_aware.simulator | Round 141 Phase 1+2: 0.48s
2026-05-05 19:30:15 | INFO    | dpfl.core.base_simulator | Round 142/150 | Acc: 0.8861 | Loss: 0.3917 | eps_max: 6.96 eps_avg: 6.96 | P: 0.76 R: 1.00 F1: 0.98
2026-05-05 19:30:15 | DEBUG   | dpfl.core.base_simulator | Update norms — honest: ['0.01', '0.01', '0.01', '0.01', '0.01'], attacker: ['nan', 'nan', 'nan', 'nan', 'nan']
2026-05-05 19:30:16 | DEBUG   | dpfl.algorithms.trust_aware.simulator | Round 142 Phase 1+2: 0.47s
2026-05-05 19:30:32 | INFO    | dpfl.core.base_simulator | Round 143/150 | Acc: 0.8861 | Loss: 0.3920 | eps_max: 7.03 eps_avg: 7.03 | P: 0.99 R: 1.00 F1: 0.99
2026-05-05 19:30:32 | DEBUG   | dpfl.core.base_simulator | Update norms — honest: ['0.01', '0.01', '0.01', '0.01', '0.01'], attacker: ['nan', 'nan', 'nan', 'nan', 'nan']
2026-05-05 19:30:32 | DEBUG   | dpfl.algorithms.trust_aware.simulator | Round 143 Phase 1+2: 0.50s
2026-05-05 19:30:49 | INFO    | dpfl.core.base_simulator | Round 144/150 | Acc: 0.8860 | Loss: 0.3923 | eps_max: 7.11 eps_avg: 7.11 | P: 1.00 R: 1.00 F1: 1.00
2026-05-05 19:30:49 | DEBUG   | dpfl.core.base_simulator | Update norms — honest: ['0.01', '0.01', '0.01', '0.01', '0.01'], attacker: ['nan', 'nan', 'nan', 'nan', 'nan']
2026-05-05 19:30:49 | DEBUG   | dpfl.algorithms.trust_aware.simulator | Round 144 Phase 1+2: 0.47s
2026-05-05 19:31:05 | INFO    | dpfl.core.base_simulator | Round 145/150 | Acc: 0.8860 | Loss: 0.3926 | eps_max: 7.19 eps_avg: 7.19 | P: 0.91 R: 1.00 F1: 0.99
2026-05-05 19:31:05 | DEBUG   | dpfl.core.base_simulator | Update norms — honest: ['0.01', '0.01', '0.01', '0.01', '0.01'], attacker: ['nan', 'nan', 'nan', 'nan', 'nan']
2026-05-05 19:31:06 | DEBUG   | dpfl.algorithms.trust_aware.simulator | Round 145 Phase 1+2: 0.49s
2026-05-05 19:31:20 | INFO    | dpfl.core.base_simulator | Round 146/150 | Acc: 0.8861 | Loss: 0.3929 | eps_max: 7.27 eps_avg: 7.27 | P: 0.63 R: 1.00 F1: 0.99
2026-05-05 19:31:20 | DEBUG   | dpfl.core.base_simulator | Update norms — honest: ['0.02', '0.01', '0.01', '0.01', '0.01'], attacker: ['nan', 'nan', 'nan', 'nan', 'nan']
2026-05-05 19:31:20 | DEBUG   | dpfl.algorithms.trust_aware.simulator | Round 146 Phase 1+2: 0.48s
2026-05-05 19:31:36 | INFO    | dpfl.core.base_simulator | Round 147/150 | Acc: 0.8861 | Loss: 0.3931 | eps_max: 7.35 eps_avg: 7.35 | P: 0.90 R: 1.00 F1: 1.00
2026-05-05 19:31:36 | DEBUG   | dpfl.core.base_simulator | Update norms — honest: ['0.01', '0.01', '0.01', '0.01', '0.01'], attacker: ['nan', 'nan', 'nan', 'nan', 'nan']
2026-05-05 19:31:36 | DEBUG   | dpfl.algorithms.trust_aware.simulator | Round 147 Phase 1+2: 0.13s
2026-05-05 19:31:52 | INFO    | dpfl.core.base_simulator | Round 148/150 | Acc: 0.8861 | Loss: 0.3934 | eps_max: 7.44 eps_avg: 7.44 | P: 0.78 R: 1.00 F1: 1.00
2026-05-05 19:31:52 | DEBUG   | dpfl.core.base_simulator | Update norms — honest: ['0.01', '0.01', '0.01', '0.01', '0.01'], attacker: ['nan', 'nan', 'nan', 'nan', 'nan']
2026-05-05 19:31:52 | DEBUG   | dpfl.algorithms.trust_aware.simulator | Round 148 Phase 1+2: 0.13s
2026-05-05 19:32:07 | INFO    | dpfl.core.base_simulator | Round 149/150 | Acc: 0.8861 | Loss: 0.3937 | eps_max: 7.52 eps_avg: 7.52 | P: 0.80 R: 1.00 F1: 1.00
2026-05-05 19:32:07 | DEBUG   | dpfl.core.base_simulator | Update norms — honest: ['0.01', '0.01', '0.01', '0.01', '0.01'], attacker: ['nan', 'nan', 'nan', 'nan', 'nan']
2026-05-05 19:32:07 | DEBUG   | dpfl.algorithms.trust_aware.simulator | Round 149 Phase 1+2: 0.22s
2026-05-05 19:32:24 | INFO    | dpfl.core.base_simulator | Round 150/150 | Acc: 0.8861 | Loss: 0.3939 | eps_max: 7.61 eps_avg: 7.61 | P: 0.92 R: 1.00 F1: 1.00
2026-05-05 19:32:24 | DEBUG   | dpfl.core.base_simulator | Update norms — honest: ['0.01', '0.01', '0.01', '0.01', '0.01'], attacker: ['nan', 'nan', 'nan', 'nan', 'nan']
2026-05-05 19:32:25 | INFO    | dpfl | Experiment complete in 1332.5s
============================================================
REPORT: DP-SGD Decentralized Federated Learning
============================================================
Timestamp:                  20260505_191011
Rounds completed:           150
Attack-active rounds:       100  (from round 50)
Final accuracy:             0.8861
Final test loss:            0.3939
Final epsilon (max honest): 7.61
Final epsilon (avg honest): 7.61
Best alpha:                 1000.0
Avg precision:              0.8002
Avg recall:                 0.9935
Avg F1 score:               0.9904
Avg update norm (honest):   0.0336
Avg update norm (attacker): nan

eps_system (max honest): 7.6098
eps_avg (honest):        7.6098
eps_std (honest):        0.0000
n_frozen:                0/400
============================================================
