2026-05-05 11:36:57 | INFO    | dpfl | Experiment start: algorithm=noise_game, dataset=mnist, model=mlp, device=cuda
2026-05-05 11:36:57 | INFO    | dpfl | Config: nodes=500, attackers=200, rounds=150, noise_mode=none, attack=scale
2026-05-05 11:36:57 | INFO    | dpfl.data.mnist_dataset | Loading MNIST dataset...
2026-05-05 11:36:57 | INFO    | dpfl.data.mnist_dataset | MNIST loaded: 60000 train, 10000 test samples
2026-05-05 11:37:41 | INFO    | dpfl.core.base_simulator | Vectorized state ready: param_spec.D=50890, X_test=(10000, 1, 28, 28), train clients N=500, max_n_samples=1000
2026-05-05 11:37:41 | INFO    | dpfl.core.base_simulator | Setup complete: 500 nodes (200 attackers), param_dim=50890, split=iid
2026-05-05 11:37:41 | DEBUG   | dpfl.core.base_simulator | Attacker IDs: {0, 1, 2, 3, 4, 5, 6, 7, 8, 9, 10, 11, 12, 13, 14, 15, 16, 17, 18, 19, 20, 21, 22, 23, 24, 25, 26, 27, 28, 29, 30, 31, 32, 33, 34, 35, 36, 37, 38, 39, 40, 41, 42, 43, 44, 45, 46, 47, 48, 49, 50, 51, 52, 53, 54, 55, 56, 57, 58, 59, 60, 61, 62, 63, 64, 65, 66, 67, 68, 69, 70, 71, 72, 73, 74, 75, 76, 77, 78, 79, 80, 81, 82, 83, 84, 85, 86, 87, 88, 89, 90, 91, 92, 93, 94, 95, 96, 97, 98, 99, 100, 101, 102, 103, 104, 105, 106, 107, 108, 109, 110, 111, 112, 113, 114, 115, 116, 117, 118, 119, 120, 121, 122, 123, 124, 125, 126, 127, 128, 129, 130, 131, 132, 133, 134, 135, 136, 137, 138, 139, 140, 141, 142, 143, 144, 145, 146, 147, 148, 149, 150, 151, 152, 153, 154, 155, 156, 157, 158, 159, 160, 161, 162, 163, 164, 165, 166, 167, 168, 169, 170, 171, 172, 173, 174, 175, 176, 177, 178, 179, 180, 181, 182, 183, 184, 185, 186, 187, 188, 189, 190, 191, 192, 193, 194, 195, 196, 197, 198, 199}
2026-05-05 11:37:43 | INFO    | dpfl.core.base_simulator | Round   1/150 | Acc: 0.3838 | Loss: 2.0915 | eps_max: 1.91 eps_avg: 0.04 | P: 0.00 R: nan F1: nan
2026-05-05 11:37:43 | DEBUG   | dpfl.core.base_simulator | Update norms — honest: ['0.56', '0.57', '0.57', '0.56', '0.56'], attacker: ['0.18', '0.18', '0.17', '0.18', '0.18']
2026-05-05 11:37:46 | INFO    | dpfl.core.base_simulator | Round   2/150 | Acc: 0.5593 | Loss: 1.8788 | eps_max: 1.93 eps_avg: 0.13 | P: 0.00 R: nan F1: nan
2026-05-05 11:37:46 | DEBUG   | dpfl.core.base_simulator | Update norms — honest: ['0.56', '0.56', '0.56', '0.56', '0.56'], attacker: ['0.18', '0.18', '0.18', '0.18', '0.18']
2026-05-05 11:37:48 | INFO    | dpfl.core.base_simulator | Round   3/150 | Acc: 0.6551 | Loss: 1.6622 | eps_max: 1.99 eps_avg: 0.23 | P: 0.00 R: nan F1: nan
2026-05-05 11:37:48 | DEBUG   | dpfl.core.base_simulator | Update norms — honest: ['0.55', '0.55', '0.56', '0.55', '0.55'], attacker: ['0.19', '0.18', '0.18', '0.19', '0.19']
2026-05-05 11:37:51 | INFO    | dpfl.core.base_simulator | Round   4/150 | Acc: 0.7145 | Loss: 1.4560 | eps_max: 2.14 eps_avg: 0.35 | P: 0.00 R: nan F1: nan
2026-05-05 11:37:51 | DEBUG   | dpfl.core.base_simulator | Update norms — honest: ['0.54', '0.55', '0.55', '0.55', '0.55'], attacker: ['0.18', '0.18', '0.18', '0.18', '0.18']
2026-05-05 11:37:54 | INFO    | dpfl.core.base_simulator | Round   5/150 | Acc: 0.7549 | Loss: 1.2736 | eps_max: 2.14 eps_avg: 0.44 | P: 0.00 R: nan F1: nan
2026-05-05 11:37:54 | DEBUG   | dpfl.core.base_simulator | Update norms — honest: ['0.54', '0.54', '0.54', '0.54', '0.54'], attacker: ['0.18', '0.17', '0.17', '0.17', '0.17']
2026-05-05 11:37:56 | INFO    | dpfl.core.base_simulator | Round   6/150 | Acc: 0.7827 | Loss: 1.1214 | eps_max: 2.20 eps_avg: 0.47 | P: 0.00 R: nan F1: nan
2026-05-05 11:37:56 | DEBUG   | dpfl.core.base_simulator | Update norms — honest: ['0.53', '0.97', '1.00', '0.54', '1.03'], attacker: ['0.17', '0.16', '0.16', '0.16', '0.16']
2026-05-05 11:37:58 | INFO    | dpfl.core.base_simulator | Round   7/150 | Acc: 0.8026 | Loss: 0.9954 | eps_max: 2.23 eps_avg: 0.55 | P: 0.00 R: nan F1: nan
2026-05-05 11:37:58 | DEBUG   | dpfl.core.base_simulator | Update norms — honest: ['1.00', '0.53', '0.94', '0.53', '0.53'], attacker: ['0.15', '0.14', '0.14', '0.15', '0.15']
2026-05-05 11:38:01 | INFO    | dpfl.core.base_simulator | Round   8/150 | Acc: 0.8163 | Loss: 0.8969 | eps_max: 2.37 eps_avg: 0.66 | P: 0.00 R: nan F1: nan
2026-05-05 11:38:01 | DEBUG   | dpfl.core.base_simulator | Update norms — honest: ['0.52', '0.91', '0.84', '0.53', '0.53'], attacker: ['0.14', '0.13', '0.13', '0.13', '0.13']
2026-05-05 11:38:03 | INFO    | dpfl.core.base_simulator | Round   9/150 | Acc: 0.8264 | Loss: 0.8185 | eps_max: 2.40 eps_avg: 0.76 | P: 0.00 R: nan F1: nan
2026-05-05 11:38:03 | DEBUG   | dpfl.core.base_simulator | Update norms — honest: ['0.52', '0.52', '0.96', '1.35', '0.52'], attacker: ['0.12', '0.12', '0.12', '0.12', '0.12']
2026-05-05 11:38:06 | INFO    | dpfl.core.base_simulator | Round  10/150 | Acc: 0.8342 | Loss: 0.7563 | eps_max: 2.40 eps_avg: 0.83 | P: 0.00 R: nan F1: nan
2026-05-05 11:38:06 | DEBUG   | dpfl.core.base_simulator | Update norms — honest: ['0.93', '0.51', '0.78', '0.52', '0.81'], attacker: ['0.11', '0.11', '0.11', '0.11', '0.11']
2026-05-05 11:38:09 | INFO    | dpfl.core.base_simulator | Round  11/150 | Acc: 0.8402 | Loss: 0.7068 | eps_max: 2.42 eps_avg: 0.93 | P: 0.00 R: nan F1: nan
2026-05-05 11:38:09 | DEBUG   | dpfl.core.base_simulator | Update norms — honest: ['0.51', '0.51', '0.93', '0.51', '0.51'], attacker: ['0.10', '0.10', '0.10', '0.10', '0.10']
2026-05-05 11:38:11 | INFO    | dpfl.core.base_simulator | Round  12/150 | Acc: 0.8453 | Loss: 0.6667 | eps_max: 2.45 eps_avg: 1.00 | P: 0.00 R: nan F1: nan
2026-05-05 11:38:11 | DEBUG   | dpfl.core.base_simulator | Update norms — honest: ['0.50', '0.95', '0.95', '0.50', '1.44'], attacker: ['0.10', '0.09', '0.09', '0.09', '0.10']
2026-05-05 11:38:13 | INFO    | dpfl.core.base_simulator | Round  13/150 | Acc: 0.8493 | Loss: 0.6343 | eps_max: 2.45 eps_avg: 1.04 | P: 0.00 R: nan F1: nan
2026-05-05 11:38:13 | DEBUG   | dpfl.core.base_simulator | Update norms — honest: ['1.36', '0.50', '1.49', '1.45', '0.91'], attacker: ['0.09', '0.09', '0.09', '0.09', '0.09']
2026-05-05 11:38:16 | INFO    | dpfl.core.base_simulator | Round  14/150 | Acc: 0.8527 | Loss: 0.6070 | eps_max: 2.51 eps_avg: 1.10 | P: 0.00 R: nan F1: nan
2026-05-05 11:38:16 | DEBUG   | dpfl.core.base_simulator | Update norms — honest: ['0.82', '0.93', '0.50', '0.49', '0.92'], attacker: ['0.09', '0.08', '0.08', '0.08', '0.09']
2026-05-05 11:38:18 | INFO    | dpfl.core.base_simulator | Round  15/150 | Acc: 0.8561 | Loss: 0.5839 | eps_max: 2.51 eps_avg: 1.13 | P: 0.00 R: nan F1: nan
2026-05-05 11:38:18 | DEBUG   | dpfl.core.base_simulator | Update norms — honest: ['0.81', '0.49', '1.85', '0.49', '0.49'], attacker: ['0.08', '0.08', '0.08', '0.08', '0.08']
2026-05-05 11:38:20 | INFO    | dpfl.core.base_simulator | Round  16/150 | Acc: 0.8587 | Loss: 0.5640 | eps_max: 2.53 eps_avg: 1.19 | P: 0.00 R: nan F1: nan
2026-05-05 11:38:20 | DEBUG   | dpfl.core.base_simulator | Update norms — honest: ['0.78', '0.91', '1.80', '1.39', '0.48'], attacker: ['0.08', '0.07', '0.08', '0.08', '0.08']
2026-05-05 11:38:23 | INFO    | dpfl.core.base_simulator | Round  17/150 | Acc: 0.8610 | Loss: 0.5469 | eps_max: 2.58 eps_avg: 1.22 | P: 0.00 R: nan F1: nan
2026-05-05 11:38:23 | DEBUG   | dpfl.core.base_simulator | Update norms — honest: ['0.89', '1.41', '1.77', '0.48', '1.34'], attacker: ['0.08', '0.07', '0.08', '0.07', '0.07']
2026-05-05 11:38:25 | INFO    | dpfl.core.base_simulator | Round  18/150 | Acc: 0.8630 | Loss: 0.5318 | eps_max: 2.63 eps_avg: 1.29 | P: 0.00 R: nan F1: nan
2026-05-05 11:38:25 | DEBUG   | dpfl.core.base_simulator | Update norms — honest: ['1.27', '1.05', '0.48', '0.87', '0.85'], attacker: ['0.07', '0.07', '0.07', '0.07', '0.07']
2026-05-05 11:38:28 | INFO    | dpfl.core.base_simulator | Round  19/150 | Acc: 0.8650 | Loss: 0.5189 | eps_max: 2.68 eps_avg: 1.36 | P: 0.00 R: nan F1: nan
2026-05-05 11:38:28 | DEBUG   | dpfl.core.base_simulator | Update norms — honest: ['0.47', '1.80', '0.47', '0.85', '0.47'], attacker: ['0.08', '0.07', '0.07', '0.07', '0.07']
2026-05-05 11:38:30 | INFO    | dpfl.core.base_simulator | Round  20/150 | Acc: 0.8666 | Loss: 0.5071 | eps_max: 2.74 eps_avg: 1.40 | P: 0.00 R: nan F1: nan
2026-05-05 11:38:30 | DEBUG   | dpfl.core.base_simulator | Update norms — honest: ['1.27', '1.68', '1.36', '1.06', '0.47'], attacker: ['0.07', '0.07', '0.07', '0.07', '0.07']
2026-05-05 11:38:33 | INFO    | dpfl.core.base_simulator | Round  21/150 | Acc: 0.8680 | Loss: 0.4968 | eps_max: 3.06 eps_avg: 1.45 | P: 0.00 R: nan F1: nan
2026-05-05 11:38:33 | DEBUG   | dpfl.core.base_simulator | Update norms — honest: ['0.46', '0.46', '1.69', '0.70', '0.55'], attacker: ['0.07', '0.07', '0.07', '0.07', '0.07']
2026-05-05 11:38:35 | INFO    | dpfl.core.base_simulator | Round  22/150 | Acc: 0.8695 | Loss: 0.4873 | eps_max: 3.06 eps_avg: 1.49 | P: 0.00 R: nan F1: nan
2026-05-05 11:38:35 | DEBUG   | dpfl.core.base_simulator | Update norms — honest: ['1.27', '0.82', '0.66', '0.60', '0.46'], attacker: ['0.07', '0.07', '0.06', '0.07', '0.06']
2026-05-05 11:38:38 | INFO    | dpfl.core.base_simulator | Round  23/150 | Acc: 0.8707 | Loss: 0.4791 | eps_max: 3.06 eps_avg: 1.54 | P: 0.00 R: nan F1: nan
2026-05-05 11:38:38 | DEBUG   | dpfl.core.base_simulator | Update norms — honest: ['0.79', '1.65', '2.01', '0.83', '0.84'], attacker: ['0.07', '0.06', '0.06', '0.07', '0.07']
2026-05-05 11:38:40 | INFO    | dpfl.core.base_simulator | Round  24/150 | Acc: 0.8717 | Loss: 0.4715 | eps_max: 3.06 eps_avg: 1.61 | P: 0.00 R: nan F1: nan
2026-05-05 11:38:40 | DEBUG   | dpfl.core.base_simulator | Update norms — honest: ['2.08', '0.59', '1.32', '1.76', '0.45'], attacker: ['0.07', '0.06', '0.06', '0.07', '0.07']
2026-05-05 11:38:42 | INFO    | dpfl.core.base_simulator | Round  25/150 | Acc: 0.8725 | Loss: 0.4649 | eps_max: 3.10 eps_avg: 1.66 | P: 0.00 R: nan F1: nan
2026-05-05 11:38:42 | DEBUG   | dpfl.core.base_simulator | Update norms — honest: ['1.98', '1.25', '0.44', '0.78', '0.76'], attacker: ['0.06', '0.06', '0.07', '0.07', '0.06']
2026-05-05 11:38:45 | INFO    | dpfl.core.base_simulator | Round  26/150 | Acc: 0.8737 | Loss: 0.4584 | eps_max: 3.23 eps_avg: 1.74 | P: 0.00 R: nan F1: nan
2026-05-05 11:38:45 | DEBUG   | dpfl.core.base_simulator | Update norms — honest: ['0.44', '0.71', '0.83', '1.16', '0.44'], attacker: ['0.06', '0.06', '0.06', '0.06', '0.06']
2026-05-05 11:38:47 | INFO    | dpfl.core.base_simulator | Round  27/150 | Acc: 0.8746 | Loss: 0.4524 | eps_max: 3.27 eps_avg: 1.80 | P: 0.00 R: nan F1: nan
2026-05-05 11:38:47 | DEBUG   | dpfl.core.base_simulator | Update norms — honest: ['1.24', '0.56', '1.37', '1.16', '0.43'], attacker: ['0.07', '0.06', '0.06', '0.06', '0.06']
2026-05-05 11:38:50 | INFO    | dpfl.core.base_simulator | Round  28/150 | Acc: 0.8753 | Loss: 0.4474 | eps_max: 3.31 eps_avg: 1.85 | P: 0.00 R: nan F1: nan
2026-05-05 11:38:50 | DEBUG   | dpfl.core.base_simulator | Update norms — honest: ['0.65', '0.43', '0.43', '1.24', '1.53'], attacker: ['0.07', '0.06', '0.06', '0.07', '0.06']
2026-05-05 11:38:52 | INFO    | dpfl.core.base_simulator | Round  29/150 | Acc: 0.8761 | Loss: 0.4426 | eps_max: 3.34 eps_avg: 1.91 | P: 0.00 R: nan F1: nan
2026-05-05 11:38:52 | DEBUG   | dpfl.core.base_simulator | Update norms — honest: ['2.19', '0.43', '0.73', '1.73', '0.86'], attacker: ['0.07', '0.06', '0.06', '0.07', '0.06']
2026-05-05 11:38:55 | INFO    | dpfl.core.base_simulator | Round  30/150 | Acc: 0.8767 | Loss: 0.4381 | eps_max: 3.37 eps_avg: 1.95 | P: 0.00 R: nan F1: nan
2026-05-05 11:38:55 | DEBUG   | dpfl.core.base_simulator | Update norms — honest: ['0.52', '1.35', '0.76', '1.39', '0.42'], attacker: ['0.06', '0.06', '0.06', '0.06', '0.06']
2026-05-05 11:38:58 | INFO    | dpfl.core.base_simulator | Round  31/150 | Acc: 0.8773 | Loss: 0.4340 | eps_max: 3.42 eps_avg: 2.03 | P: 0.00 R: nan F1: nan
2026-05-05 11:38:58 | DEBUG   | dpfl.core.base_simulator | Update norms — honest: ['1.83', '0.61', '1.40', '0.42', '0.50'], attacker: ['0.07', '0.06', '0.06', '0.07', '0.06']
2026-05-05 11:39:00 | INFO    | dpfl.core.base_simulator | Round  32/150 | Acc: 0.8778 | Loss: 0.4302 | eps_max: 3.46 eps_avg: 2.06 | P: 0.00 R: nan F1: nan
2026-05-05 11:39:00 | DEBUG   | dpfl.core.base_simulator | Update norms — honest: ['0.73', '0.86', '1.15', '0.41', '1.35'], attacker: ['0.06', '0.06', '0.06', '0.06', '0.06']
2026-05-05 11:39:02 | INFO    | dpfl.core.base_simulator | Round  33/150 | Acc: 0.8784 | Loss: 0.4268 | eps_max: 3.51 eps_avg: 2.12 | P: 0.00 R: nan F1: nan
2026-05-05 11:39:02 | DEBUG   | dpfl.core.base_simulator | Update norms — honest: ['1.10', '0.41', '1.78', '0.77', '1.78'], attacker: ['0.06', '0.06', '0.06', '0.07', '0.06']
2026-05-05 11:39:05 | INFO    | dpfl.core.base_simulator | Round  34/150 | Acc: 0.8789 | Loss: 0.4234 | eps_max: 3.56 eps_avg: 2.17 | P: 0.00 R: nan F1: nan
2026-05-05 11:39:05 | DEBUG   | dpfl.core.base_simulator | Update norms — honest: ['1.18', '1.31', '0.40', '0.67', '0.41'], attacker: ['0.06', '0.06', '0.07', '0.06', '0.06']
2026-05-05 11:39:08 | INFO    | dpfl.core.base_simulator | Round  35/150 | Acc: 0.8791 | Loss: 0.4211 | eps_max: 3.62 eps_avg: 2.21 | P: 0.00 R: nan F1: nan
2026-05-05 11:39:08 | DEBUG   | dpfl.core.base_simulator | Update norms — honest: ['0.79', '1.17', '0.40', '0.72', '0.63'], attacker: ['0.06', '0.06', '0.06', '0.07', '0.06']
2026-05-05 11:39:10 | INFO    | dpfl.core.base_simulator | Round  36/150 | Acc: 0.8796 | Loss: 0.4181 | eps_max: 3.69 eps_avg: 2.25 | P: 0.00 R: nan F1: nan
2026-05-05 11:39:10 | DEBUG   | dpfl.core.base_simulator | Update norms — honest: ['0.78', '0.67', '1.79', '1.06', '0.40'], attacker: ['0.07', '0.06', '0.06', '0.06', '0.06']
2026-05-05 11:39:12 | INFO    | dpfl.core.base_simulator | Round  37/150 | Acc: 0.8801 | Loss: 0.4152 | eps_max: 3.78 eps_avg: 2.29 | P: 0.00 R: nan F1: nan
2026-05-05 11:39:12 | DEBUG   | dpfl.core.base_simulator | Update norms — honest: ['0.39', '0.48', '1.14', '0.64', '1.17'], attacker: ['0.07', '0.06', '0.06', '0.06', '0.06']
2026-05-05 11:39:15 | INFO    | dpfl.core.base_simulator | Round  38/150 | Acc: 0.8804 | Loss: 0.4131 | eps_max: 3.83 eps_avg: 2.34 | P: 0.00 R: nan F1: nan
2026-05-05 11:39:15 | DEBUG   | dpfl.core.base_simulator | Update norms — honest: ['2.10', '0.51', '2.11', '1.53', '0.73'], attacker: ['0.06', '0.06', '0.06', '0.06', '0.06']
2026-05-05 11:39:17 | INFO    | dpfl.core.base_simulator | Round  39/150 | Acc: 0.8807 | Loss: 0.4113 | eps_max: 3.90 eps_avg: 2.38 | P: 0.00 R: nan F1: nan
2026-05-05 11:39:17 | DEBUG   | dpfl.core.base_simulator | Update norms — honest: ['0.38', '1.91', '2.45', '0.55', '0.69'], attacker: ['0.06', '0.06', '0.06', '0.06', '0.06']
2026-05-05 11:39:20 | INFO    | dpfl.core.base_simulator | Round  40/150 | Acc: 0.8810 | Loss: 0.4092 | eps_max: 4.07 eps_avg: 2.42 | P: 0.00 R: nan F1: nan
2026-05-05 11:39:20 | DEBUG   | dpfl.core.base_simulator | Update norms — honest: ['1.09', '1.17', '0.38', '1.51', '0.83'], attacker: ['0.06', '0.06', '0.06', '0.06', '0.06']
2026-05-05 11:39:22 | INFO    | dpfl.core.base_simulator | Round  41/150 | Acc: 0.8814 | Loss: 0.4069 | eps_max: 4.07 eps_avg: 2.46 | P: 0.00 R: nan F1: nan
2026-05-05 11:39:22 | DEBUG   | dpfl.core.base_simulator | Update norms — honest: ['2.40', '1.03', '1.14', '1.00', '2.33'], attacker: ['0.07', '0.06', '0.06', '0.07', '0.06']
2026-05-05 11:39:25 | INFO    | dpfl.core.base_simulator | Round  42/150 | Acc: 0.8814 | Loss: 0.4062 | eps_max: 4.07 eps_avg: 2.49 | P: 0.00 R: nan F1: nan
2026-05-05 11:39:25 | DEBUG   | dpfl.core.base_simulator | Update norms — honest: ['1.25', '1.90', '1.09', '1.14', '0.56'], attacker: ['0.06', '0.06', '0.06', '0.06', '0.06']
2026-05-05 11:39:28 | INFO    | dpfl.core.base_simulator | Round  43/150 | Acc: 0.8819 | Loss: 0.4037 | eps_max: 4.25 eps_avg: 2.54 | P: 0.00 R: nan F1: nan
2026-05-05 11:39:28 | DEBUG   | dpfl.core.base_simulator | Update norms — honest: ['1.31', '1.23', '0.70', '1.66', '1.02'], attacker: ['0.06', '0.06', '0.06', '0.06', '0.06']
2026-05-05 11:39:30 | INFO    | dpfl.core.base_simulator | Round  44/150 | Acc: 0.8820 | Loss: 0.4026 | eps_max: 4.34 eps_avg: 2.60 | P: 0.00 R: nan F1: nan
2026-05-05 11:39:30 | DEBUG   | dpfl.core.base_simulator | Update norms — honest: ['1.00', '2.23', '1.17', '0.80', '0.84'], attacker: ['0.06', '0.06', '0.06', '0.06', '0.06']
2026-05-05 11:39:33 | INFO    | dpfl.core.base_simulator | Round  45/150 | Acc: 0.8822 | Loss: 0.4010 | eps_max: 4.69 eps_avg: 2.67 | P: 0.00 R: nan F1: nan
2026-05-05 11:39:33 | DEBUG   | dpfl.core.base_simulator | Update norms — honest: ['1.87', '0.36', '0.66', '2.48', '0.69'], attacker: ['0.06', '0.06', '0.06', '0.06', '0.07']
2026-05-05 11:39:35 | INFO    | dpfl.core.base_simulator | Round  46/150 | Acc: 0.8823 | Loss: 0.4002 | eps_max: 5.08 eps_avg: 2.70 | P: 0.00 R: nan F1: nan
2026-05-05 11:39:35 | DEBUG   | dpfl.core.base_simulator | Update norms — honest: ['1.12', '1.36', '1.78', '1.77', '1.57'], attacker: ['0.07', '0.06', '0.06', '0.06', '0.06']
2026-05-05 11:39:38 | INFO    | dpfl.core.base_simulator | Round  47/150 | Acc: 0.8828 | Loss: 0.3982 | eps_max: 5.13 eps_avg: 2.74 | P: 0.00 R: nan F1: nan
2026-05-05 11:39:38 | DEBUG   | dpfl.core.base_simulator | Update norms — honest: ['1.48', '1.36', '1.59', '1.72', '1.07'], attacker: ['0.06', '0.06', '0.06', '0.06', '0.06']
2026-05-05 11:39:40 | INFO    | dpfl.core.base_simulator | Round  48/150 | Acc: 0.8826 | Loss: 0.3977 | eps_max: 5.13 eps_avg: 2.79 | P: 0.00 R: nan F1: nan
2026-05-05 11:39:40 | DEBUG   | dpfl.core.base_simulator | Update norms — honest: ['0.64', '2.66', '2.37', '0.35', '1.57'], attacker: ['0.06', '0.06', '0.06', '0.06', '0.06']
2026-05-05 11:39:43 | INFO    | dpfl.core.base_simulator | Round  49/150 | Acc: 0.8829 | Loss: 0.3964 | eps_max: 5.13 eps_avg: 2.81 | P: 0.00 R: nan F1: nan
2026-05-05 11:39:43 | DEBUG   | dpfl.core.base_simulator | Update norms — honest: ['1.70', '2.52', '0.68', '1.13', '0.58'], attacker: ['0.06', '0.06', '0.06', '0.06', '0.06']
2026-05-05 11:39:45 | INFO    | dpfl.core.base_simulator | Round  50/150 | Acc: 0.8831 | Loss: 0.3954 | eps_max: 5.13 eps_avg: 2.82 | P: 0.00 R: nan F1: nan
2026-05-05 11:39:45 | DEBUG   | dpfl.core.base_simulator | Update norms — honest: ['2.78', '0.64', '0.88', '1.51', '2.08'], attacker: ['0.06', '0.06', '0.06', '0.06', '0.06']
2026-05-05 11:39:48 | INFO    | dpfl.core.base_simulator | Round  51/150 | Acc: 0.8822 | Loss: 0.3973 | eps_max: 5.13 eps_avg: 2.88 | P: 0.68 R: 1.00 F1: 0.85
2026-05-05 11:39:48 | DEBUG   | dpfl.core.base_simulator | Update norms — honest: ['1.22', '0.68', '1.14', '1.81', '0.34'], attacker: ['1.29', '1.17', '1.20', '1.31', '1.20']
2026-05-05 11:39:50 | INFO    | dpfl.core.base_simulator | Round  52/150 | Acc: 0.8813 | Loss: 0.4017 | eps_max: 5.19 eps_avg: 2.92 | P: 0.60 R: 0.99 F1: 0.97
2026-05-05 11:39:50 | DEBUG   | dpfl.core.base_simulator | Update norms — honest: ['0.96', '3.29', '1.23', '0.68', '1.38'], attacker: ['1.26', '5.37', '5.63', '5.60', '5.56']
2026-05-05 11:39:53 | INFO    | dpfl.core.base_simulator | Round  53/150 | Acc: 0.8829 | Loss: 0.3945 | eps_max: 5.19 eps_avg: 2.98 | P: 0.59 R: 1.00 F1: 0.90
2026-05-05 11:39:53 | DEBUG   | dpfl.core.base_simulator | Update norms — honest: ['0.34', '1.19', '0.96', '0.34', '2.26'], attacker: ['6.64', '10.02', '10.32', '10.24', '10.47']
2026-05-05 11:39:55 | INFO    | dpfl.core.base_simulator | Round  54/150 | Acc: 0.8831 | Loss: 0.3934 | eps_max: 5.19 eps_avg: 3.02 | P: 0.68 R: 1.00 F1: 0.90
2026-05-05 11:39:55 | DEBUG   | dpfl.core.base_simulator | Update norms — honest: ['1.30', '2.38', '0.48', '0.34', '0.61'], attacker: ['6.65', '10.16', '10.50', '10.27', '10.37']
2026-05-05 11:39:58 | INFO    | dpfl.core.base_simulator | Round  55/150 | Acc: 0.8831 | Loss: 0.3931 | eps_max: 5.19 eps_avg: 3.07 | P: 0.55 R: 1.00 F1: 0.91
2026-05-05 11:39:58 | DEBUG   | dpfl.core.base_simulator | Update norms — honest: ['1.89', '2.96', '0.47', '1.39', '1.10'], attacker: ['79.27', '78.06', '78.55', '78.00', '78.30']
2026-05-05 11:40:00 | INFO    | dpfl.core.base_simulator | Round  56/150 | Acc: 0.8833 | Loss: 0.3922 | eps_max: 5.28 eps_avg: 3.11 | P: 0.61 R: 1.00 F1: 0.94
2026-05-05 11:40:00 | DEBUG   | dpfl.core.base_simulator | Update norms — honest: ['1.99', '1.08', '0.54', '1.63', '0.63'], attacker: ['79.55', '77.85', '78.15', '78.77', '77.84']
2026-05-05 11:40:02 | INFO    | dpfl.core.base_simulator | Round  57/150 | Acc: 0.8835 | Loss: 0.3913 | eps_max: 5.39 eps_avg: 3.15 | P: 0.63 R: 1.00 F1: 0.95
2026-05-05 11:40:02 | DEBUG   | dpfl.core.base_simulator | Update norms — honest: ['0.57', '0.62', '1.39', '1.36', '0.57'], attacker: ['79.74', '78.07', '78.27', '78.47', '77.88']
2026-05-05 11:40:05 | INFO    | dpfl.core.base_simulator | Round  58/150 | Acc: 0.8836 | Loss: 0.3906 | eps_max: 5.40 eps_avg: 3.27 | P: 0.35 R: 1.00 F1: 0.85
2026-05-05 11:40:05 | DEBUG   | dpfl.core.base_simulator | Update norms — honest: ['1.83', '0.53', '0.79', '1.63', '0.90'], attacker: ['79.53', '78.32', '78.10', '77.64', '78.04']
2026-05-05 11:40:08 | INFO    | dpfl.core.base_simulator | Round  59/150 | Acc: 0.8836 | Loss: 0.3903 | eps_max: 5.40 eps_avg: 3.39 | P: 0.48 R: 1.00 F1: 0.90
2026-05-05 11:40:08 | DEBUG   | dpfl.core.base_simulator | Update norms — honest: ['1.79', '1.14', '0.34', '0.98', '2.43'], attacker: ['79.69', '78.39', '78.18', '77.96', '77.47']
2026-05-05 11:40:11 | INFO    | dpfl.core.base_simulator | Round  60/150 | Acc: 0.8838 | Loss: 0.3896 | eps_max: 5.40 eps_avg: 3.44 | P: 0.51 R: 1.00 F1: 0.91
2026-05-05 11:40:11 | DEBUG   | dpfl.core.base_simulator | Update norms — honest: ['1.88', '1.02', '1.29', '1.05', '0.52'], attacker: ['79.27', '78.14', '78.90', '77.87', '77.97']
2026-05-05 11:40:13 | INFO    | dpfl.core.base_simulator | Round  61/150 | Acc: 0.8838 | Loss: 0.3893 | eps_max: 5.40 eps_avg: 3.47 | P: 0.66 R: 1.00 F1: 0.94
2026-05-05 11:40:13 | DEBUG   | dpfl.core.base_simulator | Update norms — honest: ['2.23', '0.95', '0.66', '1.51', '1.39'], attacker: ['79.69', '78.42', '78.03', '78.10', '77.65']
2026-05-05 11:40:16 | INFO    | dpfl.core.base_simulator | Round  62/150 | Acc: 0.8838 | Loss: 0.3890 | eps_max: 5.40 eps_avg: 3.53 | P: 0.43 R: 1.00 F1: 0.84
2026-05-05 11:40:16 | DEBUG   | dpfl.core.base_simulator | Update norms — honest: ['0.89', '0.34', '1.59', '1.69', '1.79'], attacker: ['79.62', '78.46', '78.58', '77.94', '78.39']
2026-05-05 11:40:18 | INFO    | dpfl.core.base_simulator | Round  63/150 | Acc: 0.8812 | Loss: 0.6826 | eps_max: 5.53 eps_avg: 3.61 | P: 0.54 R: 1.00 F1: 0.93
2026-05-05 11:40:18 | DEBUG   | dpfl.core.base_simulator | Update norms — honest: ['1.88', '0.34', '1.96', '1.79', '1.37'], attacker: ['80.10', '78.34', '77.94', '77.88', '78.33']
2026-05-05 11:40:21 | INFO    | dpfl.core.base_simulator | Round  64/150 | Acc: 0.8826 | Loss: 0.4055 | eps_max: 5.53 eps_avg: 3.68 | P: 0.55 R: 1.00 F1: 0.89
2026-05-05 11:40:21 | DEBUG   | dpfl.core.base_simulator | Update norms — honest: ['0.83', '1.23', '1.28', '0.50', '0.84'], attacker: ['79.89', '78.19', '79.14', '78.53', '78.09']
2026-05-05 11:40:24 | INFO    | dpfl.core.base_simulator | Round  65/150 | Acc: 0.8828 | Loss: 0.3945 | eps_max: 5.73 eps_avg: 3.75 | P: 0.72 R: 1.00 F1: 0.92
2026-05-05 11:40:24 | DEBUG   | dpfl.core.base_simulator | Update norms — honest: ['1.85', '1.63', '2.79', '1.51', '0.89'], attacker: ['80.01', '78.57', '78.55', '78.21', '78.80']
2026-05-05 11:40:26 | INFO    | dpfl.core.base_simulator | Round  66/150 | Acc: 0.8829 | Loss: 0.3909 | eps_max: 5.73 eps_avg: 3.80 | P: 0.64 R: 1.00 F1: 0.89
2026-05-05 11:40:26 | DEBUG   | dpfl.core.base_simulator | Update norms — honest: ['0.51', '0.98', '2.28', '0.93', '0.55'], attacker: ['79.79', '79.01', '78.64', '77.95', '77.73']
2026-05-05 11:40:29 | INFO    | dpfl.core.base_simulator | Round  67/150 | Acc: 0.8832 | Loss: 0.3903 | eps_max: 5.83 eps_avg: 3.85 | P: 0.51 R: 1.00 F1: 0.89
2026-05-05 11:40:29 | DEBUG   | dpfl.core.base_simulator | Update norms — honest: ['1.74', '1.88', '1.80', '1.61', '0.51'], attacker: ['79.79', '77.65', '78.28', '78.34', '77.97']
2026-05-05 11:40:32 | INFO    | dpfl.core.base_simulator | Round  68/150 | Acc: 0.8832 | Loss: 0.3902 | eps_max: 5.83 eps_avg: 3.96 | P: 0.45 R: 1.00 F1: 0.84
2026-05-05 11:40:32 | DEBUG   | dpfl.core.base_simulator | Update norms — honest: ['0.34', '3.12', '1.09', '1.52', '0.94'], attacker: ['80.51', '78.07', '77.88', '78.26', '78.19']
2026-05-05 11:40:35 | INFO    | dpfl.core.base_simulator | Round  69/150 | Acc: 0.8831 | Loss: 0.3906 | eps_max: 5.99 eps_avg: 4.05 | P: 0.57 R: 1.00 F1: 0.83
2026-05-05 11:40:35 | DEBUG   | dpfl.core.base_simulator | Update norms — honest: ['0.34', '1.36', '0.79', '1.27', '1.84'], attacker: ['80.63', '78.84', '78.55', '78.66', '78.15']
2026-05-05 11:40:37 | INFO    | dpfl.core.base_simulator | Round  70/150 | Acc: 0.8808 | Loss: 48.6909 | eps_max: 5.99 eps_avg: 4.08 | P: 0.43 R: 1.00 F1: 0.99
2026-05-05 11:40:37 | DEBUG   | dpfl.core.base_simulator | Update norms — honest: ['0.49', '0.88', '1.06', '1.67', '1.00'], attacker: ['80.17', '78.47', '77.69', '78.27', '78.02']
2026-05-05 11:40:39 | INFO    | dpfl.core.base_simulator | Round  71/150 | Acc: 0.8809 | Loss: 2.4737 | eps_max: 5.99 eps_avg: 4.12 | P: 0.33 R: 1.00 F1: 0.94
2026-05-05 11:40:39 | DEBUG   | dpfl.core.base_simulator | Update norms — honest: ['1.50', '1.14', '2.22', '2.74', '1.60'], attacker: ['79.73', '78.41', '77.84', '77.50', '78.05']
2026-05-05 11:40:42 | INFO    | dpfl.core.base_simulator | Round  72/150 | Acc: 0.8810 | Loss: 1.9554 | eps_max: 6.23 eps_avg: 4.15 | P: 0.58 R: 1.00 F1: 0.79
2026-05-05 11:40:42 | DEBUG   | dpfl.core.base_simulator | Update norms — honest: ['1.23', '1.11', '1.02', '1.24', '0.45'], attacker: ['80.15', '78.05', '78.85', '78.22', '78.34']
2026-05-05 11:40:44 | INFO    | dpfl.core.base_simulator | Round  73/150 | Acc: 0.8812 | Loss: 0.9655 | eps_max: 6.23 eps_avg: 4.21 | P: 0.48 R: 1.00 F1: 0.95
2026-05-05 11:40:44 | DEBUG   | dpfl.core.base_simulator | Update norms — honest: ['1.89', '1.53', '0.68', '1.80', '1.60'], attacker: ['79.63', '78.53', '78.44', '78.32', '77.53']
2026-05-05 11:40:47 | INFO    | dpfl.core.base_simulator | Round  74/150 | Acc: 0.8816 | Loss: 0.6755 | eps_max: 6.23 eps_avg: 4.28 | P: 0.51 R: 1.00 F1: 0.91
2026-05-05 11:40:47 | DEBUG   | dpfl.core.base_simulator | Update norms — honest: ['2.61', '2.32', '1.13', '1.62', '0.84'], attacker: ['79.72', '78.54', '78.46', '78.88', '78.50']
2026-05-05 11:40:50 | INFO    | dpfl.core.base_simulator | Round  75/150 | Acc: 0.8818 | Loss: 0.7064 | eps_max: 6.23 eps_avg: 4.35 | P: 0.69 R: 1.00 F1: 0.88
2026-05-05 11:40:50 | DEBUG   | dpfl.core.base_simulator | Update norms — honest: ['0.54', '1.79', '2.15', '1.07', '0.90'], attacker: ['79.69', '78.16', '78.97', '78.44', '79.18']
2026-05-05 11:40:52 | INFO    | dpfl.core.base_simulator | Round  76/150 | Acc: 0.8820 | Loss: 0.5896 | eps_max: 6.23 eps_avg: 4.39 | P: 0.56 R: 1.00 F1: 0.92
2026-05-05 11:40:52 | DEBUG   | dpfl.core.base_simulator | Update norms — honest: ['2.04', '2.62', '0.71', '0.63', '1.23'], attacker: ['79.71', '78.63', '79.00', '78.15', '78.55']
2026-05-05 11:40:55 | INFO    | dpfl.core.base_simulator | Round  77/150 | Acc: 0.8820 | Loss: 0.4850 | eps_max: 6.29 eps_avg: 4.45 | P: 0.53 R: 1.00 F1: 0.91
2026-05-05 11:40:55 | DEBUG   | dpfl.core.base_simulator | Update norms — honest: ['0.34', '2.39', '2.14', '2.16', '0.65'], attacker: ['79.47', '78.58', '78.15', '78.32', '78.18']
2026-05-05 11:40:57 | INFO    | dpfl.core.base_simulator | Round  78/150 | Acc: 0.8820 | Loss: 0.4667 | eps_max: 6.29 eps_avg: 4.50 | P: 0.34 R: 1.00 F1: 0.89
2026-05-05 11:40:57 | DEBUG   | dpfl.core.base_simulator | Update norms — honest: ['2.64', '1.30', '1.50', '1.37', '2.39'], attacker: ['79.82', '77.80', '78.08', '78.33', '78.14']
2026-05-05 11:41:00 | INFO    | dpfl.core.base_simulator | Round  79/150 | Acc: 0.8821 | Loss: 0.4422 | eps_max: 6.29 eps_avg: 4.52 | P: 0.75 R: 1.00 F1: 0.96
2026-05-05 11:41:00 | DEBUG   | dpfl.core.base_simulator | Update norms — honest: ['1.99', '2.92', '2.59', '2.17', '1.17'], attacker: ['80.03', '78.51', '78.45', '78.40', '78.67']
2026-05-05 11:41:02 | INFO    | dpfl.core.base_simulator | Round  80/150 | Acc: 0.8823 | Loss: 0.4383 | eps_max: 6.29 eps_avg: 4.59 | P: 0.56 R: 1.00 F1: 0.79
2026-05-05 11:41:02 | DEBUG   | dpfl.core.base_simulator | Update norms — honest: ['0.34', '1.53', '0.89', '1.32', '2.51'], attacker: ['80.23', '79.12', '79.10', '78.64', '78.66']
2026-05-05 11:41:05 | INFO    | dpfl.core.base_simulator | Round  81/150 | Acc: 0.8820 | Loss: 0.4411 | eps_max: 6.29 eps_avg: 4.64 | P: 0.48 R: 1.00 F1: 0.85
2026-05-05 11:41:05 | DEBUG   | dpfl.core.base_simulator | Update norms — honest: ['2.22', '1.66', '1.47', '2.25', '0.96'], attacker: ['80.86', '78.60', '79.05', '79.32', '78.26']
2026-05-05 11:41:08 | INFO    | dpfl.core.base_simulator | Round  82/150 | Acc: 0.8823 | Loss: 0.4172 | eps_max: 6.29 eps_avg: 4.68 | P: 0.71 R: 1.00 F1: 0.89
2026-05-05 11:41:08 | DEBUG   | dpfl.core.base_simulator | Update norms — honest: ['2.53', '0.89', '1.24', '2.82', '1.43'], attacker: ['79.69', '79.32', '78.68', '79.10', '78.92']
2026-05-05 11:41:10 | INFO    | dpfl.core.base_simulator | Round  83/150 | Acc: 0.8822 | Loss: 0.4522 | eps_max: 6.35 eps_avg: 4.69 | P: 0.56 R: 1.00 F1: 0.96
2026-05-05 11:41:10 | DEBUG   | dpfl.core.base_simulator | Update norms — honest: ['1.42', '1.74', '1.39', '2.28', '0.55'], attacker: ['80.80', '78.87', '78.39', '79.28', '78.96']
2026-05-05 11:41:12 | INFO    | dpfl.core.base_simulator | Round  84/150 | Acc: 0.8820 | Loss: 0.4527 | eps_max: 6.35 eps_avg: 4.74 | P: 0.55 R: 1.00 F1: 0.88
2026-05-05 11:41:12 | DEBUG   | dpfl.core.base_simulator | Update norms — honest: ['1.61', '3.00', '1.54', '1.91', '2.48'], attacker: ['80.12', '78.39', '78.75', '79.42', '77.99']
2026-05-05 11:41:15 | INFO    | dpfl.core.base_simulator | Round  85/150 | Acc: 0.8822 | Loss: 0.4213 | eps_max: 6.35 eps_avg: 4.77 | P: 0.78 R: 1.00 F1: 0.89
2026-05-05 11:41:15 | DEBUG   | dpfl.core.base_simulator | Update norms — honest: ['0.85', '1.46', '2.76', '0.86', '2.19'], attacker: ['80.06', '78.53', '79.07', '78.67', '79.36']
2026-05-05 11:41:17 | INFO    | dpfl.core.base_simulator | Round  86/150 | Acc: 0.8796 | Loss: 1569573.9918 | eps_max: 6.47 eps_avg: 4.81 | P: 0.36 R: 1.00 F1: 0.92
2026-05-05 11:41:17 | DEBUG   | dpfl.core.base_simulator | Update norms — honest: ['2.36', '1.23', '1.29', '1.99', '2.22'], attacker: ['80.65', '79.19', '78.83', '79.38', '78.87']
2026-05-05 11:41:20 | INFO    | dpfl.core.base_simulator | Round  87/150 | Acc: 0.8799 | Loss: 92662.2029 | eps_max: 6.47 eps_avg: 4.83 | P: 0.60 R: 1.00 F1: 0.88
2026-05-05 11:41:20 | DEBUG   | dpfl.core.base_simulator | Update norms — honest: ['0.56', '1.07', '1.65', '2.42', '1.95'], attacker: ['80.33', '79.22', '79.52', '79.90', '79.35']
2026-05-05 11:41:22 | INFO    | dpfl.core.base_simulator | Round  88/150 | Acc: 0.8798 | Loss: 34621.5541 | eps_max: 6.80 eps_avg: 4.88 | P: 0.79 R: 1.00 F1: 0.92
2026-05-05 11:41:22 | DEBUG   | dpfl.core.base_simulator | Update norms — honest: ['0.73', '1.58', '1.66', '0.33', '0.82'], attacker: ['80.88', '79.31', '78.46', '79.76', '79.91']
2026-05-05 11:41:25 | INFO    | dpfl.core.base_simulator | Round  89/150 | Acc: 0.8799 | Loss: 37098.1452 | eps_max: 6.80 eps_avg: 4.90 | P: 0.53 R: 1.00 F1: 0.94
2026-05-05 11:41:25 | DEBUG   | dpfl.core.base_simulator | Update norms — honest: ['3.58', '1.02', '1.24', '1.54', '1.15'], attacker: ['80.70', '79.51', '78.31', '78.66', '79.92']
2026-05-05 11:41:27 | INFO    | dpfl.core.base_simulator | Round  90/150 | Acc: 0.8799 | Loss: 20446.6084 | eps_max: 6.80 eps_avg: 4.94 | P: 0.71 R: 1.00 F1: 0.91
2026-05-05 11:41:27 | DEBUG   | dpfl.core.base_simulator | Update norms — honest: ['0.95', '3.50', '1.43', '1.29', '1.49'], attacker: ['80.71', '79.28', '79.10', '79.23', '80.47']
2026-05-05 11:41:30 | INFO    | dpfl.core.base_simulator | Round  91/150 | Acc: 0.8791 | Loss: 19356.7522 | eps_max: 6.80 eps_avg: 5.02 | P: 0.54 R: 1.00 F1: 0.86
2026-05-05 11:41:30 | DEBUG   | dpfl.core.base_simulator | Update norms — honest: ['2.17', '2.39', '1.23', '2.42', '2.05'], attacker: ['80.62', '78.32', '78.71', '78.51', '78.52']
2026-05-05 11:41:32 | INFO    | dpfl.core.base_simulator | Round  92/150 | Acc: 0.8798 | Loss: 6894.9343 | eps_max: 6.80 eps_avg: 5.05 | P: 0.42 R: 1.00 F1: 0.79
2026-05-05 11:41:32 | DEBUG   | dpfl.core.base_simulator | Update norms — honest: ['1.70', '1.46', '1.33', '1.50', '1.60'], attacker: ['80.37', '78.75', '78.71', '79.18', '78.86']
2026-05-05 11:41:35 | INFO    | dpfl.core.base_simulator | Round  93/150 | Acc: 0.8804 | Loss: 7233.8671 | eps_max: 6.80 eps_avg: 5.08 | P: 0.38 R: 1.00 F1: 0.82
2026-05-05 11:41:35 | DEBUG   | dpfl.core.base_simulator | Update norms — honest: ['1.72', '2.84', '1.40', '2.67', '0.93'], attacker: ['80.55', '79.04', '79.58', '79.19', '79.21']
2026-05-05 11:41:37 | INFO    | dpfl.core.base_simulator | Round  94/150 | Acc: 0.8797 | Loss: 6148.4434 | eps_max: 7.22 eps_avg: 5.11 | P: 0.54 R: 1.00 F1: 0.93
2026-05-05 11:41:37 | DEBUG   | dpfl.core.base_simulator | Update norms — honest: ['1.88', '3.01', '2.42', '0.86', '1.46'], attacker: ['80.86', '78.81', '79.16', '79.93', '79.47']
2026-05-05 11:41:40 | INFO    | dpfl.core.base_simulator | Round  95/150 | Acc: 0.8804 | Loss: 4341.7704 | eps_max: 7.22 eps_avg: 5.15 | P: 0.58 R: 1.00 F1: 0.95
2026-05-05 11:41:40 | DEBUG   | dpfl.core.base_simulator | Update norms — honest: ['2.87', '1.68', '1.40', '0.34', '1.76'], attacker: ['80.71', '78.35', '79.10', '79.87', '80.00']
2026-05-05 11:41:43 | INFO    | dpfl.core.base_simulator | Round  96/150 | Acc: 0.8805 | Loss: 2026.6486 | eps_max: 7.22 eps_avg: 5.20 | P: 0.51 R: 1.00 F1: 0.86
2026-05-05 11:41:43 | DEBUG   | dpfl.core.base_simulator | Update norms — honest: ['0.00', '2.66', '1.70', '1.84', '1.27'], attacker: ['80.17', '79.40', '79.60', '78.63', '79.41']
2026-05-05 11:41:45 | INFO    | dpfl.core.base_simulator | Round  97/150 | Acc: 0.8804 | Loss: 1439.7176 | eps_max: 7.44 eps_avg: 5.24 | P: 0.47 R: 1.00 F1: 0.73
2026-05-05 11:41:45 | DEBUG   | dpfl.core.base_simulator | Update norms — honest: ['1.82', '0.29', '2.44', '1.15', '1.09'], attacker: ['79.49', '79.32', '79.26', '78.86', '79.70']
2026-05-05 11:41:48 | INFO    | dpfl.core.base_simulator | Round  98/150 | Acc: 0.8808 | Loss: 1096.3550 | eps_max: 7.44 eps_avg: 5.28 | P: 0.51 R: 1.00 F1: 0.89
2026-05-05 11:41:48 | DEBUG   | dpfl.core.base_simulator | Update norms — honest: ['1.32', '1.42', '1.45', '1.85', '1.98'], attacker: ['80.03', '79.37', '79.26', '79.28', '79.96']
2026-05-05 11:41:50 | INFO    | dpfl.core.base_simulator | Round  99/150 | Acc: 0.8802 | Loss: 1894.6256 | eps_max: 7.44 eps_avg: 5.30 | P: 0.53 R: 1.00 F1: 0.91
2026-05-05 11:41:50 | DEBUG   | dpfl.core.base_simulator | Update norms — honest: ['1.54', '1.09', '1.36', '1.25', '2.29'], attacker: ['80.10', '79.09', '78.85', '79.13', '79.64']
2026-05-05 11:41:53 | INFO    | dpfl.core.base_simulator | Round 100/150 | Acc: 0.8800 | Loss: 1960.1281 | eps_max: 7.44 eps_avg: 5.31 | P: 0.49 R: 1.00 F1: 0.90
2026-05-05 11:41:53 | DEBUG   | dpfl.core.base_simulator | Update norms — honest: ['1.60', '1.71', '2.47', '2.18', '1.77'], attacker: ['80.03', '79.38', '79.29', '78.53', '79.77']
2026-05-05 11:41:55 | INFO    | dpfl.core.base_simulator | Round 101/150 | Acc: 0.8801 | Loss: 1629.5725 | eps_max: 7.44 eps_avg: 5.34 | P: 0.47 R: 1.00 F1: 0.89
2026-05-05 11:41:55 | DEBUG   | dpfl.core.base_simulator | Update norms — honest: ['3.35', '1.78', '1.89', '1.51', '1.63'], attacker: ['79.92', '79.20', '79.33', '79.98', '79.47']
2026-05-05 11:41:58 | INFO    | dpfl.core.base_simulator | Round 102/150 | Acc: 0.8804 | Loss: 1316.3523 | eps_max: 7.44 eps_avg: 5.37 | P: 0.51 R: 1.00 F1: 0.82
2026-05-05 11:41:58 | DEBUG   | dpfl.core.base_simulator | Update norms — honest: ['1.56', '0.49', '1.99', '0.96', '2.35'], attacker: ['80.29', '78.85', '79.29', '79.46', '79.97']
2026-05-05 11:42:01 | INFO    | dpfl.core.base_simulator | Round 103/150 | Acc: 0.8803 | Loss: 1028.1482 | eps_max: 7.44 eps_avg: 5.40 | P: 0.67 R: 1.00 F1: 0.93
2026-05-05 11:42:01 | DEBUG   | dpfl.core.base_simulator | Update norms — honest: ['2.20', '2.04', '1.13', '0.52', '2.66'], attacker: ['80.19', '78.66', '79.40', '80.04', '79.51']
2026-05-05 11:42:03 | INFO    | dpfl.core.base_simulator | Round 104/150 | Acc: 0.8800 | Loss: 1257.1278 | eps_max: 7.44 eps_avg: 5.46 | P: 0.55 R: 1.00 F1: 0.84
2026-05-05 11:42:03 | DEBUG   | dpfl.core.base_simulator | Update norms — honest: ['1.60', '0.34', '1.90', '1.34', '1.41'], attacker: ['80.31', '79.05', '79.15', '79.25', '80.62']
2026-05-05 11:42:06 | INFO    | dpfl.core.base_simulator | Round 105/150 | Acc: 0.8801 | Loss: 1658.8274 | eps_max: 7.44 eps_avg: 5.48 | P: 0.67 R: 1.00 F1: 0.90
2026-05-05 11:42:06 | DEBUG   | dpfl.core.base_simulator | Update norms — honest: ['1.14', '0.99', '0.30', '1.65', '2.30'], attacker: ['80.07', '79.13', '79.47', '78.99', '79.71']
2026-05-05 11:42:08 | INFO    | dpfl.core.base_simulator | Round 106/150 | Acc: 0.8806 | Loss: 586.2842 | eps_max: 7.44 eps_avg: 5.50 | P: 0.49 R: 1.00 F1: 0.92
2026-05-05 11:42:08 | DEBUG   | dpfl.core.base_simulator | Update norms — honest: ['0.79', '3.20', '1.59', '3.44', '1.33'], attacker: ['79.86', '78.55', '79.91', '79.53', '80.65']
2026-05-05 11:42:11 | INFO    | dpfl.core.base_simulator | Round 107/150 | Acc: 0.8801 | Loss: 985.0719 | eps_max: 7.44 eps_avg: 5.53 | P: 0.42 R: 1.00 F1: 0.84
2026-05-05 11:42:11 | DEBUG   | dpfl.core.base_simulator | Update norms — honest: ['2.62', '3.35', '2.76', '0.79', '1.15'], attacker: ['80.09', '79.24', '78.85', '79.48', '80.36']
2026-05-05 11:42:14 | INFO    | dpfl.core.base_simulator | Round 108/150 | Acc: 0.8798 | Loss: 894.5138 | eps_max: 7.44 eps_avg: 5.55 | P: 0.59 R: 1.00 F1: 0.87
2026-05-05 11:42:14 | DEBUG   | dpfl.core.base_simulator | Update norms — honest: ['3.83', '2.78', '2.41', '1.68', '1.04'], attacker: ['79.77', '79.70', '78.96', '79.09', '79.71']
2026-05-05 11:42:16 | INFO    | dpfl.core.base_simulator | Round 109/150 | Acc: 0.8795 | Loss: 2720.9404 | eps_max: 7.44 eps_avg: 5.56 | P: 0.61 R: 1.00 F1: 0.95
2026-05-05 11:42:16 | DEBUG   | dpfl.core.base_simulator | Update norms — honest: ['3.39', '2.42', '1.64', '2.48', '1.37'], attacker: ['80.29', '79.35', '79.66', '79.26', '79.95']
2026-05-05 11:42:19 | INFO    | dpfl.core.base_simulator | Round 110/150 | Acc: 0.8792 | Loss: 981.5260 | eps_max: 7.44 eps_avg: 5.62 | P: 0.58 R: 1.00 F1: 0.88
2026-05-05 11:42:19 | DEBUG   | dpfl.core.base_simulator | Update norms — honest: ['1.85', '2.04', '0.52', '3.63', '0.75'], attacker: ['79.73', '78.96', '79.06', '79.51', '79.85']
2026-05-05 11:42:22 | INFO    | dpfl.core.base_simulator | Round 111/150 | Acc: 0.8786 | Loss: 1089.0333 | eps_max: 7.44 eps_avg: 5.67 | P: 0.49 R: 1.00 F1: 0.83
2026-05-05 11:42:22 | DEBUG   | dpfl.core.base_simulator | Update norms — honest: ['3.00', '2.36', '2.10', '2.23', '1.34'], attacker: ['80.40', '79.51', '79.36', '79.27', '80.75']
2026-05-05 11:42:25 | INFO    | dpfl.core.base_simulator | Round 112/150 | Acc: 0.8790 | Loss: 599.0430 | eps_max: 7.44 eps_avg: 5.69 | P: 0.48 R: 1.00 F1: 0.82
2026-05-05 11:42:25 | DEBUG   | dpfl.core.base_simulator | Update norms — honest: ['3.01', '0.58', '2.20', '3.02', '1.74'], attacker: ['79.92', '79.57', '78.97', '79.98', '80.70']
2026-05-05 11:42:27 | INFO    | dpfl.core.base_simulator | Round 113/150 | Acc: 0.8792 | Loss: 520.7006 | eps_max: 7.44 eps_avg: 5.71 | P: 0.80 R: 1.00 F1: 0.96
2026-05-05 11:42:27 | DEBUG   | dpfl.core.base_simulator | Update norms — honest: ['1.93', '0.72', '1.81', '1.59', '2.27'], attacker: ['80.09', '80.21', '78.71', '79.41', '80.00']
2026-05-05 11:42:30 | INFO    | dpfl.core.base_simulator | Round 114/150 | Acc: 0.8784 | Loss: 609.5526 | eps_max: 7.44 eps_avg: 5.73 | P: 0.51 R: 1.00 F1: 0.77
2026-05-05 11:42:30 | DEBUG   | dpfl.core.base_simulator | Update norms — honest: ['2.96', '2.72', '1.54', '1.65', '1.03'], attacker: ['80.11', '79.60', '79.05', '79.22', '80.80']
2026-05-05 11:42:32 | INFO    | dpfl.core.base_simulator | Round 115/150 | Acc: 0.8787 | Loss: 551.1271 | eps_max: 7.44 eps_avg: 5.76 | P: 0.76 R: 1.00 F1: 0.93
2026-05-05 11:42:32 | DEBUG   | dpfl.core.base_simulator | Update norms — honest: ['0.00', '2.12', '1.54', '2.23', '2.55'], attacker: ['80.55', '79.15', '79.71', '80.01', '80.18']
2026-05-05 11:42:35 | INFO    | dpfl.core.base_simulator | Round 116/150 | Acc: 0.8784 | Loss: 660.3816 | eps_max: 7.44 eps_avg: 5.78 | P: 0.52 R: 1.00 F1: 0.92
2026-05-05 11:42:35 | DEBUG   | dpfl.core.base_simulator | Update norms — honest: ['0.61', '1.68', '0.98', '1.61', '1.78'], attacker: ['79.63', '79.10', '79.23', '79.68', '80.24']
2026-05-05 11:42:38 | INFO    | dpfl.core.base_simulator | Round 117/150 | Acc: 0.8781 | Loss: 503.5709 | eps_max: 7.51 eps_avg: 5.82 | P: 0.45 R: 1.00 F1: 0.72
2026-05-05 11:42:38 | DEBUG   | dpfl.core.base_simulator | Update norms — honest: ['1.10', '2.46', '2.37', '3.90', '3.27'], attacker: ['80.31', '79.77', '79.60', '80.13', '80.28']
2026-05-05 11:42:40 | INFO    | dpfl.core.base_simulator | Round 118/150 | Acc: 0.8783 | Loss: 485.5846 | eps_max: 7.51 eps_avg: 5.85 | P: 0.47 R: 1.00 F1: 0.90
2026-05-05 11:42:40 | DEBUG   | dpfl.core.base_simulator | Update norms — honest: ['2.14', '1.11', '2.36', '1.59', '2.49'], attacker: ['80.41', '79.41', '79.18', '80.74', '81.28']
2026-05-05 11:42:43 | INFO    | dpfl.core.base_simulator | Round 119/150 | Acc: 0.8774 | Loss: 475.4624 | eps_max: 7.54 eps_avg: 5.89 | P: 0.51 R: 1.00 F1: 0.83
2026-05-05 11:42:43 | DEBUG   | dpfl.core.base_simulator | Update norms — honest: ['2.06', '2.31', '2.03', '2.27', '2.93'], attacker: ['80.30', '79.07', '79.23', '79.43', '80.72']
2026-05-05 11:42:46 | INFO    | dpfl.core.base_simulator | Round 120/150 | Acc: 0.8774 | Loss: 610.6033 | eps_max: 7.54 eps_avg: 5.92 | P: 0.49 R: 1.00 F1: 0.88
2026-05-05 11:42:46 | DEBUG   | dpfl.core.base_simulator | Update norms — honest: ['1.29', '1.85', '3.05', '2.51', '1.79'], attacker: ['80.17', '79.12', '79.02', '80.13', '79.88']
2026-05-05 11:42:49 | INFO    | dpfl.core.base_simulator | Round 121/150 | Acc: 0.8769 | Loss: 601.9009 | eps_max: 7.54 eps_avg: 5.95 | P: 0.55 R: 1.00 F1: 0.85
2026-05-05 11:42:49 | DEBUG   | dpfl.core.base_simulator | Update norms — honest: ['2.93', '3.34', '2.09', '1.36', '1.63'], attacker: ['81.10', '79.62', '79.14', '79.62', '80.92']
2026-05-05 11:42:51 | INFO    | dpfl.core.base_simulator | Round 122/150 | Acc: 0.8768 | Loss: 456.7374 | eps_max: 7.59 eps_avg: 5.97 | P: 0.51 R: 1.00 F1: 0.87
2026-05-05 11:42:51 | DEBUG   | dpfl.core.base_simulator | Update norms — honest: ['2.97', '2.04', '2.16', '2.34', '1.57'], attacker: ['79.69', '79.28', '78.83', '79.77', '80.71']
2026-05-05 11:42:54 | INFO    | dpfl.core.base_simulator | Round 123/150 | Acc: 0.8765 | Loss: 596.1312 | eps_max: 7.59 eps_avg: 5.99 | P: 0.56 R: 1.00 F1: 0.87
2026-05-05 11:42:54 | DEBUG   | dpfl.core.base_simulator | Update norms — honest: ['1.06', '3.23', '2.17', '1.50', '1.57'], attacker: ['79.81', '78.89', '79.46', '79.48', '79.69']
2026-05-05 11:42:56 | INFO    | dpfl.core.base_simulator | Round 124/150 | Acc: 0.8765 | Loss: 496.1326 | eps_max: 7.59 eps_avg: 6.00 | P: 0.46 R: 1.00 F1: 0.88
2026-05-05 11:42:56 | DEBUG   | dpfl.core.base_simulator | Update norms — honest: ['3.52', '2.34', '2.84', '0.95', '1.35'], attacker: ['80.12', '78.73', '78.47', '79.71', '80.80']
2026-05-05 11:42:59 | INFO    | dpfl.core.base_simulator | Round 125/150 | Acc: 0.8766 | Loss: 463.1092 | eps_max: 7.59 eps_avg: 6.02 | P: 0.52 R: 1.00 F1: 0.97
2026-05-05 11:42:59 | DEBUG   | dpfl.core.base_simulator | Update norms — honest: ['1.51', '1.77', '2.21', '2.26', '2.60'], attacker: ['80.04', '79.32', '78.99', '79.20', '80.57']
2026-05-05 11:43:01 | INFO    | dpfl.core.base_simulator | Round 126/150 | Acc: 0.8765 | Loss: 501.6107 | eps_max: 7.59 eps_avg: 6.04 | P: 0.71 R: 1.00 F1: 0.94
2026-05-05 11:43:01 | DEBUG   | dpfl.core.base_simulator | Update norms — honest: ['1.72', '1.30', '2.16', '2.66', '2.35'], attacker: ['79.33', '79.76', '80.45', '79.90', '81.26']
2026-05-05 11:43:03 | INFO    | dpfl.core.base_simulator | Round 127/150 | Acc: 0.8764 | Loss: 603.3643 | eps_max: 7.59 eps_avg: 6.05 | P: 0.64 R: 1.00 F1: 0.92
2026-05-05 11:43:03 | DEBUG   | dpfl.core.base_simulator | Update norms — honest: ['2.14', '1.11', '1.80', '2.17', '2.24'], attacker: ['79.82', '79.31', '78.79', '79.84', '81.39']
2026-05-05 11:43:06 | INFO    | dpfl.core.base_simulator | Round 128/150 | Acc: 0.8758 | Loss: 643.0062 | eps_max: 7.59 eps_avg: 6.08 | P: 0.49 R: 1.00 F1: 0.87
2026-05-05 11:43:06 | DEBUG   | dpfl.core.base_simulator | Update norms — honest: ['4.61', '3.01', '1.75', '1.86', '0.94'], attacker: ['941.82', '939.23', '946.16', '943.71', '932.27']
2026-05-05 11:43:09 | INFO    | dpfl.core.base_simulator | Round 129/150 | Acc: 0.8763 | Loss: 542.9427 | eps_max: 7.59 eps_avg: 6.10 | P: 0.58 R: 1.00 F1: 0.84
2026-05-05 11:43:09 | DEBUG   | dpfl.core.base_simulator | Update norms — honest: ['1.31', '0.81', '1.99', '0.86', '0.92'], attacker: ['924.24', '932.76', '940.41', '975.48', '942.29']
2026-05-05 11:43:11 | INFO    | dpfl.core.base_simulator | Round 130/150 | Acc: 0.8760 | Loss: 473.7174 | eps_max: 7.68 eps_avg: 6.12 | P: 0.54 R: 1.00 F1: 0.87
2026-05-05 11:43:11 | DEBUG   | dpfl.core.base_simulator | Update norms — honest: ['2.28', '1.30', '1.48', '2.71', '1.24'], attacker: ['943.41', '942.21', '966.11', '948.06', '928.33']
2026-05-05 11:43:14 | INFO    | dpfl.core.base_simulator | Round 131/150 | Acc: 0.8760 | Loss: 431.5690 | eps_max: 7.68 eps_avg: 6.14 | P: 0.57 R: 1.00 F1: 0.94
2026-05-05 11:43:14 | DEBUG   | dpfl.core.base_simulator | Update norms — honest: ['1.42', '1.71', '0.91', '2.61', '3.25'], attacker: ['934.28', '943.83', '953.12', '940.09', '939.11']
2026-05-05 11:43:16 | INFO    | dpfl.core.base_simulator | Round 132/150 | Acc: 0.8759 | Loss: 439.2140 | eps_max: 7.68 eps_avg: 6.15 | P: 0.72 R: 1.00 F1: 0.86
2026-05-05 11:43:16 | DEBUG   | dpfl.core.base_simulator | Update norms — honest: ['1.98', '2.09', '2.57', '2.76', '3.63'], attacker: ['979.08', '942.95', '947.97', '934.99', '937.45']
2026-05-05 11:43:19 | INFO    | dpfl.core.base_simulator | Round 133/150 | Acc: 0.8753 | Loss: 448.8466 | eps_max: 7.72 eps_avg: 6.18 | P: 0.30 R: 1.00 F1: 0.76
2026-05-05 11:43:19 | DEBUG   | dpfl.core.base_simulator | Update norms — honest: ['3.45', '2.57', '2.45', '2.16', '2.52'], attacker: ['938.28', '935.14', '942.18', '963.47', '942.39']
2026-05-05 11:43:21 | INFO    | dpfl.core.base_simulator | Round 134/150 | Acc: 0.8750 | Loss: 439.5805 | eps_max: 7.73 eps_avg: 6.20 | P: 0.56 R: 1.00 F1: 0.92
2026-05-05 11:43:21 | DEBUG   | dpfl.core.base_simulator | Update norms — honest: ['3.76', '1.77', '2.50', '1.82', '2.96'], attacker: ['954.59', '957.69', '943.37', '948.79', '943.96']
2026-05-05 11:43:24 | INFO    | dpfl.core.base_simulator | Round 135/150 | Acc: 0.8748 | Loss: 471.4516 | eps_max: 7.73 eps_avg: 6.23 | P: 0.70 R: 1.00 F1: 0.93
2026-05-05 11:43:24 | DEBUG   | dpfl.core.base_simulator | Update norms — honest: ['0.07', '2.56', '1.91', '2.12', '2.58'], attacker: ['933.39', '961.46', '926.63', '950.64', '937.28']
2026-05-05 11:43:26 | INFO    | dpfl.core.base_simulator | Round 136/150 | Acc: 0.8748 | Loss: 428.4683 | eps_max: 7.73 eps_avg: 6.25 | P: 0.45 R: 1.00 F1: 0.90
2026-05-05 11:43:26 | DEBUG   | dpfl.core.base_simulator | Update norms — honest: ['0.00', '3.53', '2.44', '2.86', '1.92'], attacker: ['929.63', '944.51', '939.34', '938.32', '943.60']
2026-05-05 11:43:29 | INFO    | dpfl.core.base_simulator | Round 137/150 | Acc: 0.8740 | Loss: 710.2649 | eps_max: 7.81 eps_avg: 6.26 | P: 0.68 R: 1.00 F1: 0.95
2026-05-05 11:43:29 | DEBUG   | dpfl.core.base_simulator | Update norms — honest: ['1.73', '1.26', '1.33', '1.71', '1.43'], attacker: ['943.99', '959.80', '949.62', '922.85', '938.06']
2026-05-05 11:43:32 | INFO    | dpfl.core.base_simulator | Round 138/150 | Acc: 0.8741 | Loss: 451.9194 | eps_max: 7.94 eps_avg: 6.28 | P: 0.61 R: 1.00 F1: 0.86
2026-05-05 11:43:32 | DEBUG   | dpfl.core.base_simulator | Update norms — honest: ['2.52', '2.75', '2.89', '3.48', '2.14'], attacker: ['946.44', '950.91', '932.42', '945.49', '937.63']
2026-05-05 11:43:34 | INFO    | dpfl.core.base_simulator | Round 139/150 | Acc: 0.8741 | Loss: 449.7462 | eps_max: 7.94 eps_avg: 6.30 | P: 0.60 R: 1.00 F1: 0.92
2026-05-05 11:43:34 | DEBUG   | dpfl.core.base_simulator | Update norms — honest: ['3.04', '1.84', '2.35', '1.94', '1.50'], attacker: ['945.84', '937.70', '942.54', '937.37', '937.20']
2026-05-05 11:43:37 | INFO    | dpfl.core.base_simulator | Round 140/150 | Acc: 0.8738 | Loss: 487.0425 | eps_max: 7.94 eps_avg: 6.32 | P: 0.61 R: 1.00 F1: 0.92
2026-05-05 11:43:37 | DEBUG   | dpfl.core.base_simulator | Update norms — honest: ['3.03', '2.67', '4.01', '3.38', '2.50'], attacker: ['943.83', '937.95', '934.38', '947.02', '931.86']
2026-05-05 11:43:39 | INFO    | dpfl.core.base_simulator | Round 141/150 | Acc: 0.8743 | Loss: 447.6178 | eps_max: 7.94 eps_avg: 6.34 | P: 0.39 R: 1.00 F1: 0.90
2026-05-05 11:43:39 | DEBUG   | dpfl.core.base_simulator | Update norms — honest: ['2.39', '1.53', '1.81', '1.60', '2.15'], attacker: ['938.05', '943.51', '942.52', '938.39', '959.71']
2026-05-05 11:43:42 | INFO    | dpfl.core.base_simulator | Round 142/150 | Acc: 0.8737 | Loss: 469.3724 | eps_max: 8.06 eps_avg: 6.36 | P: 0.40 R: 1.00 F1: 0.81
2026-05-05 11:43:42 | DEBUG   | dpfl.core.base_simulator | Update norms — honest: ['3.90', '2.49', '2.77', '1.18', '1.49'], attacker: ['961.96', '935.49', '953.48', '938.05', '946.10']
2026-05-05 11:43:42 | WARNING | dpfl.algorithms.noise_game.simulator | Round 142/150 | Budget exceeded (eps_max=8.06 > 8.00)
2026-05-05 11:43:43 | INFO    | dpfl | Experiment complete in 404.4s
============================================================
REPORT: DP-SGD Decentralized Federated Learning
============================================================
Timestamp:                  20260505_113657
Rounds completed:           142
Attack-active rounds:       92  (from round 50)
Final accuracy:             0.8737
Final test loss:            469.3724
Final epsilon (max honest): 8.06
Final epsilon (avg honest): 6.36
Best alpha:                 1000.0
Avg precision:              0.5511
Avg recall:                 0.9998
Avg F1 score:               0.8866
Avg update norm (honest):   1.4913
Avg update norm (attacker): 183906.1482

eps_system (max honest): 8.0617
eps_avg (honest):        6.3574
eps_std (honest):        0.9583
n_frozen:                0/300
============================================================
