2026-05-05 20:14:04 | INFO    | dpfl | Experiment start: algorithm=trust_d2b, dataset=fashion_mnist, model=mlp, device=cuda
2026-05-05 20:14:04 | INFO    | dpfl | Config: nodes=500, attackers=200, rounds=150, noise_mode=none, attack=scale
2026-05-05 20:14:04 | INFO    | dpfl.data.fashion_mnist_dataset | Loading Fashion-MNIST dataset...
2026-05-05 20:14:04 | INFO    | dpfl.data.fashion_mnist_dataset | Fashion-MNIST loaded: 60000 train, 10000 test samples
2026-05-05 20:14:53 | INFO    | dpfl.core.base_simulator | Vectorized state ready: param_spec.D=50890, X_test=(10000, 1, 28, 28), train clients N=500, max_n_samples=1000
2026-05-05 20:14:53 | INFO    | dpfl.core.base_simulator | Setup complete: 500 nodes (200 attackers), param_dim=50890, split=iid
2026-05-05 20:14:53 | DEBUG   | dpfl.core.base_simulator | Attacker IDs: {0, 1, 2, 3, 4, 5, 6, 7, 8, 9, 10, 11, 12, 13, 14, 15, 16, 17, 18, 19, 20, 21, 22, 23, 24, 25, 26, 27, 28, 29, 30, 31, 32, 33, 34, 35, 36, 37, 38, 39, 40, 41, 42, 43, 44, 45, 46, 47, 48, 49, 50, 51, 52, 53, 54, 55, 56, 57, 58, 59, 60, 61, 62, 63, 64, 65, 66, 67, 68, 69, 70, 71, 72, 73, 74, 75, 76, 77, 78, 79, 80, 81, 82, 83, 84, 85, 86, 87, 88, 89, 90, 91, 92, 93, 94, 95, 96, 97, 98, 99, 100, 101, 102, 103, 104, 105, 106, 107, 108, 109, 110, 111, 112, 113, 114, 115, 116, 117, 118, 119, 120, 121, 122, 123, 124, 125, 126, 127, 128, 129, 130, 131, 132, 133, 134, 135, 136, 137, 138, 139, 140, 141, 142, 143, 144, 145, 146, 147, 148, 149, 150, 151, 152, 153, 154, 155, 156, 157, 158, 159, 160, 161, 162, 163, 164, 165, 166, 167, 168, 169, 170, 171, 172, 173, 174, 175, 176, 177, 178, 179, 180, 181, 182, 183, 184, 185, 186, 187, 188, 189, 190, 191, 192, 193, 194, 195, 196, 197, 198, 199}
2026-05-05 20:14:53 | INFO    | dpfl.algorithms.trust_aware.simulator | Trust-Aware D2B-DP: rounds=150, n_workers=5, layers=4, ρ∈[0.300,5.000]
2026-05-05 20:14:55 | DEBUG   | dpfl.algorithms.trust_aware.simulator | Round 0 Phase 1+2: 1.13s
2026-05-05 20:15:10 | INFO    | dpfl.core.base_simulator | Round   1/150 | Acc: 0.4526 | Loss: 1.9777 | eps_max: 0.26 eps_avg: 0.26 | P: nan R: nan F1: nan
2026-05-05 20:15:10 | DEBUG   | dpfl.core.base_simulator | Update norms — honest: ['0.23', '0.24', '0.23', '0.24', '0.23'], attacker: ['0.23', '0.23', '0.24', '0.23', '0.24']
2026-05-05 20:15:11 | DEBUG   | dpfl.algorithms.trust_aware.simulator | Round 1 Phase 1+2: 0.90s
2026-05-05 20:15:28 | INFO    | dpfl.core.base_simulator | Round   2/150 | Acc: 0.5645 | Loss: 1.7187 | eps_max: 0.30 eps_avg: 0.30 | P: nan R: nan F1: nan
2026-05-05 20:15:28 | DEBUG   | dpfl.core.base_simulator | Update norms — honest: ['0.21', '0.20', '0.20', '0.20', '0.21'], attacker: ['0.23', '0.23', '0.23', '0.22', '0.24']
2026-05-05 20:15:29 | DEBUG   | dpfl.algorithms.trust_aware.simulator | Round 2 Phase 1+2: 0.91s
2026-05-05 20:15:48 | INFO    | dpfl.core.base_simulator | Round   3/150 | Acc: 0.6165 | Loss: 1.4976 | eps_max: 0.34 eps_avg: 0.34 | P: nan R: nan F1: nan
2026-05-05 20:15:48 | DEBUG   | dpfl.core.base_simulator | Update norms — honest: ['0.19', '0.19', '0.19', '0.19', '0.19'], attacker: ['0.21', '0.22', '0.22', '0.21', '0.23']
2026-05-05 20:15:49 | DEBUG   | dpfl.algorithms.trust_aware.simulator | Round 3 Phase 1+2: 0.91s
2026-05-05 20:16:11 | INFO    | dpfl.core.base_simulator | Round   4/150 | Acc: 0.6467 | Loss: 1.3238 | eps_max: 0.39 eps_avg: 0.39 | P: nan R: nan F1: nan
2026-05-05 20:16:11 | DEBUG   | dpfl.core.base_simulator | Update norms — honest: ['0.17', '0.16', '0.17', '0.17', '0.17'], attacker: ['0.20', '0.20', '0.21', '0.20', '0.21']
2026-05-05 20:16:11 | DEBUG   | dpfl.algorithms.trust_aware.simulator | Round 4 Phase 1+2: 0.18s
2026-05-05 20:16:33 | INFO    | dpfl.core.base_simulator | Round   5/150 | Acc: 0.6697 | Loss: 1.1923 | eps_max: 0.44 eps_avg: 0.44 | P: nan R: nan F1: nan
2026-05-05 20:16:33 | DEBUG   | dpfl.core.base_simulator | Update norms — honest: ['0.14', '0.14', '0.14', '0.14', '0.14'], attacker: ['0.18', '0.18', '0.18', '0.18', '0.18']
2026-05-05 20:16:33 | DEBUG   | dpfl.algorithms.trust_aware.simulator | Round 5 Phase 1+2: 0.17s
2026-05-05 20:16:52 | INFO    | dpfl.core.base_simulator | Round   6/150 | Acc: 0.6876 | Loss: 1.0949 | eps_max: 0.53 eps_avg: 0.53 | P: nan R: nan F1: nan
2026-05-05 20:16:52 | DEBUG   | dpfl.core.base_simulator | Update norms — honest: ['0.12', '0.14', '0.14', '0.12', '0.14'], attacker: ['0.16', '0.16', '0.16', '0.16', '0.16']
2026-05-05 20:16:52 | DEBUG   | dpfl.algorithms.trust_aware.simulator | Round 6 Phase 1+2: 0.17s
2026-05-05 20:17:09 | INFO    | dpfl.core.base_simulator | Round   7/150 | Acc: 0.6994 | Loss: 1.0230 | eps_max: 0.56 eps_avg: 0.56 | P: nan R: nan F1: nan
2026-05-05 20:17:09 | DEBUG   | dpfl.core.base_simulator | Update norms — honest: ['0.12', '0.11', '0.12', '0.11', '0.11'], attacker: ['0.14', '0.14', '0.14', '0.14', '0.14']
2026-05-05 20:17:09 | DEBUG   | dpfl.algorithms.trust_aware.simulator | Round 7 Phase 1+2: 0.18s
2026-05-05 20:17:23 | INFO    | dpfl.core.base_simulator | Round   8/150 | Acc: 0.7079 | Loss: 0.9683 | eps_max: 0.59 eps_avg: 0.59 | P: nan R: nan F1: nan
2026-05-05 20:17:23 | DEBUG   | dpfl.core.base_simulator | Update norms — honest: ['0.09', '0.10', '0.10', '0.10', '0.09'], attacker: ['0.12', '0.12', '0.12', '0.12', '0.12']
2026-05-05 20:17:24 | DEBUG   | dpfl.algorithms.trust_aware.simulator | Round 8 Phase 1+2: 0.18s
2026-05-05 20:17:36 | INFO    | dpfl.core.base_simulator | Round   9/150 | Acc: 0.7142 | Loss: 0.9249 | eps_max: 0.62 eps_avg: 0.62 | P: nan R: nan F1: nan
2026-05-05 20:17:36 | DEBUG   | dpfl.core.base_simulator | Update norms — honest: ['0.08', '0.08', '0.09', '0.09', '0.09'], attacker: ['0.11', '0.11', '0.11', '0.11', '0.11']
2026-05-05 20:17:36 | DEBUG   | dpfl.algorithms.trust_aware.simulator | Round 9 Phase 1+2: 0.18s
2026-05-05 20:17:48 | INFO    | dpfl.core.base_simulator | Round  10/150 | Acc: 0.7206 | Loss: 0.8889 | eps_max: 0.65 eps_avg: 0.65 | P: 0.00 R: nan F1: nan
2026-05-05 20:17:48 | DEBUG   | dpfl.core.base_simulator | Update norms — honest: ['0.09', '0.08', '0.08', '0.08', '0.08'], attacker: ['0.10', '0.09', '0.09', '0.09', '0.09']
2026-05-05 20:17:48 | DEBUG   | dpfl.algorithms.trust_aware.simulator | Round 10 Phase 1+2: 0.17s
2026-05-05 20:17:57 | INFO    | dpfl.core.base_simulator | Round  11/150 | Acc: 0.7256 | Loss: 0.8588 | eps_max: 0.69 eps_avg: 0.69 | P: 0.00 R: nan F1: nan
2026-05-05 20:17:57 | DEBUG   | dpfl.core.base_simulator | Update norms — honest: ['0.07', '0.07', '0.08', '0.07', '0.07'], attacker: ['0.10', '0.08', '0.08', '0.08', '0.08']
2026-05-05 20:17:58 | DEBUG   | dpfl.algorithms.trust_aware.simulator | Round 11 Phase 1+2: 0.91s
2026-05-05 20:18:06 | INFO    | dpfl.core.base_simulator | Round  12/150 | Acc: 0.7303 | Loss: 0.8332 | eps_max: 0.72 eps_avg: 0.72 | P: nan R: nan F1: nan
2026-05-05 20:18:06 | DEBUG   | dpfl.core.base_simulator | Update norms — honest: ['0.07', '0.07', '0.07', '0.07', '0.07'], attacker: ['0.08', '0.08', '0.08', '0.08', '0.08']
2026-05-05 20:18:06 | DEBUG   | dpfl.algorithms.trust_aware.simulator | Round 12 Phase 1+2: 0.90s
2026-05-05 20:18:18 | INFO    | dpfl.core.base_simulator | Round  13/150 | Acc: 0.7344 | Loss: 0.8111 | eps_max: 0.76 eps_avg: 0.76 | P: nan R: nan F1: nan
2026-05-05 20:18:18 | DEBUG   | dpfl.core.base_simulator | Update norms — honest: ['0.07', '0.06', '0.07', '0.07', '0.07'], attacker: ['0.08', '0.07', '0.07', '0.07', '0.07']
2026-05-05 20:18:19 | DEBUG   | dpfl.algorithms.trust_aware.simulator | Round 13 Phase 1+2: 0.91s
2026-05-05 20:18:36 | INFO    | dpfl.core.base_simulator | Round  14/150 | Acc: 0.7381 | Loss: 0.7921 | eps_max: 0.80 eps_avg: 0.80 | P: 0.00 R: nan F1: nan
2026-05-05 20:18:36 | DEBUG   | dpfl.core.base_simulator | Update norms — honest: ['0.06', '0.06', '0.06', '0.06', '0.07'], attacker: ['0.07', '0.07', '0.07', '0.07', '0.07']
2026-05-05 20:18:37 | DEBUG   | dpfl.algorithms.trust_aware.simulator | Round 14 Phase 1+2: 0.87s
2026-05-05 20:18:58 | INFO    | dpfl.core.base_simulator | Round  15/150 | Acc: 0.7415 | Loss: 0.7753 | eps_max: 0.84 eps_avg: 0.84 | P: nan R: nan F1: nan
2026-05-05 20:18:58 | DEBUG   | dpfl.core.base_simulator | Update norms — honest: ['0.06', '0.06', '0.06', '0.06', '0.06'], attacker: ['0.07', '0.06', '0.07', '0.06', '0.06']
2026-05-05 20:18:59 | DEBUG   | dpfl.algorithms.trust_aware.simulator | Round 15 Phase 1+2: 0.18s
2026-05-05 20:19:17 | INFO    | dpfl.core.base_simulator | Round  16/150 | Acc: 0.7444 | Loss: 0.7606 | eps_max: 0.88 eps_avg: 0.88 | P: 0.00 R: nan F1: nan
2026-05-05 20:19:17 | DEBUG   | dpfl.core.base_simulator | Update norms — honest: ['0.06', '0.05', '0.06', '0.06', '0.07'], attacker: ['0.06', '0.06', '0.06', '0.06', '0.07']
2026-05-05 20:19:18 | DEBUG   | dpfl.algorithms.trust_aware.simulator | Round 16 Phase 1+2: 0.17s
2026-05-05 20:19:32 | INFO    | dpfl.core.base_simulator | Round  17/150 | Acc: 0.7472 | Loss: 0.7476 | eps_max: 0.91 eps_avg: 0.91 | P: 0.00 R: nan F1: nan
2026-05-05 20:19:32 | DEBUG   | dpfl.core.base_simulator | Update norms — honest: ['0.05', '0.05', '0.06', '0.05', '0.06'], attacker: ['0.06', '0.06', '0.06', '0.06', '0.06']
2026-05-05 20:19:32 | DEBUG   | dpfl.algorithms.trust_aware.simulator | Round 17 Phase 1+2: 0.18s
2026-05-05 20:19:42 | INFO    | dpfl.core.base_simulator | Round  18/150 | Acc: 0.7502 | Loss: 0.7358 | eps_max: 0.95 eps_avg: 0.95 | P: nan R: nan F1: nan
2026-05-05 20:19:42 | DEBUG   | dpfl.core.base_simulator | Update norms — honest: ['0.05', '0.05', '0.05', '0.05', '0.05'], attacker: ['0.06', '0.06', '0.06', '0.06', '0.05']
2026-05-05 20:19:43 | DEBUG   | dpfl.algorithms.trust_aware.simulator | Round 18 Phase 1+2: 0.46s
2026-05-05 20:19:49 | INFO    | dpfl.core.base_simulator | Round  19/150 | Acc: 0.7527 | Loss: 0.7254 | eps_max: 0.98 eps_avg: 0.98 | P: nan R: nan F1: nan
2026-05-05 20:19:49 | DEBUG   | dpfl.core.base_simulator | Update norms — honest: ['0.05', '0.05', '0.05', '0.05', '0.05'], attacker: ['0.06', '0.06', '0.05', '0.06', '0.05']
2026-05-05 20:19:49 | DEBUG   | dpfl.algorithms.trust_aware.simulator | Round 19 Phase 1+2: 0.90s
2026-05-05 20:20:01 | INFO    | dpfl.core.base_simulator | Round  20/150 | Acc: 0.7547 | Loss: 0.7157 | eps_max: 1.02 eps_avg: 1.02 | P: 0.00 R: nan F1: nan
2026-05-05 20:20:01 | DEBUG   | dpfl.core.base_simulator | Update norms — honest: ['0.05', '0.05', '0.05', '0.05', '0.05'], attacker: ['0.05', '0.05', '0.05', '0.05', '0.05']
2026-05-05 20:20:02 | DEBUG   | dpfl.algorithms.trust_aware.simulator | Round 20 Phase 1+2: 0.91s
2026-05-05 20:20:19 | INFO    | dpfl.core.base_simulator | Round  21/150 | Acc: 0.7568 | Loss: 0.7070 | eps_max: 1.06 eps_avg: 1.06 | P: nan R: nan F1: nan
2026-05-05 20:20:19 | DEBUG   | dpfl.core.base_simulator | Update norms — honest: ['0.05', '0.05', '0.04', '0.05', '0.05'], attacker: ['0.05', '0.05', '0.05', '0.05', '0.05']
2026-05-05 20:20:20 | DEBUG   | dpfl.algorithms.trust_aware.simulator | Round 21 Phase 1+2: 0.75s
2026-05-05 20:20:42 | INFO    | dpfl.core.base_simulator | Round  22/150 | Acc: 0.7587 | Loss: 0.6993 | eps_max: 1.10 eps_avg: 1.10 | P: nan R: nan F1: nan
2026-05-05 20:20:42 | DEBUG   | dpfl.core.base_simulator | Update norms — honest: ['0.05', '0.05', '0.05', '0.05', '0.04'], attacker: ['0.05', '0.05', '0.05', '0.05', '0.05']
2026-05-05 20:20:42 | DEBUG   | dpfl.algorithms.trust_aware.simulator | Round 22 Phase 1+2: 0.18s
2026-05-05 20:21:00 | INFO    | dpfl.core.base_simulator | Round  23/150 | Acc: 0.7608 | Loss: 0.6916 | eps_max: 1.15 eps_avg: 1.15 | P: nan R: nan F1: nan
2026-05-05 20:21:00 | DEBUG   | dpfl.core.base_simulator | Update norms — honest: ['0.04', '0.05', '0.05', '0.04', '0.04'], attacker: ['0.05', '0.05', '0.05', '0.05', '0.05']
2026-05-05 20:21:00 | DEBUG   | dpfl.algorithms.trust_aware.simulator | Round 23 Phase 1+2: 0.17s
2026-05-05 20:21:13 | INFO    | dpfl.core.base_simulator | Round  24/150 | Acc: 0.7624 | Loss: 0.6850 | eps_max: 1.19 eps_avg: 1.19 | P: 0.00 R: nan F1: nan
2026-05-05 20:21:13 | DEBUG   | dpfl.core.base_simulator | Update norms — honest: ['0.05', '0.04', '0.05', '0.05', '0.04'], attacker: ['0.05', '0.05', '0.04', '0.04', '0.05']
2026-05-05 20:21:13 | DEBUG   | dpfl.algorithms.trust_aware.simulator | Round 24 Phase 1+2: 0.18s
2026-05-05 20:21:20 | INFO    | dpfl.core.base_simulator | Round  25/150 | Acc: 0.7642 | Loss: 0.6786 | eps_max: 1.22 eps_avg: 1.22 | P: 0.00 R: nan F1: nan
2026-05-05 20:21:20 | DEBUG   | dpfl.core.base_simulator | Update norms — honest: ['0.04', '0.04', '0.04', '0.04', '0.04'], attacker: ['0.05', '0.05', '0.04', '0.04', '0.05']
2026-05-05 20:21:21 | DEBUG   | dpfl.algorithms.trust_aware.simulator | Round 25 Phase 1+2: 0.90s
2026-05-05 20:21:27 | INFO    | dpfl.core.base_simulator | Round  26/150 | Acc: 0.7656 | Loss: 0.6732 | eps_max: 1.26 eps_avg: 1.26 | P: nan R: nan F1: nan
2026-05-05 20:21:27 | DEBUG   | dpfl.core.base_simulator | Update norms — honest: ['0.04', '0.04', '0.04', '0.04', '0.04'], attacker: ['0.05', '0.05', '0.04', '0.04', '0.04']
2026-05-05 20:21:28 | DEBUG   | dpfl.algorithms.trust_aware.simulator | Round 26 Phase 1+2: 0.90s
2026-05-05 20:21:41 | INFO    | dpfl.core.base_simulator | Round  27/150 | Acc: 0.7670 | Loss: 0.6675 | eps_max: 1.29 eps_avg: 1.29 | P: 0.00 R: nan F1: nan
2026-05-05 20:21:41 | DEBUG   | dpfl.core.base_simulator | Update norms — honest: ['0.04', '0.05', '0.04', '0.05', '0.04'], attacker: ['0.04', '0.04', '0.04', '0.04', '0.04']
2026-05-05 20:21:42 | DEBUG   | dpfl.algorithms.trust_aware.simulator | Round 27 Phase 1+2: 0.91s
2026-05-05 20:22:01 | INFO    | dpfl.core.base_simulator | Round  28/150 | Acc: 0.7685 | Loss: 0.6625 | eps_max: 1.32 eps_avg: 1.32 | P: 0.00 R: nan F1: nan
2026-05-05 20:22:01 | DEBUG   | dpfl.core.base_simulator | Update norms — honest: ['0.04', '0.04', '0.04', '0.04', '0.04'], attacker: ['0.04', '0.04', '0.04', '0.04', '0.04']
2026-05-05 20:22:01 | DEBUG   | dpfl.algorithms.trust_aware.simulator | Round 28 Phase 1+2: 0.17s
2026-05-05 20:22:23 | INFO    | dpfl.core.base_simulator | Round  29/150 | Acc: 0.7699 | Loss: 0.6576 | eps_max: 1.36 eps_avg: 1.36 | P: 0.00 R: nan F1: nan
2026-05-05 20:22:23 | DEBUG   | dpfl.core.base_simulator | Update norms — honest: ['0.05', '0.05', '0.04', '0.04', '0.04'], attacker: ['0.04', '0.04', '0.04', '0.04', '0.04']
2026-05-05 20:22:23 | DEBUG   | dpfl.algorithms.trust_aware.simulator | Round 29 Phase 1+2: 0.18s
2026-05-05 20:22:39 | INFO    | dpfl.core.base_simulator | Round  30/150 | Acc: 0.7712 | Loss: 0.6532 | eps_max: 1.39 eps_avg: 1.39 | P: nan R: nan F1: nan
2026-05-05 20:22:39 | DEBUG   | dpfl.core.base_simulator | Update norms — honest: ['0.04', '0.04', '0.04', '0.04', '0.04'], attacker: ['0.04', '0.04', '0.04', '0.04', '0.04']
2026-05-05 20:22:39 | DEBUG   | dpfl.algorithms.trust_aware.simulator | Round 30 Phase 1+2: 0.17s
2026-05-05 20:22:49 | INFO    | dpfl.core.base_simulator | Round  31/150 | Acc: 0.7724 | Loss: 0.6490 | eps_max: 1.43 eps_avg: 1.43 | P: nan R: nan F1: nan
2026-05-05 20:22:49 | DEBUG   | dpfl.core.base_simulator | Update norms — honest: ['0.04', '0.04', '0.04', '0.04', '0.04'], attacker: ['0.04', '0.04', '0.04', '0.04', '0.04']
2026-05-05 20:22:49 | DEBUG   | dpfl.algorithms.trust_aware.simulator | Round 31 Phase 1+2: 0.17s
2026-05-05 20:22:55 | INFO    | dpfl.core.base_simulator | Round  32/150 | Acc: 0.7735 | Loss: 0.6451 | eps_max: 1.47 eps_avg: 1.47 | P: 0.00 R: nan F1: nan
2026-05-05 20:22:55 | DEBUG   | dpfl.core.base_simulator | Update norms — honest: ['0.04', '0.04', '0.04', '0.04', '0.04'], attacker: ['0.04', '0.04', '0.04', '0.04', '0.04']
2026-05-05 20:22:56 | DEBUG   | dpfl.algorithms.trust_aware.simulator | Round 32 Phase 1+2: 0.90s
2026-05-05 20:23:06 | INFO    | dpfl.core.base_simulator | Round  33/150 | Acc: 0.7745 | Loss: 0.6415 | eps_max: 1.51 eps_avg: 1.51 | P: 0.00 R: nan F1: nan
2026-05-05 20:23:06 | DEBUG   | dpfl.core.base_simulator | Update norms — honest: ['0.04', '0.04', '0.04', '0.04', '0.04'], attacker: ['0.04', '0.05', '0.04', '0.04', '0.04']
2026-05-05 20:23:07 | DEBUG   | dpfl.algorithms.trust_aware.simulator | Round 33 Phase 1+2: 0.90s
2026-05-05 20:23:24 | INFO    | dpfl.core.base_simulator | Round  34/150 | Acc: 0.7756 | Loss: 0.6379 | eps_max: 1.56 eps_avg: 1.56 | P: nan R: nan F1: nan
2026-05-05 20:23:24 | DEBUG   | dpfl.core.base_simulator | Update norms — honest: ['0.04', '0.04', '0.04', '0.04', '0.04'], attacker: ['0.04', '0.04', '0.04', '0.04', '0.04']
2026-05-05 20:23:25 | DEBUG   | dpfl.algorithms.trust_aware.simulator | Round 34 Phase 1+2: 0.82s
2026-05-05 20:23:49 | INFO    | dpfl.core.base_simulator | Round  35/150 | Acc: 0.7766 | Loss: 0.6347 | eps_max: 1.60 eps_avg: 1.60 | P: 0.00 R: nan F1: nan
2026-05-05 20:23:49 | DEBUG   | dpfl.core.base_simulator | Update norms — honest: ['0.04', '0.04', '0.03', '0.04', '0.03'], attacker: ['0.04', '0.04', '0.04', '0.04', '0.04']
2026-05-05 20:23:49 | DEBUG   | dpfl.algorithms.trust_aware.simulator | Round 35 Phase 1+2: 0.17s
2026-05-05 20:24:07 | INFO    | dpfl.core.base_simulator | Round  36/150 | Acc: 0.7775 | Loss: 0.6316 | eps_max: 1.63 eps_avg: 1.63 | P: nan R: nan F1: nan
2026-05-05 20:24:07 | DEBUG   | dpfl.core.base_simulator | Update norms — honest: ['0.04', '0.04', '0.03', '0.03', '0.04'], attacker: ['0.04', '0.04', '0.04', '0.04', '0.04']
2026-05-05 20:24:07 | DEBUG   | dpfl.algorithms.trust_aware.simulator | Round 36 Phase 1+2: 0.17s
2026-05-05 20:24:19 | INFO    | dpfl.core.base_simulator | Round  37/150 | Acc: 0.7780 | Loss: 0.6291 | eps_max: 1.67 eps_avg: 1.67 | P: 0.00 R: nan F1: nan
2026-05-05 20:24:19 | DEBUG   | dpfl.core.base_simulator | Update norms — honest: ['0.03', '0.04', '0.04', '0.03', '0.03'], attacker: ['0.05', '0.04', '0.03', '0.04', '0.04']
2026-05-05 20:24:19 | DEBUG   | dpfl.algorithms.trust_aware.simulator | Round 37 Phase 1+2: 0.17s
2026-05-05 20:24:26 | INFO    | dpfl.core.base_simulator | Round  38/150 | Acc: 0.7790 | Loss: 0.6265 | eps_max: 1.70 eps_avg: 1.70 | P: nan R: nan F1: nan
2026-05-05 20:24:26 | DEBUG   | dpfl.core.base_simulator | Update norms — honest: ['0.03', '0.04', '0.03', '0.03', '0.04'], attacker: ['0.03', '0.04', '0.03', '0.04', '0.04']
2026-05-05 20:24:26 | DEBUG   | dpfl.algorithms.trust_aware.simulator | Round 38 Phase 1+2: 0.18s
2026-05-05 20:24:40 | INFO    | dpfl.core.base_simulator | Round  39/150 | Acc: 0.7796 | Loss: 0.6239 | eps_max: 1.74 eps_avg: 1.74 | P: 0.00 R: nan F1: nan
2026-05-05 20:24:40 | DEBUG   | dpfl.core.base_simulator | Update norms — honest: ['0.03', '0.04', '0.03', '0.03', '0.04'], attacker: ['0.04', '0.04', '0.04', '0.04', '0.04']
2026-05-05 20:24:40 | DEBUG   | dpfl.algorithms.trust_aware.simulator | Round 39 Phase 1+2: 0.17s
2026-05-05 20:24:59 | INFO    | dpfl.core.base_simulator | Round  40/150 | Acc: 0.7805 | Loss: 0.6212 | eps_max: 1.78 eps_avg: 1.78 | P: 0.00 R: nan F1: nan
2026-05-05 20:24:59 | DEBUG   | dpfl.core.base_simulator | Update norms — honest: ['0.03', '0.03', '0.03', '0.03', '0.04'], attacker: ['0.03', '0.04', '0.03', '0.04', '0.04']
2026-05-05 20:25:00 | DEBUG   | dpfl.algorithms.trust_aware.simulator | Round 40 Phase 1+2: 0.86s
2026-05-05 20:25:23 | INFO    | dpfl.core.base_simulator | Round  41/150 | Acc: 0.7812 | Loss: 0.6191 | eps_max: 1.82 eps_avg: 1.82 | P: 0.00 R: nan F1: nan
2026-05-05 20:25:23 | DEBUG   | dpfl.core.base_simulator | Update norms — honest: ['0.04', '0.04', '0.04', '0.04', '0.03'], attacker: ['0.04', '0.03', '0.03', '0.03', '0.04']
2026-05-05 20:25:24 | DEBUG   | dpfl.algorithms.trust_aware.simulator | Round 41 Phase 1+2: 0.92s
2026-05-05 20:25:43 | INFO    | dpfl.core.base_simulator | Round  42/150 | Acc: 0.7821 | Loss: 0.6168 | eps_max: 1.86 eps_avg: 1.86 | P: 0.00 R: nan F1: nan
2026-05-05 20:25:43 | DEBUG   | dpfl.core.base_simulator | Update norms — honest: ['0.03', '0.03', '0.03', '0.04', '0.03'], attacker: ['0.03', '0.04', '0.03', '0.03', '0.03']
2026-05-05 20:25:44 | DEBUG   | dpfl.algorithms.trust_aware.simulator | Round 42 Phase 1+2: 0.90s
2026-05-05 20:25:57 | INFO    | dpfl.core.base_simulator | Round  43/150 | Acc: 0.7824 | Loss: 0.6149 | eps_max: 1.90 eps_avg: 1.90 | P: 0.00 R: nan F1: nan
2026-05-05 20:25:57 | DEBUG   | dpfl.core.base_simulator | Update norms — honest: ['0.04', '0.04', '0.03', '0.03', '0.03'], attacker: ['0.03', '0.04', '0.03', '0.03', '0.03']
2026-05-05 20:25:57 | DEBUG   | dpfl.algorithms.trust_aware.simulator | Round 43 Phase 1+2: 0.18s
2026-05-05 20:26:04 | INFO    | dpfl.core.base_simulator | Round  44/150 | Acc: 0.7833 | Loss: 0.6126 | eps_max: 1.95 eps_avg: 1.95 | P: 0.00 R: nan F1: nan
2026-05-05 20:26:04 | DEBUG   | dpfl.core.base_simulator | Update norms — honest: ['0.03', '0.04', '0.04', '0.04', '0.04'], attacker: ['0.04', '0.03', '0.03', '0.04', '0.04']
2026-05-05 20:26:05 | DEBUG   | dpfl.algorithms.trust_aware.simulator | Round 44 Phase 1+2: 0.18s
2026-05-05 20:26:19 | INFO    | dpfl.core.base_simulator | Round  45/150 | Acc: 0.7838 | Loss: 0.6106 | eps_max: 2.00 eps_avg: 2.00 | P: 0.00 R: nan F1: nan
2026-05-05 20:26:19 | DEBUG   | dpfl.core.base_simulator | Update norms — honest: ['0.04', '0.04', '0.03', '0.03', '0.03'], attacker: ['0.03', '0.03', '0.03', '0.04', '0.03']
2026-05-05 20:26:19 | DEBUG   | dpfl.algorithms.trust_aware.simulator | Round 45 Phase 1+2: 0.17s
2026-05-05 20:26:41 | INFO    | dpfl.core.base_simulator | Round  46/150 | Acc: 0.7844 | Loss: 0.6089 | eps_max: 2.04 eps_avg: 2.04 | P: 0.00 R: nan F1: nan
2026-05-05 20:26:41 | DEBUG   | dpfl.core.base_simulator | Update norms — honest: ['0.04', '0.04', '0.04', '0.03', '0.03'], attacker: ['0.03', '0.04', '0.03', '0.04', '0.03']
2026-05-05 20:26:42 | DEBUG   | dpfl.algorithms.trust_aware.simulator | Round 46 Phase 1+2: 0.89s
2026-05-05 20:27:04 | INFO    | dpfl.core.base_simulator | Round  47/150 | Acc: 0.7851 | Loss: 0.6071 | eps_max: 2.08 eps_avg: 2.08 | P: nan R: nan F1: nan
2026-05-05 20:27:04 | DEBUG   | dpfl.core.base_simulator | Update norms — honest: ['0.03', '0.03', '0.03', '0.03', '0.03'], attacker: ['0.03', '0.03', '0.03', '0.04', '0.03']
2026-05-05 20:27:05 | DEBUG   | dpfl.algorithms.trust_aware.simulator | Round 47 Phase 1+2: 0.91s
2026-05-05 20:27:22 | INFO    | dpfl.core.base_simulator | Round  48/150 | Acc: 0.7855 | Loss: 0.6056 | eps_max: 2.11 eps_avg: 2.11 | P: 0.00 R: nan F1: nan
2026-05-05 20:27:22 | DEBUG   | dpfl.core.base_simulator | Update norms — honest: ['0.03', '0.04', '0.04', '0.03', '0.03'], attacker: ['0.03', '0.04', '0.03', '0.03', '0.03']
2026-05-05 20:27:23 | DEBUG   | dpfl.algorithms.trust_aware.simulator | Round 48 Phase 1+2: 0.89s
2026-05-05 20:27:33 | INFO    | dpfl.core.base_simulator | Round  49/150 | Acc: 0.7861 | Loss: 0.6039 | eps_max: 2.15 eps_avg: 2.15 | P: 0.00 R: nan F1: nan
2026-05-05 20:27:33 | DEBUG   | dpfl.core.base_simulator | Update norms — honest: ['0.04', '0.03', '0.03', '0.03', '0.03'], attacker: ['0.03', '0.04', '0.03', '0.04', '0.03']
2026-05-05 20:27:33 | DEBUG   | dpfl.algorithms.trust_aware.simulator | Round 49 Phase 1+2: 0.17s
2026-05-05 20:27:42 | INFO    | dpfl.core.base_simulator | Round  50/150 | Acc: 0.7867 | Loss: 0.6024 | eps_max: 2.19 eps_avg: 2.19 | P: nan R: nan F1: nan
2026-05-05 20:27:42 | DEBUG   | dpfl.core.base_simulator | Update norms — honest: ['0.03', '0.03', '0.03', '0.03', '0.04'], attacker: ['0.03', '0.03', '0.03', '0.04', '0.04']
2026-05-05 20:27:42 | DEBUG   | dpfl.algorithms.trust_aware.simulator | Round 50 Phase 1+2: 0.13s
2026-05-05 20:27:56 | INFO    | dpfl.core.base_simulator | Round  51/150 | Acc: 0.7870 | Loss: 0.6012 | eps_max: 2.22 eps_avg: 2.22 | P: 0.92 R: 0.85 F1: 0.91
2026-05-05 20:27:56 | DEBUG   | dpfl.core.base_simulator | Update norms — honest: ['0.04', '0.03', '0.04', '0.03', '0.04'], attacker: ['0.33', '0.33', '0.31', '0.35', '0.32']
2026-05-05 20:27:56 | DEBUG   | dpfl.algorithms.trust_aware.simulator | Round 51 Phase 1+2: 0.13s
2026-05-05 20:28:05 | INFO    | dpfl.core.base_simulator | Round  52/150 | Acc: 0.7874 | Loss: 0.5999 | eps_max: 2.26 eps_avg: 2.26 | P: 0.87 R: 0.52 F1: 0.68
2026-05-05 20:28:05 | DEBUG   | dpfl.core.base_simulator | Update norms — honest: ['0.03', '0.04', '0.03', '0.03', '0.03'], attacker: ['0.51', '0.63', '0.45', '0.57', '0.74']
2026-05-05 20:28:05 | DEBUG   | dpfl.algorithms.trust_aware.simulator | Round 52 Phase 1+2: 0.13s
2026-05-05 20:28:11 | INFO    | dpfl.core.base_simulator | Round  53/150 | Acc: 0.7872 | Loss: 0.6002 | eps_max: 2.30 eps_avg: 2.30 | P: 1.00 R: 0.29 F1: 0.44
2026-05-05 20:28:11 | DEBUG   | dpfl.core.base_simulator | Update norms — honest: ['0.03', '0.03', '0.03', '0.03', '0.04'], attacker: ['1.95', '2.28', '1.46', '2.07', '2.52']
2026-05-05 20:28:11 | DEBUG   | dpfl.algorithms.trust_aware.simulator | Round 53 Phase 1+2: 0.49s
2026-05-05 20:28:21 | INFO    | dpfl.core.base_simulator | Round  54/150 | Acc: 0.7853 | Loss: 0.6114 | eps_max: 2.34 eps_avg: 2.34 | P: 0.91 R: 0.22 F1: 0.35
2026-05-05 20:28:21 | DEBUG   | dpfl.core.base_simulator | Update norms — honest: ['0.03', '0.04', '0.03', '0.04', '0.03'], attacker: ['7.14', '8.03', '4.61', '7.64', '6.37']
2026-05-05 20:28:21 | DEBUG   | dpfl.algorithms.trust_aware.simulator | Round 54 Phase 1+2: 0.50s
2026-05-05 20:28:37 | INFO    | dpfl.core.base_simulator | Round  55/150 | Acc: 0.7827 | Loss: 0.6300 | eps_max: 2.39 eps_avg: 2.39 | P: 0.88 R: 0.37 F1: 0.54
2026-05-05 20:28:37 | DEBUG   | dpfl.core.base_simulator | Update norms — honest: ['0.03', '0.03', '0.03', '0.03', '0.03'], attacker: ['23.15', '24.94', '12.28', '23.53', '19.13']
2026-05-05 20:28:37 | DEBUG   | dpfl.algorithms.trust_aware.simulator | Round 55 Phase 1+2: 0.50s
2026-05-05 20:28:58 | INFO    | dpfl.core.base_simulator | Round  56/150 | Acc: 0.7884 | Loss: 0.5971 | eps_max: 2.43 eps_avg: 2.43 | P: 0.90 R: 0.98 F1: 0.99
2026-05-05 20:28:58 | DEBUG   | dpfl.core.base_simulator | Update norms — honest: ['0.04', '0.03', '0.03', '0.03', '0.03'], attacker: ['78.44', '86.20', '35.75', '84.84', '67.75']
2026-05-05 20:28:58 | DEBUG   | dpfl.algorithms.trust_aware.simulator | Round 56 Phase 1+2: 0.13s
2026-05-05 20:29:18 | INFO    | dpfl.core.base_simulator | Round  57/150 | Acc: 0.7893 | Loss: 0.5947 | eps_max: 2.48 eps_avg: 2.48 | P: 1.00 R: 1.00 F1: 1.00
2026-05-05 20:29:18 | DEBUG   | dpfl.core.base_simulator | Update norms — honest: ['0.03', '0.03', '0.03', '0.03', '0.03'], attacker: ['270.87', '299.68', '114.73', '301.46', '239.95']
2026-05-05 20:29:18 | DEBUG   | dpfl.algorithms.trust_aware.simulator | Round 57 Phase 1+2: 0.13s
2026-05-05 20:29:35 | INFO    | dpfl.core.base_simulator | Round  58/150 | Acc: 0.7894 | Loss: 0.5942 | eps_max: 2.52 eps_avg: 2.52 | P: 1.00 R: 1.00 F1: 1.00
2026-05-05 20:29:35 | DEBUG   | dpfl.core.base_simulator | Update norms — honest: ['0.03', '0.03', '0.03', '0.04', '0.03'], attacker: ['953.81', '1049.72', '396.90', '1054.53', '871.08']
2026-05-05 20:29:35 | DEBUG   | dpfl.algorithms.trust_aware.simulator | Round 58 Phase 1+2: 0.14s
2026-05-05 20:29:48 | INFO    | dpfl.core.base_simulator | Round  59/150 | Acc: 0.7897 | Loss: 0.5935 | eps_max: 2.57 eps_avg: 2.57 | P: 0.87 R: 1.00 F1: 1.00
2026-05-05 20:29:48 | DEBUG   | dpfl.core.base_simulator | Update norms — honest: ['0.03', '0.03', '0.03', '0.03', '0.03'], attacker: ['3264.95', '3618.74', '1427.72', '3677.50', '3114.93']
2026-05-05 20:29:48 | DEBUG   | dpfl.algorithms.trust_aware.simulator | Round 59 Phase 1+2: 0.13s
2026-05-05 20:29:57 | INFO    | dpfl.core.base_simulator | Round  60/150 | Acc: 0.7901 | Loss: 0.5923 | eps_max: 2.62 eps_avg: 2.62 | P: 1.00 R: 1.00 F1: 1.00
2026-05-05 20:29:57 | DEBUG   | dpfl.core.base_simulator | Update norms — honest: ['0.03', '0.03', '0.03', '0.03', '0.03'], attacker: ['11234.32', '12557.61', '5257.83', '13211.83', '10936.54']
2026-05-05 20:29:57 | DEBUG   | dpfl.algorithms.trust_aware.simulator | Round 60 Phase 1+2: 0.14s
2026-05-05 20:30:04 | INFO    | dpfl.core.base_simulator | Round  61/150 | Acc: 0.7902 | Loss: 0.5918 | eps_max: 2.67 eps_avg: 2.67 | P: 1.00 R: 1.00 F1: 1.00
2026-05-05 20:30:04 | DEBUG   | dpfl.core.base_simulator | Update norms — honest: ['0.03', '0.04', '0.03', '0.03', '0.03'], attacker: ['39792.20', '42787.29', '19194.42', '45814.47', '38542.89']
2026-05-05 20:30:04 | DEBUG   | dpfl.algorithms.trust_aware.simulator | Round 61 Phase 1+2: 0.50s
2026-05-05 20:30:11 | INFO    | dpfl.core.base_simulator | Round  62/150 | Acc: 0.7906 | Loss: 0.5910 | eps_max: 2.73 eps_avg: 2.73 | P: 0.90 R: 1.00 F1: 1.00
2026-05-05 20:30:11 | DEBUG   | dpfl.core.base_simulator | Update norms — honest: ['0.03', '0.04', '0.03', '0.04', '0.03'], attacker: ['139231.02', '148302.97', '68990.75', '152830.20', '132964.69']
2026-05-05 20:30:12 | DEBUG   | dpfl.algorithms.trust_aware.simulator | Round 62 Phase 1+2: 0.53s
2026-05-05 20:30:25 | INFO    | dpfl.core.base_simulator | Round  63/150 | Acc: 0.7912 | Loss: 0.5898 | eps_max: 2.78 eps_avg: 2.78 | P: 0.83 R: 1.00 F1: 1.00
2026-05-05 20:30:25 | DEBUG   | dpfl.core.base_simulator | Update norms — honest: ['0.03', '0.03', '0.03', '0.03', '0.03'], attacker: ['481556.00', '515360.34', '245330.20', '534325.94', '475955.31']
2026-05-05 20:30:25 | DEBUG   | dpfl.algorithms.trust_aware.simulator | Round 63 Phase 1+2: 0.51s
2026-05-05 20:30:42 | INFO    | dpfl.core.base_simulator | Round  64/150 | Acc: 0.7908 | Loss: 0.5914 | eps_max: 2.84 eps_avg: 2.84 | P: 0.85 R: 1.00 F1: 0.99
2026-05-05 20:30:42 | DEBUG   | dpfl.core.base_simulator | Update norms — honest: ['0.03', '0.03', '0.03', '0.03', '0.04'], attacker: ['1656799.88', '1835555.50', '836735.38', '1905569.62', '1632212.50']
2026-05-05 20:30:43 | DEBUG   | dpfl.algorithms.trust_aware.simulator | Round 64 Phase 1+2: 0.51s
2026-05-05 20:31:05 | INFO    | dpfl.core.base_simulator | Round  65/150 | Acc: 0.7913 | Loss: 0.5911 | eps_max: 2.88 eps_avg: 2.88 | P: 0.99 R: 1.00 F1: 0.99
2026-05-05 20:31:05 | DEBUG   | dpfl.core.base_simulator | Update norms — honest: ['0.03', '0.03', '0.03', '0.03', '0.03'], attacker: ['5794178.00', '6255029.50', '2859791.50', '6291227.00', '5692725.50']
2026-05-05 20:31:05 | DEBUG   | dpfl.algorithms.trust_aware.simulator | Round 65 Phase 1+2: 0.13s
2026-05-05 20:31:27 | INFO    | dpfl.core.base_simulator | Round  66/150 | Acc: 0.7914 | Loss: 0.5900 | eps_max: 2.91 eps_avg: 2.91 | P: 1.00 R: 1.00 F1: 1.00
2026-05-05 20:31:27 | DEBUG   | dpfl.core.base_simulator | Update norms — honest: ['0.03', '0.04', '0.03', '0.03', '0.03'], attacker: ['20093608.00', '22212838.00', '10196767.00', '22640694.00', '19196058.00']
2026-05-05 20:31:27 | DEBUG   | dpfl.algorithms.trust_aware.simulator | Round 66 Phase 1+2: 0.14s
2026-05-05 20:31:46 | INFO    | dpfl.core.base_simulator | Round  67/150 | Acc: 0.7923 | Loss: 0.5874 | eps_max: 2.95 eps_avg: 2.95 | P: 1.00 R: 1.00 F1: 1.00
2026-05-05 20:31:46 | DEBUG   | dpfl.core.base_simulator | Update norms — honest: ['0.03', '0.03', '0.03', '0.03', '0.03'], attacker: ['69755888.00', '73343104.00', '35146084.00', '77653552.00', '67504736.00']
2026-05-05 20:31:46 | DEBUG   | dpfl.algorithms.trust_aware.simulator | Round 67 Phase 1+2: 0.13s
2026-05-05 20:32:01 | INFO    | dpfl.core.base_simulator | Round  68/150 | Acc: 0.7921 | Loss: 0.5875 | eps_max: 2.99 eps_avg: 2.99 | P: 0.90 R: 1.00 F1: 0.99
2026-05-05 20:32:01 | DEBUG   | dpfl.core.base_simulator | Update norms — honest: ['0.03', '0.03', '0.03', '0.09', '0.03'], attacker: ['238113472.00', '260935104.00', '121832416.00', '264117392.00', '237538288.00']
2026-05-05 20:32:02 | DEBUG   | dpfl.algorithms.trust_aware.simulator | Round 68 Phase 1+2: 0.13s
2026-05-05 20:32:13 | INFO    | dpfl.core.base_simulator | Round  69/150 | Acc: 0.7925 | Loss: 0.5868 | eps_max: 3.02 eps_avg: 3.02 | P: 0.83 R: 1.00 F1: 0.99
2026-05-05 20:32:13 | DEBUG   | dpfl.core.base_simulator | Update norms — honest: ['0.03', '0.03', '0.03', '0.03', '0.02'], attacker: ['834343680.00', '889970048.00', '422722464.00', '919955200.00', '817163584.00']
2026-05-05 20:32:13 | DEBUG   | dpfl.algorithms.trust_aware.simulator | Round 69 Phase 1+2: 0.13s
2026-05-05 20:32:20 | INFO    | dpfl.core.base_simulator | Round  70/150 | Acc: 0.7928 | Loss: 0.5859 | eps_max: 3.06 eps_avg: 3.06 | P: 1.00 R: 1.00 F1: 1.00
2026-05-05 20:32:20 | DEBUG   | dpfl.core.base_simulator | Update norms — honest: ['0.03', '0.03', '0.03', '0.03', '0.04'], attacker: ['2847107584.00', '3085158400.00', '1469645568.00', '3194736640.00', '2817048064.00']
2026-05-05 20:32:20 | DEBUG   | dpfl.algorithms.trust_aware.simulator | Round 70 Phase 1+2: 0.13s
2026-05-05 20:32:27 | INFO    | dpfl.core.base_simulator | Round  71/150 | Acc: 0.7931 | Loss: 0.5853 | eps_max: 3.10 eps_avg: 3.10 | P: 0.60 R: 1.00 F1: 1.00
2026-05-05 20:32:27 | DEBUG   | dpfl.core.base_simulator | Update norms — honest: ['0.03', '0.03', '0.03', '0.03', '0.03'], attacker: ['9711278080.00', '10435790848.00', '4914009600.00', '10888281088.00', '9656483840.00']
2026-05-05 20:32:27 | DEBUG   | dpfl.algorithms.trust_aware.simulator | Round 71 Phase 1+2: 0.13s
2026-05-05 20:32:34 | INFO    | dpfl.core.base_simulator | Round  72/150 | Acc: 0.7932 | Loss: 0.5848 | eps_max: 3.14 eps_avg: 3.14 | P: 1.00 R: 1.00 F1: 1.00
2026-05-05 20:32:34 | DEBUG   | dpfl.core.base_simulator | Update norms — honest: ['0.02', '0.03', '0.03', '0.02', '0.03'], attacker: ['33482698752.00', '36666310656.00', '16808580096.00', '38080081920.00', '33186308096.00']
2026-05-05 20:32:34 | DEBUG   | dpfl.algorithms.trust_aware.simulator | Round 72 Phase 1+2: 0.50s
2026-05-05 20:32:46 | INFO    | dpfl.core.base_simulator | Round  73/150 | Acc: 0.7925 | Loss: 0.5885 | eps_max: 3.18 eps_avg: 3.18 | P: 0.89 R: 1.00 F1: 1.00
2026-05-05 20:32:46 | DEBUG   | dpfl.core.base_simulator | Update norms — honest: ['0.04', '0.03', '0.02', '0.03', '0.03'], attacker: ['115344982016.00', '127573524480.00', '58263482368.00', '132608794624.00', '114591801344.00']
2026-05-05 20:32:47 | DEBUG   | dpfl.algorithms.trust_aware.simulator | Round 73 Phase 1+2: 0.51s
2026-05-05 20:33:03 | INFO    | dpfl.core.base_simulator | Round  74/150 | Acc: 0.7922 | Loss: 0.5958 | eps_max: 3.23 eps_avg: 3.23 | P: 0.85 R: 1.00 F1: 1.00
2026-05-05 20:33:03 | DEBUG   | dpfl.core.base_simulator | Update norms — honest: ['0.03', '0.03', '0.03', '0.03', '0.03'], attacker: ['398156922880.00', '451254157312.00', '210221613056.00', '459885838336.00', '403448758272.00']
2026-05-05 20:33:04 | DEBUG   | dpfl.algorithms.trust_aware.simulator | Round 74 Phase 1+2: 0.50s
2026-05-05 20:33:24 | INFO    | dpfl.core.base_simulator | Round  75/150 | Acc: 0.7935 | Loss: 0.5846 | eps_max: 3.27 eps_avg: 3.27 | P: 1.00 R: 1.00 F1: 1.00
2026-05-05 20:33:24 | DEBUG   | dpfl.core.base_simulator | Update norms — honest: ['0.03', '0.03', '0.03', '0.03', '0.03'], attacker: ['1399337779200.00', '1562789150720.00', '722951536640.00', '1597639098368.00', '1383241875456.00']
2026-05-05 20:33:25 | DEBUG   | dpfl.algorithms.trust_aware.simulator | Round 75 Phase 1+2: 0.51s
2026-05-05 20:33:48 | INFO    | dpfl.core.base_simulator | Round  76/150 | Acc: 0.7937 | Loss: 0.5852 | eps_max: 3.31 eps_avg: 3.31 | P: 0.99 R: 1.00 F1: 1.00
2026-05-05 20:33:48 | DEBUG   | dpfl.core.base_simulator | Update norms — honest: ['0.03', '0.03', '0.03', '0.03', '0.03'], attacker: ['4836638064640.00', '5389086097408.00', '2424945770496.00', '5510073417728.00', '4885478113280.00']
2026-05-05 20:33:48 | DEBUG   | dpfl.algorithms.trust_aware.simulator | Round 76 Phase 1+2: 0.13s
2026-05-05 20:34:09 | INFO    | dpfl.core.base_simulator | Round  77/150 | Acc: 0.7936 | Loss: 0.5872 | eps_max: 3.36 eps_avg: 3.36 | P: 1.00 R: 1.00 F1: 1.00
2026-05-05 20:34:09 | DEBUG   | dpfl.core.base_simulator | Update norms — honest: ['0.03', '0.04', '0.04', '0.04', '0.03'], attacker: ['15785204383744.00', '18739726647296.00', '8335315697664.00', '18325172125696.00', '16627051528192.00']
2026-05-05 20:34:09 | DEBUG   | dpfl.algorithms.trust_aware.simulator | Round 77 Phase 1+2: 0.14s
2026-05-05 20:34:27 | INFO    | dpfl.core.base_simulator | Round  78/150 | Acc: 0.7939 | Loss: 0.5848 | eps_max: 3.40 eps_avg: 3.40 | P: 0.69 R: 1.00 F1: 0.99
2026-05-05 20:34:27 | DEBUG   | dpfl.core.base_simulator | Update norms — honest: ['0.02', '0.03', '0.03', '0.03', '0.02'], attacker: ['57425520492544.00', '63659208343552.00', '28833449246720.00', '63355347795968.00', '58979279437824.00']
2026-05-05 20:34:27 | DEBUG   | dpfl.algorithms.trust_aware.simulator | Round 78 Phase 1+2: 0.13s
2026-05-05 20:34:40 | INFO    | dpfl.core.base_simulator | Round  79/150 | Acc: 0.7944 | Loss: 0.5845 | eps_max: 3.45 eps_avg: 3.45 | P: 1.00 R: 1.00 F1: 1.00
2026-05-05 20:34:40 | DEBUG   | dpfl.core.base_simulator | Update norms — honest: ['0.02', '0.03', '0.03', '0.03', '0.03'], attacker: ['193651116343296.00', '216162885435392.00', '99564119916544.00', '225847399153664.00', '196926850990080.00']
2026-05-05 20:34:41 | DEBUG   | dpfl.algorithms.trust_aware.simulator | Round 79 Phase 1+2: 0.13s
2026-05-05 20:34:51 | INFO    | dpfl.core.base_simulator | Round  80/150 | Acc: 0.7943 | Loss: 0.5845 | eps_max: 3.50 eps_avg: 3.50 | P: 1.00 R: 1.00 F1: 1.00
2026-05-05 20:34:51 | DEBUG   | dpfl.core.base_simulator | Update norms — honest: ['0.02', '0.03', '0.03', '0.03', '0.03'], attacker: ['682535801585664.00', '774806999924736.00', '347782460211200.00', '795635779371008.00', '679179418861568.00']
2026-05-05 20:34:51 | DEBUG   | dpfl.algorithms.trust_aware.simulator | Round 80 Phase 1+2: 0.13s
2026-05-05 20:34:58 | INFO    | dpfl.core.base_simulator | Round  81/150 | Acc: 0.7945 | Loss: 0.5843 | eps_max: 3.55 eps_avg: 3.55 | P: 0.91 R: 1.00 F1: 1.00
2026-05-05 20:34:58 | DEBUG   | dpfl.core.base_simulator | Update norms — honest: ['0.04', '0.03', '0.03', '0.03', '0.04'], attacker: ['2328445384130560.00', '2599908523638784.00', '1214383883550720.00', '2759998597758976.00', '2386061296664576.00']
2026-05-05 20:34:58 | DEBUG   | dpfl.algorithms.trust_aware.simulator | Round 81 Phase 1+2: 0.13s
2026-05-05 20:35:06 | INFO    | dpfl.core.base_simulator | Round  82/150 | Acc: 0.7944 | Loss: 0.5841 | eps_max: 3.60 eps_avg: 3.60 | P: 1.00 R: 1.00 F1: 1.00
2026-05-05 20:35:06 | DEBUG   | dpfl.core.base_simulator | Update norms — honest: ['0.03', '0.03', '0.03', '0.04', '0.03'], attacker: ['8142651329085440.00', '9143985373184000.00', '4114519345332224.00', '9525822998183936.00', '8106827006869504.00']
2026-05-05 20:35:06 | DEBUG   | dpfl.algorithms.trust_aware.simulator | Round 82 Phase 1+2: 0.13s
2026-05-05 20:35:13 | INFO    | dpfl.core.base_simulator | Round  83/150 | Acc: 0.7942 | Loss: 0.5878 | eps_max: 3.65 eps_avg: 3.65 | P: 1.00 R: 1.00 F1: 1.00
2026-05-05 20:35:13 | DEBUG   | dpfl.core.base_simulator | Update norms — honest: ['0.03', '0.03', '0.04', '0.04', '0.03'], attacker: ['27541404771155968.00', '32085791555452928.00', '14188662833020928.00', '32916197712330752.00', '28903594451271680.00']
2026-05-05 20:35:13 | DEBUG   | dpfl.algorithms.trust_aware.simulator | Round 83 Phase 1+2: 0.13s
2026-05-05 20:35:20 | INFO    | dpfl.core.base_simulator | Round  84/150 | Acc: 0.7948 | Loss: 0.5834 | eps_max: 3.71 eps_avg: 3.71 | P: 1.00 R: 1.00 F1: 1.00
2026-05-05 20:35:20 | DEBUG   | dpfl.core.base_simulator | Update norms — honest: ['0.03', '0.02', '0.02', '0.03', '0.03'], attacker: ['97588348524167168.00', '112004998958678016.00', '49143677225795584.00', '113537520599302144.00', '96909211115454464.00']
2026-05-05 20:35:21 | DEBUG   | dpfl.algorithms.trust_aware.simulator | Round 84 Phase 1+2: 0.49s
2026-05-05 20:35:31 | INFO    | dpfl.core.base_simulator | Round  85/150 | Acc: 0.7949 | Loss: 0.5835 | eps_max: 3.76 eps_avg: 3.76 | P: 1.00 R: 1.00 F1: 1.00
2026-05-05 20:35:31 | DEBUG   | dpfl.core.base_simulator | Update norms — honest: ['0.04', '0.03', '0.03', '0.02', '0.03'], attacker: ['338410025259106304.00', '372644453661278208.00', '168733889076920320.00', '393823521513406464.00', '344881853779410944.00']
2026-05-05 20:35:32 | DEBUG   | dpfl.algorithms.trust_aware.simulator | Round 85 Phase 1+2: 0.51s
2026-05-05 20:35:47 | INFO    | dpfl.core.base_simulator | Round  86/150 | Acc: 0.7953 | Loss: 0.5831 | eps_max: 3.82 eps_avg: 3.82 | P: 0.83 R: 1.00 F1: 1.00
2026-05-05 20:35:47 | DEBUG   | dpfl.core.base_simulator | Update norms — honest: ['0.03', '0.03', '0.03', '0.02', '0.03'], attacker: ['1152883777614118912.00', '1334883944495054848.00', '586804682819633152.00', '1370720876734971904.00', '1188213216518340608.00']
2026-05-05 20:35:47 | DEBUG   | dpfl.algorithms.trust_aware.simulator | Round 86 Phase 1+2: 0.49s
2026-05-05 20:36:06 | INFO    | dpfl.core.base_simulator | Round  87/150 | Acc: 0.7953 | Loss: 0.5828 | eps_max: 3.87 eps_avg: 3.87 | P: 1.00 R: 1.00 F1: 1.00
2026-05-05 20:36:06 | DEBUG   | dpfl.core.base_simulator | Update norms — honest: ['0.03', '0.02', '0.03', '0.03', '0.03'], attacker: ['3942063920780410880.00', '4555447647934087168.00', '2049914360540692480.00', '4727797195099602944.00', '4231293753001771008.00']
2026-05-05 20:36:07 | DEBUG   | dpfl.algorithms.trust_aware.simulator | Round 87 Phase 1+2: 0.49s
2026-05-05 20:36:29 | INFO    | dpfl.core.base_simulator | Round  88/150 | Acc: 0.7955 | Loss: 0.5830 | eps_max: 3.92 eps_avg: 3.92 | P: 0.91 R: 1.00 F1: 1.00
2026-05-05 20:36:29 | DEBUG   | dpfl.core.base_simulator | Update norms — honest: ['0.03', '0.03', '0.03', '0.03', '0.04'], attacker: ['13831508831747702784.00', '15665088507087421440.00', '7047009715951239168.00', '16521636652427247616.00', '14791678251424022528.00']
2026-05-05 20:36:29 | DEBUG   | dpfl.algorithms.trust_aware.simulator | Round 88 Phase 1+2: 0.13s
2026-05-05 20:36:53 | INFO    | dpfl.core.base_simulator | Round  89/150 | Acc: 0.7957 | Loss: 0.5823 | eps_max: 3.96 eps_avg: 3.96 | P: 0.85 R: 1.00 F1: 1.00
2026-05-05 20:36:53 | DEBUG   | dpfl.core.base_simulator | Update norms — honest: ['0.03', '0.03', '0.03', '0.02', '0.03'], attacker: ['nan', 'nan', 'inf', 'nan', 'nan']
2026-05-05 20:36:53 | DEBUG   | dpfl.algorithms.trust_aware.simulator | Round 89 Phase 1+2: 0.13s
2026-05-05 20:37:13 | INFO    | dpfl.core.base_simulator | Round  90/150 | Acc: 0.7956 | Loss: 0.5828 | eps_max: 4.00 eps_avg: 4.00 | P: 0.99 R: 1.00 F1: 1.00
2026-05-05 20:37:13 | DEBUG   | dpfl.core.base_simulator | Update norms — honest: ['0.02', '0.03', '0.03', '0.03', '0.04'], attacker: ['nan', 'nan', 'nan', 'nan', 'nan']
2026-05-05 20:37:13 | DEBUG   | dpfl.algorithms.trust_aware.simulator | Round 90 Phase 1+2: 0.14s
2026-05-05 20:37:32 | INFO    | dpfl.core.base_simulator | Round  91/150 | Acc: 0.7956 | Loss: 0.5835 | eps_max: 4.05 eps_avg: 4.05 | P: 0.99 R: 1.00 F1: 0.99
2026-05-05 20:37:32 | DEBUG   | dpfl.core.base_simulator | Update norms — honest: ['0.02', '0.03', '0.03', '0.03', '0.03'], attacker: ['nan', 'nan', 'nan', 'nan', 'nan']
2026-05-05 20:37:32 | DEBUG   | dpfl.algorithms.trust_aware.simulator | Round 91 Phase 1+2: 0.13s
2026-05-05 20:37:47 | INFO    | dpfl.core.base_simulator | Round  92/150 | Acc: 0.7959 | Loss: 0.5835 | eps_max: 4.09 eps_avg: 4.09 | P: 1.00 R: 1.00 F1: 1.00
2026-05-05 20:37:47 | DEBUG   | dpfl.core.base_simulator | Update norms — honest: ['0.03', '0.04', '0.02', '0.03', '0.02'], attacker: ['nan', 'nan', 'nan', 'nan', 'nan']
2026-05-05 20:37:47 | DEBUG   | dpfl.algorithms.trust_aware.simulator | Round 92 Phase 1+2: 0.13s
2026-05-05 20:37:59 | INFO    | dpfl.core.base_simulator | Round  93/150 | Acc: 0.7959 | Loss: 0.5827 | eps_max: 4.14 eps_avg: 4.14 | P: 0.72 R: 1.00 F1: 0.99
2026-05-05 20:37:59 | DEBUG   | dpfl.core.base_simulator | Update norms — honest: ['0.03', '0.03', '0.02', '0.02', '0.03'], attacker: ['nan', 'nan', 'nan', 'nan', 'nan']
2026-05-05 20:37:59 | DEBUG   | dpfl.algorithms.trust_aware.simulator | Round 93 Phase 1+2: 0.13s
2026-05-05 20:38:09 | INFO    | dpfl.core.base_simulator | Round  94/150 | Acc: 0.7958 | Loss: 0.5846 | eps_max: 4.18 eps_avg: 4.18 | P: 0.83 R: 1.00 F1: 1.00
2026-05-05 20:38:09 | DEBUG   | dpfl.core.base_simulator | Update norms — honest: ['0.03', '0.02', '0.03', '0.02', '0.03'], attacker: ['nan', 'nan', 'nan', 'nan', 'nan']
2026-05-05 20:38:09 | DEBUG   | dpfl.algorithms.trust_aware.simulator | Round 94 Phase 1+2: 0.13s
2026-05-05 20:38:17 | INFO    | dpfl.core.base_simulator | Round  95/150 | Acc: 0.7961 | Loss: 0.5837 | eps_max: 4.23 eps_avg: 4.23 | P: 1.00 R: 1.00 F1: 1.00
2026-05-05 20:38:17 | DEBUG   | dpfl.core.base_simulator | Update norms — honest: ['0.03', '0.02', '0.03', '0.03', '0.03'], attacker: ['nan', 'nan', 'nan', 'nan', 'nan']
2026-05-05 20:38:17 | DEBUG   | dpfl.algorithms.trust_aware.simulator | Round 95 Phase 1+2: 0.14s
2026-05-05 20:38:25 | INFO    | dpfl.core.base_simulator | Round  96/150 | Acc: 0.7959 | Loss: 0.5844 | eps_max: 4.28 eps_avg: 4.28 | P: 0.92 R: 1.00 F1: 1.00
2026-05-05 20:38:25 | DEBUG   | dpfl.core.base_simulator | Update norms — honest: ['0.10', '0.02', '0.04', '0.03', '0.04'], attacker: ['nan', 'nan', 'nan', 'nan', 'nan']
2026-05-05 20:38:25 | DEBUG   | dpfl.algorithms.trust_aware.simulator | Round 96 Phase 1+2: 0.13s
2026-05-05 20:38:33 | INFO    | dpfl.core.base_simulator | Round  97/150 | Acc: 0.7961 | Loss: 0.5836 | eps_max: 4.33 eps_avg: 4.33 | P: 1.00 R: 1.00 F1: 1.00
2026-05-05 20:38:33 | DEBUG   | dpfl.core.base_simulator | Update norms — honest: ['0.03', '0.02', '0.02', '0.03', '0.04'], attacker: ['nan', 'nan', 'nan', 'nan', 'nan']
2026-05-05 20:38:33 | DEBUG   | dpfl.algorithms.trust_aware.simulator | Round 97 Phase 1+2: 0.13s
2026-05-05 20:38:41 | INFO    | dpfl.core.base_simulator | Round  98/150 | Acc: 0.7964 | Loss: 0.5837 | eps_max: 4.38 eps_avg: 4.38 | P: 0.92 R: 1.00 F1: 1.00
2026-05-05 20:38:41 | DEBUG   | dpfl.core.base_simulator | Update norms — honest: ['0.03', '0.03', '0.03', '0.02', '0.03'], attacker: ['nan', 'nan', 'nan', 'nan', 'nan']
2026-05-05 20:38:41 | DEBUG   | dpfl.algorithms.trust_aware.simulator | Round 98 Phase 1+2: 0.13s
2026-05-05 20:38:49 | INFO    | dpfl.core.base_simulator | Round  99/150 | Acc: 0.7965 | Loss: 0.5836 | eps_max: 4.43 eps_avg: 4.43 | P: 1.00 R: 1.00 F1: 1.00
2026-05-05 20:38:49 | DEBUG   | dpfl.core.base_simulator | Update norms — honest: ['0.02', '0.03', '0.02', '0.03', '0.02'], attacker: ['nan', 'nan', 'nan', 'nan', 'nan']
2026-05-05 20:38:49 | DEBUG   | dpfl.algorithms.trust_aware.simulator | Round 99 Phase 1+2: 0.35s
2026-05-05 20:38:58 | INFO    | dpfl.core.base_simulator | Round 100/150 | Acc: 0.7965 | Loss: 0.5847 | eps_max: 4.49 eps_avg: 4.49 | P: 1.00 R: 1.00 F1: 1.00
2026-05-05 20:38:58 | DEBUG   | dpfl.core.base_simulator | Update norms — honest: ['0.03', '0.03', '0.03', '0.04', '0.02'], attacker: ['nan', 'nan', 'nan', 'nan', 'nan']
2026-05-05 20:38:58 | DEBUG   | dpfl.algorithms.trust_aware.simulator | Round 100 Phase 1+2: 0.50s
2026-05-05 20:39:10 | INFO    | dpfl.core.base_simulator | Round 101/150 | Acc: 0.7967 | Loss: 0.5839 | eps_max: 4.54 eps_avg: 4.54 | P: 1.00 R: 1.00 F1: 1.00
2026-05-05 20:39:10 | DEBUG   | dpfl.core.base_simulator | Update norms — honest: ['0.03', '0.03', '0.03', '0.02', '0.02'], attacker: ['nan', 'nan', 'nan', 'nan', 'nan']
2026-05-05 20:39:10 | DEBUG   | dpfl.algorithms.trust_aware.simulator | Round 101 Phase 1+2: 0.50s
2026-05-05 20:39:25 | INFO    | dpfl.core.base_simulator | Round 102/150 | Acc: 0.7970 | Loss: 0.5838 | eps_max: 4.60 eps_avg: 4.60 | P: 1.00 R: 1.00 F1: 1.00
2026-05-05 20:39:25 | DEBUG   | dpfl.core.base_simulator | Update norms — honest: ['0.03', '0.03', '0.02', '0.02', '0.02'], attacker: ['nan', 'nan', 'nan', 'nan', 'nan']
2026-05-05 20:39:25 | DEBUG   | dpfl.algorithms.trust_aware.simulator | Round 102 Phase 1+2: 0.51s
2026-05-05 20:39:43 | INFO    | dpfl.core.base_simulator | Round 103/150 | Acc: 0.7969 | Loss: 0.5842 | eps_max: 4.65 eps_avg: 4.65 | P: 0.86 R: 1.00 F1: 1.00
2026-05-05 20:39:43 | DEBUG   | dpfl.core.base_simulator | Update norms — honest: ['0.02', '0.02', '0.04', '0.03', '0.03'], attacker: ['nan', 'nan', 'nan', 'nan', 'nan']
2026-05-05 20:39:44 | DEBUG   | dpfl.algorithms.trust_aware.simulator | Round 103 Phase 1+2: 0.51s
2026-05-05 20:40:05 | INFO    | dpfl.core.base_simulator | Round 104/150 | Acc: 0.7968 | Loss: 0.5850 | eps_max: 4.71 eps_avg: 4.71 | P: 1.00 R: 1.00 F1: 1.00
2026-05-05 20:40:05 | DEBUG   | dpfl.core.base_simulator | Update norms — honest: ['0.02', '0.03', '0.02', '0.03', '0.03'], attacker: ['nan', 'nan', 'nan', 'nan', 'nan']
2026-05-05 20:40:06 | DEBUG   | dpfl.algorithms.trust_aware.simulator | Round 104 Phase 1+2: 0.50s
2026-05-05 20:40:31 | INFO    | dpfl.core.base_simulator | Round 105/150 | Acc: 0.7965 | Loss: 0.5860 | eps_max: 4.77 eps_avg: 4.77 | P: 1.00 R: 1.00 F1: 1.00
2026-05-05 20:40:31 | DEBUG   | dpfl.core.base_simulator | Update norms — honest: ['0.03', '0.03', '0.02', '0.03', '0.02'], attacker: ['nan', 'nan', 'nan', 'nan', 'nan']
2026-05-05 20:40:31 | DEBUG   | dpfl.algorithms.trust_aware.simulator | Round 105 Phase 1+2: 0.50s
2026-05-05 20:40:55 | INFO    | dpfl.core.base_simulator | Round 106/150 | Acc: 0.7970 | Loss: 0.5847 | eps_max: 4.83 eps_avg: 4.83 | P: 1.00 R: 1.00 F1: 1.00
2026-05-05 20:40:55 | DEBUG   | dpfl.core.base_simulator | Update norms — honest: ['0.03', '0.03', '0.03', '0.03', '0.02'], attacker: ['nan', 'nan', 'nan', 'nan', 'nan']
2026-05-05 20:40:56 | DEBUG   | dpfl.algorithms.trust_aware.simulator | Round 106 Phase 1+2: 0.13s
2026-05-05 20:41:19 | INFO    | dpfl.core.base_simulator | Round 107/150 | Acc: 0.7965 | Loss: 0.5865 | eps_max: 4.90 eps_avg: 4.90 | P: 0.91 R: 1.00 F1: 1.00
2026-05-05 20:41:19 | DEBUG   | dpfl.core.base_simulator | Update norms — honest: ['0.03', '0.03', '0.04', '0.02', '0.03'], attacker: ['nan', 'nan', 'nan', 'nan', 'nan']
2026-05-05 20:41:20 | DEBUG   | dpfl.algorithms.trust_aware.simulator | Round 107 Phase 1+2: 0.13s
2026-05-05 20:41:41 | INFO    | dpfl.core.base_simulator | Round 108/150 | Acc: 0.7971 | Loss: 0.5854 | eps_max: 4.96 eps_avg: 4.96 | P: 0.91 R: 1.00 F1: 0.99
2026-05-05 20:41:41 | DEBUG   | dpfl.core.base_simulator | Update norms — honest: ['0.03', '0.03', '0.02', '0.03', '0.03'], attacker: ['nan', 'nan', 'nan', 'nan', 'nan']
2026-05-05 20:41:41 | DEBUG   | dpfl.algorithms.trust_aware.simulator | Round 108 Phase 1+2: 0.15s
2026-05-05 20:42:00 | INFO    | dpfl.core.base_simulator | Round 109/150 | Acc: 0.7970 | Loss: 0.5867 | eps_max: 5.02 eps_avg: 5.02 | P: 0.99 R: 1.00 F1: 1.00
2026-05-05 20:42:00 | DEBUG   | dpfl.core.base_simulator | Update norms — honest: ['0.04', '0.02', '0.03', '0.02', '0.03'], attacker: ['nan', 'nan', 'nan', 'nan', 'nan']
2026-05-05 20:42:01 | DEBUG   | dpfl.algorithms.trust_aware.simulator | Round 109 Phase 1+2: 0.14s
2026-05-05 20:42:18 | INFO    | dpfl.core.base_simulator | Round 110/150 | Acc: 0.7970 | Loss: 0.5866 | eps_max: 5.09 eps_avg: 5.09 | P: 0.90 R: 1.00 F1: 1.00
2026-05-05 20:42:18 | DEBUG   | dpfl.core.base_simulator | Update norms — honest: ['0.02', '0.03', '0.03', '0.02', '0.02'], attacker: ['nan', 'nan', 'nan', 'nan', 'nan']
2026-05-05 20:42:18 | DEBUG   | dpfl.algorithms.trust_aware.simulator | Round 110 Phase 1+2: 0.15s
2026-05-05 20:42:35 | INFO    | dpfl.core.base_simulator | Round 111/150 | Acc: 0.7969 | Loss: 0.5897 | eps_max: 5.16 eps_avg: 5.16 | P: 0.99 R: 1.00 F1: 0.99
2026-05-05 20:42:35 | DEBUG   | dpfl.core.base_simulator | Update norms — honest: ['0.03', '0.03', '0.03', '0.03', '0.03'], attacker: ['nan', 'nan', 'nan', 'nan', 'nan']
2026-05-05 20:42:35 | DEBUG   | dpfl.algorithms.trust_aware.simulator | Round 111 Phase 1+2: 0.13s
2026-05-05 20:42:51 | INFO    | dpfl.core.base_simulator | Round 112/150 | Acc: 0.7971 | Loss: 0.5873 | eps_max: 5.21 eps_avg: 5.21 | P: 0.78 R: 1.00 F1: 0.98
2026-05-05 20:42:51 | DEBUG   | dpfl.core.base_simulator | Update norms — honest: ['0.04', '0.03', '0.02', '0.02', '0.02'], attacker: ['nan', 'nan', 'nan', 'nan', 'nan']
2026-05-05 20:42:51 | DEBUG   | dpfl.algorithms.trust_aware.simulator | Round 112 Phase 1+2: 0.13s
2026-05-05 20:43:04 | INFO    | dpfl.core.base_simulator | Round 113/150 | Acc: 0.7974 | Loss: 0.5872 | eps_max: 5.25 eps_avg: 5.25 | P: 1.00 R: 1.00 F1: 1.00
2026-05-05 20:43:04 | DEBUG   | dpfl.core.base_simulator | Update norms — honest: ['0.02', '0.03', '0.03', '0.02', '0.02'], attacker: ['nan', 'nan', 'nan', 'nan', 'nan']
2026-05-05 20:43:04 | DEBUG   | dpfl.algorithms.trust_aware.simulator | Round 113 Phase 1+2: 0.14s
2026-05-05 20:43:15 | INFO    | dpfl.core.base_simulator | Round 114/150 | Acc: 0.7976 | Loss: 0.5871 | eps_max: 5.30 eps_avg: 5.30 | P: 0.91 R: 1.00 F1: 1.00
2026-05-05 20:43:15 | DEBUG   | dpfl.core.base_simulator | Update norms — honest: ['0.03', '0.02', '0.03', '0.03', '0.02'], attacker: ['nan', 'nan', 'nan', 'nan', 'nan']
2026-05-05 20:43:15 | DEBUG   | dpfl.algorithms.trust_aware.simulator | Round 114 Phase 1+2: 0.13s
2026-05-05 20:43:24 | INFO    | dpfl.core.base_simulator | Round 115/150 | Acc: 0.7971 | Loss: 0.5880 | eps_max: 5.34 eps_avg: 5.34 | P: 0.93 R: 1.00 F1: 1.00
2026-05-05 20:43:24 | DEBUG   | dpfl.core.base_simulator | Update norms — honest: ['0.02', '0.02', '0.03', '0.02', '0.02'], attacker: ['nan', 'nan', 'nan', 'nan', 'nan']
2026-05-05 20:43:24 | DEBUG   | dpfl.algorithms.trust_aware.simulator | Round 115 Phase 1+2: 0.13s
2026-05-05 20:43:32 | INFO    | dpfl.core.base_simulator | Round 116/150 | Acc: 0.7974 | Loss: 0.5880 | eps_max: 5.39 eps_avg: 5.39 | P: 1.00 R: 1.00 F1: 1.00
2026-05-05 20:43:32 | DEBUG   | dpfl.core.base_simulator | Update norms — honest: ['0.04', '0.02', '0.02', '0.03', '0.03'], attacker: ['nan', 'nan', 'nan', 'nan', 'nan']
2026-05-05 20:43:32 | DEBUG   | dpfl.algorithms.trust_aware.simulator | Round 116 Phase 1+2: 0.14s
2026-05-05 20:43:41 | INFO    | dpfl.core.base_simulator | Round 117/150 | Acc: 0.7976 | Loss: 0.5879 | eps_max: 5.44 eps_avg: 5.44 | P: 0.81 R: 1.00 F1: 0.97
2026-05-05 20:43:41 | DEBUG   | dpfl.core.base_simulator | Update norms — honest: ['0.03', '0.04', '0.03', '0.02', '0.03'], attacker: ['nan', 'nan', 'nan', 'nan', 'nan']
2026-05-05 20:43:41 | DEBUG   | dpfl.algorithms.trust_aware.simulator | Round 117 Phase 1+2: 0.13s
2026-05-05 20:43:50 | INFO    | dpfl.core.base_simulator | Round 118/150 | Acc: 0.7976 | Loss: 0.5887 | eps_max: 5.49 eps_avg: 5.49 | P: 0.75 R: 1.00 F1: 1.00
2026-05-05 20:43:50 | DEBUG   | dpfl.core.base_simulator | Update norms — honest: ['0.03', '0.04', '0.02', '0.02', '0.02'], attacker: ['nan', 'nan', 'nan', 'nan', 'nan']
2026-05-05 20:43:50 | DEBUG   | dpfl.algorithms.trust_aware.simulator | Round 118 Phase 1+2: 0.14s
2026-05-05 20:43:59 | INFO    | dpfl.core.base_simulator | Round 119/150 | Acc: 0.7976 | Loss: 0.5891 | eps_max: 5.54 eps_avg: 5.54 | P: 0.93 R: 1.00 F1: 0.99
2026-05-05 20:43:59 | DEBUG   | dpfl.core.base_simulator | Update norms — honest: ['0.02', '0.02', '0.02', '0.02', '0.03'], attacker: ['nan', 'nan', 'nan', 'nan', 'nan']
2026-05-05 20:43:59 | DEBUG   | dpfl.algorithms.trust_aware.simulator | Round 119 Phase 1+2: 0.13s
2026-05-05 20:44:08 | INFO    | dpfl.core.base_simulator | Round 120/150 | Acc: 0.7974 | Loss: 0.5897 | eps_max: 5.59 eps_avg: 5.59 | P: 0.99 R: 1.00 F1: 1.00
2026-05-05 20:44:08 | DEBUG   | dpfl.core.base_simulator | Update norms — honest: ['0.03', '0.03', '0.02', '0.02', '0.03'], attacker: ['nan', 'nan', 'nan', 'nan', 'nan']
2026-05-05 20:44:08 | DEBUG   | dpfl.algorithms.trust_aware.simulator | Round 120 Phase 1+2: 0.13s
2026-05-05 20:44:17 | INFO    | dpfl.core.base_simulator | Round 121/150 | Acc: 0.7976 | Loss: 0.5899 | eps_max: 5.64 eps_avg: 5.64 | P: 1.00 R: 1.00 F1: 1.00
2026-05-05 20:44:17 | DEBUG   | dpfl.core.base_simulator | Update norms — honest: ['0.03', '0.02', '0.03', '0.02', '0.03'], attacker: ['nan', 'nan', 'nan', 'nan', 'nan']
2026-05-05 20:44:17 | DEBUG   | dpfl.algorithms.trust_aware.simulator | Round 121 Phase 1+2: 0.51s
2026-05-05 20:44:27 | INFO    | dpfl.core.base_simulator | Round 122/150 | Acc: 0.7978 | Loss: 0.5899 | eps_max: 5.69 eps_avg: 5.69 | P: 0.99 R: 1.00 F1: 1.00
2026-05-05 20:44:27 | DEBUG   | dpfl.core.base_simulator | Update norms — honest: ['0.02', '0.02', '0.03', '0.02', '0.03'], attacker: ['nan', 'nan', 'nan', 'nan', 'nan']
2026-05-05 20:44:28 | DEBUG   | dpfl.algorithms.trust_aware.simulator | Round 122 Phase 1+2: 0.49s
2026-05-05 20:44:42 | INFO    | dpfl.core.base_simulator | Round 123/150 | Acc: 0.7980 | Loss: 0.5902 | eps_max: 5.74 eps_avg: 5.74 | P: 0.96 R: 1.00 F1: 0.98
2026-05-05 20:44:42 | DEBUG   | dpfl.core.base_simulator | Update norms — honest: ['0.04', '0.02', '0.03', '0.02', '0.03'], attacker: ['nan', 'nan', 'nan', 'nan', 'nan']
2026-05-05 20:44:42 | DEBUG   | dpfl.algorithms.trust_aware.simulator | Round 123 Phase 1+2: 0.49s
2026-05-05 20:44:59 | INFO    | dpfl.core.base_simulator | Round 124/150 | Acc: 0.7976 | Loss: 0.5913 | eps_max: 5.80 eps_avg: 5.80 | P: 1.00 R: 1.00 F1: 1.00
2026-05-05 20:44:59 | DEBUG   | dpfl.core.base_simulator | Update norms — honest: ['0.02', '0.03', '0.02', '0.03', '0.02'], attacker: ['nan', 'nan', 'nan', 'nan', 'nan']
2026-05-05 20:45:00 | DEBUG   | dpfl.algorithms.trust_aware.simulator | Round 124 Phase 1+2: 0.48s
2026-05-05 20:45:20 | INFO    | dpfl.core.base_simulator | Round 125/150 | Acc: 0.7978 | Loss: 0.5912 | eps_max: 5.85 eps_avg: 5.85 | P: 1.00 R: 1.00 F1: 1.00
2026-05-05 20:45:20 | DEBUG   | dpfl.core.base_simulator | Update norms — honest: ['0.03', '0.03', '0.03', '0.02', '0.02'], attacker: ['nan', 'nan', 'nan', 'nan', 'nan']
2026-05-05 20:45:20 | DEBUG   | dpfl.algorithms.trust_aware.simulator | Round 125 Phase 1+2: 0.50s
2026-05-05 20:45:44 | INFO    | dpfl.core.base_simulator | Round 126/150 | Acc: 0.7976 | Loss: 0.5919 | eps_max: 5.91 eps_avg: 5.91 | P: 1.00 R: 1.00 F1: 1.00
2026-05-05 20:45:44 | DEBUG   | dpfl.core.base_simulator | Update norms — honest: ['0.03', '0.03', '0.02', '0.02', '0.02'], attacker: ['nan', 'nan', 'nan', 'nan', 'nan']
2026-05-05 20:45:44 | DEBUG   | dpfl.algorithms.trust_aware.simulator | Round 126 Phase 1+2: 0.50s
2026-05-05 20:46:09 | INFO    | dpfl.core.base_simulator | Round 127/150 | Acc: 0.7977 | Loss: 0.5926 | eps_max: 5.97 eps_avg: 5.97 | P: 1.00 R: 1.00 F1: 1.00
2026-05-05 20:46:09 | DEBUG   | dpfl.core.base_simulator | Update norms — honest: ['0.03', '0.02', '0.02', '0.02', '0.02'], attacker: ['nan', 'nan', 'nan', 'nan', 'nan']
2026-05-05 20:46:10 | DEBUG   | dpfl.algorithms.trust_aware.simulator | Round 127 Phase 1+2: 0.13s
2026-05-05 20:46:34 | INFO    | dpfl.core.base_simulator | Round 128/150 | Acc: 0.7976 | Loss: 0.5931 | eps_max: 6.02 eps_avg: 6.02 | P: 0.83 R: 1.00 F1: 1.00
2026-05-05 20:46:34 | DEBUG   | dpfl.core.base_simulator | Update norms — honest: ['0.02', '0.03', '0.02', '0.04', '0.03'], attacker: ['nan', 'nan', 'nan', 'nan', 'nan']
2026-05-05 20:46:34 | DEBUG   | dpfl.algorithms.trust_aware.simulator | Round 128 Phase 1+2: 0.13s
2026-05-05 20:46:57 | INFO    | dpfl.core.base_simulator | Round 129/150 | Acc: 0.7979 | Loss: 0.5928 | eps_max: 6.08 eps_avg: 6.08 | P: 1.00 R: 1.00 F1: 1.00
2026-05-05 20:46:57 | DEBUG   | dpfl.core.base_simulator | Update norms — honest: ['0.03', '0.03', '0.03', '0.03', '0.03'], attacker: ['nan', 'nan', 'nan', 'nan', 'nan']
2026-05-05 20:46:57 | DEBUG   | dpfl.algorithms.trust_aware.simulator | Round 129 Phase 1+2: 0.13s
2026-05-05 20:47:18 | INFO    | dpfl.core.base_simulator | Round 130/150 | Acc: 0.7978 | Loss: 0.5938 | eps_max: 6.14 eps_avg: 6.14 | P: 1.00 R: 1.00 F1: 1.00
2026-05-05 20:47:18 | DEBUG   | dpfl.core.base_simulator | Update norms — honest: ['0.02', '0.02', '0.02', '0.03', '0.02'], attacker: ['nan', 'nan', 'nan', 'nan', 'nan']
2026-05-05 20:47:18 | DEBUG   | dpfl.algorithms.trust_aware.simulator | Round 130 Phase 1+2: 0.14s
2026-05-05 20:47:37 | INFO    | dpfl.core.base_simulator | Round 131/150 | Acc: 0.7980 | Loss: 0.5939 | eps_max: 6.20 eps_avg: 6.20 | P: 1.00 R: 1.00 F1: 1.00
2026-05-05 20:47:37 | DEBUG   | dpfl.core.base_simulator | Update norms — honest: ['0.02', '0.02', '0.03', '0.02', '0.02'], attacker: ['nan', 'nan', 'nan', 'nan', 'nan']
2026-05-05 20:47:37 | DEBUG   | dpfl.algorithms.trust_aware.simulator | Round 131 Phase 1+2: 0.13s
2026-05-05 20:47:57 | INFO    | dpfl.core.base_simulator | Round 132/150 | Acc: 0.7980 | Loss: 0.5941 | eps_max: 6.27 eps_avg: 6.27 | P: 1.00 R: 1.00 F1: 1.00
2026-05-05 20:47:57 | DEBUG   | dpfl.core.base_simulator | Update norms — honest: ['0.02', '0.02', '0.03', '0.03', '0.03'], attacker: ['nan', 'nan', 'nan', 'nan', 'nan']
2026-05-05 20:47:57 | DEBUG   | dpfl.algorithms.trust_aware.simulator | Round 132 Phase 1+2: 0.13s
2026-05-05 20:48:16 | INFO    | dpfl.core.base_simulator | Round 133/150 | Acc: 0.7977 | Loss: 0.5949 | eps_max: 6.33 eps_avg: 6.33 | P: 1.00 R: 1.00 F1: 1.00
2026-05-05 20:48:16 | DEBUG   | dpfl.core.base_simulator | Update norms — honest: ['0.02', '0.02', '0.02', '0.02', '0.03'], attacker: ['nan', 'nan', 'nan', 'nan', 'nan']
2026-05-05 20:48:16 | DEBUG   | dpfl.algorithms.trust_aware.simulator | Round 133 Phase 1+2: 0.13s
2026-05-05 20:48:34 | INFO    | dpfl.core.base_simulator | Round 134/150 | Acc: 0.7978 | Loss: 0.5954 | eps_max: 6.39 eps_avg: 6.39 | P: 0.91 R: 1.00 F1: 1.00
2026-05-05 20:48:34 | DEBUG   | dpfl.core.base_simulator | Update norms — honest: ['0.02', '0.03', '0.02', '0.03', '0.02'], attacker: ['nan', 'nan', 'nan', 'nan', 'nan']
2026-05-05 20:48:34 | DEBUG   | dpfl.algorithms.trust_aware.simulator | Round 134 Phase 1+2: 0.13s
2026-05-05 20:48:50 | INFO    | dpfl.core.base_simulator | Round 135/150 | Acc: 0.7979 | Loss: 0.5959 | eps_max: 6.46 eps_avg: 6.46 | P: 1.00 R: 1.00 F1: 1.00
2026-05-05 20:48:50 | DEBUG   | dpfl.core.base_simulator | Update norms — honest: ['0.03', '0.02', '0.03', '0.02', '0.03'], attacker: ['nan', 'nan', 'nan', 'nan', 'nan']
2026-05-05 20:48:50 | DEBUG   | dpfl.algorithms.trust_aware.simulator | Round 135 Phase 1+2: 0.13s
2026-05-05 20:49:04 | INFO    | dpfl.core.base_simulator | Round 136/150 | Acc: 0.7979 | Loss: 0.5967 | eps_max: 6.53 eps_avg: 6.53 | P: 0.99 R: 1.00 F1: 1.00
2026-05-05 20:49:04 | DEBUG   | dpfl.core.base_simulator | Update norms — honest: ['0.02', '0.03', '0.04', '0.02', '0.02'], attacker: ['nan', 'nan', 'nan', 'nan', 'nan']
2026-05-05 20:49:04 | DEBUG   | dpfl.algorithms.trust_aware.simulator | Round 136 Phase 1+2: 0.14s
2026-05-05 20:49:17 | INFO    | dpfl.core.base_simulator | Round 137/150 | Acc: 0.7981 | Loss: 0.5967 | eps_max: 6.59 eps_avg: 6.59 | P: 0.90 R: 1.00 F1: 1.00
2026-05-05 20:49:17 | DEBUG   | dpfl.core.base_simulator | Update norms — honest: ['0.02', '0.02', '0.02', '0.02', '0.02'], attacker: ['nan', 'nan', 'nan', 'nan', 'nan']
2026-05-05 20:49:17 | DEBUG   | dpfl.algorithms.trust_aware.simulator | Round 137 Phase 1+2: 0.13s
2026-05-05 20:49:29 | INFO    | dpfl.core.base_simulator | Round 138/150 | Acc: 0.7981 | Loss: 0.5972 | eps_max: 6.66 eps_avg: 6.66 | P: 0.85 R: 1.00 F1: 0.99
2026-05-05 20:49:29 | DEBUG   | dpfl.core.base_simulator | Update norms — honest: ['0.03', '0.02', '0.06', '0.02', '0.03'], attacker: ['nan', 'nan', 'nan', 'nan', 'nan']
2026-05-05 20:49:29 | DEBUG   | dpfl.algorithms.trust_aware.simulator | Round 138 Phase 1+2: 0.13s
2026-05-05 20:49:39 | INFO    | dpfl.core.base_simulator | Round 139/150 | Acc: 0.7979 | Loss: 0.5978 | eps_max: 6.73 eps_avg: 6.73 | P: 1.00 R: 1.00 F1: 1.00
2026-05-05 20:49:39 | DEBUG   | dpfl.core.base_simulator | Update norms — honest: ['0.02', '0.02', '0.02', '0.02', '0.02'], attacker: ['nan', 'nan', 'nan', 'nan', 'nan']
2026-05-05 20:49:40 | DEBUG   | dpfl.algorithms.trust_aware.simulator | Round 139 Phase 1+2: 0.13s
2026-05-05 20:49:49 | INFO    | dpfl.core.base_simulator | Round 140/150 | Acc: 0.7978 | Loss: 0.5992 | eps_max: 6.81 eps_avg: 6.81 | P: 1.00 R: 1.00 F1: 1.00
2026-05-05 20:49:49 | DEBUG   | dpfl.core.base_simulator | Update norms — honest: ['0.03', '0.02', '0.03', '0.03', '0.04'], attacker: ['nan', 'nan', 'nan', 'nan', 'nan']
2026-05-05 20:49:49 | DEBUG   | dpfl.algorithms.trust_aware.simulator | Round 140 Phase 1+2: 0.13s
2026-05-05 20:49:58 | INFO    | dpfl.core.base_simulator | Round 141/150 | Acc: 0.7979 | Loss: 0.5988 | eps_max: 6.88 eps_avg: 6.88 | P: 1.00 R: 1.00 F1: 1.00
2026-05-05 20:49:58 | DEBUG   | dpfl.core.base_simulator | Update norms — honest: ['0.02', '0.02', '0.02', '0.03', '0.03'], attacker: ['nan', 'nan', 'nan', 'nan', 'nan']
2026-05-05 20:49:59 | DEBUG   | dpfl.algorithms.trust_aware.simulator | Round 141 Phase 1+2: 0.13s
2026-05-05 20:50:42 | INFO    | dpfl.core.base_simulator | Round 142/150 | Acc: 0.7978 | Loss: 0.5995 | eps_max: 6.96 eps_avg: 6.96 | P: 0.99 R: 1.00 F1: 0.99
2026-05-05 20:50:42 | DEBUG   | dpfl.core.base_simulator | Update norms — honest: ['0.02', '0.03', '0.03', '0.02', '0.02'], attacker: ['nan', 'nan', 'nan', 'nan', 'nan']
2026-05-05 20:50:42 | DEBUG   | dpfl.algorithms.trust_aware.simulator | Round 142 Phase 1+2: 0.16s
2026-05-05 20:50:54 | INFO    | dpfl.core.base_simulator | Round 143/150 | Acc: 0.7980 | Loss: 0.5999 | eps_max: 7.03 eps_avg: 7.03 | P: 1.00 R: 1.00 F1: 1.00
2026-05-05 20:50:54 | DEBUG   | dpfl.core.base_simulator | Update norms — honest: ['0.03', '0.03', '0.02', '0.02', '0.02'], attacker: ['nan', 'nan', 'nan', 'nan', 'nan']
2026-05-05 20:50:55 | DEBUG   | dpfl.algorithms.trust_aware.simulator | Round 143 Phase 1+2: 0.52s
2026-05-05 20:51:21 | INFO    | dpfl.core.base_simulator | Round 144/150 | Acc: 0.7981 | Loss: 0.6003 | eps_max: 7.11 eps_avg: 7.11 | P: 1.00 R: 1.00 F1: 1.00
2026-05-05 20:51:21 | DEBUG   | dpfl.core.base_simulator | Update norms — honest: ['0.03', '0.03', '0.02', '0.02', '0.03'], attacker: ['nan', 'nan', 'nan', 'nan', 'nan']
2026-05-05 20:51:21 | DEBUG   | dpfl.algorithms.trust_aware.simulator | Round 144 Phase 1+2: 0.13s
2026-05-05 20:51:44 | INFO    | dpfl.core.base_simulator | Round 145/150 | Acc: 0.7979 | Loss: 0.6020 | eps_max: 7.19 eps_avg: 7.19 | P: 1.00 R: 1.00 F1: 1.00
2026-05-05 20:51:44 | DEBUG   | dpfl.core.base_simulator | Update norms — honest: ['0.02', '0.02', '0.03', '0.02', '0.03'], attacker: ['nan', 'nan', 'nan', 'nan', 'nan']
2026-05-05 20:51:45 | DEBUG   | dpfl.algorithms.trust_aware.simulator | Round 145 Phase 1+2: 0.14s
2026-05-05 20:52:03 | INFO    | dpfl.core.base_simulator | Round 146/150 | Acc: 0.7978 | Loss: 0.6018 | eps_max: 7.27 eps_avg: 7.27 | P: 1.00 R: 1.00 F1: 1.00
2026-05-05 20:52:03 | DEBUG   | dpfl.core.base_simulator | Update norms — honest: ['0.03', '0.04', '0.02', '0.02', '0.02'], attacker: ['nan', 'nan', 'nan', 'nan', 'nan']
2026-05-05 20:52:04 | DEBUG   | dpfl.algorithms.trust_aware.simulator | Round 146 Phase 1+2: 0.13s
2026-05-05 20:52:20 | INFO    | dpfl.core.base_simulator | Round 147/150 | Acc: 0.7981 | Loss: 0.6018 | eps_max: 7.35 eps_avg: 7.35 | P: 1.00 R: 1.00 F1: 1.00
2026-05-05 20:52:20 | DEBUG   | dpfl.core.base_simulator | Update norms — honest: ['0.03', '0.03', '0.03', '0.02', '0.02'], attacker: ['nan', 'nan', 'nan', 'nan', 'nan']
2026-05-05 20:52:20 | DEBUG   | dpfl.algorithms.trust_aware.simulator | Round 147 Phase 1+2: 0.51s
2026-05-05 20:52:34 | INFO    | dpfl.core.base_simulator | Round 148/150 | Acc: 0.7980 | Loss: 0.6022 | eps_max: 7.44 eps_avg: 7.44 | P: 0.85 R: 1.00 F1: 1.00
2026-05-05 20:52:34 | DEBUG   | dpfl.core.base_simulator | Update norms — honest: ['0.02', '0.02', '0.03', '0.03', '0.03'], attacker: ['nan', 'nan', 'nan', 'nan', 'nan']
2026-05-05 20:52:35 | DEBUG   | dpfl.algorithms.trust_aware.simulator | Round 148 Phase 1+2: 0.50s
2026-05-05 20:52:52 | INFO    | dpfl.core.base_simulator | Round 149/150 | Acc: 0.7980 | Loss: 0.6030 | eps_max: 7.52 eps_avg: 7.52 | P: 1.00 R: 1.00 F1: 1.00
2026-05-05 20:52:52 | DEBUG   | dpfl.core.base_simulator | Update norms — honest: ['0.02', '0.02', '0.02', '0.02', '0.02'], attacker: ['nan', 'nan', 'nan', 'nan', 'nan']
2026-05-05 20:52:53 | DEBUG   | dpfl.algorithms.trust_aware.simulator | Round 149 Phase 1+2: 0.50s
2026-05-05 20:53:15 | INFO    | dpfl.core.base_simulator | Round 150/150 | Acc: 0.7980 | Loss: 0.6035 | eps_max: 7.61 eps_avg: 7.61 | P: 1.00 R: 1.00 F1: 1.00
2026-05-05 20:53:15 | DEBUG   | dpfl.core.base_simulator | Update norms — honest: ['0.04', '0.02', '0.02', '0.03', '0.03'], attacker: ['nan', 'nan', 'nan', 'nan', 'nan']
2026-05-05 20:53:16 | INFO    | dpfl | Experiment complete in 2351.1s
============================================================
REPORT: DP-SGD Decentralized Federated Learning
============================================================
Timestamp:                  20260505_201404
Rounds completed:           150
Attack-active rounds:       100  (from round 50)
Final accuracy:             0.7980
Final test loss:            0.6035
Final epsilon (max honest): 7.61
Final epsilon (avg honest): 7.61
Best alpha:                 1000.0
Avg precision:              0.9442
Avg recall:                 0.9724
Avg F1 score:               0.9765
Avg update norm (honest):   0.0398
Avg update norm (attacker): nan

eps_system (max honest): 7.6098
eps_avg (honest):        7.6098
eps_std (honest):        0.0000
n_frozen:                0/300
============================================================
