2026-05-05 21:34:18 | INFO    | dpfl | Experiment start: algorithm=trust_d2b, dataset=fashion_mnist, model=mlp, device=cuda
2026-05-05 21:34:18 | INFO    | dpfl | Config: nodes=500, attackers=300, rounds=150, noise_mode=none, attack=scale
2026-05-05 21:34:18 | INFO    | dpfl.data.fashion_mnist_dataset | Loading Fashion-MNIST dataset...
2026-05-05 21:34:18 | INFO    | dpfl.data.fashion_mnist_dataset | Fashion-MNIST loaded: 60000 train, 10000 test samples
2026-05-05 21:34:54 | INFO    | dpfl.core.base_simulator | Vectorized state ready: param_spec.D=50890, X_test=(10000, 1, 28, 28), train clients N=500, max_n_samples=1000
2026-05-05 21:34:54 | INFO    | dpfl.core.base_simulator | Setup complete: 500 nodes (300 attackers), param_dim=50890, split=iid
2026-05-05 21:34:54 | DEBUG   | dpfl.core.base_simulator | Attacker IDs: {0, 1, 2, 3, 4, 5, 6, 7, 8, 9, 10, 11, 12, 13, 14, 15, 16, 17, 18, 19, 20, 21, 22, 23, 24, 25, 26, 27, 28, 29, 30, 31, 32, 33, 34, 35, 36, 37, 38, 39, 40, 41, 42, 43, 44, 45, 46, 47, 48, 49, 50, 51, 52, 53, 54, 55, 56, 57, 58, 59, 60, 61, 62, 63, 64, 65, 66, 67, 68, 69, 70, 71, 72, 73, 74, 75, 76, 77, 78, 79, 80, 81, 82, 83, 84, 85, 86, 87, 88, 89, 90, 91, 92, 93, 94, 95, 96, 97, 98, 99, 100, 101, 102, 103, 104, 105, 106, 107, 108, 109, 110, 111, 112, 113, 114, 115, 116, 117, 118, 119, 120, 121, 122, 123, 124, 125, 126, 127, 128, 129, 130, 131, 132, 133, 134, 135, 136, 137, 138, 139, 140, 141, 142, 143, 144, 145, 146, 147, 148, 149, 150, 151, 152, 153, 154, 155, 156, 157, 158, 159, 160, 161, 162, 163, 164, 165, 166, 167, 168, 169, 170, 171, 172, 173, 174, 175, 176, 177, 178, 179, 180, 181, 182, 183, 184, 185, 186, 187, 188, 189, 190, 191, 192, 193, 194, 195, 196, 197, 198, 199, 200, 201, 202, 203, 204, 205, 206, 207, 208, 209, 210, 211, 212, 213, 214, 215, 216, 217, 218, 219, 220, 221, 222, 223, 224, 225, 226, 227, 228, 229, 230, 231, 232, 233, 234, 235, 236, 237, 238, 239, 240, 241, 242, 243, 244, 245, 246, 247, 248, 249, 250, 251, 252, 253, 254, 255, 256, 257, 258, 259, 260, 261, 262, 263, 264, 265, 266, 267, 268, 269, 270, 271, 272, 273, 274, 275, 276, 277, 278, 279, 280, 281, 282, 283, 284, 285, 286, 287, 288, 289, 290, 291, 292, 293, 294, 295, 296, 297, 298, 299}
2026-05-05 21:34:54 | INFO    | dpfl.algorithms.trust_aware.simulator | Trust-Aware D2B-DP: rounds=150, n_workers=5, layers=4, ρ∈[0.300,5.000]
2026-05-05 21:34:56 | DEBUG   | dpfl.algorithms.trust_aware.simulator | Round 0 Phase 1+2: 1.31s
2026-05-05 21:35:18 | INFO    | dpfl.core.base_simulator | Round   1/150 | Acc: 0.4566 | Loss: 1.9747 | eps_max: 0.26 eps_avg: 0.26 | P: nan R: nan F1: nan
2026-05-05 21:35:18 | DEBUG   | dpfl.core.base_simulator | Update norms — honest: ['0.23', '0.24'], attacker: ['0.23', '0.23', '0.24', '0.23', '0.24']
2026-05-05 21:35:19 | DEBUG   | dpfl.algorithms.trust_aware.simulator | Round 1 Phase 1+2: 1.14s
2026-05-05 21:35:42 | INFO    | dpfl.core.base_simulator | Round   2/150 | Acc: 0.5670 | Loss: 1.7172 | eps_max: 0.30 eps_avg: 0.30 | P: nan R: nan F1: nan
2026-05-05 21:35:42 | DEBUG   | dpfl.core.base_simulator | Update norms — honest: ['0.21', '0.21', '0.20', '0.21', '0.20'], attacker: ['0.23', '0.23', '0.23', '0.22', '0.24']
2026-05-05 21:35:43 | DEBUG   | dpfl.algorithms.trust_aware.simulator | Round 2 Phase 1+2: 1.13s
2026-05-05 21:36:06 | INFO    | dpfl.core.base_simulator | Round   3/150 | Acc: 0.6190 | Loss: 1.4963 | eps_max: 0.34 eps_avg: 0.34 | P: nan R: nan F1: nan
2026-05-05 21:36:06 | DEBUG   | dpfl.core.base_simulator | Update norms — honest: ['0.19', '0.19', '0.19', '0.18', '0.19'], attacker: ['0.21', '0.22', '0.22', '0.21', '0.22']
2026-05-05 21:36:07 | DEBUG   | dpfl.algorithms.trust_aware.simulator | Round 3 Phase 1+2: 1.14s
2026-05-05 21:36:30 | INFO    | dpfl.core.base_simulator | Round   4/150 | Acc: 0.6473 | Loss: 1.3245 | eps_max: 0.39 eps_avg: 0.39 | P: nan R: nan F1: nan
2026-05-05 21:36:30 | DEBUG   | dpfl.core.base_simulator | Update norms — honest: ['0.17', '0.17', '0.17', '0.17', '0.16'], attacker: ['0.20', '0.20', '0.21', '0.20', '0.21']
2026-05-05 21:36:31 | DEBUG   | dpfl.algorithms.trust_aware.simulator | Round 4 Phase 1+2: 1.13s
2026-05-05 21:36:56 | INFO    | dpfl.core.base_simulator | Round   5/150 | Acc: 0.6700 | Loss: 1.1928 | eps_max: 0.44 eps_avg: 0.44 | P: nan R: nan F1: nan
2026-05-05 21:36:56 | DEBUG   | dpfl.core.base_simulator | Update norms — honest: ['0.15', '0.14', '0.14', '0.14', '0.14'], attacker: ['0.18', '0.18', '0.18', '0.18', '0.19']
2026-05-05 21:36:57 | DEBUG   | dpfl.algorithms.trust_aware.simulator | Round 5 Phase 1+2: 1.12s
2026-05-05 21:37:23 | INFO    | dpfl.core.base_simulator | Round   6/150 | Acc: 0.6878 | Loss: 1.0954 | eps_max: 0.53 eps_avg: 0.53 | P: nan R: nan F1: nan
2026-05-05 21:37:23 | DEBUG   | dpfl.core.base_simulator | Update norms — honest: ['0.13', '0.14', '0.14', '0.13', '0.14'], attacker: ['0.16', '0.16', '0.16', '0.16', '0.16']
2026-05-05 21:37:24 | DEBUG   | dpfl.algorithms.trust_aware.simulator | Round 6 Phase 1+2: 1.13s
2026-05-05 21:37:52 | INFO    | dpfl.core.base_simulator | Round   7/150 | Acc: 0.6999 | Loss: 1.0229 | eps_max: 0.56 eps_avg: 0.56 | P: nan R: nan F1: nan
2026-05-05 21:37:52 | DEBUG   | dpfl.core.base_simulator | Update norms — honest: ['0.12', '0.11', '0.12', '0.11', '0.11'], attacker: ['0.14', '0.14', '0.14', '0.14', '0.14']
2026-05-05 21:37:54 | DEBUG   | dpfl.algorithms.trust_aware.simulator | Round 7 Phase 1+2: 1.15s
2026-05-05 21:38:24 | INFO    | dpfl.core.base_simulator | Round   8/150 | Acc: 0.7081 | Loss: 0.9685 | eps_max: 0.59 eps_avg: 0.59 | P: nan R: nan F1: nan
2026-05-05 21:38:24 | DEBUG   | dpfl.core.base_simulator | Update norms — honest: ['0.10', '0.10', '0.10', '0.10', '0.10'], attacker: ['0.12', '0.12', '0.12', '0.12', '0.12']
2026-05-05 21:38:25 | DEBUG   | dpfl.algorithms.trust_aware.simulator | Round 8 Phase 1+2: 1.14s
2026-05-05 21:38:57 | INFO    | dpfl.core.base_simulator | Round   9/150 | Acc: 0.7146 | Loss: 0.9252 | eps_max: 0.62 eps_avg: 0.62 | P: nan R: nan F1: nan
2026-05-05 21:38:57 | DEBUG   | dpfl.core.base_simulator | Update norms — honest: ['0.08', '0.09', '0.09', '0.10', '0.08'], attacker: ['0.11', '0.10', '0.11', '0.10', '0.10']
2026-05-05 21:38:59 | DEBUG   | dpfl.algorithms.trust_aware.simulator | Round 9 Phase 1+2: 1.12s
2026-05-05 21:39:33 | INFO    | dpfl.core.base_simulator | Round  10/150 | Acc: 0.7209 | Loss: 0.8889 | eps_max: 0.65 eps_avg: 0.65 | P: nan R: nan F1: nan
2026-05-05 21:39:33 | DEBUG   | dpfl.core.base_simulator | Update norms — honest: ['0.08', '0.08', '0.08', '0.08', '0.08'], attacker: ['0.10', '0.09', '0.09', '0.09', '0.09']
2026-05-05 21:39:33 | DEBUG   | dpfl.algorithms.trust_aware.simulator | Round 10 Phase 1+2: 0.84s
2026-05-05 21:40:08 | INFO    | dpfl.core.base_simulator | Round  11/150 | Acc: 0.7257 | Loss: 0.8591 | eps_max: 0.69 eps_avg: 0.69 | P: nan R: nan F1: nan
2026-05-05 21:40:08 | DEBUG   | dpfl.core.base_simulator | Update norms — honest: ['0.07', '0.07', '0.08', '0.07', '0.08'], attacker: ['0.10', '0.08', '0.08', '0.08', '0.08']
2026-05-05 21:40:08 | DEBUG   | dpfl.algorithms.trust_aware.simulator | Round 11 Phase 1+2: 0.20s
2026-05-05 21:40:42 | INFO    | dpfl.core.base_simulator | Round  12/150 | Acc: 0.7304 | Loss: 0.8334 | eps_max: 0.72 eps_avg: 0.72 | P: nan R: nan F1: nan
2026-05-05 21:40:42 | DEBUG   | dpfl.core.base_simulator | Update norms — honest: ['0.07', '0.07', '0.08', '0.07', '0.07'], attacker: ['0.08', '0.08', '0.08', '0.08', '0.08']
2026-05-05 21:40:42 | DEBUG   | dpfl.algorithms.trust_aware.simulator | Round 12 Phase 1+2: 0.20s
2026-05-05 21:41:14 | INFO    | dpfl.core.base_simulator | Round  13/150 | Acc: 0.7349 | Loss: 0.8112 | eps_max: 0.76 eps_avg: 0.76 | P: nan R: nan F1: nan
2026-05-05 21:41:14 | DEBUG   | dpfl.core.base_simulator | Update norms — honest: ['0.07', '0.07', '0.07', '0.07', '0.07'], attacker: ['0.08', '0.07', '0.08', '0.07', '0.07']
2026-05-05 21:41:14 | DEBUG   | dpfl.algorithms.trust_aware.simulator | Round 13 Phase 1+2: 0.20s
2026-05-05 21:41:42 | INFO    | dpfl.core.base_simulator | Round  14/150 | Acc: 0.7385 | Loss: 0.7919 | eps_max: 0.80 eps_avg: 0.80 | P: nan R: nan F1: nan
2026-05-05 21:41:42 | DEBUG   | dpfl.core.base_simulator | Update norms — honest: ['0.07', '0.06', '0.06', '0.06', '0.07'], attacker: ['0.08', '0.07', '0.07', '0.07', '0.07']
2026-05-05 21:41:43 | DEBUG   | dpfl.algorithms.trust_aware.simulator | Round 14 Phase 1+2: 0.20s
2026-05-05 21:42:09 | INFO    | dpfl.core.base_simulator | Round  15/150 | Acc: 0.7419 | Loss: 0.7752 | eps_max: 0.84 eps_avg: 0.84 | P: nan R: nan F1: nan
2026-05-05 21:42:09 | DEBUG   | dpfl.core.base_simulator | Update norms — honest: ['0.06', '0.06', '0.07', '0.06', '0.06'], attacker: ['0.07', '0.06', '0.07', '0.06', '0.06']
2026-05-05 21:42:09 | DEBUG   | dpfl.algorithms.trust_aware.simulator | Round 15 Phase 1+2: 0.20s
2026-05-05 21:42:32 | INFO    | dpfl.core.base_simulator | Round  16/150 | Acc: 0.7449 | Loss: 0.7605 | eps_max: 0.88 eps_avg: 0.88 | P: 0.00 R: nan F1: nan
2026-05-05 21:42:32 | DEBUG   | dpfl.core.base_simulator | Update norms — honest: ['0.06', '0.06', '0.06', '0.06', '0.06'], attacker: ['0.06', '0.06', '0.06', '0.06', '0.06']
2026-05-05 21:42:32 | DEBUG   | dpfl.algorithms.trust_aware.simulator | Round 16 Phase 1+2: 0.20s
2026-05-05 21:42:53 | INFO    | dpfl.core.base_simulator | Round  17/150 | Acc: 0.7476 | Loss: 0.7472 | eps_max: 0.91 eps_avg: 0.91 | P: 0.00 R: nan F1: nan
2026-05-05 21:42:53 | DEBUG   | dpfl.core.base_simulator | Update norms — honest: ['0.06', '0.05', '0.05', '0.05', '0.05'], attacker: ['0.06', '0.06', '0.06', '0.06', '0.06']
2026-05-05 21:42:54 | DEBUG   | dpfl.algorithms.trust_aware.simulator | Round 17 Phase 1+2: 1.13s
2026-05-05 21:43:13 | INFO    | dpfl.core.base_simulator | Round  18/150 | Acc: 0.7505 | Loss: 0.7356 | eps_max: 0.95 eps_avg: 0.95 | P: nan R: nan F1: nan
2026-05-05 21:43:13 | DEBUG   | dpfl.core.base_simulator | Update norms — honest: ['0.05', '0.05', '0.05', '0.05', '0.06'], attacker: ['0.06', '0.06', '0.06', '0.06', '0.06']
2026-05-05 21:43:14 | DEBUG   | dpfl.algorithms.trust_aware.simulator | Round 18 Phase 1+2: 1.14s
2026-05-05 21:43:33 | INFO    | dpfl.core.base_simulator | Round  19/150 | Acc: 0.7531 | Loss: 0.7251 | eps_max: 0.98 eps_avg: 0.98 | P: nan R: nan F1: nan
2026-05-05 21:43:33 | DEBUG   | dpfl.core.base_simulator | Update norms — honest: ['0.05', '0.05', '0.05', '0.05', '0.05'], attacker: ['0.06', '0.06', '0.05', '0.06', '0.06']
2026-05-05 21:43:34 | DEBUG   | dpfl.algorithms.trust_aware.simulator | Round 19 Phase 1+2: 1.13s
2026-05-05 21:43:52 | INFO    | dpfl.core.base_simulator | Round  20/150 | Acc: 0.7550 | Loss: 0.7154 | eps_max: 1.02 eps_avg: 1.02 | P: 0.00 R: nan F1: nan
2026-05-05 21:43:52 | DEBUG   | dpfl.core.base_simulator | Update norms — honest: ['0.05', '0.05', '0.05', '0.05', '0.05'], attacker: ['0.05', '0.05', '0.05', '0.05', '0.05']
2026-05-05 21:43:53 | DEBUG   | dpfl.algorithms.trust_aware.simulator | Round 20 Phase 1+2: 1.14s
2026-05-05 21:44:14 | INFO    | dpfl.core.base_simulator | Round  21/150 | Acc: 0.7574 | Loss: 0.7066 | eps_max: 1.06 eps_avg: 1.06 | P: nan R: nan F1: nan
2026-05-05 21:44:14 | DEBUG   | dpfl.core.base_simulator | Update norms — honest: ['0.05', '0.05', '0.05', '0.04', '0.05'], attacker: ['0.05', '0.05', '0.05', '0.05', '0.05']
2026-05-05 21:44:15 | DEBUG   | dpfl.algorithms.trust_aware.simulator | Round 21 Phase 1+2: 1.12s
2026-05-05 21:44:39 | INFO    | dpfl.core.base_simulator | Round  22/150 | Acc: 0.7591 | Loss: 0.6988 | eps_max: 1.10 eps_avg: 1.10 | P: nan R: nan F1: nan
2026-05-05 21:44:39 | DEBUG   | dpfl.core.base_simulator | Update norms — honest: ['0.04', '0.04', '0.05', '0.05', '0.05'], attacker: ['0.05', '0.05', '0.05', '0.05', '0.05']
2026-05-05 21:44:40 | DEBUG   | dpfl.algorithms.trust_aware.simulator | Round 22 Phase 1+2: 1.14s
2026-05-05 21:45:09 | INFO    | dpfl.core.base_simulator | Round  23/150 | Acc: 0.7611 | Loss: 0.6913 | eps_max: 1.15 eps_avg: 1.15 | P: nan R: nan F1: nan
2026-05-05 21:45:09 | DEBUG   | dpfl.core.base_simulator | Update norms — honest: ['0.05', '0.05', '0.05', '0.05', '0.04'], attacker: ['0.05', '0.05', '0.05', '0.05', '0.05']
2026-05-05 21:45:10 | DEBUG   | dpfl.algorithms.trust_aware.simulator | Round 23 Phase 1+2: 1.12s
2026-05-05 21:45:43 | INFO    | dpfl.core.base_simulator | Round  24/150 | Acc: 0.7628 | Loss: 0.6845 | eps_max: 1.19 eps_avg: 1.19 | P: 0.00 R: nan F1: nan
2026-05-05 21:45:43 | DEBUG   | dpfl.core.base_simulator | Update norms — honest: ['0.05', '0.04', '0.04', '0.05', '0.04'], attacker: ['0.05', '0.05', '0.04', '0.04', '0.04']
2026-05-05 21:45:43 | DEBUG   | dpfl.algorithms.trust_aware.simulator | Round 24 Phase 1+2: 0.20s
2026-05-05 21:46:17 | INFO    | dpfl.core.base_simulator | Round  25/150 | Acc: 0.7644 | Loss: 0.6784 | eps_max: 1.22 eps_avg: 1.22 | P: nan R: nan F1: nan
2026-05-05 21:46:17 | DEBUG   | dpfl.core.base_simulator | Update norms — honest: ['0.05', '0.04', '0.04', '0.04', '0.04'], attacker: ['0.05', '0.05', '0.04', '0.04', '0.05']
2026-05-05 21:46:17 | DEBUG   | dpfl.algorithms.trust_aware.simulator | Round 25 Phase 1+2: 0.20s
2026-05-05 21:46:47 | INFO    | dpfl.core.base_simulator | Round  26/150 | Acc: 0.7660 | Loss: 0.6728 | eps_max: 1.26 eps_avg: 1.26 | P: nan R: nan F1: nan
2026-05-05 21:46:47 | DEBUG   | dpfl.core.base_simulator | Update norms — honest: ['0.04', '0.05', '0.04', '0.04', '0.05'], attacker: ['0.04', '0.05', '0.04', '0.04', '0.04']
2026-05-05 21:46:47 | DEBUG   | dpfl.algorithms.trust_aware.simulator | Round 26 Phase 1+2: 0.20s
2026-05-05 21:47:13 | INFO    | dpfl.core.base_simulator | Round  27/150 | Acc: 0.7673 | Loss: 0.6669 | eps_max: 1.29 eps_avg: 1.29 | P: nan R: nan F1: nan
2026-05-05 21:47:13 | DEBUG   | dpfl.core.base_simulator | Update norms — honest: ['0.04', '0.04', '0.04', '0.04', '0.04'], attacker: ['0.04', '0.04', '0.04', '0.04', '0.04']
2026-05-05 21:47:13 | DEBUG   | dpfl.algorithms.trust_aware.simulator | Round 27 Phase 1+2: 0.20s
2026-05-05 21:47:34 | INFO    | dpfl.core.base_simulator | Round  28/150 | Acc: 0.7689 | Loss: 0.6621 | eps_max: 1.32 eps_avg: 1.32 | P: nan R: nan F1: nan
2026-05-05 21:47:34 | DEBUG   | dpfl.core.base_simulator | Update norms — honest: ['0.04', '0.04', '0.04', '0.04', '0.04'], attacker: ['0.05', '0.04', '0.04', '0.04', '0.04']
2026-05-05 21:47:34 | DEBUG   | dpfl.algorithms.trust_aware.simulator | Round 28 Phase 1+2: 0.20s
2026-05-05 21:47:51 | INFO    | dpfl.core.base_simulator | Round  29/150 | Acc: 0.7703 | Loss: 0.6571 | eps_max: 1.36 eps_avg: 1.36 | P: 0.00 R: nan F1: nan
2026-05-05 21:47:51 | DEBUG   | dpfl.core.base_simulator | Update norms — honest: ['0.04', '0.04', '0.04', '0.04', '0.04'], attacker: ['0.04', '0.04', '0.04', '0.04', '0.04']
2026-05-05 21:47:52 | DEBUG   | dpfl.algorithms.trust_aware.simulator | Round 29 Phase 1+2: 1.13s
2026-05-05 21:48:07 | INFO    | dpfl.core.base_simulator | Round  30/150 | Acc: 0.7714 | Loss: 0.6530 | eps_max: 1.39 eps_avg: 1.39 | P: nan R: nan F1: nan
2026-05-05 21:48:07 | DEBUG   | dpfl.core.base_simulator | Update norms — honest: ['0.04', '0.04', '0.04', '0.04', '0.04'], attacker: ['0.04', '0.04', '0.04', '0.04', '0.04']
2026-05-05 21:48:08 | DEBUG   | dpfl.algorithms.trust_aware.simulator | Round 30 Phase 1+2: 1.14s
2026-05-05 21:48:24 | INFO    | dpfl.core.base_simulator | Round  31/150 | Acc: 0.7726 | Loss: 0.6486 | eps_max: 1.43 eps_avg: 1.43 | P: nan R: nan F1: nan
2026-05-05 21:48:24 | DEBUG   | dpfl.core.base_simulator | Update norms — honest: ['0.04', '0.04', '0.04', '0.04', '0.04'], attacker: ['0.04', '0.04', '0.04', '0.04', '0.04']
2026-05-05 21:48:25 | DEBUG   | dpfl.algorithms.trust_aware.simulator | Round 31 Phase 1+2: 1.13s
2026-05-05 21:48:47 | INFO    | dpfl.core.base_simulator | Round  32/150 | Acc: 0.7737 | Loss: 0.6449 | eps_max: 1.47 eps_avg: 1.47 | P: nan R: nan F1: nan
2026-05-05 21:48:47 | DEBUG   | dpfl.core.base_simulator | Update norms — honest: ['0.04', '0.04', '0.04', '0.04', '0.04'], attacker: ['0.04', '0.04', '0.04', '0.04', '0.04']
2026-05-05 21:48:48 | DEBUG   | dpfl.algorithms.trust_aware.simulator | Round 32 Phase 1+2: 1.14s
2026-05-05 21:49:14 | INFO    | dpfl.core.base_simulator | Round  33/150 | Acc: 0.7747 | Loss: 0.6411 | eps_max: 1.51 eps_avg: 1.51 | P: 0.00 R: nan F1: nan
2026-05-05 21:49:14 | DEBUG   | dpfl.core.base_simulator | Update norms — honest: ['0.04', '0.04', '0.04', '0.04', '0.04'], attacker: ['0.04', '0.05', '0.04', '0.04', '0.04']
2026-05-05 21:49:15 | DEBUG   | dpfl.algorithms.trust_aware.simulator | Round 33 Phase 1+2: 1.12s
2026-05-05 21:49:46 | INFO    | dpfl.core.base_simulator | Round  34/150 | Acc: 0.7760 | Loss: 0.6375 | eps_max: 1.56 eps_avg: 1.56 | P: nan R: nan F1: nan
2026-05-05 21:49:46 | DEBUG   | dpfl.core.base_simulator | Update norms — honest: ['0.03', '0.04', '0.04', '0.04', '0.04'], attacker: ['0.04', '0.04', '0.04', '0.04', '0.04']
2026-05-05 21:49:47 | DEBUG   | dpfl.algorithms.trust_aware.simulator | Round 34 Phase 1+2: 0.83s
2026-05-05 21:50:23 | INFO    | dpfl.core.base_simulator | Round  35/150 | Acc: 0.7767 | Loss: 0.6344 | eps_max: 1.60 eps_avg: 1.60 | P: 0.00 R: nan F1: nan
2026-05-05 21:50:23 | DEBUG   | dpfl.core.base_simulator | Update norms — honest: ['0.04', '0.03', '0.03', '0.04', '0.04'], attacker: ['0.04', '0.04', '0.04', '0.04', '0.04']
2026-05-05 21:50:23 | DEBUG   | dpfl.algorithms.trust_aware.simulator | Round 35 Phase 1+2: 0.20s
2026-05-05 21:50:55 | INFO    | dpfl.core.base_simulator | Round  36/150 | Acc: 0.7779 | Loss: 0.6310 | eps_max: 1.63 eps_avg: 1.63 | P: nan R: nan F1: nan
2026-05-05 21:50:55 | DEBUG   | dpfl.core.base_simulator | Update norms — honest: ['0.03', '0.03', '0.03', '0.04', '0.04'], attacker: ['0.04', '0.04', '0.04', '0.04', '0.04']
2026-05-05 21:50:55 | DEBUG   | dpfl.algorithms.trust_aware.simulator | Round 36 Phase 1+2: 0.20s
2026-05-05 21:51:22 | INFO    | dpfl.core.base_simulator | Round  37/150 | Acc: 0.7784 | Loss: 0.6287 | eps_max: 1.67 eps_avg: 1.67 | P: 0.00 R: nan F1: nan
2026-05-05 21:51:22 | DEBUG   | dpfl.core.base_simulator | Update norms — honest: ['0.03', '0.03', '0.04', '0.03', '0.04'], attacker: ['0.05', '0.04', '0.03', '0.04', '0.04']
2026-05-05 21:51:22 | DEBUG   | dpfl.algorithms.trust_aware.simulator | Round 37 Phase 1+2: 0.20s
2026-05-05 21:51:44 | INFO    | dpfl.core.base_simulator | Round  38/150 | Acc: 0.7792 | Loss: 0.6262 | eps_max: 1.70 eps_avg: 1.70 | P: 0.00 R: nan F1: nan
2026-05-05 21:51:44 | DEBUG   | dpfl.core.base_simulator | Update norms — honest: ['0.04', '0.04', '0.04', '0.04', '0.03'], attacker: ['0.03', '0.04', '0.03', '0.04', '0.04']
2026-05-05 21:51:45 | DEBUG   | dpfl.algorithms.trust_aware.simulator | Round 38 Phase 1+2: 0.20s
2026-05-05 21:52:02 | INFO    | dpfl.core.base_simulator | Round  39/150 | Acc: 0.7801 | Loss: 0.6230 | eps_max: 1.74 eps_avg: 1.74 | P: 0.00 R: nan F1: nan
2026-05-05 21:52:02 | DEBUG   | dpfl.core.base_simulator | Update norms — honest: ['0.04', '0.04', '0.04', '0.03', '0.04'], attacker: ['0.03', '0.04', '0.04', '0.04', '0.04']
2026-05-05 21:52:03 | DEBUG   | dpfl.algorithms.trust_aware.simulator | Round 39 Phase 1+2: 0.20s
2026-05-05 21:52:16 | INFO    | dpfl.core.base_simulator | Round  40/150 | Acc: 0.7807 | Loss: 0.6208 | eps_max: 1.78 eps_avg: 1.78 | P: 0.00 R: nan F1: nan
2026-05-05 21:52:16 | DEBUG   | dpfl.core.base_simulator | Update norms — honest: ['0.03', '0.03', '0.03', '0.04', '0.04'], attacker: ['0.03', '0.04', '0.03', '0.04', '0.04']
2026-05-05 21:52:17 | DEBUG   | dpfl.algorithms.trust_aware.simulator | Round 40 Phase 1+2: 0.86s
2026-05-05 21:52:44 | INFO    | dpfl.core.base_simulator | Round  41/150 | Acc: 0.7816 | Loss: 0.6184 | eps_max: 1.82 eps_avg: 1.82 | P: nan R: nan F1: nan
2026-05-05 21:52:44 | DEBUG   | dpfl.core.base_simulator | Update norms — honest: ['0.04', '0.04', '0.04', '0.04', '0.04'], attacker: ['0.04', '0.04', '0.03', '0.03', '0.04']
2026-05-05 21:52:45 | DEBUG   | dpfl.algorithms.trust_aware.simulator | Round 41 Phase 1+2: 1.15s
2026-05-05 21:53:19 | INFO    | dpfl.core.base_simulator | Round  42/150 | Acc: 0.7824 | Loss: 0.6163 | eps_max: 1.86 eps_avg: 1.86 | P: 0.00 R: nan F1: nan
2026-05-05 21:53:19 | DEBUG   | dpfl.core.base_simulator | Update norms — honest: ['0.04', '0.03', '0.04', '0.03', '0.04'], attacker: ['0.03', '0.04', '0.03', '0.04', '0.03']
2026-05-05 21:53:20 | DEBUG   | dpfl.algorithms.trust_aware.simulator | Round 42 Phase 1+2: 1.11s
2026-05-05 21:53:46 | INFO    | dpfl.core.base_simulator | Round  43/150 | Acc: 0.7829 | Loss: 0.6142 | eps_max: 1.90 eps_avg: 1.90 | P: nan R: nan F1: nan
2026-05-05 21:53:46 | DEBUG   | dpfl.core.base_simulator | Update norms — honest: ['0.04', '0.03', '0.03', '0.05', '0.03'], attacker: ['0.03', '0.04', '0.03', '0.03', '0.03']
2026-05-05 21:53:47 | DEBUG   | dpfl.algorithms.trust_aware.simulator | Round 43 Phase 1+2: 1.13s
2026-05-05 21:54:13 | INFO    | dpfl.core.base_simulator | Round  44/150 | Acc: 0.7836 | Loss: 0.6120 | eps_max: 1.95 eps_avg: 1.95 | P: 0.00 R: nan F1: nan
2026-05-05 21:54:13 | DEBUG   | dpfl.core.base_simulator | Update norms — honest: ['0.03', '0.03', '0.04', '0.03', '0.03'], attacker: ['0.04', '0.03', '0.03', '0.04', '0.04']
2026-05-05 21:54:14 | DEBUG   | dpfl.algorithms.trust_aware.simulator | Round 44 Phase 1+2: 1.09s
2026-05-05 21:54:49 | INFO    | dpfl.core.base_simulator | Round  45/150 | Acc: 0.7843 | Loss: 0.6100 | eps_max: 2.00 eps_avg: 2.00 | P: 0.00 R: nan F1: nan
2026-05-05 21:54:49 | DEBUG   | dpfl.core.base_simulator | Update norms — honest: ['0.03', '0.03', '0.03', '0.03', '0.03'], attacker: ['0.03', '0.03', '0.03', '0.04', '0.03']
2026-05-05 21:54:50 | DEBUG   | dpfl.algorithms.trust_aware.simulator | Round 45 Phase 1+2: 1.14s
2026-05-05 21:55:16 | INFO    | dpfl.core.base_simulator | Round  46/150 | Acc: 0.7847 | Loss: 0.6082 | eps_max: 2.04 eps_avg: 2.04 | P: 0.00 R: nan F1: nan
2026-05-05 21:55:16 | DEBUG   | dpfl.core.base_simulator | Update norms — honest: ['0.03', '0.04', '0.03', '0.04', '0.03'], attacker: ['0.03', '0.04', '0.03', '0.04', '0.03']
2026-05-05 21:55:17 | DEBUG   | dpfl.algorithms.trust_aware.simulator | Round 46 Phase 1+2: 1.12s
2026-05-05 21:55:41 | INFO    | dpfl.core.base_simulator | Round  47/150 | Acc: 0.7853 | Loss: 0.6066 | eps_max: 2.08 eps_avg: 2.08 | P: nan R: nan F1: nan
2026-05-05 21:55:41 | DEBUG   | dpfl.core.base_simulator | Update norms — honest: ['0.04', '0.03', '0.03', '0.04', '0.03'], attacker: ['0.03', '0.04', '0.03', '0.04', '0.03']
2026-05-05 21:55:42 | DEBUG   | dpfl.algorithms.trust_aware.simulator | Round 47 Phase 1+2: 0.80s
2026-05-05 21:56:19 | INFO    | dpfl.core.base_simulator | Round  48/150 | Acc: 0.7858 | Loss: 0.6050 | eps_max: 2.11 eps_avg: 2.11 | P: 0.00 R: nan F1: nan
2026-05-05 21:56:19 | DEBUG   | dpfl.core.base_simulator | Update norms — honest: ['0.04', '0.03', '0.03', '0.03', '0.04'], attacker: ['0.03', '0.03', '0.03', '0.03', '0.03']
2026-05-05 21:56:20 | DEBUG   | dpfl.algorithms.trust_aware.simulator | Round 48 Phase 1+2: 1.12s
2026-05-05 21:56:45 | INFO    | dpfl.core.base_simulator | Round  49/150 | Acc: 0.7864 | Loss: 0.6035 | eps_max: 2.15 eps_avg: 2.15 | P: nan R: nan F1: nan
2026-05-05 21:56:45 | DEBUG   | dpfl.core.base_simulator | Update norms — honest: ['0.04', '0.04', '0.03', '0.03', '0.03'], attacker: ['0.03', '0.04', '0.03', '0.04', '0.03']
2026-05-05 21:56:45 | DEBUG   | dpfl.algorithms.trust_aware.simulator | Round 49 Phase 1+2: 0.20s
2026-05-05 21:57:12 | INFO    | dpfl.core.base_simulator | Round  50/150 | Acc: 0.7870 | Loss: 0.6018 | eps_max: 2.19 eps_avg: 2.19 | P: nan R: nan F1: nan
2026-05-05 21:57:12 | DEBUG   | dpfl.core.base_simulator | Update norms — honest: ['0.03', '0.03', '0.03', '0.03', '0.03'], attacker: ['0.03', '0.03', '0.03', '0.04', '0.04']
2026-05-05 21:57:13 | DEBUG   | dpfl.algorithms.trust_aware.simulator | Round 50 Phase 1+2: 0.51s
2026-05-05 21:57:44 | INFO    | dpfl.core.base_simulator | Round  51/150 | Acc: 0.7872 | Loss: 0.6006 | eps_max: 2.22 eps_avg: 2.22 | P: 1.00 R: 0.88 F1: 0.93
2026-05-05 21:57:44 | DEBUG   | dpfl.core.base_simulator | Update norms — honest: ['0.03', '0.03', '0.03', '0.04', '0.03'], attacker: ['0.17', '0.17', '0.16', '0.17', '0.16']
2026-05-05 21:57:45 | DEBUG   | dpfl.algorithms.trust_aware.simulator | Round 51 Phase 1+2: 0.20s
2026-05-05 21:58:18 | INFO    | dpfl.core.base_simulator | Round  52/150 | Acc: 0.7878 | Loss: 0.5992 | eps_max: 2.26 eps_avg: 2.26 | P: 1.00 R: 0.65 F1: 0.78
2026-05-05 21:58:18 | DEBUG   | dpfl.core.base_simulator | Update norms — honest: ['0.04', '0.03', '0.04', '0.03', '0.03'], attacker: ['0.18', '0.24', '0.18', '0.20', '0.28']
2026-05-05 21:58:18 | DEBUG   | dpfl.algorithms.trust_aware.simulator | Round 52 Phase 1+2: 0.14s
2026-05-05 21:58:50 | INFO    | dpfl.core.base_simulator | Round  53/150 | Acc: 0.7881 | Loss: 0.5983 | eps_max: 2.30 eps_avg: 2.30 | P: 1.00 R: 0.45 F1: 0.62
2026-05-05 21:58:50 | DEBUG   | dpfl.core.base_simulator | Update norms — honest: ['0.03', '0.04', '0.04', '0.03', '0.04'], attacker: ['0.36', '0.51', '0.31', '0.35', '0.54']
2026-05-05 21:58:50 | DEBUG   | dpfl.algorithms.trust_aware.simulator | Round 53 Phase 1+2: 0.14s
2026-05-05 21:59:19 | INFO    | dpfl.core.base_simulator | Round  54/150 | Acc: 0.7882 | Loss: 0.5979 | eps_max: 2.34 eps_avg: 2.34 | P: 1.00 R: 0.35 F1: 0.50
2026-05-05 21:59:19 | DEBUG   | dpfl.core.base_simulator | Update norms — honest: ['0.03', '0.03', '0.03', '0.04', '0.03'], attacker: ['0.86', '1.29', '0.69', '0.88', '1.35']
2026-05-05 21:59:19 | DEBUG   | dpfl.algorithms.trust_aware.simulator | Round 54 Phase 1+2: 0.14s
2026-05-05 21:59:46 | INFO    | dpfl.core.base_simulator | Round  55/150 | Acc: 0.7876 | Loss: 0.6004 | eps_max: 2.39 eps_avg: 2.39 | P: 1.00 R: 0.32 F1: 0.47
2026-05-05 21:59:46 | DEBUG   | dpfl.core.base_simulator | Update norms — honest: ['0.04', '0.03', '0.03', '0.03', '0.03'], attacker: ['2.29', '3.11', '1.79', '2.28', '2.50']
2026-05-05 21:59:46 | DEBUG   | dpfl.algorithms.trust_aware.simulator | Round 55 Phase 1+2: 0.13s
2026-05-05 22:00:10 | INFO    | dpfl.core.base_simulator | Round  56/150 | Acc: 0.7866 | Loss: 0.6059 | eps_max: 2.43 eps_avg: 2.43 | P: 0.96 R: 0.15 F1: 0.31
2026-05-05 22:00:10 | DEBUG   | dpfl.core.base_simulator | Update norms — honest: ['0.03', '0.03', '0.03', '0.03', '0.03'], attacker: ['5.35', '5.84', '4.23', '4.84', '4.86']
2026-05-05 22:00:10 | DEBUG   | dpfl.algorithms.trust_aware.simulator | Round 56 Phase 1+2: 0.13s
2026-05-05 22:00:32 | INFO    | dpfl.core.base_simulator | Round  57/150 | Acc: 0.7845 | Loss: 0.6283 | eps_max: 2.48 eps_avg: 2.48 | P: 1.00 R: 0.27 F1: 0.48
2026-05-05 22:00:32 | DEBUG   | dpfl.core.base_simulator | Update norms — honest: ['0.03', '0.03', '0.03', '0.03', '0.03'], attacker: ['11.83', '13.12', '8.89', '10.90', '10.89']
2026-05-05 22:00:32 | DEBUG   | dpfl.algorithms.trust_aware.simulator | Round 57 Phase 1+2: 0.53s
2026-05-05 22:00:51 | INFO    | dpfl.core.base_simulator | Round  58/150 | Acc: 0.7837 | Loss: 0.6395 | eps_max: 2.52 eps_avg: 2.52 | P: 1.00 R: 0.78 F1: 0.86
2026-05-05 22:00:51 | DEBUG   | dpfl.core.base_simulator | Update norms — honest: ['0.04', '0.03', '0.03', '0.04', '0.05'], attacker: ['28.76', '30.44', '20.74', '26.82', '27.48']
2026-05-05 22:00:52 | DEBUG   | dpfl.algorithms.trust_aware.simulator | Round 58 Phase 1+2: 0.54s
2026-05-05 22:01:12 | INFO    | dpfl.core.base_simulator | Round  59/150 | Acc: 0.7890 | Loss: 0.5961 | eps_max: 2.57 eps_avg: 2.57 | P: 1.00 R: 0.97 F1: 0.99
2026-05-05 22:01:12 | DEBUG   | dpfl.core.base_simulator | Update norms — honest: ['0.03', '0.03', '0.03', '0.04', '0.03'], attacker: ['72.21', '72.79', '49.16', '67.61', '71.88']
2026-05-05 22:01:12 | DEBUG   | dpfl.algorithms.trust_aware.simulator | Round 59 Phase 1+2: 0.64s
2026-05-05 22:01:31 | INFO    | dpfl.core.base_simulator | Round  60/150 | Acc: 0.7880 | Loss: 0.6091 | eps_max: 2.62 eps_avg: 2.62 | P: 1.00 R: 1.00 F1: 1.00
2026-05-05 22:01:31 | DEBUG   | dpfl.core.base_simulator | Update norms — honest: ['0.05', '0.03', '0.03', '0.03', '0.05'], attacker: ['185.27', '175.30', '120.57', '174.30', '184.76']
2026-05-05 22:01:32 | DEBUG   | dpfl.algorithms.trust_aware.simulator | Round 60 Phase 1+2: 0.52s
2026-05-05 22:01:50 | INFO    | dpfl.core.base_simulator | Round  61/150 | Acc: 0.7880 | Loss: 0.6266 | eps_max: 2.67 eps_avg: 2.67 | P: 0.99 R: 1.00 F1: 0.99
2026-05-05 22:01:50 | DEBUG   | dpfl.core.base_simulator | Update norms — honest: ['0.33', '0.03', '0.03', '0.04', '0.04'], attacker: ['482.07', '427.73', '306.30', '451.74', '487.44']
2026-05-05 22:01:51 | DEBUG   | dpfl.algorithms.trust_aware.simulator | Round 61 Phase 1+2: 0.53s
2026-05-05 22:02:10 | INFO    | dpfl.core.base_simulator | Round  62/150 | Acc: 0.7903 | Loss: 0.5943 | eps_max: 2.73 eps_avg: 2.73 | P: 1.00 R: 1.00 F1: 1.00
2026-05-05 22:02:10 | DEBUG   | dpfl.core.base_simulator | Update norms — honest: ['0.03', '0.03', '0.03', '0.03', '0.04'], attacker: ['1269.79', '1045.38', '801.31', '1167.04', '1249.98']
2026-05-05 22:02:10 | DEBUG   | dpfl.algorithms.trust_aware.simulator | Round 62 Phase 1+2: 0.52s
2026-05-05 22:02:29 | INFO    | dpfl.core.base_simulator | Round  63/150 | Acc: 0.7904 | Loss: 0.5934 | eps_max: 2.78 eps_avg: 2.78 | P: 0.99 R: 1.00 F1: 0.99
2026-05-05 22:02:29 | DEBUG   | dpfl.core.base_simulator | Update norms — honest: ['0.02', '0.03', '0.03', '0.03', '0.03'], attacker: ['3249.90', '2574.60', '2104.23', '2946.33', '3142.72']
2026-05-05 22:02:29 | DEBUG   | dpfl.algorithms.trust_aware.simulator | Round 63 Phase 1+2: 0.52s
2026-05-05 22:02:49 | INFO    | dpfl.core.base_simulator | Round  64/150 | Acc: 0.7911 | Loss: 0.5904 | eps_max: 2.84 eps_avg: 2.84 | P: 0.99 R: 1.00 F1: 0.99
2026-05-05 22:02:49 | DEBUG   | dpfl.core.base_simulator | Update norms — honest: ['0.03', '0.03', '0.03', '0.03', '0.03'], attacker: ['8095.36', '6322.87', '5351.72', '7322.97', '7946.91']
2026-05-05 22:02:50 | DEBUG   | dpfl.algorithms.trust_aware.simulator | Round 64 Phase 1+2: 0.53s
2026-05-05 22:03:13 | INFO    | dpfl.core.base_simulator | Round  65/150 | Acc: 0.7916 | Loss: 0.5895 | eps_max: 2.88 eps_avg: 2.88 | P: 0.98 R: 1.00 F1: 0.99
2026-05-05 22:03:13 | DEBUG   | dpfl.core.base_simulator | Update norms — honest: ['0.03', '0.03', '0.03', '0.03', '0.03'], attacker: ['20151.74', '15625.88', '13404.54', '18136.54', '19496.58']
2026-05-05 22:03:14 | DEBUG   | dpfl.algorithms.trust_aware.simulator | Round 65 Phase 1+2: 0.52s
2026-05-05 22:03:40 | INFO    | dpfl.core.base_simulator | Round  66/150 | Acc: 0.7922 | Loss: 0.5881 | eps_max: 2.91 eps_avg: 2.91 | P: 1.00 R: 1.00 F1: 1.00
2026-05-05 22:03:40 | DEBUG   | dpfl.core.base_simulator | Update norms — honest: ['0.03', '0.03', '0.03', '0.03', '0.03'], attacker: ['50473.13', '38508.19', '33388.93', '44991.84', '49785.27']
2026-05-05 22:03:41 | DEBUG   | dpfl.algorithms.trust_aware.simulator | Round 66 Phase 1+2: 0.51s
2026-05-05 22:04:10 | INFO    | dpfl.core.base_simulator | Round  67/150 | Acc: 0.7925 | Loss: 0.5879 | eps_max: 2.95 eps_avg: 2.95 | P: 1.00 R: 1.00 F1: 1.00
2026-05-05 22:04:10 | DEBUG   | dpfl.core.base_simulator | Update norms — honest: ['0.03', '0.04', '0.03', '0.04', '0.03'], attacker: ['126077.76', '94693.45', '83517.46', '114094.75', '125067.56']
2026-05-05 22:04:10 | DEBUG   | dpfl.algorithms.trust_aware.simulator | Round 67 Phase 1+2: 0.53s
2026-05-05 22:04:43 | INFO    | dpfl.core.base_simulator | Round  68/150 | Acc: 0.7925 | Loss: 0.5870 | eps_max: 2.99 eps_avg: 2.99 | P: 0.98 R: 1.00 F1: 0.99
2026-05-05 22:04:43 | DEBUG   | dpfl.core.base_simulator | Update norms — honest: ['0.03', '0.03', '0.04', '0.04', '0.02'], attacker: ['316828.91', '236018.52', '210134.55', '282897.47', '307276.06']
2026-05-05 22:04:44 | DEBUG   | dpfl.algorithms.trust_aware.simulator | Round 68 Phase 1+2: 0.54s
2026-05-05 22:05:18 | INFO    | dpfl.core.base_simulator | Round  69/150 | Acc: 0.7912 | Loss: 0.5989 | eps_max: 3.02 eps_avg: 3.02 | P: 0.99 R: 1.00 F1: 1.00
2026-05-05 22:05:18 | DEBUG   | dpfl.core.base_simulator | Update norms — honest: ['0.03', '0.03', '0.03', '0.04', '0.03'], attacker: ['791844.69', '580766.88', '525553.25', '713268.62', '774254.94']
2026-05-05 22:05:18 | DEBUG   | dpfl.algorithms.trust_aware.simulator | Round 69 Phase 1+2: 0.13s
2026-05-05 22:05:50 | INFO    | dpfl.core.base_simulator | Round  70/150 | Acc: 0.7930 | Loss: 0.5862 | eps_max: 3.06 eps_avg: 3.06 | P: 1.00 R: 1.00 F1: 1.00
2026-05-05 22:05:50 | DEBUG   | dpfl.core.base_simulator | Update norms — honest: ['0.04', '0.04', '0.03', '0.03', '0.03'], attacker: ['1971960.25', '1438101.88', '1284125.62', '1752553.25', '1931499.38']
2026-05-05 22:05:50 | DEBUG   | dpfl.algorithms.trust_aware.simulator | Round 70 Phase 1+2: 0.14s
2026-05-05 22:06:21 | INFO    | dpfl.core.base_simulator | Round  71/150 | Acc: 0.7929 | Loss: 0.5858 | eps_max: 3.10 eps_avg: 3.10 | P: 0.99 R: 1.00 F1: 1.00
2026-05-05 22:06:21 | DEBUG   | dpfl.core.base_simulator | Update norms — honest: ['0.03', '0.03', '0.03', '0.03', '0.04'], attacker: ['5018982.50', '3588327.75', '3264447.00', '4486735.00', '4835934.00']
2026-05-05 22:06:21 | DEBUG   | dpfl.algorithms.trust_aware.simulator | Round 71 Phase 1+2: 0.13s
2026-05-05 22:06:49 | INFO    | dpfl.core.base_simulator | Round  72/150 | Acc: 0.7925 | Loss: 0.5921 | eps_max: 3.14 eps_avg: 3.14 | P: 1.00 R: 1.00 F1: 1.00
2026-05-05 22:06:49 | DEBUG   | dpfl.core.base_simulator | Update norms — honest: ['0.04', '0.03', '0.05'], attacker: ['12469173.00', '8938860.00', '7993235.50', '10992829.00', '12022088.00']
2026-05-05 22:06:49 | DEBUG   | dpfl.algorithms.trust_aware.simulator | Round 72 Phase 1+2: 0.13s
2026-05-05 22:07:16 | INFO    | dpfl.core.base_simulator | Round  73/150 | Acc: 0.7936 | Loss: 0.5848 | eps_max: 3.18 eps_avg: 3.18 | P: 1.00 R: 1.00 F1: 1.00
2026-05-05 22:07:16 | DEBUG   | dpfl.core.base_simulator | Update norms — honest: ['0.03', '0.03', '0.04', '0.03', '0.03'], attacker: ['31098094.00', '22185652.00', '20241258.00', '27802620.00', '30425916.00']
2026-05-05 22:07:16 | DEBUG   | dpfl.algorithms.trust_aware.simulator | Round 73 Phase 1+2: 0.14s
2026-05-05 22:07:44 | INFO    | dpfl.core.base_simulator | Round  74/150 | Acc: 0.7937 | Loss: 0.5848 | eps_max: 3.23 eps_avg: 3.23 | P: 1.00 R: 1.00 F1: 1.00
2026-05-05 22:07:44 | DEBUG   | dpfl.core.base_simulator | Update norms — honest: ['0.03', '0.03', '0.03', '0.04', '0.03'], attacker: ['76716848.00', '56111424.00', '51198304.00', '68855992.00', '75670840.00']
2026-05-05 22:07:44 | DEBUG   | dpfl.algorithms.trust_aware.simulator | Round 74 Phase 1+2: 0.16s
2026-05-05 22:08:10 | INFO    | dpfl.core.base_simulator | Round  75/150 | Acc: 0.7939 | Loss: 0.5845 | eps_max: 3.27 eps_avg: 3.27 | P: 1.00 R: 1.00 F1: 1.00
2026-05-05 22:08:10 | DEBUG   | dpfl.core.base_simulator | Update norms — honest: ['0.03', '0.04', '0.04', '0.03', '0.03'], attacker: ['196383488.00', '140923888.00', '126908248.00', '173177040.00', '189475520.00']
2026-05-05 22:08:10 | DEBUG   | dpfl.algorithms.trust_aware.simulator | Round 75 Phase 1+2: 0.14s
2026-05-05 22:08:34 | INFO    | dpfl.core.base_simulator | Round  76/150 | Acc: 0.7936 | Loss: 0.5848 | eps_max: 3.31 eps_avg: 3.31 | P: 0.99 R: 1.00 F1: 1.00
2026-05-05 22:08:34 | DEBUG   | dpfl.core.base_simulator | Update norms — honest: ['0.04', '0.03', '0.03', '0.03', '0.03'], attacker: ['475563552.00', '354555648.00', '315466464.00', '430520768.00', '475019936.00']
2026-05-05 22:08:35 | DEBUG   | dpfl.algorithms.trust_aware.simulator | Round 76 Phase 1+2: 0.14s
2026-05-05 22:08:57 | INFO    | dpfl.core.base_simulator | Round  77/150 | Acc: 0.7945 | Loss: 0.5835 | eps_max: 3.36 eps_avg: 3.36 | P: 1.00 R: 1.00 F1: 1.00
2026-05-05 22:08:57 | DEBUG   | dpfl.core.base_simulator | Update norms — honest: ['0.02', '0.03', '0.03', '0.03', '0.02'], attacker: ['1211357952.00', '915056832.00', '796929728.00', '1079545216.00', '1182216192.00']
2026-05-05 22:08:57 | DEBUG   | dpfl.algorithms.trust_aware.simulator | Round 77 Phase 1+2: 0.14s
2026-05-05 22:09:19 | INFO    | dpfl.core.base_simulator | Round  78/150 | Acc: 0.7943 | Loss: 0.5837 | eps_max: 3.40 eps_avg: 3.40 | P: 0.98 R: 1.00 F1: 0.99
2026-05-05 22:09:19 | DEBUG   | dpfl.core.base_simulator | Update norms — honest: ['0.04', '0.03', '0.02', '0.03', '0.03'], attacker: ['3026818816.00', '2335874560.00', '1946229120.00', '2697671424.00', '2956761856.00']
2026-05-05 22:09:19 | DEBUG   | dpfl.algorithms.trust_aware.simulator | Round 78 Phase 1+2: 0.14s
2026-05-05 22:09:38 | INFO    | dpfl.core.base_simulator | Round  79/150 | Acc: 0.7946 | Loss: 0.5834 | eps_max: 3.45 eps_avg: 3.45 | P: 1.00 R: 1.00 F1: 1.00
2026-05-05 22:09:38 | DEBUG   | dpfl.core.base_simulator | Update norms — honest: ['0.02', '0.03', '0.03', '0.02', '0.03'], attacker: ['7579670528.00', '6091125760.00', '4992870912.00', '6837471232.00', '7420133888.00']
2026-05-05 22:09:38 | DEBUG   | dpfl.algorithms.trust_aware.simulator | Round 79 Phase 1+2: 0.14s
2026-05-05 22:09:55 | INFO    | dpfl.core.base_simulator | Round  80/150 | Acc: 0.7948 | Loss: 0.5830 | eps_max: 3.50 eps_avg: 3.50 | P: 1.00 R: 1.00 F1: 1.00
2026-05-05 22:09:55 | DEBUG   | dpfl.core.base_simulator | Update norms — honest: ['0.03', '0.03', '0.03', '0.03', '0.03'], attacker: ['19099174912.00', '15960954880.00', '12220844032.00', '16872087552.00', '18486986752.00']
2026-05-05 22:09:56 | DEBUG   | dpfl.algorithms.trust_aware.simulator | Round 80 Phase 1+2: 0.53s
2026-05-05 22:10:12 | INFO    | dpfl.core.base_simulator | Round  81/150 | Acc: 0.7948 | Loss: 0.5833 | eps_max: 3.55 eps_avg: 3.55 | P: 1.00 R: 1.00 F1: 1.00
2026-05-05 22:10:12 | DEBUG   | dpfl.core.base_simulator | Update norms — honest: ['0.03', '0.03', '0.03', '0.03', '0.03'], attacker: ['47457538048.00', '42577338368.00', '30910826496.00', '42396823552.00', '46616625152.00']
2026-05-05 22:10:12 | DEBUG   | dpfl.algorithms.trust_aware.simulator | Round 81 Phase 1+2: 0.52s
2026-05-05 22:10:27 | INFO    | dpfl.core.base_simulator | Round  82/150 | Acc: 0.7946 | Loss: 0.5846 | eps_max: 3.60 eps_avg: 3.60 | P: 1.00 R: 1.00 F1: 1.00
2026-05-05 22:10:27 | DEBUG   | dpfl.core.base_simulator | Update norms — honest: ['0.03', '0.03', '0.04', '0.03', '0.03'], attacker: ['118850011136.00', '111024627712.00', '75818139648.00', '104717049856.00', '116831977472.00']
2026-05-05 22:10:27 | DEBUG   | dpfl.algorithms.trust_aware.simulator | Round 82 Phase 1+2: 0.50s
2026-05-05 22:10:42 | INFO    | dpfl.core.base_simulator | Round  83/150 | Acc: 0.7952 | Loss: 0.5821 | eps_max: 3.65 eps_avg: 3.65 | P: 1.00 R: 1.00 F1: 1.00
2026-05-05 22:10:42 | DEBUG   | dpfl.core.base_simulator | Update norms — honest: ['0.03', '0.03', '0.03'], attacker: ['296773419008.00', '284030468096.00', '193537949696.00', '265012887552.00', '289101381632.00']
2026-05-05 22:10:42 | DEBUG   | dpfl.algorithms.trust_aware.simulator | Round 83 Phase 1+2: 0.52s
2026-05-05 22:10:58 | INFO    | dpfl.core.base_simulator | Round  84/150 | Acc: 0.7953 | Loss: 0.5827 | eps_max: 3.71 eps_avg: 3.71 | P: 1.00 R: 1.00 F1: 1.00
2026-05-05 22:10:58 | DEBUG   | dpfl.core.base_simulator | Update norms — honest: ['0.03', '0.02', '0.04', '0.03', '0.03'], attacker: ['748934922240.00', '697918488576.00', '475101233152.00', '658132041728.00', '727150624768.00']
2026-05-05 22:10:58 | DEBUG   | dpfl.algorithms.trust_aware.simulator | Round 84 Phase 1+2: 0.51s
2026-05-05 22:11:16 | INFO    | dpfl.core.base_simulator | Round  85/150 | Acc: 0.7941 | Loss: 0.5901 | eps_max: 3.76 eps_avg: 3.76 | P: 1.00 R: 1.00 F1: 1.00
2026-05-05 22:11:16 | DEBUG   | dpfl.core.base_simulator | Update norms — honest: ['0.02', '0.02', '0.04', '0.02', '0.03'], attacker: ['1862005293056.00', '1755487141888.00', '1209436995584.00', '1651020922880.00', '1824822525952.00']
2026-05-05 22:11:16 | DEBUG   | dpfl.algorithms.trust_aware.simulator | Round 85 Phase 1+2: 0.51s
2026-05-05 22:11:36 | INFO    | dpfl.core.base_simulator | Round  86/150 | Acc: 0.7956 | Loss: 0.5821 | eps_max: 3.82 eps_avg: 3.82 | P: 1.00 R: 1.00 F1: 1.00
2026-05-05 22:11:36 | DEBUG   | dpfl.core.base_simulator | Update norms — honest: ['0.03', '0.04', '0.03', '0.02', '0.03'], attacker: ['4666557464576.00', '4396389236736.00', '2973605036032.00', '4120274010112.00', '4593687199744.00']
2026-05-05 22:11:37 | DEBUG   | dpfl.algorithms.trust_aware.simulator | Round 86 Phase 1+2: 0.51s
2026-05-05 22:12:00 | INFO    | dpfl.core.base_simulator | Round  87/150 | Acc: 0.7954 | Loss: 0.5829 | eps_max: 3.87 eps_avg: 3.87 | P: 1.00 R: 1.00 F1: 1.00
2026-05-05 22:12:00 | DEBUG   | dpfl.core.base_simulator | Update norms — honest: ['0.03', '0.03', '0.03', '0.02', '0.02'], attacker: ['11644449062912.00', '10997149466624.00', '7562766319616.00', '10320148955136.00', '11323193688064.00']
2026-05-05 22:12:00 | DEBUG   | dpfl.algorithms.trust_aware.simulator | Round 87 Phase 1+2: 0.51s
2026-05-05 22:12:26 | INFO    | dpfl.core.base_simulator | Round  88/150 | Acc: 0.7957 | Loss: 0.5829 | eps_max: 3.92 eps_avg: 3.92 | P: 0.97 R: 1.00 F1: 0.98
2026-05-05 22:12:26 | DEBUG   | dpfl.core.base_simulator | Update norms — honest: ['0.02', '0.03', '0.02', '0.02', '0.02'], attacker: ['29204615790592.00', '27496401600512.00', '18593269940224.00', '25425153622016.00', '28400636919808.00']
2026-05-05 22:12:26 | DEBUG   | dpfl.algorithms.trust_aware.simulator | Round 88 Phase 1+2: 0.51s
2026-05-05 22:12:54 | INFO    | dpfl.core.base_simulator | Round  89/150 | Acc: 0.7958 | Loss: 0.5825 | eps_max: 3.96 eps_avg: 3.96 | P: 1.00 R: 1.00 F1: 1.00
2026-05-05 22:12:54 | DEBUG   | dpfl.core.base_simulator | Update norms — honest: ['0.04', '0.03', '0.02', '0.03', '0.03'], attacker: ['73996028608512.00', '68704633094144.00', '47273287352320.00', '64699148271616.00', '71386684981248.00']
2026-05-05 22:12:55 | DEBUG   | dpfl.algorithms.trust_aware.simulator | Round 89 Phase 1+2: 0.52s
2026-05-05 22:13:26 | INFO    | dpfl.core.base_simulator | Round  90/150 | Acc: 0.7957 | Loss: 0.5825 | eps_max: 4.00 eps_avg: 4.00 | P: 0.99 R: 1.00 F1: 0.99
2026-05-05 22:13:26 | DEBUG   | dpfl.core.base_simulator | Update norms — honest: ['0.02', '0.03', '0.02', '0.02', '0.02'], attacker: ['179973876875264.00', '167090115837952.00', '119723882708992.00', '159366758006784.00', '178521305513984.00']
2026-05-05 22:13:27 | DEBUG   | dpfl.algorithms.trust_aware.simulator | Round 90 Phase 1+2: 0.53s
2026-05-05 22:14:00 | INFO    | dpfl.core.base_simulator | Round  91/150 | Acc: 0.7958 | Loss: 0.5848 | eps_max: 4.05 eps_avg: 4.05 | P: 1.00 R: 1.00 F1: 1.00
2026-05-05 22:14:00 | DEBUG   | dpfl.core.base_simulator | Update norms — honest: ['0.02', '0.02', '0.03', '0.02', '0.03'], attacker: ['458861018349568.00', '435880930050048.00', '295084016795648.00', '405187718021120.00', '446656969441280.00']
2026-05-05 22:14:01 | DEBUG   | dpfl.algorithms.trust_aware.simulator | Round 91 Phase 1+2: 0.46s
2026-05-05 22:14:36 | INFO    | dpfl.core.base_simulator | Round  92/150 | Acc: 0.7963 | Loss: 0.5823 | eps_max: 4.09 eps_avg: 4.09 | P: 1.00 R: 1.00 F1: 1.00
2026-05-05 22:14:36 | DEBUG   | dpfl.core.base_simulator | Update norms — honest: ['0.02', '0.03', '0.03', '0.02', '0.03'], attacker: ['1141581771964416.00', '1025724827828224.00', '727413176664064.00', '997290198171648.00', '1108283024736256.00']
2026-05-05 22:14:36 | DEBUG   | dpfl.algorithms.trust_aware.simulator | Round 92 Phase 1+2: 0.17s
2026-05-05 22:15:11 | INFO    | dpfl.core.base_simulator | Round  93/150 | Acc: 0.7960 | Loss: 0.5827 | eps_max: 4.14 eps_avg: 4.14 | P: 0.99 R: 1.00 F1: 1.00
2026-05-05 22:15:11 | DEBUG   | dpfl.core.base_simulator | Update norms — honest: ['0.03', '0.03', '0.03', '0.03', '0.02'], attacker: ['2874370892496896.00', '2742870536617984.00', '1863618790424576.00', '2527490811625472.00', '2806739116228608.00']
2026-05-05 22:15:11 | DEBUG   | dpfl.algorithms.trust_aware.simulator | Round 93 Phase 1+2: 0.16s
2026-05-05 22:15:45 | INFO    | dpfl.core.base_simulator | Round  94/150 | Acc: 0.7965 | Loss: 0.5825 | eps_max: 4.18 eps_avg: 4.18 | P: 0.99 R: 1.00 F1: 0.99
2026-05-05 22:15:45 | DEBUG   | dpfl.core.base_simulator | Update norms — honest: ['0.03', '0.02', '0.03', '0.03', '0.02'], attacker: ['7216318688264192.00', '6769268427325440.00', '4512142317322240.00', '6248901464031232.00', '6987057092100096.00']
2026-05-05 22:15:45 | DEBUG   | dpfl.algorithms.trust_aware.simulator | Round 94 Phase 1+2: 0.14s
2026-05-05 22:16:19 | INFO    | dpfl.core.base_simulator | Round  95/150 | Acc: 0.7965 | Loss: 0.5828 | eps_max: 4.23 eps_avg: 4.23 | P: 1.00 R: 1.00 F1: 1.00
2026-05-05 22:16:19 | DEBUG   | dpfl.core.base_simulator | Update norms — honest: ['0.03', '0.03', '0.02', '0.02', '0.02'], attacker: ['17947406683340800.00', '17101799563460608.00', '11475337644867584.00', '15898673997152256.00', '17596756963360768.00']
2026-05-05 22:16:19 | DEBUG   | dpfl.algorithms.trust_aware.simulator | Round 95 Phase 1+2: 0.14s
2026-05-05 22:16:51 | INFO    | dpfl.core.base_simulator | Round  96/150 | Acc: 0.7962 | Loss: 0.5836 | eps_max: 4.28 eps_avg: 4.28 | P: 1.00 R: 1.00 F1: 1.00
2026-05-05 22:16:51 | DEBUG   | dpfl.core.base_simulator | Update norms — honest: ['0.06', '0.02', '0.02', '0.03', '0.03'], attacker: ['43695283577552896.00', '40822126550188032.00', '28912085601615872.00', '38718589007560704.00', '43832254379589632.00']
2026-05-05 22:16:51 | DEBUG   | dpfl.algorithms.trust_aware.simulator | Round 96 Phase 1+2: 0.14s
2026-05-05 22:17:21 | INFO    | dpfl.core.base_simulator | Round  97/150 | Acc: 0.7964 | Loss: 0.5833 | eps_max: 4.33 eps_avg: 4.33 | P: 1.00 R: 1.00 F1: 1.00
2026-05-05 22:17:21 | DEBUG   | dpfl.core.base_simulator | Update norms — honest: ['0.02', '0.03', '0.03', '0.02', '0.03'], attacker: ['112716486061064192.00', '108350445646249984.00', '72729550261321728.00', '100406972351774720.00', '110053391589179392.00']
2026-05-05 22:17:21 | DEBUG   | dpfl.algorithms.trust_aware.simulator | Round 97 Phase 1+2: 0.14s
2026-05-05 22:17:50 | INFO    | dpfl.core.base_simulator | Round  98/150 | Acc: 0.7966 | Loss: 0.5828 | eps_max: 4.38 eps_avg: 4.38 | P: 1.00 R: 1.00 F1: 1.00
2026-05-05 22:17:50 | DEBUG   | dpfl.core.base_simulator | Update norms — honest: ['0.03', '0.03', '0.03', '0.03', '0.02'], attacker: ['278342485262991360.00', '266103872873824256.00', '177686353268441088.00', '243705034309632000.00', '276220651159683072.00']
2026-05-05 22:17:50 | DEBUG   | dpfl.algorithms.trust_aware.simulator | Round 98 Phase 1+2: 0.14s
2026-05-05 22:18:18 | INFO    | dpfl.core.base_simulator | Round  99/150 | Acc: 0.7968 | Loss: 0.5830 | eps_max: 4.43 eps_avg: 4.43 | P: 1.00 R: 1.00 F1: 1.00
2026-05-05 22:18:18 | DEBUG   | dpfl.core.base_simulator | Update norms — honest: ['0.03', '0.02', '0.02', '0.03', '0.02'], attacker: ['705382201511903232.00', '674947444777156608.00', '449785605350490112.00', '617933918586273792.00', '687555475893387264.00']
2026-05-05 22:18:18 | DEBUG   | dpfl.algorithms.trust_aware.simulator | Round 99 Phase 1+2: 0.14s
2026-05-05 22:18:44 | INFO    | dpfl.core.base_simulator | Round 100/150 | Acc: 0.7967 | Loss: 0.5842 | eps_max: 4.49 eps_avg: 4.49 | P: 1.00 R: 1.00 F1: 1.00
2026-05-05 22:18:44 | DEBUG   | dpfl.core.base_simulator | Update norms — honest: ['0.02', '0.03', '0.03', '0.03', '0.02'], attacker: ['1752172246736044032.00', '1609411382107701248.00', '1117397658302939136.00', '1517943971865690112.00', '1723308279800528896.00']
2026-05-05 22:18:44 | DEBUG   | dpfl.algorithms.trust_aware.simulator | Round 100 Phase 1+2: 0.14s
2026-05-05 22:19:09 | INFO    | dpfl.core.base_simulator | Round 101/150 | Acc: 0.7969 | Loss: 0.5831 | eps_max: 4.54 eps_avg: 4.54 | P: 1.00 R: 1.00 F1: 1.00
2026-05-05 22:19:09 | DEBUG   | dpfl.core.base_simulator | Update norms — honest: ['0.03', '0.03', '0.03', '0.03', '0.02'], attacker: ['4389591266686402560.00', '4272835501322403840.00', '2837762820353818624.00', '3832219960386519040.00', '4323971862984916992.00']
2026-05-05 22:19:09 | DEBUG   | dpfl.algorithms.trust_aware.simulator | Round 101 Phase 1+2: 0.13s
2026-05-05 22:19:33 | INFO    | dpfl.core.base_simulator | Round 102/150 | Acc: 0.7972 | Loss: 0.5836 | eps_max: 4.60 eps_avg: 4.60 | P: 1.00 R: 1.00 F1: 1.00
2026-05-05 22:19:33 | DEBUG   | dpfl.core.base_simulator | Update norms — honest: ['0.02', '0.02', '0.03', '0.03', '0.03'], attacker: ['11132970846627299328.00', '10539621595721236480.00', '6863002046996414464.00', '9579820512440221696.00', '10832632648430518272.00']
2026-05-05 22:19:33 | DEBUG   | dpfl.algorithms.trust_aware.simulator | Round 102 Phase 1+2: 0.14s
2026-05-05 22:19:57 | INFO    | dpfl.core.base_simulator | Round 103/150 | Acc: 0.7962 | Loss: 0.5882 | eps_max: 4.65 eps_avg: 4.65 | P: 0.99 R: 1.00 F1: 0.99
2026-05-05 22:19:57 | DEBUG   | dpfl.core.base_simulator | Update norms — honest: ['0.03', '0.03', '0.03', '0.03', '0.02'], attacker: ['nan', 'nan', '17616181786180583424.00', 'nan', 'nan']
2026-05-05 22:19:57 | DEBUG   | dpfl.algorithms.trust_aware.simulator | Round 103 Phase 1+2: 0.14s
2026-05-05 22:20:20 | INFO    | dpfl.core.base_simulator | Round 104/150 | Acc: 0.7970 | Loss: 0.5844 | eps_max: 4.71 eps_avg: 4.71 | P: 1.00 R: 1.00 F1: 1.00
2026-05-05 22:20:20 | DEBUG   | dpfl.core.base_simulator | Update norms — honest: ['0.02', '0.04', '0.03', '0.03', '0.03'], attacker: ['nan', 'nan', 'nan', 'nan', 'nan']
2026-05-05 22:20:20 | DEBUG   | dpfl.algorithms.trust_aware.simulator | Round 104 Phase 1+2: 0.14s
2026-05-05 22:20:42 | INFO    | dpfl.core.base_simulator | Round 105/150 | Acc: 0.7969 | Loss: 0.5855 | eps_max: 4.77 eps_avg: 4.77 | P: 1.00 R: 1.00 F1: 1.00
2026-05-05 22:20:42 | DEBUG   | dpfl.core.base_simulator | Update norms — honest: ['0.02', '0.02', '0.02', '0.02', '0.02'], attacker: ['nan', 'nan', 'nan', 'nan', 'nan']
2026-05-05 22:20:42 | DEBUG   | dpfl.algorithms.trust_aware.simulator | Round 105 Phase 1+2: 0.14s
2026-05-05 22:21:01 | INFO    | dpfl.core.base_simulator | Round 106/150 | Acc: 0.7971 | Loss: 0.5847 | eps_max: 4.83 eps_avg: 4.83 | P: 1.00 R: 1.00 F1: 1.00
2026-05-05 22:21:01 | DEBUG   | dpfl.core.base_simulator | Update norms — honest: ['0.03', '0.03', '0.02', '0.03'], attacker: ['nan', 'nan', 'nan', 'nan', 'nan']
2026-05-05 22:21:02 | DEBUG   | dpfl.algorithms.trust_aware.simulator | Round 106 Phase 1+2: 0.14s
2026-05-05 22:21:20 | INFO    | dpfl.core.base_simulator | Round 107/150 | Acc: 0.7972 | Loss: 0.5848 | eps_max: 4.90 eps_avg: 4.90 | P: 1.00 R: 1.00 F1: 1.00
2026-05-05 22:21:20 | DEBUG   | dpfl.core.base_simulator | Update norms — honest: ['0.03', '0.03', '0.02', '0.02', '0.03'], attacker: ['nan', 'nan', 'nan', 'nan', 'nan']
2026-05-05 22:21:21 | DEBUG   | dpfl.algorithms.trust_aware.simulator | Round 107 Phase 1+2: 0.14s
2026-05-05 22:21:38 | INFO    | dpfl.core.base_simulator | Round 108/150 | Acc: 0.7971 | Loss: 0.5853 | eps_max: 4.96 eps_avg: 4.96 | P: 0.98 R: 1.00 F1: 0.99
2026-05-05 22:21:38 | DEBUG   | dpfl.core.base_simulator | Update norms — honest: ['0.03', '0.02', '0.02', '0.02', '0.02'], attacker: ['nan', 'nan', 'nan', 'nan', 'nan']
2026-05-05 22:21:38 | DEBUG   | dpfl.algorithms.trust_aware.simulator | Round 108 Phase 1+2: 0.14s
2026-05-05 22:21:55 | INFO    | dpfl.core.base_simulator | Round 109/150 | Acc: 0.7972 | Loss: 0.5856 | eps_max: 5.02 eps_avg: 5.02 | P: 1.00 R: 1.00 F1: 1.00
2026-05-05 22:21:55 | DEBUG   | dpfl.core.base_simulator | Update norms — honest: ['0.03', '0.02', '0.02', '0.03', '0.02'], attacker: ['nan', 'nan', 'nan', 'nan', 'nan']
2026-05-05 22:21:55 | DEBUG   | dpfl.algorithms.trust_aware.simulator | Round 109 Phase 1+2: 0.14s
2026-05-05 22:22:10 | INFO    | dpfl.core.base_simulator | Round 110/150 | Acc: 0.7970 | Loss: 0.5884 | eps_max: 5.09 eps_avg: 5.09 | P: 0.99 R: 1.00 F1: 1.00
2026-05-05 22:22:10 | DEBUG   | dpfl.core.base_simulator | Update norms — honest: ['0.03', '0.04', '0.02', '0.03', '0.02'], attacker: ['nan', 'nan', 'nan', 'nan', 'nan']
2026-05-05 22:22:10 | DEBUG   | dpfl.algorithms.trust_aware.simulator | Round 110 Phase 1+2: 0.14s
2026-05-05 22:22:25 | INFO    | dpfl.core.base_simulator | Round 111/150 | Acc: 0.7976 | Loss: 0.5859 | eps_max: 5.16 eps_avg: 5.16 | P: 1.00 R: 1.00 F1: 1.00
2026-05-05 22:22:25 | DEBUG   | dpfl.core.base_simulator | Update norms — honest: ['0.02', '0.03', '0.02', '0.03', '0.03'], attacker: ['nan', 'nan', 'nan', 'nan', 'nan']
2026-05-05 22:22:25 | DEBUG   | dpfl.algorithms.trust_aware.simulator | Round 111 Phase 1+2: 0.14s
2026-05-05 22:22:38 | INFO    | dpfl.core.base_simulator | Round 112/150 | Acc: 0.7971 | Loss: 0.5876 | eps_max: 5.21 eps_avg: 5.21 | P: 0.99 R: 1.00 F1: 0.99
2026-05-05 22:22:38 | DEBUG   | dpfl.core.base_simulator | Update norms — honest: ['0.02', '0.03', '0.03', '0.03', '0.03'], attacker: ['nan', 'nan', 'nan', 'nan', 'nan']
2026-05-05 22:22:38 | DEBUG   | dpfl.algorithms.trust_aware.simulator | Round 112 Phase 1+2: 0.13s
2026-05-05 22:22:50 | INFO    | dpfl.core.base_simulator | Round 113/150 | Acc: 0.7977 | Loss: 0.5862 | eps_max: 5.25 eps_avg: 5.25 | P: 1.00 R: 1.00 F1: 1.00
2026-05-05 22:22:50 | DEBUG   | dpfl.core.base_simulator | Update norms — honest: ['0.04', '0.02', '0.02', '0.03'], attacker: ['nan', 'nan', 'nan', 'nan', 'nan']
2026-05-05 22:22:51 | DEBUG   | dpfl.algorithms.trust_aware.simulator | Round 113 Phase 1+2: 0.52s
2026-05-05 22:23:01 | INFO    | dpfl.core.base_simulator | Round 114/150 | Acc: 0.7976 | Loss: 0.5869 | eps_max: 5.30 eps_avg: 5.30 | P: 0.99 R: 1.00 F1: 1.00
2026-05-05 22:23:01 | DEBUG   | dpfl.core.base_simulator | Update norms — honest: ['0.02', '0.02', '0.03', '0.02', '0.02'], attacker: ['nan', 'nan', 'nan', 'nan', 'nan']
2026-05-05 22:23:02 | DEBUG   | dpfl.algorithms.trust_aware.simulator | Round 114 Phase 1+2: 0.52s
2026-05-05 22:23:13 | INFO    | dpfl.core.base_simulator | Round 115/150 | Acc: 0.7974 | Loss: 0.5882 | eps_max: 5.34 eps_avg: 5.34 | P: 1.00 R: 1.00 F1: 1.00
2026-05-05 22:23:13 | DEBUG   | dpfl.core.base_simulator | Update norms — honest: ['0.02', '0.03', '0.03', '0.02', '0.03'], attacker: ['nan', 'nan', 'nan', 'nan', 'nan']
2026-05-05 22:23:14 | DEBUG   | dpfl.algorithms.trust_aware.simulator | Round 115 Phase 1+2: 0.52s
2026-05-05 22:23:27 | INFO    | dpfl.core.base_simulator | Round 116/150 | Acc: 0.7979 | Loss: 0.5874 | eps_max: 5.39 eps_avg: 5.39 | P: 1.00 R: 1.00 F1: 1.00
2026-05-05 22:23:27 | DEBUG   | dpfl.core.base_simulator | Update norms — honest: ['0.03', '0.03', '0.02', '0.02', '0.03'], attacker: ['nan', 'nan', 'nan', 'nan', 'nan']
2026-05-05 22:23:27 | DEBUG   | dpfl.algorithms.trust_aware.simulator | Round 116 Phase 1+2: 0.53s
2026-05-05 22:23:43 | INFO    | dpfl.core.base_simulator | Round 117/150 | Acc: 0.7974 | Loss: 0.5890 | eps_max: 5.44 eps_avg: 5.44 | P: 0.98 R: 1.00 F1: 0.99
2026-05-05 22:23:43 | DEBUG   | dpfl.core.base_simulator | Update norms — honest: ['0.03', '0.02', '0.03', '0.02', '0.04'], attacker: ['nan', 'nan', 'nan', 'nan', 'nan']
2026-05-05 22:23:44 | DEBUG   | dpfl.algorithms.trust_aware.simulator | Round 117 Phase 1+2: 0.51s
2026-05-05 22:23:56 | INFO    | dpfl.core.base_simulator | Round 118/150 | Acc: 0.7978 | Loss: 0.5885 | eps_max: 5.49 eps_avg: 5.49 | P: 1.00 R: 1.00 F1: 1.00
2026-05-05 22:23:56 | DEBUG   | dpfl.core.base_simulator | Update norms — honest: ['0.03', '0.03', '0.03', '0.04', '0.02'], attacker: ['nan', 'nan', 'nan', 'nan', 'nan']
2026-05-05 22:23:57 | DEBUG   | dpfl.algorithms.trust_aware.simulator | Round 118 Phase 1+2: 0.53s
2026-05-05 22:24:11 | INFO    | dpfl.core.base_simulator | Round 119/150 | Acc: 0.7977 | Loss: 0.5893 | eps_max: 5.54 eps_avg: 5.54 | P: 1.00 R: 1.00 F1: 1.00
2026-05-05 22:24:11 | DEBUG   | dpfl.core.base_simulator | Update norms — honest: ['0.03', '0.04', '0.03', '0.02', '0.02'], attacker: ['nan', 'nan', 'nan', 'nan', 'nan']
2026-05-05 22:24:11 | DEBUG   | dpfl.algorithms.trust_aware.simulator | Round 119 Phase 1+2: 0.53s
2026-05-05 22:24:27 | INFO    | dpfl.core.base_simulator | Round 120/150 | Acc: 0.7975 | Loss: 0.5901 | eps_max: 5.59 eps_avg: 5.59 | P: 1.00 R: 1.00 F1: 1.00
2026-05-05 22:24:27 | DEBUG   | dpfl.core.base_simulator | Update norms — honest: ['0.03', '0.03', '0.02', '0.02', '0.04'], attacker: ['nan', 'nan', 'nan', 'nan', 'nan']
2026-05-05 22:24:28 | DEBUG   | dpfl.algorithms.trust_aware.simulator | Round 120 Phase 1+2: 0.53s
2026-05-05 22:24:45 | INFO    | dpfl.core.base_simulator | Round 121/150 | Acc: 0.7980 | Loss: 0.5894 | eps_max: 5.64 eps_avg: 5.64 | P: 1.00 R: 1.00 F1: 1.00
2026-05-05 22:24:45 | DEBUG   | dpfl.core.base_simulator | Update norms — honest: ['0.02', '0.03', '0.02', '0.02', '0.03'], attacker: ['nan', 'nan', 'nan', 'nan', 'nan']
2026-05-05 22:24:45 | DEBUG   | dpfl.algorithms.trust_aware.simulator | Round 121 Phase 1+2: 0.52s
2026-05-05 22:25:05 | INFO    | dpfl.core.base_simulator | Round 122/150 | Acc: 0.7979 | Loss: 0.5899 | eps_max: 5.69 eps_avg: 5.69 | P: 0.99 R: 1.00 F1: 1.00
2026-05-05 22:25:05 | DEBUG   | dpfl.core.base_simulator | Update norms — honest: ['0.03', '0.02', '0.03', '0.03', '0.02'], attacker: ['nan', 'nan', 'nan', 'nan', 'nan']
2026-05-05 22:25:06 | DEBUG   | dpfl.algorithms.trust_aware.simulator | Round 122 Phase 1+2: 0.52s
2026-05-05 22:25:28 | INFO    | dpfl.core.base_simulator | Round 123/150 | Acc: 0.7978 | Loss: 0.5905 | eps_max: 5.74 eps_avg: 5.74 | P: 0.97 R: 1.00 F1: 0.98
2026-05-05 22:25:28 | DEBUG   | dpfl.core.base_simulator | Update norms — honest: ['0.02', '0.02', '0.02', '0.02', '0.02'], attacker: ['nan', 'nan', 'nan', 'nan', 'nan']
2026-05-05 22:25:28 | DEBUG   | dpfl.algorithms.trust_aware.simulator | Round 123 Phase 1+2: 0.51s
2026-05-05 22:25:52 | INFO    | dpfl.core.base_simulator | Round 124/150 | Acc: 0.7976 | Loss: 0.5916 | eps_max: 5.80 eps_avg: 5.80 | P: 1.00 R: 1.00 F1: 1.00
2026-05-05 22:25:52 | DEBUG   | dpfl.core.base_simulator | Update norms — honest: ['0.02', '0.02', '0.02', '0.05', '0.02'], attacker: ['nan', 'nan', 'nan', 'nan', 'nan']
2026-05-05 22:25:53 | DEBUG   | dpfl.algorithms.trust_aware.simulator | Round 124 Phase 1+2: 0.51s
2026-05-05 22:26:19 | INFO    | dpfl.core.base_simulator | Round 125/150 | Acc: 0.7979 | Loss: 0.5916 | eps_max: 5.85 eps_avg: 5.85 | P: 1.00 R: 1.00 F1: 1.00
2026-05-05 22:26:19 | DEBUG   | dpfl.core.base_simulator | Update norms — honest: ['0.03', '0.02', '0.03', '0.03', '0.02'], attacker: ['nan', 'nan', 'nan', 'nan', 'nan']
2026-05-05 22:26:20 | DEBUG   | dpfl.algorithms.trust_aware.simulator | Round 125 Phase 1+2: 0.52s
2026-05-05 22:26:48 | INFO    | dpfl.core.base_simulator | Round 126/150 | Acc: 0.7978 | Loss: 0.5920 | eps_max: 5.91 eps_avg: 5.91 | P: 1.00 R: 1.00 F1: 1.00
2026-05-05 22:26:48 | DEBUG   | dpfl.core.base_simulator | Update norms — honest: ['0.02', '0.03', '0.02', '0.03', '0.03'], attacker: ['nan', 'nan', 'nan', 'nan', 'nan']
2026-05-05 22:26:49 | DEBUG   | dpfl.algorithms.trust_aware.simulator | Round 126 Phase 1+2: 0.51s
2026-05-05 22:27:20 | INFO    | dpfl.core.base_simulator | Round 127/150 | Acc: 0.7976 | Loss: 0.5937 | eps_max: 5.97 eps_avg: 5.97 | P: 1.00 R: 1.00 F1: 1.00
2026-05-05 22:27:20 | DEBUG   | dpfl.core.base_simulator | Update norms — honest: ['0.02', '0.03', '0.02', '0.02', '0.04'], attacker: ['nan', 'nan', 'nan', 'nan', 'nan']
2026-05-05 22:27:21 | DEBUG   | dpfl.algorithms.trust_aware.simulator | Round 127 Phase 1+2: 0.52s
2026-05-05 22:27:55 | INFO    | dpfl.core.base_simulator | Round 128/150 | Acc: 0.7976 | Loss: 0.5931 | eps_max: 6.02 eps_avg: 6.02 | P: 0.99 R: 1.00 F1: 0.99
2026-05-05 22:27:55 | DEBUG   | dpfl.core.base_simulator | Update norms — honest: ['0.03', '0.03', '0.02', '0.02', '0.02'], attacker: ['nan', 'nan', 'nan', 'nan', 'nan']
2026-05-05 22:27:55 | DEBUG   | dpfl.algorithms.trust_aware.simulator | Round 128 Phase 1+2: 0.54s
2026-05-05 22:28:31 | INFO    | dpfl.core.base_simulator | Round 129/150 | Acc: 0.7977 | Loss: 0.5947 | eps_max: 6.08 eps_avg: 6.08 | P: 1.00 R: 1.00 F1: 1.00
2026-05-05 22:28:31 | DEBUG   | dpfl.core.base_simulator | Update norms — honest: ['0.02', '0.03', '0.02', '0.02', '0.02'], attacker: ['nan', 'nan', 'nan', 'nan', 'nan']
2026-05-05 22:28:32 | DEBUG   | dpfl.algorithms.trust_aware.simulator | Round 129 Phase 1+2: 0.21s
2026-05-05 22:29:07 | INFO    | dpfl.core.base_simulator | Round 130/150 | Acc: 0.7976 | Loss: 0.5950 | eps_max: 6.14 eps_avg: 6.14 | P: 1.00 R: 1.00 F1: 1.00
2026-05-05 22:29:07 | DEBUG   | dpfl.core.base_simulator | Update norms — honest: ['0.03', '0.02', '0.02', '0.02', '0.03'], attacker: ['nan', 'nan', 'nan', 'nan', 'nan']
2026-05-05 22:29:08 | DEBUG   | dpfl.algorithms.trust_aware.simulator | Round 130 Phase 1+2: 0.14s
2026-05-05 22:29:43 | INFO    | dpfl.core.base_simulator | Round 131/150 | Acc: 0.7981 | Loss: 0.5941 | eps_max: 6.20 eps_avg: 6.20 | P: 1.00 R: 1.00 F1: 1.00
2026-05-05 22:29:43 | DEBUG   | dpfl.core.base_simulator | Update norms — honest: ['0.06', '0.03', '0.02', '0.02', '0.03'], attacker: ['nan', 'nan', 'nan', 'nan', 'nan']
2026-05-05 22:29:43 | DEBUG   | dpfl.algorithms.trust_aware.simulator | Round 131 Phase 1+2: 0.14s
2026-05-05 22:30:18 | INFO    | dpfl.core.base_simulator | Round 132/150 | Acc: 0.7979 | Loss: 0.5950 | eps_max: 6.27 eps_avg: 6.27 | P: 1.00 R: 1.00 F1: 1.00
2026-05-05 22:30:18 | DEBUG   | dpfl.core.base_simulator | Update norms — honest: ['0.05', '0.02', '0.02', '0.02', '0.02'], attacker: ['nan', 'nan', 'nan', 'nan', 'nan']
2026-05-05 22:30:18 | DEBUG   | dpfl.algorithms.trust_aware.simulator | Round 132 Phase 1+2: 0.14s
2026-05-05 22:30:53 | INFO    | dpfl.core.base_simulator | Round 133/150 | Acc: 0.7979 | Loss: 0.5950 | eps_max: 6.33 eps_avg: 6.33 | P: 1.00 R: 1.00 F1: 1.00
2026-05-05 22:30:53 | DEBUG   | dpfl.core.base_simulator | Update norms — honest: ['0.02', '0.02', '0.02', '0.02', '0.02'], attacker: ['nan', 'nan', 'nan', 'nan', 'nan']
2026-05-05 22:30:53 | DEBUG   | dpfl.algorithms.trust_aware.simulator | Round 133 Phase 1+2: 0.14s
2026-05-05 22:31:27 | INFO    | dpfl.core.base_simulator | Round 134/150 | Acc: 0.7980 | Loss: 0.5954 | eps_max: 6.39 eps_avg: 6.39 | P: 1.00 R: 1.00 F1: 1.00
2026-05-05 22:31:27 | DEBUG   | dpfl.core.base_simulator | Update norms — honest: ['0.02', '0.03', '0.03', '0.04', '0.02'], attacker: ['nan', 'nan', 'nan', 'nan', 'nan']
2026-05-05 22:31:27 | DEBUG   | dpfl.algorithms.trust_aware.simulator | Round 134 Phase 1+2: 0.14s
2026-05-05 22:32:01 | INFO    | dpfl.core.base_simulator | Round 135/150 | Acc: 0.7979 | Loss: 0.5966 | eps_max: 6.46 eps_avg: 6.46 | P: 1.00 R: 1.00 F1: 1.00
2026-05-05 22:32:01 | DEBUG   | dpfl.core.base_simulator | Update norms — honest: ['0.02', '0.02', '0.03', '0.03', '0.02'], attacker: ['nan', 'nan', 'nan', 'nan', 'nan']
2026-05-05 22:32:02 | DEBUG   | dpfl.algorithms.trust_aware.simulator | Round 135 Phase 1+2: 0.14s
2026-05-05 22:32:35 | INFO    | dpfl.core.base_simulator | Round 136/150 | Acc: 0.7984 | Loss: 0.5957 | eps_max: 6.53 eps_avg: 6.53 | P: 1.00 R: 1.00 F1: 1.00
2026-05-05 22:32:35 | DEBUG   | dpfl.core.base_simulator | Update norms — honest: ['0.02', '0.02', '0.02', '0.03', '0.02'], attacker: ['nan', 'nan', 'nan', 'nan', 'nan']
2026-05-05 22:32:35 | DEBUG   | dpfl.algorithms.trust_aware.simulator | Round 136 Phase 1+2: 0.14s
2026-05-05 22:33:08 | INFO    | dpfl.core.base_simulator | Round 137/150 | Acc: 0.7981 | Loss: 0.5964 | eps_max: 6.59 eps_avg: 6.59 | P: 1.00 R: 1.00 F1: 1.00
2026-05-05 22:33:08 | DEBUG   | dpfl.core.base_simulator | Update norms — honest: ['0.02', '0.02', '0.02', '0.03', '0.02'], attacker: ['nan', 'nan', 'nan', 'nan', 'nan']
2026-05-05 22:33:08 | DEBUG   | dpfl.algorithms.trust_aware.simulator | Round 137 Phase 1+2: 0.25s
2026-05-05 22:33:41 | INFO    | dpfl.core.base_simulator | Round 138/150 | Acc: 0.7980 | Loss: 0.5973 | eps_max: 6.66 eps_avg: 6.66 | P: 0.99 R: 1.00 F1: 1.00
2026-05-05 22:33:41 | DEBUG   | dpfl.core.base_simulator | Update norms — honest: ['0.02', '0.03', '0.02', '0.03', '0.02'], attacker: ['nan', 'nan', 'nan', 'nan', 'nan']
2026-05-05 22:33:42 | DEBUG   | dpfl.algorithms.trust_aware.simulator | Round 138 Phase 1+2: 0.14s
2026-05-05 22:34:14 | INFO    | dpfl.core.base_simulator | Round 139/150 | Acc: 0.7981 | Loss: 0.5977 | eps_max: 6.73 eps_avg: 6.73 | P: 1.00 R: 1.00 F1: 1.00
2026-05-05 22:34:14 | DEBUG   | dpfl.core.base_simulator | Update norms — honest: ['0.02', '0.03', '0.02', '0.03', '0.03'], attacker: ['nan', 'nan', 'nan', 'nan', 'nan']
2026-05-05 22:34:14 | DEBUG   | dpfl.algorithms.trust_aware.simulator | Round 139 Phase 1+2: 0.14s
2026-05-05 22:34:56 | INFO    | dpfl.core.base_simulator | Round 140/150 | Acc: 0.7980 | Loss: 0.5983 | eps_max: 6.81 eps_avg: 6.81 | P: 0.99 R: 1.00 F1: 0.99
2026-05-05 22:34:56 | DEBUG   | dpfl.core.base_simulator | Update norms — honest: ['0.02', '0.03', '0.02', '0.02', '0.02'], attacker: ['nan', 'nan', 'nan', 'nan', 'nan']
2026-05-05 22:34:56 | DEBUG   | dpfl.algorithms.trust_aware.simulator | Round 140 Phase 1+2: 0.13s
2026-05-05 22:35:25 | INFO    | dpfl.core.base_simulator | Round 141/150 | Acc: 0.7981 | Loss: 0.5990 | eps_max: 6.88 eps_avg: 6.88 | P: 1.00 R: 1.00 F1: 1.00
2026-05-05 22:35:25 | DEBUG   | dpfl.core.base_simulator | Update norms — honest: ['0.03', '0.03', '0.02', '0.03', '0.04'], attacker: ['nan', 'nan', 'nan', 'nan', 'nan']
2026-05-05 22:35:26 | DEBUG   | dpfl.algorithms.trust_aware.simulator | Round 141 Phase 1+2: 0.53s
2026-05-05 22:36:00 | INFO    | dpfl.core.base_simulator | Round 142/150 | Acc: 0.7981 | Loss: 0.5991 | eps_max: 6.96 eps_avg: 6.96 | P: 1.00 R: 1.00 F1: 1.00
2026-05-05 22:36:00 | DEBUG   | dpfl.core.base_simulator | Update norms — honest: ['0.03', '0.03', '0.02', '0.02', '0.03'], attacker: ['nan', 'nan', 'nan', 'nan', 'nan']
2026-05-05 22:36:01 | DEBUG   | dpfl.algorithms.trust_aware.simulator | Round 142 Phase 1+2: 0.52s
2026-05-05 22:36:24 | INFO    | dpfl.core.base_simulator | Round 143/150 | Acc: 0.7979 | Loss: 0.6002 | eps_max: 7.03 eps_avg: 7.03 | P: 1.00 R: 1.00 F1: 1.00
2026-05-05 22:36:24 | DEBUG   | dpfl.core.base_simulator | Update norms — honest: ['0.02', '0.03', '0.02', '0.02', '0.03'], attacker: ['nan', 'nan', 'nan', 'nan', 'nan']
2026-05-05 22:36:25 | DEBUG   | dpfl.algorithms.trust_aware.simulator | Round 143 Phase 1+2: 0.52s
2026-05-05 22:36:49 | INFO    | dpfl.core.base_simulator | Round 144/150 | Acc: 0.7982 | Loss: 0.6003 | eps_max: 7.11 eps_avg: 7.11 | P: 1.00 R: 1.00 F1: 1.00
2026-05-05 22:36:49 | DEBUG   | dpfl.core.base_simulator | Update norms — honest: ['0.02', '0.02', '0.02', '0.02', '0.02'], attacker: ['nan', 'nan', 'nan', 'nan', 'nan']
2026-05-05 22:36:49 | DEBUG   | dpfl.algorithms.trust_aware.simulator | Round 144 Phase 1+2: 0.14s
2026-05-05 22:37:24 | INFO    | dpfl.core.base_simulator | Round 145/150 | Acc: 0.7982 | Loss: 0.6011 | eps_max: 7.19 eps_avg: 7.19 | P: 1.00 R: 1.00 F1: 1.00
2026-05-05 22:37:24 | DEBUG   | dpfl.core.base_simulator | Update norms — honest: ['0.03', '0.03', '0.02', '0.02', '0.02'], attacker: ['nan', 'nan', 'nan', 'nan', 'nan']
2026-05-05 22:37:25 | DEBUG   | dpfl.algorithms.trust_aware.simulator | Round 145 Phase 1+2: 0.53s
2026-05-05 22:37:52 | INFO    | dpfl.core.base_simulator | Round 146/150 | Acc: 0.7980 | Loss: 0.6016 | eps_max: 7.27 eps_avg: 7.27 | P: 1.00 R: 1.00 F1: 1.00
2026-05-05 22:37:52 | DEBUG   | dpfl.core.base_simulator | Update norms — honest: ['0.02', '0.02', '0.03', '0.03', '0.02'], attacker: ['nan', 'nan', 'nan', 'nan', 'nan']
2026-05-05 22:37:52 | DEBUG   | dpfl.algorithms.trust_aware.simulator | Round 146 Phase 1+2: 0.53s
2026-05-05 22:38:16 | INFO    | dpfl.core.base_simulator | Round 147/150 | Acc: 0.7978 | Loss: 0.6034 | eps_max: 7.35 eps_avg: 7.35 | P: 1.00 R: 1.00 F1: 1.00
2026-05-05 22:38:16 | DEBUG   | dpfl.core.base_simulator | Update norms — honest: ['0.02', '0.02', '0.03', '0.02', '0.02'], attacker: ['nan', 'nan', 'nan', 'nan', 'nan']
2026-05-05 22:38:16 | DEBUG   | dpfl.algorithms.trust_aware.simulator | Round 147 Phase 1+2: 0.14s
2026-05-05 22:38:50 | INFO    | dpfl.core.base_simulator | Round 148/150 | Acc: 0.7982 | Loss: 0.6022 | eps_max: 7.44 eps_avg: 7.44 | P: 0.99 R: 1.00 F1: 1.00
2026-05-05 22:38:50 | DEBUG   | dpfl.core.base_simulator | Update norms — honest: ['0.02', '0.02', '0.03', '0.03', '0.02'], attacker: ['nan', 'nan', 'nan', 'nan', 'nan']
2026-05-05 22:38:50 | DEBUG   | dpfl.algorithms.trust_aware.simulator | Round 148 Phase 1+2: 0.52s
2026-05-05 22:39:20 | INFO    | dpfl.core.base_simulator | Round 149/150 | Acc: 0.7981 | Loss: 0.6032 | eps_max: 7.52 eps_avg: 7.52 | P: 1.00 R: 1.00 F1: 1.00
2026-05-05 22:39:20 | DEBUG   | dpfl.core.base_simulator | Update norms — honest: ['0.02', '0.02', '0.03', '0.02', '0.02'], attacker: ['nan', 'nan', 'nan', 'nan', 'nan']
2026-05-05 22:39:20 | DEBUG   | dpfl.algorithms.trust_aware.simulator | Round 149 Phase 1+2: 0.52s
2026-05-05 22:39:44 | INFO    | dpfl.core.base_simulator | Round 150/150 | Acc: 0.7981 | Loss: 0.6035 | eps_max: 7.61 eps_avg: 7.61 | P: 1.00 R: 1.00 F1: 1.00
2026-05-05 22:39:44 | DEBUG   | dpfl.core.base_simulator | Update norms — honest: ['0.02', '0.03', '0.03', '0.02', '0.02'], attacker: ['nan', 'nan', 'nan', 'nan', 'nan']
2026-05-05 22:39:46 | INFO    | dpfl | Experiment complete in 3926.4s
============================================================
REPORT: DP-SGD Decentralized Federated Learning
============================================================
Timestamp:                  20260505_213418
Rounds completed:           150
Attack-active rounds:       100  (from round 50)
Final accuracy:             0.7981
Final test loss:            0.6035
Final epsilon (max honest): 7.61
Final epsilon (avg honest): 7.61
Best alpha:                 1000.0
Avg precision:              0.9958
Avg recall:                 0.9583
Avg F1 score:               0.9675
Avg update norm (honest):   0.0399
Avg update norm (attacker): nan

eps_system (max honest): 7.6098
eps_avg (honest):        7.6098
eps_std (honest):        0.0000
n_frozen:                0/200
============================================================
