2026-05-08 00:43:43 | INFO    | dpfl | Experiment start: algorithm=cfl_fedavg, dataset=mnist, model=mlp, device=cuda
2026-05-08 00:43:43 | INFO    | dpfl | Config: nodes=500, attackers=100, rounds=600, noise_mode=none, attack=label_flip
2026-05-08 00:43:43 | INFO    | dpfl.data.mnist_dataset | Loading MNIST dataset...
2026-05-08 00:43:43 | INFO    | dpfl.data.mnist_dataset | MNIST loaded: 60000 train, 10000 test samples
2026-05-08 00:44:27 | INFO    | dpfl.core.base_simulator | Vectorized state ready: param_spec.D=50890, X_test=(10000, 1, 28, 28), train clients N=500, max_n_samples=7000
2026-05-08 00:44:27 | INFO    | dpfl.core.base_simulator | Setup complete: 500 nodes (100 attackers), param_dim=50890, split=iid
2026-05-08 00:44:27 | DEBUG   | dpfl.core.base_simulator | Attacker IDs: {0, 1, 2, 3, 4, 5, 6, 7, 8, 9, 10, 11, 12, 13, 14, 15, 16, 17, 18, 19, 20, 21, 22, 23, 24, 25, 26, 27, 28, 29, 30, 31, 32, 33, 34, 35, 36, 37, 38, 39, 40, 41, 42, 43, 44, 45, 46, 47, 48, 49, 50, 51, 52, 53, 54, 55, 56, 57, 58, 59, 60, 61, 62, 63, 64, 65, 66, 67, 68, 69, 70, 71, 72, 73, 74, 75, 76, 77, 78, 79, 80, 81, 82, 83, 84, 85, 86, 87, 88, 89, 90, 91, 92, 93, 94, 95, 96, 97, 98, 99}
2026-05-08 00:44:27 | INFO    | dpfl.core.base_simulator | Data poisoning active: LabelFlipAttack
2026-05-08 00:44:27 | INFO    | dpfl.algorithms.cfl_fedavg.simulator | CFL-DP-FedAvg: K=500, q=0.050, S=0.0234, z=0.8000, σ=zS/(qW)=0.0007, DP=True
2026-05-08 00:44:28 | INFO    | dpfl.core.base_simulator | Round   1/600 | Acc: 0.1172 | Loss: 2.3022 | eps: 2.56 | P: nan R: nan F1: nan
2026-05-08 00:44:28 | DEBUG   | dpfl.core.base_simulator | Update norms — honest: ['1.14', '1.14', '1.14', '1.14', '1.15'], attacker: ['1.14', '1.14', '1.14', '1.14', '1.15']
2026-05-08 00:44:29 | INFO    | dpfl.core.base_simulator | Round   2/600 | Acc: 0.0898 | Loss: 2.3169 | eps: 2.87 | P: nan R: nan F1: nan
2026-05-08 00:44:29 | DEBUG   | dpfl.core.base_simulator | Update norms — honest: ['1.16', '1.16', '1.16', '1.16', '1.16'], attacker: ['1.14', '1.14', '1.14', '1.15', '1.15']
2026-05-08 00:44:29 | INFO    | dpfl.core.base_simulator | Round   3/600 | Acc: 0.0617 | Loss: 2.3393 | eps: 3.18 | P: nan R: nan F1: nan
2026-05-08 00:44:29 | DEBUG   | dpfl.core.base_simulator | Update norms — honest: ['1.17', '1.17', '1.17', '1.17', '1.17'], attacker: ['1.12', '1.12', '1.12', '1.13', '1.13']
2026-05-08 00:44:30 | INFO    | dpfl.core.base_simulator | Round   4/600 | Acc: 0.0455 | Loss: 2.3625 | eps: 3.30 | P: nan R: nan F1: nan
2026-05-08 00:44:30 | DEBUG   | dpfl.core.base_simulator | Update norms — honest: ['1.18', '1.18', '1.18', '1.18', '1.19'], attacker: ['1.08', '1.09', '1.09', '1.09', '1.09']
2026-05-08 00:44:31 | INFO    | dpfl.core.base_simulator | Round   5/600 | Acc: 0.0338 | Loss: 2.4074 | eps: 3.36 | P: nan R: nan F1: nan
2026-05-08 00:44:31 | DEBUG   | dpfl.core.base_simulator | Update norms — honest: ['1.20', '1.20', '1.19', '1.20', '1.20'], attacker: ['1.05', '1.05', '1.04', '1.04', '1.05']
2026-05-08 00:44:31 | INFO    | dpfl.core.base_simulator | Round   6/600 | Acc: 0.0280 | Loss: 2.4667 | eps: 3.41 | P: nan R: nan F1: nan
2026-05-08 00:44:31 | DEBUG   | dpfl.core.base_simulator | Update norms — honest: ['1.21', '1.21', '1.20', '1.21', '1.21'], attacker: ['1.00', '1.00', '1.00', '1.00', '1.01']
2026-05-08 00:44:32 | INFO    | dpfl.core.base_simulator | Round   7/600 | Acc: 0.0240 | Loss: 2.5347 | eps: 3.47 | P: nan R: nan F1: nan
2026-05-08 00:44:32 | DEBUG   | dpfl.core.base_simulator | Update norms — honest: ['1.22', '1.22', '1.22', '1.22', '1.23'], attacker: ['0.95', '0.95', '0.95', '0.95', '0.96']
2026-05-08 00:44:32 | INFO    | dpfl.core.base_simulator | Round   8/600 | Acc: 0.0233 | Loss: 2.6098 | eps: 3.52 | P: nan R: nan F1: nan
2026-05-08 00:44:32 | DEBUG   | dpfl.core.base_simulator | Update norms — honest: ['1.24', '1.24', '1.24', '1.24', '1.24'], attacker: ['0.90', '0.90', '0.90', '0.90', '0.91']
2026-05-08 00:44:33 | INFO    | dpfl.core.base_simulator | Round   9/600 | Acc: 0.0227 | Loss: 2.6940 | eps: 3.57 | P: nan R: nan F1: nan
2026-05-08 00:44:33 | DEBUG   | dpfl.core.base_simulator | Update norms — honest: ['1.25', '1.25', '1.25', '1.25', '1.25'], attacker: ['0.85', '0.86', '0.85', '0.85', '0.86']
2026-05-08 00:44:34 | INFO    | dpfl.core.base_simulator | Round  10/600 | Acc: 0.0207 | Loss: 2.7927 | eps: 3.63 | P: nan R: nan F1: nan
2026-05-08 00:44:34 | DEBUG   | dpfl.core.base_simulator | Update norms — honest: ['1.27', '1.27', '1.26', '1.27', '1.27'], attacker: ['0.81', '0.81', '0.81', '0.80', '0.81']
2026-05-08 00:44:34 | INFO    | dpfl.core.base_simulator | Round  11/600 | Acc: 0.0203 | Loss: 2.9051 | eps: 3.68 | P: nan R: nan F1: nan
2026-05-08 00:44:34 | DEBUG   | dpfl.core.base_simulator | Update norms — honest: ['1.29', '1.29', '1.29', '1.28', '1.29'], attacker: ['0.76', '0.76', '0.76', '0.76', '0.76']
2026-05-08 00:44:35 | INFO    | dpfl.core.base_simulator | Round  12/600 | Acc: 0.0193 | Loss: 3.0313 | eps: 3.74 | P: nan R: nan F1: nan
2026-05-08 00:44:35 | DEBUG   | dpfl.core.base_simulator | Update norms — honest: ['1.30', '1.30', '1.30', '1.30', '1.31'], attacker: ['0.71', '0.71', '0.71', '0.71', '0.72']
2026-05-08 00:44:36 | INFO    | dpfl.core.base_simulator | Round  13/600 | Acc: 0.0182 | Loss: 3.1739 | eps: 3.79 | P: nan R: nan F1: nan
2026-05-08 00:44:36 | DEBUG   | dpfl.core.base_simulator | Update norms — honest: ['1.32', '1.32', '1.32', '1.32', '1.32'], attacker: ['0.67', '0.67', '0.67', '0.66', '0.67']
2026-05-08 00:44:36 | INFO    | dpfl.core.base_simulator | Round  14/600 | Acc: 0.0181 | Loss: 3.3342 | eps: 3.84 | P: nan R: nan F1: nan
2026-05-08 00:44:36 | DEBUG   | dpfl.core.base_simulator | Update norms — honest: ['1.34', '1.34', '1.34', '1.34', '1.35'], attacker: ['0.63', '0.62', '0.62', '0.62', '0.63']
2026-05-08 00:44:37 | INFO    | dpfl.core.base_simulator | Round  15/600 | Acc: 0.0175 | Loss: 3.5196 | eps: 3.90 | P: nan R: nan F1: nan
2026-05-08 00:44:37 | DEBUG   | dpfl.core.base_simulator | Update norms — honest: ['1.37', '1.37', '1.36', '1.37', '1.37'], attacker: ['0.58', '0.58', '0.58', '0.57', '0.58']
2026-05-08 00:44:37 | INFO    | dpfl.core.base_simulator | Round  16/600 | Acc: 0.0163 | Loss: 3.7022 | eps: 3.95 | P: nan R: nan F1: nan
2026-05-08 00:44:37 | DEBUG   | dpfl.core.base_simulator | Update norms — honest: ['1.40', '1.39', '1.40', '1.40', '1.40'], attacker: ['0.54', '0.54', '0.54', '0.53', '0.54']
2026-05-08 00:44:38 | INFO    | dpfl.core.base_simulator | Round  17/600 | Acc: 0.0151 | Loss: 3.8959 | eps: 4.01 | P: nan R: nan F1: nan
2026-05-08 00:44:38 | DEBUG   | dpfl.core.base_simulator | Update norms — honest: ['1.43', '1.43', '1.42', '1.43', '1.43'], attacker: ['0.50', '0.50', '0.50', '0.49', '0.50']
2026-05-08 00:44:39 | INFO    | dpfl.core.base_simulator | Round  18/600 | Acc: 0.0146 | Loss: 4.0992 | eps: 4.06 | P: nan R: nan F1: nan
2026-05-08 00:44:39 | DEBUG   | dpfl.core.base_simulator | Update norms — honest: ['1.45', '1.45', '1.45', '1.45', '1.45'], attacker: ['0.46', '0.46', '0.46', '0.45', '0.46']
2026-05-08 00:44:39 | INFO    | dpfl.core.base_simulator | Round  19/600 | Acc: 0.0142 | Loss: 4.3040 | eps: 4.11 | P: nan R: nan F1: nan
2026-05-08 00:44:39 | DEBUG   | dpfl.core.base_simulator | Update norms — honest: ['1.48', '1.48', '1.48', '1.48', '1.48'], attacker: ['0.43', '0.43', '0.43', '0.42', '0.43']
2026-05-08 00:44:40 | INFO    | dpfl.core.base_simulator | Round  20/600 | Acc: 0.0138 | Loss: 4.5217 | eps: 4.17 | P: nan R: nan F1: nan
2026-05-08 00:44:40 | DEBUG   | dpfl.core.base_simulator | Update norms — honest: ['1.50', '1.51', '1.51', '1.50', '1.51'], attacker: ['0.40', '0.40', '0.39', '0.39', '0.39']
2026-05-08 00:44:41 | INFO    | dpfl.core.base_simulator | Round  21/600 | Acc: 0.0127 | Loss: 4.7300 | eps: 4.22 | P: nan R: nan F1: nan
2026-05-08 00:44:41 | DEBUG   | dpfl.core.base_simulator | Update norms — honest: ['1.54', '1.54', '1.54', '1.54', '1.54'], attacker: ['0.37', '0.37', '0.36', '0.35', '0.36']
2026-05-08 00:44:41 | INFO    | dpfl.core.base_simulator | Round  22/600 | Acc: 0.0121 | Loss: 4.9683 | eps: 4.28 | P: nan R: nan F1: nan
2026-05-08 00:44:41 | DEBUG   | dpfl.core.base_simulator | Update norms — honest: ['1.57', '1.56', '1.56', '1.56', '1.57'], attacker: ['0.34', '0.34', '0.34', '0.33', '0.34']
2026-05-08 00:44:42 | INFO    | dpfl.core.base_simulator | Round  23/600 | Acc: 0.0116 | Loss: 5.1717 | eps: 4.33 | P: nan R: nan F1: nan
2026-05-08 00:44:42 | DEBUG   | dpfl.core.base_simulator | Update norms — honest: ['1.59', '1.59', '1.59', '1.60', '1.60'], attacker: ['0.31', '0.31', '0.31', '0.30', '0.31']
2026-05-08 00:44:42 | INFO    | dpfl.core.base_simulator | Round  24/600 | Acc: 0.0113 | Loss: 5.4027 | eps: 4.38 | P: nan R: nan F1: nan
2026-05-08 00:44:43 | DEBUG   | dpfl.core.base_simulator | Update norms — honest: ['1.62', '1.62', '1.62', '1.62', '1.62'], attacker: ['0.29', '0.29', '0.28', '0.28', '0.28']
2026-05-08 00:44:43 | INFO    | dpfl.core.base_simulator | Round  25/600 | Acc: 0.0105 | Loss: 5.6213 | eps: 4.44 | P: nan R: nan F1: nan
2026-05-08 00:44:43 | DEBUG   | dpfl.core.base_simulator | Update norms — honest: ['1.65', '1.65', '1.65', '1.65', '1.65'], attacker: ['0.27', '0.27', '0.27', '0.26', '0.26']
2026-05-08 00:44:44 | INFO    | dpfl.core.base_simulator | Round  26/600 | Acc: 0.0097 | Loss: 5.8613 | eps: 4.49 | P: nan R: nan F1: nan
2026-05-08 00:44:44 | DEBUG   | dpfl.core.base_simulator | Update norms — honest: ['1.68', '1.68', '1.68', '1.67', '1.67'], attacker: ['0.25', '0.25', '0.25', '0.24', '0.24']
2026-05-08 00:44:45 | INFO    | dpfl.core.base_simulator | Round  27/600 | Acc: 0.0094 | Loss: 6.0811 | eps: 4.55 | P: nan R: nan F1: nan
2026-05-08 00:44:45 | DEBUG   | dpfl.core.base_simulator | Update norms — honest: ['1.70', '1.70', '1.71', '1.71', '1.70'], attacker: ['0.23', '0.23', '0.23', '0.22', '0.23']
2026-05-08 00:44:45 | INFO    | dpfl.core.base_simulator | Round  28/600 | Acc: 0.0094 | Loss: 6.2601 | eps: 4.60 | P: nan R: nan F1: nan
2026-05-08 00:44:45 | DEBUG   | dpfl.core.base_simulator | Update norms — honest: ['1.73', '1.73', '1.73', '1.74', '1.74'], attacker: ['0.22', '0.21', '0.21', '0.21', '0.21']
2026-05-08 00:44:46 | INFO    | dpfl.core.base_simulator | Round  29/600 | Acc: 0.0093 | Loss: 6.4306 | eps: 4.65 | P: nan R: nan F1: nan
2026-05-08 00:44:46 | DEBUG   | dpfl.core.base_simulator | Update norms — honest: ['1.75', '1.75', '1.75', '1.75', '1.75'], attacker: ['0.20', '0.20', '0.20', '0.19', '0.20']
2026-05-08 00:44:47 | INFO    | dpfl.core.base_simulator | Round  30/600 | Acc: 0.0089 | Loss: 6.6310 | eps: 4.71 | P: nan R: nan F1: nan
2026-05-08 00:44:47 | DEBUG   | dpfl.core.base_simulator | Update norms — honest: ['1.77', '1.77', '1.77', '1.77', '1.77'], attacker: ['0.19', '0.19', '0.19', '0.18', '0.19']
2026-05-08 00:44:47 | INFO    | dpfl.core.base_simulator | Round  31/600 | Acc: 0.0087 | Loss: 6.7676 | eps: 4.76 | P: nan R: nan F1: nan
2026-05-08 00:44:47 | DEBUG   | dpfl.core.base_simulator | Update norms — honest: ['1.79', '1.79', '1.79', '1.79', '1.80'], attacker: ['0.18', '0.18', '0.18', '0.18', '0.18']
2026-05-08 00:44:48 | INFO    | dpfl.core.base_simulator | Round  32/600 | Acc: 0.0084 | Loss: 6.9511 | eps: 4.82 | P: nan R: nan F1: nan
2026-05-08 00:44:48 | DEBUG   | dpfl.core.base_simulator | Update norms — honest: ['1.81', '1.80', '1.81', '1.81', '1.81'], attacker: ['0.17', '0.17', '0.17', '0.17', '0.17']
2026-05-08 00:44:49 | INFO    | dpfl.core.base_simulator | Round  33/600 | Acc: 0.0079 | Loss: 7.0973 | eps: 4.87 | P: nan R: nan F1: nan
2026-05-08 00:44:49 | DEBUG   | dpfl.core.base_simulator | Update norms — honest: ['1.82', '1.82', '1.82', '1.82', '1.82'], attacker: ['0.17', '0.17', '0.16', '0.16', '0.16']
2026-05-08 00:44:49 | INFO    | dpfl.core.base_simulator | Round  34/600 | Acc: 0.0078 | Loss: 7.2445 | eps: 4.92 | P: nan R: nan F1: nan
2026-05-08 00:44:49 | DEBUG   | dpfl.core.base_simulator | Update norms — honest: ['1.84', '1.83', '1.84', '1.84', '1.84'], attacker: ['0.16', '0.16', '0.16', '0.15', '0.15']
2026-05-08 00:44:50 | INFO    | dpfl.core.base_simulator | Round  35/600 | Acc: 0.0080 | Loss: 7.3272 | eps: 4.98 | P: nan R: nan F1: nan
2026-05-08 00:44:50 | DEBUG   | dpfl.core.base_simulator | Update norms — honest: ['1.86', '1.85', '1.85', '1.85', '1.85'], attacker: ['0.15', '0.15', '0.15', '0.15', '0.15']
2026-05-08 00:44:50 | INFO    | dpfl.core.base_simulator | Round  36/600 | Acc: 0.0079 | Loss: 7.4795 | eps: 5.03 | P: nan R: nan F1: nan
2026-05-08 00:44:50 | DEBUG   | dpfl.core.base_simulator | Update norms — honest: ['1.86', '1.85', '1.86', '1.85', '1.85'], attacker: ['0.15', '0.15', '0.14', '0.14', '0.14']
2026-05-08 00:44:51 | INFO    | dpfl.core.base_simulator | Round  37/600 | Acc: 0.0076 | Loss: 7.5791 | eps: 5.09 | P: nan R: nan F1: nan
2026-05-08 00:44:51 | DEBUG   | dpfl.core.base_simulator | Update norms — honest: ['1.87', '1.87', '1.88', '1.87', '1.88'], attacker: ['0.14', '0.14', '0.14', '0.14', '0.14']
2026-05-08 00:44:52 | INFO    | dpfl.core.base_simulator | Round  38/600 | Acc: 0.0074 | Loss: 7.7137 | eps: 5.14 | P: nan R: nan F1: nan
2026-05-08 00:44:52 | DEBUG   | dpfl.core.base_simulator | Update norms — honest: ['1.88', '1.88', '1.88', '1.88', '1.88'], attacker: ['0.14', '0.14', '0.14', '0.14', '0.13']
2026-05-08 00:44:52 | INFO    | dpfl.core.base_simulator | Round  39/600 | Acc: 0.0073 | Loss: 7.7274 | eps: 5.19 | P: nan R: nan F1: nan
2026-05-08 00:44:52 | DEBUG   | dpfl.core.base_simulator | Update norms — honest: ['1.89', '1.88', '1.89', '1.89', '1.89'], attacker: ['0.14', '0.14', '0.13', '0.13', '0.13']
2026-05-08 00:44:53 | INFO    | dpfl.core.base_simulator | Round  40/600 | Acc: 0.0073 | Loss: 7.8282 | eps: 5.25 | P: nan R: nan F1: nan
2026-05-08 00:44:53 | DEBUG   | dpfl.core.base_simulator | Update norms — honest: ['1.89', '1.88', '1.89', '1.88', '1.89'], attacker: ['0.13', '0.14', '0.13', '0.13', '0.13']
2026-05-08 00:44:54 | INFO    | dpfl.core.base_simulator | Round  41/600 | Acc: 0.0072 | Loss: 7.8825 | eps: 5.30 | P: nan R: nan F1: nan
2026-05-08 00:44:54 | DEBUG   | dpfl.core.base_simulator | Update norms — honest: ['1.89', '1.88', '1.89', '1.89', '1.89'], attacker: ['0.13', '0.13', '0.13', '0.13', '0.13']
2026-05-08 00:44:54 | INFO    | dpfl.core.base_simulator | Round  42/600 | Acc: 0.0071 | Loss: 7.9099 | eps: 5.36 | P: nan R: nan F1: nan
2026-05-08 00:44:54 | DEBUG   | dpfl.core.base_simulator | Update norms — honest: ['1.89', '1.89', '1.89', '1.89', '1.89'], attacker: ['0.13', '0.13', '0.12', '0.13', '0.12']
2026-05-08 00:44:55 | INFO    | dpfl.core.base_simulator | Round  43/600 | Acc: 0.0069 | Loss: 8.0056 | eps: 5.41 | P: nan R: nan F1: nan
2026-05-08 00:44:55 | DEBUG   | dpfl.core.base_simulator | Update norms — honest: ['1.89', '1.88', '1.90', '1.89', '1.89'], attacker: ['0.13', '0.13', '0.12', '0.12', '0.12']
2026-05-08 00:44:55 | INFO    | dpfl.core.base_simulator | Round  44/600 | Acc: 0.0068 | Loss: 8.0395 | eps: 5.46 | P: nan R: nan F1: nan
2026-05-08 00:44:55 | DEBUG   | dpfl.core.base_simulator | Update norms — honest: ['1.90', '1.89', '1.89', '1.90', '1.89'], attacker: ['0.13', '0.13', '0.12', '0.12', '0.12']
2026-05-08 00:44:56 | INFO    | dpfl.core.base_simulator | Round  45/600 | Acc: 0.0069 | Loss: 8.0732 | eps: 5.52 | P: nan R: nan F1: nan
2026-05-08 00:44:56 | DEBUG   | dpfl.core.base_simulator | Update norms — honest: ['1.89', '1.89', '1.89', '1.89', '1.89'], attacker: ['0.12', '0.12', '0.12', '0.12', '0.12']
2026-05-08 00:44:57 | INFO    | dpfl.core.base_simulator | Round  46/600 | Acc: 0.0070 | Loss: 8.1184 | eps: 5.57 | P: nan R: nan F1: nan
2026-05-08 00:44:57 | DEBUG   | dpfl.core.base_simulator | Update norms — honest: ['1.89', '1.88', '1.89', '1.89', '1.90'], attacker: ['0.12', '0.12', '0.12', '0.12', '0.12']
2026-05-08 00:44:57 | INFO    | dpfl.core.base_simulator | Round  47/600 | Acc: 0.0068 | Loss: 8.2130 | eps: 5.63 | P: nan R: nan F1: nan
2026-05-08 00:44:57 | DEBUG   | dpfl.core.base_simulator | Update norms — honest: ['1.89', '1.88', '1.89', '1.89', '1.89'], attacker: ['0.12', '0.12', '0.12', '0.12', '0.12']
2026-05-08 00:44:58 | INFO    | dpfl.core.base_simulator | Round  48/600 | Acc: 0.0070 | Loss: 8.2140 | eps: 5.68 | P: nan R: nan F1: nan
2026-05-08 00:44:58 | DEBUG   | dpfl.core.base_simulator | Update norms — honest: ['1.90', '1.89', '1.89', '1.90', '1.90'], attacker: ['0.12', '0.12', '0.11', '0.12', '0.11']
2026-05-08 00:44:58 | INFO    | dpfl.core.base_simulator | Round  49/600 | Acc: 0.0070 | Loss: 8.2808 | eps: 5.73 | P: nan R: nan F1: nan
2026-05-08 00:44:58 | DEBUG   | dpfl.core.base_simulator | Update norms — honest: ['1.89', '1.89', '1.89', '1.88', '1.90'], attacker: ['0.12', '0.12', '0.11', '0.12', '0.12']
2026-05-08 00:44:59 | INFO    | dpfl.core.base_simulator | Round  50/600 | Acc: 0.0067 | Loss: 8.3480 | eps: 5.79 | P: nan R: nan F1: nan
2026-05-08 00:44:59 | DEBUG   | dpfl.core.base_simulator | Update norms — honest: ['1.89', '1.89', '1.89', '1.89', '1.89'], attacker: ['0.12', '0.11', '0.11', '0.12', '0.11']
2026-05-08 00:45:00 | INFO    | dpfl.core.base_simulator | Round  51/600 | Acc: 0.0059 | Loss: 8.9640 | eps: 5.81 | P: nan R: nan F1: nan
2026-05-08 00:45:00 | DEBUG   | dpfl.core.base_simulator | Update norms — honest: ['1.90', '1.89', '1.90', '1.90', '1.90'], attacker: ['0.11', '0.12', '0.11', '0.11', '0.11']
2026-05-08 00:45:00 | INFO    | dpfl.core.base_simulator | Round  52/600 | Acc: 0.0069 | Loss: 9.0910 | eps: 5.83 | P: nan R: nan F1: nan
2026-05-08 00:45:00 | DEBUG   | dpfl.core.base_simulator | Update norms — honest: ['1.96', '1.96', '1.96', '1.96', '1.96'], attacker: ['0.11', '0.11', '0.11', '0.11', '0.11']
2026-05-08 00:45:01 | INFO    | dpfl.core.base_simulator | Round  53/600 | Acc: 0.0056 | Loss: 9.3752 | eps: 5.85 | P: nan R: nan F1: nan
2026-05-08 00:45:01 | DEBUG   | dpfl.core.base_simulator | Update norms — honest: ['1.96', '1.96', '1.97', '1.96', '1.96'], attacker: ['0.11', '0.11', '0.11', '0.11', '0.11']
2026-05-08 00:45:02 | INFO    | dpfl.core.base_simulator | Round  54/600 | Acc: 0.0207 | Loss: 9.6152 | eps: 5.87 | P: nan R: nan F1: nan
2026-05-08 00:45:02 | DEBUG   | dpfl.core.base_simulator | Update norms — honest: ['1.99', '1.98', '1.98', '1.98', '1.99'], attacker: ['0.14', '0.15', '0.14', '0.15', '0.14']
2026-05-08 00:45:02 | INFO    | dpfl.core.base_simulator | Round  55/600 | Acc: 0.0152 | Loss: 13.8807 | eps: 5.89 | P: nan R: nan F1: nan
2026-05-08 00:45:02 | DEBUG   | dpfl.core.base_simulator | Update norms — honest: ['2.00', '2.00', '2.00', '1.99', '2.00'], attacker: ['0.33', '0.32', '0.32', '0.30', '0.32']
2026-05-08 00:45:03 | INFO    | dpfl.core.base_simulator | Round  56/600 | Acc: 0.0576 | Loss: 18.5814 | eps: 5.91 | P: nan R: nan F1: nan
2026-05-08 00:45:03 | DEBUG   | dpfl.core.base_simulator | Update norms — honest: ['2.14', '2.13', '2.14', '2.14', '2.14'], attacker: ['0.91', '0.91', '0.91', '0.92', '0.89']
2026-05-08 00:45:04 | INFO    | dpfl.core.base_simulator | Round  57/600 | Acc: 0.0207 | Loss: 8.6614 | eps: 5.93 | P: nan R: nan F1: nan
2026-05-08 00:45:04 | DEBUG   | dpfl.core.base_simulator | Update norms — honest: ['2.42', '2.40', '2.42', '2.42', '2.43'], attacker: ['1.71', '1.72', '1.72', '1.71', '1.73']
2026-05-08 00:45:04 | INFO    | dpfl.core.base_simulator | Round  58/600 | Acc: 0.0735 | Loss: 19.7844 | eps: 5.95 | P: nan R: nan F1: nan
2026-05-08 00:45:04 | DEBUG   | dpfl.core.base_simulator | Update norms — honest: ['1.54', '1.54', '1.55', '1.56', '1.56'], attacker: ['1.18', '1.19', '1.18', '1.17', '1.18']
2026-05-08 00:45:05 | INFO    | dpfl.core.base_simulator | Round  59/600 | Acc: 0.0887 | Loss: 39.1521 | eps: 5.97 | P: nan R: nan F1: nan
2026-05-08 00:45:05 | DEBUG   | dpfl.core.base_simulator | Update norms — honest: ['2.47', '2.47', '2.47', '2.47', '2.48'], attacker: ['1.41', '1.42', '1.42', '1.42', '1.42']
2026-05-08 00:45:06 | INFO    | dpfl.core.base_simulator | Round  60/600 | Acc: 0.1014 | Loss: 26.8016 | eps: 5.99 | P: nan R: nan F1: nan
2026-05-08 00:45:06 | DEBUG   | dpfl.core.base_simulator | Update norms — honest: ['2.96', '2.97', '2.98', '2.96', '2.97'], attacker: ['2.15', '2.15', '2.15', '2.13', '2.14']
2026-05-08 00:45:14 | INFO    | dpfl.core.base_simulator | Round  61/600 | Acc: 0.0825 | Loss: 16.2118 | eps: 6.01 | P: nan R: nan F1: nan
2026-05-08 00:45:14 | DEBUG   | dpfl.core.base_simulator | Update norms — honest: ['2.25', '2.25', '2.24', '2.25', '2.26'], attacker: ['2.01', '2.00', '1.99', '2.00', '2.00']
2026-05-08 00:45:28 | INFO    | dpfl.core.base_simulator | Round  62/600 | Acc: 0.0490 | Loss: 15.8999 | eps: 6.03 | P: nan R: nan F1: nan
2026-05-08 00:45:28 | DEBUG   | dpfl.core.base_simulator | Update norms — honest: ['1.94', '1.92', '1.94', '1.93', '1.94'], attacker: ['1.41', '1.43', '1.43', '1.43', '1.42']
