2026-05-06 13:02:40 | INFO    | dpfl | Experiment start: algorithm=noise_game, dataset=fashion_mnist, model=mlp, device=cuda
2026-05-06 13:02:40 | INFO    | dpfl | Config: nodes=500, attackers=100, rounds=150, noise_mode=none, attack=scale
2026-05-06 13:02:40 | INFO    | dpfl.data.fashion_mnist_dataset | Loading Fashion-MNIST dataset...
2026-05-06 13:02:40 | INFO    | dpfl.data.fashion_mnist_dataset | Fashion-MNIST loaded: 60000 train, 10000 test samples
2026-05-06 13:03:41 | INFO    | dpfl.core.base_simulator | Vectorized state ready: param_spec.D=50890, X_test=(10000, 1, 28, 28), train clients N=500, max_n_samples=1000
2026-05-06 13:03:41 | INFO    | dpfl.core.base_simulator | Setup complete: 500 nodes (100 attackers), param_dim=50890, split=iid
2026-05-06 13:03:41 | DEBUG   | dpfl.core.base_simulator | Attacker IDs: {0, 1, 2, 3, 4, 5, 6, 7, 8, 9, 10, 11, 12, 13, 14, 15, 16, 17, 18, 19, 20, 21, 22, 23, 24, 25, 26, 27, 28, 29, 30, 31, 32, 33, 34, 35, 36, 37, 38, 39, 40, 41, 42, 43, 44, 45, 46, 47, 48, 49, 50, 51, 52, 53, 54, 55, 56, 57, 58, 59, 60, 61, 62, 63, 64, 65, 66, 67, 68, 69, 70, 71, 72, 73, 74, 75, 76, 77, 78, 79, 80, 81, 82, 83, 84, 85, 86, 87, 88, 89, 90, 91, 92, 93, 94, 95, 96, 97, 98, 99}
2026-05-06 13:03:49 | INFO    | dpfl.core.base_simulator | Round   1/150 | Acc: 0.4576 | Loss: 1.9728 | eps_max: 1.91 eps_avg: 0.43 | P: 0.00 R: nan F1: nan
2026-05-06 13:03:49 | DEBUG   | dpfl.core.base_simulator | Update norms — honest: ['0.56', '0.56', '0.56', '0.56', '0.56'], attacker: ['0.56', '0.57', '0.57', '0.56', '0.56']
2026-05-06 13:03:57 | INFO    | dpfl.core.base_simulator | Round   2/150 | Acc: 0.5716 | Loss: 1.7063 | eps_max: 1.94 eps_avg: 0.50 | P: 0.00 R: nan F1: nan
2026-05-06 13:03:57 | DEBUG   | dpfl.core.base_simulator | Update norms — honest: ['0.56', '0.56', '0.56', '0.56', '0.56'], attacker: ['0.95', '0.97', '0.97', '0.96', '0.96']
2026-05-06 13:04:05 | INFO    | dpfl.core.base_simulator | Round   3/150 | Acc: 0.6215 | Loss: 1.4821 | eps_max: 2.05 eps_avg: 0.59 | P: 0.00 R: nan F1: nan
2026-05-06 13:04:05 | DEBUG   | dpfl.core.base_simulator | Update norms — honest: ['0.55', '0.55', '0.55', '0.55', '0.55'], attacker: ['1.52', '1.50', '1.52', '1.54', '1.50']
2026-05-06 13:04:13 | INFO    | dpfl.core.base_simulator | Round   4/150 | Acc: 0.6508 | Loss: 1.3061 | eps_max: 2.18 eps_avg: 0.72 | P: 0.00 R: nan F1: nan
2026-05-06 13:04:13 | DEBUG   | dpfl.core.base_simulator | Update norms — honest: ['0.55', '0.55', '0.55', '0.55', '0.55'], attacker: ['1.99', '2.03', '2.00', '2.02', '2.01']
2026-05-06 13:04:22 | INFO    | dpfl.core.base_simulator | Round   5/150 | Acc: 0.6731 | Loss: 1.1764 | eps_max: 2.34 eps_avg: 0.81 | P: 0.00 R: nan F1: nan
2026-05-06 13:04:22 | DEBUG   | dpfl.core.base_simulator | Update norms — honest: ['0.54', '0.54', '0.54', '0.54', '0.54'], attacker: ['2.44', '2.44', '2.41', '2.41', '2.45']
2026-05-06 13:04:30 | INFO    | dpfl.core.base_simulator | Round   6/150 | Acc: 0.6904 | Loss: 1.0822 | eps_max: 2.45 eps_avg: 0.90 | P: 0.00 R: nan F1: nan
2026-05-06 13:04:30 | DEBUG   | dpfl.core.base_simulator | Update norms — honest: ['0.54', '0.97', '1.03', '0.53', '1.01'], attacker: ['2.81', '2.89', '2.84', '2.83', '2.86']
2026-05-06 13:04:38 | INFO    | dpfl.core.base_simulator | Round   7/150 | Acc: 0.7022 | Loss: 1.0118 | eps_max: 2.49 eps_avg: 0.96 | P: 0.00 R: nan F1: nan
2026-05-06 13:04:38 | DEBUG   | dpfl.core.base_simulator | Update norms — honest: ['1.00', '0.53', '0.95', '0.53', '0.53'], attacker: ['3.16', '3.24', '3.27', '3.13', '3.19']
2026-05-06 13:04:47 | INFO    | dpfl.core.base_simulator | Round   8/150 | Acc: 0.7103 | Loss: 0.9579 | eps_max: 2.54 eps_avg: 1.04 | P: 0.00 R: nan F1: nan
2026-05-06 13:04:47 | DEBUG   | dpfl.core.base_simulator | Update norms — honest: ['0.53', '0.91', '0.83', '0.53', '0.53'], attacker: ['3.66', '3.51', '3.55', '3.61', '3.40']
2026-05-06 13:04:55 | INFO    | dpfl.core.base_simulator | Round   9/150 | Acc: 0.7169 | Loss: 0.9149 | eps_max: 2.58 eps_avg: 1.13 | P: 0.00 R: nan F1: nan
2026-05-06 13:04:55 | DEBUG   | dpfl.core.base_simulator | Update norms — honest: ['0.52', '0.52', '0.94', '1.41', '0.52'], attacker: ['3.91', '3.81', '3.90', '3.97', '3.92']
2026-05-06 13:05:04 | INFO    | dpfl.core.base_simulator | Round  10/150 | Acc: 0.7226 | Loss: 0.8797 | eps_max: 2.63 eps_avg: 1.20 | P: 0.00 R: nan F1: nan
2026-05-06 13:05:04 | DEBUG   | dpfl.core.base_simulator | Update norms — honest: ['0.90', '0.51', '0.72', '0.51', '0.77'], attacker: ['3.91', '4.23', '4.28', '4.27', '4.26']
2026-05-06 13:05:13 | INFO    | dpfl.core.base_simulator | Round  11/150 | Acc: 0.7275 | Loss: 0.8505 | eps_max: 2.71 eps_avg: 1.29 | P: 0.00 R: nan F1: nan
2026-05-06 13:05:13 | DEBUG   | dpfl.core.base_simulator | Update norms — honest: ['0.51', '0.51', '0.93', '0.51', '0.51'], attacker: ['4.40', '4.37', '4.52', '4.60', '4.41']
2026-05-06 13:05:22 | INFO    | dpfl.core.base_simulator | Round  12/150 | Acc: 0.7321 | Loss: 0.8256 | eps_max: 2.78 eps_avg: 1.35 | P: 0.00 R: nan F1: nan
2026-05-06 13:05:22 | DEBUG   | dpfl.core.base_simulator | Update norms — honest: ['0.50', '0.88', '0.93', '0.51', '1.42'], attacker: ['4.62', '4.66', '4.87', '4.96', '4.74']
2026-05-06 13:05:30 | INFO    | dpfl.core.base_simulator | Round  13/150 | Acc: 0.7359 | Loss: 0.8044 | eps_max: 2.87 eps_avg: 1.42 | P: 0.00 R: nan F1: nan
2026-05-06 13:05:30 | DEBUG   | dpfl.core.base_simulator | Update norms — honest: ['1.25', '0.50', '1.80', '1.41', '0.92'], attacker: ['4.97', '4.88', '4.79', '4.98', '5.11']
2026-05-06 13:05:39 | INFO    | dpfl.core.base_simulator | Round  14/150 | Acc: 0.7399 | Loss: 0.7857 | eps_max: 2.97 eps_avg: 1.47 | P: 0.00 R: nan F1: nan
2026-05-06 13:05:39 | DEBUG   | dpfl.core.base_simulator | Update norms — honest: ['0.81', '0.79', '0.49', '0.50', '0.90'], attacker: ['5.12', '5.09', '4.82', '5.48', '5.54']
2026-05-06 13:05:47 | INFO    | dpfl.core.base_simulator | Round  15/150 | Acc: 0.7433 | Loss: 0.7693 | eps_max: 3.05 eps_avg: 1.53 | P: 0.00 R: nan F1: nan
2026-05-06 13:05:47 | DEBUG   | dpfl.core.base_simulator | Update norms — honest: ['0.69', '0.49', '1.60', '0.49', '0.49'], attacker: ['5.47', '5.56', '5.65', '5.67', '5.65']
2026-05-06 13:05:55 | INFO    | dpfl.core.base_simulator | Round  16/150 | Acc: 0.7462 | Loss: 0.7553 | eps_max: 3.14 eps_avg: 1.59 | P: 0.00 R: nan F1: nan
2026-05-06 13:05:55 | DEBUG   | dpfl.core.base_simulator | Update norms — honest: ['0.67', '0.87', '1.83', '1.39', '0.48'], attacker: ['5.31', '5.99', '5.68', '5.43', '5.38']
2026-05-06 13:06:04 | INFO    | dpfl.core.base_simulator | Round  17/150 | Acc: 0.7488 | Loss: 0.7426 | eps_max: 3.31 eps_avg: 1.63 | P: 0.00 R: nan F1: nan
2026-05-06 13:06:04 | DEBUG   | dpfl.core.base_simulator | Update norms — honest: ['0.85', '1.37', '1.66', '0.48', '1.33'], attacker: ['5.35', '6.05', '6.25', '5.75', '4.83']
2026-05-06 13:06:12 | INFO    | dpfl.core.base_simulator | Round  18/150 | Acc: 0.7516 | Loss: 0.7310 | eps_max: 3.47 eps_avg: 1.69 | P: 0.00 R: nan F1: nan
2026-05-06 13:06:12 | DEBUG   | dpfl.core.base_simulator | Update norms — honest: ['1.09', '1.44', '0.48', '0.81', '0.80'], attacker: ['5.66', '6.26', '5.92', '5.46', '5.34']
2026-05-06 13:06:21 | INFO    | dpfl.core.base_simulator | Round  19/150 | Acc: 0.7540 | Loss: 0.7209 | eps_max: 3.52 eps_avg: 1.75 | P: 0.00 R: nan F1: nan
2026-05-06 13:06:21 | DEBUG   | dpfl.core.base_simulator | Update norms — honest: ['0.47', '1.95', '0.47', '0.83', '0.47'], attacker: ['5.60', '6.26', '6.09', '6.43', '6.33']
2026-05-06 13:06:30 | INFO    | dpfl.core.base_simulator | Round  20/150 | Acc: 0.7563 | Loss: 0.7114 | eps_max: 3.55 eps_avg: 1.80 | P: 0.00 R: nan F1: nan
2026-05-06 13:06:30 | DEBUG   | dpfl.core.base_simulator | Update norms — honest: ['1.22', '1.44', '1.59', '1.00', '0.47'], attacker: ['5.66', '6.22', '6.48', '6.22', '6.44']
2026-05-06 13:06:38 | INFO    | dpfl.core.base_simulator | Round  21/150 | Acc: 0.7583 | Loss: 0.7030 | eps_max: 3.58 eps_avg: 1.86 | P: 0.00 R: nan F1: nan
2026-05-06 13:06:38 | DEBUG   | dpfl.core.base_simulator | Update norms — honest: ['0.46', '0.46', '1.92', '0.58', '0.78'], attacker: ['4.97', '6.64', '6.30', '5.91', '6.65']
2026-05-06 13:06:46 | INFO    | dpfl.core.base_simulator | Round  22/150 | Acc: 0.7602 | Loss: 0.6954 | eps_max: 3.62 eps_avg: 1.90 | P: 0.00 R: nan F1: nan
2026-05-06 13:06:46 | DEBUG   | dpfl.core.base_simulator | Update norms — honest: ['1.15', '0.81', '0.57', '1.24', '0.46'], attacker: ['4.73', '6.34', '6.10', '5.97', '6.74']
2026-05-06 13:06:55 | INFO    | dpfl.core.base_simulator | Round  23/150 | Acc: 0.7619 | Loss: 0.6880 | eps_max: 3.66 eps_avg: 1.95 | P: 0.00 R: nan F1: nan
2026-05-06 13:06:55 | DEBUG   | dpfl.core.base_simulator | Update norms — honest: ['0.80', '1.23', '1.87', '0.71', '0.85'], attacker: ['6.32', '6.15', '6.39', '6.32', '6.22']
2026-05-06 13:07:03 | INFO    | dpfl.core.base_simulator | Round  24/150 | Acc: 0.7639 | Loss: 0.6815 | eps_max: 3.69 eps_avg: 2.00 | P: 0.00 R: nan F1: nan
2026-05-06 13:07:03 | DEBUG   | dpfl.core.base_simulator | Update norms — honest: ['1.73', '0.39', '1.33', '1.39', '0.45'], attacker: ['5.95', '7.01', '6.45', '6.96', '5.59']
2026-05-06 13:07:11 | INFO    | dpfl.core.base_simulator | Round  25/150 | Acc: 0.7655 | Loss: 0.6753 | eps_max: 3.71 eps_avg: 2.05 | P: 0.00 R: nan F1: nan
2026-05-06 13:07:11 | DEBUG   | dpfl.core.base_simulator | Update norms — honest: ['2.01', '0.89', '0.44', '0.76', '0.80'], attacker: ['5.88', '6.67', '6.95', '6.95', '6.00']
2026-05-06 13:07:19 | INFO    | dpfl.core.base_simulator | Round  26/150 | Acc: 0.7669 | Loss: 0.6699 | eps_max: 3.74 eps_avg: 2.10 | P: 0.00 R: nan F1: nan
2026-05-06 13:07:19 | DEBUG   | dpfl.core.base_simulator | Update norms — honest: ['0.44', '0.59', '0.70', '1.13', '0.44'], attacker: ['6.29', '6.15', '7.06', '7.18', '5.79']
2026-05-06 13:07:27 | INFO    | dpfl.core.base_simulator | Round  27/150 | Acc: 0.7683 | Loss: 0.6644 | eps_max: 3.78 eps_avg: 2.15 | P: 0.00 R: nan F1: nan
2026-05-06 13:07:27 | DEBUG   | dpfl.core.base_simulator | Update norms — honest: ['1.17', '0.42', '1.41', '0.94', '0.43'], attacker: ['6.01', '6.00', '5.88', '6.75', '5.84']
2026-05-06 13:07:35 | INFO    | dpfl.core.base_simulator | Round  28/150 | Acc: 0.7698 | Loss: 0.6597 | eps_max: 3.81 eps_avg: 2.19 | P: 0.00 R: nan F1: nan
2026-05-06 13:07:35 | DEBUG   | dpfl.core.base_simulator | Update norms — honest: ['0.57', '0.43', '0.43', '1.19', '1.59'], attacker: ['7.20', '6.36', '4.97', '6.54', '4.81']
2026-05-06 13:07:44 | INFO    | dpfl.core.base_simulator | Round  29/150 | Acc: 0.7711 | Loss: 0.6550 | eps_max: 3.83 eps_avg: 2.25 | P: 0.00 R: nan F1: nan
2026-05-06 13:07:44 | DEBUG   | dpfl.core.base_simulator | Update norms — honest: ['1.77', '0.42', '0.86', '1.58', '1.12'], attacker: ['6.51', '6.51', '4.94', '6.75', '3.40']
2026-05-06 13:07:52 | INFO    | dpfl.core.base_simulator | Round  30/150 | Acc: 0.7722 | Loss: 0.6507 | eps_max: 3.86 eps_avg: 2.28 | P: 0.00 R: nan F1: nan
2026-05-06 13:07:52 | DEBUG   | dpfl.core.base_simulator | Update norms — honest: ['0.45', '1.02', '0.68', '1.39', '0.42'], attacker: ['6.46', '6.57', '4.33', '6.38', '5.12']
2026-05-06 13:08:01 | INFO    | dpfl.core.base_simulator | Round  31/150 | Acc: 0.7734 | Loss: 0.6467 | eps_max: 3.90 eps_avg: 2.33 | P: 0.00 R: nan F1: nan
2026-05-06 13:08:01 | DEBUG   | dpfl.core.base_simulator | Update norms — honest: ['0.55', '0.58', '1.91', '0.42', '0.37'], attacker: ['6.19', '6.31', '6.57', '6.65', '5.77']
2026-05-06 13:08:09 | INFO    | dpfl.core.base_simulator | Round  32/150 | Acc: 0.7745 | Loss: 0.6427 | eps_max: 3.93 eps_avg: 2.36 | P: 0.00 R: nan F1: nan
2026-05-06 13:08:09 | DEBUG   | dpfl.core.base_simulator | Update norms — honest: ['0.58', '0.61', '1.24', '0.41', '1.08'], attacker: ['6.28', '5.78', '6.07', '6.40', '5.70']
2026-05-06 13:08:18 | INFO    | dpfl.core.base_simulator | Round  33/150 | Acc: 0.7755 | Loss: 0.6393 | eps_max: 3.96 eps_avg: 2.40 | P: 0.00 R: nan F1: nan
2026-05-06 13:08:18 | DEBUG   | dpfl.core.base_simulator | Update norms — honest: ['0.98', '0.41', '1.77', '0.73', '1.69'], attacker: ['6.09', '6.62', '5.51', '6.19', '6.25']
2026-05-06 13:08:26 | INFO    | dpfl.core.base_simulator | Round  34/150 | Acc: 0.7765 | Loss: 0.6360 | eps_max: 4.00 eps_avg: 2.43 | P: 0.00 R: nan F1: nan
2026-05-06 13:08:26 | DEBUG   | dpfl.core.base_simulator | Update norms — honest: ['1.04', '1.68', '0.40', '0.60', '0.40'], attacker: ['4.35', '5.54', '6.36', '6.63', '4.19']
2026-05-06 13:08:34 | INFO    | dpfl.core.base_simulator | Round  35/150 | Acc: 0.7775 | Loss: 0.6328 | eps_max: 4.04 eps_avg: 2.47 | P: 0.00 R: nan F1: nan
2026-05-06 13:08:34 | DEBUG   | dpfl.core.base_simulator | Update norms — honest: ['0.79', '0.95', '0.40', '0.67', '1.47'], attacker: ['4.62', '5.59', '5.73', '6.89', '4.54']
2026-05-06 13:08:42 | INFO    | dpfl.core.base_simulator | Round  36/150 | Acc: 0.7783 | Loss: 0.6299 | eps_max: 4.10 eps_avg: 2.50 | P: 0.00 R: nan F1: nan
2026-05-06 13:08:42 | DEBUG   | dpfl.core.base_simulator | Update norms — honest: ['0.42', '0.53', '1.25', '1.10', '0.40'], attacker: ['5.97', '5.82', '4.82', '5.78', '4.81']
2026-05-06 13:08:51 | INFO    | dpfl.core.base_simulator | Round  37/150 | Acc: 0.7789 | Loss: 0.6273 | eps_max: 4.17 eps_avg: 2.55 | P: 0.00 R: nan F1: nan
2026-05-06 13:08:51 | DEBUG   | dpfl.core.base_simulator | Update norms — honest: ['0.39', '0.32', '1.15', '0.58', '0.87'], attacker: ['5.59', '5.99', '5.00', '5.70', '4.92']
2026-05-06 13:08:59 | INFO    | dpfl.core.base_simulator | Round  38/150 | Acc: 0.7798 | Loss: 0.6247 | eps_max: 4.26 eps_avg: 2.59 | P: 0.00 R: nan F1: nan
2026-05-06 13:08:59 | DEBUG   | dpfl.core.base_simulator | Update norms — honest: ['1.43', '0.43', '1.13', '1.26', '0.63'], attacker: ['5.20', '6.42', '5.62', '5.93', '5.30']
2026-05-06 13:09:08 | INFO    | dpfl.core.base_simulator | Round  39/150 | Acc: 0.7804 | Loss: 0.6223 | eps_max: 4.30 eps_avg: 2.61 | P: 0.00 R: nan F1: nan
2026-05-06 13:09:08 | DEBUG   | dpfl.core.base_simulator | Update norms — honest: ['0.20', '1.18', '2.28', '0.66', '0.56'], attacker: ['5.78', '6.39', '5.67', '6.03', '4.56']
2026-05-06 13:09:16 | INFO    | dpfl.core.base_simulator | Round  40/150 | Acc: 0.7813 | Loss: 0.6197 | eps_max: 4.34 eps_avg: 2.65 | P: 0.00 R: nan F1: nan
2026-05-06 13:09:16 | DEBUG   | dpfl.core.base_simulator | Update norms — honest: ['0.94', '1.02', '0.38', '1.37', '1.01'], attacker: ['5.69', '6.67', '5.57', '5.11', '4.37']
2026-05-06 13:09:25 | INFO    | dpfl.core.base_simulator | Round  41/150 | Acc: 0.7818 | Loss: 0.6178 | eps_max: 4.39 eps_avg: 2.68 | P: 0.00 R: nan F1: nan
2026-05-06 13:09:25 | DEBUG   | dpfl.core.base_simulator | Update norms — honest: ['2.05', '1.07', '0.77', '0.82', '2.15'], attacker: ['3.94', '5.04', '5.97', '5.27', '3.45']
2026-05-06 13:09:34 | INFO    | dpfl.core.base_simulator | Round  42/150 | Acc: 0.7828 | Loss: 0.6155 | eps_max: 4.43 eps_avg: 2.72 | P: 0.00 R: nan F1: nan
2026-05-06 13:09:34 | DEBUG   | dpfl.core.base_simulator | Update norms — honest: ['0.99', '1.73', '0.67', '0.69', '0.34'], attacker: ['4.21', '3.74', '5.12', '5.25', '2.91']
2026-05-06 13:09:42 | INFO    | dpfl.core.base_simulator | Round  43/150 | Acc: 0.7831 | Loss: 0.6137 | eps_max: 4.45 eps_avg: 2.75 | P: 0.00 R: nan F1: nan
2026-05-06 13:09:42 | DEBUG   | dpfl.core.base_simulator | Update norms — honest: ['1.05', '0.89', '0.46', '1.57', '1.10'], attacker: ['2.93', '4.99', '5.27', '6.25', '3.12']
2026-05-06 13:09:50 | INFO    | dpfl.core.base_simulator | Round  44/150 | Acc: 0.7838 | Loss: 0.6117 | eps_max: 4.62 eps_avg: 2.79 | P: 0.00 R: nan F1: nan
2026-05-06 13:09:50 | DEBUG   | dpfl.core.base_simulator | Update norms — honest: ['0.99', '2.65', '1.40', '0.66', '1.25'], attacker: ['1.88', '5.01', '4.44', '6.63', '2.93']
2026-05-06 13:09:59 | INFO    | dpfl.core.base_simulator | Round  45/150 | Acc: 0.7843 | Loss: 0.6099 | eps_max: 4.62 eps_avg: 2.84 | P: 0.00 R: nan F1: nan
2026-05-06 13:09:59 | DEBUG   | dpfl.core.base_simulator | Update norms — honest: ['1.64', '0.36', '1.13', '1.86', '0.35'], attacker: ['4.21', '5.69', '4.35', '5.32', '3.91']
2026-05-06 13:10:08 | INFO    | dpfl.core.base_simulator | Round  46/150 | Acc: 0.7848 | Loss: 0.6083 | eps_max: 4.62 eps_avg: 2.86 | P: 0.00 R: nan F1: nan
2026-05-06 13:10:08 | DEBUG   | dpfl.core.base_simulator | Update norms — honest: ['0.97', '1.32', '1.18', '1.74', '1.67'], attacker: ['2.92', '5.45', '3.78', '4.81', '3.91']
2026-05-06 13:10:16 | INFO    | dpfl.core.base_simulator | Round  47/150 | Acc: 0.7856 | Loss: 0.6065 | eps_max: 4.64 eps_avg: 2.88 | P: 0.00 R: nan F1: nan
2026-05-06 13:10:16 | DEBUG   | dpfl.core.base_simulator | Update norms — honest: ['1.28', '0.92', '1.34', '1.08', '0.97'], attacker: ['4.65', '6.08', '4.57', '5.29', '4.34']
2026-05-06 13:10:25 | INFO    | dpfl.core.base_simulator | Round  48/150 | Acc: 0.7858 | Loss: 0.6052 | eps_max: 4.75 eps_avg: 2.93 | P: 0.00 R: nan F1: nan
2026-05-06 13:10:25 | DEBUG   | dpfl.core.base_simulator | Update norms — honest: ['0.29', '2.60', '2.60', '0.35', '0.93'], attacker: ['3.38', '5.45', '5.42', '3.54', '4.58']
2026-05-06 13:10:33 | INFO    | dpfl.core.base_simulator | Round  49/150 | Acc: 0.7863 | Loss: 0.6037 | eps_max: 4.75 eps_avg: 2.95 | P: 0.00 R: nan F1: nan
2026-05-06 13:10:33 | DEBUG   | dpfl.core.base_simulator | Update norms — honest: ['1.66', '1.91', '0.41', '1.46', '0.51'], attacker: ['2.82', '5.06', '4.65', '5.19', '4.86']
2026-05-06 13:10:41 | INFO    | dpfl.core.base_simulator | Round  50/150 | Acc: 0.7868 | Loss: 0.6023 | eps_max: 5.02 eps_avg: 2.96 | P: 0.00 R: nan F1: nan
2026-05-06 13:10:41 | DEBUG   | dpfl.core.base_simulator | Update norms — honest: ['0.95', '0.51', '0.87', '1.10', '1.34'], attacker: ['3.22', '4.88', '4.26', '4.69', '5.10']
2026-05-06 13:10:47 | INFO    | dpfl.core.base_simulator | Round  51/150 | Acc: 0.7872 | Loss: 0.6012 | eps_max: 5.07 eps_avg: 2.71 | P: 0.49 R: 1.00 F1: 0.92
2026-05-06 13:10:47 | DEBUG   | dpfl.core.base_simulator | Update norms — honest: ['0.19', '0.50', '0.91', '1.15', '0.34'], attacker: ['3.70', '4.83', '4.29', '4.92', '4.16']
2026-05-06 13:10:52 | INFO    | dpfl.core.base_simulator | Round  52/150 | Acc: 0.7876 | Loss: 0.5999 | eps_max: 5.19 eps_avg: 2.74 | P: 0.48 R: 1.00 F1: 0.89
2026-05-06 13:10:52 | DEBUG   | dpfl.core.base_simulator | Update norms — honest: ['0.66', '3.40', '0.86', '0.55', '0.88'], attacker: ['4.16', '4.49', '4.54', '4.53', '4.13']
2026-05-06 13:10:57 | INFO    | dpfl.core.base_simulator | Round  53/150 | Acc: 0.7879 | Loss: 0.5988 | eps_max: 5.19 eps_avg: 2.77 | P: 0.33 R: 1.00 F1: 0.87
2026-05-06 13:10:57 | DEBUG   | dpfl.core.base_simulator | Update norms — honest: ['0.34', '1.27', '1.89', '0.34', '1.04'], attacker: ['3.50', '4.49', '4.24', '4.84', '3.83']
2026-05-06 13:11:02 | INFO    | dpfl.core.base_simulator | Round  54/150 | Acc: 0.7884 | Loss: 0.5976 | eps_max: 5.19 eps_avg: 2.80 | P: 0.67 R: 1.00 F1: 0.88
2026-05-06 13:11:02 | DEBUG   | dpfl.core.base_simulator | Update norms — honest: ['1.62', '1.55', '0.45', '0.34', '0.21'], attacker: ['3.99', '4.49', '4.26', '4.40', '3.81']
2026-05-06 13:11:08 | INFO    | dpfl.core.base_simulator | Round  55/150 | Acc: 0.7888 | Loss: 0.5967 | eps_max: 5.19 eps_avg: 2.82 | P: 0.45 R: 1.00 F1: 0.91
2026-05-06 13:11:08 | DEBUG   | dpfl.core.base_simulator | Update norms — honest: ['0.75', '2.97', '0.28', '0.60', '1.07'], attacker: ['3.52', '4.91', '4.04', '5.09', '3.71']
2026-05-06 13:11:13 | INFO    | dpfl.core.base_simulator | Round  56/150 | Acc: 0.7888 | Loss: 0.5961 | eps_max: 5.19 eps_avg: 2.84 | P: 0.33 R: 1.00 F1: 0.90
2026-05-06 13:11:13 | DEBUG   | dpfl.core.base_simulator | Update norms — honest: ['2.00', '0.92', '0.37', '1.51', '0.60'], attacker: ['3.85', '4.52', '4.47', '4.84', '4.08']
2026-05-06 13:11:18 | INFO    | dpfl.core.base_simulator | Round  57/150 | Acc: 0.7897 | Loss: 0.5942 | eps_max: 5.23 eps_avg: 2.86 | P: 0.36 R: 1.00 F1: 0.93
2026-05-06 13:11:18 | DEBUG   | dpfl.core.base_simulator | Update norms — honest: ['0.24', '0.53', '1.11', '1.30', '0.31'], attacker: ['3.80', '4.93', '4.38', '5.14', '4.28']
2026-05-06 13:11:23 | INFO    | dpfl.core.base_simulator | Round  58/150 | Acc: 0.7897 | Loss: 0.5939 | eps_max: 5.26 eps_avg: 2.96 | P: 0.28 R: 1.00 F1: 0.94
2026-05-06 13:11:23 | DEBUG   | dpfl.core.base_simulator | Update norms — honest: ['1.20', '0.42', '0.48', '1.44', '0.75'], attacker: ['3.81', '5.16', '4.29', '4.51', '3.97']
2026-05-06 13:11:29 | INFO    | dpfl.core.base_simulator | Round  59/150 | Acc: 0.7901 | Loss: 0.5928 | eps_max: 5.26 eps_avg: 3.02 | P: 0.38 R: 1.00 F1: 0.91
2026-05-06 13:11:29 | DEBUG   | dpfl.core.base_simulator | Update norms — honest: ['1.47', '0.77', '0.34', '0.68', '1.83'], attacker: ['3.59', '4.66', '3.86', '4.57', '3.73']
2026-05-06 13:11:34 | INFO    | dpfl.core.base_simulator | Round  60/150 | Acc: 0.7904 | Loss: 0.5922 | eps_max: 5.26 eps_avg: 3.05 | P: 0.48 R: 1.00 F1: 0.92
2026-05-06 13:11:34 | DEBUG   | dpfl.core.base_simulator | Update norms — honest: ['1.26', '0.99', '0.94', '0.54', '0.32'], attacker: ['3.90', '4.82', '4.41', '4.93', '4.07']
2026-05-06 13:11:40 | INFO    | dpfl.core.base_simulator | Round  61/150 | Acc: 0.7906 | Loss: 0.5916 | eps_max: 5.26 eps_avg: 3.07 | P: 0.56 R: 1.00 F1: 0.93
2026-05-06 13:11:40 | DEBUG   | dpfl.core.base_simulator | Update norms — honest: ['0.78', '0.28', '0.49', '1.44', '1.60'], attacker: ['4.19', '4.47', '4.14', '4.60', '3.93']
2026-05-06 13:11:45 | INFO    | dpfl.core.base_simulator | Round  62/150 | Acc: 0.7906 | Loss: 0.5913 | eps_max: 5.32 eps_avg: 3.12 | P: 0.39 R: 1.00 F1: 0.88
2026-05-06 13:11:45 | DEBUG   | dpfl.core.base_simulator | Update norms — honest: ['0.80', '0.34', '2.06', '1.88', '1.00'], attacker: ['3.96', '4.58', '4.00', '4.89', '3.92']
2026-05-06 13:11:50 | INFO    | dpfl.core.base_simulator | Round  63/150 | Acc: 0.7911 | Loss: 0.5902 | eps_max: 5.32 eps_avg: 3.18 | P: 0.34 R: 1.00 F1: 0.90
2026-05-06 13:11:50 | DEBUG   | dpfl.core.base_simulator | Update norms — honest: ['1.78', '0.34', '1.40', '0.96', '0.31'], attacker: ['3.88', '4.52', '4.39', '4.83', '4.43']
2026-05-06 13:11:56 | INFO    | dpfl.core.base_simulator | Round  64/150 | Acc: 0.7914 | Loss: 0.5898 | eps_max: 5.32 eps_avg: 3.22 | P: 0.35 R: 1.00 F1: 0.83
2026-05-06 13:11:56 | DEBUG   | dpfl.core.base_simulator | Update norms — honest: ['0.57', '0.66', '1.75', '0.27', '0.83'], attacker: ['3.73', '5.07', '4.04', '4.47', '4.38']
2026-05-06 13:12:02 | INFO    | dpfl.core.base_simulator | Round  65/150 | Acc: 0.7915 | Loss: 0.5896 | eps_max: 5.32 eps_avg: 3.27 | P: 0.60 R: 1.00 F1: 0.92
2026-05-06 13:12:02 | DEBUG   | dpfl.core.base_simulator | Update norms — honest: ['1.55', '1.26', '2.89', '1.61', '0.89'], attacker: ['3.69', '4.83', '4.22', '4.83', '3.73']
2026-05-06 13:12:08 | INFO    | dpfl.core.base_simulator | Round  66/150 | Acc: 0.7919 | Loss: 0.5888 | eps_max: 5.33 eps_avg: 3.31 | P: 0.46 R: 1.00 F1: 0.90
2026-05-06 13:12:08 | DEBUG   | dpfl.core.base_simulator | Update norms — honest: ['0.45', '0.92', '1.86', '0.48', '0.46'], attacker: ['3.80', '4.40', '4.65', '4.70', '3.85']
2026-05-06 13:12:13 | INFO    | dpfl.core.base_simulator | Round  67/150 | Acc: 0.7922 | Loss: 0.5882 | eps_max: 5.33 eps_avg: 3.33 | P: 0.21 R: 1.00 F1: 0.97
2026-05-06 13:12:13 | DEBUG   | dpfl.core.base_simulator | Update norms — honest: ['1.02', '1.66', '1.13', '1.43', '0.42'], attacker: ['3.73', '4.52', '4.31', '5.24', '4.09']
2026-05-06 13:12:18 | INFO    | dpfl.core.base_simulator | Round  68/150 | Acc: 0.7921 | Loss: 0.5883 | eps_max: 5.45 eps_avg: 3.41 | P: 0.28 R: 1.00 F1: 0.84
2026-05-06 13:12:18 | DEBUG   | dpfl.core.base_simulator | Update norms — honest: ['0.34', '0.51', '0.67', '0.05', '0.51'], attacker: ['4.46', '5.06', '4.00', '4.53', '3.76']
2026-05-06 13:12:24 | INFO    | dpfl.core.base_simulator | Round  69/150 | Acc: 0.7924 | Loss: 0.5878 | eps_max: 5.45 eps_avg: 3.47 | P: 0.33 R: 1.00 F1: 0.83
2026-05-06 13:12:24 | DEBUG   | dpfl.core.base_simulator | Update norms — honest: ['0.34', '0.79', '0.52', '1.17', '1.37'], attacker: ['3.62', '4.69', '4.32', '4.61', '3.92']
2026-05-06 13:12:29 | INFO    | dpfl.core.base_simulator | Round  70/150 | Acc: 0.7927 | Loss: 0.5871 | eps_max: 5.45 eps_avg: 3.51 | P: 0.22 R: 1.00 F1: 0.77
2026-05-06 13:12:29 | DEBUG   | dpfl.core.base_simulator | Update norms — honest: ['0.35', '0.76', '0.56', '1.58', '1.01'], attacker: ['4.42', '5.43', '4.35', '4.89', '4.15']
2026-05-06 13:12:34 | INFO    | dpfl.core.base_simulator | Round  71/150 | Acc: 0.7928 | Loss: 0.5868 | eps_max: 5.45 eps_avg: 3.54 | P: 0.35 R: 1.00 F1: 0.96
2026-05-06 13:12:34 | DEBUG   | dpfl.core.base_simulator | Update norms — honest: ['1.34', '1.03', '1.98', '0.56', '1.23'], attacker: ['4.50', '5.02', '4.13', '5.16', '3.90']
2026-05-06 13:12:39 | INFO    | dpfl.core.base_simulator | Round  72/150 | Acc: 0.7929 | Loss: 0.5867 | eps_max: 5.45 eps_avg: 3.57 | P: 0.42 R: 1.00 F1: 0.94
2026-05-06 13:12:39 | DEBUG   | dpfl.core.base_simulator | Update norms — honest: ['0.99', '1.07', '0.69', '0.92', '0.41'], attacker: ['3.85', '5.13', '4.18', '5.13', '4.28']
2026-05-06 13:12:44 | INFO    | dpfl.core.base_simulator | Round  73/150 | Acc: 0.7931 | Loss: 0.5863 | eps_max: 5.45 eps_avg: 3.60 | P: 0.26 R: 1.00 F1: 0.89
2026-05-06 13:12:44 | DEBUG   | dpfl.core.base_simulator | Update norms — honest: ['0.82', '1.09', '0.49', '0.72', '1.21'], attacker: ['3.71', '5.07', '4.14', '4.81', '4.27']
2026-05-06 13:12:50 | INFO    | dpfl.core.base_simulator | Round  74/150 | Acc: 0.7932 | Loss: 0.5864 | eps_max: 5.45 eps_avg: 3.65 | P: 0.36 R: 1.00 F1: 0.90
2026-05-06 13:12:50 | DEBUG   | dpfl.core.base_simulator | Update norms — honest: ['1.77', '1.32', '0.50', '1.54', '0.71'], attacker: ['4.24', '5.37', '4.67', '4.89', '3.88']
2026-05-06 13:12:55 | INFO    | dpfl.core.base_simulator | Round  75/150 | Acc: 0.7933 | Loss: 0.5861 | eps_max: 5.45 eps_avg: 3.70 | P: 0.31 R: 1.00 F1: 0.88
2026-05-06 13:12:55 | DEBUG   | dpfl.core.base_simulator | Update norms — honest: ['0.15', '0.68', '1.37', '0.78', '0.72'], attacker: ['4.71', '4.85', '4.13', '4.76', '4.02']
2026-05-06 13:13:00 | INFO    | dpfl.core.base_simulator | Round  76/150 | Acc: 0.7932 | Loss: 0.5863 | eps_max: 5.45 eps_avg: 3.74 | P: 0.42 R: 1.00 F1: 0.82
2026-05-06 13:13:00 | DEBUG   | dpfl.core.base_simulator | Update norms — honest: ['1.45', '2.03', '1.72', '0.28', '1.70'], attacker: ['3.61', '5.44', '4.48', '4.96', '3.93']
2026-05-06 13:13:05 | INFO    | dpfl.core.base_simulator | Round  77/150 | Acc: 0.7937 | Loss: 0.5856 | eps_max: 5.45 eps_avg: 3.79 | P: 0.31 R: 1.00 F1: 0.88
2026-05-06 13:13:05 | DEBUG   | dpfl.core.base_simulator | Update norms — honest: ['0.34', '1.37', '0.64', '1.96', '0.18'], attacker: ['4.57', '4.95', '4.06', '4.76', '3.97']
2026-05-06 13:13:11 | INFO    | dpfl.core.base_simulator | Round  78/150 | Acc: 0.7937 | Loss: 0.5860 | eps_max: 5.51 eps_avg: 3.84 | P: 0.37 R: 1.00 F1: 0.93
2026-05-06 13:13:11 | DEBUG   | dpfl.core.base_simulator | Update norms — honest: ['1.42', '1.10', '1.30', '1.00', '1.99'], attacker: ['4.67', '4.68', '4.43', '4.69', '4.14']
2026-05-06 13:13:16 | INFO    | dpfl.core.base_simulator | Round  79/150 | Acc: 0.7940 | Loss: 0.5855 | eps_max: 5.51 eps_avg: 3.86 | P: 0.53 R: 1.00 F1: 0.96
2026-05-06 13:13:16 | DEBUG   | dpfl.core.base_simulator | Update norms — honest: ['1.04', '2.59', '1.64', '0.69', '0.61'], attacker: ['3.69', '4.89', '4.47', '5.13', '4.37']
2026-05-06 13:13:21 | INFO    | dpfl.core.base_simulator | Round  80/150 | Acc: 0.7940 | Loss: 0.5857 | eps_max: 5.80 eps_avg: 3.91 | P: 0.25 R: 1.00 F1: 0.87
2026-05-06 13:13:21 | DEBUG   | dpfl.core.base_simulator | Update norms — honest: ['0.34', '0.62', '0.57', '1.39', '0.79'], attacker: ['4.93', '4.87', '4.34', '5.33', '4.14']
2026-05-06 13:13:27 | INFO    | dpfl.core.base_simulator | Round  81/150 | Acc: 0.7939 | Loss: 0.5863 | eps_max: 5.80 eps_avg: 3.97 | P: 0.50 R: 1.00 F1: 0.90
2026-05-06 13:13:27 | DEBUG   | dpfl.core.base_simulator | Update norms — honest: ['1.23', '1.40', '1.21', '2.51', '0.07'], attacker: ['4.06', '4.56', '4.34', '5.62', '4.34']
2026-05-06 13:13:32 | INFO    | dpfl.core.base_simulator | Round  82/150 | Acc: 0.7942 | Loss: 0.5858 | eps_max: 5.80 eps_avg: 4.01 | P: 0.46 R: 1.00 F1: 0.86
2026-05-06 13:13:32 | DEBUG   | dpfl.core.base_simulator | Update norms — honest: ['2.59', '0.21', '0.91', '1.92', '1.19'], attacker: ['4.05', '4.88', '4.26', '4.76', '3.76']
2026-05-06 13:13:37 | INFO    | dpfl.core.base_simulator | Round  83/150 | Acc: 0.7944 | Loss: 0.5855 | eps_max: 5.80 eps_avg: 4.03 | P: 0.30 R: 1.00 F1: 0.94
2026-05-06 13:13:37 | DEBUG   | dpfl.core.base_simulator | Update norms — honest: ['0.67', '1.18', '0.40', '2.20', '0.21'], attacker: ['3.90', '4.88', '4.43', '4.75', '4.92']
2026-05-06 13:13:42 | INFO    | dpfl.core.base_simulator | Round  84/150 | Acc: 0.7943 | Loss: 0.5862 | eps_max: 5.86 eps_avg: 4.07 | P: 0.39 R: 1.00 F1: 0.93
2026-05-06 13:13:42 | DEBUG   | dpfl.core.base_simulator | Update norms — honest: ['0.89', '1.75', '0.00', '1.52', '2.10'], attacker: ['23.31', '9.97', '10.70', '10.86', '9.47']
2026-05-06 13:13:48 | INFO    | dpfl.core.base_simulator | Round  85/150 | Acc: 0.7943 | Loss: 0.5860 | eps_max: 5.86 eps_avg: 4.13 | P: 0.52 R: 1.00 F1: 0.85
2026-05-06 13:13:48 | DEBUG   | dpfl.core.base_simulator | Update norms — honest: ['0.54', '1.06', '2.78', '0.65', '2.55'], attacker: ['23.66', '9.84', '10.84', '10.10', '9.74']
2026-05-06 13:13:50 | INFO    | dpfl.core.base_simulator | Round  86/150 | Acc: 0.7946 | Loss: 0.5859 | eps_max: 5.86 eps_avg: 4.17 | P: 0.27 R: 1.00 F1: 0.92
2026-05-06 13:13:50 | DEBUG   | dpfl.core.base_simulator | Update norms — honest: ['2.20', '1.01', '1.12', '1.07', '1.73'], attacker: ['21.77', '9.63', '10.87', '10.56', '9.45']
2026-05-06 13:13:51 | INFO    | dpfl.core.base_simulator | Round  87/150 | Acc: 0.7946 | Loss: 0.5860 | eps_max: 5.86 eps_avg: 4.21 | P: 0.43 R: 1.00 F1: 0.90
2026-05-06 13:13:51 | DEBUG   | dpfl.core.base_simulator | Update norms — honest: ['0.25', '1.14', '0.02', '2.29', '1.50'], attacker: ['23.09', '9.90', '11.58', '10.65', '10.21']
2026-05-06 13:13:52 | INFO    | dpfl.core.base_simulator | Round  88/150 | Acc: 0.7949 | Loss: 0.5861 | eps_max: 5.98 eps_avg: 4.24 | P: 0.49 R: 1.00 F1: 0.91
2026-05-06 13:13:52 | DEBUG   | dpfl.core.base_simulator | Update norms — honest: ['0.14', '1.06', '1.37', '0.11', '0.21'], attacker: ['22.87', '9.48', '10.95', '10.80', '9.43']
2026-05-06 13:13:59 | INFO    | dpfl.core.base_simulator | Round  89/150 | Acc: 0.7948 | Loss: 0.5864 | eps_max: 6.13 eps_avg: 4.27 | P: 0.39 R: 1.00 F1: 0.90
2026-05-06 13:13:59 | DEBUG   | dpfl.core.base_simulator | Update norms — honest: ['2.76', '0.61', '0.76', '1.05', '0.66'], attacker: ['23.19', '10.38', '10.97', '10.59', '9.64']
2026-05-06 13:14:29 | INFO    | dpfl.core.base_simulator | Round  90/150 | Acc: 0.7948 | Loss: 0.5867 | eps_max: 6.13 eps_avg: 4.31 | P: 0.55 R: 1.00 F1: 0.94
2026-05-06 13:14:29 | DEBUG   | dpfl.core.base_simulator | Update norms — honest: ['0.61', '1.69', '0.76', '1.01', '1.61'], attacker: ['22.00', '9.91', '11.04', '10.99', '9.57']
2026-05-06 13:14:35 | INFO    | dpfl.core.base_simulator | Round  91/150 | Acc: 0.7947 | Loss: 0.5870 | eps_max: 6.31 eps_avg: 4.40 | P: 0.34 R: 1.00 F1: 0.81
2026-05-06 13:14:35 | DEBUG   | dpfl.core.base_simulator | Update norms — honest: ['0.90', '2.06', '0.95', '1.68', '1.61'], attacker: ['22.59', '10.04', '10.95', '10.70', '8.78']
2026-05-06 13:14:37 | INFO    | dpfl.core.base_simulator | Round  92/150 | Acc: 0.7949 | Loss: 0.5869 | eps_max: 6.31 eps_avg: 4.44 | P: 0.48 R: 1.00 F1: 0.90
2026-05-06 13:14:37 | DEBUG   | dpfl.core.base_simulator | Update norms — honest: ['1.25', '1.52', '0.91', '0.87', '0.00'], attacker: ['22.62', '9.83', '11.67', '10.74', '9.05']
2026-05-06 13:14:41 | INFO    | dpfl.core.base_simulator | Round  93/150 | Acc: 0.7949 | Loss: 0.5872 | eps_max: 6.31 eps_avg: 4.48 | P: 0.31 R: 1.00 F1: 0.92
2026-05-06 13:14:41 | DEBUG   | dpfl.core.base_simulator | Update norms — honest: ['1.27', '1.97', '0.11', '2.51', '0.53'], attacker: ['23.24', '10.48', '11.55', '10.07', '10.19']
2026-05-06 13:14:46 | INFO    | dpfl.core.base_simulator | Round  94/150 | Acc: 0.7950 | Loss: 0.5876 | eps_max: 6.73 eps_avg: 4.51 | P: 0.36 R: 1.00 F1: 0.85
2026-05-06 13:14:46 | DEBUG   | dpfl.core.base_simulator | Update norms — honest: ['1.11', '2.37', '0.99', '0.57', '0.87'], attacker: ['22.56', '9.49', '10.43', '9.86', '9.83']
2026-05-06 13:14:51 | INFO    | dpfl.core.base_simulator | Round  95/150 | Acc: 0.7950 | Loss: 0.5880 | eps_max: 6.73 eps_avg: 4.56 | P: 0.55 R: 1.00 F1: 0.94
2026-05-06 13:14:51 | DEBUG   | dpfl.core.base_simulator | Update norms — honest: ['2.11', '0.76', '1.57', '0.34', '0.79'], attacker: ['23.59', '9.27', '11.12', '9.68', '9.86']
2026-05-06 13:14:56 | INFO    | dpfl.core.base_simulator | Round  96/150 | Acc: 0.7949 | Loss: 0.5884 | eps_max: 6.73 eps_avg: 4.62 | P: 0.35 R: 1.00 F1: 0.90
2026-05-06 13:14:56 | DEBUG   | dpfl.core.base_simulator | Update norms — honest: ['0.59', '1.74', '1.14', '1.47', '1.10'], attacker: ['22.93', '9.20', '11.56', '9.78', '8.95']
2026-05-06 13:15:02 | INFO    | dpfl.core.base_simulator | Round  97/150 | Acc: 0.7950 | Loss: 0.5887 | eps_max: 6.93 eps_avg: 4.67 | P: 0.19 R: 1.00 F1: 0.82
2026-05-06 13:15:02 | DEBUG   | dpfl.core.base_simulator | Update norms — honest: ['0.66', '0.91', '2.02', '0.87', '0.71'], attacker: ['23.66', '10.25', '11.00', '10.38', '9.90']
2026-05-06 13:15:07 | INFO    | dpfl.core.base_simulator | Round  98/150 | Acc: 0.7952 | Loss: 0.5885 | eps_max: 6.93 eps_avg: 4.71 | P: 0.35 R: 1.00 F1: 0.88
2026-05-06 13:15:07 | DEBUG   | dpfl.core.base_simulator | Update norms — honest: ['1.06', '1.63', '0.82', '1.38', '2.15'], attacker: ['23.34', '9.73', '10.67', '10.85', '9.31']
2026-05-06 13:15:12 | INFO    | dpfl.core.base_simulator | Round  99/150 | Acc: 0.7953 | Loss: 0.5889 | eps_max: 6.93 eps_avg: 4.74 | P: 0.46 R: 1.00 F1: 0.88
2026-05-06 13:15:12 | DEBUG   | dpfl.core.base_simulator | Update norms — honest: ['0.00', '0.67', '1.09', '0.92', '1.63'], attacker: ['23.27', '10.02', '11.72', '10.22', '10.02']
2026-05-06 13:15:17 | INFO    | dpfl.core.base_simulator | Round 100/150 | Acc: 0.7953 | Loss: 0.5896 | eps_max: 6.93 eps_avg: 4.78 | P: 0.45 R: 1.00 F1: 0.88
2026-05-06 13:15:17 | DEBUG   | dpfl.core.base_simulator | Update norms — honest: ['0.73', '1.41', '2.57', '1.96', '1.39'], attacker: ['22.81', '9.86', '10.57', '10.44', '10.61']
2026-05-06 13:15:22 | INFO    | dpfl.core.base_simulator | Round 101/150 | Acc: 0.7954 | Loss: 0.5894 | eps_max: 6.93 eps_avg: 4.82 | P: 0.24 R: 1.00 F1: 0.72
2026-05-06 13:15:22 | DEBUG   | dpfl.core.base_simulator | Update norms — honest: ['1.70', '0.49', '1.21', '0.81', '1.28'], attacker: ['23.87', '9.35', '11.65', '10.32', '9.60']
2026-05-06 13:15:28 | INFO    | dpfl.core.base_simulator | Round 102/150 | Acc: 0.7953 | Loss: 0.5902 | eps_max: 6.93 eps_avg: 4.86 | P: 0.50 R: 1.00 F1: 0.86
2026-05-06 13:15:28 | DEBUG   | dpfl.core.base_simulator | Update norms — honest: ['1.02', '0.27', '1.80', '0.74', '1.86'], attacker: ['23.90', '9.93', '11.40', '10.42', '9.26']
2026-05-06 13:15:33 | INFO    | dpfl.core.base_simulator | Round 103/150 | Acc: 0.7953 | Loss: 0.5907 | eps_max: 6.93 eps_avg: 4.91 | P: 0.44 R: 1.00 F1: 0.89
2026-05-06 13:15:33 | DEBUG   | dpfl.core.base_simulator | Update norms — honest: ['1.13', '2.30', '0.68', '0.45', '2.54'], attacker: ['23.65', '10.36', '12.07', '10.83', '9.07']
2026-05-06 13:15:39 | INFO    | dpfl.core.base_simulator | Round 104/150 | Acc: 0.7953 | Loss: 0.5912 | eps_max: 6.93 eps_avg: 4.97 | P: 0.45 R: 1.00 F1: 0.90
2026-05-06 13:15:39 | DEBUG   | dpfl.core.base_simulator | Update norms — honest: ['1.39', '0.34', '0.53', '1.33', '1.18'], attacker: ['22.45', '9.90', '10.76', '10.64', '9.31']
2026-05-06 13:15:44 | INFO    | dpfl.core.base_simulator | Round 105/150 | Acc: 0.7952 | Loss: 0.5916 | eps_max: 6.93 eps_avg: 5.02 | P: 0.51 R: 1.00 F1: 0.92
2026-05-06 13:15:44 | DEBUG   | dpfl.core.base_simulator | Update norms — honest: ['0.35', '0.00', '1.47', '1.91', '0.21'], attacker: ['23.14', '10.04', '11.20', '10.79', '10.01']
2026-05-06 13:15:50 | INFO    | dpfl.core.base_simulator | Round 106/150 | Acc: 0.7952 | Loss: 0.5920 | eps_max: 6.93 eps_avg: 5.05 | P: 0.53 R: 1.00 F1: 0.86
2026-05-06 13:15:50 | DEBUG   | dpfl.core.base_simulator | Update norms — honest: ['0.32', '2.10', '1.10', '1.68', '0.97'], attacker: ['23.84', '9.94', '10.44', '11.34', '9.49']
2026-05-06 13:15:55 | INFO    | dpfl.core.base_simulator | Round 107/150 | Acc: 0.7953 | Loss: 0.5924 | eps_max: 6.93 eps_avg: 5.08 | P: 0.36 R: 1.00 F1: 0.92
2026-05-06 13:15:55 | DEBUG   | dpfl.core.base_simulator | Update norms — honest: ['1.45', '2.20', '2.79', '0.67', '1.08'], attacker: ['22.90', '10.09', '10.49', '10.19', '9.54']
2026-05-06 13:16:00 | INFO    | dpfl.core.base_simulator | Round 108/150 | Acc: 0.7954 | Loss: 0.5928 | eps_max: 6.93 eps_avg: 5.10 | P: 0.42 R: 1.00 F1: 0.87
2026-05-06 13:16:00 | DEBUG   | dpfl.core.base_simulator | Update norms — honest: ['3.34', '1.10', '2.21', '1.40', '0.15'], attacker: ['23.57', '10.15', '11.88', '10.80', '9.86']
2026-05-06 13:16:06 | INFO    | dpfl.core.base_simulator | Round 109/150 | Acc: 0.7952 | Loss: 0.5941 | eps_max: 6.93 eps_avg: 5.13 | P: 0.43 R: 1.00 F1: 0.91
2026-05-06 13:16:06 | DEBUG   | dpfl.core.base_simulator | Update norms — honest: ['2.02', '1.64', '0.80', '1.40', '0.36'], attacker: ['23.99', '10.10', '10.81', '11.16', '9.87']
2026-05-06 13:16:12 | INFO    | dpfl.core.base_simulator | Round 110/150 | Acc: 0.7951 | Loss: 0.5945 | eps_max: 6.93 eps_avg: 5.19 | P: 0.37 R: 1.00 F1: 0.90
2026-05-06 13:16:12 | DEBUG   | dpfl.core.base_simulator | Update norms — honest: ['1.08', '1.95', '0.24', '2.65', '0.23'], attacker: ['23.24', '10.57', '11.54', '10.18', '9.86']
2026-05-06 13:16:17 | INFO    | dpfl.core.base_simulator | Round 111/150 | Acc: 0.7952 | Loss: 0.5952 | eps_max: 6.93 eps_avg: 5.24 | P: 0.28 R: 1.00 F1: 0.88
2026-05-06 13:16:17 | DEBUG   | dpfl.core.base_simulator | Update norms — honest: ['0.00', '2.48', '0.72', '0.77', '0.93'], attacker: ['23.04', '9.23', '10.61', '10.46', '8.99']
2026-05-06 13:16:23 | INFO    | dpfl.core.base_simulator | Round 112/150 | Acc: 0.7950 | Loss: 0.5958 | eps_max: 6.93 eps_avg: 5.28 | P: 0.40 R: 1.00 F1: 0.87
2026-05-06 13:16:23 | DEBUG   | dpfl.core.base_simulator | Update norms — honest: ['2.54', '0.39', '2.02', '2.46', '1.52'], attacker: ['23.63', '9.72', '11.02', '10.39', '9.41']
2026-05-06 13:16:28 | INFO    | dpfl.core.base_simulator | Round 113/150 | Acc: 0.7954 | Loss: 0.5957 | eps_max: 6.93 eps_avg: 5.30 | P: 0.54 R: 1.00 F1: 0.91
2026-05-06 13:16:28 | DEBUG   | dpfl.core.base_simulator | Update norms — honest: ['1.03', '0.69', '0.92', '1.80', '1.98'], attacker: ['22.74', '9.51', '10.97', '9.98', '10.39']
2026-05-06 13:16:33 | INFO    | dpfl.core.base_simulator | Round 114/150 | Acc: 0.7952 | Loss: 0.5971 | eps_max: 6.93 eps_avg: 5.34 | P: 0.45 R: 1.00 F1: 0.89
2026-05-06 13:16:33 | DEBUG   | dpfl.core.base_simulator | Update norms — honest: ['2.30', '2.64', '0.64', '1.34', '0.25'], attacker: ['23.64', '9.61', '11.32', '10.60', '9.58']
2026-05-06 13:16:39 | INFO    | dpfl.core.base_simulator | Round 115/150 | Acc: 0.7949 | Loss: 0.5975 | eps_max: 7.01 eps_avg: 5.37 | P: 0.60 R: 1.00 F1: 0.91
2026-05-06 13:16:39 | DEBUG   | dpfl.core.base_simulator | Update norms — honest: ['2.32', '0.14', '0.79', '0.57', '2.23'], attacker: ['23.18', '9.56', '10.49', '9.65', '10.12']
2026-05-06 13:16:44 | INFO    | dpfl.core.base_simulator | Round 116/150 | Acc: 0.7952 | Loss: 0.5979 | eps_max: 7.07 eps_avg: 5.40 | P: 0.41 R: 1.00 F1: 0.95
2026-05-06 13:16:44 | DEBUG   | dpfl.core.base_simulator | Update norms — honest: ['0.00', '1.75', '0.71', '1.10', '1.05'], attacker: ['22.99', '9.55', '10.39', '10.68', '9.88']
2026-05-06 13:16:49 | INFO    | dpfl.core.base_simulator | Round 117/150 | Acc: 0.7951 | Loss: 0.5987 | eps_max: 7.07 eps_avg: 5.43 | P: 0.34 R: 1.00 F1: 0.88
2026-05-06 13:16:49 | DEBUG   | dpfl.core.base_simulator | Update norms — honest: ['1.03', '2.71', '0.40', '2.50', '2.31'], attacker: ['22.93', '10.50', '11.51', '10.71', '10.21']
2026-05-06 13:16:54 | INFO    | dpfl.core.base_simulator | Round 118/150 | Acc: 0.7950 | Loss: 0.5993 | eps_max: 7.25 eps_avg: 5.47 | P: 0.40 R: 1.00 F1: 0.91
2026-05-06 13:16:54 | DEBUG   | dpfl.core.base_simulator | Update norms — honest: ['1.73', '0.96', '1.77', '0.97', '1.89'], attacker: ['24.09', '9.90', '11.29', '11.02', '9.88']
2026-05-06 13:17:00 | INFO    | dpfl.core.base_simulator | Round 119/150 | Acc: 0.7949 | Loss: 0.6008 | eps_max: 7.25 eps_avg: 5.51 | P: 0.29 R: 1.00 F1: 0.91
2026-05-06 13:17:00 | DEBUG   | dpfl.core.base_simulator | Update norms — honest: ['1.81', '0.86', '1.48', '0.00', '2.28'], attacker: ['23.31', '9.33', '10.72', '10.37', '9.93']
2026-05-06 13:17:05 | INFO    | dpfl.core.base_simulator | Round 120/150 | Acc: 0.7947 | Loss: 0.6012 | eps_max: 7.25 eps_avg: 5.55 | P: 0.27 R: 1.00 F1: 0.85
2026-05-06 13:17:05 | DEBUG   | dpfl.core.base_simulator | Update norms — honest: ['1.40', '1.65', '1.85', '2.19', '0.50'], attacker: ['23.20', '10.40', '10.78', '10.03', '10.02']
2026-05-06 13:17:11 | INFO    | dpfl.core.base_simulator | Round 121/150 | Acc: 0.7948 | Loss: 0.6019 | eps_max: 7.31 eps_avg: 5.58 | P: 0.41 R: 1.00 F1: 0.93
2026-05-06 13:17:11 | DEBUG   | dpfl.core.base_simulator | Update norms — honest: ['2.06', '2.45', '2.26', '0.00', '1.67'], attacker: ['22.10', '10.18', '11.57', '10.87', '8.50']
2026-05-06 13:17:17 | INFO    | dpfl.core.base_simulator | Round 122/150 | Acc: 0.7945 | Loss: 0.6034 | eps_max: 7.46 eps_avg: 5.61 | P: 0.41 R: 1.00 F1: 0.94
2026-05-06 13:17:17 | DEBUG   | dpfl.core.base_simulator | Update norms — honest: ['2.94', '2.12', '1.23', '2.21', '0.60'], attacker: ['21.25', '10.14', '10.96', '11.36', '9.77']
2026-05-06 13:17:22 | INFO    | dpfl.core.base_simulator | Round 123/150 | Acc: 0.7947 | Loss: 0.6040 | eps_max: 7.46 eps_avg: 5.63 | P: 0.52 R: 1.00 F1: 0.89
2026-05-06 13:17:22 | DEBUG   | dpfl.core.base_simulator | Update norms — honest: ['0.82', '3.23', '1.70', '0.47', '0.81'], attacker: ['22.98', '10.22', '11.22', '11.10', '10.80']
2026-05-06 13:17:27 | INFO    | dpfl.core.base_simulator | Round 124/150 | Acc: 0.7945 | Loss: 0.6049 | eps_max: 7.46 eps_avg: 5.64 | P: 0.34 R: 1.00 F1: 0.87
2026-05-06 13:17:27 | DEBUG   | dpfl.core.base_simulator | Update norms — honest: ['2.78', '1.67', '2.36', '1.33', '0.68'], attacker: ['22.23', '9.86', '12.75', '10.38', '10.01']
2026-05-06 13:17:32 | INFO    | dpfl.core.base_simulator | Round 125/150 | Acc: 0.7946 | Loss: 0.6053 | eps_max: 7.46 eps_avg: 5.67 | P: 0.54 R: 1.00 F1: 0.92
2026-05-06 13:17:32 | DEBUG   | dpfl.core.base_simulator | Update norms — honest: ['0.99', '1.11', '2.30', '1.00', '1.41'], attacker: ['22.93', '9.61', '11.58', '9.72', '9.44']
2026-05-06 13:17:37 | INFO    | dpfl.core.base_simulator | Round 126/150 | Acc: 0.7942 | Loss: 0.6062 | eps_max: 7.46 eps_avg: 5.69 | P: 0.54 R: 1.00 F1: 0.93
2026-05-06 13:17:37 | DEBUG   | dpfl.core.base_simulator | Update norms — honest: ['1.68', '1.02', '1.60', '2.45', '0.98'], attacker: ['22.59', '10.28', '10.74', '11.17', '9.27']
2026-05-06 13:17:42 | INFO    | dpfl.core.base_simulator | Round 127/150 | Acc: 0.7945 | Loss: 0.6063 | eps_max: 7.46 eps_avg: 5.71 | P: 0.68 R: 1.00 F1: 0.94
2026-05-06 13:17:42 | DEBUG   | dpfl.core.base_simulator | Update norms — honest: ['1.50', '0.75', '1.30', '1.02', '2.02'], attacker: ['23.33', '9.82', '10.91', '10.61', '9.35']
2026-05-06 13:17:47 | INFO    | dpfl.core.base_simulator | Round 128/150 | Acc: 0.7944 | Loss: 0.6077 | eps_max: 7.46 eps_avg: 5.73 | P: 0.31 R: 1.00 F1: 0.87
2026-05-06 13:17:47 | DEBUG   | dpfl.core.base_simulator | Update norms — honest: ['2.32', '1.92', '0.76', '1.99', '0.69'], attacker: ['22.79', '10.55', '11.55', '10.73', '10.21']
2026-05-06 13:17:52 | INFO    | dpfl.core.base_simulator | Round 129/150 | Acc: 0.7946 | Loss: 0.6075 | eps_max: 7.46 eps_avg: 5.76 | P: 0.53 R: 1.00 F1: 0.86
2026-05-06 13:17:52 | DEBUG   | dpfl.core.base_simulator | Update norms — honest: ['0.92', '0.57', '0.35', '0.59', '0.83'], attacker: ['23.86', '9.45', '52.08', '41.21', '76.80']
2026-05-06 13:17:58 | INFO    | dpfl.core.base_simulator | Round 130/150 | Acc: 0.7944 | Loss: 0.6090 | eps_max: 7.46 eps_avg: 5.79 | P: 0.43 R: 1.00 F1: 0.89
2026-05-06 13:17:58 | DEBUG   | dpfl.core.base_simulator | Update norms — honest: ['2.49', '0.00', '1.25', '1.54', '0.85'], attacker: ['23.10', '10.22', '51.29', '40.87', '77.86']
2026-05-06 13:18:03 | INFO    | dpfl.core.base_simulator | Round 131/150 | Acc: 0.7944 | Loss: 0.6095 | eps_max: 7.46 eps_avg: 5.81 | P: 0.56 R: 1.00 F1: 0.94
2026-05-06 13:18:03 | DEBUG   | dpfl.core.base_simulator | Update norms — honest: ['0.81', '1.01', '0.73', '2.94', '0.95'], attacker: ['23.04', '10.24', '51.37', '38.94', '78.28']
2026-05-06 13:18:08 | INFO    | dpfl.core.base_simulator | Round 132/150 | Acc: 0.7945 | Loss: 0.6101 | eps_max: 7.47 eps_avg: 5.83 | P: 0.42 R: 1.00 F1: 0.82
2026-05-06 13:18:08 | DEBUG   | dpfl.core.base_simulator | Update norms — honest: ['0.69', '1.02', '0.80', '1.55', '0.19'], attacker: ['22.14', '9.16', '51.53', '40.26', '77.89']
2026-05-06 13:18:14 | INFO    | dpfl.core.base_simulator | Round 133/150 | Acc: 0.7943 | Loss: 0.6112 | eps_max: 7.59 eps_avg: 5.87 | P: 0.46 R: 1.00 F1: 0.87
2026-05-06 13:18:14 | DEBUG   | dpfl.core.base_simulator | Update norms — honest: ['3.08', '2.31', '2.24', '0.85', '1.72'], attacker: ['22.40', '9.93', '51.89', '39.17', '78.72']
2026-05-06 13:18:19 | INFO    | dpfl.core.base_simulator | Round 134/150 | Acc: 0.7941 | Loss: 0.6127 | eps_max: 7.59 eps_avg: 5.90 | P: 0.36 R: 1.00 F1: 0.88
2026-05-06 13:18:19 | DEBUG   | dpfl.core.base_simulator | Update norms — honest: ['2.01', '1.78', '0.81', '0.86', '1.22'], attacker: ['22.62', '9.67', '51.51', '40.58', '76.70']
2026-05-06 13:18:24 | INFO    | dpfl.core.base_simulator | Round 135/150 | Acc: 0.7942 | Loss: 0.6132 | eps_max: 7.59 eps_avg: 5.92 | P: 0.46 R: 1.00 F1: 0.94
2026-05-06 13:18:24 | DEBUG   | dpfl.core.base_simulator | Update norms — honest: ['2.78', '1.33', '1.73', '0.86', '1.22'], attacker: ['22.44', '9.84', '52.36', '40.57', '77.55']
2026-05-06 13:18:29 | INFO    | dpfl.core.base_simulator | Round 136/150 | Acc: 0.7942 | Loss: 0.6142 | eps_max: 7.59 eps_avg: 5.94 | P: 0.40 R: 1.00 F1: 0.94
2026-05-06 13:18:29 | DEBUG   | dpfl.core.base_simulator | Update norms — honest: ['1.69', '2.51', '0.76', '1.63', '1.32'], attacker: ['22.58', '9.48', '51.49', '40.99', '78.68']
2026-05-06 13:18:35 | INFO    | dpfl.core.base_simulator | Round 137/150 | Acc: 0.7940 | Loss: 0.6151 | eps_max: 7.61 eps_avg: 5.97 | P: 0.46 R: 1.00 F1: 0.84
2026-05-06 13:18:35 | DEBUG   | dpfl.core.base_simulator | Update norms — honest: ['1.38', '1.11', '0.48', '1.18', '1.52'], attacker: ['24.16', '9.55', '51.25', '41.01', '76.77']
2026-05-06 13:18:40 | INFO    | dpfl.core.base_simulator | Round 138/150 | Acc: 0.7936 | Loss: 0.6180 | eps_max: 7.74 eps_avg: 5.99 | P: 0.44 R: 1.00 F1: 0.91
2026-05-06 13:18:40 | DEBUG   | dpfl.core.base_simulator | Update norms — honest: ['1.69', '1.22', '0.70', '2.34', '0.40'], attacker: ['23.04', '10.00', '51.31', '40.66', '77.70']
2026-05-06 13:18:46 | INFO    | dpfl.core.base_simulator | Round 139/150 | Acc: 0.7937 | Loss: 0.6182 | eps_max: 7.74 eps_avg: 6.02 | P: 0.46 R: 1.00 F1: 0.85
2026-05-06 13:18:46 | DEBUG   | dpfl.core.base_simulator | Update norms — honest: ['2.46', '0.70', '0.48', '0.00', '0.00'], attacker: ['23.72', '9.44', '51.09', '39.44', '77.61']
2026-05-06 13:18:51 | INFO    | dpfl.core.base_simulator | Round 140/150 | Acc: 0.7936 | Loss: 0.6190 | eps_max: 7.74 eps_avg: 6.05 | P: 0.47 R: 1.00 F1: 0.85
2026-05-06 13:18:51 | DEBUG   | dpfl.core.base_simulator | Update norms — honest: ['2.25', '2.59', '1.65', '0.97', '2.17'], attacker: ['23.41', '9.77', '52.01', '40.20', '77.17']
2026-05-06 13:18:57 | INFO    | dpfl.core.base_simulator | Round 141/150 | Acc: 0.7937 | Loss: 0.6194 | eps_max: 7.74 eps_avg: 6.07 | P: 0.44 R: 1.00 F1: 0.93
2026-05-06 13:18:57 | DEBUG   | dpfl.core.base_simulator | Update norms — honest: ['1.36', '1.26', '1.72', '1.16', '0.95'], attacker: ['23.34', '9.79', '51.31', '40.98', '77.94']
2026-05-06 13:19:02 | INFO    | dpfl.core.base_simulator | Round 142/150 | Acc: 0.7934 | Loss: 0.6215 | eps_max: 7.86 eps_avg: 6.09 | P: 0.34 R: 1.00 F1: 0.78
2026-05-06 13:19:02 | DEBUG   | dpfl.core.base_simulator | Update norms — honest: ['2.81', '2.82', '1.58', '1.50', '0.60'], attacker: ['22.60', '9.75', '51.53', '41.50', '78.13']
2026-05-06 13:19:07 | INFO    | dpfl.core.base_simulator | Round 143/150 | Acc: 0.7934 | Loss: 0.6221 | eps_max: 7.86 eps_avg: 6.12 | P: 0.46 R: 1.00 F1: 0.85
2026-05-06 13:19:07 | DEBUG   | dpfl.core.base_simulator | Update norms — honest: ['0.54', '0.11', '3.03', '0.00', '0.00'], attacker: ['22.72', '10.15', '51.82', '40.85', '78.16']
2026-05-06 13:19:12 | INFO    | dpfl.core.base_simulator | Round 144/150 | Acc: 0.7935 | Loss: 0.6226 | eps_max: 7.86 eps_avg: 6.14 | P: 0.46 R: 1.00 F1: 0.83
2026-05-06 13:19:12 | DEBUG   | dpfl.core.base_simulator | Update norms — honest: ['0.00', '1.98', '0.07', '0.94', '1.75'], attacker: ['23.32', '10.19', '51.58', '40.08', '78.04']
2026-05-06 13:19:17 | INFO    | dpfl.core.base_simulator | Round 145/150 | Acc: 0.7933 | Loss: 0.6242 | eps_max: 7.86 eps_avg: 6.17 | P: 0.61 R: 1.00 F1: 0.90
2026-05-06 13:19:17 | DEBUG   | dpfl.core.base_simulator | Update norms — honest: ['1.27', '2.49', '2.67', '2.17', '0.98'], attacker: ['24.06', '9.63', '50.97', '39.92', '77.79']
2026-05-06 13:19:23 | INFO    | dpfl.core.base_simulator | Round 146/150 | Acc: 0.7931 | Loss: 0.6252 | eps_max: 7.86 eps_avg: 6.20 | P: 0.38 R: 1.00 F1: 0.89
2026-05-06 13:19:23 | DEBUG   | dpfl.core.base_simulator | Update norms — honest: ['1.68', '0.76', '3.44', '2.92', '0.40'], attacker: ['21.92', '9.39', '51.83', '40.60', '77.75']
2026-05-06 13:19:28 | INFO    | dpfl.core.base_simulator | Round 147/150 | Acc: 0.7933 | Loss: 0.6257 | eps_max: 7.86 eps_avg: 6.22 | P: 0.35 R: 1.00 F1: 0.91
2026-05-06 13:19:28 | DEBUG   | dpfl.core.base_simulator | Update norms — honest: ['0.46', '1.88', '0.93', '0.81', '1.95'], attacker: ['23.11', '9.90', '52.31', '40.04', '77.68']
2026-05-06 13:19:34 | INFO    | dpfl.core.base_simulator | Round 148/150 | Acc: 0.7931 | Loss: 0.6267 | eps_max: 7.86 eps_avg: 6.25 | P: 0.45 R: 1.00 F1: 0.90
2026-05-06 13:19:34 | DEBUG   | dpfl.core.base_simulator | Update norms — honest: ['1.52', '0.56', '1.64', '0.50', '1.93'], attacker: ['22.55', '9.57', '51.64', '39.96', '78.91']
2026-05-06 13:19:39 | INFO    | dpfl.core.base_simulator | Round 149/150 | Acc: 0.7931 | Loss: 0.6279 | eps_max: 7.86 eps_avg: 6.27 | P: 0.57 R: 1.00 F1: 0.95
2026-05-06 13:19:39 | DEBUG   | dpfl.core.base_simulator | Update norms — honest: ['2.04', '4.08', '2.04', '0.15', '1.19'], attacker: ['22.65', '10.43', '51.65', '40.86', '78.24']
2026-05-06 13:19:44 | INFO    | dpfl.core.base_simulator | Round 150/150 | Acc: 0.7930 | Loss: 0.6289 | eps_max: 7.86 eps_avg: 6.28 | P: 0.48 R: 1.00 F1: 0.93
2026-05-06 13:19:44 | DEBUG   | dpfl.core.base_simulator | Update norms — honest: ['2.61', '1.46', '1.04', '0.36', '2.25'], attacker: ['22.80', '9.92', '52.04', '39.89', '77.96']
2026-05-06 13:19:46 | INFO    | dpfl | Experiment complete in 1024.1s
============================================================
REPORT: DP-SGD Decentralized Federated Learning
============================================================
Timestamp:                  20260506_130240
Rounds completed:           150
Attack-active rounds:       100  (from round 50)
Final accuracy:             0.7930
Final test loss:            0.6289
Final epsilon (max honest): 7.86
Final epsilon (avg honest): 6.28
Best alpha:                 1000.0
Avg precision:              0.4172
Avg recall:                 1.0000
Avg F1 score:               0.8912
Avg update norm (honest):   1.0956
Avg update norm (attacker): 23.8237

eps_system (max honest): 7.8631
eps_avg (honest):        6.2841
eps_std (honest):        0.8272
n_frozen:                0/400
============================================================
