2026-05-05 23:43:19 | INFO    | dpfl | Experiment start: algorithm=trust_d2b, dataset=fashion_mnist, model=mlp, device=cuda
2026-05-05 23:43:19 | INFO    | dpfl | Config: nodes=500, attackers=300, rounds=150, noise_mode=none, attack=scale
2026-05-05 23:43:19 | INFO    | dpfl.data.fashion_mnist_dataset | Loading Fashion-MNIST dataset...
2026-05-05 23:43:19 | INFO    | dpfl.data.fashion_mnist_dataset | Fashion-MNIST loaded: 60000 train, 10000 test samples
2026-05-05 23:44:08 | INFO    | dpfl.core.base_simulator | Vectorized state ready: param_spec.D=50890, X_test=(10000, 1, 28, 28), train clients N=500, max_n_samples=1000
2026-05-05 23:44:08 | INFO    | dpfl.core.base_simulator | Setup complete: 500 nodes (300 attackers), param_dim=50890, split=iid
2026-05-05 23:44:08 | DEBUG   | dpfl.core.base_simulator | Attacker IDs: {0, 1, 2, 3, 4, 5, 6, 7, 8, 9, 10, 11, 12, 13, 14, 15, 16, 17, 18, 19, 20, 21, 22, 23, 24, 25, 26, 27, 28, 29, 30, 31, 32, 33, 34, 35, 36, 37, 38, 39, 40, 41, 42, 43, 44, 45, 46, 47, 48, 49, 50, 51, 52, 53, 54, 55, 56, 57, 58, 59, 60, 61, 62, 63, 64, 65, 66, 67, 68, 69, 70, 71, 72, 73, 74, 75, 76, 77, 78, 79, 80, 81, 82, 83, 84, 85, 86, 87, 88, 89, 90, 91, 92, 93, 94, 95, 96, 97, 98, 99, 100, 101, 102, 103, 104, 105, 106, 107, 108, 109, 110, 111, 112, 113, 114, 115, 116, 117, 118, 119, 120, 121, 122, 123, 124, 125, 126, 127, 128, 129, 130, 131, 132, 133, 134, 135, 136, 137, 138, 139, 140, 141, 142, 143, 144, 145, 146, 147, 148, 149, 150, 151, 152, 153, 154, 155, 156, 157, 158, 159, 160, 161, 162, 163, 164, 165, 166, 167, 168, 169, 170, 171, 172, 173, 174, 175, 176, 177, 178, 179, 180, 181, 182, 183, 184, 185, 186, 187, 188, 189, 190, 191, 192, 193, 194, 195, 196, 197, 198, 199, 200, 201, 202, 203, 204, 205, 206, 207, 208, 209, 210, 211, 212, 213, 214, 215, 216, 217, 218, 219, 220, 221, 222, 223, 224, 225, 226, 227, 228, 229, 230, 231, 232, 233, 234, 235, 236, 237, 238, 239, 240, 241, 242, 243, 244, 245, 246, 247, 248, 249, 250, 251, 252, 253, 254, 255, 256, 257, 258, 259, 260, 261, 262, 263, 264, 265, 266, 267, 268, 269, 270, 271, 272, 273, 274, 275, 276, 277, 278, 279, 280, 281, 282, 283, 284, 285, 286, 287, 288, 289, 290, 291, 292, 293, 294, 295, 296, 297, 298, 299}
2026-05-05 23:44:08 | INFO    | dpfl.algorithms.trust_aware.simulator | Trust-Aware D2B-DP: rounds=150, n_workers=5, layers=4, ρ∈[0.300,5.000]
2026-05-05 23:44:09 | DEBUG   | dpfl.algorithms.trust_aware.simulator | Round 0 Phase 1+2: 1.26s
2026-05-05 23:44:37 | INFO    | dpfl.core.base_simulator | Round   1/150 | Acc: 0.4566 | Loss: 1.9747 | eps_max: 0.26 eps_avg: 0.26 | P: nan R: nan F1: nan
2026-05-05 23:44:37 | DEBUG   | dpfl.core.base_simulator | Update norms — honest: ['0.23', '0.24'], attacker: ['0.23', '0.23', '0.24', '0.23', '0.24']
2026-05-05 23:44:38 | DEBUG   | dpfl.algorithms.trust_aware.simulator | Round 1 Phase 1+2: 1.14s
2026-05-05 23:45:08 | INFO    | dpfl.core.base_simulator | Round   2/150 | Acc: 0.5670 | Loss: 1.7172 | eps_max: 0.30 eps_avg: 0.30 | P: nan R: nan F1: nan
2026-05-05 23:45:08 | DEBUG   | dpfl.core.base_simulator | Update norms — honest: ['0.21', '0.21', '0.20', '0.21', '0.20'], attacker: ['0.23', '0.23', '0.23', '0.22', '0.24']
2026-05-05 23:45:09 | DEBUG   | dpfl.algorithms.trust_aware.simulator | Round 2 Phase 1+2: 1.13s
2026-05-05 23:45:41 | INFO    | dpfl.core.base_simulator | Round   3/150 | Acc: 0.6190 | Loss: 1.4963 | eps_max: 0.34 eps_avg: 0.34 | P: nan R: nan F1: nan
2026-05-05 23:45:41 | DEBUG   | dpfl.core.base_simulator | Update norms — honest: ['0.19', '0.19', '0.19', '0.18', '0.19'], attacker: ['0.21', '0.22', '0.22', '0.21', '0.22']
2026-05-05 23:45:42 | DEBUG   | dpfl.algorithms.trust_aware.simulator | Round 3 Phase 1+2: 1.14s
2026-05-05 23:46:15 | INFO    | dpfl.core.base_simulator | Round   4/150 | Acc: 0.6473 | Loss: 1.3245 | eps_max: 0.39 eps_avg: 0.39 | P: nan R: nan F1: nan
2026-05-05 23:46:15 | DEBUG   | dpfl.core.base_simulator | Update norms — honest: ['0.17', '0.17', '0.17', '0.17', '0.16'], attacker: ['0.20', '0.20', '0.21', '0.20', '0.21']
2026-05-05 23:46:16 | DEBUG   | dpfl.algorithms.trust_aware.simulator | Round 4 Phase 1+2: 1.11s
2026-05-05 23:46:50 | INFO    | dpfl.core.base_simulator | Round   5/150 | Acc: 0.6700 | Loss: 1.1928 | eps_max: 0.44 eps_avg: 0.44 | P: nan R: nan F1: nan
2026-05-05 23:46:50 | DEBUG   | dpfl.core.base_simulator | Update norms — honest: ['0.15', '0.14', '0.14', '0.14', '0.14'], attacker: ['0.18', '0.18', '0.18', '0.18', '0.19']
2026-05-05 23:46:51 | DEBUG   | dpfl.algorithms.trust_aware.simulator | Round 5 Phase 1+2: 0.19s
2026-05-05 23:47:24 | INFO    | dpfl.core.base_simulator | Round   6/150 | Acc: 0.6878 | Loss: 1.0954 | eps_max: 0.53 eps_avg: 0.53 | P: nan R: nan F1: nan
2026-05-05 23:47:24 | DEBUG   | dpfl.core.base_simulator | Update norms — honest: ['0.13', '0.14', '0.14', '0.13', '0.14'], attacker: ['0.16', '0.16', '0.16', '0.16', '0.16']
2026-05-05 23:47:25 | DEBUG   | dpfl.algorithms.trust_aware.simulator | Round 6 Phase 1+2: 0.20s
2026-05-05 23:47:57 | INFO    | dpfl.core.base_simulator | Round   7/150 | Acc: 0.6999 | Loss: 1.0229 | eps_max: 0.56 eps_avg: 0.56 | P: nan R: nan F1: nan
2026-05-05 23:47:57 | DEBUG   | dpfl.core.base_simulator | Update norms — honest: ['0.12', '0.11', '0.12', '0.11', '0.11'], attacker: ['0.14', '0.14', '0.14', '0.14', '0.14']
2026-05-05 23:47:57 | DEBUG   | dpfl.algorithms.trust_aware.simulator | Round 7 Phase 1+2: 0.20s
2026-05-05 23:48:28 | INFO    | dpfl.core.base_simulator | Round   8/150 | Acc: 0.7081 | Loss: 0.9685 | eps_max: 0.59 eps_avg: 0.59 | P: nan R: nan F1: nan
2026-05-05 23:48:28 | DEBUG   | dpfl.core.base_simulator | Update norms — honest: ['0.10', '0.10', '0.10', '0.10', '0.10'], attacker: ['0.12', '0.12', '0.12', '0.12', '0.12']
2026-05-05 23:48:28 | DEBUG   | dpfl.algorithms.trust_aware.simulator | Round 8 Phase 1+2: 0.20s
2026-05-05 23:48:57 | INFO    | dpfl.core.base_simulator | Round   9/150 | Acc: 0.7146 | Loss: 0.9252 | eps_max: 0.62 eps_avg: 0.62 | P: nan R: nan F1: nan
2026-05-05 23:48:57 | DEBUG   | dpfl.core.base_simulator | Update norms — honest: ['0.08', '0.09', '0.09', '0.10', '0.08'], attacker: ['0.11', '0.10', '0.11', '0.10', '0.10']
2026-05-05 23:48:57 | DEBUG   | dpfl.algorithms.trust_aware.simulator | Round 9 Phase 1+2: 0.20s
2026-05-05 23:49:24 | INFO    | dpfl.core.base_simulator | Round  10/150 | Acc: 0.7209 | Loss: 0.8889 | eps_max: 0.65 eps_avg: 0.65 | P: nan R: nan F1: nan
2026-05-05 23:49:24 | DEBUG   | dpfl.core.base_simulator | Update norms — honest: ['0.08', '0.08', '0.08', '0.08', '0.08'], attacker: ['0.10', '0.09', '0.09', '0.09', '0.09']
2026-05-05 23:49:24 | DEBUG   | dpfl.algorithms.trust_aware.simulator | Round 10 Phase 1+2: 0.20s
2026-05-05 23:49:48 | INFO    | dpfl.core.base_simulator | Round  11/150 | Acc: 0.7257 | Loss: 0.8591 | eps_max: 0.69 eps_avg: 0.69 | P: nan R: nan F1: nan
2026-05-05 23:49:48 | DEBUG   | dpfl.core.base_simulator | Update norms — honest: ['0.07', '0.07', '0.08', '0.07', '0.08'], attacker: ['0.10', '0.08', '0.08', '0.08', '0.08']
2026-05-05 23:49:48 | DEBUG   | dpfl.algorithms.trust_aware.simulator | Round 11 Phase 1+2: 0.20s
2026-05-05 23:50:10 | INFO    | dpfl.core.base_simulator | Round  12/150 | Acc: 0.7304 | Loss: 0.8334 | eps_max: 0.72 eps_avg: 0.72 | P: nan R: nan F1: nan
2026-05-05 23:50:10 | DEBUG   | dpfl.core.base_simulator | Update norms — honest: ['0.07', '0.07', '0.08', '0.07', '0.07'], attacker: ['0.08', '0.08', '0.08', '0.08', '0.08']
2026-05-05 23:50:11 | DEBUG   | dpfl.algorithms.trust_aware.simulator | Round 12 Phase 1+2: 1.12s
2026-05-05 23:50:30 | INFO    | dpfl.core.base_simulator | Round  13/150 | Acc: 0.7349 | Loss: 0.8112 | eps_max: 0.76 eps_avg: 0.76 | P: nan R: nan F1: nan
2026-05-05 23:50:30 | DEBUG   | dpfl.core.base_simulator | Update norms — honest: ['0.07', '0.07', '0.07', '0.07', '0.07'], attacker: ['0.08', '0.07', '0.08', '0.07', '0.07']
2026-05-05 23:50:31 | DEBUG   | dpfl.algorithms.trust_aware.simulator | Round 13 Phase 1+2: 1.13s
2026-05-05 23:50:51 | INFO    | dpfl.core.base_simulator | Round  14/150 | Acc: 0.7385 | Loss: 0.7919 | eps_max: 0.80 eps_avg: 0.80 | P: nan R: nan F1: nan
2026-05-05 23:50:51 | DEBUG   | dpfl.core.base_simulator | Update norms — honest: ['0.07', '0.06', '0.06', '0.06', '0.07'], attacker: ['0.08', '0.07', '0.07', '0.07', '0.07']
2026-05-05 23:50:52 | DEBUG   | dpfl.algorithms.trust_aware.simulator | Round 14 Phase 1+2: 1.12s
2026-05-05 23:51:11 | INFO    | dpfl.core.base_simulator | Round  15/150 | Acc: 0.7419 | Loss: 0.7752 | eps_max: 0.84 eps_avg: 0.84 | P: nan R: nan F1: nan
2026-05-05 23:51:11 | DEBUG   | dpfl.core.base_simulator | Update norms — honest: ['0.06', '0.06', '0.07', '0.06', '0.06'], attacker: ['0.07', '0.06', '0.07', '0.06', '0.06']
2026-05-05 23:51:12 | DEBUG   | dpfl.algorithms.trust_aware.simulator | Round 15 Phase 1+2: 1.13s
2026-05-05 23:51:33 | INFO    | dpfl.core.base_simulator | Round  16/150 | Acc: 0.7449 | Loss: 0.7605 | eps_max: 0.88 eps_avg: 0.88 | P: 0.00 R: nan F1: nan
2026-05-05 23:51:33 | DEBUG   | dpfl.core.base_simulator | Update norms — honest: ['0.06', '0.06', '0.06', '0.06', '0.06'], attacker: ['0.06', '0.06', '0.06', '0.06', '0.06']
2026-05-05 23:51:34 | DEBUG   | dpfl.algorithms.trust_aware.simulator | Round 16 Phase 1+2: 1.13s
2026-05-05 23:51:59 | INFO    | dpfl.core.base_simulator | Round  17/150 | Acc: 0.7476 | Loss: 0.7472 | eps_max: 0.91 eps_avg: 0.91 | P: 0.00 R: nan F1: nan
2026-05-05 23:51:59 | DEBUG   | dpfl.core.base_simulator | Update norms — honest: ['0.06', '0.05', '0.05', '0.05', '0.05'], attacker: ['0.06', '0.06', '0.06', '0.06', '0.06']
2026-05-05 23:52:00 | DEBUG   | dpfl.algorithms.trust_aware.simulator | Round 17 Phase 1+2: 1.10s
2026-05-05 23:52:34 | INFO    | dpfl.core.base_simulator | Round  18/150 | Acc: 0.7505 | Loss: 0.7356 | eps_max: 0.95 eps_avg: 0.95 | P: nan R: nan F1: nan
2026-05-05 23:52:34 | DEBUG   | dpfl.core.base_simulator | Update norms — honest: ['0.05', '0.05', '0.05', '0.05', '0.06'], attacker: ['0.06', '0.06', '0.06', '0.06', '0.06']
2026-05-05 23:52:34 | DEBUG   | dpfl.algorithms.trust_aware.simulator | Round 18 Phase 1+2: 0.20s
2026-05-05 23:53:07 | INFO    | dpfl.core.base_simulator | Round  19/150 | Acc: 0.7531 | Loss: 0.7251 | eps_max: 0.98 eps_avg: 0.98 | P: nan R: nan F1: nan
2026-05-05 23:53:07 | DEBUG   | dpfl.core.base_simulator | Update norms — honest: ['0.05', '0.05', '0.05', '0.05', '0.05'], attacker: ['0.06', '0.06', '0.05', '0.06', '0.06']
2026-05-05 23:53:07 | DEBUG   | dpfl.algorithms.trust_aware.simulator | Round 19 Phase 1+2: 0.20s
2026-05-05 23:53:36 | INFO    | dpfl.core.base_simulator | Round  20/150 | Acc: 0.7550 | Loss: 0.7154 | eps_max: 1.02 eps_avg: 1.02 | P: 0.00 R: nan F1: nan
2026-05-05 23:53:36 | DEBUG   | dpfl.core.base_simulator | Update norms — honest: ['0.05', '0.05', '0.05', '0.05', '0.05'], attacker: ['0.05', '0.05', '0.05', '0.05', '0.05']
2026-05-05 23:53:36 | DEBUG   | dpfl.algorithms.trust_aware.simulator | Round 20 Phase 1+2: 0.22s
2026-05-05 23:54:03 | INFO    | dpfl.core.base_simulator | Round  21/150 | Acc: 0.7574 | Loss: 0.7066 | eps_max: 1.06 eps_avg: 1.06 | P: nan R: nan F1: nan
2026-05-05 23:54:03 | DEBUG   | dpfl.core.base_simulator | Update norms — honest: ['0.05', '0.05', '0.05', '0.04', '0.05'], attacker: ['0.05', '0.05', '0.05', '0.05', '0.05']
2026-05-05 23:54:03 | DEBUG   | dpfl.algorithms.trust_aware.simulator | Round 21 Phase 1+2: 0.20s
2026-05-05 23:54:25 | INFO    | dpfl.core.base_simulator | Round  22/150 | Acc: 0.7591 | Loss: 0.6988 | eps_max: 1.10 eps_avg: 1.10 | P: nan R: nan F1: nan
2026-05-05 23:54:25 | DEBUG   | dpfl.core.base_simulator | Update norms — honest: ['0.04', '0.04', '0.05', '0.05', '0.05'], attacker: ['0.05', '0.05', '0.05', '0.05', '0.05']
2026-05-05 23:54:26 | DEBUG   | dpfl.algorithms.trust_aware.simulator | Round 22 Phase 1+2: 0.61s
2026-05-05 23:54:43 | INFO    | dpfl.core.base_simulator | Round  23/150 | Acc: 0.7611 | Loss: 0.6913 | eps_max: 1.15 eps_avg: 1.15 | P: nan R: nan F1: nan
2026-05-05 23:54:43 | DEBUG   | dpfl.core.base_simulator | Update norms — honest: ['0.05', '0.05', '0.05', '0.05', '0.04'], attacker: ['0.05', '0.05', '0.05', '0.05', '0.05']
2026-05-05 23:54:45 | DEBUG   | dpfl.algorithms.trust_aware.simulator | Round 23 Phase 1+2: 1.13s
2026-05-05 23:55:01 | INFO    | dpfl.core.base_simulator | Round  24/150 | Acc: 0.7628 | Loss: 0.6845 | eps_max: 1.19 eps_avg: 1.19 | P: 0.00 R: nan F1: nan
2026-05-05 23:55:01 | DEBUG   | dpfl.core.base_simulator | Update norms — honest: ['0.05', '0.04', '0.04', '0.05', '0.04'], attacker: ['0.05', '0.05', '0.04', '0.04', '0.04']
2026-05-05 23:55:02 | DEBUG   | dpfl.algorithms.trust_aware.simulator | Round 24 Phase 1+2: 1.13s
2026-05-05 23:55:19 | INFO    | dpfl.core.base_simulator | Round  25/150 | Acc: 0.7644 | Loss: 0.6784 | eps_max: 1.22 eps_avg: 1.22 | P: nan R: nan F1: nan
2026-05-05 23:55:19 | DEBUG   | dpfl.core.base_simulator | Update norms — honest: ['0.05', '0.04', '0.04', '0.04', '0.04'], attacker: ['0.05', '0.05', '0.04', '0.04', '0.05']
2026-05-05 23:55:20 | DEBUG   | dpfl.algorithms.trust_aware.simulator | Round 25 Phase 1+2: 1.13s
2026-05-05 23:55:42 | INFO    | dpfl.core.base_simulator | Round  26/150 | Acc: 0.7660 | Loss: 0.6728 | eps_max: 1.26 eps_avg: 1.26 | P: nan R: nan F1: nan
2026-05-05 23:55:42 | DEBUG   | dpfl.core.base_simulator | Update norms — honest: ['0.04', '0.05', '0.04', '0.04', '0.05'], attacker: ['0.04', '0.05', '0.04', '0.04', '0.04']
2026-05-05 23:55:43 | DEBUG   | dpfl.algorithms.trust_aware.simulator | Round 26 Phase 1+2: 1.13s
2026-05-05 23:56:11 | INFO    | dpfl.core.base_simulator | Round  27/150 | Acc: 0.7673 | Loss: 0.6669 | eps_max: 1.29 eps_avg: 1.29 | P: nan R: nan F1: nan
2026-05-05 23:56:11 | DEBUG   | dpfl.core.base_simulator | Update norms — honest: ['0.04', '0.04', '0.04', '0.04', '0.04'], attacker: ['0.04', '0.04', '0.04', '0.04', '0.04']
2026-05-05 23:56:12 | DEBUG   | dpfl.algorithms.trust_aware.simulator | Round 27 Phase 1+2: 1.13s
2026-05-05 23:56:43 | INFO    | dpfl.core.base_simulator | Round  28/150 | Acc: 0.7689 | Loss: 0.6621 | eps_max: 1.32 eps_avg: 1.32 | P: nan R: nan F1: nan
2026-05-05 23:56:43 | DEBUG   | dpfl.core.base_simulator | Update norms — honest: ['0.04', '0.04', '0.04', '0.04', '0.04'], attacker: ['0.05', '0.04', '0.04', '0.04', '0.04']
2026-05-05 23:56:44 | DEBUG   | dpfl.algorithms.trust_aware.simulator | Round 28 Phase 1+2: 0.83s
2026-05-05 23:57:19 | INFO    | dpfl.core.base_simulator | Round  29/150 | Acc: 0.7703 | Loss: 0.6571 | eps_max: 1.36 eps_avg: 1.36 | P: 0.00 R: nan F1: nan
2026-05-05 23:57:19 | DEBUG   | dpfl.core.base_simulator | Update norms — honest: ['0.04', '0.04', '0.04', '0.04', '0.04'], attacker: ['0.04', '0.04', '0.04', '0.04', '0.04']
2026-05-05 23:57:20 | DEBUG   | dpfl.algorithms.trust_aware.simulator | Round 29 Phase 1+2: 0.20s
2026-05-05 23:57:50 | INFO    | dpfl.core.base_simulator | Round  30/150 | Acc: 0.7714 | Loss: 0.6530 | eps_max: 1.39 eps_avg: 1.39 | P: nan R: nan F1: nan
2026-05-05 23:57:50 | DEBUG   | dpfl.core.base_simulator | Update norms — honest: ['0.04', '0.04', '0.04', '0.04', '0.04'], attacker: ['0.04', '0.04', '0.04', '0.04', '0.04']
2026-05-05 23:57:50 | DEBUG   | dpfl.algorithms.trust_aware.simulator | Round 30 Phase 1+2: 0.20s
2026-05-05 23:58:16 | INFO    | dpfl.core.base_simulator | Round  31/150 | Acc: 0.7726 | Loss: 0.6486 | eps_max: 1.43 eps_avg: 1.43 | P: nan R: nan F1: nan
2026-05-05 23:58:16 | DEBUG   | dpfl.core.base_simulator | Update norms — honest: ['0.04', '0.04', '0.04', '0.04', '0.04'], attacker: ['0.04', '0.04', '0.04', '0.04', '0.04']
2026-05-05 23:58:16 | DEBUG   | dpfl.algorithms.trust_aware.simulator | Round 31 Phase 1+2: 0.20s
2026-05-05 23:58:37 | INFO    | dpfl.core.base_simulator | Round  32/150 | Acc: 0.7737 | Loss: 0.6449 | eps_max: 1.47 eps_avg: 1.47 | P: nan R: nan F1: nan
2026-05-05 23:58:37 | DEBUG   | dpfl.core.base_simulator | Update norms — honest: ['0.04', '0.04', '0.04', '0.04', '0.04'], attacker: ['0.04', '0.04', '0.04', '0.04', '0.04']
2026-05-05 23:58:37 | DEBUG   | dpfl.algorithms.trust_aware.simulator | Round 32 Phase 1+2: 0.23s
2026-05-05 23:58:51 | INFO    | dpfl.core.base_simulator | Round  33/150 | Acc: 0.7747 | Loss: 0.6411 | eps_max: 1.51 eps_avg: 1.51 | P: 0.00 R: nan F1: nan
2026-05-05 23:58:51 | DEBUG   | dpfl.core.base_simulator | Update norms — honest: ['0.04', '0.04', '0.04', '0.04', '0.04'], attacker: ['0.04', '0.05', '0.04', '0.04', '0.04']
2026-05-05 23:58:52 | DEBUG   | dpfl.algorithms.trust_aware.simulator | Round 33 Phase 1+2: 1.12s
2026-05-05 23:59:05 | INFO    | dpfl.core.base_simulator | Round  34/150 | Acc: 0.7760 | Loss: 0.6375 | eps_max: 1.56 eps_avg: 1.56 | P: nan R: nan F1: nan
2026-05-05 23:59:05 | DEBUG   | dpfl.core.base_simulator | Update norms — honest: ['0.03', '0.04', '0.04', '0.04', '0.04'], attacker: ['0.04', '0.04', '0.04', '0.04', '0.04']
2026-05-05 23:59:06 | DEBUG   | dpfl.algorithms.trust_aware.simulator | Round 34 Phase 1+2: 1.14s
2026-05-05 23:59:25 | INFO    | dpfl.core.base_simulator | Round  35/150 | Acc: 0.7767 | Loss: 0.6344 | eps_max: 1.60 eps_avg: 1.60 | P: 0.00 R: nan F1: nan
2026-05-05 23:59:25 | DEBUG   | dpfl.core.base_simulator | Update norms — honest: ['0.04', '0.03', '0.03', '0.04', '0.04'], attacker: ['0.04', '0.04', '0.04', '0.04', '0.04']
2026-05-05 23:59:26 | DEBUG   | dpfl.algorithms.trust_aware.simulator | Round 35 Phase 1+2: 1.13s
2026-05-05 23:59:50 | INFO    | dpfl.core.base_simulator | Round  36/150 | Acc: 0.7779 | Loss: 0.6310 | eps_max: 1.63 eps_avg: 1.63 | P: nan R: nan F1: nan
2026-05-05 23:59:50 | DEBUG   | dpfl.core.base_simulator | Update norms — honest: ['0.03', '0.03', '0.03', '0.04', '0.04'], attacker: ['0.04', '0.04', '0.04', '0.04', '0.04']
2026-05-05 23:59:51 | DEBUG   | dpfl.algorithms.trust_aware.simulator | Round 36 Phase 1+2: 1.12s
2026-05-06 00:00:21 | INFO    | dpfl.core.base_simulator | Round  37/150 | Acc: 0.7784 | Loss: 0.6287 | eps_max: 1.67 eps_avg: 1.67 | P: 0.00 R: nan F1: nan
2026-05-06 00:00:21 | DEBUG   | dpfl.core.base_simulator | Update norms — honest: ['0.03', '0.03', '0.04', '0.03', '0.04'], attacker: ['0.05', '0.04', '0.03', '0.04', '0.04']
2026-05-06 00:00:22 | DEBUG   | dpfl.algorithms.trust_aware.simulator | Round 37 Phase 1+2: 1.10s
2026-05-06 00:00:57 | INFO    | dpfl.core.base_simulator | Round  38/150 | Acc: 0.7792 | Loss: 0.6262 | eps_max: 1.70 eps_avg: 1.70 | P: 0.00 R: nan F1: nan
2026-05-06 00:00:57 | DEBUG   | dpfl.core.base_simulator | Update norms — honest: ['0.04', '0.04', '0.04', '0.04', '0.03'], attacker: ['0.03', '0.04', '0.03', '0.04', '0.04']
2026-05-06 00:00:58 | DEBUG   | dpfl.algorithms.trust_aware.simulator | Round 38 Phase 1+2: 0.20s
2026-05-06 00:01:31 | INFO    | dpfl.core.base_simulator | Round  39/150 | Acc: 0.7801 | Loss: 0.6230 | eps_max: 1.74 eps_avg: 1.74 | P: 0.00 R: nan F1: nan
2026-05-06 00:01:31 | DEBUG   | dpfl.core.base_simulator | Update norms — honest: ['0.04', '0.04', '0.04', '0.03', '0.04'], attacker: ['0.03', '0.04', '0.04', '0.04', '0.04']
2026-05-06 00:01:31 | DEBUG   | dpfl.algorithms.trust_aware.simulator | Round 39 Phase 1+2: 0.20s
2026-05-06 00:01:59 | INFO    | dpfl.core.base_simulator | Round  40/150 | Acc: 0.7807 | Loss: 0.6208 | eps_max: 1.78 eps_avg: 1.78 | P: 0.00 R: nan F1: nan
2026-05-06 00:01:59 | DEBUG   | dpfl.core.base_simulator | Update norms — honest: ['0.03', '0.03', '0.03', '0.04', '0.04'], attacker: ['0.03', '0.04', '0.03', '0.04', '0.04']
2026-05-06 00:02:00 | DEBUG   | dpfl.algorithms.trust_aware.simulator | Round 40 Phase 1+2: 1.12s
2026-05-06 00:02:34 | INFO    | dpfl.core.base_simulator | Round  41/150 | Acc: 0.7816 | Loss: 0.6184 | eps_max: 1.82 eps_avg: 1.82 | P: nan R: nan F1: nan
2026-05-06 00:02:34 | DEBUG   | dpfl.core.base_simulator | Update norms — honest: ['0.04', '0.04', '0.04', '0.04', '0.04'], attacker: ['0.04', '0.04', '0.03', '0.03', '0.04']
2026-05-06 00:02:35 | DEBUG   | dpfl.algorithms.trust_aware.simulator | Round 41 Phase 1+2: 1.14s
2026-05-06 00:03:01 | INFO    | dpfl.core.base_simulator | Round  42/150 | Acc: 0.7824 | Loss: 0.6163 | eps_max: 1.86 eps_avg: 1.86 | P: 0.00 R: nan F1: nan
2026-05-06 00:03:01 | DEBUG   | dpfl.core.base_simulator | Update norms — honest: ['0.04', '0.03', '0.04', '0.03', '0.04'], attacker: ['0.03', '0.04', '0.03', '0.04', '0.03']
2026-05-06 00:03:03 | DEBUG   | dpfl.algorithms.trust_aware.simulator | Round 42 Phase 1+2: 1.11s
2026-05-06 00:03:28 | INFO    | dpfl.core.base_simulator | Round  43/150 | Acc: 0.7829 | Loss: 0.6142 | eps_max: 1.90 eps_avg: 1.90 | P: nan R: nan F1: nan
2026-05-06 00:03:28 | DEBUG   | dpfl.core.base_simulator | Update norms — honest: ['0.04', '0.03', '0.03', '0.05', '0.03'], attacker: ['0.03', '0.04', '0.03', '0.03', '0.03']
2026-05-06 00:03:29 | DEBUG   | dpfl.algorithms.trust_aware.simulator | Round 43 Phase 1+2: 1.11s
2026-05-06 00:04:05 | INFO    | dpfl.core.base_simulator | Round  44/150 | Acc: 0.7836 | Loss: 0.6120 | eps_max: 1.95 eps_avg: 1.95 | P: 0.00 R: nan F1: nan
2026-05-06 00:04:05 | DEBUG   | dpfl.core.base_simulator | Update norms — honest: ['0.03', '0.03', '0.04', '0.03', '0.03'], attacker: ['0.04', '0.03', '0.03', '0.04', '0.04']
2026-05-06 00:04:06 | DEBUG   | dpfl.algorithms.trust_aware.simulator | Round 44 Phase 1+2: 1.14s
2026-05-06 00:04:31 | INFO    | dpfl.core.base_simulator | Round  45/150 | Acc: 0.7843 | Loss: 0.6100 | eps_max: 2.00 eps_avg: 2.00 | P: 0.00 R: nan F1: nan
2026-05-06 00:04:31 | DEBUG   | dpfl.core.base_simulator | Update norms — honest: ['0.03', '0.03', '0.03', '0.03', '0.03'], attacker: ['0.03', '0.03', '0.03', '0.04', '0.03']
2026-05-06 00:04:32 | DEBUG   | dpfl.algorithms.trust_aware.simulator | Round 45 Phase 1+2: 1.14s
2026-05-06 00:04:58 | INFO    | dpfl.core.base_simulator | Round  46/150 | Acc: 0.7847 | Loss: 0.6082 | eps_max: 2.04 eps_avg: 2.04 | P: 0.00 R: nan F1: nan
2026-05-06 00:04:58 | DEBUG   | dpfl.core.base_simulator | Update norms — honest: ['0.03', '0.04', '0.03', '0.04', '0.03'], attacker: ['0.03', '0.04', '0.03', '0.04', '0.03']
2026-05-06 00:04:58 | DEBUG   | dpfl.algorithms.trust_aware.simulator | Round 46 Phase 1+2: 0.46s
2026-05-06 00:05:34 | INFO    | dpfl.core.base_simulator | Round  47/150 | Acc: 0.7853 | Loss: 0.6066 | eps_max: 2.08 eps_avg: 2.08 | P: nan R: nan F1: nan
2026-05-06 00:05:34 | DEBUG   | dpfl.core.base_simulator | Update norms — honest: ['0.04', '0.03', '0.03', '0.04', '0.03'], attacker: ['0.03', '0.04', '0.03', '0.04', '0.03']
2026-05-06 00:05:35 | DEBUG   | dpfl.algorithms.trust_aware.simulator | Round 47 Phase 1+2: 1.12s
2026-05-06 00:06:02 | INFO    | dpfl.core.base_simulator | Round  48/150 | Acc: 0.7858 | Loss: 0.6050 | eps_max: 2.11 eps_avg: 2.11 | P: 0.00 R: nan F1: nan
2026-05-06 00:06:02 | DEBUG   | dpfl.core.base_simulator | Update norms — honest: ['0.04', '0.03', '0.03', '0.03', '0.04'], attacker: ['0.03', '0.03', '0.03', '0.03', '0.03']
2026-05-06 00:06:03 | DEBUG   | dpfl.algorithms.trust_aware.simulator | Round 48 Phase 1+2: 1.12s
2026-05-06 00:06:27 | INFO    | dpfl.core.base_simulator | Round  49/150 | Acc: 0.7864 | Loss: 0.6035 | eps_max: 2.15 eps_avg: 2.15 | P: nan R: nan F1: nan
2026-05-06 00:06:27 | DEBUG   | dpfl.core.base_simulator | Update norms — honest: ['0.04', '0.04', '0.03', '0.03', '0.03'], attacker: ['0.03', '0.04', '0.03', '0.04', '0.03']
2026-05-06 00:06:27 | DEBUG   | dpfl.algorithms.trust_aware.simulator | Round 49 Phase 1+2: 0.20s
2026-05-06 00:07:03 | INFO    | dpfl.core.base_simulator | Round  50/150 | Acc: 0.7870 | Loss: 0.6018 | eps_max: 2.19 eps_avg: 2.19 | P: nan R: nan F1: nan
2026-05-06 00:07:03 | DEBUG   | dpfl.core.base_simulator | Update norms — honest: ['0.03', '0.03', '0.03', '0.03', '0.03'], attacker: ['0.03', '0.03', '0.03', '0.04', '0.04']
2026-05-06 00:07:04 | DEBUG   | dpfl.algorithms.trust_aware.simulator | Round 50 Phase 1+2: 0.51s
2026-05-06 00:07:27 | INFO    | dpfl.core.base_simulator | Round  51/150 | Acc: 0.7871 | Loss: 0.6008 | eps_max: 2.22 eps_avg: 2.22 | P: 1.00 R: 0.88 F1: 0.93
2026-05-06 00:07:27 | DEBUG   | dpfl.core.base_simulator | Update norms — honest: ['0.03', '0.03', '0.03', '0.04', '0.03'], attacker: ['0.67', '0.66', '0.62', '0.69', '0.64']
2026-05-06 00:07:28 | DEBUG   | dpfl.algorithms.trust_aware.simulator | Round 51 Phase 1+2: 0.52s
2026-05-06 00:07:56 | INFO    | dpfl.core.base_simulator | Round  52/150 | Acc: 0.7864 | Loss: 0.6023 | eps_max: 2.26 eps_avg: 2.26 | P: 1.00 R: 0.43 F1: 0.60
2026-05-06 00:07:56 | DEBUG   | dpfl.core.base_simulator | Update norms — honest: ['0.04', '0.03', '0.04', '0.03', '0.03'], attacker: ['1.78', '2.02', '1.49', '1.92', '2.20']
2026-05-06 00:07:56 | DEBUG   | dpfl.algorithms.trust_aware.simulator | Round 52 Phase 1+2: 0.51s
2026-05-06 00:08:27 | INFO    | dpfl.core.base_simulator | Round  53/150 | Acc: 0.7823 | Loss: 0.6365 | eps_max: 2.30 eps_avg: 2.30 | P: 1.00 R: 0.32 F1: 0.52
2026-05-06 00:08:27 | DEBUG   | dpfl.core.base_simulator | Update norms — honest: ['0.03', '0.04', '0.04', '0.03', '0.04'], attacker: ['11.72', '12.73', '8.06', '12.29', '9.78']
2026-05-06 00:08:27 | DEBUG   | dpfl.algorithms.trust_aware.simulator | Round 53 Phase 1+2: 0.54s
2026-05-06 00:09:01 | INFO    | dpfl.core.base_simulator | Round  54/150 | Acc: 0.7877 | Loss: 0.5998 | eps_max: 2.34 eps_avg: 2.34 | P: 1.00 R: 0.95 F1: 0.97
2026-05-06 00:09:01 | DEBUG   | dpfl.core.base_simulator | Update norms — honest: ['0.03', '0.03', '0.03', '0.04', '0.03'], attacker: ['53.38', '51.69', '32.07', '51.17', '40.64']
2026-05-06 00:09:01 | DEBUG   | dpfl.algorithms.trust_aware.simulator | Round 54 Phase 1+2: 0.14s
2026-05-06 00:09:33 | INFO    | dpfl.core.base_simulator | Round  55/150 | Acc: 0.7889 | Loss: 0.5960 | eps_max: 2.39 eps_avg: 2.39 | P: 1.00 R: 1.00 F1: 1.00
2026-05-06 00:09:33 | DEBUG   | dpfl.core.base_simulator | Update norms — honest: ['0.04', '0.03', '0.03', '0.03', '0.03'], attacker: ['278.98', '260.91', '150.50', '266.75', '212.01']
2026-05-06 00:09:33 | DEBUG   | dpfl.algorithms.trust_aware.simulator | Round 55 Phase 1+2: 0.14s
2026-05-06 00:10:03 | INFO    | dpfl.core.base_simulator | Round  56/150 | Acc: 0.7883 | Loss: 0.5994 | eps_max: 2.43 eps_avg: 2.43 | P: 1.00 R: 1.00 F1: 1.00
2026-05-06 00:10:03 | DEBUG   | dpfl.core.base_simulator | Update norms — honest: ['0.03', '0.03', '0.03', '0.03', '0.03'], attacker: ['1479.30', '1339.09', '763.27', '1400.33', '1142.57']
2026-05-06 00:10:03 | DEBUG   | dpfl.algorithms.trust_aware.simulator | Round 56 Phase 1+2: 0.14s
2026-05-06 00:10:29 | INFO    | dpfl.core.base_simulator | Round  57/150 | Acc: 0.7895 | Loss: 0.5942 | eps_max: 2.48 eps_avg: 2.48 | P: 1.00 R: 1.00 F1: 1.00
2026-05-06 00:10:29 | DEBUG   | dpfl.core.base_simulator | Update norms — honest: ['0.03', '0.03', '0.03', '0.03', '0.03'], attacker: ['7370.24', '6993.98', '3984.22', '7199.36', '6108.88']
2026-05-06 00:10:30 | DEBUG   | dpfl.algorithms.trust_aware.simulator | Round 57 Phase 1+2: 0.14s
2026-05-06 00:10:54 | INFO    | dpfl.core.base_simulator | Round  58/150 | Acc: 0.7888 | Loss: 0.5988 | eps_max: 2.52 eps_avg: 2.52 | P: 1.00 R: 1.00 F1: 1.00
2026-05-06 00:10:54 | DEBUG   | dpfl.core.base_simulator | Update norms — honest: ['0.04', '0.03', '0.03', '0.04', '0.05'], attacker: ['38404.96', '34746.40', '20591.53', '36745.46', '31305.14']
2026-05-06 00:10:55 | DEBUG   | dpfl.algorithms.trust_aware.simulator | Round 58 Phase 1+2: 0.14s
2026-05-06 00:11:18 | INFO    | dpfl.core.base_simulator | Round  59/150 | Acc: 0.7896 | Loss: 0.5950 | eps_max: 2.57 eps_avg: 2.57 | P: 1.00 R: 1.00 F1: 1.00
2026-05-06 00:11:18 | DEBUG   | dpfl.core.base_simulator | Update norms — honest: ['0.03', '0.03', '0.03', '0.04', '0.03'], attacker: ['188318.84', '189385.95', '108231.49', '192872.30', '160245.02']
2026-05-06 00:11:18 | DEBUG   | dpfl.algorithms.trust_aware.simulator | Round 59 Phase 1+2: 0.24s
2026-05-06 00:11:40 | INFO    | dpfl.core.base_simulator | Round  60/150 | Acc: 0.7906 | Loss: 0.5913 | eps_max: 2.62 eps_avg: 2.62 | P: 1.00 R: 1.00 F1: 1.00
2026-05-06 00:11:40 | DEBUG   | dpfl.core.base_simulator | Update norms — honest: ['0.03', '0.03', '0.03', '0.03', '0.05'], attacker: ['981040.31', '965756.50', '531544.31', '985382.94', '784882.44']
2026-05-06 00:11:40 | DEBUG   | dpfl.algorithms.trust_aware.simulator | Round 60 Phase 1+2: 0.49s
2026-05-06 00:11:59 | INFO    | dpfl.core.base_simulator | Round  61/150 | Acc: 0.7909 | Loss: 0.5906 | eps_max: 2.67 eps_avg: 2.67 | P: 1.00 R: 1.00 F1: 1.00
2026-05-06 00:11:59 | DEBUG   | dpfl.core.base_simulator | Update norms — honest: ['0.03', '0.03', '0.03', '0.04', '0.04'], attacker: ['4805026.50', '4791369.00', '2682982.50', '5050172.50', '4034127.00']
2026-05-06 00:12:00 | DEBUG   | dpfl.algorithms.trust_aware.simulator | Round 61 Phase 1+2: 0.53s
2026-05-06 00:12:18 | INFO    | dpfl.core.base_simulator | Round  62/150 | Acc: 0.7902 | Loss: 0.5945 | eps_max: 2.73 eps_avg: 2.73 | P: 1.00 R: 1.00 F1: 1.00
2026-05-06 00:12:18 | DEBUG   | dpfl.core.base_simulator | Update norms — honest: ['0.03', '0.03', '0.03', '0.03', '0.03'], attacker: ['24247864.00', '22666050.00', '14101407.00', '24667610.00', '20175214.00']
2026-05-06 00:12:18 | DEBUG   | dpfl.algorithms.trust_aware.simulator | Round 62 Phase 1+2: 0.52s
2026-05-06 00:12:36 | INFO    | dpfl.core.base_simulator | Round  63/150 | Acc: 0.7908 | Loss: 0.5919 | eps_max: 2.78 eps_avg: 2.78 | P: 0.99 R: 1.00 F1: 0.99
2026-05-06 00:12:36 | DEBUG   | dpfl.core.base_simulator | Update norms — honest: ['0.02', '0.03', '0.03', '0.03', '0.03'], attacker: ['121508592.00', '118582304.00', '71450536.00', '123597888.00', '100357040.00']
2026-05-06 00:12:37 | DEBUG   | dpfl.algorithms.trust_aware.simulator | Round 63 Phase 1+2: 0.52s
2026-05-06 00:12:54 | INFO    | dpfl.core.base_simulator | Round  64/150 | Acc: 0.7915 | Loss: 0.5886 | eps_max: 2.84 eps_avg: 2.84 | P: 0.99 R: 1.00 F1: 0.99
2026-05-06 00:12:54 | DEBUG   | dpfl.core.base_simulator | Update norms — honest: ['0.03', '0.03', '0.03', '0.03', '0.03'], attacker: ['624146560.00', '602539072.00', '363785440.00', '640137984.00', '509703616.00']
2026-05-06 00:12:54 | DEBUG   | dpfl.algorithms.trust_aware.simulator | Round 64 Phase 1+2: 0.53s
2026-05-06 00:13:14 | INFO    | dpfl.core.base_simulator | Round  65/150 | Acc: 0.7918 | Loss: 0.5881 | eps_max: 2.88 eps_avg: 2.88 | P: 0.98 R: 1.00 F1: 0.99
2026-05-06 00:13:14 | DEBUG   | dpfl.core.base_simulator | Update norms — honest: ['0.03', '0.03', '0.03', '0.03', '0.03'], attacker: ['3147655680.00', '3062813440.00', '1773830784.00', '3236695808.00', '2519692288.00']
2026-05-06 00:13:15 | DEBUG   | dpfl.algorithms.trust_aware.simulator | Round 65 Phase 1+2: 0.53s
2026-05-06 00:13:37 | INFO    | dpfl.core.base_simulator | Round  66/150 | Acc: 0.7917 | Loss: 0.5895 | eps_max: 2.91 eps_avg: 2.91 | P: 1.00 R: 1.00 F1: 1.00
2026-05-06 00:13:37 | DEBUG   | dpfl.core.base_simulator | Update norms — honest: ['0.03', '0.03', '0.03', '0.03', '0.03'], attacker: ['15813122048.00', '15992482816.00', '8796229632.00', '16194662400.00', '13013188608.00']
2026-05-06 00:13:38 | DEBUG   | dpfl.algorithms.trust_aware.simulator | Round 66 Phase 1+2: 0.52s
2026-05-06 00:14:04 | INFO    | dpfl.core.base_simulator | Round  67/150 | Acc: 0.7927 | Loss: 0.5867 | eps_max: 2.95 eps_avg: 2.95 | P: 1.00 R: 1.00 F1: 1.00
2026-05-06 00:14:04 | DEBUG   | dpfl.core.base_simulator | Update norms — honest: ['0.03', '0.04', '0.03', '0.03', '0.03'], attacker: ['82594013184.00', '82335735808.00', '46403354624.00', '80870367232.00', '63502458880.00']
2026-05-06 00:14:04 | DEBUG   | dpfl.algorithms.trust_aware.simulator | Round 67 Phase 1+2: 0.53s
2026-05-06 00:14:34 | INFO    | dpfl.core.base_simulator | Round  68/150 | Acc: 0.7928 | Loss: 0.5859 | eps_max: 2.99 eps_avg: 2.99 | P: 0.98 R: 1.00 F1: 0.99
2026-05-06 00:14:34 | DEBUG   | dpfl.core.base_simulator | Update norms — honest: ['0.03', '0.03', '0.04', '0.03', '0.02'], attacker: ['417101479936.00', '391523893248.00', '235637833728.00', '413541302272.00', '332896141312.00']
2026-05-06 00:14:35 | DEBUG   | dpfl.algorithms.trust_aware.simulator | Round 68 Phase 1+2: 0.52s
2026-05-06 00:15:08 | INFO    | dpfl.core.base_simulator | Round  69/150 | Acc: 0.7928 | Loss: 0.5860 | eps_max: 3.02 eps_avg: 3.02 | P: 0.99 R: 1.00 F1: 1.00
2026-05-06 00:15:08 | DEBUG   | dpfl.core.base_simulator | Update norms — honest: ['0.03', '0.03', '0.04', '0.04', '0.03'], attacker: ['2145606434816.00', '2042907852800.00', '1167130886144.00', '2081089126400.00', '1748511621120.00']
2026-05-06 00:15:08 | DEBUG   | dpfl.algorithms.trust_aware.simulator | Round 69 Phase 1+2: 0.13s
2026-05-06 00:15:41 | INFO    | dpfl.core.base_simulator | Round  70/150 | Acc: 0.7933 | Loss: 0.5849 | eps_max: 3.06 eps_avg: 3.06 | P: 1.00 R: 1.00 F1: 1.00
2026-05-06 00:15:41 | DEBUG   | dpfl.core.base_simulator | Update norms — honest: ['0.04', '0.03', '0.03', '0.03', '0.03'], attacker: ['11079805566976.00', '10175189614592.00', '5679796453376.00', '10341249449984.00', '8901166628864.00']
2026-05-06 00:15:41 | DEBUG   | dpfl.algorithms.trust_aware.simulator | Round 70 Phase 1+2: 0.14s
2026-05-06 00:16:11 | INFO    | dpfl.core.base_simulator | Round  71/150 | Acc: 0.7933 | Loss: 0.5844 | eps_max: 3.10 eps_avg: 3.10 | P: 0.99 R: 1.00 F1: 1.00
2026-05-06 00:16:11 | DEBUG   | dpfl.core.base_simulator | Update norms — honest: ['0.03', '0.03', '0.03', '0.03', '0.04'], attacker: ['52246184198144.00', '51550907006976.00', '27859406028800.00', '52903553269760.00', '44216138858496.00']
2026-05-06 00:16:11 | DEBUG   | dpfl.algorithms.trust_aware.simulator | Round 71 Phase 1+2: 0.14s
2026-05-06 00:16:38 | INFO    | dpfl.core.base_simulator | Round  72/150 | Acc: 0.7936 | Loss: 0.5840 | eps_max: 3.14 eps_avg: 3.14 | P: 1.00 R: 1.00 F1: 1.00
2026-05-06 00:16:38 | DEBUG   | dpfl.core.base_simulator | Update norms — honest: ['0.04', '0.03', '0.04'], attacker: ['274205375463424.00', '264717608157184.00', '142327515447296.00', '272365183303680.00', '222348342984704.00']
2026-05-06 00:16:39 | DEBUG   | dpfl.algorithms.trust_aware.simulator | Round 72 Phase 1+2: 0.13s
2026-05-06 00:17:03 | INFO    | dpfl.core.base_simulator | Round  73/150 | Acc: 0.7938 | Loss: 0.5838 | eps_max: 3.18 eps_avg: 3.18 | P: 1.00 R: 1.00 F1: 1.00
2026-05-06 00:17:03 | DEBUG   | dpfl.core.base_simulator | Update norms — honest: ['0.03', '0.03', '0.04', '0.03', '0.03'], attacker: ['1381777281122304.00', '1345960877752320.00', '716598516121600.00', '1344565818687488.00', '1127180478185472.00']
2026-05-06 00:17:03 | DEBUG   | dpfl.algorithms.trust_aware.simulator | Round 73 Phase 1+2: 0.14s
2026-05-06 00:17:26 | INFO    | dpfl.core.base_simulator | Round  74/150 | Acc: 0.7939 | Loss: 0.5835 | eps_max: 3.23 eps_avg: 3.23 | P: 1.00 R: 1.00 F1: 1.00
2026-05-06 00:17:26 | DEBUG   | dpfl.core.base_simulator | Update norms — honest: ['0.03', '0.03', '0.03', '0.04', '0.03'], attacker: ['6940910889730048.00', '6731785710862336.00', '3659872360988672.00', '7104629674344448.00', '5914458803142656.00']
2026-05-06 00:17:26 | DEBUG   | dpfl.algorithms.trust_aware.simulator | Round 74 Phase 1+2: 0.14s
2026-05-06 00:17:47 | INFO    | dpfl.core.base_simulator | Round  75/150 | Acc: 0.7942 | Loss: 0.5830 | eps_max: 3.27 eps_avg: 3.27 | P: 1.00 R: 1.00 F1: 1.00
2026-05-06 00:17:47 | DEBUG   | dpfl.core.base_simulator | Update norms — honest: ['0.03', '0.04', '0.04', '0.03', '0.03'], attacker: ['34971631621242880.00', '34259341359972352.00', '18774835354140672.00', '34858691161227264.00', '29053714295685120.00']
2026-05-06 00:17:47 | DEBUG   | dpfl.algorithms.trust_aware.simulator | Round 75 Phase 1+2: 0.14s
2026-05-06 00:18:06 | INFO    | dpfl.core.base_simulator | Round  76/150 | Acc: 0.7942 | Loss: 0.5827 | eps_max: 3.31 eps_avg: 3.31 | P: 0.99 R: 1.00 F1: 1.00
2026-05-06 00:18:06 | DEBUG   | dpfl.core.base_simulator | Update norms — honest: ['0.04', '0.03', '0.03', '0.03', '0.03'], attacker: ['173541589568716800.00', '172280226393358336.00', '93832811940675584.00', '179684750011662336.00', '143985995459592192.00']
2026-05-06 00:18:06 | DEBUG   | dpfl.algorithms.trust_aware.simulator | Round 76 Phase 1+2: 0.14s
2026-05-06 00:18:23 | INFO    | dpfl.core.base_simulator | Round  77/150 | Acc: 0.7945 | Loss: 0.5825 | eps_max: 3.36 eps_avg: 3.36 | P: 1.00 R: 1.00 F1: 1.00
2026-05-06 00:18:23 | DEBUG   | dpfl.core.base_simulator | Update norms — honest: ['0.02', '0.03', '0.03', '0.03', '0.02'], attacker: ['881472149796159488.00', '900413917644193792.00', '468178132780711936.00', '878839575361880064.00', '752114881666220032.00']
2026-05-06 00:18:24 | DEBUG   | dpfl.algorithms.trust_aware.simulator | Round 77 Phase 1+2: 0.53s
2026-05-06 00:18:40 | INFO    | dpfl.core.base_simulator | Round  78/150 | Acc: 0.7944 | Loss: 0.5831 | eps_max: 3.40 eps_avg: 3.40 | P: 0.98 R: 1.00 F1: 0.99
2026-05-06 00:18:40 | DEBUG   | dpfl.core.base_simulator | Update norms — honest: ['0.04', '0.03', '0.02', '0.03', '0.03'], attacker: ['4470284974804697088.00', '4374376774537052160.00', '2297404532348420096.00', '4379481532146909184.00', '3623494995161382912.00']
2026-05-06 00:18:40 | DEBUG   | dpfl.algorithms.trust_aware.simulator | Round 78 Phase 1+2: 0.51s
2026-05-06 00:18:55 | INFO    | dpfl.core.base_simulator | Round  79/150 | Acc: 0.7948 | Loss: 0.5819 | eps_max: 3.45 eps_avg: 3.45 | P: 1.00 R: 1.00 F1: 1.00
2026-05-06 00:18:55 | DEBUG   | dpfl.core.base_simulator | Update norms — honest: ['0.02', '0.03', '0.03', '0.02', '0.03'], attacker: ['inf', 'inf', '11552740196856365056.00', 'inf', '17909596359657259008.00']
2026-05-06 00:18:56 | DEBUG   | dpfl.algorithms.trust_aware.simulator | Round 79 Phase 1+2: 0.51s
2026-05-06 00:19:11 | INFO    | dpfl.core.base_simulator | Round  80/150 | Acc: 0.7950 | Loss: 0.5816 | eps_max: 3.50 eps_avg: 3.50 | P: 1.00 R: 1.00 F1: 1.00
2026-05-06 00:19:11 | DEBUG   | dpfl.core.base_simulator | Update norms — honest: ['0.03', '0.03', '0.03', '0.03', '0.03'], attacker: ['nan', 'nan', 'inf', 'nan', 'nan']
2026-05-06 00:19:11 | DEBUG   | dpfl.algorithms.trust_aware.simulator | Round 80 Phase 1+2: 0.53s
2026-05-06 00:19:29 | INFO    | dpfl.core.base_simulator | Round  81/150 | Acc: 0.7951 | Loss: 0.5816 | eps_max: 3.55 eps_avg: 3.55 | P: 1.00 R: 1.00 F1: 1.00
2026-05-06 00:19:29 | DEBUG   | dpfl.core.base_simulator | Update norms — honest: ['0.03', '0.03', '0.03', '0.03', '0.03'], attacker: ['nan', 'nan', 'nan', 'nan', 'nan']
2026-05-06 00:19:29 | DEBUG   | dpfl.algorithms.trust_aware.simulator | Round 81 Phase 1+2: 0.51s
2026-05-06 00:19:50 | INFO    | dpfl.core.base_simulator | Round  82/150 | Acc: 0.7951 | Loss: 0.5817 | eps_max: 3.60 eps_avg: 3.60 | P: 1.00 R: 1.00 F1: 1.00
2026-05-06 00:19:50 | DEBUG   | dpfl.core.base_simulator | Update norms — honest: ['0.03', '0.03', '0.04', '0.03', '0.03'], attacker: ['nan', 'nan', 'nan', 'nan', 'nan']
2026-05-06 00:19:50 | DEBUG   | dpfl.algorithms.trust_aware.simulator | Round 82 Phase 1+2: 0.50s
2026-05-06 00:20:15 | INFO    | dpfl.core.base_simulator | Round  83/150 | Acc: 0.7955 | Loss: 0.5810 | eps_max: 3.65 eps_avg: 3.65 | P: 1.00 R: 1.00 F1: 1.00
2026-05-06 00:20:15 | DEBUG   | dpfl.core.base_simulator | Update norms — honest: ['0.03', '0.03', '0.03'], attacker: ['nan', 'nan', 'nan', 'nan', 'nan']
2026-05-06 00:20:15 | DEBUG   | dpfl.algorithms.trust_aware.simulator | Round 83 Phase 1+2: 0.52s
2026-05-06 00:20:43 | INFO    | dpfl.core.base_simulator | Round  84/150 | Acc: 0.7955 | Loss: 0.5814 | eps_max: 3.71 eps_avg: 3.71 | P: 1.00 R: 1.00 F1: 1.00
2026-05-06 00:20:43 | DEBUG   | dpfl.core.base_simulator | Update norms — honest: ['0.03', '0.02', '0.04', '0.03', '0.03'], attacker: ['nan', 'nan', 'nan', 'nan', 'nan']
2026-05-06 00:20:44 | DEBUG   | dpfl.algorithms.trust_aware.simulator | Round 84 Phase 1+2: 0.51s
2026-05-06 00:21:16 | INFO    | dpfl.core.base_simulator | Round  85/150 | Acc: 0.7950 | Loss: 0.5835 | eps_max: 3.76 eps_avg: 3.76 | P: 1.00 R: 1.00 F1: 1.00
2026-05-06 00:21:16 | DEBUG   | dpfl.core.base_simulator | Update norms — honest: ['0.02', '0.02', '0.04', '0.02', '0.03'], attacker: ['nan', 'nan', 'nan', 'nan', 'nan']
2026-05-06 00:21:16 | DEBUG   | dpfl.algorithms.trust_aware.simulator | Round 85 Phase 1+2: 0.50s
2026-05-06 00:21:51 | INFO    | dpfl.core.base_simulator | Round  86/150 | Acc: 0.7957 | Loss: 0.5812 | eps_max: 3.82 eps_avg: 3.82 | P: 1.00 R: 1.00 F1: 1.00
2026-05-06 00:21:51 | DEBUG   | dpfl.core.base_simulator | Update norms — honest: ['0.03', '0.04', '0.03', '0.03', '0.03'], attacker: ['nan', 'nan', 'nan', 'nan', 'nan']
2026-05-06 00:21:51 | DEBUG   | dpfl.algorithms.trust_aware.simulator | Round 86 Phase 1+2: 0.14s
2026-05-06 00:22:24 | INFO    | dpfl.core.base_simulator | Round  87/150 | Acc: 0.7958 | Loss: 0.5811 | eps_max: 3.87 eps_avg: 3.87 | P: 1.00 R: 1.00 F1: 1.00
2026-05-06 00:22:24 | DEBUG   | dpfl.core.base_simulator | Update norms — honest: ['0.03', '0.03', '0.03', '0.02', '0.02'], attacker: ['nan', 'nan', 'nan', 'nan', 'nan']
2026-05-06 00:22:25 | DEBUG   | dpfl.algorithms.trust_aware.simulator | Round 87 Phase 1+2: 0.14s
2026-05-06 00:22:57 | INFO    | dpfl.core.base_simulator | Round  88/150 | Acc: 0.7960 | Loss: 0.5813 | eps_max: 3.92 eps_avg: 3.92 | P: 0.97 R: 1.00 F1: 0.98
2026-05-06 00:22:57 | DEBUG   | dpfl.core.base_simulator | Update norms — honest: ['0.02', '0.03', '0.02', '0.02', '0.02'], attacker: ['nan', 'nan', 'nan', 'nan', 'nan']
2026-05-06 00:22:57 | DEBUG   | dpfl.algorithms.trust_aware.simulator | Round 88 Phase 1+2: 0.14s
2026-05-06 00:23:28 | INFO    | dpfl.core.base_simulator | Round  89/150 | Acc: 0.7961 | Loss: 0.5808 | eps_max: 3.96 eps_avg: 3.96 | P: 1.00 R: 1.00 F1: 1.00
2026-05-06 00:23:28 | DEBUG   | dpfl.core.base_simulator | Update norms — honest: ['0.04', '0.03', '0.02', '0.03', '0.03'], attacker: ['nan', 'nan', 'nan', 'nan', 'nan']
2026-05-06 00:23:28 | DEBUG   | dpfl.algorithms.trust_aware.simulator | Round 89 Phase 1+2: 0.14s
2026-05-06 00:23:57 | INFO    | dpfl.core.base_simulator | Round  90/150 | Acc: 0.7959 | Loss: 0.5812 | eps_max: 4.00 eps_avg: 4.00 | P: 0.99 R: 1.00 F1: 0.99
2026-05-06 00:23:57 | DEBUG   | dpfl.core.base_simulator | Update norms — honest: ['0.02', '0.03', '0.02', '0.02', '0.02'], attacker: ['nan', 'nan', 'nan', 'nan', 'nan']
2026-05-06 00:23:57 | DEBUG   | dpfl.algorithms.trust_aware.simulator | Round 90 Phase 1+2: 0.14s
2026-05-06 00:24:25 | INFO    | dpfl.core.base_simulator | Round  91/150 | Acc: 0.7963 | Loss: 0.5810 | eps_max: 4.05 eps_avg: 4.05 | P: 1.00 R: 1.00 F1: 1.00
2026-05-06 00:24:25 | DEBUG   | dpfl.core.base_simulator | Update norms — honest: ['0.02', '0.02', '0.03', '0.02', '0.03'], attacker: ['nan', 'nan', 'nan', 'nan', 'nan']
2026-05-06 00:24:25 | DEBUG   | dpfl.algorithms.trust_aware.simulator | Round 91 Phase 1+2: 0.13s
2026-05-06 00:24:50 | INFO    | dpfl.core.base_simulator | Round  92/150 | Acc: 0.7964 | Loss: 0.5809 | eps_max: 4.09 eps_avg: 4.09 | P: 1.00 R: 1.00 F1: 1.00
2026-05-06 00:24:50 | DEBUG   | dpfl.core.base_simulator | Update norms — honest: ['0.02', '0.03', '0.03', '0.02', '0.03'], attacker: ['nan', 'nan', 'nan', 'nan', 'nan']
2026-05-06 00:24:50 | DEBUG   | dpfl.algorithms.trust_aware.simulator | Round 92 Phase 1+2: 0.14s
2026-05-06 00:25:14 | INFO    | dpfl.core.base_simulator | Round  93/150 | Acc: 0.7963 | Loss: 0.5811 | eps_max: 4.14 eps_avg: 4.14 | P: 0.99 R: 1.00 F1: 1.00
2026-05-06 00:25:14 | DEBUG   | dpfl.core.base_simulator | Update norms — honest: ['0.03', '0.03', '0.03', '0.03', '0.02'], attacker: ['nan', 'nan', 'nan', 'nan', 'nan']
2026-05-06 00:25:14 | DEBUG   | dpfl.algorithms.trust_aware.simulator | Round 93 Phase 1+2: 0.14s
2026-05-06 00:25:35 | INFO    | dpfl.core.base_simulator | Round  94/150 | Acc: 0.7969 | Loss: 0.5805 | eps_max: 4.18 eps_avg: 4.18 | P: 0.99 R: 1.00 F1: 0.99
2026-05-06 00:25:35 | DEBUG   | dpfl.core.base_simulator | Update norms — honest: ['0.03', '0.02', '0.03', '0.03', '0.02'], attacker: ['nan', 'nan', 'nan', 'nan', 'nan']
2026-05-06 00:25:35 | DEBUG   | dpfl.algorithms.trust_aware.simulator | Round 94 Phase 1+2: 0.14s
2026-05-06 00:25:54 | INFO    | dpfl.core.base_simulator | Round  95/150 | Acc: 0.7967 | Loss: 0.5815 | eps_max: 4.23 eps_avg: 4.23 | P: 1.00 R: 1.00 F1: 1.00
2026-05-06 00:25:54 | DEBUG   | dpfl.core.base_simulator | Update norms — honest: ['0.03', '0.03', '0.02', '0.02', '0.02'], attacker: ['nan', 'nan', 'nan', 'nan', 'nan']
2026-05-06 00:25:54 | DEBUG   | dpfl.algorithms.trust_aware.simulator | Round 95 Phase 1+2: 0.14s
2026-05-06 00:26:11 | INFO    | dpfl.core.base_simulator | Round  96/150 | Acc: 0.7966 | Loss: 0.5813 | eps_max: 4.28 eps_avg: 4.28 | P: 1.00 R: 1.00 F1: 1.00
2026-05-06 00:26:11 | DEBUG   | dpfl.core.base_simulator | Update norms — honest: ['0.03', '0.02', '0.02', '0.03', '0.03'], attacker: ['nan', 'nan', 'nan', 'nan', 'nan']
2026-05-06 00:26:11 | DEBUG   | dpfl.algorithms.trust_aware.simulator | Round 96 Phase 1+2: 0.14s
2026-05-06 00:26:25 | INFO    | dpfl.core.base_simulator | Round  97/150 | Acc: 0.7966 | Loss: 0.5818 | eps_max: 4.33 eps_avg: 4.33 | P: 1.00 R: 1.00 F1: 1.00
2026-05-06 00:26:25 | DEBUG   | dpfl.core.base_simulator | Update norms — honest: ['0.02', '0.03', '0.03', '0.02', '0.03'], attacker: ['nan', 'nan', 'nan', 'nan', 'nan']
2026-05-06 00:26:26 | DEBUG   | dpfl.algorithms.trust_aware.simulator | Round 97 Phase 1+2: 0.53s
2026-05-06 00:26:39 | INFO    | dpfl.core.base_simulator | Round  98/150 | Acc: 0.7969 | Loss: 0.5814 | eps_max: 4.38 eps_avg: 4.38 | P: 1.00 R: 1.00 F1: 1.00
2026-05-06 00:26:39 | DEBUG   | dpfl.core.base_simulator | Update norms — honest: ['0.03', '0.03', '0.03', '0.03', '0.02'], attacker: ['nan', 'nan', 'nan', 'nan', 'nan']
2026-05-06 00:26:39 | DEBUG   | dpfl.algorithms.trust_aware.simulator | Round 98 Phase 1+2: 0.51s
2026-05-06 00:26:51 | INFO    | dpfl.core.base_simulator | Round  99/150 | Acc: 0.7969 | Loss: 0.5817 | eps_max: 4.43 eps_avg: 4.43 | P: 1.00 R: 1.00 F1: 1.00
2026-05-06 00:26:51 | DEBUG   | dpfl.core.base_simulator | Update norms — honest: ['0.03', '0.02', '0.02', '0.04', '0.02'], attacker: ['nan', 'nan', 'nan', 'nan', 'nan']
2026-05-06 00:26:52 | DEBUG   | dpfl.algorithms.trust_aware.simulator | Round 99 Phase 1+2: 0.51s
2026-05-06 00:27:06 | INFO    | dpfl.core.base_simulator | Round 100/150 | Acc: 0.7971 | Loss: 0.5820 | eps_max: 4.49 eps_avg: 4.49 | P: 1.00 R: 1.00 F1: 1.00
2026-05-06 00:27:06 | DEBUG   | dpfl.core.base_simulator | Update norms — honest: ['0.02', '0.03', '0.03', '0.03', '0.02'], attacker: ['nan', 'nan', 'nan', 'nan', 'nan']
2026-05-06 00:27:06 | DEBUG   | dpfl.algorithms.trust_aware.simulator | Round 100 Phase 1+2: 0.52s
2026-05-06 00:27:23 | INFO    | dpfl.core.base_simulator | Round 101/150 | Acc: 0.7971 | Loss: 0.5817 | eps_max: 4.54 eps_avg: 4.54 | P: 1.00 R: 1.00 F1: 1.00
2026-05-06 00:27:23 | DEBUG   | dpfl.core.base_simulator | Update norms — honest: ['0.03', '0.03', '0.03', '0.03', '0.02'], attacker: ['nan', 'nan', 'nan', 'nan', 'nan']
2026-05-06 00:27:24 | DEBUG   | dpfl.algorithms.trust_aware.simulator | Round 101 Phase 1+2: 0.52s
2026-05-06 00:27:44 | INFO    | dpfl.core.base_simulator | Round 102/150 | Acc: 0.7972 | Loss: 0.5835 | eps_max: 4.60 eps_avg: 4.60 | P: 1.00 R: 1.00 F1: 1.00
2026-05-06 00:27:44 | DEBUG   | dpfl.core.base_simulator | Update norms — honest: ['0.02', '0.02', '0.03', '0.03', '0.03'], attacker: ['nan', 'nan', 'nan', 'nan', 'nan']
2026-05-06 00:27:44 | DEBUG   | dpfl.algorithms.trust_aware.simulator | Round 102 Phase 1+2: 0.52s
2026-05-06 00:28:07 | INFO    | dpfl.core.base_simulator | Round 103/150 | Acc: 0.7969 | Loss: 0.5836 | eps_max: 4.65 eps_avg: 4.65 | P: 0.99 R: 1.00 F1: 0.99
2026-05-06 00:28:07 | DEBUG   | dpfl.core.base_simulator | Update norms — honest: ['0.03', '0.03', '0.03', '0.03', '0.02'], attacker: ['nan', 'nan', 'nan', 'nan', 'nan']
2026-05-06 00:28:08 | DEBUG   | dpfl.algorithms.trust_aware.simulator | Round 103 Phase 1+2: 0.53s
2026-05-06 00:28:34 | INFO    | dpfl.core.base_simulator | Round 104/150 | Acc: 0.7974 | Loss: 0.5827 | eps_max: 4.71 eps_avg: 4.71 | P: 1.00 R: 1.00 F1: 1.00
2026-05-06 00:28:34 | DEBUG   | dpfl.core.base_simulator | Update norms — honest: ['0.02', '0.04', '0.03', '0.03', '0.03'], attacker: ['nan', 'nan', 'nan', 'nan', 'nan']
2026-05-06 00:28:34 | DEBUG   | dpfl.algorithms.trust_aware.simulator | Round 104 Phase 1+2: 0.52s
2026-05-06 00:29:02 | INFO    | dpfl.core.base_simulator | Round 105/150 | Acc: 0.7972 | Loss: 0.5831 | eps_max: 4.77 eps_avg: 4.77 | P: 1.00 R: 1.00 F1: 1.00
2026-05-06 00:29:02 | DEBUG   | dpfl.core.base_simulator | Update norms — honest: ['0.02', '0.02', '0.02', '0.02', '0.02'], attacker: ['nan', 'nan', 'nan', 'nan', 'nan']
2026-05-06 00:29:03 | DEBUG   | dpfl.algorithms.trust_aware.simulator | Round 105 Phase 1+2: 0.51s
2026-05-06 00:29:34 | INFO    | dpfl.core.base_simulator | Round 106/150 | Acc: 0.7974 | Loss: 0.5829 | eps_max: 4.83 eps_avg: 4.83 | P: 1.00 R: 1.00 F1: 1.00
2026-05-06 00:29:34 | DEBUG   | dpfl.core.base_simulator | Update norms — honest: ['0.03', '0.02', '0.02', '0.03'], attacker: ['nan', 'nan', 'nan', 'nan', 'nan']
2026-05-06 00:29:35 | DEBUG   | dpfl.algorithms.trust_aware.simulator | Round 106 Phase 1+2: 0.53s
2026-05-06 00:30:09 | INFO    | dpfl.core.base_simulator | Round 107/150 | Acc: 0.7975 | Loss: 0.5832 | eps_max: 4.90 eps_avg: 4.90 | P: 1.00 R: 1.00 F1: 1.00
2026-05-06 00:30:09 | DEBUG   | dpfl.core.base_simulator | Update norms — honest: ['0.03', '0.03', '0.02', '0.02', '0.03'], attacker: ['nan', 'nan', 'nan', 'nan', 'nan']
2026-05-06 00:30:10 | DEBUG   | dpfl.algorithms.trust_aware.simulator | Round 107 Phase 1+2: 0.54s
2026-05-06 00:30:45 | INFO    | dpfl.core.base_simulator | Round 108/150 | Acc: 0.7976 | Loss: 0.5832 | eps_max: 4.96 eps_avg: 4.96 | P: 0.98 R: 1.00 F1: 0.99
2026-05-06 00:30:45 | DEBUG   | dpfl.core.base_simulator | Update norms — honest: ['0.03', '0.02', '0.02', '0.02', '0.02'], attacker: ['nan', 'nan', 'nan', 'nan', 'nan']
2026-05-06 00:30:45 | DEBUG   | dpfl.algorithms.trust_aware.simulator | Round 108 Phase 1+2: 0.14s
2026-05-06 00:31:17 | INFO    | dpfl.core.base_simulator | Round 109/150 | Acc: 0.7976 | Loss: 0.5839 | eps_max: 5.02 eps_avg: 5.02 | P: 1.00 R: 1.00 F1: 1.00
2026-05-06 00:31:17 | DEBUG   | dpfl.core.base_simulator | Update norms — honest: ['0.03', '0.02', '0.02', '0.02', '0.02'], attacker: ['nan', 'nan', 'nan', 'nan', 'nan']
2026-05-06 00:31:17 | DEBUG   | dpfl.algorithms.trust_aware.simulator | Round 109 Phase 1+2: 0.14s
2026-05-06 00:31:48 | INFO    | dpfl.core.base_simulator | Round 110/150 | Acc: 0.7978 | Loss: 0.5837 | eps_max: 5.09 eps_avg: 5.09 | P: 0.99 R: 1.00 F1: 1.00
2026-05-06 00:31:48 | DEBUG   | dpfl.core.base_simulator | Update norms — honest: ['0.03', '0.03', '0.02', '0.03', '0.02'], attacker: ['nan', 'nan', 'nan', 'nan', 'nan']
2026-05-06 00:31:48 | DEBUG   | dpfl.algorithms.trust_aware.simulator | Round 110 Phase 1+2: 0.14s
2026-05-06 00:32:17 | INFO    | dpfl.core.base_simulator | Round 111/150 | Acc: 0.7977 | Loss: 0.5842 | eps_max: 5.16 eps_avg: 5.16 | P: 1.00 R: 1.00 F1: 1.00
2026-05-06 00:32:17 | DEBUG   | dpfl.core.base_simulator | Update norms — honest: ['0.02', '0.03', '0.02', '0.03', '0.03'], attacker: ['nan', 'nan', 'nan', 'nan', 'nan']
2026-05-06 00:32:17 | DEBUG   | dpfl.algorithms.trust_aware.simulator | Round 111 Phase 1+2: 0.14s
2026-05-06 00:32:45 | INFO    | dpfl.core.base_simulator | Round 112/150 | Acc: 0.7975 | Loss: 0.5852 | eps_max: 5.21 eps_avg: 5.21 | P: 0.99 R: 1.00 F1: 0.99
2026-05-06 00:32:45 | DEBUG   | dpfl.core.base_simulator | Update norms — honest: ['0.02', '0.03', '0.03', '0.03', '0.03'], attacker: ['nan', 'nan', 'nan', 'nan', 'nan']
2026-05-06 00:32:45 | DEBUG   | dpfl.algorithms.trust_aware.simulator | Round 112 Phase 1+2: 0.14s
2026-05-06 00:33:11 | INFO    | dpfl.core.base_simulator | Round 113/150 | Acc: 0.7979 | Loss: 0.5847 | eps_max: 5.25 eps_avg: 5.25 | P: 1.00 R: 1.00 F1: 1.00
2026-05-06 00:33:11 | DEBUG   | dpfl.core.base_simulator | Update norms — honest: ['0.04', '0.02', '0.02', '0.03'], attacker: ['nan', 'nan', 'nan', 'nan', 'nan']
2026-05-06 00:33:11 | DEBUG   | dpfl.algorithms.trust_aware.simulator | Round 113 Phase 1+2: 0.14s
2026-05-06 00:33:36 | INFO    | dpfl.core.base_simulator | Round 114/150 | Acc: 0.7978 | Loss: 0.5854 | eps_max: 5.30 eps_avg: 5.30 | P: 0.98 R: 1.00 F1: 0.99
2026-05-06 00:33:36 | DEBUG   | dpfl.core.base_simulator | Update norms — honest: ['0.02', '0.02', '0.03', '0.02', '0.02'], attacker: ['nan', 'nan', 'nan', 'nan', 'nan']
2026-05-06 00:33:36 | DEBUG   | dpfl.algorithms.trust_aware.simulator | Round 114 Phase 1+2: 0.14s
2026-05-06 00:33:59 | INFO    | dpfl.core.base_simulator | Round 115/150 | Acc: 0.7977 | Loss: 0.5858 | eps_max: 5.34 eps_avg: 5.34 | P: 1.00 R: 1.00 F1: 1.00
2026-05-06 00:33:59 | DEBUG   | dpfl.core.base_simulator | Update norms — honest: ['0.02', '0.03', '0.03', '0.02', '0.03'], attacker: ['nan', 'nan', 'nan', 'nan', 'nan']
2026-05-06 00:34:00 | DEBUG   | dpfl.algorithms.trust_aware.simulator | Round 115 Phase 1+2: 0.13s
2026-05-06 00:34:22 | INFO    | dpfl.core.base_simulator | Round 116/150 | Acc: 0.7981 | Loss: 0.5860 | eps_max: 5.39 eps_avg: 5.39 | P: 1.00 R: 1.00 F1: 1.00
2026-05-06 00:34:22 | DEBUG   | dpfl.core.base_simulator | Update norms — honest: ['0.03', '0.03', '0.02', '0.02', '0.03'], attacker: ['nan', 'nan', 'nan', 'nan', 'nan']
2026-05-06 00:34:22 | DEBUG   | dpfl.algorithms.trust_aware.simulator | Round 116 Phase 1+2: 0.14s
2026-05-06 00:34:43 | INFO    | dpfl.core.base_simulator | Round 117/150 | Acc: 0.7980 | Loss: 0.5862 | eps_max: 5.44 eps_avg: 5.44 | P: 0.98 R: 1.00 F1: 0.99
2026-05-06 00:34:43 | DEBUG   | dpfl.core.base_simulator | Update norms — honest: ['0.03', '0.02', '0.03', '0.02', '0.04'], attacker: ['nan', 'nan', 'nan', 'nan', 'nan']
2026-05-06 00:34:44 | DEBUG   | dpfl.algorithms.trust_aware.simulator | Round 117 Phase 1+2: 0.14s
2026-05-06 00:35:03 | INFO    | dpfl.core.base_simulator | Round 118/150 | Acc: 0.7981 | Loss: 0.5865 | eps_max: 5.49 eps_avg: 5.49 | P: 1.00 R: 1.00 F1: 1.00
2026-05-06 00:35:03 | DEBUG   | dpfl.core.base_simulator | Update norms — honest: ['0.03', '0.03', '0.03', '0.03', '0.02'], attacker: ['nan', 'nan', 'nan', 'nan', 'nan']
2026-05-06 00:35:03 | DEBUG   | dpfl.algorithms.trust_aware.simulator | Round 118 Phase 1+2: 0.14s
2026-05-06 00:35:21 | INFO    | dpfl.core.base_simulator | Round 119/150 | Acc: 0.7981 | Loss: 0.5868 | eps_max: 5.54 eps_avg: 5.54 | P: 1.00 R: 1.00 F1: 1.00
2026-05-06 00:35:21 | DEBUG   | dpfl.core.base_simulator | Update norms — honest: ['0.03', '0.03', '0.03', '0.02', '0.02'], attacker: ['nan', 'nan', 'nan', 'nan', 'nan']
2026-05-06 00:35:21 | DEBUG   | dpfl.algorithms.trust_aware.simulator | Round 119 Phase 1+2: 0.14s
2026-05-06 00:35:41 | INFO    | dpfl.core.base_simulator | Round 120/150 | Acc: 0.7979 | Loss: 0.5872 | eps_max: 5.59 eps_avg: 5.59 | P: 1.00 R: 1.00 F1: 1.00
2026-05-06 00:35:41 | DEBUG   | dpfl.core.base_simulator | Update norms — honest: ['0.03', '0.03', '0.02', '0.02', '0.04'], attacker: ['nan', 'nan', 'nan', 'nan', 'nan']
2026-05-06 00:35:41 | DEBUG   | dpfl.algorithms.trust_aware.simulator | Round 120 Phase 1+2: 0.14s
2026-05-06 00:36:00 | INFO    | dpfl.core.base_simulator | Round 121/150 | Acc: 0.7982 | Loss: 0.5877 | eps_max: 5.64 eps_avg: 5.64 | P: 1.00 R: 1.00 F1: 1.00
2026-05-06 00:36:00 | DEBUG   | dpfl.core.base_simulator | Update norms — honest: ['0.02', '0.03', '0.02', '0.02', '0.03'], attacker: ['nan', 'nan', 'nan', 'nan', 'nan']
2026-05-06 00:36:00 | DEBUG   | dpfl.algorithms.trust_aware.simulator | Round 121 Phase 1+2: 0.14s
2026-05-06 00:36:18 | INFO    | dpfl.core.base_simulator | Round 122/150 | Acc: 0.7982 | Loss: 0.5879 | eps_max: 5.69 eps_avg: 5.69 | P: 0.99 R: 1.00 F1: 1.00
2026-05-06 00:36:18 | DEBUG   | dpfl.core.base_simulator | Update norms — honest: ['0.03', '0.02', '0.02', '0.03', '0.02'], attacker: ['nan', 'nan', 'nan', 'nan', 'nan']
2026-05-06 00:36:18 | DEBUG   | dpfl.algorithms.trust_aware.simulator | Round 122 Phase 1+2: 0.14s
2026-05-06 00:36:34 | INFO    | dpfl.core.base_simulator | Round 123/150 | Acc: 0.7981 | Loss: 0.5886 | eps_max: 5.74 eps_avg: 5.74 | P: 0.97 R: 1.00 F1: 0.98
2026-05-06 00:36:34 | DEBUG   | dpfl.core.base_simulator | Update norms — honest: ['0.02', '0.02', '0.02', '0.02', '0.02'], attacker: ['nan', 'nan', 'nan', 'nan', 'nan']
2026-05-06 00:36:34 | DEBUG   | dpfl.algorithms.trust_aware.simulator | Round 123 Phase 1+2: 0.13s
2026-05-06 00:36:48 | INFO    | dpfl.core.base_simulator | Round 124/150 | Acc: 0.7979 | Loss: 0.5892 | eps_max: 5.80 eps_avg: 5.80 | P: 1.00 R: 1.00 F1: 1.00
2026-05-06 00:36:48 | DEBUG   | dpfl.core.base_simulator | Update norms — honest: ['0.02', '0.03', '0.02', '0.02', '0.02'], attacker: ['nan', 'nan', 'nan', 'nan', 'nan']
2026-05-06 00:36:48 | DEBUG   | dpfl.algorithms.trust_aware.simulator | Round 124 Phase 1+2: 0.13s
2026-05-06 00:37:01 | INFO    | dpfl.core.base_simulator | Round 125/150 | Acc: 0.7983 | Loss: 0.5892 | eps_max: 5.85 eps_avg: 5.85 | P: 1.00 R: 1.00 F1: 1.00
2026-05-06 00:37:01 | DEBUG   | dpfl.core.base_simulator | Update norms — honest: ['0.03', '0.02', '0.03', '0.03', '0.02'], attacker: ['nan', 'nan', 'nan', 'nan', 'nan']
2026-05-06 00:37:01 | DEBUG   | dpfl.algorithms.trust_aware.simulator | Round 125 Phase 1+2: 0.14s
2026-05-06 00:37:13 | INFO    | dpfl.core.base_simulator | Round 126/150 | Acc: 0.7981 | Loss: 0.5899 | eps_max: 5.91 eps_avg: 5.91 | P: 1.00 R: 1.00 F1: 1.00
2026-05-06 00:37:13 | DEBUG   | dpfl.core.base_simulator | Update norms — honest: ['0.02', '0.03', '0.02', '0.03', '0.03'], attacker: ['nan', 'nan', 'nan', 'nan', 'nan']
2026-05-06 00:37:13 | DEBUG   | dpfl.algorithms.trust_aware.simulator | Round 126 Phase 1+2: 0.14s
2026-05-06 00:37:23 | INFO    | dpfl.core.base_simulator | Round 127/150 | Acc: 0.7981 | Loss: 0.5905 | eps_max: 5.97 eps_avg: 5.97 | P: 1.00 R: 1.00 F1: 1.00
2026-05-06 00:37:23 | DEBUG   | dpfl.core.base_simulator | Update norms — honest: ['0.02', '0.03', '0.02', '0.02', '0.04'], attacker: ['nan', 'nan', 'nan', 'nan', 'nan']
2026-05-06 00:37:23 | DEBUG   | dpfl.algorithms.trust_aware.simulator | Round 127 Phase 1+2: 0.52s
2026-05-06 00:37:34 | INFO    | dpfl.core.base_simulator | Round 128/150 | Acc: 0.7981 | Loss: 0.5909 | eps_max: 6.02 eps_avg: 6.02 | P: 0.99 R: 1.00 F1: 0.99
2026-05-06 00:37:34 | DEBUG   | dpfl.core.base_simulator | Update norms — honest: ['0.03', '0.02', '0.02', '0.02', '0.02'], attacker: ['nan', 'nan', 'nan', 'nan', 'nan']
2026-05-06 00:37:35 | DEBUG   | dpfl.algorithms.trust_aware.simulator | Round 128 Phase 1+2: 0.54s
2026-05-06 00:37:49 | INFO    | dpfl.core.base_simulator | Round 129/150 | Acc: 0.7981 | Loss: 0.5926 | eps_max: 6.08 eps_avg: 6.08 | P: 1.00 R: 1.00 F1: 1.00
2026-05-06 00:37:49 | DEBUG   | dpfl.core.base_simulator | Update norms — honest: ['0.02', '0.03', '0.02', '0.02', '0.02'], attacker: ['nan', 'nan', 'nan', 'nan', 'nan']
2026-05-06 00:37:49 | DEBUG   | dpfl.algorithms.trust_aware.simulator | Round 129 Phase 1+2: 0.52s
2026-05-06 00:38:05 | INFO    | dpfl.core.base_simulator | Round 130/150 | Acc: 0.7980 | Loss: 0.5921 | eps_max: 6.14 eps_avg: 6.14 | P: 1.00 R: 1.00 F1: 1.00
2026-05-06 00:38:05 | DEBUG   | dpfl.core.base_simulator | Update norms — honest: ['0.03', '0.02', '0.02', '0.02', '0.03'], attacker: ['nan', 'nan', 'nan', 'nan', 'nan']
2026-05-06 00:38:06 | DEBUG   | dpfl.algorithms.trust_aware.simulator | Round 130 Phase 1+2: 0.52s
2026-05-06 00:38:24 | INFO    | dpfl.core.base_simulator | Round 131/150 | Acc: 0.7985 | Loss: 0.5915 | eps_max: 6.20 eps_avg: 6.20 | P: 1.00 R: 1.00 F1: 1.00
2026-05-06 00:38:24 | DEBUG   | dpfl.core.base_simulator | Update norms — honest: ['0.02', '0.03', '0.02', '0.02', '0.03'], attacker: ['nan', 'nan', 'nan', 'nan', 'nan']
2026-05-06 00:38:25 | DEBUG   | dpfl.algorithms.trust_aware.simulator | Round 131 Phase 1+2: 0.51s
2026-05-06 00:38:45 | INFO    | dpfl.core.base_simulator | Round 132/150 | Acc: 0.7984 | Loss: 0.5922 | eps_max: 6.27 eps_avg: 6.27 | P: 1.00 R: 1.00 F1: 1.00
2026-05-06 00:38:45 | DEBUG   | dpfl.core.base_simulator | Update norms — honest: ['0.02', '0.02', '0.02', '0.02', '0.02'], attacker: ['nan', 'nan', 'nan', 'nan', 'nan']
2026-05-06 00:38:46 | DEBUG   | dpfl.algorithms.trust_aware.simulator | Round 132 Phase 1+2: 0.53s
2026-05-06 00:39:08 | INFO    | dpfl.core.base_simulator | Round 133/150 | Acc: 0.7983 | Loss: 0.5927 | eps_max: 6.33 eps_avg: 6.33 | P: 1.00 R: 1.00 F1: 1.00
2026-05-06 00:39:08 | DEBUG   | dpfl.core.base_simulator | Update norms — honest: ['0.02', '0.02', '0.02', '0.02', '0.02'], attacker: ['nan', 'nan', 'nan', 'nan', 'nan']
2026-05-06 00:39:09 | DEBUG   | dpfl.algorithms.trust_aware.simulator | Round 133 Phase 1+2: 0.52s
2026-05-06 00:39:34 | INFO    | dpfl.core.base_simulator | Round 134/150 | Acc: 0.7982 | Loss: 0.5934 | eps_max: 6.39 eps_avg: 6.39 | P: 1.00 R: 1.00 F1: 1.00
2026-05-06 00:39:34 | DEBUG   | dpfl.core.base_simulator | Update norms — honest: ['0.02', '0.03', '0.03', '0.04', '0.02'], attacker: ['nan', 'nan', 'nan', 'nan', 'nan']
2026-05-06 00:39:34 | DEBUG   | dpfl.algorithms.trust_aware.simulator | Round 134 Phase 1+2: 0.52s
2026-05-06 00:40:01 | INFO    | dpfl.core.base_simulator | Round 135/150 | Acc: 0.7983 | Loss: 0.5945 | eps_max: 6.46 eps_avg: 6.46 | P: 1.00 R: 1.00 F1: 1.00
2026-05-06 00:40:01 | DEBUG   | dpfl.core.base_simulator | Update norms — honest: ['0.02', '0.02', '0.03', '0.03', '0.02'], attacker: ['nan', 'nan', 'nan', 'nan', 'nan']
2026-05-06 00:40:02 | DEBUG   | dpfl.algorithms.trust_aware.simulator | Round 135 Phase 1+2: 0.52s
2026-05-06 00:40:31 | INFO    | dpfl.core.base_simulator | Round 136/150 | Acc: 0.7986 | Loss: 0.5940 | eps_max: 6.53 eps_avg: 6.53 | P: 1.00 R: 1.00 F1: 1.00
2026-05-06 00:40:31 | DEBUG   | dpfl.core.base_simulator | Update norms — honest: ['0.02', '0.02', '0.02', '0.03', '0.02'], attacker: ['nan', 'nan', 'nan', 'nan', 'nan']
2026-05-06 00:40:32 | DEBUG   | dpfl.algorithms.trust_aware.simulator | Round 136 Phase 1+2: 0.51s
2026-05-06 00:41:04 | INFO    | dpfl.core.base_simulator | Round 137/150 | Acc: 0.7984 | Loss: 0.5943 | eps_max: 6.59 eps_avg: 6.59 | P: 1.00 R: 1.00 F1: 1.00
2026-05-06 00:41:04 | DEBUG   | dpfl.core.base_simulator | Update norms — honest: ['0.02', '0.02', '0.02', '0.03', '0.02'], attacker: ['nan', 'nan', 'nan', 'nan', 'nan']
2026-05-06 00:41:05 | DEBUG   | dpfl.algorithms.trust_aware.simulator | Round 137 Phase 1+2: 0.63s
2026-05-06 00:41:39 | INFO    | dpfl.core.base_simulator | Round 138/150 | Acc: 0.7984 | Loss: 0.5949 | eps_max: 6.66 eps_avg: 6.66 | P: 1.00 R: 1.00 F1: 1.00
2026-05-06 00:41:39 | DEBUG   | dpfl.core.base_simulator | Update norms — honest: ['0.02', '0.02', '0.02', '0.03', '0.02'], attacker: ['nan', 'nan', 'nan', 'nan', 'nan']
2026-05-06 00:41:40 | DEBUG   | dpfl.algorithms.trust_aware.simulator | Round 138 Phase 1+2: 0.52s
2026-05-06 00:42:15 | INFO    | dpfl.core.base_simulator | Round 139/150 | Acc: 0.7984 | Loss: 0.5956 | eps_max: 6.73 eps_avg: 6.73 | P: 1.00 R: 1.00 F1: 1.00
2026-05-06 00:42:15 | DEBUG   | dpfl.core.base_simulator | Update norms — honest: ['0.02', '0.03', '0.02', '0.03', '0.03'], attacker: ['nan', 'nan', 'nan', 'nan', 'nan']
2026-05-06 00:42:16 | DEBUG   | dpfl.algorithms.trust_aware.simulator | Round 139 Phase 1+2: 0.22s
2026-05-06 00:42:52 | INFO    | dpfl.core.base_simulator | Round 140/150 | Acc: 0.7984 | Loss: 0.5961 | eps_max: 6.81 eps_avg: 6.81 | P: 0.99 R: 1.00 F1: 0.99
2026-05-06 00:42:52 | DEBUG   | dpfl.core.base_simulator | Update norms — honest: ['0.02', '0.03', '0.02', '0.02', '0.02'], attacker: ['nan', 'nan', 'nan', 'nan', 'nan']
2026-05-06 00:42:52 | DEBUG   | dpfl.algorithms.trust_aware.simulator | Round 140 Phase 1+2: 0.14s
2026-05-06 00:43:01 | INFO    | dpfl.core.base_simulator | Round 141/150 | Acc: 0.7984 | Loss: 0.5969 | eps_max: 6.88 eps_avg: 6.88 | P: 1.00 R: 1.00 F1: 1.00
2026-05-06 00:43:01 | DEBUG   | dpfl.core.base_simulator | Update norms — honest: ['0.03', '0.03', '0.02', '0.03', '0.04'], attacker: ['nan', 'nan', 'nan', 'nan', 'nan']
2026-05-06 00:43:01 | DEBUG   | dpfl.algorithms.trust_aware.simulator | Round 141 Phase 1+2: 0.14s
2026-05-06 00:43:10 | INFO    | dpfl.core.base_simulator | Round 142/150 | Acc: 0.7984 | Loss: 0.5970 | eps_max: 6.96 eps_avg: 6.96 | P: 1.00 R: 1.00 F1: 1.00
2026-05-06 00:43:10 | DEBUG   | dpfl.core.base_simulator | Update norms — honest: ['0.03', '0.03', '0.02', '0.02', '0.03'], attacker: ['nan', 'nan', 'nan', 'nan', 'nan']
2026-05-06 00:43:10 | DEBUG   | dpfl.algorithms.trust_aware.simulator | Round 142 Phase 1+2: 0.13s
2026-05-06 00:43:19 | INFO    | dpfl.core.base_simulator | Round 143/150 | Acc: 0.7982 | Loss: 0.5978 | eps_max: 7.03 eps_avg: 7.03 | P: 1.00 R: 1.00 F1: 1.00
2026-05-06 00:43:19 | DEBUG   | dpfl.core.base_simulator | Update norms — honest: ['0.02', '0.03', '0.02', '0.02', '0.03'], attacker: ['nan', 'nan', 'nan', 'nan', 'nan']
2026-05-06 00:43:19 | DEBUG   | dpfl.algorithms.trust_aware.simulator | Round 143 Phase 1+2: 0.13s
2026-05-06 00:43:28 | INFO    | dpfl.core.base_simulator | Round 144/150 | Acc: 0.7985 | Loss: 0.5982 | eps_max: 7.11 eps_avg: 7.11 | P: 1.00 R: 1.00 F1: 1.00
2026-05-06 00:43:28 | DEBUG   | dpfl.core.base_simulator | Update norms — honest: ['0.02', '0.02', '0.02', '0.02', '0.02'], attacker: ['nan', 'nan', 'nan', 'nan', 'nan']
2026-05-06 00:43:29 | DEBUG   | dpfl.algorithms.trust_aware.simulator | Round 144 Phase 1+2: 0.13s
2026-05-06 00:43:37 | INFO    | dpfl.core.base_simulator | Round 145/150 | Acc: 0.7985 | Loss: 0.5988 | eps_max: 7.19 eps_avg: 7.19 | P: 1.00 R: 1.00 F1: 1.00
2026-05-06 00:43:37 | DEBUG   | dpfl.core.base_simulator | Update norms — honest: ['0.03', '0.03', '0.02', '0.02', '0.02'], attacker: ['nan', 'nan', 'nan', 'nan', 'nan']
2026-05-06 00:43:38 | DEBUG   | dpfl.algorithms.trust_aware.simulator | Round 145 Phase 1+2: 0.14s
2026-05-06 00:43:47 | INFO    | dpfl.core.base_simulator | Round 146/150 | Acc: 0.7983 | Loss: 0.5994 | eps_max: 7.27 eps_avg: 7.27 | P: 1.00 R: 1.00 F1: 1.00
2026-05-06 00:43:47 | DEBUG   | dpfl.core.base_simulator | Update norms — honest: ['0.03', '0.02', '0.03', '0.03', '0.02'], attacker: ['nan', 'nan', 'nan', 'nan', 'nan']
2026-05-06 00:43:47 | DEBUG   | dpfl.algorithms.trust_aware.simulator | Round 146 Phase 1+2: 0.14s
2026-05-06 00:43:56 | INFO    | dpfl.core.base_simulator | Round 147/150 | Acc: 0.7983 | Loss: 0.6002 | eps_max: 7.35 eps_avg: 7.35 | P: 1.00 R: 1.00 F1: 1.00
2026-05-06 00:43:56 | DEBUG   | dpfl.core.base_simulator | Update norms — honest: ['0.02', '0.02', '0.03', '0.02', '0.02'], attacker: ['nan', 'nan', 'nan', 'nan', 'nan']
2026-05-06 00:43:56 | DEBUG   | dpfl.algorithms.trust_aware.simulator | Round 147 Phase 1+2: 0.14s
2026-05-06 00:44:05 | INFO    | dpfl.core.base_simulator | Round 148/150 | Acc: 0.7985 | Loss: 0.6000 | eps_max: 7.44 eps_avg: 7.44 | P: 0.99 R: 1.00 F1: 1.00
2026-05-06 00:44:05 | DEBUG   | dpfl.core.base_simulator | Update norms — honest: ['0.02', '0.02', '0.03', '0.03', '0.02'], attacker: ['nan', 'nan', 'nan', 'nan', 'nan']
2026-05-06 00:44:05 | DEBUG   | dpfl.algorithms.trust_aware.simulator | Round 148 Phase 1+2: 0.14s
2026-05-06 00:44:14 | INFO    | dpfl.core.base_simulator | Round 149/150 | Acc: 0.7983 | Loss: 0.6012 | eps_max: 7.52 eps_avg: 7.52 | P: 1.00 R: 1.00 F1: 1.00
2026-05-06 00:44:14 | DEBUG   | dpfl.core.base_simulator | Update norms — honest: ['0.02', '0.02', '0.03', '0.02', '0.02'], attacker: ['nan', 'nan', 'nan', 'nan', 'nan']
2026-05-06 00:44:14 | DEBUG   | dpfl.algorithms.trust_aware.simulator | Round 149 Phase 1+2: 0.14s
2026-05-06 00:44:23 | INFO    | dpfl.core.base_simulator | Round 150/150 | Acc: 0.7984 | Loss: 0.6014 | eps_max: 7.61 eps_avg: 7.61 | P: 1.00 R: 1.00 F1: 1.00
2026-05-06 00:44:23 | DEBUG   | dpfl.core.base_simulator | Update norms — honest: ['0.02', '0.03', '0.03', '0.02', '0.02'], attacker: ['nan', 'nan', 'nan', 'nan', 'nan']
2026-05-06 00:44:25 | INFO    | dpfl | Experiment complete in 3664.6s
============================================================
REPORT: DP-SGD Decentralized Federated Learning
============================================================
Timestamp:                  20260505_234319
Rounds completed:           150
Attack-active rounds:       100  (from round 50)
Final accuracy:             0.7984
Final test loss:            0.6014
Final epsilon (max honest): 7.61
Final epsilon (avg honest): 7.61
Best alpha:                 1000.0
Avg precision:              0.9962
Avg recall:                 0.9858
Avg F1 score:               0.9883
Avg update norm (honest):   0.0393
Avg update norm (attacker): nan

eps_system (max honest): 7.6098
eps_avg (honest):        7.6098
eps_std (honest):        0.0000
n_frozen:                0/200
============================================================
