2026-05-04 15:22:28 | INFO    | dpfl | Experiment start: algorithm=dpsgd_kurtosis, dataset=mnist, model=mlp, device=cuda
2026-05-04 15:22:28 | INFO    | dpfl | Config: nodes=500, attackers=100, rounds=100, noise_mode=none, attack=scale
2026-05-04 15:22:28 | INFO    | dpfl.data.mnist_dataset | Loading MNIST dataset...
2026-05-04 15:22:28 | INFO    | dpfl.data.mnist_dataset | MNIST loaded: 60000 train, 10000 test samples
2026-05-04 15:23:00 | INFO    | dpfl.core.base_simulator | Vectorized state ready: param_spec.D=50890, X_test=(10000, 1, 28, 28), train clients N=500, max_n_samples=2000
2026-05-04 15:23:00 | INFO    | dpfl.core.base_simulator | Setup complete: 500 nodes (100 attackers), param_dim=50890, split=iid
2026-05-04 15:23:00 | DEBUG   | dpfl.core.base_simulator | Attacker IDs: {0, 1, 2, 3, 4, 5, 6, 7, 8, 9, 10, 11, 12, 13, 14, 15, 16, 17, 18, 19, 20, 21, 22, 23, 24, 25, 26, 27, 28, 29, 30, 31, 32, 33, 34, 35, 36, 37, 38, 39, 40, 41, 42, 43, 44, 45, 46, 47, 48, 49, 50, 51, 52, 53, 54, 55, 56, 57, 58, 59, 60, 61, 62, 63, 64, 65, 66, 67, 68, 69, 70, 71, 72, 73, 74, 75, 76, 77, 78, 79, 80, 81, 82, 83, 84, 85, 86, 87, 88, 89, 90, 91, 92, 93, 94, 95, 96, 97, 98, 99}
2026-05-04 15:23:01 | INFO    | dpfl.core.base_simulator | Round   1/100 | Acc: 0.5702 | Loss: 1.8745 | eps: 0.00 | P: 0.00 R: 0.00 F1: 0.00
2026-05-04 15:23:01 | DEBUG   | dpfl.core.base_simulator | Update norms — honest: ['0.35', '0.36', '0.37', '0.35', '0.35'], attacker: ['0.35', '0.36', '0.35', '0.36', '0.35']
2026-05-04 15:23:02 | INFO    | dpfl.core.base_simulator | Round   2/100 | Acc: 0.7247 | Loss: 1.4500 | eps: 0.00 | P: 0.00 R: 0.00 F1: 0.00
2026-05-04 15:23:02 | DEBUG   | dpfl.core.base_simulator | Update norms — honest: ['0.36', '0.37', '0.37', '0.36', '0.36'], attacker: ['0.36', '0.37', '0.36', '0.36', '0.36']
2026-05-04 15:23:03 | INFO    | dpfl.core.base_simulator | Round   3/100 | Acc: 0.7919 | Loss: 1.1100 | eps: 0.00 | P: 0.00 R: 0.00 F1: 0.00
2026-05-04 15:23:03 | DEBUG   | dpfl.core.base_simulator | Update norms — honest: ['0.33', '0.32', '0.32', '0.33', '0.33'], attacker: ['0.33', '0.33', '0.33', '0.33', '0.33']
2026-05-04 15:23:04 | INFO    | dpfl.core.base_simulator | Round   4/100 | Acc: 0.8236 | Loss: 0.8850 | eps: 0.00 | P: 0.00 R: 0.00 F1: 0.00
2026-05-04 15:23:04 | DEBUG   | dpfl.core.base_simulator | Update norms — honest: ['0.27', '0.26', '0.26', '0.27', '0.27'], attacker: ['0.27', '0.27', '0.27', '0.27', '0.28']
2026-05-04 15:23:05 | INFO    | dpfl.core.base_simulator | Round   5/100 | Acc: 0.8408 | Loss: 0.7453 | eps: 0.00 | P: 0.00 R: 0.00 F1: 0.00
2026-05-04 15:23:05 | DEBUG   | dpfl.core.base_simulator | Update norms — honest: ['0.21', '0.21', '0.21', '0.21', '0.21'], attacker: ['0.22', '0.22', '0.22', '0.22', '0.22']
2026-05-04 15:23:05 | INFO    | dpfl.core.base_simulator | Round   6/100 | Acc: 0.8517 | Loss: 0.6553 | eps: 0.00 | P: 0.00 R: 0.00 F1: 0.00
2026-05-04 15:23:05 | DEBUG   | dpfl.core.base_simulator | Update norms — honest: ['0.18', '0.17', '0.17', '0.17', '0.17'], attacker: ['0.18', '0.18', '0.18', '0.18', '0.18']
2026-05-04 15:23:06 | INFO    | dpfl.core.base_simulator | Round   7/100 | Acc: 0.8598 | Loss: 0.5940 | eps: 0.00 | P: 0.00 R: 0.00 F1: 0.00
2026-05-04 15:23:06 | DEBUG   | dpfl.core.base_simulator | Update norms — honest: ['0.15', '0.14', '0.14', '0.14', '0.15'], attacker: ['0.16', '0.16', '0.15', '0.15', '0.16']
2026-05-04 15:23:07 | INFO    | dpfl.core.base_simulator | Round   8/100 | Acc: 0.8657 | Loss: 0.5499 | eps: 0.00 | P: 0.00 R: 0.00 F1: 0.00
2026-05-04 15:23:07 | DEBUG   | dpfl.core.base_simulator | Update norms — honest: ['0.13', '0.12', '0.13', '0.12', '0.12'], attacker: ['0.14', '0.14', '0.14', '0.14', '0.14']
2026-05-04 15:23:08 | INFO    | dpfl.core.base_simulator | Round   9/100 | Acc: 0.8705 | Loss: 0.5170 | eps: 0.00 | P: 0.00 R: 0.00 F1: 0.00
2026-05-04 15:23:08 | DEBUG   | dpfl.core.base_simulator | Update norms — honest: ['0.11', '0.11', '0.11', '0.11', '0.11'], attacker: ['0.13', '0.13', '0.12', '0.12', '0.13']
2026-05-04 15:23:09 | INFO    | dpfl.core.base_simulator | Round  10/100 | Acc: 0.8741 | Loss: 0.4911 | eps: 0.00 | P: 0.00 R: 0.00 F1: 0.00
2026-05-04 15:23:09 | DEBUG   | dpfl.core.base_simulator | Update norms — honest: ['0.10', '0.10', '0.10', '0.10', '0.10'], attacker: ['0.12', '0.12', '0.12', '0.12', '0.12']
2026-05-04 15:23:10 | INFO    | dpfl.core.base_simulator | Round  11/100 | Acc: 0.8706 | Loss: 0.4893 | eps: 0.00 | P: 0.92 R: 0.99 F1: 0.95
2026-05-04 15:23:10 | DEBUG   | dpfl.core.base_simulator | Update norms — honest: ['0.10', '0.09', '0.09', '0.09', '0.09'], attacker: ['1.20', '1.15', '1.09', '1.10', '1.08']
2026-05-04 15:23:10 | INFO    | dpfl.core.base_simulator | Round  12/100 | Acc: 0.8556 | Loss: 1.3104 | eps: 0.00 | P: 0.91 R: 0.99 F1: 0.95
2026-05-04 15:23:10 | DEBUG   | dpfl.core.base_simulator | Update norms — honest: ['0.36', '0.08', '0.08', '0.37', '0.08'], attacker: ['3.63', '3.62', '3.67', '3.54', '3.62']
2026-05-04 15:23:11 | INFO    | dpfl.core.base_simulator | Round  13/100 | Acc: 0.8441 | Loss: 44.9974 | eps: 0.00 | P: 0.90 R: 0.99 F1: 0.94
2026-05-04 15:23:11 | DEBUG   | dpfl.core.base_simulator | Update norms — honest: ['0.18', '1.78', '0.08', '1.76', '0.08'], attacker: ['17.31', '17.42', '17.55', '17.43', '17.43']
2026-05-04 15:23:12 | INFO    | dpfl.core.base_simulator | Round  14/100 | Acc: 0.8526 | Loss: 419.5006 | eps: 0.00 | P: 0.96 R: 0.99 F1: 0.97
2026-05-04 15:23:12 | DEBUG   | dpfl.core.base_simulator | Update norms — honest: ['0.15', '0.31', '0.07', '0.29', '0.07'], attacker: ['105.00', '107.97', '107.48', '108.46', '105.70']
2026-05-04 15:23:13 | INFO    | dpfl.core.base_simulator | Round  15/100 | Acc: 0.8487 | Loss: 58724.2833 | eps: 0.00 | P: 0.95 R: 0.99 F1: 0.97
2026-05-04 15:23:13 | DEBUG   | dpfl.core.base_simulator | Update norms — honest: ['0.13', '0.28', '0.07', '0.28', '0.07'], attacker: ['735.11', '721.36', '729.02', '725.97', '737.57']
2026-05-04 15:23:14 | INFO    | dpfl.core.base_simulator | Round  16/100 | Acc: 0.8452 | Loss: 2253307.8679 | eps: 0.00 | P: 0.94 R: 0.99 F1: 0.97
2026-05-04 15:23:14 | DEBUG   | dpfl.core.base_simulator | Update norms — honest: ['0.11', '0.25', '0.06', '0.26', '0.07'], attacker: ['5035.26', '5045.52', '5043.37', '4995.65', '5139.31']
2026-05-04 15:23:14 | INFO    | dpfl.core.base_simulator | Round  17/100 | Acc: 0.8334 | Loss: 242214429.7177 | eps: 0.00 | P: 0.91 R: 0.99 F1: 0.95
2026-05-04 15:23:14 | DEBUG   | dpfl.core.base_simulator | Update norms — honest: ['0.10', '0.22', '0.06', '0.23', '0.06'], attacker: ['36864.12', '36095.14', '35976.61', '36108.95', '35870.30']
2026-05-04 15:23:15 | INFO    | dpfl.core.base_simulator | Round  18/100 | Acc: 0.8329 | Loss: 5236364137.6628 | eps: 0.00 | P: 0.95 R: 0.99 F1: 0.97
2026-05-04 15:23:15 | DEBUG   | dpfl.core.base_simulator | Update norms — honest: ['0.10', '0.20', '0.06', '0.20', '0.06'], attacker: ['253044.33', '252190.02', '249376.72', '249298.31', '253567.36']
2026-05-04 15:23:16 | INFO    | dpfl.core.base_simulator | Round  19/100 | Acc: 0.8273 | Loss: 392002626338.4442 | eps: 0.00 | P: 0.94 R: 0.99 F1: 0.96
2026-05-04 15:23:16 | DEBUG   | dpfl.core.base_simulator | Update norms — honest: ['0.09', '0.17', '0.06', '0.18', '0.06'], attacker: ['1793680.00', '1830843.38', '1783169.62', '1789284.50', '1822150.12']
2026-05-04 15:23:17 | INFO    | dpfl.core.base_simulator | Round  20/100 | Acc: 0.8212 | Loss: 19642410718715.6367 | eps: 0.00 | P: 0.93 R: 0.99 F1: 0.96
2026-05-04 15:23:17 | DEBUG   | dpfl.core.base_simulator | Update norms — honest: ['0.08', '0.15', '0.06', '0.17', '0.06'], attacker: ['12830679.00', '12535924.00', '12654618.00', '12632655.00', '12774127.00']
2026-05-04 15:23:18 | INFO    | dpfl.core.base_simulator | Round  21/100 | Acc: 0.8201 | Loss: 628796593943598.2500 | eps: 0.00 | P: 0.93 R: 0.99 F1: 0.96
2026-05-04 15:23:18 | DEBUG   | dpfl.core.base_simulator | Update norms — honest: ['0.08', '0.13', '0.05', '6970746.00', '0.05'], attacker: ['88435568.00', '89759272.00', '90116104.00', '88143040.00', '89038672.00']
2026-05-04 15:23:18 | INFO    | dpfl.core.base_simulator | Round  22/100 | Acc: 0.8216 | Loss: 31976545029557552.0000 | eps: 0.00 | P: 0.96 R: 0.99 F1: 0.97
2026-05-04 15:23:18 | DEBUG   | dpfl.core.base_simulator | Update norms — honest: ['0.07', '0.12', '0.05', '1516094.88', '0.05'], attacker: ['652404992.00', '667549760.00', '645661760.00', '651998592.00', '644807616.00']
2026-05-04 15:23:19 | INFO    | dpfl.core.base_simulator | Round  23/100 | Acc: 0.8146 | Loss: 2915738972344731648.0000 | eps: 0.00 | P: 0.93 R: 0.99 F1: 0.96
2026-05-04 15:23:19 | DEBUG   | dpfl.core.base_simulator | Update norms — honest: ['0.07', '0.11', '0.05', '899983.62', '0.05'], attacker: ['4655348736.00', '4512950272.00', '4639770112.00', '4434711040.00', '4537303040.00']
2026-05-04 15:23:20 | INFO    | dpfl.core.base_simulator | Round  24/100 | Acc: 0.8153 | Loss: 96547152097061650432.0000 | eps: 0.00 | P: 0.95 R: 0.99 F1: 0.97
2026-05-04 15:23:20 | DEBUG   | dpfl.core.base_simulator | Update norms — honest: ['2522033664.00', '0.10', '0.05', '692749.81', '0.05'], attacker: ['32332474368.00', '31895828480.00', '32440827904.00', '32268019712.00', '32186927104.00']
2026-05-04 15:23:21 | INFO    | dpfl.core.base_simulator | Round  25/100 | Acc: 0.8149 | Loss: 5472928601417755656192.0000 | eps: 0.00 | P: 0.94 R: 0.99 F1: 0.97
2026-05-04 15:23:21 | DEBUG   | dpfl.core.base_simulator | Update norms — honest: ['488168640.00', '0.09', '0.05', '406130.25', '0.05'], attacker: ['226001698816.00', '224192004096.00', '227135258624.00', '225058209792.00', '230016860160.00']
2026-05-04 15:23:22 | INFO    | dpfl.core.base_simulator | Round  26/100 | Acc: 0.8166 | Loss: 202027555595496206630912.0000 | eps: 0.00 | P: 0.96 R: 0.99 F1: 0.97
2026-05-04 15:23:22 | DEBUG   | dpfl.core.base_simulator | Update norms — honest: ['419440960.00', '0.08', '0.05', '249876.69', '0.05'], attacker: ['1599951208448.00', '1602447605760.00', '1613381894144.00', '1637650137088.00', '1668152164352.00']
2026-05-04 15:23:22 | INFO    | dpfl.core.base_simulator | Round  27/100 | Acc: 0.8189 | Loss: 5985268838511911362363392.0000 | eps: 0.00 | P: 0.97 R: 0.99 F1: 0.98
2026-05-04 15:23:22 | DEBUG   | dpfl.core.base_simulator | Update norms — honest: ['220013024.00', '0.08', '0.04', '234262.98', '0.04'], attacker: ['11377437573120.00', '11296862896128.00', '11302303956992.00', '11424910802944.00', '11353206030336.00']
2026-05-04 15:23:23 | INFO    | dpfl.core.base_simulator | Round  28/100 | Acc: 0.8173 | Loss: 420561881964731379054804992.0000 | eps: 0.00 | P: 0.95 R: 0.99 F1: 0.97
2026-05-04 15:23:23 | DEBUG   | dpfl.core.base_simulator | Update norms — honest: ['172842592.00', '0.08', '0.04', '210511.97', '0.05'], attacker: ['82803471417344.00', '81879239753728.00', '82708453654528.00', '82138607124480.00', '81828941660160.00']
2026-05-04 15:23:24 | INFO    | dpfl.core.base_simulator | Round  29/100 | Acc: 0.8086 | Loss: 47501976393805787647413583872.0000 | eps: 0.00 | P: 0.91 R: 0.99 F1: 0.95
2026-05-04 15:23:24 | DEBUG   | dpfl.core.base_simulator | Update norms — honest: ['123324864.00', '0.07', '0.04', '146208.94', '0.05'], attacker: ['595111742275584.00', '583069593501696.00', '586197738979328.00', '571654375735296.00', '576288242794496.00']
2026-05-04 15:23:25 | INFO    | dpfl.core.base_simulator | Round  30/100 | Acc: 0.8104 | Loss: 1563299147528931989419452268544.0000 | eps: 0.00 | P: 0.95 R: 0.99 F1: 0.97
2026-05-04 15:23:25 | DEBUG   | dpfl.core.base_simulator | Update norms — honest: ['83146880.00', '0.06', '0.04', '114426.60', '0.04'], attacker: ['4113645051052032.00', '4118636608356352.00', '4091245185990656.00', '4022934804889600.00', '4013290724261888.00']
2026-05-04 15:23:26 | INFO    | dpfl.core.base_simulator | Round  31/100 | Acc: 0.8081 | Loss: 107718861904966932980053152104448.0000 | eps: 0.00 | P: 0.93 R: 0.99 F1: 0.96
2026-05-04 15:23:26 | DEBUG   | dpfl.core.base_simulator | Update norms — honest: ['58718300.00', '0.06', '0.04', '104012.63', '0.04'], attacker: ['28944252759179264.00', '29210562206367744.00', '29818622201298944.00', '29635061741518848.00', '29004302844428288.00']
2026-05-04 15:23:26 | INFO    | dpfl.core.base_simulator | Round  32/100 | Acc: 0.8067 | Loss: inf | eps: 0.00 | P: 0.95 R: 0.99 F1: 0.97
2026-05-04 15:23:26 | DEBUG   | dpfl.core.base_simulator | Update norms — honest: ['53063628.00', '0.06', '0.04', '137419.30', '0.04'], attacker: ['212485569870036992.00', '209917454304935936.00', '208187613276798976.00', '206887956173029376.00', '211274182934134784.00']
2026-05-04 15:23:27 | INFO    | dpfl.core.base_simulator | Round  33/100 | Acc: 0.8046 | Loss: inf | eps: 0.00 | P: 0.93 R: 0.99 F1: 0.96
2026-05-04 15:23:27 | DEBUG   | dpfl.core.base_simulator | Update norms — honest: ['52471320.00', '0.06', '0.04', '131046.44', '0.04'], attacker: ['1482618724849549312.00', '1496080870342131712.00', '1482517294901886976.00', '1484914367689392128.00', '1490182677653880832.00']
2026-05-04 15:23:28 | INFO    | dpfl.core.base_simulator | Round  34/100 | Acc: 0.8049 | Loss: nan | eps: 0.00 | P: 0.95 R: 0.99 F1: 0.97
2026-05-04 15:23:28 | DEBUG   | dpfl.core.base_simulator | Update norms — honest: ['42962168.00', '0.06', '0.04', '75950.20', '0.04'], attacker: ['10299398096261480448.00', '10494132600656887808.00', '10505909469701996544.00', '10410534532573822976.00', '10543987756395134976.00']
2026-05-04 15:23:29 | INFO    | dpfl.core.base_simulator | Round  35/100 | Acc: 0.8127 | Loss: nan | eps: 0.00 | P: 0.90 R: 1.00 F1: 0.95
2026-05-04 15:23:29 | DEBUG   | dpfl.core.base_simulator | Update norms — honest: ['34501788.00', '0.05', '0.04', '77653.98', '0.04'], attacker: ['nan', 'nan', 'nan', 'nan', 'nan']
2026-05-04 15:23:30 | INFO    | dpfl.core.base_simulator | Round  36/100 | Acc: 0.8191 | Loss: nan | eps: 0.00 | P: 0.94 R: 1.00 F1: 0.97
2026-05-04 15:23:30 | DEBUG   | dpfl.core.base_simulator | Update norms — honest: ['30424300.00', '0.05', '0.04', '83046.20', '0.04'], attacker: ['nan', 'nan', 'nan', 'nan', 'nan']
2026-05-04 15:23:30 | INFO    | dpfl.core.base_simulator | Round  37/100 | Acc: 0.8240 | Loss: nan | eps: 0.00 | P: 0.94 R: 1.00 F1: 0.97
2026-05-04 15:23:30 | DEBUG   | dpfl.core.base_simulator | Update norms — honest: ['24928556.00', '0.05', '0.05', '67129.12', '0.04'], attacker: ['nan', 'nan', 'nan', 'nan', 'nan']
2026-05-04 15:23:31 | INFO    | dpfl.core.base_simulator | Round  38/100 | Acc: 0.8293 | Loss: nan | eps: 0.00 | P: 0.96 R: 1.00 F1: 0.98
2026-05-04 15:23:31 | DEBUG   | dpfl.core.base_simulator | Update norms — honest: ['25225986.00', '0.05', '0.04', '67022.27', '0.04'], attacker: ['nan', 'nan', 'nan', 'nan', 'nan']
2026-05-04 15:23:32 | INFO    | dpfl.core.base_simulator | Round  39/100 | Acc: 0.8332 | Loss: nan | eps: 0.00 | P: 0.89 R: 1.00 F1: 0.94
2026-05-04 15:23:32 | DEBUG   | dpfl.core.base_simulator | Update norms — honest: ['23383018.00', '0.05', '0.04', '65319.06', '0.04'], attacker: ['nan', 'nan', 'nan', 'nan', 'nan']
2026-05-04 15:23:33 | INFO    | dpfl.core.base_simulator | Round  40/100 | Acc: 0.8379 | Loss: nan | eps: 0.00 | P: 0.94 R: 1.00 F1: 0.97
2026-05-04 15:23:33 | DEBUG   | dpfl.core.base_simulator | Update norms — honest: ['20352982.00', '0.05', '0.04', '66287.09', '0.04'], attacker: ['nan', 'nan', 'nan', 'nan', 'nan']
2026-05-04 15:23:34 | INFO    | dpfl.core.base_simulator | Round  41/100 | Acc: 0.8406 | Loss: nan | eps: 0.00 | P: 0.92 R: 1.00 F1: 0.96
2026-05-04 15:23:34 | DEBUG   | dpfl.core.base_simulator | Update norms — honest: ['20726084.00', '0.05', '0.04', '53885.48', '0.03'], attacker: ['nan', 'nan', 'nan', 'nan', 'nan']
2026-05-04 15:23:35 | INFO    | dpfl.core.base_simulator | Round  42/100 | Acc: 0.8465 | Loss: nan | eps: 0.00 | P: 0.90 R: 1.00 F1: 0.95
2026-05-04 15:23:35 | DEBUG   | dpfl.core.base_simulator | Update norms — honest: ['18249058.00', '0.05', '0.03', '56580.37', '0.04'], attacker: ['nan', 'nan', 'nan', 'nan', 'nan']
2026-05-04 15:23:35 | INFO    | dpfl.core.base_simulator | Round  43/100 | Acc: 0.8494 | Loss: nan | eps: 0.00 | P: 0.95 R: 1.00 F1: 0.97
2026-05-04 15:23:35 | DEBUG   | dpfl.core.base_simulator | Update norms — honest: ['16736187.00', '0.04', '0.03', '59138.97', '0.03'], attacker: ['nan', 'nan', 'nan', 'nan', 'nan']
2026-05-04 15:23:36 | INFO    | dpfl.core.base_simulator | Round  44/100 | Acc: 0.8518 | Loss: nan | eps: 0.00 | P: 0.93 R: 1.00 F1: 0.96
2026-05-04 15:23:36 | DEBUG   | dpfl.core.base_simulator | Update norms — honest: ['17933434.00', '0.04', '0.03', '62562.81', '0.04'], attacker: ['nan', 'nan', 'nan', 'nan', 'nan']
2026-05-04 15:23:37 | INFO    | dpfl.core.base_simulator | Round  45/100 | Acc: 0.8552 | Loss: nan | eps: 0.00 | P: 0.93 R: 1.00 F1: 0.96
2026-05-04 15:23:37 | DEBUG   | dpfl.core.base_simulator | Update norms — honest: ['16380960.00', '0.04', '0.03', '68055.68', '0.04'], attacker: ['nan', 'nan', 'nan', 'nan', 'nan']
2026-05-04 15:23:38 | INFO    | dpfl.core.base_simulator | Round  46/100 | Acc: 0.8568 | Loss: nan | eps: 0.00 | P: 0.91 R: 1.00 F1: 0.95
2026-05-04 15:23:38 | DEBUG   | dpfl.core.base_simulator | Update norms — honest: ['14702368.00', '0.05', '0.03', '63885.11', '0.04'], attacker: ['nan', 'nan', 'nan', 'nan', 'nan']
2026-05-04 15:23:39 | INFO    | dpfl.core.base_simulator | Round  47/100 | Acc: 0.8594 | Loss: nan | eps: 0.00 | P: 0.95 R: 1.00 F1: 0.98
2026-05-04 15:23:39 | DEBUG   | dpfl.core.base_simulator | Update norms — honest: ['18454782.00', '0.04', '0.04', '51306.13', '0.04'], attacker: ['nan', 'nan', 'nan', 'nan', 'nan']
2026-05-04 15:23:40 | INFO    | dpfl.core.base_simulator | Round  48/100 | Acc: 0.8611 | Loss: nan | eps: 0.00 | P: 0.89 R: 1.00 F1: 0.94
2026-05-04 15:23:40 | DEBUG   | dpfl.core.base_simulator | Update norms — honest: ['15947144.00', '0.04', '0.03', '44484.38', '0.03'], attacker: ['nan', 'nan', 'nan', 'nan', 'nan']
2026-05-04 15:23:40 | INFO    | dpfl.core.base_simulator | Round  49/100 | Acc: 0.8626 | Loss: nan | eps: 0.00 | P: 0.97 R: 1.00 F1: 0.98
2026-05-04 15:23:40 | DEBUG   | dpfl.core.base_simulator | Update norms — honest: ['13970824.00', '0.04', '0.03', '37446.11', '0.03'], attacker: ['nan', 'nan', 'nan', 'nan', 'nan']
2026-05-04 15:23:41 | INFO    | dpfl.core.base_simulator | Round  50/100 | Acc: 0.8658 | Loss: nan | eps: 0.00 | P: 0.96 R: 1.00 F1: 0.98
2026-05-04 15:23:41 | DEBUG   | dpfl.core.base_simulator | Update norms — honest: ['12072346.00', '0.04', '0.03', '36783.71', '0.03'], attacker: ['nan', 'nan', 'nan', 'nan', 'nan']
2026-05-04 15:23:42 | INFO    | dpfl.core.base_simulator | Round  51/100 | Acc: 0.8658 | Loss: nan | eps: 0.00 | P: 0.93 R: 1.00 F1: 0.96
2026-05-04 15:23:42 | DEBUG   | dpfl.core.base_simulator | Update norms — honest: ['11194467.00', '0.04', '0.03', '60585.18', '0.03'], attacker: ['nan', 'nan', 'nan', 'nan', 'nan']
2026-05-04 15:23:43 | INFO    | dpfl.core.base_simulator | Round  52/100 | Acc: 0.8691 | Loss: nan | eps: 0.00 | P: 0.95 R: 1.00 F1: 0.97
2026-05-04 15:23:43 | DEBUG   | dpfl.core.base_simulator | Update norms — honest: ['11344056.00', '0.04', '0.03', '56133.29', '0.03'], attacker: ['nan', 'nan', 'nan', 'nan', 'nan']
2026-05-04 15:23:44 | INFO    | dpfl.core.base_simulator | Round  53/100 | Acc: 0.8673 | Loss: nan | eps: 0.00 | P: 0.96 R: 1.00 F1: 0.98
2026-05-04 15:23:44 | DEBUG   | dpfl.core.base_simulator | Update norms — honest: ['10663534.00', '0.04', '0.03', '32981.14', '0.03'], attacker: ['nan', 'nan', 'nan', 'nan', 'nan']
2026-05-04 15:23:44 | INFO    | dpfl.core.base_simulator | Round  54/100 | Acc: 0.8694 | Loss: nan | eps: 0.00 | P: 0.93 R: 1.00 F1: 0.96
2026-05-04 15:23:44 | DEBUG   | dpfl.core.base_simulator | Update norms — honest: ['11218758.00', '0.04', '0.04', '31296.80', '0.03'], attacker: ['nan', 'nan', 'nan', 'nan', 'nan']
2026-05-04 15:23:45 | INFO    | dpfl.core.base_simulator | Round  55/100 | Acc: 0.8705 | Loss: nan | eps: 0.00 | P: 0.91 R: 1.00 F1: 0.95
2026-05-04 15:23:45 | DEBUG   | dpfl.core.base_simulator | Update norms — honest: ['12420667.00', '0.04', '0.03', '45449.49', '0.03'], attacker: ['nan', 'nan', 'nan', 'nan', 'nan']
2026-05-04 15:23:46 | INFO    | dpfl.core.base_simulator | Round  56/100 | Acc: 0.8703 | Loss: nan | eps: 0.00 | P: 0.97 R: 1.00 F1: 0.99
2026-05-04 15:23:46 | DEBUG   | dpfl.core.base_simulator | Update norms — honest: ['21715640.00', '0.03', '0.03', '39849.57', '0.03'], attacker: ['nan', 'nan', 'nan', 'nan', 'nan']
2026-05-04 15:23:47 | INFO    | dpfl.core.base_simulator | Round  57/100 | Acc: 0.8713 | Loss: nan | eps: 0.00 | P: 0.97 R: 1.00 F1: 0.99
2026-05-04 15:23:47 | DEBUG   | dpfl.core.base_simulator | Update norms — honest: ['17730622.00', '0.04', '0.03', '40044.25', '0.03'], attacker: ['nan', 'nan', 'nan', 'nan', 'nan']
2026-05-04 15:23:48 | INFO    | dpfl.core.base_simulator | Round  58/100 | Acc: 0.8715 | Loss: nan | eps: 0.00 | P: 0.93 R: 1.00 F1: 0.96
2026-05-04 15:23:48 | DEBUG   | dpfl.core.base_simulator | Update norms — honest: ['12133818.00', '0.04', '0.03', '32171.77', '0.03'], attacker: ['nan', 'nan', 'nan', 'nan', 'nan']
2026-05-04 15:23:49 | INFO    | dpfl.core.base_simulator | Round  59/100 | Acc: 0.8737 | Loss: nan | eps: 0.00 | P: 0.91 R: 1.00 F1: 0.95
2026-05-04 15:23:49 | DEBUG   | dpfl.core.base_simulator | Update norms — honest: ['10565111.00', '0.04', '0.03', '35348.29', '0.03'], attacker: ['nan', 'nan', 'nan', 'nan', 'nan']
2026-05-04 15:23:50 | INFO    | dpfl.core.base_simulator | Round  60/100 | Acc: 0.8729 | Loss: nan | eps: 0.00 | P: 0.94 R: 1.00 F1: 0.97
2026-05-04 15:23:50 | DEBUG   | dpfl.core.base_simulator | Update norms — honest: ['11303388.00', '0.03', '0.03', '28394.76', '0.03'], attacker: ['nan', 'nan', 'nan', 'nan', 'nan']
2026-05-04 15:23:50 | INFO    | dpfl.core.base_simulator | Round  61/100 | Acc: 0.8743 | Loss: nan | eps: 0.00 | P: 0.94 R: 1.00 F1: 0.97
2026-05-04 15:23:50 | DEBUG   | dpfl.core.base_simulator | Update norms — honest: ['10495240.00', '0.03', '0.03', '34741.45', '0.03'], attacker: ['nan', 'nan', 'nan', 'nan', 'nan']
2026-05-04 15:23:51 | INFO    | dpfl.core.base_simulator | Round  62/100 | Acc: 0.8752 | Loss: nan | eps: 0.00 | P: 0.94 R: 1.00 F1: 0.97
2026-05-04 15:23:51 | DEBUG   | dpfl.core.base_simulator | Update norms — honest: ['8731557.00', '0.03', '0.03', '32526.93', '0.03'], attacker: ['nan', 'nan', 'nan', 'nan', 'nan']
2026-05-04 15:23:52 | INFO    | dpfl.core.base_simulator | Round  63/100 | Acc: 0.8759 | Loss: nan | eps: 0.00 | P: 0.94 R: 1.00 F1: 0.97
2026-05-04 15:23:52 | DEBUG   | dpfl.core.base_simulator | Update norms — honest: ['10429660.00', '0.04', '0.03', '33864.09', '0.03'], attacker: ['nan', 'nan', 'nan', 'nan', 'nan']
2026-05-04 15:23:53 | INFO    | dpfl.core.base_simulator | Round  64/100 | Acc: 0.8775 | Loss: nan | eps: 0.00 | P: 0.93 R: 1.00 F1: 0.96
2026-05-04 15:23:53 | DEBUG   | dpfl.core.base_simulator | Update norms — honest: ['10929000.00', '0.03', '0.03', '35391.96', '0.03'], attacker: ['nan', 'nan', 'nan', 'nan', 'nan']
2026-05-04 15:23:54 | INFO    | dpfl.core.base_simulator | Round  65/100 | Acc: 0.8753 | Loss: nan | eps: 0.00 | P: 0.90 R: 1.00 F1: 0.95
2026-05-04 15:23:54 | DEBUG   | dpfl.core.base_simulator | Update norms — honest: ['11049520.00', '0.04', '0.03', '36953.14', '0.03'], attacker: ['nan', 'nan', 'nan', 'nan', 'nan']
2026-05-04 15:23:55 | INFO    | dpfl.core.base_simulator | Round  66/100 | Acc: 0.8758 | Loss: nan | eps: 0.00 | P: 0.91 R: 1.00 F1: 0.95
2026-05-04 15:23:55 | DEBUG   | dpfl.core.base_simulator | Update norms — honest: ['11554962.00', '0.03', '0.03', '38943.80', '0.03'], attacker: ['nan', 'nan', 'nan', 'nan', 'nan']
2026-05-04 15:23:55 | INFO    | dpfl.core.base_simulator | Round  67/100 | Acc: 0.8769 | Loss: nan | eps: 0.00 | P: 0.96 R: 1.00 F1: 0.98
2026-05-04 15:23:55 | DEBUG   | dpfl.core.base_simulator | Update norms — honest: ['9814879.00', '0.03', '0.03', '41279.52', '0.03'], attacker: ['nan', 'nan', 'nan', 'nan', 'nan']
2026-05-04 15:23:56 | INFO    | dpfl.core.base_simulator | Round  68/100 | Acc: 0.8786 | Loss: nan | eps: 0.00 | P: 0.95 R: 1.00 F1: 0.97
2026-05-04 15:23:56 | DEBUG   | dpfl.core.base_simulator | Update norms — honest: ['8822150.00', '0.03', '0.03', '35009.46', '0.03'], attacker: ['nan', 'nan', 'nan', 'nan', 'nan']
2026-05-04 15:23:57 | INFO    | dpfl.core.base_simulator | Round  69/100 | Acc: 0.8784 | Loss: nan | eps: 0.00 | P: 0.93 R: 1.00 F1: 0.96
2026-05-04 15:23:57 | DEBUG   | dpfl.core.base_simulator | Update norms — honest: ['8051339.00', '0.03', '0.03', '31330.56', '0.03'], attacker: ['nan', 'nan', 'nan', 'nan', 'nan']
2026-05-04 15:23:58 | INFO    | dpfl.core.base_simulator | Round  70/100 | Acc: 0.8778 | Loss: nan | eps: 0.00 | P: 0.98 R: 1.00 F1: 0.99
2026-05-04 15:23:58 | DEBUG   | dpfl.core.base_simulator | Update norms — honest: ['9223231.00', '0.03', '0.03', '29847.13', '0.03'], attacker: ['nan', 'nan', 'nan', 'nan', 'nan']
2026-05-04 15:23:59 | INFO    | dpfl.core.base_simulator | Round  71/100 | Acc: 0.8777 | Loss: nan | eps: 0.00 | P: 0.96 R: 1.00 F1: 0.98
2026-05-04 15:23:59 | DEBUG   | dpfl.core.base_simulator | Update norms — honest: ['7852422.50', '0.03', '0.03', '27997.00', '0.03'], attacker: ['nan', 'nan', 'nan', 'nan', 'nan']
2026-05-04 15:24:00 | INFO    | dpfl.core.base_simulator | Round  72/100 | Acc: 0.8801 | Loss: nan | eps: 0.00 | P: 0.95 R: 1.00 F1: 0.97
2026-05-04 15:24:00 | DEBUG   | dpfl.core.base_simulator | Update norms — honest: ['6762372.00', '0.03', '0.03', '25864.90', '0.03'], attacker: ['nan', 'nan', 'nan', 'nan', 'nan']
2026-05-04 15:24:00 | INFO    | dpfl.core.base_simulator | Round  73/100 | Acc: 0.8796 | Loss: nan | eps: 0.00 | P: 0.96 R: 1.00 F1: 0.98
2026-05-04 15:24:00 | DEBUG   | dpfl.core.base_simulator | Update norms — honest: ['7577513.50', '0.03', '0.03', '26163.67', '0.03'], attacker: ['nan', 'nan', 'nan', 'nan', 'nan']
2026-05-04 15:24:01 | INFO    | dpfl.core.base_simulator | Round  74/100 | Acc: 0.8801 | Loss: nan | eps: 0.00 | P: 0.94 R: 1.00 F1: 0.97
2026-05-04 15:24:01 | DEBUG   | dpfl.core.base_simulator | Update norms — honest: ['8102897.00', '0.03', '0.03', '21907.72', '0.03'], attacker: ['nan', 'nan', 'nan', 'nan', 'nan']
2026-05-04 15:24:02 | INFO    | dpfl.core.base_simulator | Round  75/100 | Acc: 0.8798 | Loss: nan | eps: 0.00 | P: 0.95 R: 1.00 F1: 0.97
2026-05-04 15:24:02 | DEBUG   | dpfl.core.base_simulator | Update norms — honest: ['7306106.00', '0.03', '0.03', '30527.61', '0.02'], attacker: ['nan', 'nan', 'nan', 'nan', 'nan']
2026-05-04 15:24:03 | INFO    | dpfl.core.base_simulator | Round  76/100 | Acc: 0.8803 | Loss: nan | eps: 0.00 | P: 0.95 R: 1.00 F1: 0.97
2026-05-04 15:24:03 | DEBUG   | dpfl.core.base_simulator | Update norms — honest: ['11679816.00', '0.03', '0.02', '28570.66', '0.03'], attacker: ['nan', 'nan', 'nan', 'nan', 'nan']
2026-05-04 15:24:04 | INFO    | dpfl.core.base_simulator | Round  77/100 | Acc: 0.8797 | Loss: nan | eps: 0.00 | P: 0.96 R: 1.00 F1: 0.98
2026-05-04 15:24:04 | DEBUG   | dpfl.core.base_simulator | Update norms — honest: ['9091933.00', '0.03', '0.03', '25440.17', '0.03'], attacker: ['nan', 'nan', 'nan', 'nan', 'nan']
2026-05-04 15:24:05 | INFO    | dpfl.core.base_simulator | Round  78/100 | Acc: 0.8790 | Loss: nan | eps: 0.00 | P: 0.94 R: 1.00 F1: 0.97
2026-05-04 15:24:05 | DEBUG   | dpfl.core.base_simulator | Update norms — honest: ['7598943.50', '0.03', '0.02', '32741.39', '0.03'], attacker: ['nan', 'nan', 'nan', 'nan', 'nan']
2026-05-04 15:24:05 | INFO    | dpfl.core.base_simulator | Round  79/100 | Acc: 0.8811 | Loss: nan | eps: 0.00 | P: 0.94 R: 1.00 F1: 0.97
2026-05-04 15:24:05 | DEBUG   | dpfl.core.base_simulator | Update norms — honest: ['7147718.00', '0.03', '0.03', '32987.95', '0.02'], attacker: ['nan', 'nan', 'nan', 'nan', 'nan']
2026-05-04 15:24:06 | INFO    | dpfl.core.base_simulator | Round  80/100 | Acc: 0.8817 | Loss: nan | eps: 0.00 | P: 0.96 R: 1.00 F1: 0.98
2026-05-04 15:24:06 | DEBUG   | dpfl.core.base_simulator | Update norms — honest: ['6295313.00', '0.03', '0.03', '20499.62', '0.02'], attacker: ['nan', 'nan', 'nan', 'nan', 'nan']
2026-05-04 15:24:07 | INFO    | dpfl.core.base_simulator | Round  81/100 | Acc: 0.8811 | Loss: nan | eps: 0.00 | P: 0.91 R: 1.00 F1: 0.95
2026-05-04 15:24:07 | DEBUG   | dpfl.core.base_simulator | Update norms — honest: ['6545408.50', '0.03', '0.03', '26274.84', '0.03'], attacker: ['nan', 'nan', 'nan', 'nan', 'nan']
2026-05-04 15:24:08 | INFO    | dpfl.core.base_simulator | Round  82/100 | Acc: 0.8808 | Loss: nan | eps: 0.00 | P: 0.94 R: 1.00 F1: 0.97
2026-05-04 15:24:08 | DEBUG   | dpfl.core.base_simulator | Update norms — honest: ['7295291.50', '0.03', '0.02', '38131.49', '0.02'], attacker: ['nan', 'nan', 'nan', 'nan', 'nan']
2026-05-04 15:24:09 | INFO    | dpfl.core.base_simulator | Round  83/100 | Acc: 0.8821 | Loss: nan | eps: 0.00 | P: 0.99 R: 1.00 F1: 1.00
2026-05-04 15:24:09 | DEBUG   | dpfl.core.base_simulator | Update norms — honest: ['7269285.00', '0.03', '0.02', '27041.69', '0.02'], attacker: ['nan', 'nan', 'nan', 'nan', 'nan']
2026-05-04 15:24:09 | INFO    | dpfl.core.base_simulator | Round  84/100 | Acc: 0.8812 | Loss: nan | eps: 0.00 | P: 0.95 R: 1.00 F1: 0.97
2026-05-04 15:24:09 | DEBUG   | dpfl.core.base_simulator | Update norms — honest: ['6525601.00', '0.03', '0.02', '27388.12', '0.02'], attacker: ['nan', 'nan', 'nan', 'nan', 'nan']
2026-05-04 15:24:10 | INFO    | dpfl.core.base_simulator | Round  85/100 | Acc: 0.8822 | Loss: nan | eps: 0.00 | P: 0.91 R: 1.00 F1: 0.95
2026-05-04 15:24:10 | DEBUG   | dpfl.core.base_simulator | Update norms — honest: ['7033875.00', '0.03', '0.03', '22826.55', '0.02'], attacker: ['nan', 'nan', 'nan', 'nan', 'nan']
2026-05-04 15:24:11 | INFO    | dpfl.core.base_simulator | Round  86/100 | Acc: 0.8821 | Loss: nan | eps: 0.00 | P: 0.96 R: 1.00 F1: 0.98
2026-05-04 15:24:11 | DEBUG   | dpfl.core.base_simulator | Update norms — honest: ['6009516.50', '0.03', '0.02', '21070.79', '0.02'], attacker: ['nan', 'nan', 'nan', 'nan', 'nan']
2026-05-04 15:24:12 | INFO    | dpfl.core.base_simulator | Round  87/100 | Acc: 0.8817 | Loss: nan | eps: 0.00 | P: 0.94 R: 1.00 F1: 0.97
2026-05-04 15:24:12 | DEBUG   | dpfl.core.base_simulator | Update norms — honest: ['5934036.50', '0.03', '0.02', '19449.92', '0.02'], attacker: ['nan', 'nan', 'nan', 'nan', 'nan']
2026-05-04 15:24:13 | INFO    | dpfl.core.base_simulator | Round  88/100 | Acc: 0.8824 | Loss: nan | eps: 0.00 | P: 0.96 R: 1.00 F1: 0.98
2026-05-04 15:24:13 | DEBUG   | dpfl.core.base_simulator | Update norms — honest: ['7197749.50', '0.02', '0.02', '22671.12', '0.02'], attacker: ['nan', 'nan', 'nan', 'nan', 'nan']
2026-05-04 15:24:13 | INFO    | dpfl.core.base_simulator | Round  89/100 | Acc: 0.8831 | Loss: nan | eps: 0.00 | P: 0.95 R: 1.00 F1: 0.97
2026-05-04 15:24:13 | DEBUG   | dpfl.core.base_simulator | Update norms — honest: ['6697598.00', '0.03', '0.02', '20063.59', '0.02'], attacker: ['nan', 'nan', 'nan', 'nan', 'nan']
2026-05-04 15:24:14 | INFO    | dpfl.core.base_simulator | Round  90/100 | Acc: 0.8818 | Loss: nan | eps: 0.00 | P: 0.94 R: 1.00 F1: 0.97
2026-05-04 15:24:14 | DEBUG   | dpfl.core.base_simulator | Update norms — honest: ['7373586.50', '0.02', '0.02', '26919.83', '0.02'], attacker: ['nan', 'nan', 'nan', 'nan', 'nan']
2026-05-04 15:24:15 | INFO    | dpfl.core.base_simulator | Round  91/100 | Acc: 0.8826 | Loss: nan | eps: 0.00 | P: 0.92 R: 1.00 F1: 0.96
2026-05-04 15:24:15 | DEBUG   | dpfl.core.base_simulator | Update norms — honest: ['7156431.00', '0.03', '0.03', '26730.74', '0.02'], attacker: ['nan', 'nan', 'nan', 'nan', 'nan']
2026-05-04 15:24:16 | INFO    | dpfl.core.base_simulator | Round  92/100 | Acc: 0.8825 | Loss: nan | eps: 0.00 | P: 0.95 R: 1.00 F1: 0.98
2026-05-04 15:24:16 | DEBUG   | dpfl.core.base_simulator | Update norms — honest: ['7795431.00', '0.02', '0.02', '29407.79', '0.02'], attacker: ['nan', 'nan', 'nan', 'nan', 'nan']
2026-05-04 15:24:17 | INFO    | dpfl.core.base_simulator | Round  93/100 | Acc: 0.8830 | Loss: nan | eps: 0.00 | P: 0.95 R: 1.00 F1: 0.97
2026-05-04 15:24:17 | DEBUG   | dpfl.core.base_simulator | Update norms — honest: ['6971310.50', '0.03', '0.02', '22159.19', '0.02'], attacker: ['nan', 'nan', 'nan', 'nan', 'nan']
2026-05-04 15:24:17 | INFO    | dpfl.core.base_simulator | Round  94/100 | Acc: 0.8819 | Loss: nan | eps: 0.00 | P: 0.95 R: 1.00 F1: 0.97
2026-05-04 15:24:17 | DEBUG   | dpfl.core.base_simulator | Update norms — honest: ['6029463.50', '0.02', '0.02', '22114.84', '0.02'], attacker: ['nan', 'nan', 'nan', 'nan', 'nan']
2026-05-04 15:24:18 | INFO    | dpfl.core.base_simulator | Round  95/100 | Acc: 0.8829 | Loss: nan | eps: 0.00 | P: 0.94 R: 1.00 F1: 0.97
2026-05-04 15:24:18 | DEBUG   | dpfl.core.base_simulator | Update norms — honest: ['6009029.00', '0.02', '0.02', '20396.61', '0.02'], attacker: ['nan', 'nan', 'nan', 'nan', 'nan']
2026-05-04 15:24:19 | INFO    | dpfl.core.base_simulator | Round  96/100 | Acc: 0.8831 | Loss: nan | eps: 0.00 | P: 0.92 R: 1.00 F1: 0.96
2026-05-04 15:24:19 | DEBUG   | dpfl.core.base_simulator | Update norms — honest: ['6979805.00', '0.02', '0.02', '17163.97', '0.02'], attacker: ['nan', 'nan', 'nan', 'nan', 'nan']
2026-05-04 15:24:20 | INFO    | dpfl.core.base_simulator | Round  97/100 | Acc: 0.8837 | Loss: nan | eps: 0.00 | P: 0.95 R: 1.00 F1: 0.97
2026-05-04 15:24:20 | DEBUG   | dpfl.core.base_simulator | Update norms — honest: ['8109455.00', '0.03', '0.02', '31372.01', '0.02'], attacker: ['nan', 'nan', 'nan', 'nan', 'nan']
2026-05-04 15:24:21 | INFO    | dpfl.core.base_simulator | Round  98/100 | Acc: 0.8831 | Loss: nan | eps: 0.00 | P: 0.94 R: 1.00 F1: 0.97
2026-05-04 15:24:21 | DEBUG   | dpfl.core.base_simulator | Update norms — honest: ['5355865.50', '0.03', '0.02', '30577.07', '0.02'], attacker: ['nan', 'nan', 'nan', 'nan', 'nan']
2026-05-04 15:24:21 | INFO    | dpfl.core.base_simulator | Round  99/100 | Acc: 0.8841 | Loss: nan | eps: 0.00 | P: 0.96 R: 1.00 F1: 0.98
2026-05-04 15:24:21 | DEBUG   | dpfl.core.base_simulator | Update norms — honest: ['6348441.50', '0.02', '0.02', '17154.45', '0.02'], attacker: ['nan', 'nan', 'nan', 'nan', 'nan']
2026-05-04 15:24:22 | INFO    | dpfl.core.base_simulator | Round 100/100 | Acc: 0.8832 | Loss: nan | eps: 0.00 | P: 0.93 R: 1.00 F1: 0.97
2026-05-04 15:24:22 | DEBUG   | dpfl.core.base_simulator | Update norms — honest: ['7500367.50', '0.03', '0.02', '23281.39', '0.02'], attacker: ['nan', 'nan', 'nan', 'nan', 'nan']
2026-05-04 15:24:23 | INFO    | dpfl | Experiment complete in 114.7s
============================================================
REPORT: DP-SGD Decentralized Federated Learning
============================================================
Timestamp:                  20260504_152228
Rounds completed:           100
Attack-active rounds:       90  (from round 10)
Final accuracy:             0.8832
Final test loss:            nan
Final epsilon:              0.00
Best alpha:                 None
Avg precision:              0.9394
Avg recall:                 0.9973
Avg F1 score:               0.9674
Avg update norm (honest):   nan
Avg update norm (attacker): nan
============================================================
