2026-05-04 18:26:42 | INFO    | dpfl | Experiment start: algorithm=noise_game, dataset=mnist, model=mlp, device=cuda
2026-05-04 18:26:42 | INFO    | dpfl | Config: nodes=500, attackers=200, rounds=150, noise_mode=none, attack=scale
2026-05-04 18:26:42 | INFO    | dpfl.data.mnist_dataset | Loading MNIST dataset...
2026-05-04 18:26:42 | INFO    | dpfl.data.mnist_dataset | MNIST loaded: 60000 train, 10000 test samples
2026-05-04 18:27:27 | INFO    | dpfl.core.base_simulator | Vectorized state ready: param_spec.D=50890, X_test=(10000, 1, 28, 28), train clients N=500, max_n_samples=1000
2026-05-04 18:27:27 | INFO    | dpfl.core.base_simulator | Setup complete: 500 nodes (200 attackers), param_dim=50890, split=iid
2026-05-04 18:27:27 | DEBUG   | dpfl.core.base_simulator | Attacker IDs: {0, 1, 2, 3, 4, 5, 6, 7, 8, 9, 10, 11, 12, 13, 14, 15, 16, 17, 18, 19, 20, 21, 22, 23, 24, 25, 26, 27, 28, 29, 30, 31, 32, 33, 34, 35, 36, 37, 38, 39, 40, 41, 42, 43, 44, 45, 46, 47, 48, 49, 50, 51, 52, 53, 54, 55, 56, 57, 58, 59, 60, 61, 62, 63, 64, 65, 66, 67, 68, 69, 70, 71, 72, 73, 74, 75, 76, 77, 78, 79, 80, 81, 82, 83, 84, 85, 86, 87, 88, 89, 90, 91, 92, 93, 94, 95, 96, 97, 98, 99, 100, 101, 102, 103, 104, 105, 106, 107, 108, 109, 110, 111, 112, 113, 114, 115, 116, 117, 118, 119, 120, 121, 122, 123, 124, 125, 126, 127, 128, 129, 130, 131, 132, 133, 134, 135, 136, 137, 138, 139, 140, 141, 142, 143, 144, 145, 146, 147, 148, 149, 150, 151, 152, 153, 154, 155, 156, 157, 158, 159, 160, 161, 162, 163, 164, 165, 166, 167, 168, 169, 170, 171, 172, 173, 174, 175, 176, 177, 178, 179, 180, 181, 182, 183, 184, 185, 186, 187, 188, 189, 190, 191, 192, 193, 194, 195, 196, 197, 198, 199}
2026-05-04 18:27:30 | INFO    | dpfl.core.base_simulator | Round   1/150 | Acc: 0.3838 | Loss: 2.0915 | eps_max: 1.91 eps_avg: 0.04 | P: 0.00 R: 0.00 F1: 0.00
2026-05-04 18:27:30 | DEBUG   | dpfl.core.base_simulator | Update norms — honest: ['0.56', '0.57', '0.57', '0.56', '0.56'], attacker: ['0.18', '0.18', '0.17', '0.18', '0.18']
2026-05-04 18:27:32 | INFO    | dpfl.core.base_simulator | Round   2/150 | Acc: 0.5593 | Loss: 1.8788 | eps_max: 1.93 eps_avg: 0.13 | P: 0.00 R: 0.00 F1: 0.00
2026-05-04 18:27:32 | DEBUG   | dpfl.core.base_simulator | Update norms — honest: ['0.56', '0.56', '0.56', '0.56', '0.56'], attacker: ['0.18', '0.18', '0.18', '0.18', '0.18']
2026-05-04 18:27:34 | INFO    | dpfl.core.base_simulator | Round   3/150 | Acc: 0.6551 | Loss: 1.6622 | eps_max: 1.99 eps_avg: 0.23 | P: 0.00 R: 0.00 F1: 0.00
2026-05-04 18:27:34 | DEBUG   | dpfl.core.base_simulator | Update norms — honest: ['0.55', '0.55', '0.56', '0.55', '0.55'], attacker: ['0.19', '0.18', '0.18', '0.19', '0.19']
2026-05-04 18:27:37 | INFO    | dpfl.core.base_simulator | Round   4/150 | Acc: 0.7145 | Loss: 1.4560 | eps_max: 2.14 eps_avg: 0.35 | P: 0.00 R: 0.00 F1: 0.00
2026-05-04 18:27:37 | DEBUG   | dpfl.core.base_simulator | Update norms — honest: ['0.54', '0.55', '0.55', '0.55', '0.55'], attacker: ['0.18', '0.18', '0.18', '0.18', '0.18']
2026-05-04 18:27:39 | INFO    | dpfl.core.base_simulator | Round   5/150 | Acc: 0.7549 | Loss: 1.2736 | eps_max: 2.14 eps_avg: 0.44 | P: 0.00 R: 0.00 F1: 0.00
2026-05-04 18:27:39 | DEBUG   | dpfl.core.base_simulator | Update norms — honest: ['0.54', '0.54', '0.54', '0.54', '0.54'], attacker: ['0.18', '0.17', '0.17', '0.17', '0.17']
2026-05-04 18:27:42 | INFO    | dpfl.core.base_simulator | Round   6/150 | Acc: 0.7827 | Loss: 1.1214 | eps_max: 2.20 eps_avg: 0.47 | P: 0.00 R: 0.00 F1: 0.00
2026-05-04 18:27:42 | DEBUG   | dpfl.core.base_simulator | Update norms — honest: ['0.53', '0.97', '1.00', '0.54', '1.03'], attacker: ['0.17', '0.16', '0.16', '0.16', '0.16']
2026-05-04 18:27:44 | INFO    | dpfl.core.base_simulator | Round   7/150 | Acc: 0.8026 | Loss: 0.9954 | eps_max: 2.23 eps_avg: 0.55 | P: 0.00 R: 0.00 F1: 0.00
2026-05-04 18:27:44 | DEBUG   | dpfl.core.base_simulator | Update norms — honest: ['1.00', '0.53', '0.94', '0.53', '0.53'], attacker: ['0.15', '0.14', '0.14', '0.15', '0.15']
2026-05-04 18:27:47 | INFO    | dpfl.core.base_simulator | Round   8/150 | Acc: 0.8163 | Loss: 0.8969 | eps_max: 2.37 eps_avg: 0.66 | P: 0.00 R: 0.00 F1: 0.00
2026-05-04 18:27:47 | DEBUG   | dpfl.core.base_simulator | Update norms — honest: ['0.52', '0.91', '0.84', '0.53', '0.53'], attacker: ['0.14', '0.13', '0.13', '0.13', '0.13']
2026-05-04 18:27:49 | INFO    | dpfl.core.base_simulator | Round   9/150 | Acc: 0.8264 | Loss: 0.8185 | eps_max: 2.40 eps_avg: 0.76 | P: 0.00 R: 0.00 F1: 0.00
2026-05-04 18:27:49 | DEBUG   | dpfl.core.base_simulator | Update norms — honest: ['0.52', '0.52', '0.96', '1.35', '0.52'], attacker: ['0.12', '0.12', '0.12', '0.12', '0.12']
2026-05-04 18:27:52 | INFO    | dpfl.core.base_simulator | Round  10/150 | Acc: 0.8342 | Loss: 0.7563 | eps_max: 2.40 eps_avg: 0.83 | P: 0.00 R: 0.00 F1: 0.00
2026-05-04 18:27:52 | DEBUG   | dpfl.core.base_simulator | Update norms — honest: ['0.93', '0.51', '0.78', '0.52', '0.81'], attacker: ['0.11', '0.11', '0.11', '0.11', '0.11']
2026-05-04 18:27:55 | INFO    | dpfl.core.base_simulator | Round  11/150 | Acc: 0.8402 | Loss: 0.7068 | eps_max: 2.42 eps_avg: 0.93 | P: 0.00 R: 0.00 F1: 0.00
2026-05-04 18:27:55 | DEBUG   | dpfl.core.base_simulator | Update norms — honest: ['0.51', '0.51', '0.93', '0.51', '0.51'], attacker: ['0.10', '0.10', '0.10', '0.10', '0.10']
2026-05-04 18:27:57 | INFO    | dpfl.core.base_simulator | Round  12/150 | Acc: 0.8453 | Loss: 0.6667 | eps_max: 2.45 eps_avg: 1.00 | P: 0.00 R: 0.00 F1: 0.00
2026-05-04 18:27:57 | DEBUG   | dpfl.core.base_simulator | Update norms — honest: ['0.50', '0.95', '0.95', '0.50', '1.44'], attacker: ['0.10', '0.09', '0.09', '0.09', '0.10']
2026-05-04 18:27:59 | INFO    | dpfl.core.base_simulator | Round  13/150 | Acc: 0.8493 | Loss: 0.6343 | eps_max: 2.45 eps_avg: 1.04 | P: 0.00 R: 0.00 F1: 0.00
2026-05-04 18:27:59 | DEBUG   | dpfl.core.base_simulator | Update norms — honest: ['1.36', '0.50', '1.49', '1.45', '0.91'], attacker: ['0.09', '0.09', '0.09', '0.09', '0.09']
2026-05-04 18:28:02 | INFO    | dpfl.core.base_simulator | Round  14/150 | Acc: 0.8527 | Loss: 0.6070 | eps_max: 2.51 eps_avg: 1.10 | P: 0.00 R: 0.00 F1: 0.00
2026-05-04 18:28:02 | DEBUG   | dpfl.core.base_simulator | Update norms — honest: ['0.82', '0.93', '0.50', '0.49', '0.92'], attacker: ['0.09', '0.08', '0.08', '0.08', '0.09']
2026-05-04 18:28:04 | INFO    | dpfl.core.base_simulator | Round  15/150 | Acc: 0.8561 | Loss: 0.5839 | eps_max: 2.51 eps_avg: 1.13 | P: 0.00 R: 0.00 F1: 0.00
2026-05-04 18:28:04 | DEBUG   | dpfl.core.base_simulator | Update norms — honest: ['0.81', '0.49', '1.85', '0.49', '0.49'], attacker: ['0.08', '0.08', '0.08', '0.08', '0.08']
2026-05-04 18:28:07 | INFO    | dpfl.core.base_simulator | Round  16/150 | Acc: 0.8587 | Loss: 0.5640 | eps_max: 2.53 eps_avg: 1.19 | P: 0.00 R: 0.00 F1: 0.00
2026-05-04 18:28:07 | DEBUG   | dpfl.core.base_simulator | Update norms — honest: ['0.78', '0.91', '1.80', '1.39', '0.48'], attacker: ['0.08', '0.07', '0.08', '0.08', '0.08']
2026-05-04 18:28:09 | INFO    | dpfl.core.base_simulator | Round  17/150 | Acc: 0.8610 | Loss: 0.5469 | eps_max: 2.58 eps_avg: 1.22 | P: 0.00 R: 0.00 F1: 0.00
2026-05-04 18:28:09 | DEBUG   | dpfl.core.base_simulator | Update norms — honest: ['0.89', '1.41', '1.77', '0.48', '1.34'], attacker: ['0.08', '0.07', '0.08', '0.07', '0.07']
2026-05-04 18:28:12 | INFO    | dpfl.core.base_simulator | Round  18/150 | Acc: 0.8630 | Loss: 0.5318 | eps_max: 2.63 eps_avg: 1.29 | P: 0.00 R: 0.00 F1: 0.00
2026-05-04 18:28:12 | DEBUG   | dpfl.core.base_simulator | Update norms — honest: ['1.27', '1.05', '0.48', '0.87', '0.85'], attacker: ['0.07', '0.07', '0.07', '0.07', '0.07']
2026-05-04 18:28:14 | INFO    | dpfl.core.base_simulator | Round  19/150 | Acc: 0.8650 | Loss: 0.5189 | eps_max: 2.68 eps_avg: 1.36 | P: 0.00 R: 0.00 F1: 0.00
2026-05-04 18:28:14 | DEBUG   | dpfl.core.base_simulator | Update norms — honest: ['0.47', '1.80', '0.47', '0.85', '0.47'], attacker: ['0.08', '0.07', '0.07', '0.07', '0.07']
2026-05-04 18:28:17 | INFO    | dpfl.core.base_simulator | Round  20/150 | Acc: 0.8666 | Loss: 0.5071 | eps_max: 2.74 eps_avg: 1.40 | P: 0.00 R: 0.00 F1: 0.00
2026-05-04 18:28:17 | DEBUG   | dpfl.core.base_simulator | Update norms — honest: ['1.27', '1.68', '1.36', '1.06', '0.47'], attacker: ['0.07', '0.07', '0.07', '0.07', '0.07']
2026-05-04 18:28:19 | INFO    | dpfl.core.base_simulator | Round  21/150 | Acc: 0.8680 | Loss: 0.4968 | eps_max: 3.06 eps_avg: 1.45 | P: 0.00 R: 0.00 F1: 0.00
2026-05-04 18:28:19 | DEBUG   | dpfl.core.base_simulator | Update norms — honest: ['0.46', '0.46', '1.69', '0.70', '0.55'], attacker: ['0.07', '0.07', '0.07', '0.07', '0.07']
2026-05-04 18:28:21 | INFO    | dpfl.core.base_simulator | Round  22/150 | Acc: 0.8695 | Loss: 0.4873 | eps_max: 3.06 eps_avg: 1.49 | P: 0.00 R: 0.00 F1: 0.00
2026-05-04 18:28:21 | DEBUG   | dpfl.core.base_simulator | Update norms — honest: ['1.27', '0.82', '0.66', '0.60', '0.46'], attacker: ['0.07', '0.07', '0.06', '0.07', '0.06']
2026-05-04 18:28:24 | INFO    | dpfl.core.base_simulator | Round  23/150 | Acc: 0.8707 | Loss: 0.4791 | eps_max: 3.06 eps_avg: 1.54 | P: 0.00 R: 0.00 F1: 0.00
2026-05-04 18:28:24 | DEBUG   | dpfl.core.base_simulator | Update norms — honest: ['0.79', '1.65', '2.01', '0.83', '0.84'], attacker: ['0.07', '0.06', '0.06', '0.07', '0.07']
2026-05-04 18:28:26 | INFO    | dpfl.core.base_simulator | Round  24/150 | Acc: 0.8717 | Loss: 0.4715 | eps_max: 3.06 eps_avg: 1.61 | P: 0.00 R: 0.00 F1: 0.00
2026-05-04 18:28:26 | DEBUG   | dpfl.core.base_simulator | Update norms — honest: ['2.08', '0.59', '1.32', '1.76', '0.45'], attacker: ['0.07', '0.06', '0.06', '0.07', '0.07']
2026-05-04 18:28:29 | INFO    | dpfl.core.base_simulator | Round  25/150 | Acc: 0.8725 | Loss: 0.4649 | eps_max: 3.10 eps_avg: 1.66 | P: 0.00 R: 0.00 F1: 0.00
2026-05-04 18:28:29 | DEBUG   | dpfl.core.base_simulator | Update norms — honest: ['1.98', '1.25', '0.44', '0.78', '0.76'], attacker: ['0.06', '0.06', '0.07', '0.07', '0.06']
2026-05-04 18:28:31 | INFO    | dpfl.core.base_simulator | Round  26/150 | Acc: 0.8737 | Loss: 0.4584 | eps_max: 3.23 eps_avg: 1.74 | P: 0.00 R: 0.00 F1: 0.00
2026-05-04 18:28:31 | DEBUG   | dpfl.core.base_simulator | Update norms — honest: ['0.44', '0.71', '0.83', '1.16', '0.44'], attacker: ['0.06', '0.06', '0.06', '0.06', '0.06']
2026-05-04 18:28:34 | INFO    | dpfl.core.base_simulator | Round  27/150 | Acc: 0.8746 | Loss: 0.4524 | eps_max: 3.27 eps_avg: 1.80 | P: 0.00 R: 0.00 F1: 0.00
2026-05-04 18:28:34 | DEBUG   | dpfl.core.base_simulator | Update norms — honest: ['1.24', '0.56', '1.37', '1.16', '0.43'], attacker: ['0.07', '0.06', '0.06', '0.06', '0.06']
2026-05-04 18:28:36 | INFO    | dpfl.core.base_simulator | Round  28/150 | Acc: 0.8753 | Loss: 0.4474 | eps_max: 3.31 eps_avg: 1.85 | P: 0.00 R: 0.00 F1: 0.00
2026-05-04 18:28:36 | DEBUG   | dpfl.core.base_simulator | Update norms — honest: ['0.65', '0.43', '0.43', '1.24', '1.53'], attacker: ['0.07', '0.06', '0.06', '0.07', '0.06']
2026-05-04 18:28:39 | INFO    | dpfl.core.base_simulator | Round  29/150 | Acc: 0.8761 | Loss: 0.4426 | eps_max: 3.34 eps_avg: 1.91 | P: 0.00 R: 0.00 F1: 0.00
2026-05-04 18:28:39 | DEBUG   | dpfl.core.base_simulator | Update norms — honest: ['2.19', '0.43', '0.73', '1.73', '0.86'], attacker: ['0.07', '0.06', '0.06', '0.07', '0.06']
2026-05-04 18:28:41 | INFO    | dpfl.core.base_simulator | Round  30/150 | Acc: 0.8767 | Loss: 0.4381 | eps_max: 3.37 eps_avg: 1.95 | P: 0.00 R: 0.00 F1: 0.00
2026-05-04 18:28:41 | DEBUG   | dpfl.core.base_simulator | Update norms — honest: ['0.52', '1.35', '0.76', '1.39', '0.42'], attacker: ['0.06', '0.06', '0.06', '0.06', '0.06']
2026-05-04 18:28:44 | INFO    | dpfl.core.base_simulator | Round  31/150 | Acc: 0.8773 | Loss: 0.4340 | eps_max: 3.42 eps_avg: 2.03 | P: 0.00 R: 0.00 F1: 0.00
2026-05-04 18:28:44 | DEBUG   | dpfl.core.base_simulator | Update norms — honest: ['1.83', '0.61', '1.40', '0.42', '0.50'], attacker: ['0.07', '0.06', '0.06', '0.07', '0.06']
2026-05-04 18:28:47 | INFO    | dpfl.core.base_simulator | Round  32/150 | Acc: 0.8778 | Loss: 0.4302 | eps_max: 3.46 eps_avg: 2.06 | P: 0.00 R: 0.00 F1: 0.00
2026-05-04 18:28:47 | DEBUG   | dpfl.core.base_simulator | Update norms — honest: ['0.73', '0.86', '1.15', '0.41', '1.35'], attacker: ['0.06', '0.06', '0.06', '0.06', '0.06']
2026-05-04 18:28:49 | INFO    | dpfl.core.base_simulator | Round  33/150 | Acc: 0.8784 | Loss: 0.4268 | eps_max: 3.51 eps_avg: 2.12 | P: 0.00 R: 0.00 F1: 0.00
2026-05-04 18:28:49 | DEBUG   | dpfl.core.base_simulator | Update norms — honest: ['1.10', '0.41', '1.78', '0.77', '1.78'], attacker: ['0.06', '0.06', '0.06', '0.07', '0.06']
2026-05-04 18:28:52 | INFO    | dpfl.core.base_simulator | Round  34/150 | Acc: 0.8789 | Loss: 0.4234 | eps_max: 3.56 eps_avg: 2.17 | P: 0.00 R: 0.00 F1: 0.00
2026-05-04 18:28:52 | DEBUG   | dpfl.core.base_simulator | Update norms — honest: ['1.18', '1.31', '0.40', '0.67', '0.41'], attacker: ['0.06', '0.06', '0.07', '0.06', '0.06']
2026-05-04 18:28:55 | INFO    | dpfl.core.base_simulator | Round  35/150 | Acc: 0.8791 | Loss: 0.4211 | eps_max: 3.62 eps_avg: 2.21 | P: 0.00 R: 0.00 F1: 0.00
2026-05-04 18:28:55 | DEBUG   | dpfl.core.base_simulator | Update norms — honest: ['0.79', '1.17', '0.40', '0.72', '0.63'], attacker: ['0.06', '0.06', '0.06', '0.07', '0.06']
2026-05-04 18:28:57 | INFO    | dpfl.core.base_simulator | Round  36/150 | Acc: 0.8796 | Loss: 0.4181 | eps_max: 3.69 eps_avg: 2.25 | P: 0.00 R: 0.00 F1: 0.00
2026-05-04 18:28:57 | DEBUG   | dpfl.core.base_simulator | Update norms — honest: ['0.78', '0.67', '1.79', '1.06', '0.40'], attacker: ['0.07', '0.06', '0.06', '0.06', '0.06']
2026-05-04 18:28:59 | INFO    | dpfl.core.base_simulator | Round  37/150 | Acc: 0.8801 | Loss: 0.4152 | eps_max: 3.78 eps_avg: 2.29 | P: 0.00 R: 0.00 F1: 0.00
2026-05-04 18:28:59 | DEBUG   | dpfl.core.base_simulator | Update norms — honest: ['0.39', '0.48', '1.14', '0.64', '1.17'], attacker: ['0.07', '0.06', '0.06', '0.06', '0.06']
2026-05-04 18:29:02 | INFO    | dpfl.core.base_simulator | Round  38/150 | Acc: 0.8804 | Loss: 0.4131 | eps_max: 3.83 eps_avg: 2.34 | P: 0.00 R: 0.00 F1: 0.00
2026-05-04 18:29:02 | DEBUG   | dpfl.core.base_simulator | Update norms — honest: ['2.10', '0.51', '2.11', '1.53', '0.73'], attacker: ['0.06', '0.06', '0.06', '0.06', '0.06']
2026-05-04 18:29:05 | INFO    | dpfl.core.base_simulator | Round  39/150 | Acc: 0.8807 | Loss: 0.4113 | eps_max: 3.90 eps_avg: 2.38 | P: 0.00 R: 0.00 F1: 0.00
2026-05-04 18:29:05 | DEBUG   | dpfl.core.base_simulator | Update norms — honest: ['0.38', '1.91', '2.45', '0.55', '0.69'], attacker: ['0.06', '0.06', '0.06', '0.06', '0.06']
2026-05-04 18:29:07 | INFO    | dpfl.core.base_simulator | Round  40/150 | Acc: 0.8810 | Loss: 0.4092 | eps_max: 4.07 eps_avg: 2.42 | P: 0.00 R: 0.00 F1: 0.00
2026-05-04 18:29:07 | DEBUG   | dpfl.core.base_simulator | Update norms — honest: ['1.09', '1.17', '0.38', '1.51', '0.83'], attacker: ['0.06', '0.06', '0.06', '0.06', '0.06']
2026-05-04 18:29:10 | INFO    | dpfl.core.base_simulator | Round  41/150 | Acc: 0.8814 | Loss: 0.4069 | eps_max: 4.07 eps_avg: 2.46 | P: 0.00 R: 0.00 F1: 0.00
2026-05-04 18:29:10 | DEBUG   | dpfl.core.base_simulator | Update norms — honest: ['2.40', '1.03', '1.14', '1.00', '2.33'], attacker: ['0.07', '0.06', '0.06', '0.07', '0.06']
2026-05-04 18:29:12 | INFO    | dpfl.core.base_simulator | Round  42/150 | Acc: 0.8814 | Loss: 0.4062 | eps_max: 4.07 eps_avg: 2.49 | P: 0.00 R: 0.00 F1: 0.00
2026-05-04 18:29:12 | DEBUG   | dpfl.core.base_simulator | Update norms — honest: ['1.25', '1.90', '1.09', '1.14', '0.56'], attacker: ['0.06', '0.06', '0.06', '0.06', '0.06']
2026-05-04 18:29:15 | INFO    | dpfl.core.base_simulator | Round  43/150 | Acc: 0.8819 | Loss: 0.4037 | eps_max: 4.25 eps_avg: 2.54 | P: 0.00 R: 0.00 F1: 0.00
2026-05-04 18:29:15 | DEBUG   | dpfl.core.base_simulator | Update norms — honest: ['1.31', '1.23', '0.70', '1.66', '1.02'], attacker: ['0.06', '0.06', '0.06', '0.06', '0.06']
2026-05-04 18:29:18 | INFO    | dpfl.core.base_simulator | Round  44/150 | Acc: 0.8820 | Loss: 0.4026 | eps_max: 4.34 eps_avg: 2.60 | P: 0.00 R: 0.00 F1: 0.00
2026-05-04 18:29:18 | DEBUG   | dpfl.core.base_simulator | Update norms — honest: ['1.00', '2.23', '1.17', '0.80', '0.84'], attacker: ['0.06', '0.06', '0.06', '0.06', '0.06']
2026-05-04 18:29:20 | INFO    | dpfl.core.base_simulator | Round  45/150 | Acc: 0.8822 | Loss: 0.4010 | eps_max: 4.69 eps_avg: 2.67 | P: 0.00 R: 0.00 F1: 0.00
2026-05-04 18:29:20 | DEBUG   | dpfl.core.base_simulator | Update norms — honest: ['1.87', '0.36', '0.66', '2.48', '0.69'], attacker: ['0.06', '0.06', '0.06', '0.06', '0.07']
2026-05-04 18:29:23 | INFO    | dpfl.core.base_simulator | Round  46/150 | Acc: 0.8823 | Loss: 0.4002 | eps_max: 5.08 eps_avg: 2.70 | P: 0.00 R: 0.00 F1: 0.00
2026-05-04 18:29:23 | DEBUG   | dpfl.core.base_simulator | Update norms — honest: ['1.12', '1.36', '1.78', '1.77', '1.57'], attacker: ['0.07', '0.06', '0.06', '0.06', '0.06']
2026-05-04 18:29:25 | INFO    | dpfl.core.base_simulator | Round  47/150 | Acc: 0.8828 | Loss: 0.3982 | eps_max: 5.13 eps_avg: 2.74 | P: 0.00 R: 0.00 F1: 0.00
2026-05-04 18:29:25 | DEBUG   | dpfl.core.base_simulator | Update norms — honest: ['1.48', '1.36', '1.59', '1.72', '1.07'], attacker: ['0.06', '0.06', '0.06', '0.06', '0.06']
2026-05-04 18:29:28 | INFO    | dpfl.core.base_simulator | Round  48/150 | Acc: 0.8826 | Loss: 0.3977 | eps_max: 5.13 eps_avg: 2.79 | P: 0.00 R: 0.00 F1: 0.00
2026-05-04 18:29:28 | DEBUG   | dpfl.core.base_simulator | Update norms — honest: ['0.64', '2.66', '2.37', '0.35', '1.57'], attacker: ['0.06', '0.06', '0.06', '0.06', '0.06']
2026-05-04 18:29:30 | INFO    | dpfl.core.base_simulator | Round  49/150 | Acc: 0.8829 | Loss: 0.3964 | eps_max: 5.13 eps_avg: 2.81 | P: 0.00 R: 0.00 F1: 0.00
2026-05-04 18:29:30 | DEBUG   | dpfl.core.base_simulator | Update norms — honest: ['1.70', '2.52', '0.68', '1.13', '0.58'], attacker: ['0.06', '0.06', '0.06', '0.06', '0.06']
2026-05-04 18:29:33 | INFO    | dpfl.core.base_simulator | Round  50/150 | Acc: 0.8831 | Loss: 0.3954 | eps_max: 5.13 eps_avg: 2.82 | P: 0.00 R: 0.00 F1: 0.00
2026-05-04 18:29:33 | DEBUG   | dpfl.core.base_simulator | Update norms — honest: ['2.78', '0.64', '0.88', '1.51', '2.08'], attacker: ['0.06', '0.06', '0.06', '0.06', '0.06']
2026-05-04 18:29:36 | INFO    | dpfl.core.base_simulator | Round  51/150 | Acc: 0.8794 | Loss: 0.4131 | eps_max: 5.13 eps_avg: 2.88 | P: 0.98 R: 0.99 F1: 0.99
2026-05-04 18:29:36 | DEBUG   | dpfl.core.base_simulator | Update norms — honest: ['1.22', '0.68', '1.14', '1.81', '0.34'], attacker: ['0.65', '0.58', '0.60', '0.66', '0.60']
2026-05-04 18:29:38 | INFO    | dpfl.core.base_simulator | Round  52/150 | Acc: 0.8668 | Loss: 0.5718 | eps_max: 5.19 eps_avg: 2.92 | P: 0.98 R: 0.99 F1: 0.99
2026-05-04 18:29:38 | DEBUG   | dpfl.core.base_simulator | Update norms — honest: ['0.96', '3.29', '1.23', '0.68', '1.38'], attacker: ['1.00', '1.00', '1.00', '1.00', '1.00']
2026-05-04 18:29:41 | INFO    | dpfl.core.base_simulator | Round  53/150 | Acc: 0.8576 | Loss: 0.7593 | eps_max: 5.19 eps_avg: 2.98 | P: 0.98 R: 0.99 F1: 0.99
2026-05-04 18:29:41 | DEBUG   | dpfl.core.base_simulator | Update norms — honest: ['0.34', '1.19', '0.96', '0.34', '2.26'], attacker: ['1.00', '1.00', '1.00', '1.00', '1.00']
2026-05-04 18:29:43 | INFO    | dpfl.core.base_simulator | Round  54/150 | Acc: 0.8567 | Loss: 0.7281 | eps_max: 5.19 eps_avg: 3.02 | P: 0.98 R: 0.99 F1: 0.99
2026-05-04 18:29:43 | DEBUG   | dpfl.core.base_simulator | Update norms — honest: ['1.40', '2.38', '0.48', '0.34', '0.61'], attacker: ['1.00', '1.00', '1.00', '1.00', '1.00']
2026-05-04 18:29:46 | INFO    | dpfl.core.base_simulator | Round  55/150 | Acc: 0.8544 | Loss: 0.8061 | eps_max: 5.19 eps_avg: 3.07 | P: 0.98 R: 0.99 F1: 0.98
2026-05-04 18:29:46 | DEBUG   | dpfl.core.base_simulator | Update norms — honest: ['1.89', '2.96', '0.47', '1.39', '1.10'], attacker: ['1.00', '1.00', '1.00', '1.00', '1.00']
2026-05-04 18:29:48 | INFO    | dpfl.core.base_simulator | Round  56/150 | Acc: 0.8600 | Loss: 0.7050 | eps_max: 5.19 eps_avg: 3.10 | P: 0.98 R: 0.99 F1: 0.99
2026-05-04 18:29:48 | DEBUG   | dpfl.core.base_simulator | Update norms — honest: ['1.63', '0.66', '0.39', '1.63', '0.63'], attacker: ['1.00', '1.00', '1.00', '1.00', '1.00']
2026-05-04 18:29:50 | INFO    | dpfl.core.base_simulator | Round  57/150 | Acc: 0.8647 | Loss: 0.6403 | eps_max: 5.39 eps_avg: 3.14 | P: 0.99 R: 0.99 F1: 0.99
2026-05-04 18:29:50 | DEBUG   | dpfl.core.base_simulator | Update norms — honest: ['0.57', '0.62', '1.39', '1.36', '0.57'], attacker: ['1.00', '1.00', '1.00', '1.00', '1.00']
2026-05-04 18:29:53 | INFO    | dpfl.core.base_simulator | Round  58/150 | Acc: 0.8601 | Loss: 0.6952 | eps_max: 5.39 eps_avg: 3.26 | P: 0.98 R: 0.99 F1: 0.99
2026-05-04 18:29:53 | DEBUG   | dpfl.core.base_simulator | Update norms — honest: ['1.83', '0.46', '0.56', '1.63', '0.90'], attacker: ['1.00', '1.00', '1.00', '1.00', '1.00']
2026-05-04 18:29:56 | INFO    | dpfl.core.base_simulator | Round  59/150 | Acc: 0.8466 | Loss: 0.8750 | eps_max: 5.39 eps_avg: 3.38 | P: 0.97 R: 0.99 F1: 0.98
2026-05-04 18:29:56 | DEBUG   | dpfl.core.base_simulator | Update norms — honest: ['1.79', '1.14', '0.34', '0.98', '2.43'], attacker: ['1.00', '1.00', '1.00', '1.00', '1.00']
2026-05-04 18:29:59 | INFO    | dpfl.core.base_simulator | Round  60/150 | Acc: 0.8601 | Loss: 0.7232 | eps_max: 5.39 eps_avg: 3.43 | P: 0.98 R: 0.99 F1: 0.99
2026-05-04 18:29:59 | DEBUG   | dpfl.core.base_simulator | Update norms — honest: ['1.20', '1.02', '0.05', '1.05', '0.52'], attacker: ['1.00', '1.00', '1.00', '1.00', '1.00']
2026-05-04 18:30:01 | INFO    | dpfl.core.base_simulator | Round  61/150 | Acc: 0.8597 | Loss: 0.8212 | eps_max: 5.39 eps_avg: 3.45 | P: 0.98 R: 0.99 F1: 0.99
2026-05-04 18:30:01 | DEBUG   | dpfl.core.base_simulator | Update norms — honest: ['1.04', '0.00', '0.66', '0.83', '1.22'], attacker: ['1.00', '1.00', '1.00', '1.00', '1.00']
2026-05-04 18:30:04 | INFO    | dpfl.core.base_simulator | Round  62/150 | Acc: 0.8601 | Loss: 0.7013 | eps_max: 5.39 eps_avg: 3.50 | P: 0.98 R: 0.99 F1: 0.99
2026-05-04 18:30:04 | DEBUG   | dpfl.core.base_simulator | Update norms — honest: ['0.89', '0.34', '1.59', '1.69', '1.51'], attacker: ['1.00', '1.00', '1.00', '1.00', '1.00']
2026-05-04 18:30:07 | INFO    | dpfl.core.base_simulator | Round  63/150 | Acc: 0.8569 | Loss: 0.7592 | eps_max: 5.52 eps_avg: 3.58 | P: 0.98 R: 0.99 F1: 0.99
2026-05-04 18:30:07 | DEBUG   | dpfl.core.base_simulator | Update norms — honest: ['1.88', '0.34', '1.68', '1.79', '1.38'], attacker: ['1.00', '1.00', '1.00', '1.00', '1.00']
2026-05-04 18:30:09 | INFO    | dpfl.core.base_simulator | Round  64/150 | Acc: 0.8494 | Loss: 0.8838 | eps_max: 5.52 eps_avg: 3.64 | P: 0.97 R: 0.99 F1: 0.98
2026-05-04 18:30:09 | DEBUG   | dpfl.core.base_simulator | Update norms — honest: ['0.83', '1.23', '1.28', '0.00', '0.63'], attacker: ['1.00', '1.00', '1.00', '1.00', '1.00']
2026-05-04 18:30:12 | INFO    | dpfl.core.base_simulator | Round  65/150 | Acc: 0.8440 | Loss: 0.9547 | eps_max: 5.52 eps_avg: 3.71 | P: 0.96 R: 0.99 F1: 0.98
2026-05-04 18:30:12 | DEBUG   | dpfl.core.base_simulator | Update norms — honest: ['1.60', '1.52', '2.68', '1.51', '0.70'], attacker: ['1.00', '1.00', '1.00', '1.00', '1.00']
2026-05-04 18:30:15 | INFO    | dpfl.core.base_simulator | Round  66/150 | Acc: 0.8440 | Loss: 1.0164 | eps_max: 5.60 eps_avg: 3.75 | P: 0.97 R: 0.99 F1: 0.98
2026-05-04 18:30:15 | DEBUG   | dpfl.core.base_simulator | Update norms — honest: ['0.43', '0.32', '2.28', '0.93', '0.46'], attacker: ['1.00', '1.00', '1.00', '1.00', '1.00']
2026-05-04 18:30:17 | INFO    | dpfl.core.base_simulator | Round  67/150 | Acc: 0.8566 | Loss: 0.8269 | eps_max: 5.60 eps_avg: 3.79 | P: 0.98 R: 0.99 F1: 0.99
2026-05-04 18:30:17 | DEBUG   | dpfl.core.base_simulator | Update norms — honest: ['1.08', '1.69', '1.80', '1.61', '0.51'], attacker: ['1.00', '1.00', '1.00', '1.00', '1.00']
2026-05-04 18:30:20 | INFO    | dpfl.core.base_simulator | Round  68/150 | Acc: 0.8518 | Loss: 0.8515 | eps_max: 5.60 eps_avg: 3.89 | P: 0.98 R: 0.99 F1: 0.98
2026-05-04 18:30:20 | DEBUG   | dpfl.core.base_simulator | Update norms — honest: ['0.34', '2.39', '1.09', '0.00', '0.94'], attacker: ['1.00', '1.00', '1.00', '1.00', '1.00']
2026-05-04 18:30:23 | INFO    | dpfl.core.base_simulator | Round  69/150 | Acc: 0.8406 | Loss: 1.0396 | eps_max: 5.81 eps_avg: 3.98 | P: 0.97 R: 0.99 F1: 0.98
2026-05-04 18:30:23 | DEBUG   | dpfl.core.base_simulator | Update norms — honest: ['0.34', '1.36', '0.61', '1.06', '1.84'], attacker: ['1.00', '1.00', '1.00', '1.00', '1.00']
2026-05-04 18:30:25 | INFO    | dpfl.core.base_simulator | Round  70/150 | Acc: 0.8717 | Loss: 0.5639 | eps_max: 5.81 eps_avg: 4.01 | P: 0.99 R: 0.99 F1: 0.99
2026-05-04 18:30:25 | DEBUG   | dpfl.core.base_simulator | Update norms — honest: ['0.00', '0.89', '1.07', '1.67', '1.01'], attacker: ['1.00', '1.00', '1.00', '1.00', '1.00']
2026-05-04 18:30:28 | INFO    | dpfl.core.base_simulator | Round  71/150 | Acc: 0.8744 | Loss: 0.5496 | eps_max: 5.81 eps_avg: 4.04 | P: 0.99 R: 0.99 F1: 0.99
2026-05-04 18:30:28 | DEBUG   | dpfl.core.base_simulator | Update norms — honest: ['1.50', '1.14', '2.23', '2.74', '1.60'], attacker: ['1.00', '1.00', '1.00', '1.00', '1.00']
2026-05-04 18:30:30 | INFO    | dpfl.core.base_simulator | Round  72/150 | Acc: 0.8621 | Loss: 0.6741 | eps_max: 6.23 eps_avg: 4.07 | P: 0.99 R: 0.99 F1: 0.99
2026-05-04 18:30:30 | DEBUG   | dpfl.core.base_simulator | Update norms — honest: ['1.23', '1.11', '1.02', '1.24', '0.36'], attacker: ['1.00', '1.00', '1.00', '1.00', '1.00']
2026-05-04 18:30:33 | INFO    | dpfl.core.base_simulator | Round  73/150 | Acc: 0.8616 | Loss: 0.6599 | eps_max: 6.23 eps_avg: 4.13 | P: 0.98 R: 0.99 F1: 0.99
2026-05-04 18:30:33 | DEBUG   | dpfl.core.base_simulator | Update norms — honest: ['1.89', '1.54', '0.68', '1.80', '1.60'], attacker: ['1.00', '1.00', '1.00', '1.00', '1.00']
2026-05-04 18:30:35 | INFO    | dpfl.core.base_simulator | Round  74/150 | Acc: 0.8515 | Loss: 0.8588 | eps_max: 6.23 eps_avg: 4.19 | P: 0.97 R: 0.99 F1: 0.98
2026-05-04 18:30:35 | DEBUG   | dpfl.core.base_simulator | Update norms — honest: ['2.61', '2.06', '0.98', '1.40', '0.84'], attacker: ['1.00', '1.00', '1.00', '1.00', '1.00']
2026-05-04 18:30:38 | INFO    | dpfl.core.base_simulator | Round  75/150 | Acc: 0.8484 | Loss: 0.9842 | eps_max: 6.23 eps_avg: 4.26 | P: 0.98 R: 0.99 F1: 0.98
2026-05-04 18:30:38 | DEBUG   | dpfl.core.base_simulator | Update norms — honest: ['0.45', '1.45', '1.96', '1.07', '0.90'], attacker: ['1.00', '1.00', '1.00', '1.00', '1.00']
2026-05-04 18:30:40 | INFO    | dpfl.core.base_simulator | Round  76/150 | Acc: 0.8816 | Loss: 0.3982 | eps_max: 6.23 eps_avg: 4.29 | P: 0.98 R: 1.00 F1: 0.99
2026-05-04 18:30:40 | DEBUG   | dpfl.core.base_simulator | Update norms — honest: ['1.81', '0.66', '1.98', '0.63', '1.23'], attacker: ['nan', 'nan', 'nan', 'nan', 'nan']
2026-05-04 18:30:43 | INFO    | dpfl.core.base_simulator | Round  77/150 | Acc: 0.8817 | Loss: 0.3983 | eps_max: 6.23 eps_avg: 4.35 | P: 0.98 R: 1.00 F1: 0.99
2026-05-04 18:30:43 | DEBUG   | dpfl.core.base_simulator | Update norms — honest: ['0.34', '2.15', '0.42', '1.28', '0.65'], attacker: ['nan', 'nan', 'nan', 'nan', 'nan']
2026-05-04 18:30:46 | INFO    | dpfl.core.base_simulator | Round  78/150 | Acc: 0.8816 | Loss: 0.3982 | eps_max: 6.23 eps_avg: 4.40 | P: 0.98 R: 1.00 F1: 0.99
2026-05-04 18:30:46 | DEBUG   | dpfl.core.base_simulator | Update norms — honest: ['2.34', '1.30', '1.29', '1.37', '0.81'], attacker: ['nan', 'nan', 'nan', 'nan', 'nan']
2026-05-04 18:30:48 | INFO    | dpfl.core.base_simulator | Round  79/150 | Acc: 0.8818 | Loss: 0.3982 | eps_max: 6.23 eps_avg: 4.42 | P: 0.98 R: 1.00 F1: 0.99
2026-05-04 18:30:48 | DEBUG   | dpfl.core.base_simulator | Update norms — honest: ['1.31', '2.50', '2.22', '1.89', '0.94'], attacker: ['nan', 'nan', 'nan', 'nan', 'nan']
2026-05-04 18:30:51 | INFO    | dpfl.core.base_simulator | Round  80/150 | Acc: 0.8818 | Loss: 0.3981 | eps_max: 6.23 eps_avg: 4.48 | P: 0.98 R: 1.00 F1: 0.99
2026-05-04 18:30:51 | DEBUG   | dpfl.core.base_simulator | Update norms — honest: ['0.34', '1.45', '0.89', '1.32', '2.51'], attacker: ['nan', 'nan', 'nan', 'nan', 'nan']
2026-05-04 18:30:53 | INFO    | dpfl.core.base_simulator | Round  81/150 | Acc: 0.8818 | Loss: 0.3984 | eps_max: 6.23 eps_avg: 4.53 | P: 0.98 R: 1.00 F1: 0.99
2026-05-04 18:30:53 | DEBUG   | dpfl.core.base_simulator | Update norms — honest: ['1.74', '1.72', '1.47', '2.03', '0.51'], attacker: ['nan', 'nan', 'nan', 'nan', 'nan']
2026-05-04 18:30:56 | INFO    | dpfl.core.base_simulator | Round  82/150 | Acc: 0.8818 | Loss: 0.3982 | eps_max: 6.23 eps_avg: 4.57 | P: 0.98 R: 1.00 F1: 0.99
2026-05-04 18:30:56 | DEBUG   | dpfl.core.base_simulator | Update norms — honest: ['0.73', '0.83', '0.77', '2.70', '1.18'], attacker: ['nan', 'nan', 'nan', 'nan', 'nan']
2026-05-04 18:30:58 | INFO    | dpfl.core.base_simulator | Round  83/150 | Acc: 0.8819 | Loss: 0.3980 | eps_max: 6.35 eps_avg: 4.58 | P: 1.00 R: 1.00 F1: 1.00
2026-05-04 18:30:58 | DEBUG   | dpfl.core.base_simulator | Update norms — honest: ['1.06', '1.74', '1.35', '1.13', '0.55'], attacker: ['nan', 'nan', 'nan', 'nan', 'nan']
2026-05-04 18:31:01 | INFO    | dpfl.core.base_simulator | Round  84/150 | Acc: 0.8819 | Loss: 0.3984 | eps_max: 6.35 eps_avg: 4.63 | P: 0.98 R: 1.00 F1: 0.99
2026-05-04 18:31:01 | DEBUG   | dpfl.core.base_simulator | Update norms — honest: ['1.47', '3.08', '1.38', '1.93', '2.48'], attacker: ['nan', 'nan', 'nan', 'nan', 'nan']
2026-05-04 18:31:03 | INFO    | dpfl.core.base_simulator | Round  85/150 | Acc: 0.8821 | Loss: 0.3983 | eps_max: 6.35 eps_avg: 4.66 | P: 0.97 R: 1.00 F1: 0.99
2026-05-04 18:31:03 | DEBUG   | dpfl.core.base_simulator | Update norms — honest: ['0.74', '1.46', '2.54', '0.76', '1.83'], attacker: ['nan', 'nan', 'nan', 'nan', 'nan']
2026-05-04 18:31:06 | INFO    | dpfl.core.base_simulator | Round  86/150 | Acc: 0.8819 | Loss: 0.3987 | eps_max: 6.35 eps_avg: 4.70 | P: 0.99 R: 1.00 F1: 0.99
2026-05-04 18:31:06 | DEBUG   | dpfl.core.base_simulator | Update norms — honest: ['2.02', '1.23', '1.29', '1.96', '2.21'], attacker: ['nan', 'nan', 'nan', 'nan', 'nan']
2026-05-04 18:31:08 | INFO    | dpfl.core.base_simulator | Round  87/150 | Acc: 0.8819 | Loss: 0.3989 | eps_max: 6.42 eps_avg: 4.72 | P: 0.99 R: 1.00 F1: 0.99
2026-05-04 18:31:08 | DEBUG   | dpfl.core.base_simulator | Update norms — honest: ['0.56', '1.07', '1.65', '2.42', '1.97'], attacker: ['nan', 'nan', 'nan', 'nan', 'nan']
2026-05-04 18:31:11 | INFO    | dpfl.core.base_simulator | Round  88/150 | Acc: 0.8820 | Loss: 0.3988 | eps_max: 6.42 eps_avg: 4.76 | P: 0.98 R: 1.00 F1: 0.99
2026-05-04 18:31:11 | DEBUG   | dpfl.core.base_simulator | Update norms — honest: ['0.54', '0.49', '1.72', '0.33', '0.82'], attacker: ['nan', 'nan', 'nan', 'nan', 'nan']
2026-05-04 18:31:13 | INFO    | dpfl.core.base_simulator | Round  89/150 | Acc: 0.8821 | Loss: 0.3987 | eps_max: 6.42 eps_avg: 4.78 | P: 0.99 R: 1.00 F1: 0.99
2026-05-04 18:31:13 | DEBUG   | dpfl.core.base_simulator | Update norms — honest: ['2.85', '1.02', '1.24', '1.55', '1.15'], attacker: ['nan', 'nan', 'nan', 'nan', 'nan']
2026-05-04 18:31:16 | INFO    | dpfl.core.base_simulator | Round  90/150 | Acc: 0.8820 | Loss: 0.3994 | eps_max: 6.42 eps_avg: 4.83 | P: 0.98 R: 1.00 F1: 0.99
2026-05-04 18:31:16 | DEBUG   | dpfl.core.base_simulator | Update norms — honest: ['0.95', '3.40', '1.43', '0.99', '1.54'], attacker: ['nan', 'nan', 'nan', 'nan', 'nan']
2026-05-04 18:31:18 | INFO    | dpfl.core.base_simulator | Round  91/150 | Acc: 0.8819 | Loss: 0.3995 | eps_max: 6.42 eps_avg: 4.91 | P: 0.97 R: 1.00 F1: 0.98
2026-05-04 18:31:18 | DEBUG   | dpfl.core.base_simulator | Update norms — honest: ['1.79', '2.00', '0.72', '2.71', '1.73'], attacker: ['nan', 'nan', 'nan', 'nan', 'nan']
2026-05-04 18:31:21 | INFO    | dpfl.core.base_simulator | Round  92/150 | Acc: 0.8821 | Loss: 0.3994 | eps_max: 6.42 eps_avg: 4.94 | P: 0.99 R: 1.00 F1: 1.00
2026-05-04 18:31:21 | DEBUG   | dpfl.core.base_simulator | Update norms — honest: ['1.40', '1.46', '1.33', '1.50', '1.60'], attacker: ['nan', 'nan', 'nan', 'nan', 'nan']
2026-05-04 18:31:23 | INFO    | dpfl.core.base_simulator | Round  93/150 | Acc: 0.8819 | Loss: 0.3998 | eps_max: 6.52 eps_avg: 4.97 | P: 0.98 R: 1.00 F1: 0.99
2026-05-04 18:31:23 | DEBUG   | dpfl.core.base_simulator | Update norms — honest: ['1.53', '1.53', '1.30', '2.67', '0.93'], attacker: ['nan', 'nan', 'nan', 'nan', 'nan']
2026-05-04 18:31:26 | INFO    | dpfl.core.base_simulator | Round  94/150 | Acc: 0.8816 | Loss: 0.4009 | eps_max: 6.52 eps_avg: 5.00 | P: 0.98 R: 1.00 F1: 0.99
2026-05-04 18:31:26 | DEBUG   | dpfl.core.base_simulator | Update norms — honest: ['1.60', '2.91', '2.04', '0.86', '1.46'], attacker: ['nan', 'nan', 'nan', 'nan', 'nan']
2026-05-04 18:31:29 | INFO    | dpfl.core.base_simulator | Round  95/150 | Acc: 0.8818 | Loss: 0.4009 | eps_max: 6.52 eps_avg: 5.04 | P: 0.98 R: 1.00 F1: 0.99
2026-05-04 18:31:29 | DEBUG   | dpfl.core.base_simulator | Update norms — honest: ['2.62', '1.52', '1.38', '0.34', '1.68'], attacker: ['nan', 'nan', 'nan', 'nan', 'nan']
2026-05-04 18:31:31 | INFO    | dpfl.core.base_simulator | Round  96/150 | Acc: 0.8818 | Loss: 0.4009 | eps_max: 6.85 eps_avg: 5.09 | P: 0.97 R: 1.00 F1: 0.99
2026-05-04 18:31:31 | DEBUG   | dpfl.core.base_simulator | Update norms — honest: ['0.00', '2.54', '1.47', '1.74', '1.27'], attacker: ['nan', 'nan', 'nan', 'nan', 'nan']
2026-05-04 18:31:34 | INFO    | dpfl.core.base_simulator | Round  97/150 | Acc: 0.8817 | Loss: 0.4013 | eps_max: 7.27 eps_avg: 5.14 | P: 0.97 R: 1.00 F1: 0.99
2026-05-04 18:31:34 | DEBUG   | dpfl.core.base_simulator | Update norms — honest: ['1.83', '0.29', '2.42', '1.15', '1.09'], attacker: ['nan', 'nan', 'nan', 'nan', 'nan']
2026-05-04 18:31:37 | INFO    | dpfl.core.base_simulator | Round  98/150 | Acc: 0.8817 | Loss: 0.4016 | eps_max: 7.27 eps_avg: 5.18 | P: 0.97 R: 1.00 F1: 0.99
2026-05-04 18:31:37 | DEBUG   | dpfl.core.base_simulator | Update norms — honest: ['1.24', '1.42', '1.95', '1.53', '1.60'], attacker: ['nan', 'nan', 'nan', 'nan', 'nan']
2026-05-04 18:31:39 | INFO    | dpfl.core.base_simulator | Round  99/150 | Acc: 0.8817 | Loss: 0.4019 | eps_max: 7.27 eps_avg: 5.20 | P: 0.99 R: 1.00 F1: 1.00
2026-05-04 18:31:39 | DEBUG   | dpfl.core.base_simulator | Update norms — honest: ['0.45', '1.09', '1.36', '1.25', '2.29'], attacker: ['nan', 'nan', 'nan', 'nan', 'nan']
2026-05-04 18:31:41 | INFO    | dpfl.core.base_simulator | Round 100/150 | Acc: 0.8817 | Loss: 0.4023 | eps_max: 7.27 eps_avg: 5.21 | P: 0.99 R: 1.00 F1: 0.99
2026-05-04 18:31:41 | DEBUG   | dpfl.core.base_simulator | Update norms — honest: ['1.60', '0.52', '2.44', '2.18', '1.77'], attacker: ['nan', 'nan', 'nan', 'nan', 'nan']
2026-05-04 18:31:44 | INFO    | dpfl.core.base_simulator | Round 101/150 | Acc: 0.8817 | Loss: 0.4026 | eps_max: 7.27 eps_avg: 5.24 | P: 0.99 R: 1.00 F1: 0.99
2026-05-04 18:31:44 | DEBUG   | dpfl.core.base_simulator | Update norms — honest: ['3.06', '1.53', '1.90', '1.51', '1.61'], attacker: ['nan', 'nan', 'nan', 'nan', 'nan']
2026-05-04 18:31:47 | INFO    | dpfl.core.base_simulator | Round 102/150 | Acc: 0.8817 | Loss: 0.4028 | eps_max: 7.27 eps_avg: 5.27 | P: 0.99 R: 1.00 F1: 0.99
2026-05-04 18:31:47 | DEBUG   | dpfl.core.base_simulator | Update norms — honest: ['1.56', '0.49', '2.01', '0.96', '2.24'], attacker: ['nan', 'nan', 'nan', 'nan', 'nan']
2026-05-04 18:31:49 | INFO    | dpfl.core.base_simulator | Round 103/150 | Acc: 0.8814 | Loss: 0.4039 | eps_max: 7.27 eps_avg: 5.31 | P: 0.97 R: 1.00 F1: 0.98
2026-05-04 18:31:49 | DEBUG   | dpfl.core.base_simulator | Update norms — honest: ['2.07', '2.06', '1.11', '0.52', '2.73'], attacker: ['nan', 'nan', 'nan', 'nan', 'nan']
2026-05-04 18:31:52 | INFO    | dpfl.core.base_simulator | Round 104/150 | Acc: 0.8814 | Loss: 0.4042 | eps_max: 7.27 eps_avg: 5.36 | P: 0.98 R: 1.00 F1: 0.99
2026-05-04 18:31:52 | DEBUG   | dpfl.core.base_simulator | Update norms — honest: ['1.57', '0.34', '1.72', '0.87', '1.41'], attacker: ['nan', 'nan', 'nan', 'nan', 'nan']
2026-05-04 18:31:55 | INFO    | dpfl.core.base_simulator | Round 105/150 | Acc: 0.8814 | Loss: 0.4044 | eps_max: 7.27 eps_avg: 5.39 | P: 0.98 R: 1.00 F1: 0.99
2026-05-04 18:31:55 | DEBUG   | dpfl.core.base_simulator | Update norms — honest: ['1.10', '0.76', '0.30', '2.40', '2.09'], attacker: ['nan', 'nan', 'nan', 'nan', 'nan']
2026-05-04 18:31:57 | INFO    | dpfl.core.base_simulator | Round 106/150 | Acc: 0.8814 | Loss: 0.4049 | eps_max: 7.27 eps_avg: 5.40 | P: 0.99 R: 1.00 F1: 1.00
2026-05-04 18:31:57 | DEBUG   | dpfl.core.base_simulator | Update norms — honest: ['0.79', '3.15', '1.61', '3.43', '1.33'], attacker: ['nan', 'nan', 'nan', 'nan', 'nan']
2026-05-04 18:32:00 | INFO    | dpfl.core.base_simulator | Round 107/150 | Acc: 0.8812 | Loss: 0.4057 | eps_max: 7.27 eps_avg: 5.43 | P: 0.98 R: 1.00 F1: 0.99
2026-05-04 18:32:00 | DEBUG   | dpfl.core.base_simulator | Update norms — honest: ['2.49', '2.09', '2.51', '0.79', '1.15'], attacker: ['nan', 'nan', 'nan', 'nan', 'nan']
2026-05-04 18:32:02 | INFO    | dpfl.core.base_simulator | Round 108/150 | Acc: 0.8811 | Loss: 0.4069 | eps_max: 7.27 eps_avg: 5.45 | P: 0.98 R: 1.00 F1: 0.99
2026-05-04 18:32:02 | DEBUG   | dpfl.core.base_simulator | Update norms — honest: ['3.80', '2.63', '2.39', '1.49', '1.04'], attacker: ['nan', 'nan', 'nan', 'nan', 'nan']
2026-05-04 18:32:05 | INFO    | dpfl.core.base_simulator | Round 109/150 | Acc: 0.8811 | Loss: 0.4070 | eps_max: 7.27 eps_avg: 5.47 | P: 0.98 R: 1.00 F1: 0.99
2026-05-04 18:32:05 | DEBUG   | dpfl.core.base_simulator | Update norms — honest: ['2.87', '1.98', '1.16', '2.46', '1.37'], attacker: ['nan', 'nan', 'nan', 'nan', 'nan']
2026-05-04 18:32:08 | INFO    | dpfl.core.base_simulator | Round 110/150 | Acc: 0.8808 | Loss: 0.4081 | eps_max: 7.27 eps_avg: 5.52 | P: 0.96 R: 1.00 F1: 0.98
2026-05-04 18:32:08 | DEBUG   | dpfl.core.base_simulator | Update norms — honest: ['1.85', '1.73', '0.49', '2.59', '0.09'], attacker: ['nan', 'nan', 'nan', 'nan', 'nan']
2026-05-04 18:32:11 | INFO    | dpfl.core.base_simulator | Round 111/150 | Acc: 0.8806 | Loss: 0.4092 | eps_max: 7.31 eps_avg: 5.57 | P: 0.97 R: 1.00 F1: 0.98
2026-05-04 18:32:11 | DEBUG   | dpfl.core.base_simulator | Update norms — honest: ['2.82', '2.11', '1.96', '2.22', '1.34'], attacker: ['nan', 'nan', 'nan', 'nan', 'nan']
2026-05-04 18:32:14 | INFO    | dpfl.core.base_simulator | Round 112/150 | Acc: 0.8807 | Loss: 0.4093 | eps_max: 7.31 eps_avg: 5.60 | P: 0.98 R: 1.00 F1: 0.99
2026-05-04 18:32:14 | DEBUG   | dpfl.core.base_simulator | Update norms — honest: ['2.72', '0.58', '2.27', '3.08', '1.74'], attacker: ['nan', 'nan', 'nan', 'nan', 'nan']
2026-05-04 18:32:16 | INFO    | dpfl.core.base_simulator | Round 113/150 | Acc: 0.8807 | Loss: 0.4094 | eps_max: 7.42 eps_avg: 5.61 | P: 0.99 R: 1.00 F1: 0.99
2026-05-04 18:32:16 | DEBUG   | dpfl.core.base_simulator | Update norms — honest: ['1.94', '0.72', '1.82', '1.60', '2.11'], attacker: ['nan', 'nan', 'nan', 'nan', 'nan']
2026-05-04 18:32:19 | INFO    | dpfl.core.base_simulator | Round 114/150 | Acc: 0.8805 | Loss: 0.4108 | eps_max: 7.43 eps_avg: 5.64 | P: 0.98 R: 1.00 F1: 0.99
2026-05-04 18:32:19 | DEBUG   | dpfl.core.base_simulator | Update norms — honest: ['2.97', '2.43', '1.43', '1.49', '1.03'], attacker: ['nan', 'nan', 'nan', 'nan', 'nan']
2026-05-04 18:32:21 | INFO    | dpfl.core.base_simulator | Round 115/150 | Acc: 0.8804 | Loss: 0.4113 | eps_max: 7.43 eps_avg: 5.66 | P: 0.97 R: 1.00 F1: 0.99
2026-05-04 18:32:21 | DEBUG   | dpfl.core.base_simulator | Update norms — honest: ['1.36', '1.39', '1.95', '1.79', '2.52'], attacker: ['nan', 'nan', 'nan', 'nan', 'nan']
2026-05-04 18:32:24 | INFO    | dpfl.core.base_simulator | Round 116/150 | Acc: 0.8803 | Loss: 0.4122 | eps_max: 7.43 eps_avg: 5.69 | P: 0.98 R: 1.00 F1: 0.99
2026-05-04 18:32:24 | DEBUG   | dpfl.core.base_simulator | Update norms — honest: ['0.56', '1.55', '0.48', '1.65', '1.78'], attacker: ['nan', 'nan', 'nan', 'nan', 'nan']
2026-05-04 18:32:27 | INFO    | dpfl.core.base_simulator | Round 117/150 | Acc: 0.8803 | Loss: 0.4128 | eps_max: 7.55 eps_avg: 5.72 | P: 0.98 R: 1.00 F1: 0.99
2026-05-04 18:32:27 | DEBUG   | dpfl.core.base_simulator | Update norms — honest: ['1.05', '2.39', '2.21', '3.52', '3.35'], attacker: ['nan', 'nan', 'nan', 'nan', 'nan']
2026-05-04 18:32:29 | INFO    | dpfl.core.base_simulator | Round 118/150 | Acc: 0.8803 | Loss: 0.4128 | eps_max: 7.55 eps_avg: 5.76 | P: 0.99 R: 1.00 F1: 0.99
2026-05-04 18:32:29 | DEBUG   | dpfl.core.base_simulator | Update norms — honest: ['2.13', '1.05', '2.37', '1.63', '2.55'], attacker: ['nan', 'nan', 'nan', 'nan', 'nan']
2026-05-04 18:32:32 | INFO    | dpfl.core.base_simulator | Round 119/150 | Acc: 0.8799 | Loss: 0.4147 | eps_max: 7.55 eps_avg: 5.80 | P: 0.96 R: 1.00 F1: 0.98
2026-05-04 18:32:32 | DEBUG   | dpfl.core.base_simulator | Update norms — honest: ['2.07', '2.05', '1.84', '2.03', '3.63'], attacker: ['nan', 'nan', 'nan', 'nan', 'nan']
2026-05-04 18:32:35 | INFO    | dpfl.core.base_simulator | Round 120/150 | Acc: 0.8800 | Loss: 0.4147 | eps_max: 7.55 eps_avg: 5.83 | P: 0.97 R: 1.00 F1: 0.99
2026-05-04 18:32:35 | DEBUG   | dpfl.core.base_simulator | Update norms — honest: ['1.16', '1.25', '3.11', '2.00', '1.79'], attacker: ['nan', 'nan', 'nan', 'nan', 'nan']
2026-05-04 18:32:38 | INFO    | dpfl.core.base_simulator | Round 121/150 | Acc: 0.8797 | Loss: 0.4159 | eps_max: 7.55 eps_avg: 5.86 | P: 0.97 R: 1.00 F1: 0.98
2026-05-04 18:32:38 | DEBUG   | dpfl.core.base_simulator | Update norms — honest: ['2.76', '2.18', '2.11', '1.24', '1.65'], attacker: ['nan', 'nan', 'nan', 'nan', 'nan']
2026-05-04 18:32:40 | INFO    | dpfl.core.base_simulator | Round 122/150 | Acc: 0.8795 | Loss: 0.4170 | eps_max: 7.56 eps_avg: 5.88 | P: 0.98 R: 1.00 F1: 0.99
2026-05-04 18:32:40 | DEBUG   | dpfl.core.base_simulator | Update norms — honest: ['2.72', '1.79', '2.04', '2.32', '1.57'], attacker: ['nan', 'nan', 'nan', 'nan', 'nan']
2026-05-04 18:32:43 | INFO    | dpfl.core.base_simulator | Round 123/150 | Acc: 0.8794 | Loss: 0.4176 | eps_max: 7.56 eps_avg: 5.90 | P: 0.98 R: 1.00 F1: 0.99
2026-05-04 18:32:43 | DEBUG   | dpfl.core.base_simulator | Update norms — honest: ['1.10', '2.87', '2.21', '1.47', '1.39'], attacker: ['nan', 'nan', 'nan', 'nan', 'nan']
2026-05-04 18:32:45 | INFO    | dpfl.core.base_simulator | Round 124/150 | Acc: 0.8795 | Loss: 0.4180 | eps_max: 7.56 eps_avg: 5.91 | P: 0.99 R: 1.00 F1: 0.99
2026-05-04 18:32:45 | DEBUG   | dpfl.core.base_simulator | Update norms — honest: ['3.43', '3.05', '2.88', '0.95', '1.35'], attacker: ['nan', 'nan', 'nan', 'nan', 'nan']
2026-05-04 18:32:48 | INFO    | dpfl.core.base_simulator | Round 125/150 | Acc: 0.8796 | Loss: 0.4178 | eps_max: 7.56 eps_avg: 5.93 | P: 0.99 R: 1.00 F1: 0.99
2026-05-04 18:32:48 | DEBUG   | dpfl.core.base_simulator | Update norms — honest: ['1.44', '2.36', '2.63', '2.27', '2.60'], attacker: ['nan', 'nan', 'nan', 'nan', 'nan']
2026-05-04 18:32:50 | INFO    | dpfl.core.base_simulator | Round 126/150 | Acc: 0.8796 | Loss: 0.4184 | eps_max: 7.56 eps_avg: 5.95 | P: 0.98 R: 1.00 F1: 0.99
2026-05-04 18:32:50 | DEBUG   | dpfl.core.base_simulator | Update norms — honest: ['1.38', '1.04', '1.56', '2.64', '2.33'], attacker: ['nan', 'nan', 'nan', 'nan', 'nan']
2026-05-04 18:32:52 | INFO    | dpfl.core.base_simulator | Round 127/150 | Acc: 0.8796 | Loss: 0.4189 | eps_max: 7.56 eps_avg: 5.96 | P: 0.99 R: 1.00 F1: 1.00
2026-05-04 18:32:52 | DEBUG   | dpfl.core.base_simulator | Update norms — honest: ['2.16', '0.90', '1.78', '1.88', '1.54'], attacker: ['nan', 'nan', 'nan', 'nan', 'nan']
2026-05-04 18:32:55 | INFO    | dpfl.core.base_simulator | Round 128/150 | Acc: 0.8791 | Loss: 0.4214 | eps_max: 7.56 eps_avg: 5.99 | P: 0.98 R: 1.00 F1: 0.99
2026-05-04 18:32:55 | DEBUG   | dpfl.core.base_simulator | Update norms — honest: ['4.47', '2.88', '1.75', '2.56', '0.94'], attacker: ['nan', 'nan', 'nan', 'nan', 'nan']
2026-05-04 18:32:58 | INFO    | dpfl.core.base_simulator | Round 129/150 | Acc: 0.8793 | Loss: 0.4208 | eps_max: 7.56 eps_avg: 6.01 | P: 0.99 R: 1.00 F1: 0.99
2026-05-04 18:32:58 | DEBUG   | dpfl.core.base_simulator | Update norms — honest: ['1.31', '0.81', '1.48', '0.86', '0.92'], attacker: ['nan', 'nan', 'nan', 'nan', 'nan']
2026-05-04 18:33:00 | INFO    | dpfl.core.base_simulator | Round 130/150 | Acc: 0.8792 | Loss: 0.4217 | eps_max: 7.56 eps_avg: 6.04 | P: 0.97 R: 1.00 F1: 0.99
2026-05-04 18:33:00 | DEBUG   | dpfl.core.base_simulator | Update norms — honest: ['2.31', '1.25', '1.30', '2.36', '1.24'], attacker: ['nan', 'nan', 'nan', 'nan', 'nan']
2026-05-04 18:33:03 | INFO    | dpfl.core.base_simulator | Round 131/150 | Acc: 0.8791 | Loss: 0.4233 | eps_max: 7.61 eps_avg: 6.06 | P: 0.99 R: 1.00 F1: 0.99
2026-05-04 18:33:03 | DEBUG   | dpfl.core.base_simulator | Update norms — honest: ['1.21', '1.70', '0.91', '2.54', '1.88'], attacker: ['nan', 'nan', 'nan', 'nan', 'nan']
2026-05-04 18:33:05 | INFO    | dpfl.core.base_simulator | Round 132/150 | Acc: 0.8791 | Loss: 0.4234 | eps_max: 7.61 eps_avg: 6.07 | P: 0.98 R: 1.00 F1: 0.99
2026-05-04 18:33:05 | DEBUG   | dpfl.core.base_simulator | Update norms — honest: ['0.86', '0.71', '2.29', '3.45', '3.62'], attacker: ['nan', 'nan', 'nan', 'nan', 'nan']
2026-05-04 18:33:08 | INFO    | dpfl.core.base_simulator | Round 133/150 | Acc: 0.8788 | Loss: 0.4248 | eps_max: 7.67 eps_avg: 6.10 | P: 0.99 R: 1.00 F1: 0.99
2026-05-04 18:33:08 | DEBUG   | dpfl.core.base_simulator | Update norms — honest: ['3.12', '2.75', '2.43', '2.06', '2.69'], attacker: ['nan', 'nan', 'nan', 'nan', 'nan']
2026-05-04 18:33:11 | INFO    | dpfl.core.base_simulator | Round 134/150 | Acc: 0.8784 | Loss: 0.4273 | eps_max: 7.73 eps_avg: 6.12 | P: 0.98 R: 1.00 F1: 0.99
2026-05-04 18:33:11 | DEBUG   | dpfl.core.base_simulator | Update norms — honest: ['3.41', '1.85', '1.78', '1.79', '2.19'], attacker: ['nan', 'nan', 'nan', 'nan', 'nan']
2026-05-04 18:33:13 | INFO    | dpfl.core.base_simulator | Round 135/150 | Acc: 0.8784 | Loss: 0.4278 | eps_max: 7.73 eps_avg: 6.15 | P: 0.98 R: 1.00 F1: 0.99
2026-05-04 18:33:13 | DEBUG   | dpfl.core.base_simulator | Update norms — honest: ['2.13', '2.59', '2.01', '1.54', '2.81'], attacker: ['nan', 'nan', 'nan', 'nan', 'nan']
2026-05-04 18:33:16 | INFO    | dpfl.core.base_simulator | Round 136/150 | Acc: 0.8784 | Loss: 0.4281 | eps_max: 7.73 eps_avg: 6.16 | P: 0.98 R: 1.00 F1: 0.99
2026-05-04 18:33:16 | DEBUG   | dpfl.core.base_simulator | Update norms — honest: ['0.46', '3.13', '2.67', '3.81', '1.92'], attacker: ['nan', 'nan', 'nan', 'nan', 'nan']
2026-05-04 18:33:18 | INFO    | dpfl.core.base_simulator | Round 137/150 | Acc: 0.8784 | Loss: 0.4288 | eps_max: 7.73 eps_avg: 6.18 | P: 0.98 R: 1.00 F1: 0.99
2026-05-04 18:33:18 | DEBUG   | dpfl.core.base_simulator | Update norms — honest: ['1.59', '1.26', '1.38', '1.71', '1.43'], attacker: ['nan', 'nan', 'nan', 'nan', 'nan']
2026-05-04 18:33:21 | INFO    | dpfl.core.base_simulator | Round 138/150 | Acc: 0.8778 | Loss: 0.4321 | eps_max: 7.75 eps_avg: 6.20 | P: 0.97 R: 1.00 F1: 0.99
2026-05-04 18:33:21 | DEBUG   | dpfl.core.base_simulator | Update norms — honest: ['2.52', '1.73', '2.54', '2.21', '1.90'], attacker: ['nan', 'nan', 'nan', 'nan', 'nan']
2026-05-04 18:33:23 | INFO    | dpfl.core.base_simulator | Round 139/150 | Acc: 0.8779 | Loss: 0.4319 | eps_max: 7.75 eps_avg: 6.22 | P: 0.99 R: 1.00 F1: 0.99
2026-05-04 18:33:23 | DEBUG   | dpfl.core.base_simulator | Update norms — honest: ['2.71', '1.45', '1.80', '2.04', '1.50'], attacker: ['nan', 'nan', 'nan', 'nan', 'nan']
2026-05-04 18:33:26 | INFO    | dpfl.core.base_simulator | Round 140/150 | Acc: 0.8777 | Loss: 0.4332 | eps_max: 7.75 eps_avg: 6.25 | P: 0.98 R: 1.00 F1: 0.99
2026-05-04 18:33:26 | DEBUG   | dpfl.core.base_simulator | Update norms — honest: ['2.46', '2.67', '3.99', '2.75', '1.54'], attacker: ['nan', 'nan', 'nan', 'nan', 'nan']
2026-05-04 18:33:29 | INFO    | dpfl.core.base_simulator | Round 141/150 | Acc: 0.8780 | Loss: 0.4325 | eps_max: 7.75 eps_avg: 6.26 | P: 0.99 R: 1.00 F1: 0.99
2026-05-04 18:33:29 | DEBUG   | dpfl.core.base_simulator | Update norms — honest: ['1.97', '1.41', '1.80', '1.59', '2.15'], attacker: ['nan', 'nan', 'nan', 'nan', 'nan']
2026-05-04 18:33:31 | INFO    | dpfl.core.base_simulator | Round 142/150 | Acc: 0.8775 | Loss: 0.4353 | eps_max: 7.87 eps_avg: 6.28 | P: 0.99 R: 1.00 F1: 0.99
2026-05-04 18:33:31 | DEBUG   | dpfl.core.base_simulator | Update norms — honest: ['3.78', '2.20', '2.35', '1.21', '1.49'], attacker: ['nan', 'nan', 'nan', 'nan', 'nan']
2026-05-04 18:33:34 | INFO    | dpfl.core.base_simulator | Round 143/150 | Acc: 0.8777 | Loss: 0.4347 | eps_max: 7.87 eps_avg: 6.31 | P: 0.99 R: 1.00 F1: 0.99
2026-05-04 18:33:34 | DEBUG   | dpfl.core.base_simulator | Update norms — honest: ['1.98', '0.50', '3.52', '1.82', '1.66'], attacker: ['nan', 'nan', 'nan', 'nan', 'nan']
2026-05-04 18:33:36 | INFO    | dpfl.core.base_simulator | Round 144/150 | Acc: 0.8777 | Loss: 0.4351 | eps_max: 7.87 eps_avg: 6.33 | P: 0.98 R: 1.00 F1: 0.99
2026-05-04 18:33:36 | DEBUG   | dpfl.core.base_simulator | Update norms — honest: ['2.20', '2.44', '0.00', '1.70', '2.12'], attacker: ['nan', 'nan', 'nan', 'nan', 'nan']
2026-05-04 18:33:39 | INFO    | dpfl.core.base_simulator | Round 145/150 | Acc: 0.8777 | Loss: 0.4354 | eps_max: 7.87 eps_avg: 6.35 | P: 0.98 R: 1.00 F1: 0.99
2026-05-04 18:33:39 | DEBUG   | dpfl.core.base_simulator | Update norms — honest: ['2.28', '1.87', '2.65', '2.40', '1.44'], attacker: ['nan', 'nan', 'nan', 'nan', 'nan']
2026-05-04 18:33:41 | INFO    | dpfl.core.base_simulator | Round 146/150 | Acc: 0.8776 | Loss: 0.4362 | eps_max: 7.87 eps_avg: 6.37 | P: 0.98 R: 1.00 F1: 0.99
2026-05-04 18:33:41 | DEBUG   | dpfl.core.base_simulator | Update norms — honest: ['1.54', '2.37', '4.20', '2.51', '1.66'], attacker: ['nan', 'nan', 'nan', 'nan', 'nan']
2026-05-04 18:33:44 | INFO    | dpfl.core.base_simulator | Round 147/150 | Acc: 0.8776 | Loss: 0.4365 | eps_max: 7.87 eps_avg: 6.40 | P: 0.98 R: 1.00 F1: 0.99
2026-05-04 18:33:44 | DEBUG   | dpfl.core.base_simulator | Update norms — honest: ['0.00', '1.66', '2.74', '1.38', '2.30'], attacker: ['nan', 'nan', 'nan', 'nan', 'nan']
2026-05-04 18:33:47 | INFO    | dpfl.core.base_simulator | Round 148/150 | Acc: 0.8773 | Loss: 0.4383 | eps_max: 7.87 eps_avg: 6.42 | P: 0.97 R: 1.00 F1: 0.99
2026-05-04 18:33:47 | DEBUG   | dpfl.core.base_simulator | Update norms — honest: ['2.94', '1.35', '1.68', '0.81', '2.69'], attacker: ['nan', 'nan', 'nan', 'nan', 'nan']
2026-05-04 18:33:49 | INFO    | dpfl.core.base_simulator | Round 149/150 | Acc: 0.8770 | Loss: 0.4404 | eps_max: 7.87 eps_avg: 6.44 | P: 0.98 R: 1.00 F1: 0.99
2026-05-04 18:33:49 | DEBUG   | dpfl.core.base_simulator | Update norms — honest: ['0.83', '4.88', '1.63', '3.60', '2.40'], attacker: ['nan', 'nan', 'nan', 'nan', 'nan']
2026-05-04 18:33:52 | INFO    | dpfl.core.base_simulator | Round 150/150 | Acc: 0.8770 | Loss: 0.4404 | eps_max: 7.87 eps_avg: 6.46 | P: 0.98 R: 1.00 F1: 0.99
2026-05-04 18:33:52 | DEBUG   | dpfl.core.base_simulator | Update norms — honest: ['3.25', '2.93', '1.38', '1.55', '3.19'], attacker: ['nan', 'nan', 'nan', 'nan', 'nan']
2026-05-04 18:33:54 | INFO    | dpfl | Experiment complete in 429.9s
============================================================
REPORT: DP-SGD Decentralized Federated Learning
============================================================
Timestamp:                  20260504_182642
Rounds completed:           150
Attack-active rounds:       100  (from round 50)
Final accuracy:             0.8770
Final test loss:            0.4404
Final epsilon (max honest): 7.87
Final epsilon (avg honest): 6.46
Best alpha:                 1000.0
Avg precision:              0.9800
Avg recall:                 0.9983
Avg F1 score:               0.9890
Avg update norm (honest):   1.4457
Avg update norm (attacker): nan

=== PER-NODE PRIVACY COST (final round) ===
Node   0 (attacker)  eps = —          sigma = —       (not tracked)
Node   1 (attacker)  eps = —          sigma = —       (not tracked)
Node   2 (attacker)  eps = —          sigma = —       (not tracked)
Node   3 (attacker)  eps = —          sigma = —       (not tracked)
Node   4 (attacker)  eps = —          sigma = —       (not tracked)
Node   5 (attacker)  eps = —          sigma = —       (not tracked)
Node   6 (attacker)  eps = —          sigma = —       (not tracked)
Node   7 (attacker)  eps = —          sigma = —       (not tracked)
Node   8 (attacker)  eps = —          sigma = —       (not tracked)
Node   9 (attacker)  eps = —          sigma = —       (not tracked)
Node  10 (attacker)  eps = —          sigma = —       (not tracked)
Node  11 (attacker)  eps = —          sigma = —       (not tracked)
Node  12 (attacker)  eps = —          sigma = —       (not tracked)
Node  13 (attacker)  eps = —          sigma = —       (not tracked)
Node  14 (attacker)  eps = —          sigma = —       (not tracked)
Node  15 (attacker)  eps = —          sigma = —       (not tracked)
Node  16 (attacker)  eps = —          sigma = —       (not tracked)
Node  17 (attacker)  eps = —          sigma = —       (not tracked)
Node  18 (attacker)  eps = —          sigma = —       (not tracked)
Node  19 (attacker)  eps = —          sigma = —       (not tracked)
Node  20 (attacker)  eps = —          sigma = —       (not tracked)
Node  21 (attacker)  eps = —          sigma = —       (not tracked)
Node  22 (attacker)  eps = —          sigma = —       (not tracked)
Node  23 (attacker)  eps = —          sigma = —       (not tracked)
Node  24 (attacker)  eps = —          sigma = —       (not tracked)
Node  25 (attacker)  eps = —          sigma = —       (not tracked)
Node  26 (attacker)  eps = —          sigma = —       (not tracked)
Node  27 (attacker)  eps = —          sigma = —       (not tracked)
Node  28 (attacker)  eps = —          sigma = —       (not tracked)
Node  29 (attacker)  eps = —          sigma = —       (not tracked)
Node  30 (attacker)  eps = —          sigma = —       (not tracked)
Node  31 (attacker)  eps = —          sigma = —       (not tracked)
Node  32 (attacker)  eps = —          sigma = —       (not tracked)
Node  33 (attacker)  eps = —          sigma = —       (not tracked)
Node  34 (attacker)  eps = —          sigma = —       (not tracked)
Node  35 (attacker)  eps = —          sigma = —       (not tracked)
Node  36 (attacker)  eps = —          sigma = —       (not tracked)
Node  37 (attacker)  eps = —          sigma = —       (not tracked)
Node  38 (attacker)  eps = —          sigma = —       (not tracked)
Node  39 (attacker)  eps = —          sigma = —       (not tracked)
Node  40 (attacker)  eps = —          sigma = —       (not tracked)
Node  41 (attacker)  eps = —          sigma = —       (not tracked)
Node  42 (attacker)  eps = —          sigma = —       (not tracked)
Node  43 (attacker)  eps = —          sigma = —       (not tracked)
Node  44 (attacker)  eps = —          sigma = —       (not tracked)
Node  45 (attacker)  eps = —          sigma = —       (not tracked)
Node  46 (attacker)  eps = —          sigma = —       (not tracked)
Node  47 (attacker)  eps = —          sigma = —       (not tracked)
Node  48 (attacker)  eps = —          sigma = —       (not tracked)
Node  49 (attacker)  eps = —          sigma = —       (not tracked)
Node  50 (attacker)  eps = —          sigma = —       (not tracked)
Node  51 (attacker)  eps = —          sigma = —       (not tracked)
Node  52 (attacker)  eps = —          sigma = —       (not tracked)
Node  53 (attacker)  eps = —          sigma = —       (not tracked)
Node  54 (attacker)  eps = —          sigma = —       (not tracked)
Node  55 (attacker)  eps = —          sigma = —       (not tracked)
Node  56 (attacker)  eps = —          sigma = —       (not tracked)
Node  57 (attacker)  eps = —          sigma = —       (not tracked)
Node  58 (attacker)  eps = —          sigma = —       (not tracked)
Node  59 (attacker)  eps = —          sigma = —       (not tracked)
Node  60 (attacker)  eps = —          sigma = —       (not tracked)
Node  61 (attacker)  eps = —          sigma = —       (not tracked)
Node  62 (attacker)  eps = —          sigma = —       (not tracked)
Node  63 (attacker)  eps = —          sigma = —       (not tracked)
Node  64 (attacker)  eps = —          sigma = —       (not tracked)
Node  65 (attacker)  eps = —          sigma = —       (not tracked)
Node  66 (attacker)  eps = —          sigma = —       (not tracked)
Node  67 (attacker)  eps = —          sigma = —       (not tracked)
Node  68 (attacker)  eps = —          sigma = —       (not tracked)
Node  69 (attacker)  eps = —          sigma = —       (not tracked)
Node  70 (attacker)  eps = —          sigma = —       (not tracked)
Node  71 (attacker)  eps = —          sigma = —       (not tracked)
Node  72 (attacker)  eps = —          sigma = —       (not tracked)
Node  73 (attacker)  eps = —          sigma = —       (not tracked)
Node  74 (attacker)  eps = —          sigma = —       (not tracked)
Node  75 (attacker)  eps = —          sigma = —       (not tracked)
Node  76 (attacker)  eps = —          sigma = —       (not tracked)
Node  77 (attacker)  eps = —          sigma = —       (not tracked)
Node  78 (attacker)  eps = —          sigma = —       (not tracked)
Node  79 (attacker)  eps = —          sigma = —       (not tracked)
Node  80 (attacker)  eps = —          sigma = —       (not tracked)
Node  81 (attacker)  eps = —          sigma = —       (not tracked)
Node  82 (attacker)  eps = —          sigma = —       (not tracked)
Node  83 (attacker)  eps = —          sigma = —       (not tracked)
Node  84 (attacker)  eps = —          sigma = —       (not tracked)
Node  85 (attacker)  eps = —          sigma = —       (not tracked)
Node  86 (attacker)  eps = —          sigma = —       (not tracked)
Node  87 (attacker)  eps = —          sigma = —       (not tracked)
Node  88 (attacker)  eps = —          sigma = —       (not tracked)
Node  89 (attacker)  eps = —          sigma = —       (not tracked)
Node  90 (attacker)  eps = —          sigma = —       (not tracked)
Node  91 (attacker)  eps = —          sigma = —       (not tracked)
Node  92 (attacker)  eps = —          sigma = —       (not tracked)
Node  93 (attacker)  eps = —          sigma = —       (not tracked)
Node  94 (attacker)  eps = —          sigma = —       (not tracked)
Node  95 (attacker)  eps = —          sigma = —       (not tracked)
Node  96 (attacker)  eps = —          sigma = —       (not tracked)
Node  97 (attacker)  eps = —          sigma = —       (not tracked)
Node  98 (attacker)  eps = —          sigma = —       (not tracked)
Node  99 (attacker)  eps = —          sigma = —       (not tracked)
Node 100 (attacker)  eps = —          sigma = —       (not tracked)
Node 101 (attacker)  eps = —          sigma = —       (not tracked)
Node 102 (attacker)  eps = —          sigma = —       (not tracked)
Node 103 (attacker)  eps = —          sigma = —       (not tracked)
Node 104 (attacker)  eps = —          sigma = —       (not tracked)
Node 105 (attacker)  eps = —          sigma = —       (not tracked)
Node 106 (attacker)  eps = —          sigma = —       (not tracked)
Node 107 (attacker)  eps = —          sigma = —       (not tracked)
Node 108 (attacker)  eps = —          sigma = —       (not tracked)
Node 109 (attacker)  eps = —          sigma = —       (not tracked)
Node 110 (attacker)  eps = —          sigma = —       (not tracked)
Node 111 (attacker)  eps = —          sigma = —       (not tracked)
Node 112 (attacker)  eps = —          sigma = —       (not tracked)
Node 113 (attacker)  eps = —          sigma = —       (not tracked)
Node 114 (attacker)  eps = —          sigma = —       (not tracked)
Node 115 (attacker)  eps = —          sigma = —       (not tracked)
Node 116 (attacker)  eps = —          sigma = —       (not tracked)
Node 117 (attacker)  eps = —          sigma = —       (not tracked)
Node 118 (attacker)  eps = —          sigma = —       (not tracked)
Node 119 (attacker)  eps = —          sigma = —       (not tracked)
Node 120 (attacker)  eps = —          sigma = —       (not tracked)
Node 121 (attacker)  eps = —          sigma = —       (not tracked)
Node 122 (attacker)  eps = —          sigma = —       (not tracked)
Node 123 (attacker)  eps = —          sigma = —       (not tracked)
Node 124 (attacker)  eps = —          sigma = —       (not tracked)
Node 125 (attacker)  eps = —          sigma = —       (not tracked)
Node 126 (attacker)  eps = —          sigma = —       (not tracked)
Node 127 (attacker)  eps = —          sigma = —       (not tracked)
Node 128 (attacker)  eps = —          sigma = —       (not tracked)
Node 129 (attacker)  eps = —          sigma = —       (not tracked)
Node 130 (attacker)  eps = —          sigma = —       (not tracked)
Node 131 (attacker)  eps = —          sigma = —       (not tracked)
Node 132 (attacker)  eps = —          sigma = —       (not tracked)
Node 133 (attacker)  eps = —          sigma = —       (not tracked)
Node 134 (attacker)  eps = —          sigma = —       (not tracked)
Node 135 (attacker)  eps = —          sigma = —       (not tracked)
Node 136 (attacker)  eps = —          sigma = —       (not tracked)
Node 137 (attacker)  eps = —          sigma = —       (not tracked)
Node 138 (attacker)  eps = —          sigma = —       (not tracked)
Node 139 (attacker)  eps = —          sigma = —       (not tracked)
Node 140 (attacker)  eps = —          sigma = —       (not tracked)
Node 141 (attacker)  eps = —          sigma = —       (not tracked)
Node 142 (attacker)  eps = —          sigma = —       (not tracked)
Node 143 (attacker)  eps = —          sigma = —       (not tracked)
Node 144 (attacker)  eps = —          sigma = —       (not tracked)
Node 145 (attacker)  eps = —          sigma = —       (not tracked)
Node 146 (attacker)  eps = —          sigma = —       (not tracked)
Node 147 (attacker)  eps = —          sigma = —       (not tracked)
Node 148 (attacker)  eps = —          sigma = —       (not tracked)
Node 149 (attacker)  eps = —          sigma = —       (not tracked)
Node 150 (attacker)  eps = —          sigma = —       (not tracked)
Node 151 (attacker)  eps = —          sigma = —       (not tracked)
Node 152 (attacker)  eps = —          sigma = —       (not tracked)
Node 153 (attacker)  eps = —          sigma = —       (not tracked)
Node 154 (attacker)  eps = —          sigma = —       (not tracked)
Node 155 (attacker)  eps = —          sigma = —       (not tracked)
Node 156 (attacker)  eps = —          sigma = —       (not tracked)
Node 157 (attacker)  eps = —          sigma = —       (not tracked)
Node 158 (attacker)  eps = —          sigma = —       (not tracked)
Node 159 (attacker)  eps = —          sigma = —       (not tracked)
Node 160 (attacker)  eps = —          sigma = —       (not tracked)
Node 161 (attacker)  eps = —          sigma = —       (not tracked)
Node 162 (attacker)  eps = —          sigma = —       (not tracked)
Node 163 (attacker)  eps = —          sigma = —       (not tracked)
Node 164 (attacker)  eps = —          sigma = —       (not tracked)
Node 165 (attacker)  eps = —          sigma = —       (not tracked)
Node 166 (attacker)  eps = —          sigma = —       (not tracked)
Node 167 (attacker)  eps = —          sigma = —       (not tracked)
Node 168 (attacker)  eps = —          sigma = —       (not tracked)
Node 169 (attacker)  eps = —          sigma = —       (not tracked)
Node 170 (attacker)  eps = —          sigma = —       (not tracked)
Node 171 (attacker)  eps = —          sigma = —       (not tracked)
Node 172 (attacker)  eps = —          sigma = —       (not tracked)
Node 173 (attacker)  eps = —          sigma = —       (not tracked)
Node 174 (attacker)  eps = —          sigma = —       (not tracked)
Node 175 (attacker)  eps = —          sigma = —       (not tracked)
Node 176 (attacker)  eps = —          sigma = —       (not tracked)
Node 177 (attacker)  eps = —          sigma = —       (not tracked)
Node 178 (attacker)  eps = —          sigma = —       (not tracked)
Node 179 (attacker)  eps = —          sigma = —       (not tracked)
Node 180 (attacker)  eps = —          sigma = —       (not tracked)
Node 181 (attacker)  eps = —          sigma = —       (not tracked)
Node 182 (attacker)  eps = —          sigma = —       (not tracked)
Node 183 (attacker)  eps = —          sigma = —       (not tracked)
Node 184 (attacker)  eps = —          sigma = —       (not tracked)
Node 185 (attacker)  eps = —          sigma = —       (not tracked)
Node 186 (attacker)  eps = —          sigma = —       (not tracked)
Node 187 (attacker)  eps = —          sigma = —       (not tracked)
Node 188 (attacker)  eps = —          sigma = —       (not tracked)
Node 189 (attacker)  eps = —          sigma = —       (not tracked)
Node 190 (attacker)  eps = —          sigma = —       (not tracked)
Node 191 (attacker)  eps = —          sigma = —       (not tracked)
Node 192 (attacker)  eps = —          sigma = —       (not tracked)
Node 193 (attacker)  eps = —          sigma = —       (not tracked)
Node 194 (attacker)  eps = —          sigma = —       (not tracked)
Node 195 (attacker)  eps = —          sigma = —       (not tracked)
Node 196 (attacker)  eps = —          sigma = —       (not tracked)
Node 197 (attacker)  eps = —          sigma = —       (not tracked)
Node 198 (attacker)  eps = —          sigma = —       (not tracked)
Node 199 (attacker)  eps = —          sigma = —       (not tracked)
Node 200 (honest  )  eps =   6.9262  sigma =  0.000  frozen = False
Node 201 (honest  )  eps =   7.4253  sigma =  0.000  frozen = False
Node 202 (honest  )  eps =   5.5592  sigma =  0.000  frozen = False
Node 203 (honest  )  eps =   7.3515  sigma =  0.000  frozen = False
Node 204 (honest  )  eps =   5.2077  sigma =  0.000  frozen = False
Node 205 (honest  )  eps =   5.8722  sigma =  0.000  frozen = False
Node 206 (honest  )  eps =   6.6382  sigma =  0.000  frozen = False
Node 207 (honest  )  eps =   6.5386  sigma =  0.000  frozen = False
Node 208 (honest  )  eps =   6.9470  sigma =  0.000  frozen = False
Node 209 (honest  )  eps =   6.0199  sigma =  0.000  frozen = False
Node 210 (honest  )  eps =   5.3852  sigma =  0.000  frozen = False
Node 211 (honest  )  eps =   6.6792  sigma =  0.000  frozen = False
Node 212 (honest  )  eps =   7.0749  sigma =  0.000  frozen = False
Node 213 (honest  )  eps =   7.0128  sigma =  0.000  frozen = False
Node 214 (honest  )  eps =   5.1943  sigma =  0.000  frozen = False
Node 215 (honest  )  eps =   7.4255  sigma =  0.000  frozen = False
Node 216 (honest  )  eps =   6.6213  sigma =  0.000  frozen = False
Node 217 (honest  )  eps =   6.1663  sigma =  0.000  frozen = False
Node 218 (honest  )  eps =   6.8550  sigma =  0.000  frozen = False
Node 219 (honest  )  eps =   6.6762  sigma =  0.000  frozen = False
Node 220 (honest  )  eps =   6.6156  sigma =  0.000  frozen = False
Node 221 (honest  )  eps =   6.5735  sigma =  0.000  frozen = False
Node 222 (honest  )  eps =   6.8814  sigma =  0.000  frozen = False
Node 223 (honest  )  eps =   6.9348  sigma =  0.000  frozen = False
Node 224 (honest  )  eps =   5.6635  sigma =  0.000  frozen = False
Node 225 (honest  )  eps =   6.0608  sigma =  0.000  frozen = False
Node 226 (honest  )  eps =   6.9002  sigma =  0.000  frozen = False
Node 227 (honest  )  eps =   5.6606  sigma =  0.000  frozen = False
Node 228 (honest  )  eps =   7.1520  sigma =  0.000  frozen = False
Node 229 (honest  )  eps =   6.4515  sigma =  0.000  frozen = False
Node 230 (honest  )  eps =   6.5510  sigma =  0.000  frozen = False
Node 231 (honest  )  eps =   5.3477  sigma =  0.000  frozen = False
Node 232 (honest  )  eps =   4.3934  sigma =  0.000  frozen = False
Node 233 (honest  )  eps =   7.4914  sigma =  0.000  frozen = False
Node 234 (honest  )  eps =   6.6723  sigma =  0.000  frozen = False
Node 235 (honest  )  eps =   5.7902  sigma =  0.000  frozen = False
Node 236 (honest  )  eps =   6.9275  sigma =  0.000  frozen = False
Node 237 (honest  )  eps =   5.3417  sigma =  0.000  frozen = False
Node 238 (honest  )  eps =   5.4324  sigma =  0.000  frozen = False
Node 239 (honest  )  eps =   6.7703  sigma =  0.000  frozen = False
Node 240 (honest  )  eps =   6.3823  sigma =  0.000  frozen = False
Node 241 (honest  )  eps =   7.3282  sigma =  0.000  frozen = False
Node 242 (honest  )  eps =   7.0114  sigma =  0.000  frozen = False
Node 243 (honest  )  eps =   7.3886  sigma =  0.000  frozen = False
Node 244 (honest  )  eps =   6.4310  sigma =  0.000  frozen = False
Node 245 (honest  )  eps =   6.4805  sigma =  0.000  frozen = False
Node 246 (honest  )  eps =   5.6899  sigma =  0.000  frozen = False
Node 247 (honest  )  eps =   7.3467  sigma =  0.600  frozen = False
Node 248 (honest  )  eps =   6.1907  sigma =  0.000  frozen = False
Node 249 (honest  )  eps =   7.3739  sigma =  0.000  frozen = False
Node 250 (honest  )  eps =   6.1441  sigma =  0.600  frozen = False
Node 251 (honest  )  eps =   6.6107  sigma =  0.000  frozen = False
Node 252 (honest  )  eps =   6.9760  sigma =  0.000  frozen = False
Node 253 (honest  )  eps =   5.8451  sigma =  0.000  frozen = False
Node 254 (honest  )  eps =   5.7673  sigma =  0.000  frozen = False
Node 255 (honest  )  eps =   6.1198  sigma =  0.000  frozen = False
Node 256 (honest  )  eps =   6.4744  sigma =  0.000  frozen = False
Node 257 (honest  )  eps =   6.4649  sigma =  0.000  frozen = False
Node 258 (honest  )  eps =   6.8978  sigma =  0.000  frozen = False
Node 259 (honest  )  eps =   6.2838  sigma =  0.000  frozen = False
Node 260 (honest  )  eps =   5.7854  sigma =  0.000  frozen = False
Node 261 (honest  )  eps =   6.5623  sigma =  0.000  frozen = False
Node 262 (honest  )  eps =   7.4154  sigma =  0.000  frozen = False
Node 263 (honest  )  eps =   6.6713  sigma =  0.600  frozen = False
Node 264 (honest  )  eps =   6.6260  sigma =  0.000  frozen = False
Node 265 (honest  )  eps =   7.3002  sigma =  0.000  frozen = False
Node 266 (honest  )  eps =   6.8501  sigma =  0.000  frozen = False
Node 267 (honest  )  eps =   6.2410  sigma =  0.600  frozen = False
Node 268 (honest  )  eps =   7.4912  sigma =  0.000  frozen = False
Node 269 (honest  )  eps =   5.7070  sigma =  0.000  frozen = False
Node 270 (honest  )  eps =   7.2735  sigma =  0.000  frozen = False
Node 271 (honest  )  eps =   6.0520  sigma =  0.000  frozen = False
Node 272 (honest  )  eps =   5.5304  sigma =  0.000  frozen = False
Node 273 (honest  )  eps =   7.1718  sigma =  0.000  frozen = False
Node 274 (honest  )  eps =   5.6863  sigma =  0.000  frozen = False
Node 275 (honest  )  eps =   7.0271  sigma =  0.600  frozen = False
Node 276 (honest  )  eps =   5.2298  sigma =  0.000  frozen = False
Node 277 (honest  )  eps =   5.4205  sigma =  0.000  frozen = False
Node 278 (honest  )  eps =   6.3603  sigma =  0.000  frozen = False
Node 279 (honest  )  eps =   7.1000  sigma =  0.000  frozen = False
Node 280 (honest  )  eps =   6.5205  sigma =  0.000  frozen = False
Node 281 (honest  )  eps =   7.5289  sigma =  0.000  frozen = False
Node 282 (honest  )  eps =   5.4293  sigma =  0.000  frozen = False
Node 283 (honest  )  eps =   6.8371  sigma =  0.000  frozen = False
Node 284 (honest  )  eps =   6.7310  sigma =  0.000  frozen = False
Node 285 (honest  )  eps =   5.7076  sigma =  0.000  frozen = False
Node 286 (honest  )  eps =   5.8665  sigma =  0.000  frozen = False
Node 287 (honest  )  eps =   6.0892  sigma =  0.000  frozen = False
Node 288 (honest  )  eps =   6.8525  sigma =  0.000  frozen = False
Node 289 (honest  )  eps =   5.7158  sigma =  0.000  frozen = False
Node 290 (honest  )  eps =   5.1549  sigma =  0.000  frozen = False
Node 291 (honest  )  eps =   6.1376  sigma =  0.000  frozen = False
Node 292 (honest  )  eps =   5.2505  sigma =  0.000  frozen = False
Node 293 (honest  )  eps =   6.9816  sigma =  0.000  frozen = False
Node 294 (honest  )  eps =   7.4506  sigma =  0.000  frozen = False
Node 295 (honest  )  eps =   5.2910  sigma =  0.000  frozen = False
Node 296 (honest  )  eps =   6.1102  sigma =  0.000  frozen = False
Node 297 (honest  )  eps =   6.3216  sigma =  0.000  frozen = False
Node 298 (honest  )  eps =   7.0464  sigma =  0.000  frozen = False
Node 299 (honest  )  eps =   5.3319  sigma =  0.000  frozen = False
Node 300 (honest  )  eps =   5.9890  sigma =  0.000  frozen = False
Node 301 (honest  )  eps =   6.1076  sigma =  0.000  frozen = False
Node 302 (honest  )  eps =   7.4311  sigma =  0.000  frozen = False
Node 303 (honest  )  eps =   7.3166  sigma =  0.000  frozen = False
Node 304 (honest  )  eps =   4.0447  sigma =  0.000  frozen = False
Node 305 (honest  )  eps =   6.5899  sigma =  0.000  frozen = False
Node 306 (honest  )  eps =   7.5641  sigma =  0.000  frozen = False
Node 307 (honest  )  eps =   6.0036  sigma =  0.000  frozen = False
Node 308 (honest  )  eps =   7.4976  sigma =  0.000  frozen = False
Node 309 (honest  )  eps =   6.2062  sigma =  0.000  frozen = False
Node 310 (honest  )  eps =   6.9049  sigma =  0.000  frozen = False
Node 311 (honest  )  eps =   7.3776  sigma =  0.000  frozen = False
Node 312 (honest  )  eps =   7.2256  sigma =  0.000  frozen = False
Node 313 (honest  )  eps =   7.2013  sigma =  0.000  frozen = False
Node 314 (honest  )  eps =   7.1539  sigma =  0.000  frozen = False
Node 315 (honest  )  eps =   7.1091  sigma =  0.000  frozen = False
Node 316 (honest  )  eps =   5.8649  sigma =  0.000  frozen = False
Node 317 (honest  )  eps =   6.5609  sigma =  0.000  frozen = False
Node 318 (honest  )  eps =   7.6677  sigma =  0.000  frozen = False
Node 319 (honest  )  eps =   7.3447  sigma =  0.000  frozen = False
Node 320 (honest  )  eps =   6.3310  sigma =  0.000  frozen = False
Node 321 (honest  )  eps =   6.2584  sigma =  0.600  frozen = False
Node 322 (honest  )  eps =   6.7108  sigma =  0.000  frozen = False
Node 323 (honest  )  eps =   6.9582  sigma =  0.000  frozen = False
Node 324 (honest  )  eps =   5.8929  sigma =  0.000  frozen = False
Node 325 (honest  )  eps =   5.1943  sigma =  0.000  frozen = False
Node 326 (honest  )  eps =   7.2085  sigma =  0.000  frozen = False
Node 327 (honest  )  eps =   6.1530  sigma =  0.000  frozen = False
Node 328 (honest  )  eps =   7.3835  sigma =  0.000  frozen = False
Node 329 (honest  )  eps =   7.2184  sigma =  0.000  frozen = False
Node 330 (honest  )  eps =   7.3468  sigma =  0.000  frozen = False
Node 331 (honest  )  eps =   5.9221  sigma =  0.000  frozen = False
Node 332 (honest  )  eps =   6.5126  sigma =  0.000  frozen = False
Node 333 (honest  )  eps =   7.3947  sigma =  0.600  frozen = False
Node 334 (honest  )  eps =   6.7517  sigma =  0.000  frozen = False
Node 335 (honest  )  eps =   6.1827  sigma =  0.000  frozen = False
Node 336 (honest  )  eps =   3.3481  sigma =  0.000  frozen = False
Node 337 (honest  )  eps =   6.4320  sigma =  0.000  frozen = False
Node 338 (honest  )  eps =   6.6170  sigma =  0.000  frozen = False
Node 339 (honest  )  eps =   6.6188  sigma =  0.000  frozen = False
Node 340 (honest  )  eps =   7.4809  sigma =  0.000  frozen = False
Node 341 (honest  )  eps =   6.2721  sigma =  0.000  frozen = False
Node 342 (honest  )  eps =   5.8785  sigma =  0.000  frozen = False
Node 343 (honest  )  eps =   5.8351  sigma =  0.000  frozen = False
Node 344 (honest  )  eps =   7.4874  sigma =  0.000  frozen = False
Node 345 (honest  )  eps =   5.7530  sigma =  0.000  frozen = False
Node 346 (honest  )  eps =   7.7331  sigma =  0.000  frozen = False
Node 347 (honest  )  eps =   6.5473  sigma =  0.000  frozen = False
Node 348 (honest  )  eps =   5.6411  sigma =  0.000  frozen = False
Node 349 (honest  )  eps =   5.6782  sigma =  0.000  frozen = False
Node 350 (honest  )  eps =   6.1347  sigma =  0.000  frozen = False
Node 351 (honest  )  eps =   5.6797  sigma =  0.000  frozen = False
Node 352 (honest  )  eps =   7.5863  sigma =  0.000  frozen = False
Node 353 (honest  )  eps =   7.5696  sigma =  0.600  frozen = False
Node 354 (honest  )  eps =   6.5603  sigma =  0.000  frozen = False
Node 355 (honest  )  eps =   6.4988  sigma =  0.000  frozen = False
Node 356 (honest  )  eps =   5.9873  sigma =  0.000  frozen = False
Node 357 (honest  )  eps =   7.3002  sigma =  0.000  frozen = False
Node 358 (honest  )  eps =   7.2335  sigma =  0.000  frozen = False
Node 359 (honest  )  eps =   5.6608  sigma =  0.000  frozen = False
Node 360 (honest  )  eps =   6.9644  sigma =  0.000  frozen = False
Node 361 (honest  )  eps =   5.7366  sigma =  0.000  frozen = False
Node 362 (honest  )  eps =   5.9202  sigma =  0.000  frozen = False
Node 363 (honest  )  eps =   6.6319  sigma =  0.000  frozen = False
Node 364 (honest  )  eps =   6.1658  sigma =  0.000  frozen = False
Node 365 (honest  )  eps =   2.0059  sigma =  0.000  frozen = False
Node 366 (honest  )  eps =   6.5400  sigma =  0.000  frozen = False
Node 367 (honest  )  eps =   6.9636  sigma =  0.000  frozen = False
Node 368 (honest  )  eps =   6.3521  sigma =  0.000  frozen = False
Node 369 (honest  )  eps =   7.2969  sigma =  0.000  frozen = False
Node 370 (honest  )  eps =   5.2953  sigma =  0.000  frozen = False
Node 371 (honest  )  eps =   6.5101  sigma =  0.000  frozen = False
Node 372 (honest  )  eps =   7.3994  sigma =  0.000  frozen = False
Node 373 (honest  )  eps =   6.0113  sigma =  0.000  frozen = False
Node 374 (honest  )  eps =   6.4805  sigma =  0.000  frozen = False
Node 375 (honest  )  eps =   6.9756  sigma =  0.000  frozen = False
Node 376 (honest  )  eps =   6.4530  sigma =  0.000  frozen = False
Node 377 (honest  )  eps =   6.5374  sigma =  0.000  frozen = False
Node 378 (honest  )  eps =   6.5457  sigma =  0.000  frozen = False
Node 379 (honest  )  eps =   6.1543  sigma =  0.000  frozen = False
Node 380 (honest  )  eps =   7.4757  sigma =  0.000  frozen = False
Node 381 (honest  )  eps =   7.4929  sigma =  0.000  frozen = False
Node 382 (honest  )  eps =   6.1121  sigma =  0.000  frozen = False
Node 383 (honest  )  eps =   5.6635  sigma =  0.000  frozen = False
Node 384 (honest  )  eps =   6.2709  sigma =  0.000  frozen = False
Node 385 (honest  )  eps =   5.8103  sigma =  0.000  frozen = False
Node 386 (honest  )  eps =   6.3633  sigma =  0.000  frozen = False
Node 387 (honest  )  eps =   5.7422  sigma =  0.000  frozen = False
Node 388 (honest  )  eps =   5.7681  sigma =  0.000  frozen = False
Node 389 (honest  )  eps =   7.3592  sigma =  0.000  frozen = False
Node 390 (honest  )  eps =   6.6996  sigma =  0.600  frozen = False
Node 391 (honest  )  eps =   7.1514  sigma =  0.000  frozen = False
Node 392 (honest  )  eps =   5.7391  sigma =  0.000  frozen = False
Node 393 (honest  )  eps =   7.0457  sigma =  0.000  frozen = False
Node 394 (honest  )  eps =   7.4746  sigma =  0.000  frozen = False
Node 395 (honest  )  eps =   6.0879  sigma =  0.000  frozen = False
Node 396 (honest  )  eps =   6.5869  sigma =  0.000  frozen = False
Node 397 (honest  )  eps =   6.5500  sigma =  0.000  frozen = False
Node 398 (honest  )  eps =   6.0608  sigma =  0.000  frozen = False
Node 399 (honest  )  eps =   5.8317  sigma =  0.000  frozen = False
Node 400 (honest  )  eps =   7.6741  sigma =  0.000  frozen = False
Node 401 (honest  )  eps =   7.5559  sigma =  0.000  frozen = False
Node 402 (honest  )  eps =   7.7517  sigma =  0.000  frozen = False
Node 403 (honest  )  eps =   7.5758  sigma =  0.000  frozen = False
Node 404 (honest  )  eps =   5.8744  sigma =  0.000  frozen = False
Node 405 (honest  )  eps =   7.0133  sigma =  0.000  frozen = False
Node 406 (honest  )  eps =   5.8480  sigma =  0.000  frozen = False
Node 407 (honest  )  eps =   5.7830  sigma =  0.000  frozen = False
Node 408 (honest  )  eps =   7.4961  sigma =  0.000  frozen = False
Node 409 (honest  )  eps =   7.3333  sigma =  0.000  frozen = False
Node 410 (honest  )  eps =   7.3692  sigma =  0.000  frozen = False
Node 411 (honest  )  eps =   6.7478  sigma =  0.000  frozen = False
Node 412 (honest  )  eps =   6.4339  sigma =  0.000  frozen = False
Node 413 (honest  )  eps =   6.6279  sigma =  0.000  frozen = False
Node 414 (honest  )  eps =   7.1166  sigma =  0.000  frozen = False
Node 415 (honest  )  eps =   6.0915  sigma =  0.000  frozen = False
Node 416 (honest  )  eps =   6.4377  sigma =  0.000  frozen = False
Node 417 (honest  )  eps =   6.5562  sigma =  0.000  frozen = False
Node 418 (honest  )  eps =   7.4185  sigma =  0.000  frozen = False
Node 419 (honest  )  eps =   6.5283  sigma =  0.000  frozen = False
Node 420 (honest  )  eps =   6.6124  sigma =  0.000  frozen = False
Node 421 (honest  )  eps =   7.2056  sigma =  0.000  frozen = False
Node 422 (honest  )  eps =   6.8398  sigma =  0.000  frozen = False
Node 423 (honest  )  eps =   7.0194  sigma =  0.000  frozen = False
Node 424 (honest  )  eps =   6.3325  sigma =  0.000  frozen = False
Node 425 (honest  )  eps =   7.6879  sigma =  0.000  frozen = False
Node 426 (honest  )  eps =   6.1706  sigma =  0.000  frozen = False
Node 427 (honest  )  eps =   5.8725  sigma =  0.000  frozen = False
Node 428 (honest  )  eps =   5.7080  sigma =  0.000  frozen = False
Node 429 (honest  )  eps =   7.4963  sigma =  0.600  frozen = False
Node 430 (honest  )  eps =   7.0872  sigma =  0.000  frozen = False
Node 431 (honest  )  eps =   6.1270  sigma =  0.000  frozen = False
Node 432 (honest  )  eps =   5.8647  sigma =  0.000  frozen = False
Node 433 (honest  )  eps =   7.3617  sigma =  0.000  frozen = False
Node 434 (honest  )  eps =   6.4426  sigma =  0.000  frozen = False
Node 435 (honest  )  eps =   6.6127  sigma =  0.600  frozen = False
Node 436 (honest  )  eps =   6.2345  sigma =  0.000  frozen = False
Node 437 (honest  )  eps =   5.6547  sigma =  0.000  frozen = False
Node 438 (honest  )  eps =   5.1943  sigma =  0.000  frozen = False
Node 439 (honest  )  eps =   6.4028  sigma =  0.000  frozen = False
Node 440 (honest  )  eps =   6.9334  sigma =  0.000  frozen = False
Node 441 (honest  )  eps =   6.9466  sigma =  0.000  frozen = False
Node 442 (honest  )  eps =   5.8144  sigma =  0.600  frozen = False
Node 443 (honest  )  eps =   4.4508  sigma =  0.000  frozen = False
Node 444 (honest  )  eps =   5.3998  sigma =  0.000  frozen = False
Node 445 (honest  )  eps =   6.8711  sigma =  0.000  frozen = False
Node 446 (honest  )  eps =   6.8921  sigma =  0.000  frozen = False
Node 447 (honest  )  eps =   5.4493  sigma =  0.000  frozen = False
Node 448 (honest  )  eps =   6.6598  sigma =  0.000  frozen = False
Node 449 (honest  )  eps =   6.9199  sigma =  0.000  frozen = False
Node 450 (honest  )  eps =   4.8890  sigma =  0.000  frozen = False
Node 451 (honest  )  eps =   6.8894  sigma =  0.000  frozen = False
Node 452 (honest  )  eps =   5.4699  sigma =  0.000  frozen = False
Node 453 (honest  )  eps =   5.8344  sigma =  0.000  frozen = False
Node 454 (honest  )  eps =   5.6585  sigma =  0.000  frozen = False
Node 455 (honest  )  eps =   6.1239  sigma =  0.000  frozen = False
Node 456 (honest  )  eps =   6.5176  sigma =  0.000  frozen = False
Node 457 (honest  )  eps =   5.7519  sigma =  0.000  frozen = False
Node 458 (honest  )  eps =   5.9568  sigma =  0.000  frozen = False
Node 459 (honest  )  eps =   7.3002  sigma =  0.000  frozen = False
Node 460 (honest  )  eps =   5.4747  sigma =  0.000  frozen = False
Node 461 (honest  )  eps =   6.2021  sigma =  0.000  frozen = False
Node 462 (honest  )  eps =   5.8349  sigma =  0.000  frozen = False
Node 463 (honest  )  eps =   5.7057  sigma =  0.000  frozen = False
Node 464 (honest  )  eps =   7.8742  sigma =  0.000  frozen = False
Node 465 (honest  )  eps =   7.1528  sigma =  0.000  frozen = False
Node 466 (honest  )  eps =   7.3319  sigma =  0.000  frozen = False
Node 467 (honest  )  eps =   5.9146  sigma =  0.000  frozen = False
Node 468 (honest  )  eps =   6.6164  sigma =  0.000  frozen = False
Node 469 (honest  )  eps =   6.5439  sigma =  0.000  frozen = False
Node 470 (honest  )  eps =   7.0048  sigma =  0.000  frozen = False
Node 471 (honest  )  eps =   6.0672  sigma =  0.000  frozen = False
Node 472 (honest  )  eps =   7.6650  sigma =  0.000  frozen = False
Node 473 (honest  )  eps =   0.0000  sigma =  0.000  frozen = False
Node 474 (honest  )  eps =   6.2043  sigma =  0.000  frozen = False
Node 475 (honest  )  eps =   5.7035  sigma =  0.000  frozen = False
Node 476 (honest  )  eps =   6.9928  sigma =  0.000  frozen = False
Node 477 (honest  )  eps =   7.5394  sigma =  0.000  frozen = False
Node 478 (honest  )  eps =   5.1570  sigma =  0.000  frozen = False
Node 479 (honest  )  eps =   6.1450  sigma =  0.000  frozen = False
Node 480 (honest  )  eps =   7.4938  sigma =  0.000  frozen = False
Node 481 (honest  )  eps =   6.1071  sigma =  0.000  frozen = False
Node 482 (honest  )  eps =   5.8948  sigma =  0.000  frozen = False
Node 483 (honest  )  eps =   7.2581  sigma =  0.000  frozen = False
Node 484 (honest  )  eps =   7.2617  sigma =  0.000  frozen = False
Node 485 (honest  )  eps =   5.7698  sigma =  0.000  frozen = False
Node 486 (honest  )  eps =   7.1759  sigma =  0.000  frozen = False
Node 487 (honest  )  eps =   6.1869  sigma =  0.000  frozen = False
Node 488 (honest  )  eps =   7.6351  sigma =  0.600  frozen = False
Node 489 (honest  )  eps =   7.3584  sigma =  0.000  frozen = False
Node 490 (honest  )  eps =   6.4872  sigma =  0.000  frozen = False
Node 491 (honest  )  eps =   6.6347  sigma =  0.000  frozen = False
Node 492 (honest  )  eps =   7.3591  sigma =  0.600  frozen = False
Node 493 (honest  )  eps =   5.2933  sigma =  0.000  frozen = False
Node 494 (honest  )  eps =   7.4586  sigma =  0.000  frozen = False
Node 495 (honest  )  eps =   6.5584  sigma =  0.000  frozen = False
Node 496 (honest  )  eps =   6.6631  sigma =  0.000  frozen = False
Node 497 (honest  )  eps =   6.8662  sigma =  0.000  frozen = False
Node 498 (honest  )  eps =   6.0410  sigma =  0.000  frozen = False
Node 499 (honest  )  eps =   7.5175  sigma =  0.000  frozen = False
------------------------------------------------------------
eps_system (max honest): 7.8742
eps_avg (honest):        6.4554
eps_std (honest):        0.8654
n_frozen:                0/300
============================================================
