2026-05-06 05:05:33 | INFO    | dpfl | Experiment start: algorithm=noise_game, dataset=mnist, model=mlp, device=cuda
2026-05-06 05:05:33 | INFO    | dpfl | Config: nodes=500, attackers=300, rounds=150, noise_mode=none, attack=scale
2026-05-06 05:05:33 | INFO    | dpfl.data.mnist_dataset | Loading MNIST dataset...
2026-05-06 05:05:33 | INFO    | dpfl.data.mnist_dataset | MNIST loaded: 60000 train, 10000 test samples
2026-05-06 05:06:25 | INFO    | dpfl.core.base_simulator | Vectorized state ready: param_spec.D=50890, X_test=(10000, 1, 28, 28), train clients N=500, max_n_samples=1000
2026-05-06 05:06:25 | INFO    | dpfl.core.base_simulator | Setup complete: 500 nodes (300 attackers), param_dim=50890, split=iid
2026-05-06 05:06:25 | DEBUG   | dpfl.core.base_simulator | Attacker IDs: {0, 1, 2, 3, 4, 5, 6, 7, 8, 9, 10, 11, 12, 13, 14, 15, 16, 17, 18, 19, 20, 21, 22, 23, 24, 25, 26, 27, 28, 29, 30, 31, 32, 33, 34, 35, 36, 37, 38, 39, 40, 41, 42, 43, 44, 45, 46, 47, 48, 49, 50, 51, 52, 53, 54, 55, 56, 57, 58, 59, 60, 61, 62, 63, 64, 65, 66, 67, 68, 69, 70, 71, 72, 73, 74, 75, 76, 77, 78, 79, 80, 81, 82, 83, 84, 85, 86, 87, 88, 89, 90, 91, 92, 93, 94, 95, 96, 97, 98, 99, 100, 101, 102, 103, 104, 105, 106, 107, 108, 109, 110, 111, 112, 113, 114, 115, 116, 117, 118, 119, 120, 121, 122, 123, 124, 125, 126, 127, 128, 129, 130, 131, 132, 133, 134, 135, 136, 137, 138, 139, 140, 141, 142, 143, 144, 145, 146, 147, 148, 149, 150, 151, 152, 153, 154, 155, 156, 157, 158, 159, 160, 161, 162, 163, 164, 165, 166, 167, 168, 169, 170, 171, 172, 173, 174, 175, 176, 177, 178, 179, 180, 181, 182, 183, 184, 185, 186, 187, 188, 189, 190, 191, 192, 193, 194, 195, 196, 197, 198, 199, 200, 201, 202, 203, 204, 205, 206, 207, 208, 209, 210, 211, 212, 213, 214, 215, 216, 217, 218, 219, 220, 221, 222, 223, 224, 225, 226, 227, 228, 229, 230, 231, 232, 233, 234, 235, 236, 237, 238, 239, 240, 241, 242, 243, 244, 245, 246, 247, 248, 249, 250, 251, 252, 253, 254, 255, 256, 257, 258, 259, 260, 261, 262, 263, 264, 265, 266, 267, 268, 269, 270, 271, 272, 273, 274, 275, 276, 277, 278, 279, 280, 281, 282, 283, 284, 285, 286, 287, 288, 289, 290, 291, 292, 293, 294, 295, 296, 297, 298, 299}
2026-05-06 05:06:37 | INFO    | dpfl.core.base_simulator | Round   1/150 | Acc: 0.3793 | Loss: 2.0958 | eps_max: 1.91 eps_avg: 1.15 | P: 0.00 R: nan F1: nan
2026-05-06 05:06:37 | DEBUG   | dpfl.core.base_simulator | Update norms — honest: ['0.56', '0.56'], attacker: ['0.56', '0.57', '0.57', '0.56', '0.56']
2026-05-06 05:06:48 | INFO    | dpfl.core.base_simulator | Round   2/150 | Acc: 0.5552 | Loss: 1.8908 | eps_max: 1.97 eps_avg: 1.23 | P: 0.00 R: nan F1: nan
2026-05-06 05:06:48 | DEBUG   | dpfl.core.base_simulator | Update norms — honest: ['0.56', '0.56', '0.56', '0.56', '0.56'], attacker: ['1.02', '1.02', '1.03', '1.02', '1.03']
2026-05-06 05:06:59 | INFO    | dpfl.core.base_simulator | Round   3/150 | Acc: 0.6524 | Loss: 1.6804 | eps_max: 2.08 eps_avg: 1.32 | P: 0.00 R: nan F1: nan
2026-05-06 05:06:59 | DEBUG   | dpfl.core.base_simulator | Update norms — honest: ['0.55', '0.55', '0.55', '0.55', '0.55'], attacker: ['1.54', '1.55', '1.56', '1.55', '1.54']
2026-05-06 05:07:10 | INFO    | dpfl.core.base_simulator | Round   4/150 | Acc: 0.7107 | Loss: 1.4806 | eps_max: 2.23 eps_avg: 1.45 | P: 0.00 R: nan F1: nan
2026-05-06 05:07:10 | DEBUG   | dpfl.core.base_simulator | Update norms — honest: ['0.55', '0.55', '0.55', '0.55', '0.55'], attacker: ['2.02', '2.02', '2.03', '2.02', '2.01']
2026-05-06 05:07:22 | INFO    | dpfl.core.base_simulator | Round   5/150 | Acc: 0.7514 | Loss: 1.3002 | eps_max: 2.40 eps_avg: 1.57 | P: 0.00 R: nan F1: nan
2026-05-06 05:07:22 | DEBUG   | dpfl.core.base_simulator | Update norms — honest: ['0.54', '0.54', '0.54', '0.54', '0.54'], attacker: ['2.47', '2.48', '2.47', '2.48', '2.47']
2026-05-06 05:07:33 | INFO    | dpfl.core.base_simulator | Round   6/150 | Acc: 0.7796 | Loss: 1.1459 | eps_max: 2.46 eps_avg: 1.64 | P: 0.00 R: nan F1: nan
2026-05-06 05:07:33 | DEBUG   | dpfl.core.base_simulator | Update norms — honest: ['0.53', '1.02', '1.02', '0.54', '1.03'], attacker: ['2.89', '2.91', '2.92', '2.90', '2.90']
2026-05-06 05:07:44 | INFO    | dpfl.core.base_simulator | Round   7/150 | Acc: 0.7997 | Loss: 1.0193 | eps_max: 2.51 eps_avg: 1.70 | P: 0.00 R: nan F1: nan
2026-05-06 05:07:44 | DEBUG   | dpfl.core.base_simulator | Update norms — honest: ['1.02', '0.53', '0.97', '0.53', '0.53'], attacker: ['3.27', '3.29', '3.30', '3.29', '3.24']
2026-05-06 05:07:56 | INFO    | dpfl.core.base_simulator | Round   8/150 | Acc: 0.8139 | Loss: 0.9183 | eps_max: 2.56 eps_avg: 1.77 | P: 0.00 R: nan F1: nan
2026-05-06 05:07:56 | DEBUG   | dpfl.core.base_simulator | Update norms — honest: ['0.53', '0.94', '0.87', '0.53', '0.53'], attacker: ['3.67', '3.66', '3.68', '3.68', '3.61']
2026-05-06 05:08:08 | INFO    | dpfl.core.base_simulator | Round   9/150 | Acc: 0.8242 | Loss: 0.8387 | eps_max: 2.62 eps_avg: 1.85 | P: 0.00 R: nan F1: nan
2026-05-06 05:08:08 | DEBUG   | dpfl.core.base_simulator | Update norms — honest: ['0.52', '0.52', '0.98', '1.54', '0.52'], attacker: ['3.98', '3.97', '3.98', '3.99', '3.98']
2026-05-06 05:08:20 | INFO    | dpfl.core.base_simulator | Round  10/150 | Acc: 0.8320 | Loss: 0.7751 | eps_max: 2.70 eps_avg: 1.90 | P: 0.00 R: nan F1: nan
2026-05-06 05:08:20 | DEBUG   | dpfl.core.base_simulator | Update norms — honest: ['0.93', '0.52', '0.83', '0.52', '0.84'], attacker: ['4.30', '4.28', '4.22', '4.30', '4.31']
2026-05-06 05:08:32 | INFO    | dpfl.core.base_simulator | Round  11/150 | Acc: 0.8382 | Loss: 0.7243 | eps_max: 2.78 eps_avg: 1.97 | P: 0.00 R: nan F1: nan
2026-05-06 05:08:32 | DEBUG   | dpfl.core.base_simulator | Update norms — honest: ['0.51', '0.51', '0.96', '0.51', '0.51'], attacker: ['4.66', '4.49', '4.70', '4.64', '4.69']
2026-05-06 05:08:44 | INFO    | dpfl.core.base_simulator | Round  12/150 | Acc: 0.8435 | Loss: 0.6828 | eps_max: 2.88 eps_avg: 2.04 | P: 0.00 R: nan F1: nan
2026-05-06 05:08:44 | DEBUG   | dpfl.core.base_simulator | Update norms — honest: ['0.51', '0.94', '0.96', '0.51', '1.40'], attacker: ['4.92', '4.85', '4.97', '4.92', '4.92']
2026-05-06 05:08:56 | INFO    | dpfl.core.base_simulator | Round  13/150 | Acc: 0.8477 | Loss: 0.6486 | eps_max: 2.97 eps_avg: 2.10 | P: 0.00 R: nan F1: nan
2026-05-06 05:08:56 | DEBUG   | dpfl.core.base_simulator | Update norms — honest: ['1.42', '0.50', '1.86', '1.50', '0.96'], attacker: ['5.18', '5.23', '5.18', '5.20', '5.28']
2026-05-06 05:09:07 | INFO    | dpfl.core.base_simulator | Round  14/150 | Acc: 0.8512 | Loss: 0.6197 | eps_max: 3.06 eps_avg: 2.16 | P: 0.00 R: nan F1: nan
2026-05-06 05:09:07 | DEBUG   | dpfl.core.base_simulator | Update norms — honest: ['0.90', '0.95', '0.49', '0.50', '0.94'], attacker: ['5.42', '5.41', '5.40', '5.20', '5.37']
2026-05-06 05:09:19 | INFO    | dpfl.core.base_simulator | Round  15/150 | Acc: 0.8545 | Loss: 0.5953 | eps_max: 3.14 eps_avg: 2.21 | P: 0.00 R: nan F1: nan
2026-05-06 05:09:19 | DEBUG   | dpfl.core.base_simulator | Update norms — honest: ['0.83', '0.49', '1.96', '0.49', '0.49'], attacker: ['5.77', '5.66', '5.70', '5.36', '5.55']
2026-05-06 05:09:31 | INFO    | dpfl.core.base_simulator | Round  16/150 | Acc: 0.8572 | Loss: 0.5746 | eps_max: 3.31 eps_avg: 2.27 | P: 0.00 R: nan F1: nan
2026-05-06 05:09:31 | DEBUG   | dpfl.core.base_simulator | Update norms — honest: ['0.76', '0.90', '1.96', '1.40', '0.48'], attacker: ['5.92', '5.93', '5.92', '5.80', '6.00']
2026-05-06 05:09:43 | INFO    | dpfl.core.base_simulator | Round  17/150 | Acc: 0.8596 | Loss: 0.5566 | eps_max: 3.47 eps_avg: 2.34 | P: 0.00 R: nan F1: nan
2026-05-06 05:09:43 | DEBUG   | dpfl.core.base_simulator | Update norms — honest: ['0.91', '1.47', '1.78', '0.48', '1.38'], attacker: ['6.08', '6.01', '6.18', '6.00', '6.11']
2026-05-06 05:09:55 | INFO    | dpfl.core.base_simulator | Round  18/150 | Acc: 0.8615 | Loss: 0.5412 | eps_max: 3.52 eps_avg: 2.41 | P: 0.00 R: nan F1: nan
2026-05-06 05:09:55 | DEBUG   | dpfl.core.base_simulator | Update norms — honest: ['1.30', '1.83', '0.47', '0.91', '0.92'], attacker: ['6.16', '5.94', '6.48', '6.16', '6.04']
2026-05-06 05:10:07 | INFO    | dpfl.core.base_simulator | Round  19/150 | Acc: 0.8637 | Loss: 0.5274 | eps_max: 3.56 eps_avg: 2.50 | P: 0.00 R: nan F1: nan
2026-05-06 05:10:07 | DEBUG   | dpfl.core.base_simulator | Update norms — honest: ['0.47', '1.87', '0.47', '0.90', '0.47'], attacker: ['6.47', '6.20', '6.35', '6.60', '6.26']
2026-05-06 05:10:19 | INFO    | dpfl.core.base_simulator | Round  20/150 | Acc: 0.8653 | Loss: 0.5153 | eps_max: 3.61 eps_avg: 2.56 | P: 0.00 R: nan F1: nan
2026-05-06 05:10:19 | DEBUG   | dpfl.core.base_simulator | Update norms — honest: ['1.31', '1.76', '1.75', '1.11', '0.47'], attacker: ['6.61', '6.84', '6.55', '6.61', '6.52']
2026-05-06 05:10:31 | INFO    | dpfl.core.base_simulator | Round  21/150 | Acc: 0.8669 | Loss: 0.5044 | eps_max: 3.65 eps_avg: 2.63 | P: 0.00 R: nan F1: nan
2026-05-06 05:10:31 | DEBUG   | dpfl.core.base_simulator | Update norms — honest: ['0.46', '0.46', '1.92', '0.74', '0.85'], attacker: ['6.69', '6.77', '6.82', '6.41', '6.73']
2026-05-06 05:10:43 | INFO    | dpfl.core.base_simulator | Round  22/150 | Acc: 0.8681 | Loss: 0.4946 | eps_max: 3.68 eps_avg: 2.68 | P: 0.00 R: nan F1: nan
2026-05-06 05:10:43 | DEBUG   | dpfl.core.base_simulator | Update norms — honest: ['1.24', '0.87', '0.71', '1.17', '0.46'], attacker: ['6.78', '6.88', '7.14', '6.71', '6.63']
2026-05-06 05:10:56 | INFO    | dpfl.core.base_simulator | Round  23/150 | Acc: 0.8694 | Loss: 0.4860 | eps_max: 3.71 eps_avg: 2.73 | P: 0.00 R: nan F1: nan
2026-05-06 05:10:56 | DEBUG   | dpfl.core.base_simulator | Update norms — honest: ['0.86', '1.76', '2.16', '0.81', '0.85'], attacker: ['6.55', '6.95', '7.21', '6.89', '6.67']
2026-05-06 05:11:09 | INFO    | dpfl.core.base_simulator | Round  24/150 | Acc: 0.8704 | Loss: 0.4783 | eps_max: 3.76 eps_avg: 2.79 | P: 0.00 R: nan F1: nan
2026-05-06 05:11:09 | DEBUG   | dpfl.core.base_simulator | Update norms — honest: ['2.21', '0.52', '1.29', '1.87', '0.45'], attacker: ['6.33', '7.06', '7.18', '7.14', '6.68']
2026-05-06 05:11:21 | INFO    | dpfl.core.base_simulator | Round  25/150 | Acc: 0.8715 | Loss: 0.4711 | eps_max: 3.80 eps_avg: 2.83 | P: 0.00 R: nan F1: nan
2026-05-06 05:11:21 | DEBUG   | dpfl.core.base_simulator | Update norms — honest: ['2.31', '1.20', '0.44', '0.80', '0.86'], attacker: ['6.79', '7.07', '6.83', '6.90', '6.68']
2026-05-06 05:11:33 | INFO    | dpfl.core.base_simulator | Round  26/150 | Acc: 0.8724 | Loss: 0.4646 | eps_max: 3.85 eps_avg: 2.88 | P: 0.00 R: nan F1: nan
2026-05-06 05:11:33 | DEBUG   | dpfl.core.base_simulator | Update norms — honest: ['0.44', '0.74', '0.82', '1.26', '0.44'], attacker: ['7.01', '7.07', '6.74', '5.95', '6.07']
2026-05-06 05:11:45 | INFO    | dpfl.core.base_simulator | Round  27/150 | Acc: 0.8734 | Loss: 0.4584 | eps_max: 3.89 eps_avg: 2.93 | P: 0.00 R: nan F1: nan
2026-05-06 05:11:45 | DEBUG   | dpfl.core.base_simulator | Update norms — honest: ['1.24', '0.59', '2.02', '1.04', '0.44'], attacker: ['6.76', '7.02', '6.72', '6.76', '6.29']
2026-05-06 05:11:58 | INFO    | dpfl.core.base_simulator | Round  28/150 | Acc: 0.8741 | Loss: 0.4532 | eps_max: 3.93 eps_avg: 2.96 | P: 0.00 R: nan F1: nan
2026-05-06 05:11:58 | DEBUG   | dpfl.core.base_simulator | Update norms — honest: ['0.66', '0.43', '0.43', '1.15', '1.72'], attacker: ['6.24', '7.17', '6.62', '7.56', '6.41']
2026-05-06 05:12:11 | INFO    | dpfl.core.base_simulator | Round  29/150 | Acc: 0.8749 | Loss: 0.4482 | eps_max: 3.97 eps_avg: 3.00 | P: 0.00 R: nan F1: nan
2026-05-06 05:12:11 | DEBUG   | dpfl.core.base_simulator | Update norms — honest: ['2.24', '0.42', '1.04', '1.89', '1.19'], attacker: ['7.02', '7.18', '6.03', '7.65', '6.75']
2026-05-06 05:12:23 | INFO    | dpfl.core.base_simulator | Round  30/150 | Acc: 0.8756 | Loss: 0.4433 | eps_max: 4.00 eps_avg: 3.04 | P: 0.00 R: nan F1: nan
2026-05-06 05:12:23 | DEBUG   | dpfl.core.base_simulator | Update norms — honest: ['0.57', '1.32', '0.76', '1.52', '0.42'], attacker: ['7.07', '6.95', '6.59', '7.23', '6.09']
2026-05-06 05:12:35 | INFO    | dpfl.core.base_simulator | Round  31/150 | Acc: 0.8762 | Loss: 0.4393 | eps_max: 4.04 eps_avg: 3.09 | P: 0.00 R: nan F1: nan
2026-05-06 05:12:35 | DEBUG   | dpfl.core.base_simulator | Update norms — honest: ['2.08', '0.68', '2.16', '0.42', '0.47'], attacker: ['6.88', '7.18', '5.94', '7.19', '5.79']
2026-05-06 05:12:47 | INFO    | dpfl.core.base_simulator | Round  32/150 | Acc: 0.8767 | Loss: 0.4351 | eps_max: 4.09 eps_avg: 3.13 | P: 0.00 R: nan F1: nan
2026-05-06 05:12:47 | DEBUG   | dpfl.core.base_simulator | Update norms — honest: ['0.76', '0.95', '1.23', '0.42', '1.49'], attacker: ['7.30', '7.02', '6.09', '7.31', '6.01']
2026-05-06 05:13:00 | INFO    | dpfl.core.base_simulator | Round  33/150 | Acc: 0.8773 | Loss: 0.4316 | eps_max: 4.14 eps_avg: 3.17 | P: 0.00 R: nan F1: nan
2026-05-06 05:13:00 | DEBUG   | dpfl.core.base_simulator | Update norms — honest: ['0.90', '0.41', '1.90', '0.77', '1.62'], attacker: ['7.60', '6.06', '6.30', '6.89', '6.68']
2026-05-06 05:13:12 | INFO    | dpfl.core.base_simulator | Round  34/150 | Acc: 0.8779 | Loss: 0.4282 | eps_max: 4.19 eps_avg: 3.21 | P: 0.00 R: nan F1: nan
2026-05-06 05:13:12 | DEBUG   | dpfl.core.base_simulator | Update norms — honest: ['1.10', '1.84', '0.40', '0.65', '0.41'], attacker: ['7.19', '5.89', '6.46', '5.87', '7.10']
2026-05-06 05:13:24 | INFO    | dpfl.core.base_simulator | Round  35/150 | Acc: 0.8782 | Loss: 0.4253 | eps_max: 4.23 eps_avg: 3.24 | P: 0.00 R: nan F1: nan
2026-05-06 05:13:24 | DEBUG   | dpfl.core.base_simulator | Update norms — honest: ['0.81', '1.20', '0.40', '0.74', '1.45'], attacker: ['6.54', '6.67', '5.47', '6.50', '6.69']
2026-05-06 05:13:37 | INFO    | dpfl.core.base_simulator | Round  36/150 | Acc: 0.8787 | Loss: 0.4224 | eps_max: 4.26 eps_avg: 3.28 | P: 0.00 R: nan F1: nan
2026-05-06 05:13:37 | DEBUG   | dpfl.core.base_simulator | Update norms — honest: ['0.71', '0.70', '1.69', '1.21', '0.40'], attacker: ['6.57', '6.35', '5.92', '6.54', '5.64']
2026-05-06 05:13:49 | INFO    | dpfl.core.base_simulator | Round  37/150 | Acc: 0.8792 | Loss: 0.4195 | eps_max: 4.30 eps_avg: 3.32 | P: 0.00 R: nan F1: nan
2026-05-06 05:13:49 | DEBUG   | dpfl.core.base_simulator | Update norms — honest: ['0.39', '0.44', '1.15', '0.73', '1.15'], attacker: ['5.78', '6.16', '5.90', '6.45', '6.41']
2026-05-06 05:14:01 | INFO    | dpfl.core.base_simulator | Round  38/150 | Acc: 0.8795 | Loss: 0.4173 | eps_max: 4.35 eps_avg: 3.36 | P: 0.00 R: nan F1: nan
2026-05-06 05:14:01 | DEBUG   | dpfl.core.base_simulator | Update norms — honest: ['2.36', '0.54', '1.90', '1.46', '0.77'], attacker: ['6.09', '6.45', '6.40', '6.58', '6.71']
2026-05-06 05:14:14 | INFO    | dpfl.core.base_simulator | Round  39/150 | Acc: 0.8798 | Loss: 0.4153 | eps_max: 4.40 eps_avg: 3.40 | P: 0.00 R: nan F1: nan
2026-05-06 05:14:14 | DEBUG   | dpfl.core.base_simulator | Update norms — honest: ['0.34', '1.99', '2.52', '0.56', '0.68'], attacker: ['5.78', '5.96', '6.41', '6.42', '6.95']
2026-05-06 05:14:26 | INFO    | dpfl.core.base_simulator | Round  40/150 | Acc: 0.8801 | Loss: 0.4130 | eps_max: 4.45 eps_avg: 3.45 | P: 0.00 R: nan F1: nan
2026-05-06 05:14:26 | DEBUG   | dpfl.core.base_simulator | Update norms — honest: ['1.18', '1.15', '0.38', '1.43', '1.20'], attacker: ['6.19', '6.12', '6.34', '6.01', '6.51']
2026-05-06 05:14:39 | INFO    | dpfl.core.base_simulator | Round  41/150 | Acc: 0.8804 | Loss: 0.4110 | eps_max: 4.52 eps_avg: 3.48 | P: 0.00 R: nan F1: nan
2026-05-06 05:14:39 | DEBUG   | dpfl.core.base_simulator | Update norms — honest: ['2.49', '1.14', '1.29', '0.99', '2.40'], attacker: ['6.68', '6.74', '5.92', '6.14', '5.69']
2026-05-06 05:14:52 | INFO    | dpfl.core.base_simulator | Round  42/150 | Acc: 0.8804 | Loss: 0.4099 | eps_max: 4.59 eps_avg: 3.52 | P: 0.00 R: nan F1: nan
2026-05-06 05:14:52 | DEBUG   | dpfl.core.base_simulator | Update norms — honest: ['1.23', '1.80', '1.08', '1.15', '0.69'], attacker: ['6.19', '7.08', '6.31', '6.47', '5.43']
2026-05-06 05:15:04 | INFO    | dpfl.core.base_simulator | Round  43/150 | Acc: 0.8808 | Loss: 0.4078 | eps_max: 4.69 eps_avg: 3.55 | P: 0.00 R: nan F1: nan
2026-05-06 05:15:04 | DEBUG   | dpfl.core.base_simulator | Update norms — honest: ['1.25', '0.99', '0.69', '1.90', '1.07'], attacker: ['5.18', '6.57', '5.38', '7.13', '5.16']
2026-05-06 05:15:16 | INFO    | dpfl.core.base_simulator | Round  44/150 | Acc: 0.8810 | Loss: 0.4061 | eps_max: 4.83 eps_avg: 3.61 | P: 0.00 R: nan F1: nan
2026-05-06 05:15:16 | DEBUG   | dpfl.core.base_simulator | Update norms — honest: ['1.32', '2.37', '1.59', '0.93', '1.29'], attacker: ['4.77', '5.49', '5.72', '6.18', '5.14']
2026-05-06 05:15:28 | INFO    | dpfl.core.base_simulator | Round  45/150 | Acc: 0.8812 | Loss: 0.4048 | eps_max: 4.94 eps_avg: 3.65 | P: 0.00 R: nan F1: nan
2026-05-06 05:15:28 | DEBUG   | dpfl.core.base_simulator | Update norms — honest: ['2.24', '0.36', '1.29', '2.85', '0.64'], attacker: ['5.62', '5.66', '6.48', '5.26', '4.62']
2026-05-06 05:15:41 | INFO    | dpfl.core.base_simulator | Round  46/150 | Acc: 0.8813 | Loss: 0.4038 | eps_max: 5.14 eps_avg: 3.70 | P: 0.00 R: nan F1: nan
2026-05-06 05:15:41 | DEBUG   | dpfl.core.base_simulator | Update norms — honest: ['1.16', '1.53', '1.79', '2.12', '1.65'], attacker: ['6.28', '5.99', '5.43', '4.92', '4.40']
2026-05-06 05:15:53 | INFO    | dpfl.core.base_simulator | Round  47/150 | Acc: 0.8816 | Loss: 0.4022 | eps_max: 5.23 eps_avg: 3.73 | P: 0.00 R: nan F1: nan
2026-05-06 05:15:53 | DEBUG   | dpfl.core.base_simulator | Update norms — honest: ['1.51', '1.23', '1.41', '1.55', '1.06'], attacker: ['3.94', '6.26', '5.77', '5.50', '5.30']
2026-05-06 05:16:06 | INFO    | dpfl.core.base_simulator | Round  48/150 | Acc: 0.8816 | Loss: 0.4015 | eps_max: 5.30 eps_avg: 3.77 | P: 0.00 R: nan F1: nan
2026-05-06 05:16:06 | DEBUG   | dpfl.core.base_simulator | Update norms — honest: ['0.55', '2.56', '2.45', '0.35', '1.37'], attacker: ['4.77', '6.76', '5.53', '5.27', '4.70']
2026-05-06 05:16:18 | INFO    | dpfl.core.base_simulator | Round  49/150 | Acc: 0.8818 | Loss: 0.4001 | eps_max: 5.42 eps_avg: 3.80 | P: 0.00 R: nan F1: nan
2026-05-06 05:16:18 | DEBUG   | dpfl.core.base_simulator | Update norms — honest: ['1.68', '2.12', '0.68', '1.52', '0.63'], attacker: ['4.65', '6.36', '4.61', '3.59', '3.56']
2026-05-06 05:16:30 | INFO    | dpfl.core.base_simulator | Round  50/150 | Acc: 0.8822 | Loss: 0.3987 | eps_max: 5.49 eps_avg: 3.83 | P: 0.00 R: nan F1: nan
2026-05-06 05:16:30 | DEBUG   | dpfl.core.base_simulator | Update norms — honest: ['3.04', '0.59', '0.84', '1.35', '2.20'], attacker: ['3.75', '6.10', '3.69', '4.78', '4.39']
2026-05-06 05:16:34 | INFO    | dpfl.core.base_simulator | Round  51/150 | Acc: 0.8821 | Loss: 0.3980 | eps_max: 5.12 eps_avg: 2.80 | P: 0.92 R: 1.00 F1: 0.96
2026-05-06 05:16:34 | DEBUG   | dpfl.core.base_simulator | Update norms — honest: ['1.10', '0.64', '1.18', '1.51', '0.34'], attacker: ['2.39', '2.74', '2.60', '2.76', '2.22']
2026-05-06 05:16:37 | INFO    | dpfl.core.base_simulator | Round  52/150 | Acc: 0.8822 | Loss: 0.3973 | eps_max: 5.19 eps_avg: 2.85 | P: 0.92 R: 1.00 F1: 0.96
2026-05-06 05:16:37 | DEBUG   | dpfl.core.base_simulator | Update norms — honest: ['0.89', '3.14', '1.28', '0.65', '1.44'], attacker: ['3.84', '4.03', '3.70', '3.74', '6.24']
2026-05-06 05:16:41 | INFO    | dpfl.core.base_simulator | Round  53/150 | Acc: 0.8824 | Loss: 0.3962 | eps_max: 5.19 eps_avg: 2.92 | P: 0.85 R: 1.00 F1: 0.89
2026-05-06 05:16:41 | DEBUG   | dpfl.core.base_simulator | Update norms — honest: ['0.34', '1.73', '2.05', '0.34', '1.93'], attacker: ['3.52', '3.89', '3.64', '3.52', '6.35']
2026-05-06 05:16:45 | INFO    | dpfl.core.base_simulator | Round  54/150 | Acc: 0.8825 | Loss: 0.3954 | eps_max: 5.19 eps_avg: 2.98 | P: 0.82 R: 1.00 F1: 0.90
2026-05-06 05:16:45 | DEBUG   | dpfl.core.base_simulator | Update norms — honest: ['1.49', '2.22', '0.55', '0.34', '0.63'], attacker: ['3.51', '3.96', '3.75', '3.63', '6.34']
2026-05-06 05:16:49 | INFO    | dpfl.core.base_simulator | Round  55/150 | Acc: 0.8826 | Loss: 0.3947 | eps_max: 5.19 eps_avg: 3.02 | P: 0.75 R: 1.00 F1: 0.84
2026-05-06 05:16:49 | DEBUG   | dpfl.core.base_simulator | Update norms — honest: ['1.71', '2.69', '0.49', '1.26', '1.23'], attacker: ['3.64', '3.67', '3.64', '3.66', '6.22']
2026-05-06 05:16:52 | INFO    | dpfl.core.base_simulator | Round  56/150 | Acc: 0.8827 | Loss: 0.3940 | eps_max: 5.34 eps_avg: 3.06 | P: 0.76 R: 1.00 F1: 0.83
2026-05-06 05:16:52 | DEBUG   | dpfl.core.base_simulator | Update norms — honest: ['1.96', '1.00', '0.58', '1.71', '0.69'], attacker: ['3.51', '3.94', '3.59', '3.50', '6.41']
2026-05-06 05:16:56 | INFO    | dpfl.core.base_simulator | Round  57/150 | Acc: 0.8830 | Loss: 0.3929 | eps_max: 5.44 eps_avg: 3.09 | P: 0.87 R: 1.00 F1: 0.93
2026-05-06 05:16:56 | DEBUG   | dpfl.core.base_simulator | Update norms — honest: ['0.56', '0.67', '1.33', '1.46', '0.58'], attacker: ['3.65', '3.98', '3.59', '3.52', '6.43']
2026-05-06 05:17:00 | INFO    | dpfl.core.base_simulator | Round  58/150 | Acc: 0.8831 | Loss: 0.3923 | eps_max: 5.55 eps_avg: 3.22 | P: 0.81 R: 1.00 F1: 0.89
2026-05-06 05:17:00 | DEBUG   | dpfl.core.base_simulator | Update norms — honest: ['1.82', '0.54', '0.85', '1.56', '0.85'], attacker: ['3.89', '3.89', '3.55', '3.51', '5.96']
2026-05-06 05:17:04 | INFO    | dpfl.core.base_simulator | Round  59/150 | Acc: 0.8831 | Loss: 0.3920 | eps_max: 5.55 eps_avg: 3.35 | P: 0.78 R: 1.00 F1: 0.86
2026-05-06 05:17:04 | DEBUG   | dpfl.core.base_simulator | Update norms — honest: ['1.44', '1.06', '0.34', '1.16', '2.40'], attacker: ['3.75', '3.96', '3.56', '3.63', '6.44']
2026-05-06 05:17:07 | INFO    | dpfl.core.base_simulator | Round  60/150 | Acc: 0.8831 | Loss: 0.3913 | eps_max: 5.55 eps_avg: 3.43 | P: 0.89 R: 1.00 F1: 0.94
2026-05-06 05:17:07 | DEBUG   | dpfl.core.base_simulator | Update norms — honest: ['1.54', '1.03', '1.53', '1.07', '0.51'], attacker: ['3.51', '3.97', '3.56', '3.49', '6.35']
2026-05-06 05:17:11 | INFO    | dpfl.core.base_simulator | Round  61/150 | Acc: 0.8833 | Loss: 0.3909 | eps_max: 5.55 eps_avg: 3.46 | P: 0.83 R: 1.00 F1: 0.89
2026-05-06 05:17:11 | DEBUG   | dpfl.core.base_simulator | Update norms — honest: ['1.89', '1.03', '0.55', '1.34', '1.75'], attacker: ['3.53', '4.20', '3.83', '3.61', '5.96']
2026-05-06 05:17:15 | INFO    | dpfl.core.base_simulator | Round  62/150 | Acc: 0.8833 | Loss: 0.3907 | eps_max: 5.55 eps_avg: 3.55 | P: 0.75 R: 1.00 F1: 0.82
2026-05-06 05:17:15 | DEBUG   | dpfl.core.base_simulator | Update norms — honest: ['0.99', '0.34', '2.21', '1.90', '1.70'], attacker: ['3.62', '3.95', '3.67', '3.31', '6.49']
2026-05-06 05:17:19 | INFO    | dpfl.core.base_simulator | Round  63/150 | Acc: 0.8833 | Loss: 0.3904 | eps_max: 5.60 eps_avg: 3.63 | P: 0.86 R: 1.00 F1: 0.92
2026-05-06 05:17:19 | DEBUG   | dpfl.core.base_simulator | Update norms — honest: ['1.85', '0.34', '1.94', '2.15', '1.38'], attacker: ['3.78', '3.75', '3.42', '3.55', '6.17']
2026-05-06 05:17:23 | INFO    | dpfl.core.base_simulator | Round  64/150 | Acc: 0.8835 | Loss: 0.3900 | eps_max: 5.60 eps_avg: 3.69 | P: 0.78 R: 1.00 F1: 0.87
2026-05-06 05:17:23 | DEBUG   | dpfl.core.base_simulator | Update norms — honest: ['0.93', '1.31', '1.67', '0.54', '1.27'], attacker: ['3.62', '3.77', '3.62', '3.70', '6.34']
2026-05-06 05:17:27 | INFO    | dpfl.core.base_simulator | Round  65/150 | Acc: 0.8830 | Loss: 0.3907 | eps_max: 5.60 eps_avg: 3.76 | P: 0.86 R: 1.00 F1: 0.92
2026-05-06 05:17:27 | DEBUG   | dpfl.core.base_simulator | Update norms — honest: ['1.92', '1.57', '3.26', '1.73', '0.75'], attacker: ['3.63', '3.93', '3.46', '3.46', '6.15']
2026-05-06 05:17:31 | INFO    | dpfl.core.base_simulator | Round  66/150 | Acc: 0.8833 | Loss: 0.3901 | eps_max: 5.84 eps_avg: 3.81 | P: 0.78 R: 1.00 F1: 0.87
2026-05-06 05:17:31 | DEBUG   | dpfl.core.base_simulator | Update norms — honest: ['0.58', '0.88', '2.24', '1.14', '0.57'], attacker: ['3.66', '3.68', '3.46', '3.41', '6.18']
2026-05-06 05:17:34 | INFO    | dpfl.core.base_simulator | Round  67/150 | Acc: 0.8833 | Loss: 0.3896 | eps_max: 5.84 eps_avg: 3.84 | P: 0.88 R: 1.00 F1: 0.93
2026-05-06 05:17:34 | DEBUG   | dpfl.core.base_simulator | Update norms — honest: ['1.74', '1.24', '1.87', '1.77', '0.56'], attacker: ['3.65', '3.83', '3.72', '3.65', '6.42']
2026-05-06 05:17:38 | INFO    | dpfl.core.base_simulator | Round  68/150 | Acc: 0.8832 | Loss: 0.3899 | eps_max: 6.06 eps_avg: 3.98 | P: 0.78 R: 1.00 F1: 0.86
2026-05-06 05:17:38 | DEBUG   | dpfl.core.base_simulator | Update norms — honest: ['0.34', '2.92', '1.19', '1.89', '0.92'], attacker: ['3.73', '4.01', '3.59', '3.51', '6.35']
2026-05-06 05:17:42 | INFO    | dpfl.core.base_simulator | Round  69/150 | Acc: 0.8829 | Loss: 0.3906 | eps_max: 6.06 eps_avg: 4.07 | P: 0.84 R: 1.00 F1: 0.91
2026-05-06 05:17:42 | DEBUG   | dpfl.core.base_simulator | Update norms — honest: ['0.34', '1.50', '0.77', '1.27', '1.66'], attacker: ['3.50', '3.82', '3.38', '3.46', '6.33']
2026-05-06 05:17:46 | INFO    | dpfl.core.base_simulator | Round  70/150 | Acc: 0.8832 | Loss: 0.3899 | eps_max: 6.48 eps_avg: 4.09 | P: 0.94 R: 1.00 F1: 0.97
2026-05-06 05:17:46 | DEBUG   | dpfl.core.base_simulator | Update norms — honest: ['0.43', '1.02', '0.87', '2.10', '1.01'], attacker: ['3.87', '4.01', '3.67', '3.58', '6.45']
2026-05-06 05:17:49 | INFO    | dpfl.core.base_simulator | Round  71/150 | Acc: 0.8832 | Loss: 0.3897 | eps_max: 6.48 eps_avg: 4.13 | P: 0.88 R: 1.00 F1: 0.94
2026-05-06 05:17:49 | DEBUG   | dpfl.core.base_simulator | Update norms — honest: ['1.45', '1.13', '2.27', '2.86', '1.68'], attacker: ['3.78', '3.69', '3.64', '3.55', '6.20']
2026-05-06 05:17:52 | INFO    | dpfl.core.base_simulator | Round  72/150 | Acc: 0.8833 | Loss: 0.3892 | eps_max: 6.48 eps_avg: 4.14 | P: 0.93 R: 1.00 F1: 0.96
2026-05-06 05:17:52 | DEBUG   | dpfl.core.base_simulator | Update norms — honest: ['1.44', '1.23', '0.94'], attacker: ['3.71', '3.86', '3.41', '3.56', '6.15']
2026-05-06 05:17:56 | INFO    | dpfl.core.base_simulator | Round  73/150 | Acc: 0.8833 | Loss: 0.3894 | eps_max: 6.48 eps_avg: 4.20 | P: 0.89 R: 1.00 F1: 0.94
2026-05-06 05:17:56 | DEBUG   | dpfl.core.base_simulator | Update norms — honest: ['1.89', '1.42', '0.78', '1.52', '1.61'], attacker: ['4.05', '4.04', '3.86', '3.46', '6.36']
2026-05-06 05:18:00 | INFO    | dpfl.core.base_simulator | Round  74/150 | Acc: 0.8830 | Loss: 0.3901 | eps_max: 6.48 eps_avg: 4.28 | P: 0.80 R: 1.00 F1: 0.88
2026-05-06 05:18:00 | DEBUG   | dpfl.core.base_simulator | Update norms — honest: ['2.14', '2.72', '0.59', '1.64', '0.97'], attacker: ['3.41', '4.18', '3.74', '3.41', '6.27']
2026-05-06 05:18:04 | INFO    | dpfl.core.base_simulator | Round  75/150 | Acc: 0.8832 | Loss: 0.3895 | eps_max: 6.48 eps_avg: 4.32 | P: 0.98 R: 1.00 F1: 0.99
2026-05-06 05:18:04 | DEBUG   | dpfl.core.base_simulator | Update norms — honest: ['0.52', '1.82', '2.02', '1.13', '0.91'], attacker: ['3.74', '4.06', '3.75', '3.59', '6.10']
2026-05-06 05:18:07 | INFO    | dpfl.core.base_simulator | Round  76/150 | Acc: 0.8831 | Loss: 0.3899 | eps_max: 6.48 eps_avg: 4.37 | P: 0.77 R: 1.00 F1: 0.86
2026-05-06 05:18:07 | DEBUG   | dpfl.core.base_simulator | Update norms — honest: ['1.96', '1.80', '2.21', '0.68', '1.02'], attacker: ['3.72', '4.12', '3.63', '3.62', '6.22']
2026-05-06 05:18:11 | INFO    | dpfl.core.base_simulator | Round  77/150 | Acc: 0.8830 | Loss: 0.3904 | eps_max: 6.48 eps_avg: 4.43 | P: 0.78 R: 1.00 F1: 0.87
2026-05-06 05:18:11 | DEBUG   | dpfl.core.base_simulator | Update norms — honest: ['0.34', '2.33', '2.07', '2.38', '0.54'], attacker: ['3.93', '4.35', '3.96', '3.56', '6.09']
2026-05-06 05:18:15 | INFO    | dpfl.core.base_simulator | Round  78/150 | Acc: 0.8827 | Loss: 0.3913 | eps_max: 6.48 eps_avg: 4.51 | P: 0.80 R: 1.00 F1: 0.88
2026-05-06 05:18:15 | DEBUG   | dpfl.core.base_simulator | Update norms — honest: ['2.25', '1.38', '1.52', '1.23', '2.84'], attacker: ['3.76', '4.11', '3.72', '3.49', '6.12']
2026-05-06 05:18:19 | INFO    | dpfl.core.base_simulator | Round  79/150 | Acc: 0.8825 | Loss: 0.3917 | eps_max: 6.48 eps_avg: 4.54 | P: 0.91 R: 1.00 F1: 0.95
2026-05-06 05:18:19 | DEBUG   | dpfl.core.base_simulator | Update norms — honest: ['2.33', '3.37', '3.21', '2.30', '1.04'], attacker: ['3.71', '4.09', '3.82', '3.73', '6.26']
2026-05-06 05:18:22 | INFO    | dpfl.core.base_simulator | Round  80/150 | Acc: 0.8827 | Loss: 0.3914 | eps_max: 6.48 eps_avg: 4.59 | P: 0.81 R: 1.00 F1: 0.89
2026-05-06 05:18:22 | DEBUG   | dpfl.core.base_simulator | Update norms — honest: ['0.34', '1.36', '1.01', '1.44', '2.86'], attacker: ['3.67', '3.95', '3.84', '3.70', '6.21']
2026-05-06 05:18:26 | INFO    | dpfl.core.base_simulator | Round  81/150 | Acc: 0.8826 | Loss: 0.3921 | eps_max: 6.48 eps_avg: 4.64 | P: 0.78 R: 1.00 F1: 0.87
2026-05-06 05:18:26 | DEBUG   | dpfl.core.base_simulator | Update norms — honest: ['2.17', '1.75', '1.39', '2.18', '1.24'], attacker: ['3.60', '4.09', '3.67', '3.68', '6.20']
2026-05-06 05:18:30 | INFO    | dpfl.core.base_simulator | Round  82/150 | Acc: 0.8826 | Loss: 0.3919 | eps_max: 6.48 eps_avg: 4.67 | P: 0.91 R: 1.00 F1: 0.95
2026-05-06 05:18:30 | DEBUG   | dpfl.core.base_simulator | Update norms — honest: ['2.69', '0.86', '1.56', '2.34', '1.70'], attacker: ['3.64', '4.03', '3.82', '3.56', '6.31']
2026-05-06 05:18:33 | INFO    | dpfl.core.base_simulator | Round  83/150 | Acc: 0.8827 | Loss: 0.3916 | eps_max: 6.48 eps_avg: 4.68 | P: 0.91 R: 1.00 F1: 0.95
2026-05-06 05:18:33 | DEBUG   | dpfl.core.base_simulator | Update norms — honest: ['1.63', '1.51', '1.46'], attacker: ['3.45', '4.03', '3.90', '3.65', '6.19']
2026-05-06 05:18:37 | INFO    | dpfl.core.base_simulator | Round  84/150 | Acc: 0.8825 | Loss: 0.3924 | eps_max: 6.48 eps_avg: 4.73 | P: 0.85 R: 1.00 F1: 0.92
2026-05-06 05:18:37 | DEBUG   | dpfl.core.base_simulator | Update norms — honest: ['1.45', '3.20', '1.49', '1.30', '2.30'], attacker: ['4.03', '4.06', '3.69', '3.81', '6.06']
2026-05-06 05:18:40 | INFO    | dpfl.core.base_simulator | Round  85/150 | Acc: 0.8825 | Loss: 0.3922 | eps_max: 6.48 eps_avg: 4.77 | P: 0.93 R: 1.00 F1: 0.96
2026-05-06 05:18:40 | DEBUG   | dpfl.core.base_simulator | Update norms — honest: ['0.64', '1.28', '2.69', '0.72', '2.24'], attacker: ['3.75', '4.17', '3.51', '3.74', '6.27']
2026-05-06 05:18:44 | INFO    | dpfl.core.base_simulator | Round  86/150 | Acc: 0.8786 | Loss: 206.1700 | eps_max: 6.90 eps_avg: 4.81 | P: 0.87 R: 1.00 F1: 0.92
2026-05-06 05:18:44 | DEBUG   | dpfl.core.base_simulator | Update norms — honest: ['2.65', '1.28', '1.22', '2.76', '2.77'], attacker: ['8.55', '7.93', '6.66', '6.89', '10.25']
2026-05-06 05:18:48 | INFO    | dpfl.core.base_simulator | Round  87/150 | Acc: 0.8788 | Loss: 11.1657 | eps_max: 6.90 eps_avg: 4.84 | P: 0.80 R: 1.00 F1: 0.88
2026-05-06 05:18:48 | DEBUG   | dpfl.core.base_simulator | Update norms — honest: ['0.49', '1.12', '1.69', '2.40', '2.16'], attacker: ['7.94', '6.99', '6.18', '6.82', '10.44']
2026-05-06 05:18:51 | INFO    | dpfl.core.base_simulator | Round  88/150 | Acc: 0.8793 | Loss: 8.7737 | eps_max: 6.90 eps_avg: 4.85 | P: 0.84 R: 1.00 F1: 0.90
2026-05-06 05:18:51 | DEBUG   | dpfl.core.base_simulator | Update norms — honest: ['0.72', '1.71', '1.73', '0.33', '0.93'], attacker: ['8.09', '7.22', '6.64', '6.35', '10.28']
2026-05-06 05:18:55 | INFO    | dpfl.core.base_simulator | Round  89/150 | Acc: 0.8795 | Loss: 3.7174 | eps_max: 6.90 eps_avg: 4.87 | P: 0.80 R: 1.00 F1: 0.85
2026-05-06 05:18:55 | DEBUG   | dpfl.core.base_simulator | Update norms — honest: ['3.52', '1.25', '1.10', '1.53', '1.52'], attacker: ['19.21', '19.93', '17.27', '30.44', '21.25']
2026-05-06 05:18:58 | INFO    | dpfl.core.base_simulator | Round  90/150 | Acc: 0.8792 | Loss: 4.3353 | eps_max: 6.90 eps_avg: 4.92 | P: 0.82 R: 1.00 F1: 0.89
2026-05-06 05:18:58 | DEBUG   | dpfl.core.base_simulator | Update norms — honest: ['0.92', '3.16', '1.56', '1.13', '1.70'], attacker: ['19.36', '19.97', '17.30', '30.58', '20.85']
2026-05-06 05:19:02 | INFO    | dpfl.core.base_simulator | Round  91/150 | Acc: 0.8796 | Loss: 3.3078 | eps_max: 6.90 eps_avg: 4.99 | P: 0.72 R: 1.00 F1: 0.82
2026-05-06 05:19:02 | DEBUG   | dpfl.core.base_simulator | Update norms — honest: ['2.06', '2.51', '0.97', '2.12', '2.23'], attacker: ['19.15', '19.58', '16.97', '30.75', '58.64']
2026-05-06 05:19:06 | INFO    | dpfl.core.base_simulator | Round  92/150 | Acc: 0.8802 | Loss: 2.0483 | eps_max: 6.90 eps_avg: 5.02 | P: 0.81 R: 1.00 F1: 0.88
2026-05-06 05:19:06 | DEBUG   | dpfl.core.base_simulator | Update norms — honest: ['1.81', '1.72', '1.22', '1.94', '1.47'], attacker: ['19.17', '19.63', '17.03', '30.96', '59.49']
2026-05-06 05:19:10 | INFO    | dpfl.core.base_simulator | Round  93/150 | Acc: 0.8812 | Loss: 0.8759 | eps_max: 7.30 eps_avg: 5.07 | P: 0.86 R: 1.00 F1: 0.92
2026-05-06 05:19:10 | DEBUG   | dpfl.core.base_simulator | Update norms — honest: ['2.00', '2.48', '1.09', '2.32', '1.52'], attacker: ['19.40', '19.77', '17.31', '31.19', '58.59']
2026-05-06 05:19:14 | INFO    | dpfl.core.base_simulator | Round  94/150 | Acc: 0.8803 | Loss: 1.0909 | eps_max: 7.30 eps_avg: 5.10 | P: 0.74 R: 1.00 F1: 0.84
2026-05-06 05:19:14 | DEBUG   | dpfl.core.base_simulator | Update norms — honest: ['2.32', '2.41', '2.48', '0.68', '1.42'], attacker: ['19.00', '18.93', '16.91', '31.01', '59.35']
2026-05-06 05:19:17 | INFO    | dpfl.core.base_simulator | Round  95/150 | Acc: 0.8812 | Loss: 0.6158 | eps_max: 7.30 eps_avg: 5.15 | P: 0.89 R: 1.00 F1: 0.94
2026-05-06 05:19:17 | DEBUG   | dpfl.core.base_simulator | Update norms — honest: ['3.13', '1.28', '1.62', '0.34', '1.67'], attacker: ['19.18', '19.52', '17.40', '31.01', '59.25']
2026-05-06 05:19:21 | INFO    | dpfl.core.base_simulator | Round  96/150 | Acc: 0.8812 | Loss: 0.9139 | eps_max: 7.30 eps_avg: 5.19 | P: 0.74 R: 1.00 F1: 0.82
2026-05-06 05:19:21 | DEBUG   | dpfl.core.base_simulator | Update norms — honest: ['1.34', '2.27', '1.73', '1.56', '1.19'], attacker: ['19.30', '19.50', '16.85', '30.80', '58.49']
2026-05-06 05:19:25 | INFO    | dpfl.core.base_simulator | Round  97/150 | Acc: 0.8811 | Loss: 0.6271 | eps_max: 7.30 eps_avg: 5.23 | P: 0.81 R: 1.00 F1: 0.86
2026-05-06 05:19:25 | DEBUG   | dpfl.core.base_simulator | Update norms — honest: ['1.58', '1.07', '2.79', '1.36', '1.07'], attacker: ['18.83', '19.59', '17.34', '30.44', '58.50']
2026-05-06 05:19:29 | INFO    | dpfl.core.base_simulator | Round  98/150 | Acc: 0.8813 | Loss: 0.5511 | eps_max: 7.30 eps_avg: 5.26 | P: 0.81 R: 1.00 F1: 0.88
2026-05-06 05:19:29 | DEBUG   | dpfl.core.base_simulator | Update norms — honest: ['1.26', '1.97', '1.75', '1.75', '3.23'], attacker: ['19.09', '19.39', '16.76', '30.62', '59.10']
2026-05-06 05:19:32 | INFO    | dpfl.core.base_simulator | Round  99/150 | Acc: 0.8815 | Loss: 0.5445 | eps_max: 7.30 eps_avg: 5.28 | P: 0.84 R: 1.00 F1: 0.90
2026-05-06 05:19:32 | DEBUG   | dpfl.core.base_simulator | Update norms — honest: ['1.75', '0.86', '1.21', '1.28', '1.96'], attacker: ['19.49', '19.62', '17.62', '30.56', '58.61']
2026-05-06 05:19:36 | INFO    | dpfl.core.base_simulator | Round 100/150 | Acc: 0.8808 | Loss: 0.6555 | eps_max: 7.30 eps_avg: 5.30 | P: 0.88 R: 1.00 F1: 0.93
2026-05-06 05:19:36 | DEBUG   | dpfl.core.base_simulator | Update norms — honest: ['1.54', '2.03', '2.56', '2.11', '2.38'], attacker: ['18.62', '19.84', '16.98', '31.10', '59.08']
2026-05-06 05:19:39 | INFO    | dpfl.core.base_simulator | Round 101/150 | Acc: 0.8811 | Loss: 0.5828 | eps_max: 7.30 eps_avg: 5.33 | P: 0.79 R: 1.00 F1: 0.87
2026-05-06 05:19:39 | DEBUG   | dpfl.core.base_simulator | Update norms — honest: ['2.99', '1.75', '1.91', '1.47', '1.68'], attacker: ['19.15', '19.50', '17.09', '30.97', '59.10']
2026-05-06 05:19:43 | INFO    | dpfl.core.base_simulator | Round 102/150 | Acc: 0.8806 | Loss: 0.7122 | eps_max: 7.42 eps_avg: 5.35 | P: 0.75 R: 1.00 F1: 0.83
2026-05-06 05:19:43 | DEBUG   | dpfl.core.base_simulator | Update norms — honest: ['1.96', '0.56', '1.48', '1.06', '2.02'], attacker: ['19.57', '20.40', '17.81', '30.59', '59.45']
2026-05-06 05:19:47 | INFO    | dpfl.core.base_simulator | Round 103/150 | Acc: 0.8810 | Loss: 0.6385 | eps_max: 7.42 eps_avg: 5.38 | P: 0.81 R: 1.00 F1: 0.89
2026-05-06 05:19:47 | DEBUG   | dpfl.core.base_simulator | Update norms — honest: ['2.37', '2.12', '1.01', '0.40', '2.58'], attacker: ['19.40', '19.52', '18.24', '30.34', '58.80']
2026-05-06 05:19:51 | INFO    | dpfl.core.base_simulator | Round 104/150 | Acc: 0.8806 | Loss: 0.6717 | eps_max: 7.42 eps_avg: 5.43 | P: 0.81 R: 1.00 F1: 0.88
2026-05-06 05:19:51 | DEBUG   | dpfl.core.base_simulator | Update norms — honest: ['1.49', '0.34', '1.95', '1.60', '1.42'], attacker: ['19.93', '19.83', '17.49', '30.79', '59.40']
2026-05-06 05:19:55 | INFO    | dpfl.core.base_simulator | Round 105/150 | Acc: 0.8810 | Loss: 0.5432 | eps_max: 7.42 eps_avg: 5.46 | P: 0.91 R: 1.00 F1: 0.95
2026-05-06 05:19:55 | DEBUG   | dpfl.core.base_simulator | Update norms — honest: ['0.93', '0.82', '1.29', '2.41', '2.52'], attacker: ['19.86', '20.02', '17.33', '30.89', '59.26']
2026-05-06 05:19:58 | INFO    | dpfl.core.base_simulator | Round 106/150 | Acc: 0.8807 | Loss: 0.6054 | eps_max: 7.42 eps_avg: 5.47 | P: 0.94 R: 1.00 F1: 0.97
2026-05-06 05:19:58 | DEBUG   | dpfl.core.base_simulator | Update norms — honest: ['0.69', '3.11', '1.34', '3.44'], attacker: ['19.48', '19.55', '17.35', '31.09', '59.71']
2026-05-06 05:20:02 | INFO    | dpfl.core.base_simulator | Round 107/150 | Acc: 0.8805 | Loss: 0.5692 | eps_max: 7.45 eps_avg: 5.50 | P: 0.80 R: 1.00 F1: 0.89
2026-05-06 05:20:02 | DEBUG   | dpfl.core.base_simulator | Update norms — honest: ['2.35', '3.01', '2.77', '0.76', '1.20'], attacker: ['18.82', '19.33', '17.10', '30.97', '58.81']
2026-05-06 05:20:06 | INFO    | dpfl.core.base_simulator | Round 108/150 | Acc: 0.8804 | Loss: 0.5201 | eps_max: 7.45 eps_avg: 5.52 | P: 0.74 R: 1.00 F1: 0.83
2026-05-06 05:20:06 | DEBUG   | dpfl.core.base_simulator | Update norms — honest: ['2.66', '2.34', '1.80', '1.83', '1.02'], attacker: ['19.67', '19.57', '17.72', '31.07', '59.37']
2026-05-06 05:20:09 | INFO    | dpfl.core.base_simulator | Round 109/150 | Acc: 0.8796 | Loss: 0.6946 | eps_max: 7.45 eps_avg: 5.53 | P: 0.97 R: 1.00 F1: 0.98
2026-05-06 05:20:09 | DEBUG   | dpfl.core.base_simulator | Update norms — honest: ['3.24', '2.68', '1.55', '2.41', '1.48'], attacker: ['18.99', '19.79', '17.46', '30.85', '58.56']
2026-05-06 05:20:13 | INFO    | dpfl.core.base_simulator | Round 110/150 | Acc: 0.8799 | Loss: 0.5414 | eps_max: 7.45 eps_avg: 5.58 | P: 0.76 R: 1.00 F1: 0.86
2026-05-06 05:20:13 | DEBUG   | dpfl.core.base_simulator | Update norms — honest: ['1.66', '2.21', '0.43', '3.94', '0.76'], attacker: ['19.56', '19.34', '17.58', '30.88', '58.64']
2026-05-06 05:20:17 | INFO    | dpfl.core.base_simulator | Round 111/150 | Acc: 0.8796 | Loss: 0.5964 | eps_max: 7.45 eps_avg: 5.62 | P: 0.85 R: 1.00 F1: 0.92
2026-05-06 05:20:17 | DEBUG   | dpfl.core.base_simulator | Update norms — honest: ['2.74', '2.56', '2.00', '2.16', '1.48'], attacker: ['19.09', '19.71', '17.49', '30.91', '58.53']
2026-05-06 05:20:21 | INFO    | dpfl.core.base_simulator | Round 112/150 | Acc: 0.8799 | Loss: 0.5254 | eps_max: 7.45 eps_avg: 5.64 | P: 0.80 R: 1.00 F1: 0.86
2026-05-06 05:20:21 | DEBUG   | dpfl.core.base_simulator | Update norms — honest: ['3.08', '0.53', '2.05', '2.84', '1.73'], attacker: ['19.68', '19.74', '17.14', '30.82', '58.59']
2026-05-06 05:20:24 | INFO    | dpfl.core.base_simulator | Round 113/150 | Acc: 0.8801 | Loss: 0.5169 | eps_max: 7.45 eps_avg: 5.65 | P: 0.93 R: 1.00 F1: 0.96
2026-05-06 05:20:24 | DEBUG   | dpfl.core.base_simulator | Update norms — honest: ['1.52', '1.14', '2.44', '2.00'], attacker: ['18.87', '19.81', '17.70', '30.47', '58.64']
2026-05-06 05:20:28 | INFO    | dpfl.core.base_simulator | Round 114/150 | Acc: 0.8793 | Loss: 0.5675 | eps_max: 7.45 eps_avg: 5.68 | P: 0.71 R: 1.00 F1: 0.82
2026-05-06 05:20:28 | DEBUG   | dpfl.core.base_simulator | Update norms — honest: ['2.67', '2.98', '1.36', '1.75', '1.00'], attacker: ['77.91', '61.13', '80.09', '67.00', '91.51']
2026-05-06 05:20:32 | INFO    | dpfl.core.base_simulator | Round 115/150 | Acc: 0.8791 | Loss: 0.6388 | eps_max: 7.45 eps_avg: 5.70 | P: 0.85 R: 1.00 F1: 0.92
2026-05-06 05:20:32 | DEBUG   | dpfl.core.base_simulator | Update norms — honest: ['0.37', '2.35', '2.17', '2.72', '0.60'], attacker: ['78.14', '61.86', '80.15', '67.22', '90.74']
2026-05-06 05:20:35 | INFO    | dpfl.core.base_simulator | Round 116/150 | Acc: 0.8793 | Loss: 0.5580 | eps_max: 7.45 eps_avg: 5.72 | P: 0.86 R: 1.00 F1: 0.92
2026-05-06 05:20:35 | DEBUG   | dpfl.core.base_simulator | Update norms — honest: ['0.69', '1.90', '1.06', '1.61', '2.19'], attacker: ['77.99', '60.61', '80.01', '66.73', '90.59']
2026-05-06 05:20:39 | INFO    | dpfl.core.base_simulator | Round 117/150 | Acc: 0.8784 | Loss: 0.5840 | eps_max: 7.45 eps_avg: 5.76 | P: 0.77 R: 1.00 F1: 0.86
2026-05-06 05:20:39 | DEBUG   | dpfl.core.base_simulator | Update norms — honest: ['0.94', '2.93', '2.19', '3.93', '2.94'], attacker: ['78.02', '60.78', '79.73', '67.42', '91.14']
2026-05-06 05:20:43 | INFO    | dpfl.core.base_simulator | Round 118/150 | Acc: 0.8791 | Loss: 0.5219 | eps_max: 7.45 eps_avg: 5.80 | P: 0.94 R: 1.00 F1: 0.97
2026-05-06 05:20:43 | DEBUG   | dpfl.core.base_simulator | Update norms — honest: ['1.99', '1.11', '2.42', '1.72', '2.78'], attacker: ['78.11', '62.02', '79.65', '66.05', '91.21']
2026-05-06 05:20:47 | INFO    | dpfl.core.base_simulator | Round 119/150 | Acc: 0.8785 | Loss: 0.5334 | eps_max: 7.45 eps_avg: 5.85 | P: 0.77 R: 1.00 F1: 0.86
2026-05-06 05:20:47 | DEBUG   | dpfl.core.base_simulator | Update norms — honest: ['2.05', '2.52', '1.92', '1.40', '2.61'], attacker: ['78.04', '61.16', '80.04', '67.39', '91.17']
2026-05-06 05:20:51 | INFO    | dpfl.core.base_simulator | Round 120/150 | Acc: 0.8787 | Loss: 0.5137 | eps_max: 7.45 eps_avg: 5.88 | P: 0.79 R: 1.00 F1: 0.87
2026-05-06 05:20:51 | DEBUG   | dpfl.core.base_simulator | Update norms — honest: ['1.12', '1.96', '2.74', '2.55', '1.76'], attacker: ['78.25', '61.52', '80.15', '67.02', '91.00']
2026-05-06 05:20:54 | INFO    | dpfl.core.base_simulator | Round 121/150 | Acc: 0.8782 | Loss: 0.5060 | eps_max: 7.46 eps_avg: 5.91 | P: 0.76 R: 1.00 F1: 0.84
2026-05-06 05:20:54 | DEBUG   | dpfl.core.base_simulator | Update norms — honest: ['2.51', '3.41', '3.03', '0.90', '1.88'], attacker: ['77.90', '61.37', '79.67', '67.07', '91.07']
2026-05-06 05:20:58 | INFO    | dpfl.core.base_simulator | Round 122/150 | Acc: 0.8776 | Loss: 0.5133 | eps_max: 7.46 eps_avg: 5.93 | P: 0.86 R: 1.00 F1: 0.92
2026-05-06 05:20:58 | DEBUG   | dpfl.core.base_simulator | Update norms — honest: ['3.28', '3.48', '1.91', '2.49', '1.57'], attacker: ['77.81', '61.90', '80.20', '66.62', '90.53']
2026-05-06 05:21:02 | INFO    | dpfl.core.base_simulator | Round 123/150 | Acc: 0.8777 | Loss: 0.5282 | eps_max: 7.46 eps_avg: 5.95 | P: 0.82 R: 1.00 F1: 0.88
2026-05-06 05:21:02 | DEBUG   | dpfl.core.base_simulator | Update norms — honest: ['1.05', '3.38', '1.60', '1.65', '2.01'], attacker: ['77.75', '61.09', '79.85', '67.56', '91.69']
2026-05-06 05:21:05 | INFO    | dpfl.core.base_simulator | Round 124/150 | Acc: 0.8777 | Loss: 0.5139 | eps_max: 7.46 eps_avg: 5.96 | P: 0.84 R: 1.00 F1: 0.89
2026-05-06 05:21:05 | DEBUG   | dpfl.core.base_simulator | Update norms — honest: ['3.76', '2.45', '2.67', '1.79', '1.32'], attacker: ['78.16', '61.22', '79.72', '67.08', '91.03']
2026-05-06 05:21:09 | INFO    | dpfl.core.base_simulator | Round 125/150 | Acc: 0.8780 | Loss: 0.5080 | eps_max: 7.46 eps_avg: 5.98 | P: 0.89 R: 1.00 F1: 0.94
2026-05-06 05:21:09 | DEBUG   | dpfl.core.base_simulator | Update norms — honest: ['1.35', '2.15', '1.93', '2.63', '2.83'], attacker: ['78.03', '61.62', '79.68', '66.48', '90.70']
2026-05-06 05:21:13 | INFO    | dpfl.core.base_simulator | Round 126/150 | Acc: 0.8779 | Loss: 0.5139 | eps_max: 7.46 eps_avg: 6.00 | P: 0.92 R: 1.00 F1: 0.96
2026-05-06 05:21:13 | DEBUG   | dpfl.core.base_simulator | Update norms — honest: ['1.47', '1.30', '1.56', '2.38', '2.04'], attacker: ['78.31', '61.03', '79.66', '66.68', '90.63']
2026-05-06 05:21:17 | INFO    | dpfl.core.base_simulator | Round 127/150 | Acc: 0.8773 | Loss: 0.6019 | eps_max: 7.54 eps_avg: 6.01 | P: 0.89 R: 1.00 F1: 0.94
2026-05-06 05:21:17 | DEBUG   | dpfl.core.base_simulator | Update norms — honest: ['2.31', '1.30', '1.98', '2.58', '1.72'], attacker: ['78.26', '61.08', '79.61', '67.70', '90.78']
2026-05-06 05:21:20 | INFO    | dpfl.core.base_simulator | Round 128/150 | Acc: 0.8774 | Loss: 0.5087 | eps_max: 7.57 eps_avg: 6.04 | P: 0.81 R: 1.00 F1: 0.88
2026-05-06 05:21:20 | DEBUG   | dpfl.core.base_simulator | Update norms — honest: ['3.97', '3.24', '2.00', '2.15', '1.28'], attacker: ['77.66', '61.65', '79.89', '67.11', '90.55']
2026-05-06 05:21:24 | INFO    | dpfl.core.base_simulator | Round 129/150 | Acc: 0.8776 | Loss: 0.5067 | eps_max: 7.57 eps_avg: 6.07 | P: 0.78 R: 1.00 F1: 0.85
2026-05-06 05:21:24 | DEBUG   | dpfl.core.base_simulator | Update norms — honest: ['1.27', '0.77', '2.05', '0.82', '1.29'], attacker: ['78.12', '61.35', '79.97', '67.28', '91.09']
2026-05-06 05:21:28 | INFO    | dpfl.core.base_simulator | Round 130/150 | Acc: 0.8775 | Loss: 0.5326 | eps_max: 7.57 eps_avg: 6.09 | P: 0.79 R: 1.00 F1: 0.86
2026-05-06 05:21:28 | DEBUG   | dpfl.core.base_simulator | Update norms — honest: ['2.33', '1.27', '1.39', '2.32', '1.50'], attacker: ['77.94', '61.80', '79.69', '66.85', '90.63']
2026-05-06 05:21:32 | INFO    | dpfl.core.base_simulator | Round 131/150 | Acc: 0.8769 | Loss: 0.5446 | eps_max: 7.66 eps_avg: 6.10 | P: 0.85 R: 1.00 F1: 0.91
2026-05-06 05:21:32 | DEBUG   | dpfl.core.base_simulator | Update norms — honest: ['1.21', '1.80', '0.87', '3.21', '3.27'], attacker: ['77.92', '61.94', '80.10', '67.38', '90.91']
2026-05-06 05:21:35 | INFO    | dpfl.core.base_simulator | Round 132/150 | Acc: 0.8771 | Loss: 0.5110 | eps_max: 7.69 eps_avg: 6.11 | P: 0.83 R: 1.00 F1: 0.89
2026-05-06 05:21:35 | DEBUG   | dpfl.core.base_simulator | Update norms — honest: ['1.70', '2.09', '2.57', '3.43', '3.43'], attacker: ['78.38', '61.75', '80.10', '67.39', '91.22']
2026-05-06 05:21:39 | INFO    | dpfl.core.base_simulator | Round 133/150 | Acc: 0.8765 | Loss: 0.5235 | eps_max: 7.82 eps_avg: 6.14 | P: 0.73 R: 1.00 F1: 0.84
2026-05-06 05:21:39 | DEBUG   | dpfl.core.base_simulator | Update norms — honest: ['4.01', '2.99', '2.42', '1.99', '2.43'], attacker: ['222.54', '242.47', '213.13', '274.90', '249.45']
2026-05-06 05:21:43 | INFO    | dpfl.core.base_simulator | Round 134/150 | Acc: 0.8761 | Loss: 0.5157 | eps_max: 7.82 eps_avg: 6.17 | P: 0.80 R: 1.00 F1: 0.88
2026-05-06 05:21:43 | DEBUG   | dpfl.core.base_simulator | Update norms — honest: ['3.40', '1.78', '1.99', '1.79', '2.53'], attacker: ['223.79', '241.68', '210.24', '273.99', '248.39']
2026-05-06 05:21:47 | INFO    | dpfl.core.base_simulator | Round 135/150 | Acc: 0.8758 | Loss: 0.5736 | eps_max: 7.82 eps_avg: 6.19 | P: 0.88 R: 1.00 F1: 0.93
2026-05-06 05:21:47 | DEBUG   | dpfl.core.base_simulator | Update norms — honest: ['0.99', '2.75', '1.93', '1.91', '2.62'], attacker: ['223.51', '241.92', '212.78', '275.07', '248.89']
2026-05-06 05:21:50 | INFO    | dpfl.core.base_simulator | Round 136/150 | Acc: 0.8757 | Loss: 0.5335 | eps_max: 7.82 eps_avg: 6.21 | P: 0.71 R: 1.00 F1: 0.80
2026-05-06 05:21:50 | DEBUG   | dpfl.core.base_simulator | Update norms — honest: ['0.00', '3.55', '2.31', '3.07', '1.98'], attacker: ['223.92', '243.21', '209.88', '274.90', '248.10']
2026-05-06 05:21:54 | INFO    | dpfl.core.base_simulator | Round 137/150 | Acc: 0.8761 | Loss: 0.5362 | eps_max: 7.82 eps_avg: 6.23 | P: 0.95 R: 1.00 F1: 0.98
2026-05-06 05:21:54 | DEBUG   | dpfl.core.base_simulator | Update norms — honest: ['2.01', '1.05', '1.26', '1.91', '2.30'], attacker: ['224.11', '243.34', '210.84', '274.59', '248.37']
2026-05-06 05:21:58 | INFO    | dpfl.core.base_simulator | Round 138/150 | Acc: 0.8757 | Loss: 0.5225 | eps_max: 7.82 eps_avg: 6.25 | P: 0.82 R: 1.00 F1: 0.88
2026-05-06 05:21:58 | DEBUG   | dpfl.core.base_simulator | Update norms — honest: ['2.72', '3.03', '3.54', '4.17', '2.20'], attacker: ['223.73', '242.03', '211.72', '276.20', '248.90']
2026-05-06 05:22:01 | INFO    | dpfl.core.base_simulator | Round 139/150 | Acc: 0.8756 | Loss: 0.5238 | eps_max: 7.82 eps_avg: 6.26 | P: 0.85 R: 1.00 F1: 0.90
2026-05-06 05:22:01 | DEBUG   | dpfl.core.base_simulator | Update norms — honest: ['3.22', '2.19', '2.18', '1.82', '1.56'], attacker: ['223.76', '241.68', '211.36', '273.03', '247.65']
2026-05-06 05:22:05 | INFO    | dpfl.core.base_simulator | Round 140/150 | Acc: 0.8751 | Loss: 0.5265 | eps_max: 7.82 eps_avg: 6.29 | P: 0.79 R: 1.00 F1: 0.87
2026-05-06 05:22:05 | DEBUG   | dpfl.core.base_simulator | Update norms — honest: ['2.54', '2.26', '3.73', '2.38', '2.43'], attacker: ['224.44', '242.39', '210.40', '275.74', '250.05']
2026-05-06 05:22:09 | INFO    | dpfl.core.base_simulator | Round 141/150 | Acc: 0.8751 | Loss: 0.6465 | eps_max: 7.82 eps_avg: 6.30 | P: 0.95 R: 1.00 F1: 0.97
2026-05-06 05:22:09 | DEBUG   | dpfl.core.base_simulator | Update norms — honest: ['2.92', '1.05', '1.39', '1.19', '2.01'], attacker: ['224.58', '241.13', '212.57', '273.15', '247.89']
2026-05-06 05:22:13 | INFO    | dpfl.core.base_simulator | Round 142/150 | Acc: 0.8749 | Loss: 0.5360 | eps_max: 7.82 eps_avg: 6.32 | P: 0.60 R: 1.00 F1: 0.72
2026-05-06 05:22:13 | DEBUG   | dpfl.core.base_simulator | Update norms — honest: ['3.37', '2.74', '2.70', '1.46', '1.51'], attacker: ['223.49', '241.19', '212.73', '274.62', '249.90']
2026-05-06 05:22:16 | INFO    | dpfl.core.base_simulator | Round 143/150 | Acc: 0.8752 | Loss: 0.5239 | eps_max: 7.82 eps_avg: 6.36 | P: 0.78 R: 1.00 F1: 0.86
2026-05-06 05:22:16 | DEBUG   | dpfl.core.base_simulator | Update norms — honest: ['2.35', '1.59', '2.16', '1.89', '1.79'], attacker: ['224.92', '241.58', '213.46', '275.49', '249.75']
2026-05-06 05:22:20 | INFO    | dpfl.core.base_simulator | Round 144/150 | Acc: 0.8751 | Loss: 0.5273 | eps_max: 7.82 eps_avg: 6.38 | P: 0.77 R: 1.00 F1: 0.85
2026-05-06 05:22:20 | DEBUG   | dpfl.core.base_simulator | Update norms — honest: ['2.37', '2.33', '1.73', '1.75', '1.79'], attacker: ['224.05', '242.15', '209.23', '272.49', '248.98']
2026-05-06 05:22:24 | INFO    | dpfl.core.base_simulator | Round 145/150 | Acc: 0.8749 | Loss: 0.5459 | eps_max: 7.82 eps_avg: 6.41 | P: 0.87 R: 1.00 F1: 0.93
2026-05-06 05:22:24 | DEBUG   | dpfl.core.base_simulator | Update norms — honest: ['2.06', '3.07', '2.27', '2.49', '2.09'], attacker: ['224.78', '242.64', '210.95', '275.91', '248.58']
2026-05-06 05:22:27 | INFO    | dpfl.core.base_simulator | Round 146/150 | Acc: 0.8746 | Loss: 0.5352 | eps_max: 7.82 eps_avg: 6.43 | P: 0.80 R: 1.00 F1: 0.88
2026-05-06 05:22:27 | DEBUG   | dpfl.core.base_simulator | Update norms — honest: ['1.76', '2.05', '3.95', '3.06', '1.67'], attacker: ['862.96', '943.99', '834.95', '790.94', '852.62']
2026-05-06 05:22:31 | INFO    | dpfl.core.base_simulator | Round 147/150 | Acc: 0.8747 | Loss: 0.5274 | eps_max: 7.82 eps_avg: 6.45 | P: 0.86 R: 1.00 F1: 0.91
2026-05-06 05:22:31 | DEBUG   | dpfl.core.base_simulator | Update norms — honest: ['1.39', '2.29', '3.08', '1.62', '1.94'], attacker: ['827.23', '951.47', '841.52', '749.14', '867.07']
2026-05-06 05:22:35 | INFO    | dpfl.core.base_simulator | Round 148/150 | Acc: 0.8743 | Loss: 0.5382 | eps_max: 7.82 eps_avg: 6.48 | P: 0.78 R: 1.00 F1: 0.87
2026-05-06 05:22:35 | DEBUG   | dpfl.core.base_simulator | Update norms — honest: ['1.92', '0.94', '2.56', '1.01', '1.80'], attacker: ['837.28', '922.86', '800.79', '766.22', '868.81']
2026-05-06 05:22:39 | INFO    | dpfl.core.base_simulator | Round 149/150 | Acc: 0.8742 | Loss: 0.5314 | eps_max: 7.82 eps_avg: 6.49 | P: 0.92 R: 1.00 F1: 0.96
2026-05-06 05:22:39 | DEBUG   | dpfl.core.base_simulator | Update norms — honest: ['0.72', '5.11', '2.15', '3.45', '2.36'], attacker: ['839.40', '939.58', '824.09', '771.07', '847.08']
2026-05-06 05:22:42 | INFO    | dpfl.core.base_simulator | Round 150/150 | Acc: 0.8733 | Loss: 0.7685 | eps_max: 7.82 eps_avg: 6.51 | P: 0.86 R: 1.00 F1: 0.93
2026-05-06 05:22:42 | DEBUG   | dpfl.core.base_simulator | Update norms — honest: ['3.25', '2.97', '1.98', '1.89', '4.25'], attacker: ['822.99', '923.37', '836.83', '752.53', '839.65']
2026-05-06 05:22:44 | INFO    | dpfl | Experiment complete in 1029.8s
============================================================
REPORT: DP-SGD Decentralized Federated Learning
============================================================
Timestamp:                  20260506_050533
Rounds completed:           150
Attack-active rounds:       100  (from round 50)
Final accuracy:             0.8733
Final test loss:            0.7685
Final epsilon (max honest): 7.82
Final epsilon (avg honest): 6.51
Best alpha:                 1000.0
Avg precision:              0.8318
Avg recall:                 1.0000
Avg F1 score:               0.8961
Avg update norm (honest):   1.5122
Avg update norm (attacker): 36441.8341

eps_system (max honest): 7.8185
eps_avg (honest):        6.5094
eps_std (honest):        0.7867
n_frozen:                0/200
============================================================
