2026-05-07 16:39:40 | INFO    | dpfl | Experiment start: algorithm=noise_game, dataset=mnist, model=mlp, device=cuda
2026-05-07 16:39:40 | INFO    | dpfl | Config: nodes=500, attackers=200, rounds=150, noise_mode=none, attack=scale
2026-05-07 16:39:40 | INFO    | dpfl.data.mnist_dataset | Loading MNIST dataset...
2026-05-07 16:39:40 | INFO    | dpfl.data.mnist_dataset | MNIST loaded: 60000 train, 10000 test samples
2026-05-07 16:40:26 | INFO    | dpfl.core.base_simulator | Vectorized state ready: param_spec.D=50890, X_test=(10000, 1, 28, 28), train clients N=500, max_n_samples=1000
2026-05-07 16:40:26 | INFO    | dpfl.core.base_simulator | Setup complete: 500 nodes (200 attackers), param_dim=50890, split=iid
2026-05-07 16:40:26 | DEBUG   | dpfl.core.base_simulator | Attacker IDs: {0, 1, 2, 3, 4, 5, 6, 7, 8, 9, 10, 11, 12, 13, 14, 15, 16, 17, 18, 19, 20, 21, 22, 23, 24, 25, 26, 27, 28, 29, 30, 31, 32, 33, 34, 35, 36, 37, 38, 39, 40, 41, 42, 43, 44, 45, 46, 47, 48, 49, 50, 51, 52, 53, 54, 55, 56, 57, 58, 59, 60, 61, 62, 63, 64, 65, 66, 67, 68, 69, 70, 71, 72, 73, 74, 75, 76, 77, 78, 79, 80, 81, 82, 83, 84, 85, 86, 87, 88, 89, 90, 91, 92, 93, 94, 95, 96, 97, 98, 99, 100, 101, 102, 103, 104, 105, 106, 107, 108, 109, 110, 111, 112, 113, 114, 115, 116, 117, 118, 119, 120, 121, 122, 123, 124, 125, 126, 127, 128, 129, 130, 131, 132, 133, 134, 135, 136, 137, 138, 139, 140, 141, 142, 143, 144, 145, 146, 147, 148, 149, 150, 151, 152, 153, 154, 155, 156, 157, 158, 159, 160, 161, 162, 163, 164, 165, 166, 167, 168, 169, 170, 171, 172, 173, 174, 175, 176, 177, 178, 179, 180, 181, 182, 183, 184, 185, 186, 187, 188, 189, 190, 191, 192, 193, 194, 195, 196, 197, 198, 199}
2026-05-07 16:40:34 | INFO    | dpfl.core.base_simulator | Round   1/150 | Acc: 0.3801 | Loss: 2.0956 | eps_max: 1.91 eps_avg: 0.79 | P: 0.00 R: nan F1: nan
2026-05-07 16:40:34 | DEBUG   | dpfl.core.base_simulator | Update norms — honest: ['0.56', '0.56', '0.56', '0.56', '0.57'], attacker: ['0.56', '0.57', '0.57', '0.56', '0.56']
2026-05-07 16:40:41 | INFO    | dpfl.core.base_simulator | Round   2/150 | Acc: 0.5539 | Loss: 1.8906 | eps_max: 2.01 eps_avg: 0.87 | P: 0.00 R: nan F1: nan
2026-05-07 16:40:41 | DEBUG   | dpfl.core.base_simulator | Update norms — honest: ['0.55', '0.55', '0.55', '0.55', '0.55'], attacker: ['1.02', '1.02', '1.03', '1.02', '1.03']
2026-05-07 16:40:49 | INFO    | dpfl.core.base_simulator | Round   3/150 | Acc: 0.6502 | Loss: 1.6800 | eps_max: 2.22 eps_avg: 1.02 | P: 0.00 R: nan F1: nan
2026-05-07 16:40:49 | DEBUG   | dpfl.core.base_simulator | Update norms — honest: ['0.53', '0.53', '0.53', '0.53', '0.53'], attacker: ['1.54', '1.55', '1.56', '1.55', '1.54']
2026-05-07 16:40:56 | INFO    | dpfl.core.base_simulator | Round   4/150 | Acc: 0.7094 | Loss: 1.4801 | eps_max: 2.43 eps_avg: 1.20 | P: 0.00 R: nan F1: nan
2026-05-07 16:40:56 | DEBUG   | dpfl.core.base_simulator | Update norms — honest: ['0.52', '0.51', '0.52', '0.51', '0.52'], attacker: ['2.02', '2.02', '2.02', '2.03', '2.00']
2026-05-07 16:41:04 | INFO    | dpfl.core.base_simulator | Round   5/150 | Acc: 0.7506 | Loss: 1.2999 | eps_max: 2.55 eps_avg: 1.30 | P: 0.00 R: nan F1: nan
2026-05-07 16:41:04 | DEBUG   | dpfl.core.base_simulator | Update norms — honest: ['0.50', '0.50', '0.50', '0.50', '0.50'], attacker: ['2.47', '2.49', '2.47', '2.48', '2.47']
2026-05-07 16:41:12 | INFO    | dpfl.core.base_simulator | Round   6/150 | Acc: 0.7791 | Loss: 1.1459 | eps_max: 2.73 eps_avg: 1.39 | P: 0.00 R: nan F1: nan
2026-05-07 16:41:12 | DEBUG   | dpfl.core.base_simulator | Update norms — honest: ['0.48', '0.95', '0.95', '0.48', '0.97'], attacker: ['2.89', '2.91', '2.92', '2.90', '2.89']
2026-05-07 16:41:20 | INFO    | dpfl.core.base_simulator | Round   7/150 | Acc: 0.7993 | Loss: 1.0196 | eps_max: 3.02 eps_avg: 1.54 | P: 0.00 R: nan F1: nan
2026-05-07 16:41:20 | DEBUG   | dpfl.core.base_simulator | Update norms — honest: ['0.95', '0.47', '0.92', '0.47', '0.47'], attacker: ['3.29', '3.31', '3.29', '3.31', '3.23']
2026-05-07 16:41:28 | INFO    | dpfl.core.base_simulator | Round   8/150 | Acc: 0.8137 | Loss: 0.9188 | eps_max: 3.35 eps_avg: 1.74 | P: 0.00 R: nan F1: nan
2026-05-07 16:41:28 | DEBUG   | dpfl.core.base_simulator | Update norms — honest: ['0.46', '0.90', '0.85', '0.46', '0.46'], attacker: ['3.66', '3.67', '3.68', '3.68', '3.57']
2026-05-07 16:41:37 | INFO    | dpfl.core.base_simulator | Round   9/150 | Acc: 0.8239 | Loss: 0.8391 | eps_max: 3.44 eps_avg: 1.89 | P: 0.00 R: nan F1: nan
2026-05-07 16:41:37 | DEBUG   | dpfl.core.base_simulator | Update norms — honest: ['0.44', '0.44', '0.86', '1.44', '0.44'], attacker: ['4.01', '3.98', '3.97', '4.01', '3.98']
2026-05-07 16:41:46 | INFO    | dpfl.core.base_simulator | Round  10/150 | Acc: 0.8319 | Loss: 0.7755 | eps_max: 3.58 eps_avg: 2.01 | P: 0.00 R: nan F1: nan
2026-05-07 16:41:46 | DEBUG   | dpfl.core.base_simulator | Update norms — honest: ['0.90', '0.43', '0.80', '0.43', '0.81'], attacker: ['4.31', '4.29', '4.26', '4.34', '4.34']
2026-05-07 16:41:55 | INFO    | dpfl.core.base_simulator | Round  11/150 | Acc: 0.8381 | Loss: 0.7247 | eps_max: 3.79 eps_avg: 2.16 | P: 0.00 R: nan F1: nan
2026-05-07 16:41:55 | DEBUG   | dpfl.core.base_simulator | Update norms — honest: ['0.42', '0.42', '0.87', '0.42', '0.42'], attacker: ['4.63', '4.46', '4.71', '4.62', '4.69']
2026-05-07 16:42:04 | INFO    | dpfl.core.base_simulator | Round  12/150 | Acc: 0.8433 | Loss: 0.6832 | eps_max: 4.13 eps_avg: 2.32 | P: 0.00 R: nan F1: nan
2026-05-07 16:42:04 | DEBUG   | dpfl.core.base_simulator | Update norms — honest: ['0.41', '0.77', '0.82', '0.41', '1.41'], attacker: ['4.90', '4.85', '4.95', '4.92', '4.95']
2026-05-07 16:42:13 | INFO    | dpfl.core.base_simulator | Round  13/150 | Acc: 0.8475 | Loss: 0.6490 | eps_max: 4.63 eps_avg: 2.50 | P: 0.00 R: nan F1: nan
2026-05-07 16:42:13 | DEBUG   | dpfl.core.base_simulator | Update norms — honest: ['1.30', '0.39', '1.63', '1.39', '0.83'], attacker: ['5.20', '5.23', '5.17', '5.18', '5.26']
2026-05-07 16:42:22 | INFO    | dpfl.core.base_simulator | Round  14/150 | Acc: 0.8510 | Loss: 0.6205 | eps_max: 5.17 eps_avg: 2.71 | P: 0.00 R: nan F1: nan
2026-05-07 16:42:22 | DEBUG   | dpfl.core.base_simulator | Update norms — honest: ['0.78', '0.81', '0.38', '0.38', '0.80'], attacker: ['5.46', '5.42', '5.59', '5.49', '5.53']
2026-05-07 16:42:31 | INFO    | dpfl.core.base_simulator | Round  15/150 | Acc: 0.8544 | Loss: 0.5959 | eps_max: 5.30 eps_avg: 2.91 | P: 0.00 R: nan F1: nan
2026-05-07 16:42:31 | DEBUG   | dpfl.core.base_simulator | Update norms — honest: ['0.79', '0.37', '1.81', '0.37', '0.37'], attacker: ['5.77', '5.67', '5.65', '5.64', '5.72']
2026-05-07 16:42:41 | INFO    | dpfl.core.base_simulator | Round  16/150 | Acc: 0.8572 | Loss: 0.5751 | eps_max: 5.43 eps_avg: 3.09 | P: 0.00 R: nan F1: nan
2026-05-07 16:42:41 | DEBUG   | dpfl.core.base_simulator | Update norms — honest: ['0.75', '0.75', '1.81', '1.21', '0.36'], attacker: ['5.87', '5.89', '5.83', '5.80', '6.00']
2026-05-07 16:42:50 | INFO    | dpfl.core.base_simulator | Round  17/150 | Acc: 0.8596 | Loss: 0.5570 | eps_max: 5.61 eps_avg: 3.20 | P: 0.00 R: nan F1: nan
2026-05-07 16:42:50 | DEBUG   | dpfl.core.base_simulator | Update norms — honest: ['0.75', '1.42', '1.70', '0.35', '1.34'], attacker: ['6.06', '5.84', '6.12', '5.88', '6.19']
2026-05-07 16:42:59 | INFO    | dpfl.core.base_simulator | Round  18/150 | Acc: 0.8617 | Loss: 0.5413 | eps_max: 5.83 eps_avg: 3.36 | P: 0.00 R: nan F1: nan
2026-05-07 16:42:59 | DEBUG   | dpfl.core.base_simulator | Update norms — honest: ['1.11', '1.62', '0.34', '0.77', '0.71'], attacker: ['6.03', '5.53', '6.11', '5.89', '5.79']
2026-05-07 16:43:09 | INFO    | dpfl.core.base_simulator | Round  19/150 | Acc: 0.8637 | Loss: 0.5275 | eps_max: 6.12 eps_avg: 3.53 | P: 0.00 R: nan F1: nan
2026-05-07 16:43:09 | DEBUG   | dpfl.core.base_simulator | Update norms — honest: ['0.34', '1.79', '0.34', '0.72', '0.34'], attacker: ['6.34', '6.22', '6.44', '6.60', '6.34']
2026-05-07 16:43:18 | INFO    | dpfl.core.base_simulator | Round  20/150 | Acc: 0.8654 | Loss: 0.5153 | eps_max: 6.46 eps_avg: 3.69 | P: 0.00 R: nan F1: nan
2026-05-07 16:43:18 | DEBUG   | dpfl.core.base_simulator | Update norms — honest: ['1.06', '1.55', '1.61', '1.05', '0.34'], attacker: ['6.53', '6.73', '6.58', '6.57', '6.58']
2026-05-07 16:43:28 | INFO    | dpfl.core.base_simulator | Round  21/150 | Acc: 0.8669 | Loss: 0.5044 | eps_max: 6.88 eps_avg: 3.89 | P: 0.00 R: nan F1: nan
2026-05-07 16:43:28 | DEBUG   | dpfl.core.base_simulator | Update norms — honest: ['0.34', '0.34', '1.75', '0.68', '0.61'], attacker: ['6.55', '6.78', '6.72', '6.40', '6.85']
2026-05-07 16:43:37 | INFO    | dpfl.core.base_simulator | Round  22/150 | Acc: 0.8683 | Loss: 0.4946 | eps_max: 7.29 eps_avg: 4.09 | P: 0.00 R: nan F1: nan
2026-05-07 16:43:37 | DEBUG   | dpfl.core.base_simulator | Update norms — honest: ['1.17', '0.60', '0.64', '0.99', '0.34'], attacker: ['6.86', '7.08', '7.01', '6.67', '6.79']
2026-05-07 16:43:47 | INFO    | dpfl.core.base_simulator | Round  23/150 | Acc: 0.8695 | Loss: 0.4859 | eps_max: 7.60 eps_avg: 4.33 | P: 0.00 R: nan F1: nan
2026-05-07 16:43:47 | DEBUG   | dpfl.core.base_simulator | Update norms — honest: ['0.66', '1.40', '1.83', '0.72', '0.60'], attacker: ['6.76', '7.13', '7.17', '6.74', '6.69']
2026-05-07 16:43:57 | INFO    | dpfl.core.base_simulator | Round  24/150 | Acc: 0.8706 | Loss: 0.4781 | eps_max: 7.72 eps_avg: 4.55 | P: 0.00 R: nan F1: nan
2026-05-07 16:43:57 | DEBUG   | dpfl.core.base_simulator | Update norms — honest: ['2.10', '0.59', '1.18', '1.40', '0.34'], attacker: ['6.48', '7.02', '7.18', '7.03', '6.74']
2026-05-07 16:44:06 | INFO    | dpfl.core.base_simulator | Round  25/150 | Acc: 0.8715 | Loss: 0.4709 | eps_max: 7.85 eps_avg: 4.73 | P: 0.00 R: nan F1: nan
2026-05-07 16:44:06 | DEBUG   | dpfl.core.base_simulator | Update norms — honest: ['2.05', '1.10', '0.34', '0.57', '0.60'], attacker: ['6.86', '6.98', '6.98', '7.05', '6.69']
2026-05-07 16:44:16 | INFO    | dpfl.core.base_simulator | Round  26/150 | Acc: 0.8726 | Loss: 0.4643 | eps_max: 7.97 eps_avg: 4.88 | P: 0.00 R: nan F1: nan
2026-05-07 16:44:16 | DEBUG   | dpfl.core.base_simulator | Update norms — honest: ['0.34', '0.62', '0.62', '1.11', '0.34'], attacker: ['7.06', '7.00', '7.08', '6.20', '6.00']
2026-05-07 16:44:25 | INFO    | dpfl.core.base_simulator | Round  27/150 | Acc: 0.8734 | Loss: 0.4582 | eps_max: 8.10 eps_avg: 5.01 | P: 0.00 R: nan F1: nan
2026-05-07 16:44:25 | DEBUG   | dpfl.core.base_simulator | Update norms — honest: ['1.06', '0.55', '1.73', '0.84', '0.34'], attacker: ['6.96', '6.95', '7.13', '6.75', '6.37']
2026-05-07 16:44:25 | WARNING | dpfl.algorithms.noise_game.simulator | Round  27/150 | Budget exceeded (eps_max=8.10 > 8.00)
2026-05-07 16:44:26 | INFO    | dpfl | Experiment complete in 285.8s
============================================================
REPORT: DP-SGD Decentralized Federated Learning
============================================================
Timestamp:                  20260507_163940
Rounds completed:           27
Attack-active rounds:       0  (from round 50)
Final accuracy:             0.8734
Final test loss:            0.4582
Final epsilon (max honest): 8.10
Final epsilon (avg honest): 5.01
Best alpha:                 1000.0
Avg precision:              nan
Avg recall:                 nan
Avg F1 score:               nan
Avg update norm (honest):   0.7038
Avg update norm (attacker): 4.7381

eps_system (max honest): 6.3011
eps_avg (honest):        3.0741
eps_std (honest):        2.1161
n_frozen:                0/300
============================================================
