2026-05-05 20:10:33 | INFO    | dpfl | Experiment start: algorithm=trust_d2b, dataset=mnist, model=mlp, device=cuda
2026-05-05 20:10:33 | INFO    | dpfl | Config: nodes=500, attackers=200, rounds=150, noise_mode=none, attack=scale
2026-05-05 20:10:33 | INFO    | dpfl.data.mnist_dataset | Loading MNIST dataset...
2026-05-05 20:10:33 | INFO    | dpfl.data.mnist_dataset | MNIST loaded: 60000 train, 10000 test samples
2026-05-05 20:11:13 | INFO    | dpfl.core.base_simulator | Vectorized state ready: param_spec.D=50890, X_test=(10000, 1, 28, 28), train clients N=500, max_n_samples=1000
2026-05-05 20:11:13 | INFO    | dpfl.core.base_simulator | Setup complete: 500 nodes (200 attackers), param_dim=50890, split=iid
2026-05-05 20:11:13 | DEBUG   | dpfl.core.base_simulator | Attacker IDs: {0, 1, 2, 3, 4, 5, 6, 7, 8, 9, 10, 11, 12, 13, 14, 15, 16, 17, 18, 19, 20, 21, 22, 23, 24, 25, 26, 27, 28, 29, 30, 31, 32, 33, 34, 35, 36, 37, 38, 39, 40, 41, 42, 43, 44, 45, 46, 47, 48, 49, 50, 51, 52, 53, 54, 55, 56, 57, 58, 59, 60, 61, 62, 63, 64, 65, 66, 67, 68, 69, 70, 71, 72, 73, 74, 75, 76, 77, 78, 79, 80, 81, 82, 83, 84, 85, 86, 87, 88, 89, 90, 91, 92, 93, 94, 95, 96, 97, 98, 99, 100, 101, 102, 103, 104, 105, 106, 107, 108, 109, 110, 111, 112, 113, 114, 115, 116, 117, 118, 119, 120, 121, 122, 123, 124, 125, 126, 127, 128, 129, 130, 131, 132, 133, 134, 135, 136, 137, 138, 139, 140, 141, 142, 143, 144, 145, 146, 147, 148, 149, 150, 151, 152, 153, 154, 155, 156, 157, 158, 159, 160, 161, 162, 163, 164, 165, 166, 167, 168, 169, 170, 171, 172, 173, 174, 175, 176, 177, 178, 179, 180, 181, 182, 183, 184, 185, 186, 187, 188, 189, 190, 191, 192, 193, 194, 195, 196, 197, 198, 199}
2026-05-05 20:11:13 | INFO    | dpfl.algorithms.trust_aware.simulator | Trust-Aware D2B-DP: rounds=150, n_workers=5, layers=4, ρ∈[0.300,5.000]
2026-05-05 20:11:13 | DEBUG   | dpfl.algorithms.trust_aware.simulator | Round 0 Phase 1+2: 0.37s
2026-05-05 20:11:19 | INFO    | dpfl.core.base_simulator | Round   1/150 | Acc: 0.3765 | Loss: 2.0984 | eps_max: 0.26 eps_avg: 0.26 | P: nan R: nan F1: nan
2026-05-05 20:11:19 | DEBUG   | dpfl.core.base_simulator | Update norms — honest: ['0.18', '0.18', '0.17', '0.18', '0.17'], attacker: ['0.18', '0.18', '0.17', '0.18', '0.18']
2026-05-05 20:11:20 | DEBUG   | dpfl.algorithms.trust_aware.simulator | Round 1 Phase 1+2: 0.90s
2026-05-05 20:11:37 | INFO    | dpfl.core.base_simulator | Round   2/150 | Acc: 0.5436 | Loss: 1.9007 | eps_max: 0.30 eps_avg: 0.30 | P: nan R: nan F1: nan
2026-05-05 20:11:37 | DEBUG   | dpfl.core.base_simulator | Update norms — honest: ['0.18', '0.18', '0.18', '0.18', '0.18'], attacker: ['0.18', '0.18', '0.18', '0.18', '0.18']
2026-05-05 20:11:38 | DEBUG   | dpfl.algorithms.trust_aware.simulator | Round 2 Phase 1+2: 0.17s
2026-05-05 20:11:43 | INFO    | dpfl.core.base_simulator | Round   3/150 | Acc: 0.6403 | Loss: 1.6972 | eps_max: 0.34 eps_avg: 0.34 | P: nan R: nan F1: nan
2026-05-05 20:11:43 | DEBUG   | dpfl.core.base_simulator | Update norms — honest: ['0.18', '0.18', '0.18', '0.18', '0.18'], attacker: ['0.19', '0.19', '0.18', '0.19', '0.19']
2026-05-05 20:11:44 | DEBUG   | dpfl.algorithms.trust_aware.simulator | Round 3 Phase 1+2: 0.91s
2026-05-05 20:11:57 | INFO    | dpfl.core.base_simulator | Round   4/150 | Acc: 0.6997 | Loss: 1.5049 | eps_max: 0.39 eps_avg: 0.39 | P: nan R: nan F1: nan
2026-05-05 20:11:57 | DEBUG   | dpfl.core.base_simulator | Update norms — honest: ['0.18', '0.18', '0.18', '0.17', '0.18'], attacker: ['0.19', '0.19', '0.18', '0.18', '0.19']
2026-05-05 20:11:57 | DEBUG   | dpfl.algorithms.trust_aware.simulator | Round 4 Phase 1+2: 0.17s
2026-05-05 20:12:04 | INFO    | dpfl.core.base_simulator | Round   5/150 | Acc: 0.7425 | Loss: 1.3273 | eps_max: 0.44 eps_avg: 0.44 | P: nan R: nan F1: nan
2026-05-05 20:12:04 | DEBUG   | dpfl.core.base_simulator | Update norms — honest: ['0.16', '0.17', '0.17', '0.17', '0.17'], attacker: ['0.19', '0.18', '0.18', '0.18', '0.18']
2026-05-05 20:12:05 | DEBUG   | dpfl.algorithms.trust_aware.simulator | Round 5 Phase 1+2: 0.89s
2026-05-05 20:12:12 | INFO    | dpfl.core.base_simulator | Round   6/150 | Acc: 0.7724 | Loss: 1.1717 | eps_max: 0.53 eps_avg: 0.53 | P: nan R: nan F1: nan
2026-05-05 20:12:12 | DEBUG   | dpfl.core.base_simulator | Update norms — honest: ['0.15', '0.17', '0.16', '0.15', '0.17'], attacker: ['0.18', '0.18', '0.18', '0.18', '0.18']
2026-05-05 20:12:12 | DEBUG   | dpfl.algorithms.trust_aware.simulator | Round 6 Phase 1+2: 0.18s
2026-05-05 20:12:25 | INFO    | dpfl.core.base_simulator | Round   7/150 | Acc: 0.7941 | Loss: 1.0437 | eps_max: 0.56 eps_avg: 0.56 | P: nan R: nan F1: nan
2026-05-05 20:12:25 | DEBUG   | dpfl.core.base_simulator | Update norms — honest: ['0.15', '0.14', '0.15', '0.14', '0.14'], attacker: ['0.18', '0.17', '0.17', '0.17', '0.17']
2026-05-05 20:12:25 | DEBUG   | dpfl.algorithms.trust_aware.simulator | Round 7 Phase 1+2: 0.18s
2026-05-05 20:12:30 | INFO    | dpfl.core.base_simulator | Round   8/150 | Acc: 0.8094 | Loss: 0.9415 | eps_max: 0.59 eps_avg: 0.59 | P: nan R: nan F1: nan
2026-05-05 20:12:30 | DEBUG   | dpfl.core.base_simulator | Update norms — honest: ['0.13', '0.14', '0.13', '0.12', '0.12'], attacker: ['0.17', '0.16', '0.16', '0.16', '0.16']
2026-05-05 20:12:30 | DEBUG   | dpfl.algorithms.trust_aware.simulator | Round 8 Phase 1+2: 0.17s
2026-05-05 20:12:48 | INFO    | dpfl.core.base_simulator | Round   9/150 | Acc: 0.8199 | Loss: 0.8610 | eps_max: 0.62 eps_avg: 0.62 | P: nan R: nan F1: nan
2026-05-05 20:12:48 | DEBUG   | dpfl.core.base_simulator | Update norms — honest: ['0.12', '0.11', '0.12', '0.13', '0.11'], attacker: ['0.16', '0.15', '0.15', '0.15', '0.15']
2026-05-05 20:12:48 | DEBUG   | dpfl.algorithms.trust_aware.simulator | Round 9 Phase 1+2: 0.17s
2026-05-05 20:12:54 | INFO    | dpfl.core.base_simulator | Round  10/150 | Acc: 0.8282 | Loss: 0.7950 | eps_max: 0.65 eps_avg: 0.65 | P: nan R: nan F1: nan
2026-05-05 20:12:54 | DEBUG   | dpfl.core.base_simulator | Update norms — honest: ['0.11', '0.10', '0.11', '0.10', '0.11'], attacker: ['0.14', '0.14', '0.14', '0.14', '0.14']
2026-05-05 20:12:55 | DEBUG   | dpfl.algorithms.trust_aware.simulator | Round 10 Phase 1+2: 0.88s
2026-05-05 20:13:16 | INFO    | dpfl.core.base_simulator | Round  11/150 | Acc: 0.8347 | Loss: 0.7419 | eps_max: 0.69 eps_avg: 0.69 | P: nan R: nan F1: nan
2026-05-05 20:13:16 | DEBUG   | dpfl.core.base_simulator | Update norms — honest: ['0.09', '0.09', '0.10', '0.09', '0.09'], attacker: ['0.13', '0.12', '0.12', '0.12', '0.13']
2026-05-05 20:13:17 | DEBUG   | dpfl.algorithms.trust_aware.simulator | Round 11 Phase 1+2: 0.17s
2026-05-05 20:13:22 | INFO    | dpfl.core.base_simulator | Round  12/150 | Acc: 0.8404 | Loss: 0.6982 | eps_max: 0.72 eps_avg: 0.72 | P: nan R: nan F1: nan
2026-05-05 20:13:22 | DEBUG   | dpfl.core.base_simulator | Update norms — honest: ['0.08', '0.09', '0.09', '0.08', '0.09'], attacker: ['0.12', '0.11', '0.11', '0.11', '0.11']
2026-05-05 20:13:23 | DEBUG   | dpfl.algorithms.trust_aware.simulator | Round 12 Phase 1+2: 0.89s
2026-05-05 20:13:39 | INFO    | dpfl.core.base_simulator | Round  13/150 | Acc: 0.8450 | Loss: 0.6619 | eps_max: 0.76 eps_avg: 0.76 | P: nan R: nan F1: nan
2026-05-05 20:13:39 | DEBUG   | dpfl.core.base_simulator | Update norms — honest: ['0.09', '0.08', '0.09', '0.08', '0.08'], attacker: ['0.10', '0.10', '0.10', '0.10', '0.10']
2026-05-05 20:13:40 | DEBUG   | dpfl.algorithms.trust_aware.simulator | Round 13 Phase 1+2: 0.17s
2026-05-05 20:13:45 | INFO    | dpfl.core.base_simulator | Round  14/150 | Acc: 0.8488 | Loss: 0.6320 | eps_max: 0.80 eps_avg: 0.80 | P: 0.00 R: nan F1: nan
2026-05-05 20:13:45 | DEBUG   | dpfl.core.base_simulator | Update norms — honest: ['0.08', '0.08', '0.07', '0.07', '0.07'], attacker: ['0.09', '0.09', '0.09', '0.09', '0.09']
2026-05-05 20:13:46 | DEBUG   | dpfl.algorithms.trust_aware.simulator | Round 14 Phase 1+2: 0.89s
2026-05-05 20:13:56 | INFO    | dpfl.core.base_simulator | Round  15/150 | Acc: 0.8524 | Loss: 0.6058 | eps_max: 0.84 eps_avg: 0.84 | P: 0.00 R: nan F1: nan
2026-05-05 20:13:56 | DEBUG   | dpfl.core.base_simulator | Update norms — honest: ['0.07', '0.07', '0.07', '0.07', '0.07'], attacker: ['0.08', '0.08', '0.09', '0.08', '0.08']
2026-05-05 20:13:56 | DEBUG   | dpfl.algorithms.trust_aware.simulator | Round 15 Phase 1+2: 0.17s
2026-05-05 20:14:02 | INFO    | dpfl.core.base_simulator | Round  16/150 | Acc: 0.8553 | Loss: 0.5840 | eps_max: 0.88 eps_avg: 0.88 | P: 0.00 R: nan F1: nan
2026-05-05 20:14:02 | DEBUG   | dpfl.core.base_simulator | Update norms — honest: ['0.06', '0.06', '0.07', '0.07', '0.06'], attacker: ['0.08', '0.08', '0.08', '0.08', '0.08']
2026-05-05 20:14:02 | DEBUG   | dpfl.algorithms.trust_aware.simulator | Round 16 Phase 1+2: 0.17s
2026-05-05 20:14:50 | INFO    | dpfl.core.base_simulator | Round  17/150 | Acc: 0.8578 | Loss: 0.5649 | eps_max: 0.91 eps_avg: 0.91 | P: nan R: nan F1: nan
2026-05-05 20:14:50 | DEBUG   | dpfl.core.base_simulator | Update norms — honest: ['0.06', '0.06', '0.06', '0.06', '0.06'], attacker: ['0.07', '0.07', '0.08', '0.07', '0.07']
2026-05-05 20:14:50 | DEBUG   | dpfl.algorithms.trust_aware.simulator | Round 17 Phase 1+2: 0.18s
2026-05-05 20:15:09 | INFO    | dpfl.core.base_simulator | Round  18/150 | Acc: 0.8601 | Loss: 0.5485 | eps_max: 0.95 eps_avg: 0.95 | P: nan R: nan F1: nan
2026-05-05 20:15:09 | DEBUG   | dpfl.core.base_simulator | Update norms — honest: ['0.06', '0.06', '0.06', '0.06', '0.06'], attacker: ['0.07', '0.07', '0.07', '0.07', '0.07']
2026-05-05 20:15:09 | DEBUG   | dpfl.algorithms.trust_aware.simulator | Round 18 Phase 1+2: 0.17s
2026-05-05 20:15:27 | INFO    | dpfl.core.base_simulator | Round  19/150 | Acc: 0.8622 | Loss: 0.5342 | eps_max: 0.98 eps_avg: 0.98 | P: nan R: nan F1: nan
2026-05-05 20:15:27 | DEBUG   | dpfl.core.base_simulator | Update norms — honest: ['0.05', '0.06', '0.05', '0.06', '0.05'], attacker: ['0.07', '0.06', '0.06', '0.06', '0.06']
2026-05-05 20:15:27 | DEBUG   | dpfl.algorithms.trust_aware.simulator | Round 19 Phase 1+2: 0.17s
2026-05-05 20:15:48 | INFO    | dpfl.core.base_simulator | Round  20/150 | Acc: 0.8640 | Loss: 0.5214 | eps_max: 1.02 eps_avg: 1.02 | P: 0.00 R: nan F1: nan
2026-05-05 20:15:48 | DEBUG   | dpfl.core.base_simulator | Update norms — honest: ['0.05', '0.05', '0.06', '0.05', '0.05'], attacker: ['0.06', '0.06', '0.06', '0.06', '0.06']
2026-05-05 20:15:49 | DEBUG   | dpfl.algorithms.trust_aware.simulator | Round 20 Phase 1+2: 0.89s
2026-05-05 20:16:12 | INFO    | dpfl.core.base_simulator | Round  21/150 | Acc: 0.8655 | Loss: 0.5101 | eps_max: 1.06 eps_avg: 1.06 | P: nan R: nan F1: nan
2026-05-05 20:16:12 | DEBUG   | dpfl.core.base_simulator | Update norms — honest: ['0.05', '0.05', '0.05', '0.05', '0.05'], attacker: ['0.06', '0.06', '0.06', '0.06', '0.06']
2026-05-05 20:16:13 | DEBUG   | dpfl.algorithms.trust_aware.simulator | Round 21 Phase 1+2: 0.90s
2026-05-05 20:16:34 | INFO    | dpfl.core.base_simulator | Round  22/150 | Acc: 0.8670 | Loss: 0.4998 | eps_max: 1.10 eps_avg: 1.10 | P: nan R: nan F1: nan
2026-05-05 20:16:34 | DEBUG   | dpfl.core.base_simulator | Update norms — honest: ['0.05', '0.05', '0.05', '0.05', '0.05'], attacker: ['0.05', '0.05', '0.06', '0.05', '0.05']
2026-05-05 20:16:35 | DEBUG   | dpfl.algorithms.trust_aware.simulator | Round 22 Phase 1+2: 0.92s
2026-05-05 20:16:54 | INFO    | dpfl.core.base_simulator | Round  23/150 | Acc: 0.8684 | Loss: 0.4907 | eps_max: 1.15 eps_avg: 1.15 | P: 0.00 R: nan F1: nan
2026-05-05 20:16:54 | DEBUG   | dpfl.core.base_simulator | Update norms — honest: ['0.05', '0.05', '0.05', '0.04', '0.05'], attacker: ['0.05', '0.05', '0.05', '0.05', '0.05']
2026-05-05 20:16:54 | DEBUG   | dpfl.algorithms.trust_aware.simulator | Round 23 Phase 1+2: 0.90s
2026-05-05 20:17:11 | INFO    | dpfl.core.base_simulator | Round  24/150 | Acc: 0.8696 | Loss: 0.4825 | eps_max: 1.19 eps_avg: 1.19 | P: 0.00 R: nan F1: nan
2026-05-05 20:17:11 | DEBUG   | dpfl.core.base_simulator | Update norms — honest: ['0.05', '0.04', '0.05', '0.05', '0.04'], attacker: ['0.05', '0.05', '0.05', '0.05', '0.05']
2026-05-05 20:17:12 | DEBUG   | dpfl.algorithms.trust_aware.simulator | Round 24 Phase 1+2: 0.90s
2026-05-05 20:17:26 | INFO    | dpfl.core.base_simulator | Round  25/150 | Acc: 0.8705 | Loss: 0.4750 | eps_max: 1.22 eps_avg: 1.22 | P: nan R: nan F1: nan
2026-05-05 20:17:26 | DEBUG   | dpfl.core.base_simulator | Update norms — honest: ['0.04', '0.04', '0.04', '0.05', '0.05'], attacker: ['0.05', '0.05', '0.05', '0.05', '0.05']
2026-05-05 20:17:27 | DEBUG   | dpfl.algorithms.trust_aware.simulator | Round 25 Phase 1+2: 0.91s
2026-05-05 20:17:38 | INFO    | dpfl.core.base_simulator | Round  26/150 | Acc: 0.8716 | Loss: 0.4682 | eps_max: 1.26 eps_avg: 1.26 | P: nan R: nan F1: nan
2026-05-05 20:17:38 | DEBUG   | dpfl.core.base_simulator | Update norms — honest: ['0.04', '0.04', '0.04', '0.04', '0.04'], attacker: ['0.05', '0.05', '0.05', '0.05', '0.05']
2026-05-05 20:17:39 | DEBUG   | dpfl.algorithms.trust_aware.simulator | Round 26 Phase 1+2: 0.90s
2026-05-05 20:17:51 | INFO    | dpfl.core.base_simulator | Round  27/150 | Acc: 0.8725 | Loss: 0.4619 | eps_max: 1.29 eps_avg: 1.29 | P: 0.00 R: nan F1: nan
2026-05-05 20:17:51 | DEBUG   | dpfl.core.base_simulator | Update norms — honest: ['0.04', '0.04', '0.04', '0.04', '0.04'], attacker: ['0.05', '0.05', '0.05', '0.05', '0.04']
2026-05-05 20:17:52 | DEBUG   | dpfl.algorithms.trust_aware.simulator | Round 27 Phase 1+2: 0.92s
2026-05-05 20:18:03 | INFO    | dpfl.core.base_simulator | Round  28/150 | Acc: 0.8733 | Loss: 0.4563 | eps_max: 1.32 eps_avg: 1.32 | P: 0.00 R: nan F1: nan
2026-05-05 20:18:03 | DEBUG   | dpfl.core.base_simulator | Update norms — honest: ['0.04', '0.04', '0.04', '0.04', '0.04'], attacker: ['0.04', '0.05', '0.04', '0.04', '0.04']
2026-05-05 20:18:03 | DEBUG   | dpfl.algorithms.trust_aware.simulator | Round 28 Phase 1+2: 0.20s
2026-05-05 20:18:17 | INFO    | dpfl.core.base_simulator | Round  29/150 | Acc: 0.8742 | Loss: 0.4510 | eps_max: 1.36 eps_avg: 1.36 | P: 0.00 R: nan F1: nan
2026-05-05 20:18:17 | DEBUG   | dpfl.core.base_simulator | Update norms — honest: ['0.04', '0.04', '0.04', '0.04', '0.04'], attacker: ['0.04', '0.04', '0.04', '0.04', '0.04']
2026-05-05 20:18:17 | DEBUG   | dpfl.algorithms.trust_aware.simulator | Round 29 Phase 1+2: 0.18s
2026-05-05 20:18:35 | INFO    | dpfl.core.base_simulator | Round  30/150 | Acc: 0.8750 | Loss: 0.4461 | eps_max: 1.39 eps_avg: 1.39 | P: nan R: nan F1: nan
2026-05-05 20:18:35 | DEBUG   | dpfl.core.base_simulator | Update norms — honest: ['0.04', '0.04', '0.04', '0.04', '0.04'], attacker: ['0.04', '0.04', '0.04', '0.04', '0.04']
2026-05-05 20:18:36 | DEBUG   | dpfl.algorithms.trust_aware.simulator | Round 30 Phase 1+2: 0.93s
2026-05-05 20:19:00 | INFO    | dpfl.core.base_simulator | Round  31/150 | Acc: 0.8756 | Loss: 0.4417 | eps_max: 1.43 eps_avg: 1.43 | P: nan R: nan F1: nan
2026-05-05 20:19:00 | DEBUG   | dpfl.core.base_simulator | Update norms — honest: ['0.04', '0.04', '0.04', '0.04', '0.04'], attacker: ['0.04', '0.04', '0.04', '0.04', '0.04']
2026-05-05 20:19:01 | DEBUG   | dpfl.algorithms.trust_aware.simulator | Round 31 Phase 1+2: 0.90s
2026-05-05 20:19:19 | INFO    | dpfl.core.base_simulator | Round  32/150 | Acc: 0.8762 | Loss: 0.4375 | eps_max: 1.47 eps_avg: 1.47 | P: 0.00 R: nan F1: nan
2026-05-05 20:19:19 | DEBUG   | dpfl.core.base_simulator | Update norms — honest: ['0.04', '0.04', '0.04', '0.04', '0.04'], attacker: ['0.04', '0.04', '0.04', '0.04', '0.04']
2026-05-05 20:19:20 | DEBUG   | dpfl.algorithms.trust_aware.simulator | Round 32 Phase 1+2: 0.90s
2026-05-05 20:19:35 | INFO    | dpfl.core.base_simulator | Round  33/150 | Acc: 0.8768 | Loss: 0.4337 | eps_max: 1.51 eps_avg: 1.51 | P: 0.00 R: nan F1: nan
2026-05-05 20:19:35 | DEBUG   | dpfl.core.base_simulator | Update norms — honest: ['0.04', '0.03', '0.04', '0.03', '0.04'], attacker: ['0.04', '0.04', '0.04', '0.04', '0.04']
2026-05-05 20:19:36 | DEBUG   | dpfl.algorithms.trust_aware.simulator | Round 33 Phase 1+2: 0.90s
2026-05-05 20:19:46 | INFO    | dpfl.core.base_simulator | Round  34/150 | Acc: 0.8774 | Loss: 0.4302 | eps_max: 1.56 eps_avg: 1.56 | P: nan R: nan F1: nan
2026-05-05 20:19:46 | DEBUG   | dpfl.core.base_simulator | Update norms — honest: ['0.03', '0.04', '0.03', '0.04', '0.04'], attacker: ['0.04', '0.04', '0.04', '0.04', '0.04']
2026-05-05 20:19:46 | DEBUG   | dpfl.algorithms.trust_aware.simulator | Round 34 Phase 1+2: 0.18s
2026-05-05 20:20:00 | INFO    | dpfl.core.base_simulator | Round  35/150 | Acc: 0.8779 | Loss: 0.4269 | eps_max: 1.60 eps_avg: 1.60 | P: 0.00 R: nan F1: nan
2026-05-05 20:20:00 | DEBUG   | dpfl.core.base_simulator | Update norms — honest: ['0.04', '0.03', '0.03', '0.04', '0.03'], attacker: ['0.04', '0.04', '0.04', '0.04', '0.04']
2026-05-05 20:20:00 | DEBUG   | dpfl.algorithms.trust_aware.simulator | Round 35 Phase 1+2: 0.17s
2026-05-05 20:20:20 | INFO    | dpfl.core.base_simulator | Round  36/150 | Acc: 0.8784 | Loss: 0.4238 | eps_max: 1.63 eps_avg: 1.63 | P: nan R: nan F1: nan
2026-05-05 20:20:20 | DEBUG   | dpfl.core.base_simulator | Update norms — honest: ['0.03', '0.03', '0.03', '0.03', '0.03'], attacker: ['0.04', '0.04', '0.04', '0.04', '0.04']
2026-05-05 20:20:21 | DEBUG   | dpfl.algorithms.trust_aware.simulator | Round 36 Phase 1+2: 0.88s
2026-05-05 20:20:44 | INFO    | dpfl.core.base_simulator | Round  37/150 | Acc: 0.8788 | Loss: 0.4209 | eps_max: 1.67 eps_avg: 1.67 | P: 0.00 R: nan F1: nan
2026-05-05 20:20:44 | DEBUG   | dpfl.core.base_simulator | Update norms — honest: ['0.03', '0.03', '0.03', '0.03', '0.03'], attacker: ['0.04', '0.04', '0.04', '0.04', '0.04']
2026-05-05 20:20:44 | DEBUG   | dpfl.algorithms.trust_aware.simulator | Round 37 Phase 1+2: 0.90s
2026-05-05 20:21:02 | INFO    | dpfl.core.base_simulator | Round  38/150 | Acc: 0.8793 | Loss: 0.4183 | eps_max: 1.70 eps_avg: 1.70 | P: 0.00 R: nan F1: nan
2026-05-05 20:21:02 | DEBUG   | dpfl.core.base_simulator | Update norms — honest: ['0.03', '0.03', '0.03', '0.03', '0.03'], attacker: ['0.03', '0.04', '0.04', '0.04', '0.04']
2026-05-05 20:21:03 | DEBUG   | dpfl.algorithms.trust_aware.simulator | Round 38 Phase 1+2: 0.93s
2026-05-05 20:21:16 | INFO    | dpfl.core.base_simulator | Round  39/150 | Acc: 0.8795 | Loss: 0.4160 | eps_max: 1.74 eps_avg: 1.74 | P: 0.00 R: nan F1: nan
2026-05-05 20:21:16 | DEBUG   | dpfl.core.base_simulator | Update norms — honest: ['0.03', '0.03', '0.03', '0.03', '0.03'], attacker: ['0.03', '0.04', '0.04', '0.04', '0.03']
2026-05-05 20:21:17 | DEBUG   | dpfl.algorithms.trust_aware.simulator | Round 39 Phase 1+2: 0.62s
2026-05-05 20:21:25 | INFO    | dpfl.core.base_simulator | Round  40/150 | Acc: 0.8800 | Loss: 0.4136 | eps_max: 1.78 eps_avg: 1.78 | P: 0.00 R: nan F1: nan
2026-05-05 20:21:25 | DEBUG   | dpfl.core.base_simulator | Update norms — honest: ['0.03', '0.03', '0.03', '0.03', '0.03'], attacker: ['0.03', '0.04', '0.04', '0.03', '0.04']
2026-05-05 20:21:25 | DEBUG   | dpfl.algorithms.trust_aware.simulator | Round 40 Phase 1+2: 0.18s
2026-05-05 20:21:40 | INFO    | dpfl.core.base_simulator | Round  41/150 | Acc: 0.8803 | Loss: 0.4113 | eps_max: 1.82 eps_avg: 1.82 | P: 0.00 R: nan F1: nan
2026-05-05 20:21:40 | DEBUG   | dpfl.core.base_simulator | Update norms — honest: ['0.03', '0.03', '0.03', '0.03', '0.03'], attacker: ['0.03', '0.03', '0.03', '0.03', '0.03']
2026-05-05 20:21:40 | DEBUG   | dpfl.algorithms.trust_aware.simulator | Round 41 Phase 1+2: 0.17s
2026-05-05 20:22:01 | INFO    | dpfl.core.base_simulator | Round  42/150 | Acc: 0.8807 | Loss: 0.4093 | eps_max: 1.86 eps_avg: 1.86 | P: 0.00 R: nan F1: nan
2026-05-05 20:22:01 | DEBUG   | dpfl.core.base_simulator | Update norms — honest: ['0.03', '0.03', '0.03', '0.03', '0.03'], attacker: ['0.03', '0.04', '0.04', '0.03', '0.03']
2026-05-05 20:22:02 | DEBUG   | dpfl.algorithms.trust_aware.simulator | Round 42 Phase 1+2: 0.90s
2026-05-05 20:22:24 | INFO    | dpfl.core.base_simulator | Round  43/150 | Acc: 0.8809 | Loss: 0.4073 | eps_max: 1.90 eps_avg: 1.90 | P: 0.00 R: nan F1: nan
2026-05-05 20:22:24 | DEBUG   | dpfl.core.base_simulator | Update norms — honest: ['0.03', '0.03', '0.03', '0.03', '0.03'], attacker: ['0.03', '0.03', '0.03', '0.03', '0.03']
2026-05-05 20:22:25 | DEBUG   | dpfl.algorithms.trust_aware.simulator | Round 43 Phase 1+2: 0.91s
2026-05-05 20:22:42 | INFO    | dpfl.core.base_simulator | Round  44/150 | Acc: 0.8812 | Loss: 0.4056 | eps_max: 1.95 eps_avg: 1.95 | P: 0.00 R: nan F1: nan
2026-05-05 20:22:42 | DEBUG   | dpfl.core.base_simulator | Update norms — honest: ['0.03', '0.03', '0.03', '0.03', '0.03'], attacker: ['0.03', '0.03', '0.03', '0.03', '0.04']
2026-05-05 20:22:43 | DEBUG   | dpfl.algorithms.trust_aware.simulator | Round 44 Phase 1+2: 0.91s
2026-05-05 20:22:52 | INFO    | dpfl.core.base_simulator | Round  45/150 | Acc: 0.8815 | Loss: 0.4040 | eps_max: 2.00 eps_avg: 2.00 | P: 0.00 R: nan F1: nan
2026-05-05 20:22:52 | DEBUG   | dpfl.core.base_simulator | Update norms — honest: ['0.03', '0.03', '0.04', '0.03', '0.03'], attacker: ['0.03', '0.03', '0.03', '0.03', '0.03']
2026-05-05 20:22:53 | DEBUG   | dpfl.algorithms.trust_aware.simulator | Round 45 Phase 1+2: 0.17s
2026-05-05 20:23:05 | INFO    | dpfl.core.base_simulator | Round  46/150 | Acc: 0.8818 | Loss: 0.4024 | eps_max: 2.04 eps_avg: 2.04 | P: 0.00 R: nan F1: nan
2026-05-05 20:23:05 | DEBUG   | dpfl.core.base_simulator | Update norms — honest: ['0.03', '0.03', '0.03', '0.03', '0.03'], attacker: ['0.03', '0.03', '0.03', '0.03', '0.03']
2026-05-05 20:23:05 | DEBUG   | dpfl.algorithms.trust_aware.simulator | Round 46 Phase 1+2: 0.17s
2026-05-05 20:23:24 | INFO    | dpfl.core.base_simulator | Round  47/150 | Acc: 0.8821 | Loss: 0.4007 | eps_max: 2.08 eps_avg: 2.08 | P: nan R: nan F1: nan
2026-05-05 20:23:24 | DEBUG   | dpfl.core.base_simulator | Update norms — honest: ['0.03', '0.03', '0.03', '0.03', '0.03'], attacker: ['0.03', '0.03', '0.03', '0.03', '0.03']
2026-05-05 20:23:25 | DEBUG   | dpfl.algorithms.trust_aware.simulator | Round 47 Phase 1+2: 0.83s
2026-05-05 20:23:50 | INFO    | dpfl.core.base_simulator | Round  48/150 | Acc: 0.8824 | Loss: 0.3994 | eps_max: 2.11 eps_avg: 2.11 | P: 0.00 R: nan F1: nan
2026-05-05 20:23:50 | DEBUG   | dpfl.core.base_simulator | Update norms — honest: ['0.03', '0.03', '0.03', '0.03', '0.03'], attacker: ['0.03', '0.03', '0.03', '0.03', '0.03']
2026-05-05 20:23:51 | DEBUG   | dpfl.algorithms.trust_aware.simulator | Round 48 Phase 1+2: 0.90s
2026-05-05 20:24:09 | INFO    | dpfl.core.base_simulator | Round  49/150 | Acc: 0.8826 | Loss: 0.3981 | eps_max: 2.15 eps_avg: 2.15 | P: 0.00 R: nan F1: nan
2026-05-05 20:24:09 | DEBUG   | dpfl.core.base_simulator | Update norms — honest: ['0.03', '0.03', '0.03', '0.03', '0.03'], attacker: ['0.03', '0.03', '0.03', '0.03', '0.03']
2026-05-05 20:24:10 | DEBUG   | dpfl.algorithms.trust_aware.simulator | Round 49 Phase 1+2: 0.90s
2026-05-05 20:24:22 | INFO    | dpfl.core.base_simulator | Round  50/150 | Acc: 0.8828 | Loss: 0.3968 | eps_max: 2.19 eps_avg: 2.19 | P: nan R: nan F1: nan
2026-05-05 20:24:22 | DEBUG   | dpfl.core.base_simulator | Update norms — honest: ['0.03', '0.03', '0.03', '0.03', '0.03'], attacker: ['0.03', '0.03', '0.03', '0.03', '0.03']
2026-05-05 20:24:22 | DEBUG   | dpfl.algorithms.trust_aware.simulator | Round 50 Phase 1+2: 0.13s
2026-05-05 20:24:28 | INFO    | dpfl.core.base_simulator | Round  51/150 | Acc: 0.8830 | Loss: 0.3956 | eps_max: 2.22 eps_avg: 2.22 | P: 0.92 R: 1.00 F1: 1.00
2026-05-05 20:24:28 | DEBUG   | dpfl.core.base_simulator | Update norms — honest: ['0.03', '0.03', '0.03', '0.03', '0.03'], attacker: ['0.28', '0.32', '0.31', '0.32', '0.30']
2026-05-05 20:24:29 | DEBUG   | dpfl.algorithms.trust_aware.simulator | Round 51 Phase 1+2: 0.49s
2026-05-05 20:24:41 | INFO    | dpfl.core.base_simulator | Round  52/150 | Acc: 0.8831 | Loss: 0.3946 | eps_max: 2.26 eps_avg: 2.26 | P: 0.87 R: 1.00 F1: 1.00
2026-05-05 20:24:41 | DEBUG   | dpfl.core.base_simulator | Update norms — honest: ['0.03', '0.03', '0.03', '0.03', '0.03'], attacker: ['0.34', '0.46', '0.45', '0.49', '0.40']
2026-05-05 20:24:41 | DEBUG   | dpfl.algorithms.trust_aware.simulator | Round 52 Phase 1+2: 0.49s
2026-05-05 20:24:59 | INFO    | dpfl.core.base_simulator | Round  53/150 | Acc: 0.8829 | Loss: 0.3945 | eps_max: 2.30 eps_avg: 2.30 | P: 1.00 R: 0.75 F1: 0.85
2026-05-05 20:24:59 | DEBUG   | dpfl.core.base_simulator | Update norms — honest: ['0.02', '0.03', '0.03', '0.03', '0.03'], attacker: ['0.85', '1.48', '1.27', '1.48', '1.05']
2026-05-05 20:25:00 | DEBUG   | dpfl.algorithms.trust_aware.simulator | Round 53 Phase 1+2: 0.48s
2026-05-05 20:25:22 | INFO    | dpfl.core.base_simulator | Round  54/150 | Acc: 0.8813 | Loss: 0.3986 | eps_max: 2.34 eps_avg: 2.34 | P: 0.91 R: 0.55 F1: 0.70
2026-05-05 20:25:22 | DEBUG   | dpfl.core.base_simulator | Update norms — honest: ['0.03', '0.03', '0.03', '0.02', '0.03'], attacker: ['3.14', '5.61', '5.08', '4.92', '3.95']
2026-05-05 20:25:22 | DEBUG   | dpfl.algorithms.trust_aware.simulator | Round 54 Phase 1+2: 0.13s
2026-05-05 20:25:41 | INFO    | dpfl.core.base_simulator | Round  55/150 | Acc: 0.8741 | Loss: 0.4314 | eps_max: 2.39 eps_avg: 2.39 | P: 0.83 R: 0.40 F1: 0.54
2026-05-05 20:25:41 | DEBUG   | dpfl.core.base_simulator | Update norms — honest: ['0.02', '0.03', '0.03', '0.02', '0.03'], attacker: ['10.67', '16.75', '17.31', '11.81', '12.10']
2026-05-05 20:25:41 | DEBUG   | dpfl.algorithms.trust_aware.simulator | Round 55 Phase 1+2: 0.13s
2026-05-05 20:25:53 | INFO    | dpfl.core.base_simulator | Round  56/150 | Acc: 0.8826 | Loss: 0.3948 | eps_max: 2.43 eps_avg: 2.43 | P: 1.00 R: 0.93 F1: 0.96
2026-05-05 20:25:53 | DEBUG   | dpfl.core.base_simulator | Update norms — honest: ['0.03', '0.02', '0.02', '0.03', '0.03'], attacker: ['37.64', '59.45', '62.57', '35.87', '39.79']
2026-05-05 20:25:54 | DEBUG   | dpfl.algorithms.trust_aware.simulator | Round 56 Phase 1+2: 0.13s
2026-05-05 20:26:00 | INFO    | dpfl.core.base_simulator | Round  57/150 | Acc: 0.8837 | Loss: 0.3906 | eps_max: 2.48 eps_avg: 2.48 | P: 1.00 R: 1.00 F1: 1.00
2026-05-05 20:26:00 | DEBUG   | dpfl.core.base_simulator | Update norms — honest: ['0.02', '0.02', '0.02', '0.02', '0.03'], attacker: ['136.57', '213.59', '220.61', '118.49', '143.72']
2026-05-05 20:26:00 | DEBUG   | dpfl.algorithms.trust_aware.simulator | Round 57 Phase 1+2: 0.47s
2026-05-05 20:26:07 | INFO    | dpfl.core.base_simulator | Round  58/150 | Acc: 0.8840 | Loss: 0.3897 | eps_max: 2.52 eps_avg: 2.52 | P: 1.00 R: 1.00 F1: 1.00
2026-05-05 20:26:07 | DEBUG   | dpfl.core.base_simulator | Update norms — honest: ['0.02', '0.02', '0.02', '0.03', '0.03'], attacker: ['488.36', '764.16', '774.95', '410.33', '528.70']
2026-05-05 20:26:07 | DEBUG   | dpfl.algorithms.trust_aware.simulator | Round 58 Phase 1+2: 0.52s
2026-05-05 20:26:20 | INFO    | dpfl.core.base_simulator | Round  59/150 | Acc: 0.8836 | Loss: 0.3901 | eps_max: 2.57 eps_avg: 2.57 | P: 0.87 R: 1.00 F1: 1.00
2026-05-05 20:26:20 | DEBUG   | dpfl.core.base_simulator | Update norms — honest: ['0.02', '0.02', '0.02', '0.03', '0.02'], attacker: ['1684.02', '2715.09', '2662.75', '1488.90', '1916.37']
2026-05-05 20:26:21 | DEBUG   | dpfl.algorithms.trust_aware.simulator | Round 59 Phase 1+2: 0.50s
2026-05-05 20:26:40 | INFO    | dpfl.core.base_simulator | Round  60/150 | Acc: 0.8841 | Loss: 0.3884 | eps_max: 2.62 eps_avg: 2.62 | P: 0.90 R: 1.00 F1: 1.00
2026-05-05 20:26:40 | DEBUG   | dpfl.core.base_simulator | Update norms — honest: ['0.02', '0.02', '0.02', '0.02', '0.02'], attacker: ['5882.55', '9484.89', '9088.02', '5506.34', '6741.66']
2026-05-05 20:26:40 | DEBUG   | dpfl.algorithms.trust_aware.simulator | Round 60 Phase 1+2: 0.13s
2026-05-05 20:27:03 | INFO    | dpfl.core.base_simulator | Round  61/150 | Acc: 0.8841 | Loss: 0.3882 | eps_max: 2.67 eps_avg: 2.67 | P: 0.99 R: 1.00 F1: 1.00
2026-05-05 20:27:03 | DEBUG   | dpfl.core.base_simulator | Update norms — honest: ['0.02', '0.02', '0.02', '0.02', '0.02'], attacker: ['20601.83', '32789.20', '32301.66', '20668.64', '24167.19']
2026-05-05 20:27:03 | DEBUG   | dpfl.algorithms.trust_aware.simulator | Round 61 Phase 1+2: 0.13s
2026-05-05 20:27:19 | INFO    | dpfl.core.base_simulator | Round  62/150 | Acc: 0.8844 | Loss: 0.3871 | eps_max: 2.73 eps_avg: 2.73 | P: 0.81 R: 1.00 F1: 1.00
2026-05-05 20:27:19 | DEBUG   | dpfl.core.base_simulator | Update norms — honest: ['0.02', '0.02', '0.02', '0.02', '0.02'], attacker: ['72060.74', '113862.46', '110672.22', '77852.84', '83404.45']
2026-05-05 20:27:19 | DEBUG   | dpfl.algorithms.trust_aware.simulator | Round 62 Phase 1+2: 0.13s
2026-05-05 20:27:29 | INFO    | dpfl.core.base_simulator | Round  63/150 | Acc: 0.8844 | Loss: 0.3867 | eps_max: 2.78 eps_avg: 2.78 | P: 0.77 R: 1.00 F1: 1.00
2026-05-05 20:27:29 | DEBUG   | dpfl.core.base_simulator | Update norms — honest: ['0.02', '0.02', '0.02', '0.02', '0.02'], attacker: ['248215.22', '393574.62', '387559.78', '279954.88', '294847.88']
2026-05-05 20:27:30 | DEBUG   | dpfl.algorithms.trust_aware.simulator | Round 63 Phase 1+2: 0.13s
2026-05-05 20:27:36 | INFO    | dpfl.core.base_simulator | Round  64/150 | Acc: 0.8838 | Loss: 0.3882 | eps_max: 2.84 eps_avg: 2.84 | P: 0.85 R: 1.00 F1: 0.99
2026-05-05 20:27:36 | DEBUG   | dpfl.core.base_simulator | Update norms — honest: ['0.03', '0.02', '0.02', '0.02', '0.03'], attacker: ['866731.31', '1423973.12', '1360016.50', '984070.88', '964783.62']
2026-05-05 20:27:37 | DEBUG   | dpfl.algorithms.trust_aware.simulator | Round 64 Phase 1+2: 0.51s
2026-05-05 20:27:44 | INFO    | dpfl.core.base_simulator | Round  65/150 | Acc: 0.8845 | Loss: 0.3861 | eps_max: 2.88 eps_avg: 2.88 | P: 0.98 R: 1.00 F1: 0.99
2026-05-05 20:27:44 | DEBUG   | dpfl.core.base_simulator | Update norms — honest: ['0.02', '0.02', '0.03', '0.02', '0.02'], attacker: ['2977808.25', '4887341.00', '4736190.00', '3396236.50', '3531308.00']
2026-05-05 20:27:45 | DEBUG   | dpfl.algorithms.trust_aware.simulator | Round 65 Phase 1+2: 0.51s
2026-05-05 20:27:59 | INFO    | dpfl.core.base_simulator | Round  66/150 | Acc: 0.8845 | Loss: 0.3858 | eps_max: 2.91 eps_avg: 2.91 | P: 1.00 R: 1.00 F1: 1.00
2026-05-05 20:27:59 | DEBUG   | dpfl.core.base_simulator | Update norms — honest: ['0.02', '0.02', '0.02', '0.02', '0.02'], attacker: ['10480096.00', '16663463.00', '15986142.00', '11927399.00', '11656013.00']
2026-05-05 20:27:59 | DEBUG   | dpfl.algorithms.trust_aware.simulator | Round 66 Phase 1+2: 0.50s
2026-05-05 20:28:08 | INFO    | dpfl.core.base_simulator | Round  67/150 | Acc: 0.8848 | Loss: 0.3850 | eps_max: 2.95 eps_avg: 2.95 | P: 1.00 R: 1.00 F1: 1.00
2026-05-05 20:28:08 | DEBUG   | dpfl.core.base_simulator | Update norms — honest: ['0.02', '0.02', '0.02', '0.02', '0.02'], attacker: ['35938216.00', '59519448.00', '54990692.00', '41560520.00', '42539772.00']
2026-05-05 20:28:08 | DEBUG   | dpfl.algorithms.trust_aware.simulator | Round 67 Phase 1+2: 0.16s
2026-05-05 20:28:19 | INFO    | dpfl.core.base_simulator | Round  68/150 | Acc: 0.8847 | Loss: 0.3849 | eps_max: 2.99 eps_avg: 2.99 | P: 0.72 R: 1.00 F1: 0.97
2026-05-05 20:28:19 | DEBUG   | dpfl.core.base_simulator | Update norms — honest: ['0.02', '0.02', '0.02', '0.07', '0.02'], attacker: ['126488848.00', '202158096.00', '188915984.00', '143593920.00', '144378592.00']
2026-05-05 20:28:19 | DEBUG   | dpfl.algorithms.trust_aware.simulator | Round 68 Phase 1+2: 0.13s
2026-05-05 20:28:36 | INFO    | dpfl.core.base_simulator | Round  69/150 | Acc: 0.8849 | Loss: 0.3844 | eps_max: 3.02 eps_avg: 3.02 | P: 0.83 R: 1.00 F1: 0.99
2026-05-05 20:28:36 | DEBUG   | dpfl.core.base_simulator | Update norms — honest: ['0.02', '0.02', '0.02', '0.02', '0.02'], attacker: ['427634624.00', '683497408.00', '685528128.00', '504513312.00', '510071584.00']
2026-05-05 20:28:36 | DEBUG   | dpfl.algorithms.trust_aware.simulator | Round 69 Phase 1+2: 0.14s
2026-05-05 20:28:58 | INFO    | dpfl.core.base_simulator | Round  70/150 | Acc: 0.8850 | Loss: 0.3838 | eps_max: 3.06 eps_avg: 3.06 | P: 1.00 R: 1.00 F1: 1.00
2026-05-05 20:28:58 | DEBUG   | dpfl.core.base_simulator | Update norms — honest: ['0.02', '0.02', '0.02', '0.02', '0.02'], attacker: ['1510771456.00', '2375227648.00', '2314992384.00', '1733829504.00', '1702148352.00']
2026-05-05 20:28:59 | DEBUG   | dpfl.algorithms.trust_aware.simulator | Round 70 Phase 1+2: 0.48s
2026-05-05 20:29:20 | INFO    | dpfl.core.base_simulator | Round  71/150 | Acc: 0.8850 | Loss: 0.3835 | eps_max: 3.10 eps_avg: 3.10 | P: 0.60 R: 1.00 F1: 1.00
2026-05-05 20:29:20 | DEBUG   | dpfl.core.base_simulator | Update norms — honest: ['0.02', '0.02', '0.03', '0.03', '0.02'], attacker: ['5128357376.00', '8372442624.00', '8040493056.00', '5893388800.00', '6147091968.00']
2026-05-05 20:29:20 | DEBUG   | dpfl.algorithms.trust_aware.simulator | Round 71 Phase 1+2: 0.49s
2026-05-05 20:29:37 | INFO    | dpfl.core.base_simulator | Round  72/150 | Acc: 0.8851 | Loss: 0.3833 | eps_max: 3.14 eps_avg: 3.14 | P: 0.89 R: 1.00 F1: 1.00
2026-05-05 20:29:37 | DEBUG   | dpfl.core.base_simulator | Update norms — honest: ['0.02', '0.02', '0.02', '0.02', '0.02'], attacker: ['17936220160.00', '29095399424.00', '28115951616.00', '20661884928.00', '21262977024.00']
2026-05-05 20:29:38 | DEBUG   | dpfl.algorithms.trust_aware.simulator | Round 72 Phase 1+2: 0.50s
2026-05-05 20:29:51 | INFO    | dpfl.core.base_simulator | Round  73/150 | Acc: 0.8843 | Loss: 0.3859 | eps_max: 3.18 eps_avg: 3.18 | P: 0.89 R: 1.00 F1: 1.00
2026-05-05 20:29:51 | DEBUG   | dpfl.core.base_simulator | Update norms — honest: ['0.02', '0.02', '0.02', '0.02', '0.02'], attacker: ['62410510336.00', '97683816448.00', '96214622208.00', '69785935872.00', '74812588032.00']
2026-05-05 20:29:52 | DEBUG   | dpfl.algorithms.trust_aware.simulator | Round 73 Phase 1+2: 0.51s
2026-05-05 20:30:01 | INFO    | dpfl.core.base_simulator | Round  74/150 | Acc: 0.8835 | Loss: 0.3910 | eps_max: 3.23 eps_avg: 3.23 | P: 0.80 R: 1.00 F1: 1.00
2026-05-05 20:30:01 | DEBUG   | dpfl.core.base_simulator | Update norms — honest: ['0.02', '0.02', '0.02', '0.02', '0.02'], attacker: ['219613462528.00', '334745272320.00', '344286396416.00', '246164242432.00', '245699870720.00']
2026-05-05 20:30:01 | DEBUG   | dpfl.algorithms.trust_aware.simulator | Round 74 Phase 1+2: 0.13s
2026-05-05 20:30:09 | INFO    | dpfl.core.base_simulator | Round  75/150 | Acc: 0.8853 | Loss: 0.3827 | eps_max: 3.27 eps_avg: 3.27 | P: 0.92 R: 1.00 F1: 1.00
2026-05-05 20:30:09 | DEBUG   | dpfl.core.base_simulator | Update norms — honest: ['0.02', '0.02', '0.02', '0.02', '0.02'], attacker: ['754931597312.00', '1173801271296.00', '1172518993920.00', '861836410880.00', '878649344000.00']
2026-05-05 20:30:09 | DEBUG   | dpfl.algorithms.trust_aware.simulator | Round 75 Phase 1+2: 0.13s
2026-05-05 20:30:23 | INFO    | dpfl.core.base_simulator | Round  76/150 | Acc: 0.8853 | Loss: 0.3827 | eps_max: 3.31 eps_avg: 3.31 | P: 0.89 R: 1.00 F1: 0.99
2026-05-05 20:30:23 | DEBUG   | dpfl.core.base_simulator | Update norms — honest: ['0.02', '0.02', '0.02', '0.02', '0.02'], attacker: ['2634331717632.00', '4065354842112.00', '3989140144128.00', '2994770542592.00', '3107574513664.00']
2026-05-05 20:30:23 | DEBUG   | dpfl.algorithms.trust_aware.simulator | Round 76 Phase 1+2: 0.14s
2026-05-05 20:30:42 | INFO    | dpfl.core.base_simulator | Round  77/150 | Acc: 0.8848 | Loss: 0.3840 | eps_max: 3.36 eps_avg: 3.36 | P: 0.83 R: 1.00 F1: 1.00
2026-05-05 20:30:42 | DEBUG   | dpfl.core.base_simulator | Update norms — honest: ['0.02', '0.02', '0.02', '0.02', '0.02'], attacker: ['8865809694720.00', '14204745547776.00', '14227185074176.00', '10006438084608.00', '10770112839680.00']
2026-05-05 20:30:42 | DEBUG   | dpfl.algorithms.trust_aware.simulator | Round 77 Phase 1+2: 0.13s
2026-05-05 20:31:05 | INFO    | dpfl.core.base_simulator | Round  78/150 | Acc: 0.8851 | Loss: 0.3830 | eps_max: 3.40 eps_avg: 3.40 | P: 0.62 R: 1.00 F1: 0.99
2026-05-05 20:31:05 | DEBUG   | dpfl.core.base_simulator | Update norms — honest: ['0.02', '0.02', '0.02', '0.02', '0.02'], attacker: ['31654542311424.00', '47934515183616.00', '47902302928896.00', '35623054344192.00', '35823424634880.00']
2026-05-05 20:31:06 | DEBUG   | dpfl.algorithms.trust_aware.simulator | Round 78 Phase 1+2: 0.49s
2026-05-05 20:31:28 | INFO    | dpfl.core.base_simulator | Round  79/150 | Acc: 0.8853 | Loss: 0.3823 | eps_max: 3.45 eps_avg: 3.45 | P: 1.00 R: 1.00 F1: 1.00
2026-05-05 20:31:28 | DEBUG   | dpfl.core.base_simulator | Update norms — honest: ['0.02', '0.02', '0.02', '0.02', '0.02'], attacker: ['106647980605440.00', '166970544619520.00', '168936213577728.00', '121372411953152.00', '131773581230080.00']
2026-05-05 20:31:29 | DEBUG   | dpfl.algorithms.trust_aware.simulator | Round 79 Phase 1+2: 0.50s
2026-05-05 20:31:48 | INFO    | dpfl.core.base_simulator | Round  80/150 | Acc: 0.8851 | Loss: 0.3828 | eps_max: 3.50 eps_avg: 3.50 | P: 1.00 R: 1.00 F1: 1.00
2026-05-05 20:31:48 | DEBUG   | dpfl.core.base_simulator | Update norms — honest: ['0.02', '0.02', '0.02', '0.02', '0.02'], attacker: ['358438039191552.00', '591388206956544.00', '586537779593216.00', '426848680935424.00', '426773787443200.00']
2026-05-05 20:31:48 | DEBUG   | dpfl.algorithms.trust_aware.simulator | Round 80 Phase 1+2: 0.50s
2026-05-05 20:32:04 | INFO    | dpfl.core.base_simulator | Round  81/150 | Acc: 0.8854 | Loss: 0.3821 | eps_max: 3.55 eps_avg: 3.55 | P: 0.91 R: 1.00 F1: 1.00
2026-05-05 20:32:04 | DEBUG   | dpfl.core.base_simulator | Update norms — honest: ['0.02', '0.02', '0.02', '0.02', '0.02'], attacker: ['1291847913701376.00', '1974136888885248.00', '2002907666841600.00', '1414878862508032.00', '1559805554589696.00']
2026-05-05 20:32:04 | DEBUG   | dpfl.algorithms.trust_aware.simulator | Round 81 Phase 1+2: 0.50s
2026-05-05 20:32:16 | INFO    | dpfl.core.base_simulator | Round  82/150 | Acc: 0.8854 | Loss: 0.3823 | eps_max: 3.60 eps_avg: 3.60 | P: 0.92 R: 1.00 F1: 1.00
2026-05-05 20:32:16 | DEBUG   | dpfl.core.base_simulator | Update norms — honest: ['0.02', '0.02', '0.02', '0.02', '0.02'], attacker: ['4327430269435904.00', '6985027720052736.00', '6887686581256192.00', '5034061374423040.00', '5160620638863360.00']
2026-05-05 20:32:17 | DEBUG   | dpfl.algorithms.trust_aware.simulator | Round 82 Phase 1+2: 0.48s
2026-05-05 20:32:24 | INFO    | dpfl.core.base_simulator | Round  83/150 | Acc: 0.8846 | Loss: 0.3850 | eps_max: 3.65 eps_avg: 3.65 | P: 1.00 R: 1.00 F1: 1.00
2026-05-05 20:32:24 | DEBUG   | dpfl.core.base_simulator | Update norms — honest: ['0.02', '0.02', '0.02', '0.02', '0.02'], attacker: ['15157450688692224.00', '24076547279290368.00', '24449640350875648.00', '16846709644591104.00', '18815871619170304.00']
2026-05-05 20:32:24 | DEBUG   | dpfl.algorithms.trust_aware.simulator | Round 83 Phase 1+2: 0.13s
2026-05-05 20:32:32 | INFO    | dpfl.core.base_simulator | Round  84/150 | Acc: 0.8856 | Loss: 0.3818 | eps_max: 3.71 eps_avg: 3.71 | P: 0.83 R: 1.00 F1: 1.00
2026-05-05 20:32:32 | DEBUG   | dpfl.core.base_simulator | Update norms — honest: ['0.02', '0.02', '0.02', '0.02', '0.02'], attacker: ['53156740048355328.00', '84829607005519872.00', '85155655152828416.00', '60377220023058432.00', '65141884942548992.00']
2026-05-05 20:32:32 | DEBUG   | dpfl.algorithms.trust_aware.simulator | Round 84 Phase 1+2: 0.14s
2026-05-05 20:32:45 | INFO    | dpfl.core.base_simulator | Round  85/150 | Acc: 0.8855 | Loss: 0.3822 | eps_max: 3.76 eps_avg: 3.76 | P: 1.00 R: 1.00 F1: 1.00
2026-05-05 20:32:45 | DEBUG   | dpfl.core.base_simulator | Update norms — honest: ['0.02', '0.02', '0.02', '0.02', '0.02'], attacker: ['183641462863298560.00', '288342457618268160.00', '300164544079069184.00', '208053163620564992.00', '229991839388663808.00']
2026-05-05 20:32:45 | DEBUG   | dpfl.algorithms.trust_aware.simulator | Round 85 Phase 1+2: 0.13s
2026-05-05 20:33:02 | INFO    | dpfl.core.base_simulator | Round  86/150 | Acc: 0.8856 | Loss: 0.3820 | eps_max: 3.82 eps_avg: 3.82 | P: 0.62 R: 1.00 F1: 0.99
2026-05-05 20:33:02 | DEBUG   | dpfl.core.base_simulator | Update norms — honest: ['0.02', '0.02', '0.02', '0.02', '0.02'], attacker: ['632148611068592128.00', '989171581479550976.00', '996785905660329984.00', '719608026549452800.00', '762139060457177088.00']
2026-05-05 20:33:02 | DEBUG   | dpfl.algorithms.trust_aware.simulator | Round 86 Phase 1+2: 0.13s
2026-05-05 20:33:24 | INFO    | dpfl.core.base_simulator | Round  87/150 | Acc: 0.8856 | Loss: 0.3819 | eps_max: 3.87 eps_avg: 3.87 | P: 1.00 R: 1.00 F1: 1.00
2026-05-05 20:33:24 | DEBUG   | dpfl.core.base_simulator | Update norms — honest: ['0.02', '0.02', '0.02', '0.02', '0.02'], attacker: ['2233301217742684160.00', '3479166776707645440.00', '3611591407401172992.00', '2490052438552215552.00', '2774641507070640128.00']
2026-05-05 20:33:25 | DEBUG   | dpfl.algorithms.trust_aware.simulator | Round 87 Phase 1+2: 0.50s
2026-05-05 20:33:49 | INFO    | dpfl.core.base_simulator | Round  88/150 | Acc: 0.8857 | Loss: 0.3819 | eps_max: 3.92 eps_avg: 3.92 | P: 0.89 R: 1.00 F1: 0.99
2026-05-05 20:33:49 | DEBUG   | dpfl.core.base_simulator | Update norms — honest: ['0.02', '0.02', '0.02', '0.02', '0.02'], attacker: ['7767556519272382464.00', '12135934358368288768.00', '12542835024505864192.00', '8640596239517220864.00', '9183894071859478528.00']
2026-05-05 20:33:50 | DEBUG   | dpfl.algorithms.trust_aware.simulator | Round 88 Phase 1+2: 0.48s
2026-05-05 20:34:11 | INFO    | dpfl.core.base_simulator | Round  89/150 | Acc: 0.8857 | Loss: 0.3819 | eps_max: 3.96 eps_avg: 3.96 | P: 0.74 R: 1.00 F1: 1.00
2026-05-05 20:34:11 | DEBUG   | dpfl.core.base_simulator | Update norms — honest: ['0.02', '0.02', '0.02', '0.02', '0.02'], attacker: ['inf', 'nan', 'nan', 'inf', 'inf']
2026-05-05 20:34:11 | DEBUG   | dpfl.algorithms.trust_aware.simulator | Round 89 Phase 1+2: 0.49s
2026-05-05 20:34:29 | INFO    | dpfl.core.base_simulator | Round  90/150 | Acc: 0.8857 | Loss: 0.3820 | eps_max: 4.00 eps_avg: 4.00 | P: 0.98 R: 1.00 F1: 0.99
2026-05-05 20:34:29 | DEBUG   | dpfl.core.base_simulator | Update norms — honest: ['0.02', '0.02', '0.02', '0.02', '0.02'], attacker: ['nan', 'nan', 'nan', 'nan', 'nan']
2026-05-05 20:34:29 | DEBUG   | dpfl.algorithms.trust_aware.simulator | Round 90 Phase 1+2: 0.51s
2026-05-05 20:34:43 | INFO    | dpfl.core.base_simulator | Round  91/150 | Acc: 0.8857 | Loss: 0.3822 | eps_max: 4.05 eps_avg: 4.05 | P: 0.92 R: 1.00 F1: 0.99
2026-05-05 20:34:43 | DEBUG   | dpfl.core.base_simulator | Update norms — honest: ['0.02', '0.02', '0.02', '0.02', '0.02'], attacker: ['nan', 'nan', 'nan', 'nan', 'nan']
2026-05-05 20:34:44 | DEBUG   | dpfl.algorithms.trust_aware.simulator | Round 91 Phase 1+2: 0.49s
2026-05-05 20:34:54 | INFO    | dpfl.core.base_simulator | Round  92/150 | Acc: 0.8856 | Loss: 0.3823 | eps_max: 4.09 eps_avg: 4.09 | P: 1.00 R: 1.00 F1: 1.00
2026-05-05 20:34:54 | DEBUG   | dpfl.core.base_simulator | Update norms — honest: ['0.02', '0.02', '0.02', '0.02', '0.02'], attacker: ['nan', 'nan', 'nan', 'nan', 'nan']
2026-05-05 20:34:54 | DEBUG   | dpfl.algorithms.trust_aware.simulator | Round 92 Phase 1+2: 0.13s
2026-05-05 20:35:02 | INFO    | dpfl.core.base_simulator | Round  93/150 | Acc: 0.8857 | Loss: 0.3822 | eps_max: 4.14 eps_avg: 4.14 | P: 0.72 R: 1.00 F1: 0.99
2026-05-05 20:35:02 | DEBUG   | dpfl.core.base_simulator | Update norms — honest: ['0.02', '0.02', '0.02', '0.02', '0.02'], attacker: ['nan', 'nan', 'nan', 'nan', 'nan']
2026-05-05 20:35:02 | DEBUG   | dpfl.algorithms.trust_aware.simulator | Round 93 Phase 1+2: 0.13s
2026-05-05 20:35:10 | INFO    | dpfl.core.base_simulator | Round  94/150 | Acc: 0.8852 | Loss: 0.3843 | eps_max: 4.18 eps_avg: 4.18 | P: 0.77 R: 1.00 F1: 1.00
2026-05-05 20:35:10 | DEBUG   | dpfl.core.base_simulator | Update norms — honest: ['0.02', '0.02', '0.02', '0.02', '0.02'], attacker: ['nan', 'nan', 'nan', 'nan', 'nan']
2026-05-05 20:35:10 | DEBUG   | dpfl.algorithms.trust_aware.simulator | Round 94 Phase 1+2: 0.13s
2026-05-05 20:35:18 | INFO    | dpfl.core.base_simulator | Round  95/150 | Acc: 0.8854 | Loss: 0.3835 | eps_max: 4.23 eps_avg: 4.23 | P: 0.99 R: 1.00 F1: 1.00
2026-05-05 20:35:18 | DEBUG   | dpfl.core.base_simulator | Update norms — honest: ['0.02', '0.02', '0.02', '0.02', '0.02'], attacker: ['nan', 'nan', 'nan', 'nan', 'nan']
2026-05-05 20:35:18 | DEBUG   | dpfl.algorithms.trust_aware.simulator | Round 95 Phase 1+2: 0.13s
2026-05-05 20:35:29 | INFO    | dpfl.core.base_simulator | Round  96/150 | Acc: 0.8851 | Loss: 0.3856 | eps_max: 4.28 eps_avg: 4.28 | P: 0.86 R: 1.00 F1: 1.00
2026-05-05 20:35:29 | DEBUG   | dpfl.core.base_simulator | Update norms — honest: ['0.15', '0.02', '0.02', '0.02', '0.02'], attacker: ['nan', 'nan', 'nan', 'nan', 'nan']
2026-05-05 20:35:30 | DEBUG   | dpfl.algorithms.trust_aware.simulator | Round 96 Phase 1+2: 0.13s
2026-05-05 20:35:45 | INFO    | dpfl.core.base_simulator | Round  97/150 | Acc: 0.8858 | Loss: 0.3827 | eps_max: 4.33 eps_avg: 4.33 | P: 1.00 R: 1.00 F1: 1.00
2026-05-05 20:35:45 | DEBUG   | dpfl.core.base_simulator | Update norms — honest: ['0.02', '0.02', '0.02', '0.02', '0.02'], attacker: ['nan', 'nan', 'nan', 'nan', 'nan']
2026-05-05 20:35:45 | DEBUG   | dpfl.algorithms.trust_aware.simulator | Round 97 Phase 1+2: 0.13s
2026-05-05 20:36:06 | INFO    | dpfl.core.base_simulator | Round  98/150 | Acc: 0.8857 | Loss: 0.3828 | eps_max: 4.38 eps_avg: 4.38 | P: 0.85 R: 1.00 F1: 1.00
2026-05-05 20:36:06 | DEBUG   | dpfl.core.base_simulator | Update norms — honest: ['0.02', '0.02', '0.02', '0.02', '0.02'], attacker: ['nan', 'nan', 'nan', 'nan', 'nan']
2026-05-05 20:36:06 | DEBUG   | dpfl.algorithms.trust_aware.simulator | Round 98 Phase 1+2: 0.13s
2026-05-05 20:36:30 | INFO    | dpfl.core.base_simulator | Round  99/150 | Acc: 0.8858 | Loss: 0.3829 | eps_max: 4.43 eps_avg: 4.43 | P: 1.00 R: 1.00 F1: 1.00
2026-05-05 20:36:30 | DEBUG   | dpfl.core.base_simulator | Update norms — honest: ['0.02', '0.02', '0.01', '0.02', '0.02'], attacker: ['nan', 'nan', 'nan', 'nan', 'nan']
2026-05-05 20:36:30 | DEBUG   | dpfl.algorithms.trust_aware.simulator | Round 99 Phase 1+2: 0.49s
2026-05-05 20:36:54 | INFO    | dpfl.core.base_simulator | Round 100/150 | Acc: 0.8857 | Loss: 0.3831 | eps_max: 4.49 eps_avg: 4.49 | P: 1.00 R: 1.00 F1: 1.00
2026-05-05 20:36:54 | DEBUG   | dpfl.core.base_simulator | Update norms — honest: ['0.02', '0.02', '0.02', '0.02', '0.02'], attacker: ['nan', 'nan', 'nan', 'nan', 'nan']
2026-05-05 20:36:54 | DEBUG   | dpfl.algorithms.trust_aware.simulator | Round 100 Phase 1+2: 0.49s
2026-05-05 20:37:15 | INFO    | dpfl.core.base_simulator | Round 101/150 | Acc: 0.8858 | Loss: 0.3831 | eps_max: 4.54 eps_avg: 4.54 | P: 0.98 R: 1.00 F1: 0.99
2026-05-05 20:37:15 | DEBUG   | dpfl.core.base_simulator | Update norms — honest: ['0.02', '0.02', '0.02', '0.02', '0.02'], attacker: ['nan', 'nan', 'nan', 'nan', 'nan']
2026-05-05 20:37:15 | DEBUG   | dpfl.algorithms.trust_aware.simulator | Round 101 Phase 1+2: 0.49s
2026-05-05 20:37:34 | INFO    | dpfl.core.base_simulator | Round 102/150 | Acc: 0.8858 | Loss: 0.3832 | eps_max: 4.60 eps_avg: 4.60 | P: 1.00 R: 1.00 F1: 1.00
2026-05-05 20:37:34 | DEBUG   | dpfl.core.base_simulator | Update norms — honest: ['0.02', '0.02', '0.01', '0.02', '0.02'], attacker: ['nan', 'nan', 'nan', 'nan', 'nan']
2026-05-05 20:37:34 | DEBUG   | dpfl.algorithms.trust_aware.simulator | Round 102 Phase 1+2: 0.50s
2026-05-05 20:37:50 | INFO    | dpfl.core.base_simulator | Round 103/150 | Acc: 0.8858 | Loss: 0.3834 | eps_max: 4.65 eps_avg: 4.65 | P: 0.86 R: 1.00 F1: 1.00
2026-05-05 20:37:50 | DEBUG   | dpfl.core.base_simulator | Update norms — honest: ['0.02', '0.01', '0.02', '0.02', '0.02'], attacker: ['nan', 'nan', 'nan', 'nan', 'nan']
2026-05-05 20:37:50 | DEBUG   | dpfl.algorithms.trust_aware.simulator | Round 103 Phase 1+2: 0.50s
2026-05-05 20:38:02 | INFO    | dpfl.core.base_simulator | Round 104/150 | Acc: 0.8857 | Loss: 0.3839 | eps_max: 4.71 eps_avg: 4.71 | P: 0.86 R: 1.00 F1: 1.00
2026-05-05 20:38:02 | DEBUG   | dpfl.core.base_simulator | Update norms — honest: ['0.01', '0.01', '0.02', '0.02', '0.02'], attacker: ['nan', 'nan', 'nan', 'nan', 'nan']
2026-05-05 20:38:03 | DEBUG   | dpfl.algorithms.trust_aware.simulator | Round 104 Phase 1+2: 0.50s
2026-05-05 20:38:12 | INFO    | dpfl.core.base_simulator | Round 105/150 | Acc: 0.8858 | Loss: 0.3838 | eps_max: 4.77 eps_avg: 4.77 | P: 0.92 R: 1.00 F1: 1.00
2026-05-05 20:38:12 | DEBUG   | dpfl.core.base_simulator | Update norms — honest: ['0.02', '0.02', '0.02', '0.01', '0.02'], attacker: ['nan', 'nan', 'nan', 'nan', 'nan']
2026-05-05 20:38:12 | DEBUG   | dpfl.algorithms.trust_aware.simulator | Round 105 Phase 1+2: 0.13s
2026-05-05 20:38:20 | INFO    | dpfl.core.base_simulator | Round 106/150 | Acc: 0.8859 | Loss: 0.3839 | eps_max: 4.83 eps_avg: 4.83 | P: 1.00 R: 1.00 F1: 1.00
2026-05-05 20:38:20 | DEBUG   | dpfl.core.base_simulator | Update norms — honest: ['0.02', '0.02', '0.01', '0.01', '0.02'], attacker: ['nan', 'nan', 'nan', 'nan', 'nan']
2026-05-05 20:38:21 | DEBUG   | dpfl.algorithms.trust_aware.simulator | Round 106 Phase 1+2: 0.13s
2026-05-05 20:38:29 | INFO    | dpfl.core.base_simulator | Round 107/150 | Acc: 0.8856 | Loss: 0.3848 | eps_max: 4.90 eps_avg: 4.90 | P: 1.00 R: 1.00 F1: 1.00
2026-05-05 20:38:29 | DEBUG   | dpfl.core.base_simulator | Update norms — honest: ['0.02', '0.02', '0.01', '0.01', '0.02'], attacker: ['nan', 'nan', 'nan', 'nan', 'nan']
2026-05-05 20:38:29 | DEBUG   | dpfl.algorithms.trust_aware.simulator | Round 107 Phase 1+2: 0.14s
2026-05-05 20:38:37 | INFO    | dpfl.core.base_simulator | Round 108/150 | Acc: 0.8858 | Loss: 0.3843 | eps_max: 4.96 eps_avg: 4.96 | P: 0.91 R: 1.00 F1: 0.99
2026-05-05 20:38:37 | DEBUG   | dpfl.core.base_simulator | Update norms — honest: ['0.02', '0.01', '0.01', '0.01', '0.02'], attacker: ['nan', 'nan', 'nan', 'nan', 'nan']
2026-05-05 20:38:37 | DEBUG   | dpfl.algorithms.trust_aware.simulator | Round 108 Phase 1+2: 0.13s
2026-05-05 20:38:46 | INFO    | dpfl.core.base_simulator | Round 109/150 | Acc: 0.8857 | Loss: 0.3847 | eps_max: 5.02 eps_avg: 5.02 | P: 0.99 R: 1.00 F1: 1.00
2026-05-05 20:38:46 | DEBUG   | dpfl.core.base_simulator | Update norms — honest: ['0.02', '0.02', '0.02', '0.02', '0.02'], attacker: ['nan', 'nan', 'nan', 'nan', 'nan']
2026-05-05 20:38:46 | DEBUG   | dpfl.algorithms.trust_aware.simulator | Round 109 Phase 1+2: 0.13s
2026-05-05 20:38:55 | INFO    | dpfl.core.base_simulator | Round 110/150 | Acc: 0.8858 | Loss: 0.3848 | eps_max: 5.09 eps_avg: 5.09 | P: 0.89 R: 1.00 F1: 0.99
2026-05-05 20:38:55 | DEBUG   | dpfl.core.base_simulator | Update norms — honest: ['0.01', '0.02', '0.02', '0.02', '0.01'], attacker: ['nan', 'nan', 'nan', 'nan', 'nan']
2026-05-05 20:38:55 | DEBUG   | dpfl.algorithms.trust_aware.simulator | Round 110 Phase 1+2: 0.13s
2026-05-05 20:39:08 | INFO    | dpfl.core.base_simulator | Round 111/150 | Acc: 0.8858 | Loss: 0.3849 | eps_max: 5.16 eps_avg: 5.16 | P: 0.88 R: 1.00 F1: 1.00
2026-05-05 20:39:08 | DEBUG   | dpfl.core.base_simulator | Update norms — honest: ['0.02', '0.01', '0.01', '0.02', '0.01'], attacker: ['nan', 'nan', 'nan', 'nan', 'nan']
2026-05-05 20:39:08 | DEBUG   | dpfl.algorithms.trust_aware.simulator | Round 111 Phase 1+2: 0.13s
2026-05-05 20:39:23 | INFO    | dpfl.core.base_simulator | Round 112/150 | Acc: 0.8858 | Loss: 0.3852 | eps_max: 5.21 eps_avg: 5.21 | P: 0.77 R: 1.00 F1: 0.96
2026-05-05 20:39:23 | DEBUG   | dpfl.core.base_simulator | Update norms — honest: ['0.01', '0.01', '0.01', '0.01', '0.02'], attacker: ['nan', 'nan', 'nan', 'nan', 'nan']
2026-05-05 20:39:23 | DEBUG   | dpfl.algorithms.trust_aware.simulator | Round 112 Phase 1+2: 0.13s
2026-05-05 20:39:42 | INFO    | dpfl.core.base_simulator | Round 113/150 | Acc: 0.8858 | Loss: 0.3853 | eps_max: 5.25 eps_avg: 5.25 | P: 0.99 R: 1.00 F1: 1.00
2026-05-05 20:39:42 | DEBUG   | dpfl.core.base_simulator | Update norms — honest: ['0.01', '0.02', '0.02', '0.02', '0.02'], attacker: ['nan', 'nan', 'nan', 'nan', 'nan']
2026-05-05 20:39:42 | DEBUG   | dpfl.algorithms.trust_aware.simulator | Round 113 Phase 1+2: 0.14s
2026-05-05 20:40:05 | INFO    | dpfl.core.base_simulator | Round 114/150 | Acc: 0.8858 | Loss: 0.3855 | eps_max: 5.30 eps_avg: 5.30 | P: 0.91 R: 1.00 F1: 0.99
2026-05-05 20:40:05 | DEBUG   | dpfl.core.base_simulator | Update norms — honest: ['0.01', '0.01', '0.01', '0.02', '0.01'], attacker: ['nan', 'nan', 'nan', 'nan', 'nan']
2026-05-05 20:40:05 | DEBUG   | dpfl.algorithms.trust_aware.simulator | Round 114 Phase 1+2: 0.21s
2026-05-05 20:40:30 | INFO    | dpfl.core.base_simulator | Round 115/150 | Acc: 0.8857 | Loss: 0.3860 | eps_max: 5.34 eps_avg: 5.34 | P: 0.93 R: 1.00 F1: 1.00
2026-05-05 20:40:30 | DEBUG   | dpfl.core.base_simulator | Update norms — honest: ['0.02', '0.02', '0.01', '0.01', '0.02'], attacker: ['nan', 'nan', 'nan', 'nan', 'nan']
2026-05-05 20:40:31 | DEBUG   | dpfl.algorithms.trust_aware.simulator | Round 115 Phase 1+2: 0.21s
2026-05-05 20:40:56 | INFO    | dpfl.core.base_simulator | Round 116/150 | Acc: 0.8858 | Loss: 0.3861 | eps_max: 5.39 eps_avg: 5.39 | P: 0.90 R: 1.00 F1: 1.00
2026-05-05 20:40:56 | DEBUG   | dpfl.core.base_simulator | Update norms — honest: ['0.02', '0.01', '0.01', '0.01', '0.02'], attacker: ['nan', 'nan', 'nan', 'nan', 'nan']
2026-05-05 20:40:57 | DEBUG   | dpfl.algorithms.trust_aware.simulator | Round 116 Phase 1+2: 0.51s
2026-05-05 20:41:21 | INFO    | dpfl.core.base_simulator | Round 117/150 | Acc: 0.8858 | Loss: 0.3863 | eps_max: 5.44 eps_avg: 5.44 | P: 0.74 R: 1.00 F1: 0.92
2026-05-05 20:41:21 | DEBUG   | dpfl.core.base_simulator | Update norms — honest: ['0.01', '0.01', '0.01', '0.01', '0.01'], attacker: ['nan', 'nan', 'nan', 'nan', 'nan']
2026-05-05 20:41:21 | DEBUG   | dpfl.algorithms.trust_aware.simulator | Round 117 Phase 1+2: 0.49s
2026-05-05 20:41:43 | INFO    | dpfl.core.base_simulator | Round 118/150 | Acc: 0.8858 | Loss: 0.3867 | eps_max: 5.49 eps_avg: 5.49 | P: 0.58 R: 1.00 F1: 0.98
2026-05-05 20:41:43 | DEBUG   | dpfl.core.base_simulator | Update norms — honest: ['0.02', '0.01', '0.01', '0.01', '0.01'], attacker: ['nan', 'nan', 'nan', 'nan', 'nan']
2026-05-05 20:41:43 | DEBUG   | dpfl.algorithms.trust_aware.simulator | Round 118 Phase 1+2: 0.52s
2026-05-05 20:42:02 | INFO    | dpfl.core.base_simulator | Round 119/150 | Acc: 0.8858 | Loss: 0.3868 | eps_max: 5.54 eps_avg: 5.54 | P: 0.96 R: 1.00 F1: 0.98
2026-05-05 20:42:02 | DEBUG   | dpfl.core.base_simulator | Update norms — honest: ['0.01', '0.01', '0.01', '0.01', '0.01'], attacker: ['nan', 'nan', 'nan', 'nan', 'nan']
2026-05-05 20:42:03 | DEBUG   | dpfl.algorithms.trust_aware.simulator | Round 119 Phase 1+2: 0.52s
2026-05-05 20:42:20 | INFO    | dpfl.core.base_simulator | Round 120/150 | Acc: 0.8858 | Loss: 0.3871 | eps_max: 5.59 eps_avg: 5.59 | P: 0.91 R: 1.00 F1: 0.99
2026-05-05 20:42:20 | DEBUG   | dpfl.core.base_simulator | Update norms — honest: ['0.02', '0.01', '0.01', '0.01', '0.02'], attacker: ['nan', 'nan', 'nan', 'nan', 'nan']
2026-05-05 20:42:21 | DEBUG   | dpfl.algorithms.trust_aware.simulator | Round 120 Phase 1+2: 0.51s
2026-05-05 20:42:37 | INFO    | dpfl.core.base_simulator | Round 121/150 | Acc: 0.8857 | Loss: 0.3874 | eps_max: 5.64 eps_avg: 5.64 | P: 0.88 R: 1.00 F1: 1.00
2026-05-05 20:42:37 | DEBUG   | dpfl.core.base_simulator | Update norms — honest: ['0.01', '0.01', '0.01', '0.01', '0.01'], attacker: ['nan', 'nan', 'nan', 'nan', 'nan']
2026-05-05 20:42:37 | DEBUG   | dpfl.algorithms.trust_aware.simulator | Round 121 Phase 1+2: 0.50s
2026-05-05 20:42:53 | INFO    | dpfl.core.base_simulator | Round 122/150 | Acc: 0.8857 | Loss: 0.3877 | eps_max: 5.69 eps_avg: 5.69 | P: 0.83 R: 1.00 F1: 0.99
2026-05-05 20:42:53 | DEBUG   | dpfl.core.base_simulator | Update norms — honest: ['0.01', '0.02', '0.01', '0.01', '0.01'], attacker: ['nan', 'nan', 'nan', 'nan', 'nan']
2026-05-05 20:42:54 | DEBUG   | dpfl.algorithms.trust_aware.simulator | Round 122 Phase 1+2: 0.49s
2026-05-05 20:43:07 | INFO    | dpfl.core.base_simulator | Round 123/150 | Acc: 0.8858 | Loss: 0.3878 | eps_max: 5.74 eps_avg: 5.74 | P: 0.86 R: 1.00 F1: 0.98
2026-05-05 20:43:07 | DEBUG   | dpfl.core.base_simulator | Update norms — honest: ['0.01', '0.01', '0.01', '0.01', '0.02'], attacker: ['nan', 'nan', 'nan', 'nan', 'nan']
2026-05-05 20:43:07 | DEBUG   | dpfl.algorithms.trust_aware.simulator | Round 123 Phase 1+2: 0.48s
2026-05-05 20:43:18 | INFO    | dpfl.core.base_simulator | Round 124/150 | Acc: 0.8858 | Loss: 0.3880 | eps_max: 5.80 eps_avg: 5.80 | P: 0.83 R: 1.00 F1: 1.00
2026-05-05 20:43:18 | DEBUG   | dpfl.core.base_simulator | Update norms — honest: ['0.01', '0.01', '0.01', '0.01', '0.01'], attacker: ['nan', 'nan', 'nan', 'nan', 'nan']
2026-05-05 20:43:18 | DEBUG   | dpfl.algorithms.trust_aware.simulator | Round 124 Phase 1+2: 0.13s
2026-05-05 20:43:27 | INFO    | dpfl.core.base_simulator | Round 125/150 | Acc: 0.8858 | Loss: 0.3882 | eps_max: 5.85 eps_avg: 5.85 | P: 1.00 R: 1.00 F1: 1.00
2026-05-05 20:43:27 | DEBUG   | dpfl.core.base_simulator | Update norms — honest: ['0.01', '0.01', '0.01', '0.01', '0.01'], attacker: ['nan', 'nan', 'nan', 'nan', 'nan']
2026-05-05 20:43:28 | DEBUG   | dpfl.algorithms.trust_aware.simulator | Round 125 Phase 1+2: 0.13s
2026-05-05 20:43:37 | INFO    | dpfl.core.base_simulator | Round 126/150 | Acc: 0.8858 | Loss: 0.3886 | eps_max: 5.91 eps_avg: 5.91 | P: 1.00 R: 1.00 F1: 1.00
2026-05-05 20:43:37 | DEBUG   | dpfl.core.base_simulator | Update norms — honest: ['0.01', '0.01', '0.02', '0.01', '0.01'], attacker: ['nan', 'nan', 'nan', 'nan', 'nan']
2026-05-05 20:43:37 | DEBUG   | dpfl.algorithms.trust_aware.simulator | Round 126 Phase 1+2: 0.13s
2026-05-05 20:43:46 | INFO    | dpfl.core.base_simulator | Round 127/150 | Acc: 0.8859 | Loss: 0.3887 | eps_max: 5.97 eps_avg: 5.97 | P: 0.86 R: 1.00 F1: 1.00
2026-05-05 20:43:46 | DEBUG   | dpfl.core.base_simulator | Update norms — honest: ['0.01', '0.01', '0.01', '0.01', '0.01'], attacker: ['nan', 'nan', 'nan', 'nan', 'nan']
2026-05-05 20:43:46 | DEBUG   | dpfl.algorithms.trust_aware.simulator | Round 127 Phase 1+2: 0.13s
2026-05-05 20:43:55 | INFO    | dpfl.core.base_simulator | Round 128/150 | Acc: 0.8858 | Loss: 0.3891 | eps_max: 6.02 eps_avg: 6.02 | P: 0.83 R: 1.00 F1: 1.00
2026-05-05 20:43:55 | DEBUG   | dpfl.core.base_simulator | Update norms — honest: ['0.01', '0.01', '0.01', '0.01', '0.01'], attacker: ['nan', 'nan', 'nan', 'nan', 'nan']
2026-05-05 20:43:55 | DEBUG   | dpfl.algorithms.trust_aware.simulator | Round 128 Phase 1+2: 0.13s
2026-05-05 20:44:05 | INFO    | dpfl.core.base_simulator | Round 129/150 | Acc: 0.8858 | Loss: 0.3893 | eps_max: 6.08 eps_avg: 6.08 | P: 0.82 R: 1.00 F1: 1.00
2026-05-05 20:44:05 | DEBUG   | dpfl.core.base_simulator | Update norms — honest: ['0.01', '0.01', '0.01', '0.01', '0.01'], attacker: ['nan', 'nan', 'nan', 'nan', 'nan']
2026-05-05 20:44:05 | DEBUG   | dpfl.algorithms.trust_aware.simulator | Round 129 Phase 1+2: 0.14s
2026-05-05 20:44:14 | INFO    | dpfl.core.base_simulator | Round 130/150 | Acc: 0.8858 | Loss: 0.3895 | eps_max: 6.14 eps_avg: 6.14 | P: 0.90 R: 1.00 F1: 0.99
2026-05-05 20:44:14 | DEBUG   | dpfl.core.base_simulator | Update norms — honest: ['0.01', '0.01', '0.01', '0.01', '0.01'], attacker: ['nan', 'nan', 'nan', 'nan', 'nan']
2026-05-05 20:44:14 | DEBUG   | dpfl.algorithms.trust_aware.simulator | Round 130 Phase 1+2: 0.13s
2026-05-05 20:44:25 | INFO    | dpfl.core.base_simulator | Round 131/150 | Acc: 0.8858 | Loss: 0.3898 | eps_max: 6.20 eps_avg: 6.20 | P: 0.78 R: 1.00 F1: 1.00
2026-05-05 20:44:25 | DEBUG   | dpfl.core.base_simulator | Update norms — honest: ['0.01', '0.01', '0.01', '0.01', '0.01'], attacker: ['nan', 'nan', 'nan', 'nan', 'nan']
2026-05-05 20:44:25 | DEBUG   | dpfl.algorithms.trust_aware.simulator | Round 131 Phase 1+2: 0.13s
2026-05-05 20:44:40 | INFO    | dpfl.core.base_simulator | Round 132/150 | Acc: 0.8859 | Loss: 0.3899 | eps_max: 6.27 eps_avg: 6.27 | P: 1.00 R: 1.00 F1: 1.00
2026-05-05 20:44:40 | DEBUG   | dpfl.core.base_simulator | Update norms — honest: ['0.01', '0.01', '0.01', '0.01', '0.01'], attacker: ['nan', 'nan', 'nan', 'nan', 'nan']
2026-05-05 20:44:40 | DEBUG   | dpfl.algorithms.trust_aware.simulator | Round 132 Phase 1+2: 0.13s
2026-05-05 20:44:58 | INFO    | dpfl.core.base_simulator | Round 133/150 | Acc: 0.8858 | Loss: 0.3902 | eps_max: 6.33 eps_avg: 6.33 | P: 0.48 R: 1.00 F1: 0.94
2026-05-05 20:44:58 | DEBUG   | dpfl.core.base_simulator | Update norms — honest: ['0.01', '0.01', '0.01', '0.01', '0.01'], attacker: ['nan', 'nan', 'nan', 'nan', 'nan']
2026-05-05 20:44:58 | DEBUG   | dpfl.algorithms.trust_aware.simulator | Round 133 Phase 1+2: 0.14s
2026-05-05 20:45:19 | INFO    | dpfl.core.base_simulator | Round 134/150 | Acc: 0.8858 | Loss: 0.3906 | eps_max: 6.39 eps_avg: 6.39 | P: 0.78 R: 1.00 F1: 1.00
2026-05-05 20:45:19 | DEBUG   | dpfl.core.base_simulator | Update norms — honest: ['0.01', '0.01', '0.01', '0.01', '0.01'], attacker: ['nan', 'nan', 'nan', 'nan', 'nan']
2026-05-05 20:45:19 | DEBUG   | dpfl.algorithms.trust_aware.simulator | Round 134 Phase 1+2: 0.13s
2026-05-05 20:45:44 | INFO    | dpfl.core.base_simulator | Round 135/150 | Acc: 0.8858 | Loss: 0.3907 | eps_max: 6.46 eps_avg: 6.46 | P: 1.00 R: 1.00 F1: 1.00
2026-05-05 20:45:44 | DEBUG   | dpfl.core.base_simulator | Update norms — honest: ['0.01', '0.01', '0.01', '0.01', '0.01'], attacker: ['nan', 'nan', 'nan', 'nan', 'nan']
2026-05-05 20:45:44 | DEBUG   | dpfl.algorithms.trust_aware.simulator | Round 135 Phase 1+2: 0.51s
2026-05-05 20:46:10 | INFO    | dpfl.core.base_simulator | Round 136/150 | Acc: 0.8858 | Loss: 0.3910 | eps_max: 6.53 eps_avg: 6.53 | P: 0.72 R: 1.00 F1: 0.99
2026-05-05 20:46:10 | DEBUG   | dpfl.core.base_simulator | Update norms — honest: ['0.01', '0.01', '0.01', '0.01', '0.01'], attacker: ['nan', 'nan', 'nan', 'nan', 'nan']
2026-05-05 20:46:11 | DEBUG   | dpfl.algorithms.trust_aware.simulator | Round 136 Phase 1+2: 0.49s
2026-05-05 20:46:35 | INFO    | dpfl.core.base_simulator | Round 137/150 | Acc: 0.8859 | Loss: 0.3913 | eps_max: 6.59 eps_avg: 6.59 | P: 0.90 R: 1.00 F1: 1.00
2026-05-05 20:46:35 | DEBUG   | dpfl.core.base_simulator | Update norms — honest: ['0.01', '0.01', '0.01', '0.01', '0.01'], attacker: ['nan', 'nan', 'nan', 'nan', 'nan']
2026-05-05 20:46:36 | DEBUG   | dpfl.algorithms.trust_aware.simulator | Round 137 Phase 1+2: 0.50s
2026-05-05 20:46:58 | INFO    | dpfl.core.base_simulator | Round 138/150 | Acc: 0.8858 | Loss: 0.3918 | eps_max: 6.66 eps_avg: 6.66 | P: 0.90 R: 1.00 F1: 0.99
2026-05-05 20:46:58 | DEBUG   | dpfl.core.base_simulator | Update norms — honest: ['0.01', '0.01', '0.02', '0.01', '0.01'], attacker: ['nan', 'nan', 'nan', 'nan', 'nan']
2026-05-05 20:46:59 | DEBUG   | dpfl.algorithms.trust_aware.simulator | Round 138 Phase 1+2: 0.49s
2026-05-05 20:47:19 | INFO    | dpfl.core.base_simulator | Round 139/150 | Acc: 0.8858 | Loss: 0.3919 | eps_max: 6.73 eps_avg: 6.73 | P: 1.00 R: 1.00 F1: 1.00
2026-05-05 20:47:19 | DEBUG   | dpfl.core.base_simulator | Update norms — honest: ['0.01', '0.01', '0.01', '0.01', '0.01'], attacker: ['nan', 'nan', 'nan', 'nan', 'nan']
2026-05-05 20:47:20 | DEBUG   | dpfl.algorithms.trust_aware.simulator | Round 139 Phase 1+2: 0.50s
2026-05-05 20:47:39 | INFO    | dpfl.core.base_simulator | Round 140/150 | Acc: 0.8858 | Loss: 0.3922 | eps_max: 6.81 eps_avg: 6.81 | P: 0.78 R: 1.00 F1: 0.99
2026-05-05 20:47:39 | DEBUG   | dpfl.core.base_simulator | Update norms — honest: ['0.01', '0.01', '0.01', '0.01', '0.01'], attacker: ['nan', 'nan', 'nan', 'nan', 'nan']
2026-05-05 20:47:39 | DEBUG   | dpfl.algorithms.trust_aware.simulator | Round 140 Phase 1+2: 0.49s
2026-05-05 20:47:59 | INFO    | dpfl.core.base_simulator | Round 141/150 | Acc: 0.8858 | Loss: 0.3924 | eps_max: 6.88 eps_avg: 6.88 | P: 0.83 R: 1.00 F1: 1.00
2026-05-05 20:47:59 | DEBUG   | dpfl.core.base_simulator | Update norms — honest: ['0.01', '0.01', '0.01', '0.01', '0.01'], attacker: ['nan', 'nan', 'nan', 'nan', 'nan']
2026-05-05 20:47:59 | DEBUG   | dpfl.algorithms.trust_aware.simulator | Round 141 Phase 1+2: 0.50s
2026-05-05 20:48:18 | INFO    | dpfl.core.base_simulator | Round 142/150 | Acc: 0.8858 | Loss: 0.3927 | eps_max: 6.96 eps_avg: 6.96 | P: 1.00 R: 1.00 F1: 1.00
2026-05-05 20:48:18 | DEBUG   | dpfl.core.base_simulator | Update norms — honest: ['0.01', '0.01', '0.01', '0.01', '0.01'], attacker: ['nan', 'nan', 'nan', 'nan', 'nan']
2026-05-05 20:48:18 | DEBUG   | dpfl.algorithms.trust_aware.simulator | Round 142 Phase 1+2: 0.49s
2026-05-05 20:48:36 | INFO    | dpfl.core.base_simulator | Round 143/150 | Acc: 0.8858 | Loss: 0.3930 | eps_max: 7.03 eps_avg: 7.03 | P: 0.99 R: 1.00 F1: 0.99
2026-05-05 20:48:36 | DEBUG   | dpfl.core.base_simulator | Update norms — honest: ['0.01', '0.01', '0.01', '0.01', '0.01'], attacker: ['nan', 'nan', 'nan', 'nan', 'nan']
2026-05-05 20:48:36 | DEBUG   | dpfl.algorithms.trust_aware.simulator | Round 143 Phase 1+2: 0.50s
2026-05-05 20:48:52 | INFO    | dpfl.core.base_simulator | Round 144/150 | Acc: 0.8858 | Loss: 0.3933 | eps_max: 7.11 eps_avg: 7.11 | P: 1.00 R: 1.00 F1: 1.00
2026-05-05 20:48:52 | DEBUG   | dpfl.core.base_simulator | Update norms — honest: ['0.01', '0.01', '0.01', '0.01', '0.01'], attacker: ['nan', 'nan', 'nan', 'nan', 'nan']
2026-05-05 20:48:52 | DEBUG   | dpfl.algorithms.trust_aware.simulator | Round 144 Phase 1+2: 0.49s
2026-05-05 20:49:07 | INFO    | dpfl.core.base_simulator | Round 145/150 | Acc: 0.8859 | Loss: 0.3936 | eps_max: 7.19 eps_avg: 7.19 | P: 1.00 R: 1.00 F1: 1.00
2026-05-05 20:49:07 | DEBUG   | dpfl.core.base_simulator | Update norms — honest: ['0.01', '0.01', '0.01', '0.01', '0.01'], attacker: ['nan', 'nan', 'nan', 'nan', 'nan']
2026-05-05 20:49:07 | DEBUG   | dpfl.algorithms.trust_aware.simulator | Round 145 Phase 1+2: 0.50s
2026-05-05 20:49:20 | INFO    | dpfl.core.base_simulator | Round 146/150 | Acc: 0.8859 | Loss: 0.3939 | eps_max: 7.27 eps_avg: 7.27 | P: 0.65 R: 1.00 F1: 0.99
2026-05-05 20:49:20 | DEBUG   | dpfl.core.base_simulator | Update norms — honest: ['0.01', '0.01', '0.01', '0.01', '0.01'], attacker: ['nan', 'nan', 'nan', 'nan', 'nan']
2026-05-05 20:49:21 | DEBUG   | dpfl.algorithms.trust_aware.simulator | Round 146 Phase 1+2: 0.51s
2026-05-05 20:49:32 | INFO    | dpfl.core.base_simulator | Round 147/150 | Acc: 0.8859 | Loss: 0.3941 | eps_max: 7.35 eps_avg: 7.35 | P: 0.86 R: 1.00 F1: 1.00
2026-05-05 20:49:32 | DEBUG   | dpfl.core.base_simulator | Update norms — honest: ['0.01', '0.01', '0.01', '0.01', '0.01'], attacker: ['nan', 'nan', 'nan', 'nan', 'nan']
2026-05-05 20:49:33 | DEBUG   | dpfl.algorithms.trust_aware.simulator | Round 147 Phase 1+2: 0.51s
2026-05-05 20:49:42 | INFO    | dpfl.core.base_simulator | Round 148/150 | Acc: 0.8858 | Loss: 0.3944 | eps_max: 7.44 eps_avg: 7.44 | P: 0.84 R: 1.00 F1: 0.99
2026-05-05 20:49:42 | DEBUG   | dpfl.core.base_simulator | Update norms — honest: ['0.01', '0.01', '0.01', '0.01', '0.01'], attacker: ['nan', 'nan', 'nan', 'nan', 'nan']
2026-05-05 20:49:43 | DEBUG   | dpfl.algorithms.trust_aware.simulator | Round 148 Phase 1+2: 0.13s
2026-05-05 20:49:53 | INFO    | dpfl.core.base_simulator | Round 149/150 | Acc: 0.8858 | Loss: 0.3947 | eps_max: 7.52 eps_avg: 7.52 | P: 0.91 R: 1.00 F1: 0.99
2026-05-05 20:49:53 | DEBUG   | dpfl.core.base_simulator | Update norms — honest: ['0.01', '0.01', '0.01', '0.01', '0.01'], attacker: ['nan', 'nan', 'nan', 'nan', 'nan']
2026-05-05 20:49:53 | DEBUG   | dpfl.algorithms.trust_aware.simulator | Round 149 Phase 1+2: 0.13s
2026-05-05 20:50:02 | INFO    | dpfl.core.base_simulator | Round 150/150 | Acc: 0.8858 | Loss: 0.3950 | eps_max: 7.61 eps_avg: 7.61 | P: 0.91 R: 1.00 F1: 1.00
2026-05-05 20:50:02 | DEBUG   | dpfl.core.base_simulator | Update norms — honest: ['0.01', '0.01', '0.01', '0.01', '0.01'], attacker: ['nan', 'nan', 'nan', 'nan', 'nan']
2026-05-05 20:50:04 | INFO    | dpfl | Experiment complete in 2369.6s
============================================================
REPORT: DP-SGD Decentralized Federated Learning
============================================================
Timestamp:                  20260505_201033
Rounds completed:           150
Attack-active rounds:       100  (from round 50)
Final accuracy:             0.8858
Final test loss:            0.3950
Final epsilon (max honest): 7.61
Final epsilon (avg honest): 7.61
Best alpha:                 1000.0
Avg precision:              0.8877
Avg recall:                 0.9863
Avg F1 score:               0.9848
Avg update norm (honest):   0.0337
Avg update norm (attacker): nan

eps_system (max honest): 7.6098
eps_avg (honest):        7.6098
eps_std (honest):        0.0000
n_frozen:                0/300
============================================================
