2026-05-07 16:30:49 | INFO    | dpfl | Experiment start: algorithm=noise_game, dataset=mnist, model=mlp, device=cuda
2026-05-07 16:30:49 | INFO    | dpfl | Config: nodes=500, attackers=200, rounds=150, noise_mode=none, attack=scale
2026-05-07 16:30:49 | INFO    | dpfl.data.mnist_dataset | Loading MNIST dataset...
2026-05-07 16:30:49 | INFO    | dpfl.data.mnist_dataset | MNIST loaded: 60000 train, 10000 test samples
2026-05-07 16:31:41 | INFO    | dpfl.core.base_simulator | Vectorized state ready: param_spec.D=50890, X_test=(10000, 1, 28, 28), train clients N=500, max_n_samples=1000
2026-05-07 16:31:41 | INFO    | dpfl.core.base_simulator | Setup complete: 500 nodes (200 attackers), param_dim=50890, split=iid
2026-05-07 16:31:41 | DEBUG   | dpfl.core.base_simulator | Attacker IDs: {0, 1, 2, 3, 4, 5, 6, 7, 8, 9, 10, 11, 12, 13, 14, 15, 16, 17, 18, 19, 20, 21, 22, 23, 24, 25, 26, 27, 28, 29, 30, 31, 32, 33, 34, 35, 36, 37, 38, 39, 40, 41, 42, 43, 44, 45, 46, 47, 48, 49, 50, 51, 52, 53, 54, 55, 56, 57, 58, 59, 60, 61, 62, 63, 64, 65, 66, 67, 68, 69, 70, 71, 72, 73, 74, 75, 76, 77, 78, 79, 80, 81, 82, 83, 84, 85, 86, 87, 88, 89, 90, 91, 92, 93, 94, 95, 96, 97, 98, 99, 100, 101, 102, 103, 104, 105, 106, 107, 108, 109, 110, 111, 112, 113, 114, 115, 116, 117, 118, 119, 120, 121, 122, 123, 124, 125, 126, 127, 128, 129, 130, 131, 132, 133, 134, 135, 136, 137, 138, 139, 140, 141, 142, 143, 144, 145, 146, 147, 148, 149, 150, 151, 152, 153, 154, 155, 156, 157, 158, 159, 160, 161, 162, 163, 164, 165, 166, 167, 168, 169, 170, 171, 172, 173, 174, 175, 176, 177, 178, 179, 180, 181, 182, 183, 184, 185, 186, 187, 188, 189, 190, 191, 192, 193, 194, 195, 196, 197, 198, 199}
2026-05-07 16:31:45 | INFO    | dpfl.core.base_simulator | Round   1/150 | Acc: 0.3799 | Loss: 2.0956 | eps_max: 0.53 eps_avg: 0.22 | P: 0.00 R: nan F1: nan
2026-05-07 16:31:45 | DEBUG   | dpfl.core.base_simulator | Update norms — honest: ['1.12', '1.12', '1.13', '1.13', '1.13'], attacker: ['1.12', '1.13', '1.13', '1.13', '1.12']
2026-05-07 16:31:49 | INFO    | dpfl.core.base_simulator | Round   2/150 | Acc: 0.5529 | Loss: 1.8910 | eps_max: 0.54 eps_avg: 0.24 | P: 0.00 R: nan F1: nan
2026-05-07 16:31:49 | DEBUG   | dpfl.core.base_simulator | Update norms — honest: ['1.12', '1.11', '1.11', '1.11', '1.11'], attacker: ['2.02', '2.02', '2.05', '2.02', '2.01']
2026-05-07 16:31:53 | INFO    | dpfl.core.base_simulator | Round   3/150 | Acc: 0.6491 | Loss: 1.6807 | eps_max: 0.55 eps_avg: 0.26 | P: 0.00 R: nan F1: nan
2026-05-07 16:31:53 | DEBUG   | dpfl.core.base_simulator | Update norms — honest: ['1.09', '1.09', '1.09', '1.10', '1.09'], attacker: ['3.02', '3.06', '3.05', '3.02', '3.02']
2026-05-07 16:31:56 | INFO    | dpfl.core.base_simulator | Round   4/150 | Acc: 0.7084 | Loss: 1.4808 | eps_max: 0.57 eps_avg: 0.28 | P: 0.00 R: nan F1: nan
2026-05-07 16:31:56 | DEBUG   | dpfl.core.base_simulator | Update norms — honest: ['1.08', '1.07', '1.08', '1.07', '1.08'], attacker: ['3.93', '3.90', '3.92', '3.95', '3.89']
2026-05-07 16:32:00 | INFO    | dpfl.core.base_simulator | Round   5/150 | Acc: 0.7500 | Loss: 1.3002 | eps_max: 0.58 eps_avg: 0.30 | P: 0.00 R: nan F1: nan
2026-05-07 16:32:00 | DEBUG   | dpfl.core.base_simulator | Update norms — honest: ['1.06', '1.05', '1.06', '1.06', '1.06'], attacker: ['4.82', '4.87', '4.79', '4.84', '4.84']
2026-05-07 16:32:04 | INFO    | dpfl.core.base_simulator | Round   6/150 | Acc: 0.7785 | Loss: 1.1464 | eps_max: 0.60 eps_avg: 0.31 | P: 0.00 R: nan F1: nan
2026-05-07 16:32:04 | DEBUG   | dpfl.core.base_simulator | Update norms — honest: ['1.05', '2.01', '1.97', '1.04', '2.01'], attacker: ['5.66', '5.70', '5.72', '5.67', '5.64']
2026-05-07 16:32:08 | INFO    | dpfl.core.base_simulator | Round   7/150 | Acc: 0.7985 | Loss: 1.0202 | eps_max: 0.62 eps_avg: 0.33 | P: 0.00 R: nan F1: nan
2026-05-07 16:32:08 | DEBUG   | dpfl.core.base_simulator | Update norms — honest: ['2.00', '1.03', '1.89', '1.03', '1.03'], attacker: ['6.49', '6.45', '6.42', '6.54', '6.32']
2026-05-07 16:32:12 | INFO    | dpfl.core.base_simulator | Round   8/150 | Acc: 0.8129 | Loss: 0.9196 | eps_max: 0.65 eps_avg: 0.36 | P: 0.00 R: nan F1: nan
2026-05-07 16:32:12 | DEBUG   | dpfl.core.base_simulator | Update norms — honest: ['1.02', '1.85', '1.71', '1.02', '1.01'], attacker: ['7.21', '7.14', '7.28', '7.30', '6.97']
2026-05-07 16:32:15 | INFO    | dpfl.core.base_simulator | Round   9/150 | Acc: 0.8230 | Loss: 0.8403 | eps_max: 0.71 eps_avg: 0.39 | P: 0.00 R: nan F1: nan
2026-05-07 16:32:15 | DEBUG   | dpfl.core.base_simulator | Update norms — honest: ['1.00', '1.00', '1.89', '2.89', '1.00'], attacker: ['8.04', '7.90', '7.86', '7.95', '7.87']
2026-05-07 16:32:20 | INFO    | dpfl.core.base_simulator | Round  10/150 | Acc: 0.8310 | Loss: 0.7769 | eps_max: 0.82 eps_avg: 0.42 | P: 0.00 R: nan F1: nan
2026-05-07 16:32:20 | DEBUG   | dpfl.core.base_simulator | Update norms — honest: ['1.88', '0.98', '1.61', '0.98', '1.64'], attacker: ['8.55', '8.71', '8.50', '8.71', '8.71']
2026-05-07 16:32:24 | INFO    | dpfl.core.base_simulator | Round  11/150 | Acc: 0.8370 | Loss: 0.7263 | eps_max: 0.83 eps_avg: 0.47 | P: 0.00 R: nan F1: nan
2026-05-07 16:32:24 | DEBUG   | dpfl.core.base_simulator | Update norms — honest: ['0.97', '0.97', '1.88', '0.98', '0.97'], attacker: ['9.28', '8.97', '9.34', '9.18', '9.30']
2026-05-07 16:32:28 | INFO    | dpfl.core.base_simulator | Round  12/150 | Acc: 0.8419 | Loss: 0.6854 | eps_max: 0.84 eps_avg: 0.50 | P: 0.00 R: nan F1: nan
2026-05-07 16:32:28 | DEBUG   | dpfl.core.base_simulator | Update norms — honest: ['0.96', '1.79', '1.85', '0.96', '2.89'], attacker: ['9.83', '9.61', '9.83', '9.78', '9.79']
2026-05-07 16:32:32 | INFO    | dpfl.core.base_simulator | Round  13/150 | Acc: 0.8463 | Loss: 0.6510 | eps_max: 0.86 eps_avg: 0.51 | P: 0.00 R: nan F1: nan
2026-05-07 16:32:32 | DEBUG   | dpfl.core.base_simulator | Update norms — honest: ['2.73', '0.94', '3.15', '2.88', '1.81'], attacker: ['10.24', '10.33', '10.20', '10.30', '10.36']
2026-05-07 16:32:36 | INFO    | dpfl.core.base_simulator | Round  14/150 | Acc: 0.8496 | Loss: 0.6231 | eps_max: 0.87 eps_avg: 0.53 | P: 0.00 R: nan F1: nan
2026-05-07 16:32:36 | DEBUG   | dpfl.core.base_simulator | Update norms — honest: ['1.65', '1.81', '0.93', '0.93', '1.77'], attacker: ['10.57', '10.60', '11.01', '10.76', '10.71']
2026-05-07 16:32:39 | INFO    | dpfl.core.base_simulator | Round  15/150 | Acc: 0.8530 | Loss: 0.5982 | eps_max: 0.88 eps_avg: 0.54 | P: 0.00 R: nan F1: nan
2026-05-07 16:32:39 | DEBUG   | dpfl.core.base_simulator | Update norms — honest: ['1.64', '0.92', '3.71', '0.92', '0.91'], attacker: ['11.34', '10.95', '11.05', '11.12', '11.08']
2026-05-07 16:32:43 | INFO    | dpfl.core.base_simulator | Round  16/150 | Acc: 0.8557 | Loss: 0.5776 | eps_max: 0.90 eps_avg: 0.56 | P: 0.00 R: nan F1: nan
2026-05-07 16:32:43 | DEBUG   | dpfl.core.base_simulator | Update norms — honest: ['1.57', '1.76', '3.68', '2.68', '0.90'], attacker: ['11.47', '11.64', '11.28', '11.65', '11.83']
2026-05-07 16:32:48 | INFO    | dpfl.core.base_simulator | Round  17/150 | Acc: 0.8582 | Loss: 0.5596 | eps_max: 0.91 eps_avg: 0.57 | P: 0.00 R: nan F1: nan
2026-05-07 16:32:48 | DEBUG   | dpfl.core.base_simulator | Update norms — honest: ['1.72', '2.87', '3.54', '0.89', '2.69'], attacker: ['11.76', '11.51', '11.50', '11.95', '12.13']
2026-05-07 16:32:52 | INFO    | dpfl.core.base_simulator | Round  18/150 | Acc: 0.8602 | Loss: 0.5438 | eps_max: 0.93 eps_avg: 0.59 | P: 0.00 R: nan F1: nan
2026-05-07 16:32:52 | DEBUG   | dpfl.core.base_simulator | Update norms — honest: ['2.44', '2.81', '0.87', '1.72', '1.63'], attacker: ['11.30', '10.63', '11.62', '11.96', '11.96']
2026-05-07 16:32:56 | INFO    | dpfl.core.base_simulator | Round  19/150 | Acc: 0.8622 | Loss: 0.5302 | eps_max: 0.95 eps_avg: 0.61 | P: 0.00 R: nan F1: nan
2026-05-07 16:32:56 | DEBUG   | dpfl.core.base_simulator | Update norms — honest: ['0.86', '3.53', '0.86', '1.65', '0.86'], attacker: ['12.24', '12.07', '11.49', '12.85', '11.86']
2026-05-07 16:33:00 | INFO    | dpfl.core.base_simulator | Round  20/150 | Acc: 0.8639 | Loss: 0.5182 | eps_max: 0.97 eps_avg: 0.62 | P: 0.00 R: nan F1: nan
2026-05-07 16:33:00 | DEBUG   | dpfl.core.base_simulator | Update norms — honest: ['2.44', '3.34', '3.23', '2.22', '0.85'], attacker: ['12.79', '13.19', '12.66', '12.55', '12.46']
2026-05-07 16:33:04 | INFO    | dpfl.core.base_simulator | Round  21/150 | Acc: 0.8654 | Loss: 0.5072 | eps_max: 0.99 eps_avg: 0.64 | P: 0.00 R: nan F1: nan
2026-05-07 16:33:04 | DEBUG   | dpfl.core.base_simulator | Update norms — honest: ['0.84', '0.83', '3.54', '1.41', '1.52'], attacker: ['12.62', '13.09', '13.30', '12.43', '13.01']
2026-05-07 16:33:08 | INFO    | dpfl.core.base_simulator | Round  22/150 | Acc: 0.8667 | Loss: 0.4975 | eps_max: 1.01 eps_avg: 0.65 | P: 0.00 R: nan F1: nan
2026-05-07 16:33:08 | DEBUG   | dpfl.core.base_simulator | Update norms — honest: ['2.49', '1.53', '1.33', '2.12', '0.82'], attacker: ['12.70', '12.98', '13.44', '12.42', '12.82']
2026-05-07 16:33:12 | INFO    | dpfl.core.base_simulator | Round  23/150 | Acc: 0.8678 | Loss: 0.4894 | eps_max: 1.04 eps_avg: 0.67 | P: 0.00 R: nan F1: nan
2026-05-07 16:33:12 | DEBUG   | dpfl.core.base_simulator | Update norms — honest: ['1.54', '2.14', '4.03', '1.62', '1.56'], attacker: ['12.58', '12.97', '13.60', '13.28', '12.51']
2026-05-07 16:33:16 | INFO    | dpfl.core.base_simulator | Round  24/150 | Acc: 0.8687 | Loss: 0.4818 | eps_max: 1.09 eps_avg: 0.69 | P: 0.00 R: nan F1: nan
2026-05-07 16:33:16 | DEBUG   | dpfl.core.base_simulator | Update norms — honest: ['4.25', '1.19', '2.55', '3.03', '0.80'], attacker: ['12.19', '13.63', '13.77', '13.44', '13.23']
2026-05-07 16:33:21 | INFO    | dpfl.core.base_simulator | Round  25/150 | Acc: 0.8697 | Loss: 0.4745 | eps_max: 1.11 eps_avg: 0.71 | P: 0.00 R: nan F1: nan
2026-05-07 16:33:21 | DEBUG   | dpfl.core.base_simulator | Update norms — honest: ['4.15', '2.39', '0.79', '1.44', '1.45'], attacker: ['12.40', '13.62', '13.45', '13.43', '13.16']
2026-05-07 16:33:25 | INFO    | dpfl.core.base_simulator | Round  26/150 | Acc: 0.8709 | Loss: 0.4678 | eps_max: 1.15 eps_avg: 0.73 | P: 0.00 R: nan F1: nan
2026-05-07 16:33:25 | DEBUG   | dpfl.core.base_simulator | Update norms — honest: ['0.78', '1.39', '1.53', '2.27', '0.78'], attacker: ['13.11', '13.99', '13.35', '11.39', '12.28']
2026-05-07 16:33:29 | INFO    | dpfl.core.base_simulator | Round  27/150 | Acc: 0.8716 | Loss: 0.4621 | eps_max: 1.17 eps_avg: 0.75 | P: 0.00 R: nan F1: nan
2026-05-07 16:33:29 | DEBUG   | dpfl.core.base_simulator | Update norms — honest: ['2.37', '1.13', '3.52', '2.08', '0.76'], attacker: ['12.84', '13.45', '12.94', '12.41', '12.96']
2026-05-07 16:33:33 | INFO    | dpfl.core.base_simulator | Round  28/150 | Acc: 0.8722 | Loss: 0.4571 | eps_max: 1.18 eps_avg: 0.77 | P: 0.00 R: nan F1: nan
2026-05-07 16:33:33 | DEBUG   | dpfl.core.base_simulator | Update norms — honest: ['1.28', '0.75', '0.76', '2.34', '2.88'], attacker: ['12.50', '13.03', '12.42', '14.04', '12.15']
2026-05-07 16:33:38 | INFO    | dpfl.core.base_simulator | Round  29/150 | Acc: 0.8730 | Loss: 0.4523 | eps_max: 1.20 eps_avg: 0.79 | P: 0.00 R: nan F1: nan
2026-05-07 16:33:38 | DEBUG   | dpfl.core.base_simulator | Update norms — honest: ['4.42', '0.74', '2.57', '3.35', '2.20'], attacker: ['12.89', '14.07', '11.13', '13.85', '12.40']
2026-05-07 16:33:42 | INFO    | dpfl.core.base_simulator | Round  30/150 | Acc: 0.8739 | Loss: 0.4472 | eps_max: 1.24 eps_avg: 0.82 | P: 0.00 R: nan F1: nan
2026-05-07 16:33:42 | DEBUG   | dpfl.core.base_simulator | Update norms — honest: ['1.05', '2.64', '1.37', '2.77', '0.73'], attacker: ['12.52', '13.73', '12.47', '13.10', '11.06']
2026-05-07 16:33:47 | INFO    | dpfl.core.base_simulator | Round  31/150 | Acc: 0.8743 | Loss: 0.4435 | eps_max: 1.25 eps_avg: 0.84 | P: 0.00 R: nan F1: nan
2026-05-07 16:33:47 | DEBUG   | dpfl.core.base_simulator | Update norms — honest: ['2.37', '1.13', '3.28', '0.72', '0.99'], attacker: ['13.66', '13.42', '11.30', '13.24', '10.82']
2026-05-07 16:33:51 | INFO    | dpfl.core.base_simulator | Round  32/150 | Acc: 0.8747 | Loss: 0.4398 | eps_max: 1.26 eps_avg: 0.86 | P: 0.00 R: nan F1: nan
2026-05-07 16:33:51 | DEBUG   | dpfl.core.base_simulator | Update norms — honest: ['1.42', '1.61', '2.22', '0.71', '2.67'], attacker: ['13.52', '13.57', '11.92', '14.49', '10.33']
2026-05-07 16:33:55 | INFO    | dpfl.core.base_simulator | Round  33/150 | Acc: 0.8753 | Loss: 0.4363 | eps_max: 1.27 eps_avg: 0.88 | P: 0.00 R: nan F1: nan
2026-05-07 16:33:55 | DEBUG   | dpfl.core.base_simulator | Update norms — honest: ['1.85', '0.70', '3.37', '1.42', '3.42'], attacker: ['12.91', '11.51', '12.26', '13.28', '10.43']
2026-05-07 16:34:00 | INFO    | dpfl.core.base_simulator | Round  34/150 | Acc: 0.8758 | Loss: 0.4330 | eps_max: 1.29 eps_avg: 0.90 | P: 0.00 R: nan F1: nan
2026-05-07 16:34:00 | DEBUG   | dpfl.core.base_simulator | Update norms — honest: ['2.18', '2.51', '0.69', '1.28', '0.69'], attacker: ['11.56', '11.98', '13.52', '12.37', '12.62']
2026-05-07 16:34:05 | INFO    | dpfl.core.base_simulator | Round  35/150 | Acc: 0.8758 | Loss: 0.4311 | eps_max: 1.39 eps_avg: 0.92 | P: 0.00 R: nan F1: nan
2026-05-07 16:34:05 | DEBUG   | dpfl.core.base_simulator | Update norms — honest: ['1.44', '2.11', '0.67', '1.37', '2.01'], attacker: ['10.98', '12.87', '11.90', '13.17', '12.79']
2026-05-07 16:34:09 | INFO    | dpfl.core.base_simulator | Round  36/150 | Acc: 0.8764 | Loss: 0.4281 | eps_max: 1.46 eps_avg: 0.94 | P: 0.00 R: nan F1: nan
2026-05-07 16:34:09 | DEBUG   | dpfl.core.base_simulator | Update norms — honest: ['1.39', '1.28', '3.58', '2.10', '0.67'], attacker: ['12.31', '12.71', '11.46', '13.17', '11.72']
2026-05-07 16:34:14 | INFO    | dpfl.core.base_simulator | Round  37/150 | Acc: 0.8769 | Loss: 0.4250 | eps_max: 1.47 eps_avg: 0.96 | P: 0.00 R: nan F1: nan
2026-05-07 16:34:14 | DEBUG   | dpfl.core.base_simulator | Update norms — honest: ['0.66', '0.96', '1.99', '1.10', '2.14'], attacker: ['12.84', '11.52', '11.32', '12.93', '10.32']
2026-05-07 16:34:18 | INFO    | dpfl.core.base_simulator | Round  38/150 | Acc: 0.8773 | Loss: 0.4228 | eps_max: 1.51 eps_avg: 0.98 | P: 0.00 R: nan F1: nan
2026-05-07 16:34:18 | DEBUG   | dpfl.core.base_simulator | Update norms — honest: ['4.26', '1.01', '3.54', '2.72', '1.31'], attacker: ['12.58', '11.92', '10.85', '13.52', '12.60']
2026-05-07 16:34:23 | INFO    | dpfl.core.base_simulator | Round  39/150 | Acc: 0.8772 | Loss: 0.4217 | eps_max: 1.56 eps_avg: 1.00 | P: 0.00 R: nan F1: nan
2026-05-07 16:34:23 | DEBUG   | dpfl.core.base_simulator | Update norms — honest: ['0.77', '3.57', '4.68', '1.07', '1.19'], attacker: ['11.51', '12.17', '10.58', '13.87', '12.90']
2026-05-07 16:34:28 | INFO    | dpfl.core.base_simulator | Round  40/150 | Acc: 0.8777 | Loss: 0.4191 | eps_max: 1.65 eps_avg: 1.02 | P: 0.00 R: nan F1: nan
2026-05-07 16:34:28 | DEBUG   | dpfl.core.base_simulator | Update norms — honest: ['2.13', '2.23', '0.63', '2.74', '1.81'], attacker: ['11.26', '12.48', '10.70', '13.17', '12.38']
2026-05-07 16:34:33 | INFO    | dpfl.core.base_simulator | Round  41/150 | Acc: 0.8778 | Loss: 0.4175 | eps_max: 1.75 eps_avg: 1.04 | P: 0.00 R: nan F1: nan
2026-05-07 16:34:33 | DEBUG   | dpfl.core.base_simulator | Update norms — honest: ['4.87', '2.05', '2.27', '1.66', '3.62'], attacker: ['12.14', '13.24', '11.00', '11.87', '10.34']
2026-05-07 16:34:38 | INFO    | dpfl.core.base_simulator | Round  42/150 | Acc: 0.8775 | Loss: 0.4174 | eps_max: 1.75 eps_avg: 1.06 | P: 0.00 R: nan F1: nan
2026-05-07 16:34:38 | DEBUG   | dpfl.core.base_simulator | Update norms — honest: ['2.33', '3.76', '1.93', '2.09', '0.95'], attacker: ['12.92', '13.32', '11.69', '11.95', '9.01']
2026-05-07 16:34:43 | INFO    | dpfl.core.base_simulator | Round  43/150 | Acc: 0.8780 | Loss: 0.4152 | eps_max: 1.81 eps_avg: 1.09 | P: 0.00 R: nan F1: nan
2026-05-07 16:34:43 | DEBUG   | dpfl.core.base_simulator | Update norms — honest: ['2.62', '2.36', '1.33', '3.07', '1.93'], attacker: ['11.64', '12.37', '10.77', '14.40', '7.97']
2026-05-07 16:34:48 | INFO    | dpfl.core.base_simulator | Round  44/150 | Acc: 0.8779 | Loss: 0.4145 | eps_max: 1.83 eps_avg: 1.11 | P: 0.00 R: nan F1: nan
2026-05-07 16:34:48 | DEBUG   | dpfl.core.base_simulator | Update norms — honest: ['2.09', '4.64', '2.94', '1.55', '2.52'], attacker: ['10.51', '13.15', '10.51', '10.94', '10.33']
2026-05-07 16:34:53 | INFO    | dpfl.core.base_simulator | Round  45/150 | Acc: 0.8780 | Loss: 0.4134 | eps_max: 1.84 eps_avg: 1.14 | P: 0.00 R: nan F1: nan
2026-05-07 16:34:53 | DEBUG   | dpfl.core.base_simulator | Update norms — honest: ['3.81', '0.58', '1.91', '4.66', '1.13'], attacker: ['11.30', '11.96', '11.38', '10.18', '8.43']
2026-05-07 16:34:57 | INFO    | dpfl.core.base_simulator | Round  46/150 | Acc: 0.8778 | Loss: 0.4132 | eps_max: 1.86 eps_avg: 1.16 | P: 0.00 R: nan F1: nan
2026-05-07 16:34:57 | DEBUG   | dpfl.core.base_simulator | Update norms — honest: ['2.10', '2.47', '3.49', '3.26', '3.07'], attacker: ['11.02', '11.00', '10.05', '10.35', '7.75']
2026-05-07 16:35:02 | INFO    | dpfl.core.base_simulator | Round  47/150 | Acc: 0.8781 | Loss: 0.4117 | eps_max: 1.90 eps_avg: 1.18 | P: 0.00 R: nan F1: nan
2026-05-07 16:35:02 | DEBUG   | dpfl.core.base_simulator | Update norms — honest: ['2.73', '2.71', '3.04', '3.41', '1.91'], attacker: ['8.28', '12.70', '12.53', '10.50', '7.76']
2026-05-07 16:35:07 | INFO    | dpfl.core.base_simulator | Round  48/150 | Acc: 0.8776 | Loss: 0.4124 | eps_max: 1.94 eps_avg: 1.21 | P: 0.00 R: nan F1: nan
2026-05-07 16:35:07 | DEBUG   | dpfl.core.base_simulator | Update norms — honest: ['1.21', '4.91', '4.43', '0.56', '2.87'], attacker: ['8.88', '13.22', '12.13', '8.63', '7.16']
2026-05-07 16:35:12 | INFO    | dpfl.core.base_simulator | Round  49/150 | Acc: 0.8780 | Loss: 0.4108 | eps_max: 1.94 eps_avg: 1.22 | P: 0.00 R: nan F1: nan
2026-05-07 16:35:12 | DEBUG   | dpfl.core.base_simulator | Update norms — honest: ['2.95', '4.69', '1.26', '2.07', '1.11'], attacker: ['9.93', '12.04', '10.98', '6.77', '6.29']
2026-05-07 16:35:17 | INFO    | dpfl.core.base_simulator | Round  50/150 | Acc: 0.8782 | Loss: 0.4096 | eps_max: 1.94 eps_avg: 1.24 | P: 0.00 R: nan F1: nan
2026-05-07 16:35:17 | DEBUG   | dpfl.core.base_simulator | Update norms — honest: ['4.96', '1.04', '1.42', '2.68', '4.04'], attacker: ['9.12', '11.44', '8.85', '9.96', '8.88']
2026-05-07 16:35:19 | INFO    | dpfl.core.base_simulator | Round  51/150 | Acc: 0.8778 | Loss: 0.4101 | eps_max: 2.14 eps_avg: 1.04 | P: 0.68 R: 1.00 F1: 0.86
2026-05-07 16:35:19 | DEBUG   | dpfl.core.base_simulator | Update norms — honest: ['2.34', '1.26', '2.08', '3.50', '0.53'], attacker: ['9.52', '10.13', '10.58', '10.84', '8.43']
2026-05-07 16:35:22 | INFO    | dpfl.core.base_simulator | Round  52/150 | Acc: 0.8780 | Loss: 0.4096 | eps_max: 2.22 eps_avg: 1.06 | P: 0.60 R: 1.00 F1: 0.97
2026-05-07 16:35:22 | DEBUG   | dpfl.core.base_simulator | Update norms — honest: ['1.85', '6.57', '2.34', '1.17', '2.51'], attacker: ['9.26', '10.51', '9.69', '9.88', '8.66']
2026-05-07 16:35:24 | INFO    | dpfl.core.base_simulator | Round  53/150 | Acc: 0.8779 | Loss: 0.4095 | eps_max: 2.32 eps_avg: 1.09 | P: 0.59 R: 1.00 F1: 0.90
2026-05-07 16:35:24 | DEBUG   | dpfl.core.base_simulator | Update norms — honest: ['0.52', '2.22', '4.43', '0.51', '4.34'], attacker: ['9.77', '10.91', '10.48', '10.00', '8.55']
2026-05-07 16:35:26 | INFO    | dpfl.core.base_simulator | Round  54/150 | Acc: 0.8782 | Loss: 0.4083 | eps_max: 2.38 eps_avg: 1.12 | P: 0.68 R: 1.00 F1: 0.90
2026-05-07 16:35:26 | DEBUG   | dpfl.core.base_simulator | Update norms — honest: ['2.42', '4.23', '0.93', '0.51', '1.01'], attacker: ['9.39', '10.30', '10.37', '10.85', '9.01']
2026-05-07 16:35:29 | INFO    | dpfl.core.base_simulator | Round  55/150 | Acc: 0.8778 | Loss: 0.4088 | eps_max: 2.38 eps_avg: 1.15 | P: 0.55 R: 1.00 F1: 0.91
2026-05-07 16:35:29 | DEBUG   | dpfl.core.base_simulator | Update norms — honest: ['3.40', '5.13', '0.92', '2.75', '2.12'], attacker: ['20.70', '20.23', '20.95', '24.22', '15.75']
2026-05-07 16:35:31 | INFO    | dpfl.core.base_simulator | Round  56/150 | Acc: 0.8781 | Loss: 0.4082 | eps_max: 2.38 eps_avg: 1.17 | P: 0.61 R: 1.00 F1: 0.94
2026-05-07 16:35:31 | DEBUG   | dpfl.core.base_simulator | Update norms — honest: ['3.65', '1.86', '0.85', '3.26', '1.06'], attacker: ['19.55', '20.27', '20.58', '22.03', '15.66']
2026-05-07 16:35:34 | INFO    | dpfl.core.base_simulator | Round  57/150 | Acc: 0.8785 | Loss: 0.4068 | eps_max: 2.52 eps_avg: 1.20 | P: 0.63 R: 1.00 F1: 0.95
2026-05-07 16:35:34 | DEBUG   | dpfl.core.base_simulator | Update norms — honest: ['0.91', '1.18', '2.78', '2.60', '0.88'], attacker: ['21.27', '20.87', '20.21', '21.99', '14.74']
2026-05-07 16:35:36 | INFO    | dpfl.core.base_simulator | Round  58/150 | Acc: 0.8785 | Loss: 0.4063 | eps_max: 2.59 eps_avg: 1.26 | P: 0.35 R: 1.00 F1: 0.85
2026-05-07 16:35:36 | DEBUG   | dpfl.core.base_simulator | Update norms — honest: ['3.71', '0.81', '1.23', '3.12', '1.49'], attacker: ['21.57', '18.99', '19.47', '21.88', '14.42']
2026-05-07 16:35:39 | INFO    | dpfl.core.base_simulator | Round  59/150 | Acc: 0.8784 | Loss: 0.4063 | eps_max: 2.66 eps_avg: 1.34 | P: 0.48 R: 1.00 F1: 0.90
2026-05-07 16:35:39 | DEBUG   | dpfl.core.base_simulator | Update norms — honest: ['3.46', '2.20', '0.47', '1.89', '4.77'], attacker: ['19.66', '20.24', '20.06', '24.01', '15.27']
2026-05-07 16:35:41 | INFO    | dpfl.core.base_simulator | Round  60/150 | Acc: 0.8788 | Loss: 0.4052 | eps_max: 2.75 eps_avg: 1.37 | P: 0.51 R: 1.00 F1: 0.91
2026-05-07 16:35:41 | DEBUG   | dpfl.core.base_simulator | Update norms — honest: ['2.96', '1.84', '2.02', '2.10', '1.01'], attacker: ['20.22', '20.58', '20.86', '22.56', '14.44']
2026-05-07 16:35:44 | INFO    | dpfl.core.base_simulator | Round  61/150 | Acc: 0.8785 | Loss: 0.4056 | eps_max: 2.75 eps_avg: 1.39 | P: 0.66 R: 1.00 F1: 0.94
2026-05-07 16:35:44 | DEBUG   | dpfl.core.base_simulator | Update norms — honest: ['5.07', '1.60', '1.11', '2.34', '2.77'], attacker: ['19.74', '19.66', '19.96', '23.80', '14.48']
2026-05-07 16:35:46 | INFO    | dpfl.core.base_simulator | Round  62/150 | Acc: 0.8783 | Loss: 0.4063 | eps_max: 2.96 eps_avg: 1.42 | P: 0.43 R: 1.00 F1: 0.84
2026-05-07 16:35:46 | DEBUG   | dpfl.core.base_simulator | Update norms — honest: ['1.61', '0.45', '3.56', '3.17', '3.33'], attacker: ['20.87', '20.54', '22.14', '23.78', '13.74']
2026-05-07 16:35:48 | INFO    | dpfl.core.base_simulator | Round  63/150 | Acc: 0.8783 | Loss: 0.4059 | eps_max: 3.08 eps_avg: 1.47 | P: 0.55 R: 1.00 F1: 0.93
2026-05-07 16:35:48 | DEBUG   | dpfl.core.base_simulator | Update norms — honest: ['3.24', '0.45', '3.89', '2.86', '2.53'], attacker: ['22.39', '21.24', '20.41', '23.18', '14.50']
2026-05-07 16:35:51 | INFO    | dpfl.core.base_simulator | Round  64/150 | Acc: 0.8780 | Loss: 0.4067 | eps_max: 3.11 eps_avg: 1.51 | P: 0.55 R: 1.00 F1: 0.89
2026-05-07 16:35:51 | DEBUG   | dpfl.core.base_simulator | Update norms — honest: ['1.53', '2.18', '2.76', '0.63', '1.42'], attacker: ['21.52', '20.79', '19.89', '24.21', '14.88']
2026-05-07 16:35:54 | INFO    | dpfl.core.base_simulator | Round  65/150 | Acc: 0.8772 | Loss: 0.4094 | eps_max: 3.29 eps_avg: 1.56 | P: 0.72 R: 1.00 F1: 0.92
2026-05-07 16:35:54 | DEBUG   | dpfl.core.base_simulator | Update norms — honest: ['3.41', '3.19', '6.05', '2.72', '1.50'], attacker: ['20.75', '20.50', '20.88', '23.63', '14.23']
2026-05-07 16:35:56 | INFO    | dpfl.core.base_simulator | Round  66/150 | Acc: 0.8773 | Loss: 0.4093 | eps_max: 3.29 eps_avg: 1.59 | P: 0.64 R: 1.00 F1: 0.89
2026-05-07 16:35:56 | DEBUG   | dpfl.core.base_simulator | Update norms — honest: ['0.71', '1.64', '4.63', '1.73', '0.82'], attacker: ['20.85', '20.75', '21.43', '23.34', '14.67']
2026-05-07 16:35:59 | INFO    | dpfl.core.base_simulator | Round  67/150 | Acc: 0.8772 | Loss: 0.4094 | eps_max: 3.29 eps_avg: 1.62 | P: 0.51 R: 1.00 F1: 0.89
2026-05-07 16:35:59 | DEBUG   | dpfl.core.base_simulator | Update norms — honest: ['2.90', '3.37', '3.20', '2.94', '0.73'], attacker: ['21.61', '20.22', '20.06', '24.26', '14.87']
2026-05-07 16:36:01 | INFO    | dpfl.core.base_simulator | Round  68/150 | Acc: 0.8769 | Loss: 0.4109 | eps_max: 3.47 eps_avg: 1.69 | P: 0.45 R: 1.00 F1: 0.84
2026-05-07 16:36:01 | DEBUG   | dpfl.core.base_simulator | Update norms — honest: ['0.41', '5.76', '2.17', '2.03', '1.59'], attacker: ['21.17', '20.01', '19.93', '23.73', '14.37']
2026-05-07 16:36:04 | INFO    | dpfl.core.base_simulator | Round  69/150 | Acc: 0.8762 | Loss: 0.4132 | eps_max: 3.54 eps_avg: 1.75 | P: 0.57 R: 1.00 F1: 0.83
2026-05-07 16:36:04 | DEBUG   | dpfl.core.base_simulator | Update norms — honest: ['0.40', '2.59', '1.20', '2.46', '3.32'], attacker: ['20.97', '20.79', '20.43', '23.47', '14.84']
2026-05-07 16:36:06 | INFO    | dpfl.core.base_simulator | Round  70/150 | Acc: 0.8770 | Loss: 0.4108 | eps_max: 3.63 eps_avg: 1.78 | P: 0.43 R: 1.00 F1: 0.99
2026-05-07 16:36:06 | DEBUG   | dpfl.core.base_simulator | Update norms — honest: ['0.58', '1.25', '1.86', '3.04', '1.58'], attacker: ['20.67', '18.27', '20.79', '23.59', '15.60']
2026-05-07 16:36:09 | INFO    | dpfl.core.base_simulator | Round  71/150 | Acc: 0.8769 | Loss: 0.4109 | eps_max: 3.63 eps_avg: 1.80 | P: 0.33 R: 1.00 F1: 0.94
2026-05-07 16:36:09 | DEBUG   | dpfl.core.base_simulator | Update norms — honest: ['2.81', '2.28', '4.29', '4.55', '3.01'], attacker: ['21.07', '21.92', '20.00', '23.71', '15.39']
2026-05-07 16:36:11 | INFO    | dpfl.core.base_simulator | Round  72/150 | Acc: 0.8769 | Loss: 0.4110 | eps_max: 3.63 eps_avg: 1.83 | P: 0.58 R: 1.00 F1: 0.79
2026-05-07 16:36:11 | DEBUG   | dpfl.core.base_simulator | Update norms — honest: ['2.41', '1.86', '1.52', '2.40', '0.64'], attacker: ['20.98', '21.41', '22.49', '22.35', '15.05']
2026-05-07 16:36:13 | INFO    | dpfl.core.base_simulator | Round  73/150 | Acc: 0.8767 | Loss: 0.4118 | eps_max: 3.63 eps_avg: 1.88 | P: 0.48 R: 1.00 F1: 0.95
2026-05-07 16:36:13 | DEBUG   | dpfl.core.base_simulator | Update norms — honest: ['3.55', '2.90', '1.12', '3.14', '3.00'], attacker: ['20.25', '20.57', '21.02', '22.60', '15.38']
2026-05-07 16:36:16 | INFO    | dpfl.core.base_simulator | Round  74/150 | Acc: 0.8757 | Loss: 0.4157 | eps_max: 3.68 eps_avg: 1.94 | P: 0.51 R: 1.00 F1: 0.91
2026-05-07 16:36:16 | DEBUG   | dpfl.core.base_simulator | Update norms — honest: ['4.61', '4.43', '1.76', '3.12', '1.52'], attacker: ['20.85', '19.45', '20.70', '24.26', '14.93']
2026-05-07 16:36:19 | INFO    | dpfl.core.base_simulator | Round  75/150 | Acc: 0.8758 | Loss: 0.4157 | eps_max: 4.22 eps_avg: 2.00 | P: 0.69 R: 1.00 F1: 0.88
2026-05-07 16:36:19 | DEBUG   | dpfl.core.base_simulator | Update norms — honest: ['0.65', '3.22', '4.09', '2.00', '1.54'], attacker: ['20.36', '19.26', '20.40', '24.44', '14.38']
2026-05-07 16:36:21 | INFO    | dpfl.core.base_simulator | Round  76/150 | Acc: 0.8756 | Loss: 0.4164 | eps_max: 4.22 eps_avg: 2.04 | P: 0.56 R: 1.00 F1: 0.92
2026-05-07 16:36:21 | DEBUG   | dpfl.core.base_simulator | Update norms — honest: ['3.82', '5.05', '4.00', '1.08', '3.17'], attacker: ['21.30', '19.01', '20.48', '22.68', '15.07']
2026-05-07 16:36:24 | INFO    | dpfl.core.base_simulator | Round  77/150 | Acc: 0.8747 | Loss: 0.4195 | eps_max: 4.51 eps_avg: 2.10 | P: 0.53 R: 1.00 F1: 0.91
2026-05-07 16:36:24 | DEBUG   | dpfl.core.base_simulator | Update norms — honest: ['0.36', '4.65', '3.60', '4.50', '1.13'], attacker: ['21.10', '20.20', '20.79', '23.37', '15.17']
2026-05-07 16:36:26 | INFO    | dpfl.core.base_simulator | Round  78/150 | Acc: 0.8742 | Loss: 0.4216 | eps_max: 4.51 eps_avg: 2.16 | P: 0.34 R: 1.00 F1: 0.89
2026-05-07 16:36:26 | DEBUG   | dpfl.core.base_simulator | Update norms — honest: ['4.48', '2.44', '2.67', '2.49', '3.29'], attacker: ['20.91', '20.08', '20.86', '22.36', '14.60']
2026-05-07 16:36:29 | INFO    | dpfl.core.base_simulator | Round  79/150 | Acc: 0.8740 | Loss: 0.4235 | eps_max: 4.51 eps_avg: 2.20 | P: 0.76 R: 1.00 F1: 0.96
2026-05-07 16:36:29 | DEBUG   | dpfl.core.base_simulator | Update norms — honest: ['3.58', '6.85', '5.00', '4.10', '2.02'], attacker: ['21.48', '20.37', '21.38', '22.74', '15.03']
2026-05-07 16:36:31 | INFO    | dpfl.core.base_simulator | Round  80/150 | Acc: 0.8741 | Loss: 0.4233 | eps_max: 4.98 eps_avg: 2.28 | P: 0.56 R: 1.00 F1: 0.79
2026-05-07 16:36:31 | DEBUG   | dpfl.core.base_simulator | Update norms — honest: ['0.34', '3.17', '1.57', '2.25', '4.28'], attacker: ['20.51', '20.28', '20.80', '22.94', '14.50']
2026-05-07 16:36:34 | INFO    | dpfl.core.base_simulator | Round  81/150 | Acc: 0.8738 | Loss: 0.4253 | eps_max: 4.98 eps_avg: 2.33 | P: 0.48 R: 1.00 F1: 0.85
2026-05-07 16:36:34 | DEBUG   | dpfl.core.base_simulator | Update norms — honest: ['4.03', '2.73', '2.67', '4.51', '1.78'], attacker: ['19.78', '20.34', '20.95', '24.39', '14.89']
2026-05-07 16:36:37 | INFO    | dpfl.core.base_simulator | Round  82/150 | Acc: 0.8739 | Loss: 0.4247 | eps_max: 4.98 eps_avg: 2.40 | P: 0.71 R: 1.00 F1: 0.89
2026-05-07 16:36:37 | DEBUG   | dpfl.core.base_simulator | Update norms — honest: ['4.20', '1.40', '2.13', '5.27', '2.70'], attacker: ['21.54', '20.89', '19.43', '23.37', '15.64']
2026-05-07 16:36:39 | INFO    | dpfl.core.base_simulator | Round  83/150 | Acc: 0.8743 | Loss: 0.4234 | eps_max: 4.98 eps_avg: 2.42 | P: 0.56 R: 1.00 F1: 0.96
2026-05-07 16:36:39 | DEBUG   | dpfl.core.base_simulator | Update norms — honest: ['2.53', '3.28', '2.33', '3.94', '0.96'], attacker: ['19.35', '21.25', '19.89', '22.40', '14.63']
2026-05-07 16:36:41 | INFO    | dpfl.core.base_simulator | Round  84/150 | Acc: 0.8736 | Loss: 0.4271 | eps_max: 4.98 eps_avg: 2.49 | P: 0.55 R: 1.00 F1: 0.88
2026-05-07 16:36:41 | DEBUG   | dpfl.core.base_simulator | Update norms — honest: ['3.01', '6.16', '2.85', '3.07', '4.73'], attacker: ['19.09', '20.91', '21.84', '22.95', '14.38']
2026-05-07 16:36:44 | INFO    | dpfl.core.base_simulator | Round  85/150 | Acc: 0.8734 | Loss: 0.4277 | eps_max: 5.04 eps_avg: 2.55 | P: 0.78 R: 1.00 F1: 0.89
2026-05-07 16:36:44 | DEBUG   | dpfl.core.base_simulator | Update norms — honest: ['1.03', '2.68', '5.50', '1.32', '4.26'], attacker: ['20.21', '21.36', '20.20', '22.96', '13.93']
2026-05-07 16:36:46 | INFO    | dpfl.core.base_simulator | Round  86/150 | Acc: 0.8707 | Loss: 3290.6575 | eps_max: 5.07 eps_avg: 2.61 | P: 0.36 R: 1.00 F1: 0.92
2026-05-07 16:36:46 | DEBUG   | dpfl.core.base_simulator | Update norms — honest: ['4.73', '2.43', '1.83', '3.44', '4.62'], attacker: ['20.44', '19.56', '20.77', '22.93', '14.22']
2026-05-07 16:36:49 | INFO    | dpfl.core.base_simulator | Round  87/150 | Acc: 0.8706 | Loss: 315.3250 | eps_max: 5.31 eps_avg: 2.65 | P: 0.60 R: 1.00 F1: 0.88
2026-05-07 16:36:49 | DEBUG   | dpfl.core.base_simulator | Update norms — honest: ['0.55', '2.00', '3.14', '4.31', '3.31'], attacker: ['19.48', '21.92', '21.56', '22.81', '14.52']
2026-05-07 16:36:51 | INFO    | dpfl.core.base_simulator | Round  88/150 | Acc: 0.8715 | Loss: 112.8447 | eps_max: 5.31 eps_avg: 2.71 | P: 0.79 R: 1.00 F1: 0.92
2026-05-07 16:36:51 | DEBUG   | dpfl.core.base_simulator | Update norms — honest: ['1.02', '2.76', '2.92', '0.68', '1.41'], attacker: ['19.88', '21.42', '20.85', '24.73', '14.29']
2026-05-07 16:36:54 | INFO    | dpfl.core.base_simulator | Round  89/150 | Acc: 0.8711 | Loss: 47.9156 | eps_max: 5.31 eps_avg: 2.77 | P: 0.53 R: 1.00 F1: 0.94
2026-05-07 16:36:54 | DEBUG   | dpfl.core.base_simulator | Update norms — honest: ['6.32', '1.72', '2.25', '2.67', '2.16'], attacker: ['21.16', '19.98', '20.52', '24.18', '14.83']
2026-05-07 16:36:56 | INFO    | dpfl.core.base_simulator | Round  90/150 | Acc: 0.8712 | Loss: 35.0440 | eps_max: 5.31 eps_avg: 2.85 | P: 0.71 R: 1.00 F1: 0.91
2026-05-07 16:36:56 | DEBUG   | dpfl.core.base_simulator | Update norms — honest: ['1.77', '6.59', '2.55', '1.93', '2.88'], attacker: ['21.08', '19.67', '20.65', '25.18', '14.24']
2026-05-07 16:36:59 | INFO    | dpfl.core.base_simulator | Round  91/150 | Acc: 0.8699 | Loss: 58.9265 | eps_max: 5.56 eps_avg: 2.98 | P: 0.54 R: 1.00 F1: 0.86
2026-05-07 16:36:59 | DEBUG   | dpfl.core.base_simulator | Update norms — honest: ['3.42', '4.61', '2.08', '4.59', '3.75'], attacker: ['20.10', '20.68', '20.91', '23.50', '15.11']
2026-05-07 16:37:02 | INFO    | dpfl.core.base_simulator | Round  92/150 | Acc: 0.8708 | Loss: 14.3404 | eps_max: 5.56 eps_avg: 3.04 | P: 0.42 R: 1.00 F1: 0.79
2026-05-07 16:37:02 | DEBUG   | dpfl.core.base_simulator | Update norms — honest: ['3.37', '3.02', '2.66', '3.03', '3.08'], attacker: ['21.01', '20.79', '21.12', '23.21', '16.44']
2026-05-07 16:37:04 | INFO    | dpfl.core.base_simulator | Round  93/150 | Acc: 0.8699 | Loss: 22.4437 | eps_max: 5.56 eps_avg: 3.13 | P: 0.38 R: 1.00 F1: 0.82
2026-05-07 16:37:04 | DEBUG   | dpfl.core.base_simulator | Update norms — honest: ['3.05', '4.98', '2.38', '5.24', '1.29'], attacker: ['20.56', '20.48', '21.37', '23.44', '15.63']
2026-05-07 16:37:07 | INFO    | dpfl.core.base_simulator | Round  94/150 | Acc: 0.8699 | Loss: 4.7734 | eps_max: 5.98 eps_avg: 3.21 | P: 0.54 R: 1.00 F1: 0.93
2026-05-07 16:37:07 | DEBUG   | dpfl.core.base_simulator | Update norms — honest: ['3.60', '5.22', '4.45', '1.40', '2.70'], attacker: ['21.42', '20.83', '22.14', '23.55', '14.99']
2026-05-07 16:37:09 | INFO    | dpfl.core.base_simulator | Round  95/150 | Acc: 0.8699 | Loss: 11.6487 | eps_max: 5.98 eps_avg: 3.27 | P: 0.58 R: 1.00 F1: 0.95
2026-05-07 16:37:09 | DEBUG   | dpfl.core.base_simulator | Update norms — honest: ['5.32', '2.89', '2.58', '0.34', '3.06'], attacker: ['19.21', '21.66', '20.63', '25.10', '14.83']
2026-05-07 16:37:12 | INFO    | dpfl.core.base_simulator | Round  96/150 | Acc: 0.8699 | Loss: 8.6458 | eps_max: 5.98 eps_avg: 3.39 | P: 0.51 R: 1.00 F1: 0.86
2026-05-07 16:37:12 | DEBUG   | dpfl.core.base_simulator | Update norms — honest: ['3.81', '5.12', '2.86', '3.05', '2.15'], attacker: ['21.02', '20.54', '21.82', '22.09', '15.23']
2026-05-07 16:37:15 | INFO    | dpfl.core.base_simulator | Round  97/150 | Acc: 0.8694 | Loss: 7.4079 | eps_max: 6.40 eps_avg: 3.51 | P: 0.47 R: 1.00 F1: 0.73
2026-05-07 16:37:15 | DEBUG   | dpfl.core.base_simulator | Update norms — honest: ['2.96', '1.81', '4.51', '2.12', '1.74'], attacker: ['21.47', '20.97', '21.46', '23.57', '14.06']
2026-05-07 16:37:18 | INFO    | dpfl.core.base_simulator | Round  98/150 | Acc: 0.8696 | Loss: 5.1010 | eps_max: 6.40 eps_avg: 3.62 | P: 0.51 R: 1.00 F1: 0.89
2026-05-07 16:37:18 | DEBUG   | dpfl.core.base_simulator | Update norms — honest: ['2.35', '2.57', '3.20', '3.57', '3.95'], attacker: ['20.47', '21.00', '21.61', '24.20', '14.58']
2026-05-07 16:37:20 | INFO    | dpfl.core.base_simulator | Round  99/150 | Acc: 0.8696 | Loss: 5.0108 | eps_max: 6.40 eps_avg: 3.66 | P: 0.54 R: 1.00 F1: 0.91
2026-05-07 16:37:20 | DEBUG   | dpfl.core.base_simulator | Update norms — honest: ['3.44', '2.04', '2.19', '1.87', '4.47'], attacker: ['20.98', '21.34', '21.14', '22.89', '15.44']
2026-05-07 16:37:23 | INFO    | dpfl.core.base_simulator | Round 100/150 | Acc: 0.8700 | Loss: 3.3380 | eps_max: 6.40 eps_avg: 3.72 | P: 0.49 R: 1.00 F1: 0.90
2026-05-07 16:37:23 | DEBUG   | dpfl.core.base_simulator | Update norms — honest: ['2.97', '3.04', '4.23', '3.58', '3.31'], attacker: ['19.91', '19.41', '20.03', '22.72', '14.22']
2026-05-07 16:37:25 | INFO    | dpfl.core.base_simulator | Round 101/150 | Acc: 0.8692 | Loss: 3.8748 | eps_max: 6.40 eps_avg: 3.79 | P: 0.47 R: 1.00 F1: 0.89
2026-05-07 16:37:25 | DEBUG   | dpfl.core.base_simulator | Update norms — honest: ['6.42', '3.34', '3.50', '2.88', '2.86'], attacker: ['20.24', '20.06', '21.89', '23.08', '14.42']
2026-05-07 16:37:28 | INFO    | dpfl.core.base_simulator | Round 102/150 | Acc: 0.8691 | Loss: 11.0804 | eps_max: 6.40 eps_avg: 3.86 | P: 0.52 R: 1.00 F1: 0.82
2026-05-07 16:37:28 | DEBUG   | dpfl.core.base_simulator | Update norms — honest: ['2.94', '0.52', '3.18', '1.69', '3.93'], attacker: ['20.05', '20.05', '20.74', '22.96', '15.05']
2026-05-07 16:37:30 | INFO    | dpfl.core.base_simulator | Round 103/150 | Acc: 0.8688 | Loss: 3.6047 | eps_max: 6.40 eps_avg: 3.95 | P: 0.67 R: 1.00 F1: 0.93
2026-05-07 16:37:30 | DEBUG   | dpfl.core.base_simulator | Update norms — honest: ['3.85', '3.77', '1.73', '0.53', '4.44'], attacker: ['21.45', '19.46', '20.83', '23.03', '15.25']
2026-05-07 16:37:33 | INFO    | dpfl.core.base_simulator | Round 104/150 | Acc: 0.8686 | Loss: 3.3232 | eps_max: 6.40 eps_avg: 4.05 | P: 0.55 R: 1.00 F1: 0.84
2026-05-07 16:37:33 | DEBUG   | dpfl.core.base_simulator | Update norms — honest: ['2.85', '0.34', '3.65', '2.55', '2.61'], attacker: ['19.19', '21.04', '21.18', '24.01', '15.28']
2026-05-07 16:37:36 | INFO    | dpfl.core.base_simulator | Round 105/150 | Acc: 0.8686 | Loss: 2.9552 | eps_max: 6.40 eps_avg: 4.13 | P: 0.67 R: 1.00 F1: 0.90
2026-05-07 16:37:36 | DEBUG   | dpfl.core.base_simulator | Update norms — honest: ['1.80', '1.37', '1.03', '4.05', '4.38'], attacker: ['18.33', '19.58', '19.68', '22.75', '15.01']
2026-05-07 16:37:38 | INFO    | dpfl.core.base_simulator | Round 106/150 | Acc: 0.8687 | Loss: 2.9382 | eps_max: 6.40 eps_avg: 4.15 | P: 0.50 R: 1.00 F1: 0.93
2026-05-07 16:37:38 | DEBUG   | dpfl.core.base_simulator | Update norms — honest: ['0.78', '4.87', '2.30', '7.02', '2.35'], attacker: ['20.73', '21.21', '21.46', '24.53', '15.11']
2026-05-07 16:37:41 | INFO    | dpfl.core.base_simulator | Round 107/150 | Acc: 0.8682 | Loss: 2.8524 | eps_max: 6.40 eps_avg: 4.22 | P: 0.42 R: 1.00 F1: 0.84
2026-05-07 16:37:41 | DEBUG   | dpfl.core.base_simulator | Update norms — honest: ['4.90', '6.36', '5.14', '0.79', '1.83'], attacker: ['20.91', '20.53', '21.03', '24.02', '15.94']
2026-05-07 16:37:43 | INFO    | dpfl.core.base_simulator | Round 108/150 | Acc: 0.8673 | Loss: 3.3948 | eps_max: 6.66 eps_avg: 4.27 | P: 0.59 R: 1.00 F1: 0.87
2026-05-07 16:37:43 | DEBUG   | dpfl.core.base_simulator | Update norms — honest: ['7.55', '4.50', '4.61', '3.07', '1.05'], attacker: ['19.60', '21.19', '21.49', '23.79', '15.61']
2026-05-07 16:37:46 | INFO    | dpfl.core.base_simulator | Round 109/150 | Acc: 0.8670 | Loss: 3.2271 | eps_max: 6.66 eps_avg: 4.32 | P: 0.61 R: 1.00 F1: 0.95
2026-05-07 16:37:46 | DEBUG   | dpfl.core.base_simulator | Update norms — honest: ['5.57', '4.91', '3.26', '1.20', '2.24'], attacker: ['19.17', '19.77', '20.15', '21.69', '15.27']
2026-05-07 16:37:49 | INFO    | dpfl.core.base_simulator | Round 110/150 | Acc: 0.8656 | Loss: 3.5698 | eps_max: 6.66 eps_avg: 4.43 | P: 0.58 R: 1.00 F1: 0.88
2026-05-07 16:37:49 | DEBUG   | dpfl.core.base_simulator | Update norms — honest: ['3.43', '4.03', '0.69', '6.96', '0.94'], attacker: ['20.40', '20.88', '19.64', '24.98', '15.35']
2026-05-07 16:37:52 | INFO    | dpfl.core.base_simulator | Round 111/150 | Acc: 0.8643 | Loss: 4.5236 | eps_max: 6.66 eps_avg: 4.55 | P: 0.49 R: 1.00 F1: 0.83
2026-05-07 16:37:52 | DEBUG   | dpfl.core.base_simulator | Update norms — honest: ['5.26', '4.23', '4.10', '3.83', '2.53'], attacker: ['22.28', '21.32', '20.11', '23.72', '16.05']
2026-05-07 16:37:55 | INFO    | dpfl.core.base_simulator | Round 112/150 | Acc: 0.8646 | Loss: 6.4612 | eps_max: 6.66 eps_avg: 4.61 | P: 0.48 R: 1.00 F1: 0.82
2026-05-07 16:37:55 | DEBUG   | dpfl.core.base_simulator | Update norms — honest: ['5.45', '1.05', '4.09', '5.30', '3.12'], attacker: ['18.68', '19.92', '20.50', '23.58', '14.86']
2026-05-07 16:37:57 | INFO    | dpfl.core.base_simulator | Round 113/150 | Acc: 0.8651 | Loss: 3.5222 | eps_max: 6.66 eps_avg: 4.62 | P: 0.80 R: 1.00 F1: 0.95
2026-05-07 16:37:57 | DEBUG   | dpfl.core.base_simulator | Update norms — honest: ['3.45', '0.75', '4.32', '3.98', '3.75'], attacker: ['20.73', '20.91', '21.42', '22.64', '15.08']
2026-05-07 16:38:00 | INFO    | dpfl.core.base_simulator | Round 114/150 | Acc: 0.8638 | Loss: 4.2522 | eps_max: 7.08 eps_avg: 4.68 | P: 0.51 R: 1.00 F1: 0.77
2026-05-07 16:38:00 | DEBUG   | dpfl.core.base_simulator | Update norms — honest: ['4.55', '4.81', '2.97', '3.03', '1.81'], attacker: ['20.62', '21.66', '21.48', '24.95', '16.11']
2026-05-07 16:38:02 | INFO    | dpfl.core.base_simulator | Round 115/150 | Acc: 0.8641 | Loss: 3.1037 | eps_max: 7.08 eps_avg: 4.73 | P: 0.76 R: 1.00 F1: 0.93
2026-05-07 16:38:02 | DEBUG   | dpfl.core.base_simulator | Update norms — honest: ['0.09', '4.21', '3.57', '3.96', '3.76'], attacker: ['20.79', '19.21', '21.37', '24.93', '14.42']
2026-05-07 16:38:05 | INFO    | dpfl.core.base_simulator | Round 116/150 | Acc: 0.8637 | Loss: 4.1918 | eps_max: 7.08 eps_avg: 4.78 | P: 0.52 R: 1.00 F1: 0.92
2026-05-07 16:38:05 | DEBUG   | dpfl.core.base_simulator | Update norms — honest: ['0.81', '2.76', '1.48', '2.90', '3.48'], attacker: ['20.35', '20.83', '20.94', '25.05', '15.23']
2026-05-07 16:38:08 | INFO    | dpfl.core.base_simulator | Round 117/150 | Acc: 0.8621 | Loss: 2.8696 | eps_max: 7.08 eps_avg: 4.84 | P: 0.45 R: 1.00 F1: 0.72
2026-05-07 16:38:08 | DEBUG   | dpfl.core.base_simulator | Update norms — honest: ['2.09', '4.35', '4.06', '8.09', '5.88'], attacker: ['20.52', '20.55', '20.52', '23.71', '14.55']
2026-05-07 16:38:10 | INFO    | dpfl.core.base_simulator | Round 118/150 | Acc: 0.8627 | Loss: 2.6647 | eps_max: 7.08 eps_avg: 4.89 | P: 0.47 R: 1.00 F1: 0.90
2026-05-07 16:38:10 | DEBUG   | dpfl.core.base_simulator | Update norms — honest: ['3.94', '2.18', '4.88', '2.59', '4.76'], attacker: ['19.93', '21.52', '20.23', '23.10', '17.87']
2026-05-07 16:38:13 | INFO    | dpfl.core.base_simulator | Round 119/150 | Acc: 0.8602 | Loss: 3.8856 | eps_max: 7.08 eps_avg: 4.95 | P: 0.51 R: 1.00 F1: 0.83
2026-05-07 16:38:13 | DEBUG   | dpfl.core.base_simulator | Update norms — honest: ['3.34', '4.40', '3.61', '3.84', '5.53'], attacker: ['19.26', '20.59', '20.47', '23.67', '15.46']
2026-05-07 16:38:16 | INFO    | dpfl.core.base_simulator | Round 120/150 | Acc: 0.8606 | Loss: 3.2382 | eps_max: 7.08 eps_avg: 5.01 | P: 0.49 R: 1.00 F1: 0.89
2026-05-07 16:38:16 | DEBUG   | dpfl.core.base_simulator | Update norms — honest: ['2.45', '3.50', '5.80', '4.29', '3.05'], attacker: ['20.33', '19.25', '20.89', '24.40', '16.02']
2026-05-07 16:38:19 | INFO    | dpfl.core.base_simulator | Round 121/150 | Acc: 0.8590 | Loss: 5.1029 | eps_max: 7.08 eps_avg: 5.06 | P: 0.55 R: 1.00 F1: 0.85
2026-05-07 16:38:19 | DEBUG   | dpfl.core.base_simulator | Update norms — honest: ['5.66', '6.15', '5.85', '1.89', '3.05'], attacker: ['20.02', '19.46', '21.06', '23.89', '15.22']
2026-05-07 16:38:22 | INFO    | dpfl.core.base_simulator | Round 122/150 | Acc: 0.8589 | Loss: 3.5058 | eps_max: 7.08 eps_avg: 5.08 | P: 0.51 R: 1.00 F1: 0.87
2026-05-07 16:38:22 | DEBUG   | dpfl.core.base_simulator | Update norms — honest: ['4.70', '5.26', '3.22', '4.67', '2.79'], attacker: ['19.27', '19.50', '20.12', '24.86', '15.92']
2026-05-07 16:38:24 | INFO    | dpfl.core.base_simulator | Round 123/150 | Acc: 0.8587 | Loss: 2.5200 | eps_max: 7.08 eps_avg: 5.11 | P: 0.56 R: 1.00 F1: 0.87
2026-05-07 16:38:24 | DEBUG   | dpfl.core.base_simulator | Update norms — honest: ['2.03', '6.30', '3.54', '2.71', '3.26'], attacker: ['19.88', '19.79', '21.45', '21.60', '15.96']
2026-05-07 16:38:27 | INFO    | dpfl.core.base_simulator | Round 124/150 | Acc: 0.8593 | Loss: 2.5814 | eps_max: 7.08 eps_avg: 5.13 | P: 0.46 R: 1.00 F1: 0.88
2026-05-07 16:38:27 | DEBUG   | dpfl.core.base_simulator | Update norms — honest: ['6.32', '4.57', '5.15', '0.78', '2.21'], attacker: ['21.16', '20.37', '20.65', '23.29', '14.78']
2026-05-07 16:38:29 | INFO    | dpfl.core.base_simulator | Round 125/150 | Acc: 0.8598 | Loss: 2.8658 | eps_max: 7.34 eps_avg: 5.16 | P: 0.53 R: 1.00 F1: 0.97
2026-05-07 16:38:29 | DEBUG   | dpfl.core.base_simulator | Update norms — honest: ['2.79', '2.79', '0.63', '4.17', '4.63'], attacker: ['20.42', '20.67', '20.11', '23.61', '15.15']
2026-05-07 16:38:32 | INFO    | dpfl.core.base_simulator | Round 126/150 | Acc: 0.8595 | Loss: 2.6120 | eps_max: 7.34 eps_avg: 5.19 | P: 0.71 R: 1.00 F1: 0.94
2026-05-07 16:38:32 | DEBUG   | dpfl.core.base_simulator | Update norms — honest: ['2.93', '1.96', '3.89', '4.78', '4.36'], attacker: ['21.29', '21.24', '20.63', '24.03', '16.69']
2026-05-07 16:38:34 | INFO    | dpfl.core.base_simulator | Round 127/150 | Acc: 0.8597 | Loss: 2.6965 | eps_max: 7.34 eps_avg: 5.21 | P: 0.64 R: 1.00 F1: 0.92
2026-05-07 16:38:34 | DEBUG   | dpfl.core.base_simulator | Update norms — honest: ['4.56', '1.63', '3.26', '3.80', '4.06'], attacker: ['21.28', '20.89', '20.55', '25.06', '14.80']
2026-05-07 16:38:37 | INFO    | dpfl.core.base_simulator | Round 128/150 | Acc: 0.8586 | Loss: 2.5297 | eps_max: 7.34 eps_avg: 5.26 | P: 0.49 R: 1.00 F1: 0.87
2026-05-07 16:38:37 | DEBUG   | dpfl.core.base_simulator | Update norms — honest: ['7.31', '5.56', '3.03', '3.60', '1.77'], attacker: ['61.81', '59.13', '58.74', '63.36', '95.71']
2026-05-07 16:38:39 | INFO    | dpfl.core.base_simulator | Round 129/150 | Acc: 0.8595 | Loss: 2.5983 | eps_max: 7.34 eps_avg: 5.30 | P: 0.58 R: 1.00 F1: 0.84
2026-05-07 16:38:39 | DEBUG   | dpfl.core.base_simulator | Update norms — honest: ['1.34', '0.86', '3.43', '1.48', '0.92'], attacker: ['62.64', '58.20', '60.79', '63.52', '95.03']
2026-05-07 16:38:42 | INFO    | dpfl.core.base_simulator | Round 130/150 | Acc: 0.8588 | Loss: 2.6477 | eps_max: 7.34 eps_avg: 5.33 | P: 0.54 R: 1.00 F1: 0.87
2026-05-07 16:38:42 | DEBUG   | dpfl.core.base_simulator | Update norms — honest: ['4.02', '2.04', '2.34', '4.92', '2.18'], attacker: ['62.25', '59.71', '58.91', '62.10', '94.25']
2026-05-07 16:38:45 | INFO    | dpfl.core.base_simulator | Round 131/150 | Acc: 0.8587 | Loss: 2.5969 | eps_max: 7.34 eps_avg: 5.35 | P: 0.57 R: 1.00 F1: 0.94
2026-05-07 16:38:45 | DEBUG   | dpfl.core.base_simulator | Update norms — honest: ['2.30', '3.30', '1.01', '4.14', '6.49'], attacker: ['62.89', '60.48', '59.77', '63.52', '93.95']
2026-05-07 16:38:47 | INFO    | dpfl.core.base_simulator | Round 132/150 | Acc: 0.8585 | Loss: 2.5544 | eps_max: 7.34 eps_avg: 5.38 | P: 0.72 R: 1.00 F1: 0.86
2026-05-07 16:38:47 | DEBUG   | dpfl.core.base_simulator | Update norms — honest: ['3.96', '3.38', '4.21', '4.24', '5.91'], attacker: ['61.52', '57.83', '60.68', '64.42', '94.06']
2026-05-07 16:38:50 | INFO    | dpfl.core.base_simulator | Round 133/150 | Acc: 0.8576 | Loss: 2.5078 | eps_max: 7.47 eps_avg: 5.43 | P: 0.30 R: 1.00 F1: 0.76
2026-05-07 16:38:50 | DEBUG   | dpfl.core.base_simulator | Update norms — honest: ['4.64', '4.44', '4.23', '3.58', '5.02'], attacker: ['63.01', '58.22', '62.23', '66.12', '95.07']
2026-05-07 16:38:52 | INFO    | dpfl.core.base_simulator | Round 134/150 | Acc: 0.8566 | Loss: 2.5659 | eps_max: 7.47 eps_avg: 5.46 | P: 0.56 R: 1.00 F1: 0.92
2026-05-07 16:38:52 | DEBUG   | dpfl.core.base_simulator | Update norms — honest: ['6.75', '2.53', '3.96', '3.05', '5.03'], attacker: ['63.31', '59.20', '61.05', '64.28', '96.26']
2026-05-07 16:38:55 | INFO    | dpfl.core.base_simulator | Round 135/150 | Acc: 0.8565 | Loss: 2.6199 | eps_max: 7.47 eps_avg: 5.51 | P: 0.70 R: 1.00 F1: 0.93
2026-05-07 16:38:55 | DEBUG   | dpfl.core.base_simulator | Update norms — honest: ['0.75', '4.39', '3.15', '3.58', '5.80'], attacker: ['61.99', '56.42', '60.81', '62.56', '95.36']
2026-05-07 16:38:58 | INFO    | dpfl.core.base_simulator | Round 136/150 | Acc: 0.8563 | Loss: 2.5450 | eps_max: 7.47 eps_avg: 5.53 | P: 0.45 R: 1.00 F1: 0.90
2026-05-07 16:38:58 | DEBUG   | dpfl.core.base_simulator | Update norms — honest: ['0.00', '5.62', '4.25', '4.05', '3.40'], attacker: ['62.66', '57.80', '60.92', '64.25', '94.12']
2026-05-07 16:39:00 | INFO    | dpfl.core.base_simulator | Round 137/150 | Acc: 0.8564 | Loss: 8.3770 | eps_max: 7.52 eps_avg: 5.54 | P: 0.68 R: 1.00 F1: 0.95
2026-05-07 16:39:00 | DEBUG   | dpfl.core.base_simulator | Update norms — honest: ['3.04', '2.06', '1.39', '2.82', '0.59'], attacker: ['62.74', '57.70', '59.67', '63.89', '94.89']
2026-05-07 16:39:03 | INFO    | dpfl.core.base_simulator | Round 138/150 | Acc: 0.8551 | Loss: 2.9665 | eps_max: 7.65 eps_avg: 5.58 | P: 0.61 R: 1.00 F1: 0.86
2026-05-07 16:39:03 | DEBUG   | dpfl.core.base_simulator | Update norms — honest: ['4.41', '5.49', '6.41', '3.56', '4.37'], attacker: ['61.13', '58.51', '62.30', '63.62', '96.62']
2026-05-07 16:39:06 | INFO    | dpfl.core.base_simulator | Round 139/150 | Acc: 0.8548 | Loss: 2.5456 | eps_max: 7.65 eps_avg: 5.61 | P: 0.59 R: 1.00 F1: 0.92
2026-05-07 16:39:06 | DEBUG   | dpfl.core.base_simulator | Update norms — honest: ['6.39', '3.65', '4.44', '2.86', '2.69'], attacker: ['63.24', '60.01', '63.03', '65.60', '95.96']
2026-05-07 16:39:08 | INFO    | dpfl.core.base_simulator | Round 140/150 | Acc: 0.8539 | Loss: 4.4288 | eps_max: 7.65 eps_avg: 5.65 | P: 0.61 R: 1.00 F1: 0.92
2026-05-07 16:39:08 | DEBUG   | dpfl.core.base_simulator | Update norms — honest: ['4.92', '4.81', '6.52', '5.14', '4.61'], attacker: ['64.65', '58.67', '60.57', '64.65', '96.13']
2026-05-07 16:39:11 | INFO    | dpfl.core.base_simulator | Round 141/150 | Acc: 0.8551 | Loss: 2.6083 | eps_max: 7.65 eps_avg: 5.67 | P: 0.39 R: 1.00 F1: 0.90
2026-05-07 16:39:11 | DEBUG   | dpfl.core.base_simulator | Update norms — honest: ['4.22', '2.13', '2.41', '1.93', '3.96'], attacker: ['62.09', '59.74', '62.30', '65.73', '93.07']
2026-05-07 16:39:13 | INFO    | dpfl.core.base_simulator | Round 142/150 | Acc: 0.8540 | Loss: 2.7823 | eps_max: 7.77 eps_avg: 5.69 | P: 0.40 R: 1.00 F1: 0.81
2026-05-07 16:39:13 | DEBUG   | dpfl.core.base_simulator | Update norms — honest: ['8.55', '4.25', '5.59', '2.05', '2.72'], attacker: ['61.27', '57.48', '61.36', '64.66', '93.19']
2026-05-07 16:39:16 | INFO    | dpfl.core.base_simulator | Round 143/150 | Acc: 0.8547 | Loss: 2.4828 | eps_max: 7.77 eps_avg: 5.73 | P: 0.65 R: 1.00 F1: 0.86
2026-05-07 16:39:16 | DEBUG   | dpfl.core.base_simulator | Update norms — honest: ['3.70', '1.95', '3.09', '3.20', '0.38'], attacker: ['62.78', '59.22', '61.30', '64.11', '99.15']
2026-05-07 16:39:19 | INFO    | dpfl.core.base_simulator | Round 144/150 | Acc: 0.8543 | Loss: 2.4368 | eps_max: 7.77 eps_avg: 5.74 | P: 0.58 R: 1.00 F1: 0.82
2026-05-07 16:39:19 | DEBUG   | dpfl.core.base_simulator | Update norms — honest: ['4.22', '3.29', '2.57', '3.54', '4.17'], attacker: ['62.68', '59.60', '59.59', '63.58', '95.29']
2026-05-07 16:39:21 | INFO    | dpfl.core.base_simulator | Round 145/150 | Acc: 0.8540 | Loss: 2.6873 | eps_max: 7.77 eps_avg: 5.77 | P: 0.78 R: 1.00 F1: 0.92
2026-05-07 16:39:21 | DEBUG   | dpfl.core.base_simulator | Update norms — honest: ['3.55', '4.70', '4.50', '4.17', '3.73'], attacker: ['62.26', '60.80', '60.29', '64.95', '96.54']
2026-05-07 16:39:24 | INFO    | dpfl.core.base_simulator | Round 146/150 | Acc: 0.8537 | Loss: 2.8631 | eps_max: 7.77 eps_avg: 5.80 | P: 0.38 R: 1.00 F1: 0.84
2026-05-07 16:39:24 | DEBUG   | dpfl.core.base_simulator | Update norms — honest: ['2.07', '4.23', '6.66', '5.01', '3.21'], attacker: ['60.97', '58.28', '63.52', '66.08', '96.76']
2026-05-07 16:39:26 | INFO    | dpfl.core.base_simulator | Round 147/150 | Acc: 0.8530 | Loss: 3.7700 | eps_max: 7.77 eps_avg: 5.85 | P: 0.48 R: 1.00 F1: 0.79
2026-05-07 16:39:26 | DEBUG   | dpfl.core.base_simulator | Update norms — honest: ['2.13', '4.39', '4.79', '2.37', '1.62'], attacker: ['61.78', '56.95', '60.90', '64.31', '96.20']
2026-05-07 16:39:29 | INFO    | dpfl.core.base_simulator | Round 148/150 | Acc: 0.8521 | Loss: 2.6263 | eps_max: 7.77 eps_avg: 5.88 | P: 0.47 R: 1.00 F1: 0.88
2026-05-07 16:39:29 | DEBUG   | dpfl.core.base_simulator | Update norms — honest: ['5.50', '3.24', '3.56', '1.27', '5.46'], attacker: ['61.35', '58.02', '61.72', '64.82', '96.00']
2026-05-07 16:39:32 | INFO    | dpfl.core.base_simulator | Round 149/150 | Acc: 0.8519 | Loss: 2.7961 | eps_max: 7.77 eps_avg: 5.90 | P: 0.70 R: 1.00 F1: 0.94
2026-05-07 16:39:32 | DEBUG   | dpfl.core.base_simulator | Update norms — honest: ['2.72', '8.05', '2.99', '6.76', '4.24'], attacker: ['62.48', '58.39', '61.10', '65.31', '95.42']
2026-05-07 16:39:34 | INFO    | dpfl.core.base_simulator | Round 150/150 | Acc: 0.8509 | Loss: 2.6090 | eps_max: 7.77 eps_avg: 5.93 | P: 0.63 R: 1.00 F1: 0.93
2026-05-07 16:39:34 | DEBUG   | dpfl.core.base_simulator | Update norms — honest: ['6.84', '5.78', '2.97', '3.09', '7.79'], attacker: ['62.78', '58.46', '60.97', '64.70', '98.11']
2026-05-07 16:39:36 | INFO    | dpfl | Experiment complete in 525.6s
============================================================
REPORT: DP-SGD Decentralized Federated Learning
============================================================
Timestamp:                  20260507_163049
Rounds completed:           150
Attack-active rounds:       100  (from round 50)
Final accuracy:             0.8509
Final test loss:            2.6090
Final epsilon (max honest): 7.77
Final epsilon (avg honest): 5.93
Best alpha:                 1000.0
Avg precision:              0.5538
Avg recall:                 1.0000
Avg F1 score:               0.8859
Avg update norm (honest):   2.7820
Avg update norm (attacker): 2819.0641

eps_system (max honest): 7.7736
eps_avg (honest):        5.9255
eps_std (honest):        1.0289
n_frozen:                0/300
============================================================
