2026-05-05 22:39:49 | INFO    | dpfl | Experiment start: algorithm=trust_d2b, dataset=fashion_mnist, model=mlp, device=cuda
2026-05-05 22:39:49 | INFO    | dpfl | Config: nodes=500, attackers=300, rounds=150, noise_mode=none, attack=scale
2026-05-05 22:39:49 | INFO    | dpfl.data.fashion_mnist_dataset | Loading Fashion-MNIST dataset...
2026-05-05 22:39:49 | INFO    | dpfl.data.fashion_mnist_dataset | Fashion-MNIST loaded: 60000 train, 10000 test samples
2026-05-05 22:40:37 | INFO    | dpfl.core.base_simulator | Vectorized state ready: param_spec.D=50890, X_test=(10000, 1, 28, 28), train clients N=500, max_n_samples=1000
2026-05-05 22:40:37 | INFO    | dpfl.core.base_simulator | Setup complete: 500 nodes (300 attackers), param_dim=50890, split=iid
2026-05-05 22:40:37 | DEBUG   | dpfl.core.base_simulator | Attacker IDs: {0, 1, 2, 3, 4, 5, 6, 7, 8, 9, 10, 11, 12, 13, 14, 15, 16, 17, 18, 19, 20, 21, 22, 23, 24, 25, 26, 27, 28, 29, 30, 31, 32, 33, 34, 35, 36, 37, 38, 39, 40, 41, 42, 43, 44, 45, 46, 47, 48, 49, 50, 51, 52, 53, 54, 55, 56, 57, 58, 59, 60, 61, 62, 63, 64, 65, 66, 67, 68, 69, 70, 71, 72, 73, 74, 75, 76, 77, 78, 79, 80, 81, 82, 83, 84, 85, 86, 87, 88, 89, 90, 91, 92, 93, 94, 95, 96, 97, 98, 99, 100, 101, 102, 103, 104, 105, 106, 107, 108, 109, 110, 111, 112, 113, 114, 115, 116, 117, 118, 119, 120, 121, 122, 123, 124, 125, 126, 127, 128, 129, 130, 131, 132, 133, 134, 135, 136, 137, 138, 139, 140, 141, 142, 143, 144, 145, 146, 147, 148, 149, 150, 151, 152, 153, 154, 155, 156, 157, 158, 159, 160, 161, 162, 163, 164, 165, 166, 167, 168, 169, 170, 171, 172, 173, 174, 175, 176, 177, 178, 179, 180, 181, 182, 183, 184, 185, 186, 187, 188, 189, 190, 191, 192, 193, 194, 195, 196, 197, 198, 199, 200, 201, 202, 203, 204, 205, 206, 207, 208, 209, 210, 211, 212, 213, 214, 215, 216, 217, 218, 219, 220, 221, 222, 223, 224, 225, 226, 227, 228, 229, 230, 231, 232, 233, 234, 235, 236, 237, 238, 239, 240, 241, 242, 243, 244, 245, 246, 247, 248, 249, 250, 251, 252, 253, 254, 255, 256, 257, 258, 259, 260, 261, 262, 263, 264, 265, 266, 267, 268, 269, 270, 271, 272, 273, 274, 275, 276, 277, 278, 279, 280, 281, 282, 283, 284, 285, 286, 287, 288, 289, 290, 291, 292, 293, 294, 295, 296, 297, 298, 299}
2026-05-05 22:40:37 | INFO    | dpfl.algorithms.trust_aware.simulator | Trust-Aware D2B-DP: rounds=150, n_workers=5, layers=4, ρ∈[0.300,5.000]
2026-05-05 22:40:38 | DEBUG   | dpfl.algorithms.trust_aware.simulator | Round 0 Phase 1+2: 1.29s
2026-05-05 22:41:05 | INFO    | dpfl.core.base_simulator | Round   1/150 | Acc: 0.4566 | Loss: 1.9747 | eps_max: 0.26 eps_avg: 0.26 | P: nan R: nan F1: nan
2026-05-05 22:41:05 | DEBUG   | dpfl.core.base_simulator | Update norms — honest: ['0.23', '0.24'], attacker: ['0.23', '0.23', '0.24', '0.23', '0.24']
2026-05-05 22:41:06 | DEBUG   | dpfl.algorithms.trust_aware.simulator | Round 1 Phase 1+2: 1.14s
2026-05-05 22:41:35 | INFO    | dpfl.core.base_simulator | Round   2/150 | Acc: 0.5670 | Loss: 1.7172 | eps_max: 0.30 eps_avg: 0.30 | P: nan R: nan F1: nan
2026-05-05 22:41:35 | DEBUG   | dpfl.core.base_simulator | Update norms — honest: ['0.21', '0.21', '0.20', '0.21', '0.20'], attacker: ['0.23', '0.23', '0.23', '0.22', '0.24']
2026-05-05 22:41:36 | DEBUG   | dpfl.algorithms.trust_aware.simulator | Round 2 Phase 1+2: 1.13s
2026-05-05 22:42:06 | INFO    | dpfl.core.base_simulator | Round   3/150 | Acc: 0.6190 | Loss: 1.4963 | eps_max: 0.34 eps_avg: 0.34 | P: nan R: nan F1: nan
2026-05-05 22:42:06 | DEBUG   | dpfl.core.base_simulator | Update norms — honest: ['0.19', '0.19', '0.19', '0.18', '0.19'], attacker: ['0.21', '0.22', '0.22', '0.21', '0.22']
2026-05-05 22:42:07 | DEBUG   | dpfl.algorithms.trust_aware.simulator | Round 3 Phase 1+2: 1.14s
2026-05-05 22:42:38 | INFO    | dpfl.core.base_simulator | Round   4/150 | Acc: 0.6473 | Loss: 1.3245 | eps_max: 0.39 eps_avg: 0.39 | P: nan R: nan F1: nan
2026-05-05 22:42:38 | DEBUG   | dpfl.core.base_simulator | Update norms — honest: ['0.17', '0.17', '0.17', '0.17', '0.16'], attacker: ['0.20', '0.20', '0.21', '0.20', '0.21']
2026-05-05 22:42:39 | DEBUG   | dpfl.algorithms.trust_aware.simulator | Round 4 Phase 1+2: 1.13s
2026-05-05 22:43:12 | INFO    | dpfl.core.base_simulator | Round   5/150 | Acc: 0.6700 | Loss: 1.1928 | eps_max: 0.44 eps_avg: 0.44 | P: nan R: nan F1: nan
2026-05-05 22:43:12 | DEBUG   | dpfl.core.base_simulator | Update norms — honest: ['0.15', '0.14', '0.14', '0.14', '0.14'], attacker: ['0.18', '0.18', '0.18', '0.18', '0.19']
2026-05-05 22:43:13 | DEBUG   | dpfl.algorithms.trust_aware.simulator | Round 5 Phase 1+2: 1.10s
2026-05-05 22:43:47 | INFO    | dpfl.core.base_simulator | Round   6/150 | Acc: 0.6878 | Loss: 1.0954 | eps_max: 0.53 eps_avg: 0.53 | P: nan R: nan F1: nan
2026-05-05 22:43:47 | DEBUG   | dpfl.core.base_simulator | Update norms — honest: ['0.13', '0.14', '0.14', '0.13', '0.14'], attacker: ['0.16', '0.16', '0.16', '0.16', '0.16']
2026-05-05 22:43:47 | DEBUG   | dpfl.algorithms.trust_aware.simulator | Round 6 Phase 1+2: 0.20s
2026-05-05 22:44:21 | INFO    | dpfl.core.base_simulator | Round   7/150 | Acc: 0.6999 | Loss: 1.0229 | eps_max: 0.56 eps_avg: 0.56 | P: nan R: nan F1: nan
2026-05-05 22:44:21 | DEBUG   | dpfl.core.base_simulator | Update norms — honest: ['0.12', '0.11', '0.12', '0.11', '0.11'], attacker: ['0.14', '0.14', '0.14', '0.14', '0.14']
2026-05-05 22:44:22 | DEBUG   | dpfl.algorithms.trust_aware.simulator | Round 7 Phase 1+2: 0.20s
2026-05-05 22:44:54 | INFO    | dpfl.core.base_simulator | Round   8/150 | Acc: 0.7081 | Loss: 0.9685 | eps_max: 0.59 eps_avg: 0.59 | P: nan R: nan F1: nan
2026-05-05 22:44:54 | DEBUG   | dpfl.core.base_simulator | Update norms — honest: ['0.10', '0.10', '0.10', '0.10', '0.10'], attacker: ['0.12', '0.12', '0.12', '0.12', '0.12']
2026-05-05 22:44:54 | DEBUG   | dpfl.algorithms.trust_aware.simulator | Round 8 Phase 1+2: 0.21s
2026-05-05 22:45:26 | INFO    | dpfl.core.base_simulator | Round   9/150 | Acc: 0.7146 | Loss: 0.9252 | eps_max: 0.62 eps_avg: 0.62 | P: nan R: nan F1: nan
2026-05-05 22:45:26 | DEBUG   | dpfl.core.base_simulator | Update norms — honest: ['0.08', '0.09', '0.09', '0.10', '0.08'], attacker: ['0.11', '0.10', '0.11', '0.10', '0.10']
2026-05-05 22:45:26 | DEBUG   | dpfl.algorithms.trust_aware.simulator | Round 9 Phase 1+2: 0.20s
2026-05-05 22:45:55 | INFO    | dpfl.core.base_simulator | Round  10/150 | Acc: 0.7209 | Loss: 0.8889 | eps_max: 0.65 eps_avg: 0.65 | P: nan R: nan F1: nan
2026-05-05 22:45:55 | DEBUG   | dpfl.core.base_simulator | Update norms — honest: ['0.08', '0.08', '0.08', '0.08', '0.08'], attacker: ['0.10', '0.09', '0.09', '0.09', '0.09']
2026-05-05 22:45:55 | DEBUG   | dpfl.algorithms.trust_aware.simulator | Round 10 Phase 1+2: 0.20s
2026-05-05 22:46:23 | INFO    | dpfl.core.base_simulator | Round  11/150 | Acc: 0.7257 | Loss: 0.8591 | eps_max: 0.69 eps_avg: 0.69 | P: nan R: nan F1: nan
2026-05-05 22:46:23 | DEBUG   | dpfl.core.base_simulator | Update norms — honest: ['0.07', '0.07', '0.08', '0.07', '0.08'], attacker: ['0.10', '0.08', '0.08', '0.08', '0.08']
2026-05-05 22:46:23 | DEBUG   | dpfl.algorithms.trust_aware.simulator | Round 11 Phase 1+2: 0.20s
2026-05-05 22:46:49 | INFO    | dpfl.core.base_simulator | Round  12/150 | Acc: 0.7304 | Loss: 0.8334 | eps_max: 0.72 eps_avg: 0.72 | P: nan R: nan F1: nan
2026-05-05 22:46:49 | DEBUG   | dpfl.core.base_simulator | Update norms — honest: ['0.07', '0.07', '0.08', '0.07', '0.07'], attacker: ['0.08', '0.08', '0.08', '0.08', '0.08']
2026-05-05 22:46:49 | DEBUG   | dpfl.algorithms.trust_aware.simulator | Round 12 Phase 1+2: 0.20s
2026-05-05 22:47:11 | INFO    | dpfl.core.base_simulator | Round  13/150 | Acc: 0.7349 | Loss: 0.8112 | eps_max: 0.76 eps_avg: 0.76 | P: nan R: nan F1: nan
2026-05-05 22:47:11 | DEBUG   | dpfl.core.base_simulator | Update norms — honest: ['0.07', '0.07', '0.07', '0.07', '0.07'], attacker: ['0.08', '0.07', '0.08', '0.07', '0.07']
2026-05-05 22:47:12 | DEBUG   | dpfl.algorithms.trust_aware.simulator | Round 13 Phase 1+2: 1.13s
2026-05-05 22:47:32 | INFO    | dpfl.core.base_simulator | Round  14/150 | Acc: 0.7385 | Loss: 0.7919 | eps_max: 0.80 eps_avg: 0.80 | P: nan R: nan F1: nan
2026-05-05 22:47:32 | DEBUG   | dpfl.core.base_simulator | Update norms — honest: ['0.07', '0.06', '0.06', '0.06', '0.07'], attacker: ['0.08', '0.07', '0.07', '0.07', '0.07']
2026-05-05 22:47:33 | DEBUG   | dpfl.algorithms.trust_aware.simulator | Round 14 Phase 1+2: 1.13s
2026-05-05 22:47:52 | INFO    | dpfl.core.base_simulator | Round  15/150 | Acc: 0.7419 | Loss: 0.7752 | eps_max: 0.84 eps_avg: 0.84 | P: nan R: nan F1: nan
2026-05-05 22:47:52 | DEBUG   | dpfl.core.base_simulator | Update norms — honest: ['0.06', '0.06', '0.07', '0.06', '0.06'], attacker: ['0.07', '0.06', '0.07', '0.06', '0.06']
2026-05-05 22:47:53 | DEBUG   | dpfl.algorithms.trust_aware.simulator | Round 15 Phase 1+2: 1.13s
2026-05-05 22:48:11 | INFO    | dpfl.core.base_simulator | Round  16/150 | Acc: 0.7449 | Loss: 0.7605 | eps_max: 0.88 eps_avg: 0.88 | P: 0.00 R: nan F1: nan
2026-05-05 22:48:11 | DEBUG   | dpfl.core.base_simulator | Update norms — honest: ['0.06', '0.06', '0.06', '0.06', '0.06'], attacker: ['0.06', '0.06', '0.06', '0.06', '0.06']
2026-05-05 22:48:12 | DEBUG   | dpfl.algorithms.trust_aware.simulator | Round 16 Phase 1+2: 1.13s
2026-05-05 22:48:32 | INFO    | dpfl.core.base_simulator | Round  17/150 | Acc: 0.7476 | Loss: 0.7472 | eps_max: 0.91 eps_avg: 0.91 | P: 0.00 R: nan F1: nan
2026-05-05 22:48:32 | DEBUG   | dpfl.core.base_simulator | Update norms — honest: ['0.06', '0.05', '0.05', '0.05', '0.05'], attacker: ['0.06', '0.06', '0.06', '0.06', '0.06']
2026-05-05 22:48:33 | DEBUG   | dpfl.algorithms.trust_aware.simulator | Round 17 Phase 1+2: 1.14s
2026-05-05 22:48:57 | INFO    | dpfl.core.base_simulator | Round  18/150 | Acc: 0.7505 | Loss: 0.7356 | eps_max: 0.95 eps_avg: 0.95 | P: nan R: nan F1: nan
2026-05-05 22:48:57 | DEBUG   | dpfl.core.base_simulator | Update norms — honest: ['0.05', '0.05', '0.05', '0.05', '0.06'], attacker: ['0.06', '0.06', '0.06', '0.06', '0.06']
2026-05-05 22:48:58 | DEBUG   | dpfl.algorithms.trust_aware.simulator | Round 18 Phase 1+2: 1.14s
2026-05-05 22:49:25 | INFO    | dpfl.core.base_simulator | Round  19/150 | Acc: 0.7531 | Loss: 0.7251 | eps_max: 0.98 eps_avg: 0.98 | P: nan R: nan F1: nan
2026-05-05 22:49:25 | DEBUG   | dpfl.core.base_simulator | Update norms — honest: ['0.05', '0.05', '0.05', '0.05', '0.05'], attacker: ['0.06', '0.06', '0.05', '0.06', '0.06']
2026-05-05 22:49:26 | DEBUG   | dpfl.algorithms.trust_aware.simulator | Round 19 Phase 1+2: 1.13s
2026-05-05 22:49:58 | INFO    | dpfl.core.base_simulator | Round  20/150 | Acc: 0.7550 | Loss: 0.7154 | eps_max: 1.02 eps_avg: 1.02 | P: 0.00 R: nan F1: nan
2026-05-05 22:49:58 | DEBUG   | dpfl.core.base_simulator | Update norms — honest: ['0.05', '0.05', '0.05', '0.05', '0.05'], attacker: ['0.05', '0.05', '0.05', '0.05', '0.05']
2026-05-05 22:49:59 | DEBUG   | dpfl.algorithms.trust_aware.simulator | Round 20 Phase 1+2: 0.62s
2026-05-05 22:50:33 | INFO    | dpfl.core.base_simulator | Round  21/150 | Acc: 0.7574 | Loss: 0.7066 | eps_max: 1.06 eps_avg: 1.06 | P: nan R: nan F1: nan
2026-05-05 22:50:33 | DEBUG   | dpfl.core.base_simulator | Update norms — honest: ['0.05', '0.05', '0.05', '0.04', '0.05'], attacker: ['0.05', '0.05', '0.05', '0.05', '0.05']
2026-05-05 22:50:34 | DEBUG   | dpfl.algorithms.trust_aware.simulator | Round 21 Phase 1+2: 0.21s
2026-05-05 22:51:05 | INFO    | dpfl.core.base_simulator | Round  22/150 | Acc: 0.7591 | Loss: 0.6988 | eps_max: 1.10 eps_avg: 1.10 | P: nan R: nan F1: nan
2026-05-05 22:51:05 | DEBUG   | dpfl.core.base_simulator | Update norms — honest: ['0.04', '0.04', '0.05', '0.05', '0.05'], attacker: ['0.05', '0.05', '0.05', '0.05', '0.05']
2026-05-05 22:51:05 | DEBUG   | dpfl.algorithms.trust_aware.simulator | Round 22 Phase 1+2: 0.20s
2026-05-05 22:51:34 | INFO    | dpfl.core.base_simulator | Round  23/150 | Acc: 0.7611 | Loss: 0.6913 | eps_max: 1.15 eps_avg: 1.15 | P: nan R: nan F1: nan
2026-05-05 22:51:34 | DEBUG   | dpfl.core.base_simulator | Update norms — honest: ['0.05', '0.05', '0.05', '0.05', '0.04'], attacker: ['0.05', '0.05', '0.05', '0.05', '0.05']
2026-05-05 22:51:34 | DEBUG   | dpfl.algorithms.trust_aware.simulator | Round 23 Phase 1+2: 0.20s
2026-05-05 22:51:58 | INFO    | dpfl.core.base_simulator | Round  24/150 | Acc: 0.7628 | Loss: 0.6845 | eps_max: 1.19 eps_avg: 1.19 | P: 0.00 R: nan F1: nan
2026-05-05 22:51:58 | DEBUG   | dpfl.core.base_simulator | Update norms — honest: ['0.05', '0.04', '0.04', '0.05', '0.04'], attacker: ['0.05', '0.05', '0.04', '0.04', '0.04']
2026-05-05 22:51:58 | DEBUG   | dpfl.algorithms.trust_aware.simulator | Round 24 Phase 1+2: 0.20s
2026-05-05 22:52:18 | INFO    | dpfl.core.base_simulator | Round  25/150 | Acc: 0.7644 | Loss: 0.6784 | eps_max: 1.22 eps_avg: 1.22 | P: nan R: nan F1: nan
2026-05-05 22:52:18 | DEBUG   | dpfl.core.base_simulator | Update norms — honest: ['0.05', '0.04', '0.04', '0.04', '0.04'], attacker: ['0.05', '0.05', '0.04', '0.04', '0.05']
2026-05-05 22:52:19 | DEBUG   | dpfl.algorithms.trust_aware.simulator | Round 25 Phase 1+2: 1.13s
2026-05-05 22:52:35 | INFO    | dpfl.core.base_simulator | Round  26/150 | Acc: 0.7660 | Loss: 0.6728 | eps_max: 1.26 eps_avg: 1.26 | P: nan R: nan F1: nan
2026-05-05 22:52:35 | DEBUG   | dpfl.core.base_simulator | Update norms — honest: ['0.04', '0.05', '0.04', '0.04', '0.05'], attacker: ['0.04', '0.05', '0.04', '0.04', '0.04']
2026-05-05 22:52:36 | DEBUG   | dpfl.algorithms.trust_aware.simulator | Round 26 Phase 1+2: 1.13s
2026-05-05 22:52:52 | INFO    | dpfl.core.base_simulator | Round  27/150 | Acc: 0.7673 | Loss: 0.6669 | eps_max: 1.29 eps_avg: 1.29 | P: nan R: nan F1: nan
2026-05-05 22:52:52 | DEBUG   | dpfl.core.base_simulator | Update norms — honest: ['0.04', '0.04', '0.04', '0.04', '0.04'], attacker: ['0.04', '0.04', '0.04', '0.04', '0.04']
2026-05-05 22:52:53 | DEBUG   | dpfl.algorithms.trust_aware.simulator | Round 27 Phase 1+2: 1.13s
2026-05-05 22:53:11 | INFO    | dpfl.core.base_simulator | Round  28/150 | Acc: 0.7689 | Loss: 0.6621 | eps_max: 1.32 eps_avg: 1.32 | P: nan R: nan F1: nan
2026-05-05 22:53:11 | DEBUG   | dpfl.core.base_simulator | Update norms — honest: ['0.04', '0.04', '0.04', '0.04', '0.04'], attacker: ['0.05', '0.04', '0.04', '0.04', '0.04']
2026-05-05 22:53:12 | DEBUG   | dpfl.algorithms.trust_aware.simulator | Round 28 Phase 1+2: 1.13s
2026-05-05 22:53:36 | INFO    | dpfl.core.base_simulator | Round  29/150 | Acc: 0.7703 | Loss: 0.6571 | eps_max: 1.36 eps_avg: 1.36 | P: 0.00 R: nan F1: nan
2026-05-05 22:53:36 | DEBUG   | dpfl.core.base_simulator | Update norms — honest: ['0.04', '0.04', '0.04', '0.04', '0.04'], attacker: ['0.04', '0.04', '0.04', '0.04', '0.04']
2026-05-05 22:53:37 | DEBUG   | dpfl.algorithms.trust_aware.simulator | Round 29 Phase 1+2: 1.13s
2026-05-05 22:54:07 | INFO    | dpfl.core.base_simulator | Round  30/150 | Acc: 0.7714 | Loss: 0.6530 | eps_max: 1.39 eps_avg: 1.39 | P: nan R: nan F1: nan
2026-05-05 22:54:07 | DEBUG   | dpfl.core.base_simulator | Update norms — honest: ['0.04', '0.04', '0.04', '0.04', '0.04'], attacker: ['0.04', '0.04', '0.04', '0.04', '0.04']
2026-05-05 22:54:08 | DEBUG   | dpfl.algorithms.trust_aware.simulator | Round 30 Phase 1+2: 1.12s
2026-05-05 22:54:43 | INFO    | dpfl.core.base_simulator | Round  31/150 | Acc: 0.7726 | Loss: 0.6486 | eps_max: 1.43 eps_avg: 1.43 | P: nan R: nan F1: nan
2026-05-05 22:54:43 | DEBUG   | dpfl.core.base_simulator | Update norms — honest: ['0.04', '0.04', '0.04', '0.04', '0.04'], attacker: ['0.04', '0.04', '0.04', '0.04', '0.04']
2026-05-05 22:54:43 | DEBUG   | dpfl.algorithms.trust_aware.simulator | Round 31 Phase 1+2: 0.20s
2026-05-05 22:55:16 | INFO    | dpfl.core.base_simulator | Round  32/150 | Acc: 0.7737 | Loss: 0.6449 | eps_max: 1.47 eps_avg: 1.47 | P: nan R: nan F1: nan
2026-05-05 22:55:16 | DEBUG   | dpfl.core.base_simulator | Update norms — honest: ['0.04', '0.04', '0.04', '0.04', '0.04'], attacker: ['0.04', '0.04', '0.04', '0.04', '0.04']
2026-05-05 22:55:16 | DEBUG   | dpfl.algorithms.trust_aware.simulator | Round 32 Phase 1+2: 0.20s
2026-05-05 22:55:44 | INFO    | dpfl.core.base_simulator | Round  33/150 | Acc: 0.7747 | Loss: 0.6411 | eps_max: 1.51 eps_avg: 1.51 | P: 0.00 R: nan F1: nan
2026-05-05 22:55:44 | DEBUG   | dpfl.core.base_simulator | Update norms — honest: ['0.04', '0.04', '0.04', '0.04', '0.04'], attacker: ['0.04', '0.05', '0.04', '0.04', '0.04']
2026-05-05 22:55:45 | DEBUG   | dpfl.algorithms.trust_aware.simulator | Round 33 Phase 1+2: 0.20s
2026-05-05 22:56:09 | INFO    | dpfl.core.base_simulator | Round  34/150 | Acc: 0.7760 | Loss: 0.6375 | eps_max: 1.56 eps_avg: 1.56 | P: nan R: nan F1: nan
2026-05-05 22:56:09 | DEBUG   | dpfl.core.base_simulator | Update norms — honest: ['0.03', '0.04', '0.04', '0.04', '0.04'], attacker: ['0.04', '0.04', '0.04', '0.04', '0.04']
2026-05-05 22:56:09 | DEBUG   | dpfl.algorithms.trust_aware.simulator | Round 34 Phase 1+2: 0.20s
2026-05-05 22:56:31 | INFO    | dpfl.core.base_simulator | Round  35/150 | Acc: 0.7767 | Loss: 0.6344 | eps_max: 1.60 eps_avg: 1.60 | P: 0.00 R: nan F1: nan
2026-05-05 22:56:31 | DEBUG   | dpfl.core.base_simulator | Update norms — honest: ['0.04', '0.03', '0.03', '0.04', '0.04'], attacker: ['0.04', '0.04', '0.04', '0.04', '0.04']
2026-05-05 22:56:31 | DEBUG   | dpfl.algorithms.trust_aware.simulator | Round 35 Phase 1+2: 0.20s
2026-05-05 22:56:48 | INFO    | dpfl.core.base_simulator | Round  36/150 | Acc: 0.7779 | Loss: 0.6310 | eps_max: 1.63 eps_avg: 1.63 | P: nan R: nan F1: nan
2026-05-05 22:56:48 | DEBUG   | dpfl.core.base_simulator | Update norms — honest: ['0.03', '0.03', '0.03', '0.04', '0.04'], attacker: ['0.04', '0.04', '0.04', '0.04', '0.04']
2026-05-05 22:56:49 | DEBUG   | dpfl.algorithms.trust_aware.simulator | Round 36 Phase 1+2: 1.12s
2026-05-05 22:57:02 | INFO    | dpfl.core.base_simulator | Round  37/150 | Acc: 0.7784 | Loss: 0.6287 | eps_max: 1.67 eps_avg: 1.67 | P: 0.00 R: nan F1: nan
2026-05-05 22:57:02 | DEBUG   | dpfl.core.base_simulator | Update norms — honest: ['0.03', '0.03', '0.04', '0.03', '0.04'], attacker: ['0.05', '0.04', '0.03', '0.04', '0.04']
2026-05-05 22:57:03 | DEBUG   | dpfl.algorithms.trust_aware.simulator | Round 37 Phase 1+2: 1.13s
2026-05-05 22:57:17 | INFO    | dpfl.core.base_simulator | Round  38/150 | Acc: 0.7792 | Loss: 0.6262 | eps_max: 1.70 eps_avg: 1.70 | P: 0.00 R: nan F1: nan
2026-05-05 22:57:17 | DEBUG   | dpfl.core.base_simulator | Update norms — honest: ['0.04', '0.04', '0.04', '0.04', '0.03'], attacker: ['0.03', '0.04', '0.03', '0.04', '0.04']
2026-05-05 22:57:18 | DEBUG   | dpfl.algorithms.trust_aware.simulator | Round 38 Phase 1+2: 1.15s
2026-05-05 22:57:39 | INFO    | dpfl.core.base_simulator | Round  39/150 | Acc: 0.7801 | Loss: 0.6230 | eps_max: 1.74 eps_avg: 1.74 | P: 0.00 R: nan F1: nan
2026-05-05 22:57:39 | DEBUG   | dpfl.core.base_simulator | Update norms — honest: ['0.04', '0.04', '0.04', '0.03', '0.04'], attacker: ['0.03', '0.04', '0.04', '0.04', '0.04']
2026-05-05 22:57:40 | DEBUG   | dpfl.algorithms.trust_aware.simulator | Round 39 Phase 1+2: 1.12s
2026-05-05 22:58:06 | INFO    | dpfl.core.base_simulator | Round  40/150 | Acc: 0.7807 | Loss: 0.6208 | eps_max: 1.78 eps_avg: 1.78 | P: 0.00 R: nan F1: nan
2026-05-05 22:58:06 | DEBUG   | dpfl.core.base_simulator | Update norms — honest: ['0.03', '0.03', '0.03', '0.04', '0.04'], attacker: ['0.03', '0.04', '0.03', '0.04', '0.04']
2026-05-05 22:58:07 | DEBUG   | dpfl.algorithms.trust_aware.simulator | Round 40 Phase 1+2: 1.12s
2026-05-05 22:58:33 | INFO    | dpfl.core.base_simulator | Round  41/150 | Acc: 0.7816 | Loss: 0.6184 | eps_max: 1.82 eps_avg: 1.82 | P: nan R: nan F1: nan
2026-05-05 22:58:33 | DEBUG   | dpfl.core.base_simulator | Update norms — honest: ['0.04', '0.04', '0.04', '0.04', '0.04'], attacker: ['0.04', '0.04', '0.03', '0.03', '0.04']
2026-05-05 22:58:34 | DEBUG   | dpfl.algorithms.trust_aware.simulator | Round 41 Phase 1+2: 0.86s
2026-05-05 22:59:10 | INFO    | dpfl.core.base_simulator | Round  42/150 | Acc: 0.7824 | Loss: 0.6163 | eps_max: 1.86 eps_avg: 1.86 | P: 0.00 R: nan F1: nan
2026-05-05 22:59:10 | DEBUG   | dpfl.core.base_simulator | Update norms — honest: ['0.04', '0.03', '0.04', '0.03', '0.04'], attacker: ['0.03', '0.04', '0.03', '0.04', '0.03']
2026-05-05 22:59:11 | DEBUG   | dpfl.algorithms.trust_aware.simulator | Round 42 Phase 1+2: 1.12s
2026-05-05 22:59:36 | INFO    | dpfl.core.base_simulator | Round  43/150 | Acc: 0.7829 | Loss: 0.6142 | eps_max: 1.90 eps_avg: 1.90 | P: nan R: nan F1: nan
2026-05-05 22:59:36 | DEBUG   | dpfl.core.base_simulator | Update norms — honest: ['0.04', '0.03', '0.03', '0.05', '0.03'], attacker: ['0.03', '0.04', '0.03', '0.03', '0.03']
2026-05-05 22:59:37 | DEBUG   | dpfl.algorithms.trust_aware.simulator | Round 43 Phase 1+2: 1.13s
2026-05-05 23:00:02 | INFO    | dpfl.core.base_simulator | Round  44/150 | Acc: 0.7836 | Loss: 0.6120 | eps_max: 1.95 eps_avg: 1.95 | P: 0.00 R: nan F1: nan
2026-05-05 23:00:02 | DEBUG   | dpfl.core.base_simulator | Update norms — honest: ['0.03', '0.03', '0.04', '0.03', '0.03'], attacker: ['0.04', '0.03', '0.03', '0.04', '0.04']
2026-05-05 23:00:02 | DEBUG   | dpfl.algorithms.trust_aware.simulator | Round 44 Phase 1+2: 0.20s
2026-05-05 23:00:37 | INFO    | dpfl.core.base_simulator | Round  45/150 | Acc: 0.7843 | Loss: 0.6100 | eps_max: 2.00 eps_avg: 2.00 | P: 0.00 R: nan F1: nan
2026-05-05 23:00:37 | DEBUG   | dpfl.core.base_simulator | Update norms — honest: ['0.03', '0.03', '0.03', '0.03', '0.03'], attacker: ['0.03', '0.03', '0.03', '0.04', '0.03']
2026-05-05 23:00:38 | DEBUG   | dpfl.algorithms.trust_aware.simulator | Round 45 Phase 1+2: 1.14s
2026-05-05 23:01:06 | INFO    | dpfl.core.base_simulator | Round  46/150 | Acc: 0.7847 | Loss: 0.6082 | eps_max: 2.04 eps_avg: 2.04 | P: 0.00 R: nan F1: nan
2026-05-05 23:01:06 | DEBUG   | dpfl.core.base_simulator | Update norms — honest: ['0.03', '0.04', '0.03', '0.04', '0.03'], attacker: ['0.03', '0.04', '0.03', '0.04', '0.03']
2026-05-05 23:01:08 | DEBUG   | dpfl.algorithms.trust_aware.simulator | Round 46 Phase 1+2: 1.12s
2026-05-05 23:01:32 | INFO    | dpfl.core.base_simulator | Round  47/150 | Acc: 0.7853 | Loss: 0.6066 | eps_max: 2.08 eps_avg: 2.08 | P: nan R: nan F1: nan
2026-05-05 23:01:32 | DEBUG   | dpfl.core.base_simulator | Update norms — honest: ['0.04', '0.03', '0.03', '0.04', '0.03'], attacker: ['0.03', '0.04', '0.03', '0.04', '0.03']
2026-05-05 23:01:32 | DEBUG   | dpfl.algorithms.trust_aware.simulator | Round 47 Phase 1+2: 0.20s
2026-05-05 23:02:04 | INFO    | dpfl.core.base_simulator | Round  48/150 | Acc: 0.7858 | Loss: 0.6050 | eps_max: 2.11 eps_avg: 2.11 | P: 0.00 R: nan F1: nan
2026-05-05 23:02:04 | DEBUG   | dpfl.core.base_simulator | Update norms — honest: ['0.04', '0.03', '0.03', '0.03', '0.04'], attacker: ['0.03', '0.03', '0.03', '0.03', '0.03']
2026-05-05 23:02:05 | DEBUG   | dpfl.algorithms.trust_aware.simulator | Round 48 Phase 1+2: 1.12s
2026-05-05 23:02:35 | INFO    | dpfl.core.base_simulator | Round  49/150 | Acc: 0.7864 | Loss: 0.6035 | eps_max: 2.15 eps_avg: 2.15 | P: nan R: nan F1: nan
2026-05-05 23:02:35 | DEBUG   | dpfl.core.base_simulator | Update norms — honest: ['0.04', '0.04', '0.03', '0.03', '0.03'], attacker: ['0.03', '0.04', '0.03', '0.04', '0.03']
2026-05-05 23:02:36 | DEBUG   | dpfl.algorithms.trust_aware.simulator | Round 49 Phase 1+2: 1.11s
2026-05-05 23:03:00 | INFO    | dpfl.core.base_simulator | Round  50/150 | Acc: 0.7870 | Loss: 0.6018 | eps_max: 2.19 eps_avg: 2.19 | P: nan R: nan F1: nan
2026-05-05 23:03:00 | DEBUG   | dpfl.core.base_simulator | Update norms — honest: ['0.03', '0.03', '0.03', '0.03', '0.03'], attacker: ['0.03', '0.03', '0.03', '0.04', '0.04']
2026-05-05 23:03:00 | DEBUG   | dpfl.algorithms.trust_aware.simulator | Round 50 Phase 1+2: 0.14s
2026-05-05 23:03:27 | INFO    | dpfl.core.base_simulator | Round  51/150 | Acc: 0.7872 | Loss: 0.6007 | eps_max: 2.22 eps_avg: 2.22 | P: 1.00 R: 0.88 F1: 0.93
2026-05-05 23:03:27 | DEBUG   | dpfl.core.base_simulator | Update norms — honest: ['0.03', '0.03', '0.03', '0.04', '0.03'], attacker: ['0.33', '0.33', '0.31', '0.35', '0.32']
2026-05-05 23:03:27 | DEBUG   | dpfl.algorithms.trust_aware.simulator | Round 51 Phase 1+2: 0.14s
2026-05-05 23:03:52 | INFO    | dpfl.core.base_simulator | Round  52/150 | Acc: 0.7876 | Loss: 0.5994 | eps_max: 2.26 eps_avg: 2.26 | P: 1.00 R: 0.56 F1: 0.71
2026-05-05 23:03:52 | DEBUG   | dpfl.core.base_simulator | Update norms — honest: ['0.04', '0.03', '0.04', '0.03', '0.03'], attacker: ['0.49', '0.63', '0.46', '0.55', '0.73']
2026-05-05 23:03:52 | DEBUG   | dpfl.algorithms.trust_aware.simulator | Round 52 Phase 1+2: 0.14s
2026-05-05 23:04:14 | INFO    | dpfl.core.base_simulator | Round  53/150 | Acc: 0.7870 | Loss: 0.6017 | eps_max: 2.30 eps_avg: 2.30 | P: 1.00 R: 0.38 F1: 0.55
2026-05-05 23:04:14 | DEBUG   | dpfl.core.base_simulator | Update norms — honest: ['0.03', '0.04', '0.04', '0.03', '0.04'], attacker: ['1.82', '2.32', '1.49', '1.92', '2.46']
2026-05-05 23:04:15 | DEBUG   | dpfl.algorithms.trust_aware.simulator | Round 53 Phase 1+2: 0.53s
2026-05-05 23:04:34 | INFO    | dpfl.core.base_simulator | Round  54/150 | Acc: 0.7845 | Loss: 0.6107 | eps_max: 2.34 eps_avg: 2.34 | P: 0.99 R: 0.22 F1: 0.33
2026-05-05 23:04:34 | DEBUG   | dpfl.core.base_simulator | Update norms — honest: ['0.03', '0.03', '0.03', '0.04', '0.03'], attacker: ['7.14', '7.52', '4.92', '7.09', '6.32']
2026-05-05 23:04:35 | DEBUG   | dpfl.algorithms.trust_aware.simulator | Round 54 Phase 1+2: 0.52s
2026-05-05 23:04:54 | INFO    | dpfl.core.base_simulator | Round  55/150 | Acc: 0.7857 | Loss: 0.6087 | eps_max: 2.39 eps_avg: 2.39 | P: 1.00 R: 0.61 F1: 0.82
2026-05-05 23:04:54 | DEBUG   | dpfl.core.base_simulator | Update norms — honest: ['0.04', '0.03', '0.03', '0.03', '0.03'], attacker: ['21.65', '22.38', '14.27', '20.54', '17.72']
2026-05-05 23:04:55 | DEBUG   | dpfl.algorithms.trust_aware.simulator | Round 55 Phase 1+2: 0.51s
2026-05-05 23:05:13 | INFO    | dpfl.core.base_simulator | Round  56/150 | Acc: 0.7887 | Loss: 0.5964 | eps_max: 2.43 eps_avg: 2.43 | P: 1.00 R: 0.98 F1: 0.99
2026-05-05 23:05:13 | DEBUG   | dpfl.core.base_simulator | Update norms — honest: ['0.03', '0.03', '0.03', '0.03', '0.03'], attacker: ['75.20', '75.58', '45.01', '71.76', '62.90']
2026-05-05 23:05:14 | DEBUG   | dpfl.algorithms.trust_aware.simulator | Round 56 Phase 1+2: 0.51s
2026-05-05 23:05:33 | INFO    | dpfl.core.base_simulator | Round  57/150 | Acc: 0.7896 | Loss: 0.5942 | eps_max: 2.48 eps_avg: 2.48 | P: 1.00 R: 1.00 F1: 1.00
2026-05-05 23:05:33 | DEBUG   | dpfl.core.base_simulator | Update norms — honest: ['0.03', '0.03', '0.03', '0.03', '0.03'], attacker: ['270.67', '261.81', '153.14', '253.58', '233.60']
2026-05-05 23:05:33 | DEBUG   | dpfl.algorithms.trust_aware.simulator | Round 57 Phase 1+2: 0.53s
2026-05-05 23:05:52 | INFO    | dpfl.core.base_simulator | Round  58/150 | Acc: 0.7896 | Loss: 0.5940 | eps_max: 2.52 eps_avg: 2.52 | P: 1.00 R: 1.00 F1: 1.00
2026-05-05 23:05:52 | DEBUG   | dpfl.core.base_simulator | Update norms — honest: ['0.04', '0.03', '0.03', '0.04', '0.05'], attacker: ['970.65', '925.76', '539.69', '923.78', '897.02']
2026-05-05 23:05:52 | DEBUG   | dpfl.algorithms.trust_aware.simulator | Round 58 Phase 1+2: 0.54s
2026-05-05 23:06:14 | INFO    | dpfl.core.base_simulator | Round  59/150 | Acc: 0.7899 | Loss: 0.5932 | eps_max: 2.57 eps_avg: 2.57 | P: 1.00 R: 1.00 F1: 1.00
2026-05-05 23:06:14 | DEBUG   | dpfl.core.base_simulator | Update norms — honest: ['0.03', '0.03', '0.03', '0.04', '0.03'], attacker: ['3434.88', '3276.46', '1928.13', '3270.71', '3320.11']
2026-05-05 23:06:15 | DEBUG   | dpfl.algorithms.trust_aware.simulator | Round 59 Phase 1+2: 0.63s
2026-05-05 23:06:39 | INFO    | dpfl.core.base_simulator | Round  60/150 | Acc: 0.7906 | Loss: 0.5915 | eps_max: 2.62 eps_avg: 2.62 | P: 1.00 R: 1.00 F1: 1.00
2026-05-05 23:06:39 | DEBUG   | dpfl.core.base_simulator | Update norms — honest: ['0.03', '0.03', '0.03', '0.03', '0.05'], attacker: ['11877.08', '11685.96', '6990.66', '11697.04', '11638.24']
2026-05-05 23:06:40 | DEBUG   | dpfl.algorithms.trust_aware.simulator | Round 60 Phase 1+2: 0.52s
2026-05-05 23:07:07 | INFO    | dpfl.core.base_simulator | Round  61/150 | Acc: 0.7906 | Loss: 0.5915 | eps_max: 2.67 eps_avg: 2.67 | P: 1.00 R: 1.00 F1: 1.00
2026-05-05 23:07:07 | DEBUG   | dpfl.core.base_simulator | Update norms — honest: ['0.03', '0.03', '0.03', '0.04', '0.04'], attacker: ['40970.38', '40599.53', '24778.06', '39938.54', '40085.54']
2026-05-05 23:07:07 | DEBUG   | dpfl.algorithms.trust_aware.simulator | Round 61 Phase 1+2: 0.52s
2026-05-05 23:07:38 | INFO    | dpfl.core.base_simulator | Round  62/150 | Acc: 0.7910 | Loss: 0.5905 | eps_max: 2.73 eps_avg: 2.73 | P: 1.00 R: 1.00 F1: 1.00
2026-05-05 23:07:38 | DEBUG   | dpfl.core.base_simulator | Update norms — honest: ['0.03', '0.03', '0.03', '0.03', '0.03'], attacker: ['138137.48', '137701.61', '87499.51', '139162.00', '139455.94']
2026-05-05 23:07:39 | DEBUG   | dpfl.algorithms.trust_aware.simulator | Round 62 Phase 1+2: 0.51s
2026-05-05 23:08:12 | INFO    | dpfl.core.base_simulator | Round  63/150 | Acc: 0.7913 | Loss: 0.5897 | eps_max: 2.78 eps_avg: 2.78 | P: 0.99 R: 1.00 F1: 0.99
2026-05-05 23:08:12 | DEBUG   | dpfl.core.base_simulator | Update norms — honest: ['0.02', '0.03', '0.03', '0.03', '0.03'], attacker: ['485045.28', '478010.16', '303583.44', '477987.38', '488404.78']
2026-05-05 23:08:12 | DEBUG   | dpfl.algorithms.trust_aware.simulator | Round 63 Phase 1+2: 0.14s
2026-05-05 23:08:45 | INFO    | dpfl.core.base_simulator | Round  64/150 | Acc: 0.7913 | Loss: 0.5895 | eps_max: 2.84 eps_avg: 2.84 | P: 0.99 R: 1.00 F1: 0.99
2026-05-05 23:08:45 | DEBUG   | dpfl.core.base_simulator | Update norms — honest: ['0.03', '0.03', '0.03', '0.03', '0.03'], attacker: ['1710471.88', '1615368.12', '1041070.94', '1719853.38', '1679860.62']
2026-05-05 23:08:45 | DEBUG   | dpfl.algorithms.trust_aware.simulator | Round 64 Phase 1+2: 0.14s
2026-05-05 23:09:16 | INFO    | dpfl.core.base_simulator | Round  65/150 | Acc: 0.7917 | Loss: 0.5887 | eps_max: 2.88 eps_avg: 2.88 | P: 0.98 R: 1.00 F1: 0.99
2026-05-05 23:09:16 | DEBUG   | dpfl.core.base_simulator | Update norms — honest: ['0.03', '0.03', '0.03', '0.03', '0.03'], attacker: ['5745325.50', '5685225.00', '3647420.75', '5913834.00', '5757890.50']
2026-05-05 23:09:16 | DEBUG   | dpfl.algorithms.trust_aware.simulator | Round 65 Phase 1+2: 0.14s
2026-05-05 23:09:45 | INFO    | dpfl.core.base_simulator | Round  66/150 | Acc: 0.7915 | Loss: 0.5902 | eps_max: 2.91 eps_avg: 2.91 | P: 1.00 R: 1.00 F1: 1.00
2026-05-05 23:09:45 | DEBUG   | dpfl.core.base_simulator | Update norms — honest: ['0.03', '0.03', '0.03', '0.03', '0.03'], attacker: ['19776180.00', '19218122.00', '12812709.00', '20552236.00', '20282782.00']
2026-05-05 23:09:45 | DEBUG   | dpfl.algorithms.trust_aware.simulator | Round 66 Phase 1+2: 0.14s
2026-05-05 23:10:12 | INFO    | dpfl.core.base_simulator | Round  67/150 | Acc: 0.7927 | Loss: 0.5870 | eps_max: 2.95 eps_avg: 2.95 | P: 1.00 R: 1.00 F1: 1.00
2026-05-05 23:10:12 | DEBUG   | dpfl.core.base_simulator | Update norms — honest: ['0.03', '0.04', '0.03', '0.03', '0.03'], attacker: ['70821136.00', '67716792.00', '43730704.00', '68514472.00', '71498432.00']
2026-05-05 23:10:12 | DEBUG   | dpfl.algorithms.trust_aware.simulator | Round 67 Phase 1+2: 0.14s
2026-05-05 23:10:36 | INFO    | dpfl.core.base_simulator | Round  68/150 | Acc: 0.7926 | Loss: 0.5868 | eps_max: 2.99 eps_avg: 2.99 | P: 0.98 R: 1.00 F1: 0.99
2026-05-05 23:10:36 | DEBUG   | dpfl.core.base_simulator | Update norms — honest: ['0.03', '0.03', '0.04', '0.07', '0.02'], attacker: ['237288544.00', '232769760.00', '152827648.00', '241668432.00', '245712624.00']
2026-05-05 23:10:36 | DEBUG   | dpfl.algorithms.trust_aware.simulator | Round 68 Phase 1+2: 0.14s
2026-05-05 23:10:58 | INFO    | dpfl.core.base_simulator | Round  69/150 | Acc: 0.7927 | Loss: 0.5865 | eps_max: 3.02 eps_avg: 3.02 | P: 0.99 R: 1.00 F1: 1.00
2026-05-05 23:10:58 | DEBUG   | dpfl.core.base_simulator | Update norms — honest: ['0.03', '0.03', '0.03', '0.04', '0.03'], attacker: ['844322432.00', '789973632.00', '524863840.00', '858972288.00', '859290688.00']
2026-05-05 23:10:58 | DEBUG   | dpfl.algorithms.trust_aware.simulator | Round 69 Phase 1+2: 0.13s
2026-05-05 23:11:18 | INFO    | dpfl.core.base_simulator | Round  70/150 | Acc: 0.7933 | Loss: 0.5850 | eps_max: 3.06 eps_avg: 3.06 | P: 1.00 R: 1.00 F1: 1.00
2026-05-05 23:11:18 | DEBUG   | dpfl.core.base_simulator | Update norms — honest: ['0.04', '0.03', '0.03', '0.03', '0.03'], attacker: ['2882510336.00', '2716294400.00', '1799038720.00', '2909024512.00', '2926829568.00']
2026-05-05 23:11:18 | DEBUG   | dpfl.algorithms.trust_aware.simulator | Round 70 Phase 1+2: 0.14s
2026-05-05 23:11:35 | INFO    | dpfl.core.base_simulator | Round  71/150 | Acc: 0.7932 | Loss: 0.5846 | eps_max: 3.10 eps_avg: 3.10 | P: 0.99 R: 1.00 F1: 1.00
2026-05-05 23:11:35 | DEBUG   | dpfl.core.base_simulator | Update norms — honest: ['0.03', '0.03', '0.03', '0.03', '0.04'], attacker: ['10302248960.00', '9256130560.00', '6269849600.00', '10125907968.00', '10410772480.00']
2026-05-05 23:11:36 | DEBUG   | dpfl.algorithms.trust_aware.simulator | Round 71 Phase 1+2: 0.50s
2026-05-05 23:11:52 | INFO    | dpfl.core.base_simulator | Round  72/150 | Acc: 0.7936 | Loss: 0.5842 | eps_max: 3.14 eps_avg: 3.14 | P: 1.00 R: 1.00 F1: 1.00
2026-05-05 23:11:52 | DEBUG   | dpfl.core.base_simulator | Update norms — honest: ['0.04', '0.03', '0.04'], attacker: ['34599538688.00', '31926745088.00', '21272598528.00', '35440193536.00', '34920857600.00']
2026-05-05 23:11:52 | DEBUG   | dpfl.algorithms.trust_aware.simulator | Round 72 Phase 1+2: 0.52s
2026-05-05 23:12:09 | INFO    | dpfl.core.base_simulator | Round  73/150 | Acc: 0.7939 | Loss: 0.5837 | eps_max: 3.18 eps_avg: 3.18 | P: 1.00 R: 1.00 F1: 1.00
2026-05-05 23:12:09 | DEBUG   | dpfl.core.base_simulator | Update norms — honest: ['0.03', '0.03', '0.04', '0.03', '0.03'], attacker: ['119953473536.00', '111485820928.00', '73841827840.00', '121744695296.00', '119669465088.00']
2026-05-05 23:12:10 | DEBUG   | dpfl.algorithms.trust_aware.simulator | Round 73 Phase 1+2: 0.53s
2026-05-05 23:12:26 | INFO    | dpfl.core.base_simulator | Round  74/150 | Acc: 0.7936 | Loss: 0.5850 | eps_max: 3.23 eps_avg: 3.23 | P: 1.00 R: 1.00 F1: 1.00
2026-05-05 23:12:26 | DEBUG   | dpfl.core.base_simulator | Update norms — honest: ['0.03', '0.03', '0.04', '0.04', '0.03'], attacker: ['424510062592.00', '385171161088.00', '254980767744.00', '411900936192.00', '418782183424.00']
2026-05-05 23:12:27 | DEBUG   | dpfl.algorithms.trust_aware.simulator | Round 74 Phase 1+2: 0.51s
2026-05-05 23:12:43 | INFO    | dpfl.core.base_simulator | Round  75/150 | Acc: 0.7942 | Loss: 0.5832 | eps_max: 3.27 eps_avg: 3.27 | P: 1.00 R: 1.00 F1: 1.00
2026-05-05 23:12:43 | DEBUG   | dpfl.core.base_simulator | Update norms — honest: ['0.03', '0.04', '0.04', '0.03', '0.03'], attacker: ['1473912504320.00', '1351283245056.00', '900543283200.00', '1421399425024.00', '1471718883328.00']
2026-05-05 23:12:44 | DEBUG   | dpfl.algorithms.trust_aware.simulator | Round 75 Phase 1+2: 0.52s
2026-05-05 23:13:03 | INFO    | dpfl.core.base_simulator | Round  76/150 | Acc: 0.7941 | Loss: 0.5829 | eps_max: 3.31 eps_avg: 3.31 | P: 0.99 R: 1.00 F1: 1.00
2026-05-05 23:13:03 | DEBUG   | dpfl.core.base_simulator | Update norms — honest: ['0.04', '0.03', '0.03', '0.03', '0.03'], attacker: ['4981037465600.00', '4707610263552.00', '3019371446272.00', '4980737048576.00', '5014003646464.00']
2026-05-05 23:13:04 | DEBUG   | dpfl.algorithms.trust_aware.simulator | Round 76 Phase 1+2: 0.52s
2026-05-05 23:13:27 | INFO    | dpfl.core.base_simulator | Round  77/150 | Acc: 0.7946 | Loss: 0.5825 | eps_max: 3.36 eps_avg: 3.36 | P: 1.00 R: 1.00 F1: 1.00
2026-05-05 23:13:27 | DEBUG   | dpfl.core.base_simulator | Update norms — honest: ['0.02', '0.03', '0.03', '0.04', '0.02'], attacker: ['17238334636032.00', '16367947350016.00', '10434843246592.00', '17096082718720.00', '17451288887296.00']
2026-05-05 23:13:27 | DEBUG   | dpfl.algorithms.trust_aware.simulator | Round 77 Phase 1+2: 0.53s
2026-05-05 23:13:54 | INFO    | dpfl.core.base_simulator | Round  78/150 | Acc: 0.7946 | Loss: 0.5828 | eps_max: 3.40 eps_avg: 3.40 | P: 0.98 R: 1.00 F1: 0.99
2026-05-05 23:13:54 | DEBUG   | dpfl.core.base_simulator | Update norms — honest: ['0.04', '0.03', '0.02', '0.03', '0.03'], attacker: ['60930784231424.00', '55284286357504.00', '36136969830400.00', '58489011437568.00', '61198976417792.00']
2026-05-05 23:13:55 | DEBUG   | dpfl.algorithms.trust_aware.simulator | Round 78 Phase 1+2: 0.51s
2026-05-05 23:14:21 | INFO    | dpfl.core.base_simulator | Round  79/150 | Acc: 0.7948 | Loss: 0.5823 | eps_max: 3.45 eps_avg: 3.45 | P: 1.00 R: 1.00 F1: 1.00
2026-05-05 23:14:21 | DEBUG   | dpfl.core.base_simulator | Update norms — honest: ['0.02', '0.03', '0.03', '0.02', '0.03'], attacker: ['205323864375296.00', '193487622373376.00', '124558891810816.00', '207923779207168.00', '204552280211456.00']
2026-05-05 23:14:22 | DEBUG   | dpfl.algorithms.trust_aware.simulator | Round 79 Phase 1+2: 0.51s
2026-05-05 23:14:52 | INFO    | dpfl.core.base_simulator | Round  80/150 | Acc: 0.7950 | Loss: 0.5819 | eps_max: 3.50 eps_avg: 3.50 | P: 1.00 R: 1.00 F1: 1.00
2026-05-05 23:14:52 | DEBUG   | dpfl.core.base_simulator | Update norms — honest: ['0.03', '0.03', '0.03', '0.03', '0.03'], attacker: ['730233896435712.00', '673356114296832.00', '435683562881024.00', '696690940051456.00', '723346983485440.00']
2026-05-05 23:14:52 | DEBUG   | dpfl.algorithms.trust_aware.simulator | Round 80 Phase 1+2: 0.53s
2026-05-05 23:15:26 | INFO    | dpfl.core.base_simulator | Round  81/150 | Acc: 0.7949 | Loss: 0.5823 | eps_max: 3.55 eps_avg: 3.55 | P: 1.00 R: 1.00 F1: 1.00
2026-05-05 23:15:26 | DEBUG   | dpfl.core.base_simulator | Update norms — honest: ['0.03', '0.03', '0.03', '0.03', '0.03'], attacker: ['2482103476289536.00', '2384447999574016.00', '1551038318379008.00', '2416225120419840.00', '2507395196518400.00']
2026-05-05 23:15:26 | DEBUG   | dpfl.algorithms.trust_aware.simulator | Round 81 Phase 1+2: 0.14s
2026-05-05 23:16:00 | INFO    | dpfl.core.base_simulator | Round  82/150 | Acc: 0.7951 | Loss: 0.5820 | eps_max: 3.60 eps_avg: 3.60 | P: 1.00 R: 1.00 F1: 1.00
2026-05-05 23:16:00 | DEBUG   | dpfl.core.base_simulator | Update norms — honest: ['0.03', '0.03', '0.04', '0.03', '0.03'], attacker: ['8806661862981632.00', '8067996744417280.00', '5123651707863040.00', '8460005388845056.00', '8944134102450176.00']
2026-05-05 23:16:00 | DEBUG   | dpfl.algorithms.trust_aware.simulator | Round 82 Phase 1+2: 0.13s
2026-05-05 23:16:32 | INFO    | dpfl.core.base_simulator | Round  83/150 | Acc: 0.7954 | Loss: 0.5813 | eps_max: 3.65 eps_avg: 3.65 | P: 1.00 R: 1.00 F1: 1.00
2026-05-05 23:16:32 | DEBUG   | dpfl.core.base_simulator | Update norms — honest: ['0.03', '0.03', '0.03'], attacker: ['30393052602302464.00', '27518675804225536.00', '18355698085658624.00', '28651509935767552.00', '29660064893632512.00']
2026-05-05 23:16:33 | DEBUG   | dpfl.algorithms.trust_aware.simulator | Round 83 Phase 1+2: 0.14s
2026-05-05 23:17:03 | INFO    | dpfl.core.base_simulator | Round  84/150 | Acc: 0.7955 | Loss: 0.5816 | eps_max: 3.71 eps_avg: 3.71 | P: 1.00 R: 1.00 F1: 1.00
2026-05-05 23:17:03 | DEBUG   | dpfl.core.base_simulator | Update norms — honest: ['0.03', '0.02', '0.04', '0.03', '0.03'], attacker: ['104047798948724736.00', '97517086426791936.00', '61522168109858816.00', '102153658241646592.00', '104838124470796288.00']
2026-05-05 23:17:03 | DEBUG   | dpfl.algorithms.trust_aware.simulator | Round 84 Phase 1+2: 0.14s
2026-05-05 23:17:32 | INFO    | dpfl.core.base_simulator | Round  85/150 | Acc: 0.7952 | Loss: 0.5824 | eps_max: 3.76 eps_avg: 3.76 | P: 1.00 R: 1.00 F1: 1.00
2026-05-05 23:17:32 | DEBUG   | dpfl.core.base_simulator | Update norms — honest: ['0.02', '0.02', '0.04', '0.02', '0.03'], attacker: ['361104288853786624.00', '326932773132566528.00', '214668856365416448.00', '359334521809666048.00', '366822917549326336.00']
2026-05-05 23:17:32 | DEBUG   | dpfl.algorithms.trust_aware.simulator | Round 85 Phase 1+2: 0.14s
2026-05-05 23:17:58 | INFO    | dpfl.core.base_simulator | Round  86/150 | Acc: 0.7958 | Loss: 0.5812 | eps_max: 3.82 eps_avg: 3.82 | P: 1.00 R: 1.00 F1: 1.00
2026-05-05 23:17:58 | DEBUG   | dpfl.core.base_simulator | Update norms — honest: ['0.03', '0.04', '0.03', '0.02', '0.03'], attacker: ['1228421257234481152.00', '1178271844696850432.00', '728171779020816384.00', '1222302749903814656.00', '1290408699151515648.00']
2026-05-05 23:17:58 | DEBUG   | dpfl.algorithms.trust_aware.simulator | Round 86 Phase 1+2: 0.14s
2026-05-05 23:18:23 | INFO    | dpfl.core.base_simulator | Round  87/150 | Acc: 0.7958 | Loss: 0.5813 | eps_max: 3.87 eps_avg: 3.87 | P: 1.00 R: 1.00 F1: 1.00
2026-05-05 23:18:23 | DEBUG   | dpfl.core.base_simulator | Update norms — honest: ['0.03', '0.03', '0.03', '0.02', '0.02'], attacker: ['4342481041726898176.00', '3956747623691452416.00', '2524679358245765120.00', '4259963793573937152.00', '4266541072131293184.00']
2026-05-05 23:18:23 | DEBUG   | dpfl.algorithms.trust_aware.simulator | Round 87 Phase 1+2: 0.14s
2026-05-05 23:18:46 | INFO    | dpfl.core.base_simulator | Round  88/150 | Acc: 0.7960 | Loss: 0.5816 | eps_max: 3.92 eps_avg: 3.92 | P: 0.97 R: 1.00 F1: 0.98
2026-05-05 23:18:46 | DEBUG   | dpfl.core.base_simulator | Update norms — honest: ['0.02', '0.03', '0.02', '0.02', '0.02'], attacker: ['14804864694375940096.00', '14106982673993957376.00', '8860910332177022976.00', '14390864481657815040.00', '15054802379067097088.00']
2026-05-05 23:18:46 | DEBUG   | dpfl.algorithms.trust_aware.simulator | Round 88 Phase 1+2: 0.14s
2026-05-05 23:19:06 | INFO    | dpfl.core.base_simulator | Round  89/150 | Acc: 0.7961 | Loss: 0.5810 | eps_max: 3.96 eps_avg: 3.96 | P: 1.00 R: 1.00 F1: 1.00
2026-05-05 23:19:06 | DEBUG   | dpfl.core.base_simulator | Update norms — honest: ['0.04', '0.03', '0.02', '0.03', '0.03'], attacker: ['nan', 'nan', 'inf', 'nan', 'nan']
2026-05-05 23:19:06 | DEBUG   | dpfl.algorithms.trust_aware.simulator | Round 89 Phase 1+2: 0.14s
2026-05-05 23:19:24 | INFO    | dpfl.core.base_simulator | Round  90/150 | Acc: 0.7959 | Loss: 0.5816 | eps_max: 4.00 eps_avg: 4.00 | P: 0.99 R: 1.00 F1: 0.99
2026-05-05 23:19:24 | DEBUG   | dpfl.core.base_simulator | Update norms — honest: ['0.02', '0.03', '0.02', '0.02', '0.02'], attacker: ['nan', 'nan', 'nan', 'nan', 'nan']
2026-05-05 23:19:24 | DEBUG   | dpfl.algorithms.trust_aware.simulator | Round 90 Phase 1+2: 0.14s
2026-05-05 23:19:41 | INFO    | dpfl.core.base_simulator | Round  91/150 | Acc: 0.7964 | Loss: 0.5812 | eps_max: 4.05 eps_avg: 4.05 | P: 1.00 R: 1.00 F1: 1.00
2026-05-05 23:19:41 | DEBUG   | dpfl.core.base_simulator | Update norms — honest: ['0.02', '0.02', '0.03', '0.02', '0.03'], attacker: ['nan', 'nan', 'nan', 'nan', 'nan']
2026-05-05 23:19:42 | DEBUG   | dpfl.algorithms.trust_aware.simulator | Round 91 Phase 1+2: 0.51s
2026-05-05 23:19:55 | INFO    | dpfl.core.base_simulator | Round  92/150 | Acc: 0.7965 | Loss: 0.5811 | eps_max: 4.09 eps_avg: 4.09 | P: 1.00 R: 1.00 F1: 1.00
2026-05-05 23:19:55 | DEBUG   | dpfl.core.base_simulator | Update norms — honest: ['0.02', '0.03', '0.03', '0.02', '0.03'], attacker: ['nan', 'nan', 'nan', 'nan', 'nan']
2026-05-05 23:19:56 | DEBUG   | dpfl.algorithms.trust_aware.simulator | Round 92 Phase 1+2: 0.52s
2026-05-05 23:20:10 | INFO    | dpfl.core.base_simulator | Round  93/150 | Acc: 0.7963 | Loss: 0.5814 | eps_max: 4.14 eps_avg: 4.14 | P: 0.99 R: 1.00 F1: 1.00
2026-05-05 23:20:10 | DEBUG   | dpfl.core.base_simulator | Update norms — honest: ['0.03', '0.03', '0.03', '0.03', '0.02'], attacker: ['nan', 'nan', 'nan', 'nan', 'nan']
2026-05-05 23:20:10 | DEBUG   | dpfl.algorithms.trust_aware.simulator | Round 93 Phase 1+2: 0.52s
2026-05-05 23:20:23 | INFO    | dpfl.core.base_simulator | Round  94/150 | Acc: 0.7964 | Loss: 0.5827 | eps_max: 4.18 eps_avg: 4.18 | P: 0.99 R: 1.00 F1: 0.99
2026-05-05 23:20:23 | DEBUG   | dpfl.core.base_simulator | Update norms — honest: ['0.04', '0.02', '0.03', '0.03', '0.02'], attacker: ['nan', 'nan', 'nan', 'nan', 'nan']
2026-05-05 23:20:24 | DEBUG   | dpfl.algorithms.trust_aware.simulator | Round 94 Phase 1+2: 0.52s
2026-05-05 23:20:38 | INFO    | dpfl.core.base_simulator | Round  95/150 | Acc: 0.7964 | Loss: 0.5825 | eps_max: 4.23 eps_avg: 4.23 | P: 1.00 R: 1.00 F1: 1.00
2026-05-05 23:20:38 | DEBUG   | dpfl.core.base_simulator | Update norms — honest: ['0.03', '0.03', '0.02', '0.02', '0.02'], attacker: ['nan', 'nan', 'nan', 'nan', 'nan']
2026-05-05 23:20:38 | DEBUG   | dpfl.algorithms.trust_aware.simulator | Round 95 Phase 1+2: 0.52s
2026-05-05 23:20:56 | INFO    | dpfl.core.base_simulator | Round  96/150 | Acc: 0.7960 | Loss: 0.5843 | eps_max: 4.28 eps_avg: 4.28 | P: 1.00 R: 1.00 F1: 1.00
2026-05-05 23:20:56 | DEBUG   | dpfl.core.base_simulator | Update norms — honest: ['0.09', '0.02', '0.02', '0.03', '0.03'], attacker: ['nan', 'nan', 'nan', 'nan', 'nan']
2026-05-05 23:20:56 | DEBUG   | dpfl.algorithms.trust_aware.simulator | Round 96 Phase 1+2: 0.51s
2026-05-05 23:21:17 | INFO    | dpfl.core.base_simulator | Round  97/150 | Acc: 0.7965 | Loss: 0.5822 | eps_max: 4.33 eps_avg: 4.33 | P: 1.00 R: 1.00 F1: 1.00
2026-05-05 23:21:17 | DEBUG   | dpfl.core.base_simulator | Update norms — honest: ['0.02', '0.03', '0.03', '0.02', '0.03'], attacker: ['nan', 'nan', 'nan', 'nan', 'nan']
2026-05-05 23:21:17 | DEBUG   | dpfl.algorithms.trust_aware.simulator | Round 97 Phase 1+2: 0.53s
2026-05-05 23:21:41 | INFO    | dpfl.core.base_simulator | Round  98/150 | Acc: 0.7967 | Loss: 0.5821 | eps_max: 4.38 eps_avg: 4.38 | P: 1.00 R: 1.00 F1: 1.00
2026-05-05 23:21:41 | DEBUG   | dpfl.core.base_simulator | Update norms — honest: ['0.03', '0.03', '0.03', '0.03', '0.02'], attacker: ['nan', 'nan', 'nan', 'nan', 'nan']
2026-05-05 23:21:42 | DEBUG   | dpfl.algorithms.trust_aware.simulator | Round 98 Phase 1+2: 0.51s
2026-05-05 23:22:05 | INFO    | dpfl.core.base_simulator | Round  99/150 | Acc: 0.7970 | Loss: 0.5820 | eps_max: 4.43 eps_avg: 4.43 | P: 1.00 R: 1.00 F1: 1.00
2026-05-05 23:22:05 | DEBUG   | dpfl.core.base_simulator | Update norms — honest: ['0.03', '0.02', '0.02', '0.03', '0.02'], attacker: ['nan', 'nan', 'nan', 'nan', 'nan']
2026-05-05 23:22:06 | DEBUG   | dpfl.algorithms.trust_aware.simulator | Round 99 Phase 1+2: 0.52s
2026-05-05 23:22:32 | INFO    | dpfl.core.base_simulator | Round 100/150 | Acc: 0.7972 | Loss: 0.5823 | eps_max: 4.49 eps_avg: 4.49 | P: 1.00 R: 1.00 F1: 1.00
2026-05-05 23:22:32 | DEBUG   | dpfl.core.base_simulator | Update norms — honest: ['0.02', '0.03', '0.03', '0.03', '0.02'], attacker: ['nan', 'nan', 'nan', 'nan', 'nan']
2026-05-05 23:22:33 | DEBUG   | dpfl.algorithms.trust_aware.simulator | Round 100 Phase 1+2: 0.51s
2026-05-05 23:23:01 | INFO    | dpfl.core.base_simulator | Round 101/150 | Acc: 0.7971 | Loss: 0.5821 | eps_max: 4.54 eps_avg: 4.54 | P: 1.00 R: 1.00 F1: 1.00
2026-05-05 23:23:01 | DEBUG   | dpfl.core.base_simulator | Update norms — honest: ['0.03', '0.03', '0.03', '0.03', '0.02'], attacker: ['nan', 'nan', 'nan', 'nan', 'nan']
2026-05-05 23:23:02 | DEBUG   | dpfl.algorithms.trust_aware.simulator | Round 101 Phase 1+2: 0.52s
2026-05-05 23:23:34 | INFO    | dpfl.core.base_simulator | Round 102/150 | Acc: 0.7973 | Loss: 0.5829 | eps_max: 4.60 eps_avg: 4.60 | P: 1.00 R: 1.00 F1: 1.00
2026-05-05 23:23:34 | DEBUG   | dpfl.core.base_simulator | Update norms — honest: ['0.02', '0.02', '0.03', '0.03', '0.03'], attacker: ['nan', 'nan', 'nan', 'nan', 'nan']
2026-05-05 23:23:34 | DEBUG   | dpfl.algorithms.trust_aware.simulator | Round 102 Phase 1+2: 0.52s
2026-05-05 23:24:09 | INFO    | dpfl.core.base_simulator | Round 103/150 | Acc: 0.7971 | Loss: 0.5831 | eps_max: 4.65 eps_avg: 4.65 | P: 0.99 R: 1.00 F1: 0.99
2026-05-05 23:24:09 | DEBUG   | dpfl.core.base_simulator | Update norms — honest: ['0.03', '0.03', '0.03', '0.03', '0.02'], attacker: ['nan', 'nan', 'nan', 'nan', 'nan']
2026-05-05 23:24:09 | DEBUG   | dpfl.algorithms.trust_aware.simulator | Round 103 Phase 1+2: 0.49s
2026-05-05 23:24:45 | INFO    | dpfl.core.base_simulator | Round 104/150 | Acc: 0.7972 | Loss: 0.5833 | eps_max: 4.71 eps_avg: 4.71 | P: 1.00 R: 1.00 F1: 1.00
2026-05-05 23:24:45 | DEBUG   | dpfl.core.base_simulator | Update norms — honest: ['0.02', '0.04', '0.03', '0.04', '0.03'], attacker: ['nan', 'nan', 'nan', 'nan', 'nan']
2026-05-05 23:24:45 | DEBUG   | dpfl.algorithms.trust_aware.simulator | Round 104 Phase 1+2: 0.14s
2026-05-05 23:25:20 | INFO    | dpfl.core.base_simulator | Round 105/150 | Acc: 0.7972 | Loss: 0.5836 | eps_max: 4.77 eps_avg: 4.77 | P: 1.00 R: 1.00 F1: 1.00
2026-05-05 23:25:20 | DEBUG   | dpfl.core.base_simulator | Update norms — honest: ['0.02', '0.02', '0.02', '0.02', '0.02'], attacker: ['nan', 'nan', 'nan', 'nan', 'nan']
2026-05-05 23:25:20 | DEBUG   | dpfl.algorithms.trust_aware.simulator | Round 105 Phase 1+2: 0.13s
2026-05-05 23:25:53 | INFO    | dpfl.core.base_simulator | Round 106/150 | Acc: 0.7974 | Loss: 0.5833 | eps_max: 4.83 eps_avg: 4.83 | P: 1.00 R: 1.00 F1: 1.00
2026-05-05 23:25:53 | DEBUG   | dpfl.core.base_simulator | Update norms — honest: ['0.03', '0.02', '0.02', '0.03'], attacker: ['nan', 'nan', 'nan', 'nan', 'nan']
2026-05-05 23:25:53 | DEBUG   | dpfl.algorithms.trust_aware.simulator | Round 106 Phase 1+2: 0.14s
2026-05-05 23:26:26 | INFO    | dpfl.core.base_simulator | Round 107/150 | Acc: 0.7973 | Loss: 0.5844 | eps_max: 4.90 eps_avg: 4.90 | P: 1.00 R: 1.00 F1: 1.00
2026-05-05 23:26:26 | DEBUG   | dpfl.core.base_simulator | Update norms — honest: ['0.04', '0.03', '0.02', '0.02', '0.03'], attacker: ['nan', 'nan', 'nan', 'nan', 'nan']
2026-05-05 23:26:26 | DEBUG   | dpfl.algorithms.trust_aware.simulator | Round 107 Phase 1+2: 0.14s
2026-05-05 23:26:57 | INFO    | dpfl.core.base_simulator | Round 108/150 | Acc: 0.7975 | Loss: 0.5838 | eps_max: 4.96 eps_avg: 4.96 | P: 0.98 R: 1.00 F1: 0.99
2026-05-05 23:26:57 | DEBUG   | dpfl.core.base_simulator | Update norms — honest: ['0.03', '0.02', '0.02', '0.02', '0.02'], attacker: ['nan', 'nan', 'nan', 'nan', 'nan']
2026-05-05 23:26:57 | DEBUG   | dpfl.algorithms.trust_aware.simulator | Round 108 Phase 1+2: 0.14s
2026-05-05 23:27:26 | INFO    | dpfl.core.base_simulator | Round 109/150 | Acc: 0.7974 | Loss: 0.5850 | eps_max: 5.02 eps_avg: 5.02 | P: 1.00 R: 1.00 F1: 1.00
2026-05-05 23:27:26 | DEBUG   | dpfl.core.base_simulator | Update norms — honest: ['0.03', '0.02', '0.03', '0.02', '0.02'], attacker: ['nan', 'nan', 'nan', 'nan', 'nan']
2026-05-05 23:27:26 | DEBUG   | dpfl.algorithms.trust_aware.simulator | Round 109 Phase 1+2: 0.14s
2026-05-05 23:27:54 | INFO    | dpfl.core.base_simulator | Round 110/150 | Acc: 0.7978 | Loss: 0.5844 | eps_max: 5.09 eps_avg: 5.09 | P: 0.99 R: 1.00 F1: 1.00
2026-05-05 23:27:54 | DEBUG   | dpfl.core.base_simulator | Update norms — honest: ['0.03', '0.03', '0.02', '0.03', '0.02'], attacker: ['nan', 'nan', 'nan', 'nan', 'nan']
2026-05-05 23:27:54 | DEBUG   | dpfl.algorithms.trust_aware.simulator | Round 110 Phase 1+2: 0.15s
2026-05-05 23:28:20 | INFO    | dpfl.core.base_simulator | Round 111/150 | Acc: 0.7977 | Loss: 0.5848 | eps_max: 5.16 eps_avg: 5.16 | P: 1.00 R: 1.00 F1: 1.00
2026-05-05 23:28:20 | DEBUG   | dpfl.core.base_simulator | Update norms — honest: ['0.02', '0.03', '0.02', '0.03', '0.03'], attacker: ['nan', 'nan', 'nan', 'nan', 'nan']
2026-05-05 23:28:21 | DEBUG   | dpfl.algorithms.trust_aware.simulator | Round 111 Phase 1+2: 0.14s
2026-05-05 23:28:45 | INFO    | dpfl.core.base_simulator | Round 112/150 | Acc: 0.7973 | Loss: 0.5863 | eps_max: 5.21 eps_avg: 5.21 | P: 0.99 R: 1.00 F1: 0.99
2026-05-05 23:28:45 | DEBUG   | dpfl.core.base_simulator | Update norms — honest: ['0.02', '0.03', '0.03', '0.03', '0.03'], attacker: ['nan', 'nan', 'nan', 'nan', 'nan']
2026-05-05 23:28:45 | DEBUG   | dpfl.algorithms.trust_aware.simulator | Round 112 Phase 1+2: 0.13s
2026-05-05 23:29:09 | INFO    | dpfl.core.base_simulator | Round 113/150 | Acc: 0.7979 | Loss: 0.5852 | eps_max: 5.25 eps_avg: 5.25 | P: 1.00 R: 1.00 F1: 1.00
2026-05-05 23:29:09 | DEBUG   | dpfl.core.base_simulator | Update norms — honest: ['0.04', '0.02', '0.02', '0.03'], attacker: ['nan', 'nan', 'nan', 'nan', 'nan']
2026-05-05 23:29:09 | DEBUG   | dpfl.algorithms.trust_aware.simulator | Round 113 Phase 1+2: 0.14s
2026-05-05 23:29:31 | INFO    | dpfl.core.base_simulator | Round 114/150 | Acc: 0.7977 | Loss: 0.5861 | eps_max: 5.30 eps_avg: 5.30 | P: 0.98 R: 1.00 F1: 0.99
2026-05-05 23:29:31 | DEBUG   | dpfl.core.base_simulator | Update norms — honest: ['0.02', '0.02', '0.03', '0.02', '0.02'], attacker: ['nan', 'nan', 'nan', 'nan', 'nan']
2026-05-05 23:29:31 | DEBUG   | dpfl.algorithms.trust_aware.simulator | Round 114 Phase 1+2: 0.13s
2026-05-05 23:29:52 | INFO    | dpfl.core.base_simulator | Round 115/150 | Acc: 0.7976 | Loss: 0.5865 | eps_max: 5.34 eps_avg: 5.34 | P: 1.00 R: 1.00 F1: 1.00
2026-05-05 23:29:52 | DEBUG   | dpfl.core.base_simulator | Update norms — honest: ['0.02', '0.02', '0.03', '0.02', '0.03'], attacker: ['nan', 'nan', 'nan', 'nan', 'nan']
2026-05-05 23:29:53 | DEBUG   | dpfl.algorithms.trust_aware.simulator | Round 115 Phase 1+2: 0.13s
2026-05-05 23:30:12 | INFO    | dpfl.core.base_simulator | Round 116/150 | Acc: 0.7980 | Loss: 0.5868 | eps_max: 5.39 eps_avg: 5.39 | P: 1.00 R: 1.00 F1: 1.00
2026-05-05 23:30:12 | DEBUG   | dpfl.core.base_simulator | Update norms — honest: ['0.03', '0.03', '0.02', '0.02', '0.03'], attacker: ['nan', 'nan', 'nan', 'nan', 'nan']
2026-05-05 23:30:13 | DEBUG   | dpfl.algorithms.trust_aware.simulator | Round 116 Phase 1+2: 0.14s
2026-05-05 23:30:32 | INFO    | dpfl.core.base_simulator | Round 117/150 | Acc: 0.7980 | Loss: 0.5864 | eps_max: 5.44 eps_avg: 5.44 | P: 0.98 R: 1.00 F1: 0.99
2026-05-05 23:30:32 | DEBUG   | dpfl.core.base_simulator | Update norms — honest: ['0.03', '0.02', '0.03', '0.02', '0.04'], attacker: ['nan', 'nan', 'nan', 'nan', 'nan']
2026-05-05 23:30:32 | DEBUG   | dpfl.algorithms.trust_aware.simulator | Round 117 Phase 1+2: 0.14s
2026-05-05 23:30:50 | INFO    | dpfl.core.base_simulator | Round 118/150 | Acc: 0.7979 | Loss: 0.5872 | eps_max: 5.49 eps_avg: 5.49 | P: 1.00 R: 1.00 F1: 1.00
2026-05-05 23:30:50 | DEBUG   | dpfl.core.base_simulator | Update norms — honest: ['0.03', '0.03', '0.03', '0.03', '0.02'], attacker: ['nan', 'nan', 'nan', 'nan', 'nan']
2026-05-05 23:30:50 | DEBUG   | dpfl.algorithms.trust_aware.simulator | Round 118 Phase 1+2: 0.14s
2026-05-05 23:31:08 | INFO    | dpfl.core.base_simulator | Round 119/150 | Acc: 0.7979 | Loss: 0.5876 | eps_max: 5.54 eps_avg: 5.54 | P: 1.00 R: 1.00 F1: 1.00
2026-05-05 23:31:08 | DEBUG   | dpfl.core.base_simulator | Update norms — honest: ['0.03', '0.03', '0.03', '0.02', '0.02'], attacker: ['nan', 'nan', 'nan', 'nan', 'nan']
2026-05-05 23:31:08 | DEBUG   | dpfl.algorithms.trust_aware.simulator | Round 119 Phase 1+2: 0.14s
2026-05-05 23:31:25 | INFO    | dpfl.core.base_simulator | Round 120/150 | Acc: 0.7978 | Loss: 0.5880 | eps_max: 5.59 eps_avg: 5.59 | P: 1.00 R: 1.00 F1: 1.00
2026-05-05 23:31:25 | DEBUG   | dpfl.core.base_simulator | Update norms — honest: ['0.03', '0.03', '0.02', '0.02', '0.04'], attacker: ['nan', 'nan', 'nan', 'nan', 'nan']
2026-05-05 23:31:25 | DEBUG   | dpfl.algorithms.trust_aware.simulator | Round 120 Phase 1+2: 0.14s
2026-05-05 23:31:41 | INFO    | dpfl.core.base_simulator | Round 121/150 | Acc: 0.7980 | Loss: 0.5886 | eps_max: 5.64 eps_avg: 5.64 | P: 1.00 R: 1.00 F1: 1.00
2026-05-05 23:31:41 | DEBUG   | dpfl.core.base_simulator | Update norms — honest: ['0.03', '0.03', '0.02', '0.02', '0.03'], attacker: ['nan', 'nan', 'nan', 'nan', 'nan']
2026-05-05 23:31:42 | DEBUG   | dpfl.algorithms.trust_aware.simulator | Round 121 Phase 1+2: 0.14s
2026-05-05 23:31:57 | INFO    | dpfl.core.base_simulator | Round 122/150 | Acc: 0.7981 | Loss: 0.5887 | eps_max: 5.69 eps_avg: 5.69 | P: 0.99 R: 1.00 F1: 1.00
2026-05-05 23:31:57 | DEBUG   | dpfl.core.base_simulator | Update norms — honest: ['0.03', '0.02', '0.03', '0.03', '0.02'], attacker: ['nan', 'nan', 'nan', 'nan', 'nan']
2026-05-05 23:31:57 | DEBUG   | dpfl.algorithms.trust_aware.simulator | Round 122 Phase 1+2: 0.14s
2026-05-05 23:32:11 | INFO    | dpfl.core.base_simulator | Round 123/150 | Acc: 0.7981 | Loss: 0.5892 | eps_max: 5.74 eps_avg: 5.74 | P: 0.97 R: 1.00 F1: 0.98
2026-05-05 23:32:11 | DEBUG   | dpfl.core.base_simulator | Update norms — honest: ['0.02', '0.02', '0.02', '0.02', '0.02'], attacker: ['nan', 'nan', 'nan', 'nan', 'nan']
2026-05-05 23:32:12 | DEBUG   | dpfl.algorithms.trust_aware.simulator | Round 123 Phase 1+2: 0.14s
2026-05-05 23:32:25 | INFO    | dpfl.core.base_simulator | Round 124/150 | Acc: 0.7979 | Loss: 0.5899 | eps_max: 5.80 eps_avg: 5.80 | P: 1.00 R: 1.00 F1: 1.00
2026-05-05 23:32:25 | DEBUG   | dpfl.core.base_simulator | Update norms — honest: ['0.02', '0.03', '0.02', '0.02', '0.02'], attacker: ['nan', 'nan', 'nan', 'nan', 'nan']
2026-05-05 23:32:25 | DEBUG   | dpfl.algorithms.trust_aware.simulator | Round 124 Phase 1+2: 0.14s
2026-05-05 23:32:37 | INFO    | dpfl.core.base_simulator | Round 125/150 | Acc: 0.7982 | Loss: 0.5899 | eps_max: 5.85 eps_avg: 5.85 | P: 1.00 R: 1.00 F1: 1.00
2026-05-05 23:32:37 | DEBUG   | dpfl.core.base_simulator | Update norms — honest: ['0.03', '0.02', '0.03', '0.03', '0.02'], attacker: ['nan', 'nan', 'nan', 'nan', 'nan']
2026-05-05 23:32:37 | DEBUG   | dpfl.algorithms.trust_aware.simulator | Round 125 Phase 1+2: 0.14s
2026-05-05 23:32:49 | INFO    | dpfl.core.base_simulator | Round 126/150 | Acc: 0.7979 | Loss: 0.5909 | eps_max: 5.91 eps_avg: 5.91 | P: 1.00 R: 1.00 F1: 1.00
2026-05-05 23:32:49 | DEBUG   | dpfl.core.base_simulator | Update norms — honest: ['0.02', '0.03', '0.02', '0.03', '0.03'], attacker: ['nan', 'nan', 'nan', 'nan', 'nan']
2026-05-05 23:32:49 | DEBUG   | dpfl.algorithms.trust_aware.simulator | Round 126 Phase 1+2: 0.51s
2026-05-05 23:32:58 | INFO    | dpfl.core.base_simulator | Round 127/150 | Acc: 0.7981 | Loss: 0.5907 | eps_max: 5.97 eps_avg: 5.97 | P: 1.00 R: 1.00 F1: 1.00
2026-05-05 23:32:58 | DEBUG   | dpfl.core.base_simulator | Update norms — honest: ['0.02', '0.03', '0.02', '0.02', '0.04'], attacker: ['nan', 'nan', 'nan', 'nan', 'nan']
2026-05-05 23:32:59 | DEBUG   | dpfl.algorithms.trust_aware.simulator | Round 127 Phase 1+2: 0.52s
2026-05-05 23:33:10 | INFO    | dpfl.core.base_simulator | Round 128/150 | Acc: 0.7979 | Loss: 0.5918 | eps_max: 6.02 eps_avg: 6.02 | P: 0.99 R: 1.00 F1: 0.99
2026-05-05 23:33:10 | DEBUG   | dpfl.core.base_simulator | Update norms — honest: ['0.03', '0.04', '0.02', '0.03', '0.02'], attacker: ['nan', 'nan', 'nan', 'nan', 'nan']
2026-05-05 23:33:11 | DEBUG   | dpfl.algorithms.trust_aware.simulator | Round 128 Phase 1+2: 0.52s
2026-05-05 23:33:24 | INFO    | dpfl.core.base_simulator | Round 129/150 | Acc: 0.7983 | Loss: 0.5917 | eps_max: 6.08 eps_avg: 6.08 | P: 1.00 R: 1.00 F1: 1.00
2026-05-05 23:33:24 | DEBUG   | dpfl.core.base_simulator | Update norms — honest: ['0.02', '0.03', '0.02', '0.02', '0.02'], attacker: ['nan', 'nan', 'nan', 'nan', 'nan']
2026-05-05 23:33:24 | DEBUG   | dpfl.algorithms.trust_aware.simulator | Round 129 Phase 1+2: 0.52s
2026-05-05 23:33:39 | INFO    | dpfl.core.base_simulator | Round 130/150 | Acc: 0.7979 | Loss: 0.5927 | eps_max: 6.14 eps_avg: 6.14 | P: 1.00 R: 1.00 F1: 1.00
2026-05-05 23:33:39 | DEBUG   | dpfl.core.base_simulator | Update norms — honest: ['0.03', '0.02', '0.02', '0.02', '0.03'], attacker: ['nan', 'nan', 'nan', 'nan', 'nan']
2026-05-05 23:33:40 | DEBUG   | dpfl.algorithms.trust_aware.simulator | Round 130 Phase 1+2: 0.52s
2026-05-05 23:33:57 | INFO    | dpfl.core.base_simulator | Round 131/150 | Acc: 0.7984 | Loss: 0.5923 | eps_max: 6.20 eps_avg: 6.20 | P: 1.00 R: 1.00 F1: 1.00
2026-05-05 23:33:57 | DEBUG   | dpfl.core.base_simulator | Update norms — honest: ['0.02', '0.03', '0.02', '0.02', '0.03'], attacker: ['nan', 'nan', 'nan', 'nan', 'nan']
2026-05-05 23:33:57 | DEBUG   | dpfl.algorithms.trust_aware.simulator | Round 131 Phase 1+2: 0.51s
2026-05-05 23:34:16 | INFO    | dpfl.core.base_simulator | Round 132/150 | Acc: 0.7983 | Loss: 0.5931 | eps_max: 6.27 eps_avg: 6.27 | P: 1.00 R: 1.00 F1: 1.00
2026-05-05 23:34:16 | DEBUG   | dpfl.core.base_simulator | Update norms — honest: ['0.02', '0.02', '0.02', '0.02', '0.02'], attacker: ['nan', 'nan', 'nan', 'nan', 'nan']
2026-05-05 23:34:16 | DEBUG   | dpfl.algorithms.trust_aware.simulator | Round 132 Phase 1+2: 0.53s
2026-05-05 23:34:39 | INFO    | dpfl.core.base_simulator | Round 133/150 | Acc: 0.7982 | Loss: 0.5933 | eps_max: 6.33 eps_avg: 6.33 | P: 1.00 R: 1.00 F1: 1.00
2026-05-05 23:34:39 | DEBUG   | dpfl.core.base_simulator | Update norms — honest: ['0.02', '0.02', '0.02', '0.02', '0.02'], attacker: ['nan', 'nan', 'nan', 'nan', 'nan']
2026-05-05 23:34:39 | DEBUG   | dpfl.algorithms.trust_aware.simulator | Round 133 Phase 1+2: 0.52s
2026-05-05 23:35:04 | INFO    | dpfl.core.base_simulator | Round 134/150 | Acc: 0.7980 | Loss: 0.5944 | eps_max: 6.39 eps_avg: 6.39 | P: 0.99 R: 1.00 F1: 1.00
2026-05-05 23:35:04 | DEBUG   | dpfl.core.base_simulator | Update norms — honest: ['0.02', '0.03', '0.03', '0.04', '0.03'], attacker: ['nan', 'nan', 'nan', 'nan', 'nan']
2026-05-05 23:35:05 | DEBUG   | dpfl.algorithms.trust_aware.simulator | Round 134 Phase 1+2: 0.52s
2026-05-05 23:35:32 | INFO    | dpfl.core.base_simulator | Round 135/150 | Acc: 0.7983 | Loss: 0.5945 | eps_max: 6.46 eps_avg: 6.46 | P: 1.00 R: 1.00 F1: 1.00
2026-05-05 23:35:32 | DEBUG   | dpfl.core.base_simulator | Update norms — honest: ['0.02', '0.02', '0.03', '0.03', '0.02'], attacker: ['nan', 'nan', 'nan', 'nan', 'nan']
2026-05-05 23:35:32 | DEBUG   | dpfl.algorithms.trust_aware.simulator | Round 135 Phase 1+2: 0.52s
2026-05-05 23:36:01 | INFO    | dpfl.core.base_simulator | Round 136/150 | Acc: 0.7985 | Loss: 0.5947 | eps_max: 6.53 eps_avg: 6.53 | P: 1.00 R: 1.00 F1: 1.00
2026-05-05 23:36:01 | DEBUG   | dpfl.core.base_simulator | Update norms — honest: ['0.02', '0.02', '0.02', '0.03', '0.02'], attacker: ['nan', 'nan', 'nan', 'nan', 'nan']
2026-05-05 23:36:02 | DEBUG   | dpfl.algorithms.trust_aware.simulator | Round 136 Phase 1+2: 0.51s
2026-05-05 23:36:33 | INFO    | dpfl.core.base_simulator | Round 137/150 | Acc: 0.7984 | Loss: 0.5950 | eps_max: 6.59 eps_avg: 6.59 | P: 1.00 R: 1.00 F1: 1.00
2026-05-05 23:36:33 | DEBUG   | dpfl.core.base_simulator | Update norms — honest: ['0.02', '0.02', '0.02', '0.03', '0.02'], attacker: ['nan', 'nan', 'nan', 'nan', 'nan']
2026-05-05 23:36:34 | DEBUG   | dpfl.algorithms.trust_aware.simulator | Round 137 Phase 1+2: 0.63s
2026-05-05 23:37:07 | INFO    | dpfl.core.base_simulator | Round 138/150 | Acc: 0.7983 | Loss: 0.5956 | eps_max: 6.66 eps_avg: 6.66 | P: 0.99 R: 1.00 F1: 0.99
2026-05-05 23:37:07 | DEBUG   | dpfl.core.base_simulator | Update norms — honest: ['0.02', '0.02', '0.03', '0.03', '0.02'], attacker: ['nan', 'nan', 'nan', 'nan', 'nan']
2026-05-05 23:37:07 | DEBUG   | dpfl.algorithms.trust_aware.simulator | Round 138 Phase 1+2: 0.52s
2026-05-05 23:37:42 | INFO    | dpfl.core.base_simulator | Round 139/150 | Acc: 0.7983 | Loss: 0.5962 | eps_max: 6.73 eps_avg: 6.73 | P: 1.00 R: 1.00 F1: 1.00
2026-05-05 23:37:42 | DEBUG   | dpfl.core.base_simulator | Update norms — honest: ['0.02', '0.03', '0.02', '0.03', '0.03'], attacker: ['nan', 'nan', 'nan', 'nan', 'nan']
2026-05-05 23:37:42 | DEBUG   | dpfl.algorithms.trust_aware.simulator | Round 139 Phase 1+2: 0.14s
2026-05-05 23:38:25 | INFO    | dpfl.core.base_simulator | Round 140/150 | Acc: 0.7983 | Loss: 0.5969 | eps_max: 6.81 eps_avg: 6.81 | P: 0.99 R: 1.00 F1: 0.99
2026-05-05 23:38:25 | DEBUG   | dpfl.core.base_simulator | Update norms — honest: ['0.02', '0.03', '0.02', '0.02', '0.02'], attacker: ['nan', 'nan', 'nan', 'nan', 'nan']
2026-05-05 23:38:27 | DEBUG   | dpfl.algorithms.trust_aware.simulator | Round 140 Phase 1+2: 1.46s
2026-05-05 23:39:03 | INFO    | dpfl.core.base_simulator | Round 141/150 | Acc: 0.7983 | Loss: 0.5978 | eps_max: 6.88 eps_avg: 6.88 | P: 1.00 R: 1.00 F1: 1.00
2026-05-05 23:39:03 | DEBUG   | dpfl.core.base_simulator | Update norms — honest: ['0.03', '0.03', '0.02', '0.03', '0.04'], attacker: ['nan', 'nan', 'nan', 'nan', 'nan']
2026-05-05 23:39:03 | DEBUG   | dpfl.algorithms.trust_aware.simulator | Round 141 Phase 1+2: 0.53s
2026-05-05 23:39:30 | INFO    | dpfl.core.base_simulator | Round 142/150 | Acc: 0.7983 | Loss: 0.5977 | eps_max: 6.96 eps_avg: 6.96 | P: 1.00 R: 1.00 F1: 1.00
2026-05-05 23:39:30 | DEBUG   | dpfl.core.base_simulator | Update norms — honest: ['0.03', '0.03', '0.02', '0.02', '0.03'], attacker: ['nan', 'nan', 'nan', 'nan', 'nan']
2026-05-05 23:39:31 | DEBUG   | dpfl.algorithms.trust_aware.simulator | Round 142 Phase 1+2: 0.52s
2026-05-05 23:39:54 | INFO    | dpfl.core.base_simulator | Round 143/150 | Acc: 0.7981 | Loss: 0.5987 | eps_max: 7.03 eps_avg: 7.03 | P: 1.00 R: 1.00 F1: 1.00
2026-05-05 23:39:54 | DEBUG   | dpfl.core.base_simulator | Update norms — honest: ['0.02', '0.03', '0.02', '0.02', '0.03'], attacker: ['nan', 'nan', 'nan', 'nan', 'nan']
2026-05-05 23:39:54 | DEBUG   | dpfl.algorithms.trust_aware.simulator | Round 143 Phase 1+2: 0.14s
2026-05-05 23:40:23 | INFO    | dpfl.core.base_simulator | Round 144/150 | Acc: 0.7984 | Loss: 0.5989 | eps_max: 7.11 eps_avg: 7.11 | P: 1.00 R: 1.00 F1: 1.00
2026-05-05 23:40:23 | DEBUG   | dpfl.core.base_simulator | Update norms — honest: ['0.02', '0.02', '0.02', '0.02', '0.02'], attacker: ['nan', 'nan', 'nan', 'nan', 'nan']
2026-05-05 23:40:24 | DEBUG   | dpfl.algorithms.trust_aware.simulator | Round 144 Phase 1+2: 0.52s
2026-05-05 23:40:57 | INFO    | dpfl.core.base_simulator | Round 145/150 | Acc: 0.7984 | Loss: 0.5996 | eps_max: 7.19 eps_avg: 7.19 | P: 1.00 R: 1.00 F1: 1.00
2026-05-05 23:40:57 | DEBUG   | dpfl.core.base_simulator | Update norms — honest: ['0.03', '0.03', '0.02', '0.02', '0.02'], attacker: ['nan', 'nan', 'nan', 'nan', 'nan']
2026-05-05 23:40:58 | DEBUG   | dpfl.algorithms.trust_aware.simulator | Round 145 Phase 1+2: 0.53s
2026-05-05 23:41:22 | INFO    | dpfl.core.base_simulator | Round 146/150 | Acc: 0.7983 | Loss: 0.6000 | eps_max: 7.27 eps_avg: 7.27 | P: 1.00 R: 1.00 F1: 1.00
2026-05-05 23:41:22 | DEBUG   | dpfl.core.base_simulator | Update norms — honest: ['0.02', '0.02', '0.03', '0.03', '0.02'], attacker: ['nan', 'nan', 'nan', 'nan', 'nan']
2026-05-05 23:41:22 | DEBUG   | dpfl.algorithms.trust_aware.simulator | Round 146 Phase 1+2: 0.51s
2026-05-05 23:41:46 | INFO    | dpfl.core.base_simulator | Round 147/150 | Acc: 0.7982 | Loss: 0.6009 | eps_max: 7.35 eps_avg: 7.35 | P: 1.00 R: 1.00 F1: 1.00
2026-05-05 23:41:46 | DEBUG   | dpfl.core.base_simulator | Update norms — honest: ['0.02', '0.02', '0.03', '0.02', '0.02'], attacker: ['nan', 'nan', 'nan', 'nan', 'nan']
2026-05-05 23:41:46 | DEBUG   | dpfl.algorithms.trust_aware.simulator | Round 147 Phase 1+2: 0.14s
2026-05-05 23:42:22 | INFO    | dpfl.core.base_simulator | Round 148/150 | Acc: 0.7984 | Loss: 0.6008 | eps_max: 7.44 eps_avg: 7.44 | P: 0.99 R: 1.00 F1: 1.00
2026-05-05 23:42:22 | DEBUG   | dpfl.core.base_simulator | Update norms — honest: ['0.02', '0.02', '0.03', '0.03', '0.03'], attacker: ['nan', 'nan', 'nan', 'nan', 'nan']
2026-05-05 23:42:22 | DEBUG   | dpfl.algorithms.trust_aware.simulator | Round 148 Phase 1+2: 0.52s
2026-05-05 23:42:50 | INFO    | dpfl.core.base_simulator | Round 149/150 | Acc: 0.7983 | Loss: 0.6019 | eps_max: 7.52 eps_avg: 7.52 | P: 1.00 R: 1.00 F1: 1.00
2026-05-05 23:42:50 | DEBUG   | dpfl.core.base_simulator | Update norms — honest: ['0.02', '0.02', '0.03', '0.03', '0.03'], attacker: ['nan', 'nan', 'nan', 'nan', 'nan']
2026-05-05 23:42:51 | DEBUG   | dpfl.algorithms.trust_aware.simulator | Round 149 Phase 1+2: 0.52s
2026-05-05 23:43:14 | INFO    | dpfl.core.base_simulator | Round 150/150 | Acc: 0.7983 | Loss: 0.6021 | eps_max: 7.61 eps_avg: 7.61 | P: 1.00 R: 1.00 F1: 1.00
2026-05-05 23:43:14 | DEBUG   | dpfl.core.base_simulator | Update norms — honest: ['0.03', '0.03', '0.03', '0.02', '0.02'], attacker: ['nan', 'nan', 'nan', 'nan', 'nan']
2026-05-05 23:43:15 | INFO    | dpfl | Experiment complete in 3804.7s
============================================================
REPORT: DP-SGD Decentralized Federated Learning
============================================================
Timestamp:                  20260505_223949
Rounds completed:           150
Attack-active rounds:       100  (from round 50)
Final accuracy:             0.7983
Final test loss:            0.6021
Final epsilon (max honest): 7.61
Final epsilon (avg honest): 7.61
Best alpha:                 1000.0
Avg precision:              0.9960
Avg recall:                 0.9763
Avg F1 score:               0.9814
Avg update norm (honest):   0.0395
Avg update norm (attacker): nan

eps_system (max honest): 7.6098
eps_avg (honest):        7.6098
eps_std (honest):        0.0000
n_frozen:                0/200
============================================================
