2026-05-07 16:23:42 | INFO    | dpfl | Experiment start: algorithm=noise_game, dataset=mnist, model=mlp, device=cuda
2026-05-07 16:23:42 | INFO    | dpfl | Config: nodes=500, attackers=200, rounds=150, noise_mode=none, attack=scale
2026-05-07 16:23:42 | INFO    | dpfl.data.mnist_dataset | Loading MNIST dataset...
2026-05-07 16:23:42 | INFO    | dpfl.data.mnist_dataset | MNIST loaded: 60000 train, 10000 test samples
2026-05-07 16:24:37 | INFO    | dpfl.core.base_simulator | Vectorized state ready: param_spec.D=50890, X_test=(10000, 1, 28, 28), train clients N=500, max_n_samples=1000
2026-05-07 16:24:37 | INFO    | dpfl.core.base_simulator | Setup complete: 500 nodes (200 attackers), param_dim=50890, split=iid
2026-05-07 16:24:37 | DEBUG   | dpfl.core.base_simulator | Attacker IDs: {0, 1, 2, 3, 4, 5, 6, 7, 8, 9, 10, 11, 12, 13, 14, 15, 16, 17, 18, 19, 20, 21, 22, 23, 24, 25, 26, 27, 28, 29, 30, 31, 32, 33, 34, 35, 36, 37, 38, 39, 40, 41, 42, 43, 44, 45, 46, 47, 48, 49, 50, 51, 52, 53, 54, 55, 56, 57, 58, 59, 60, 61, 62, 63, 64, 65, 66, 67, 68, 69, 70, 71, 72, 73, 74, 75, 76, 77, 78, 79, 80, 81, 82, 83, 84, 85, 86, 87, 88, 89, 90, 91, 92, 93, 94, 95, 96, 97, 98, 99, 100, 101, 102, 103, 104, 105, 106, 107, 108, 109, 110, 111, 112, 113, 114, 115, 116, 117, 118, 119, 120, 121, 122, 123, 124, 125, 126, 127, 128, 129, 130, 131, 132, 133, 134, 135, 136, 137, 138, 139, 140, 141, 142, 143, 144, 145, 146, 147, 148, 149, 150, 151, 152, 153, 154, 155, 156, 157, 158, 159, 160, 161, 162, 163, 164, 165, 166, 167, 168, 169, 170, 171, 172, 173, 174, 175, 176, 177, 178, 179, 180, 181, 182, 183, 184, 185, 186, 187, 188, 189, 190, 191, 192, 193, 194, 195, 196, 197, 198, 199}
2026-05-07 16:24:46 | INFO    | dpfl.core.base_simulator | Round   1/150 | Acc: 0.3801 | Loss: 2.0956 | eps_max: 2.97 eps_avg: 1.23 | P: 0.00 R: nan F1: nan
2026-05-07 16:24:46 | DEBUG   | dpfl.core.base_simulator | Update norms — honest: ['0.45', '0.45', '0.45', '0.45', '0.45'], attacker: ['0.45', '0.45', '0.45', '0.45', '0.45']
2026-05-07 16:24:54 | INFO    | dpfl.core.base_simulator | Round   2/150 | Acc: 0.5540 | Loss: 1.8905 | eps_max: 3.27 eps_avg: 1.43 | P: 0.00 R: nan F1: nan
2026-05-07 16:24:54 | DEBUG   | dpfl.core.base_simulator | Update norms — honest: ['0.45', '0.45', '0.45', '0.45', '0.45'], attacker: ['0.82', '0.82', '0.83', '0.82', '0.82']
2026-05-07 16:25:03 | INFO    | dpfl.core.base_simulator | Round   3/150 | Acc: 0.6504 | Loss: 1.6800 | eps_max: 3.37 eps_avg: 1.56 | P: 0.00 R: nan F1: nan
2026-05-07 16:25:03 | DEBUG   | dpfl.core.base_simulator | Update norms — honest: ['0.44', '0.44', '0.44', '0.44', '0.44'], attacker: ['1.24', '1.24', '1.25', '1.25', '1.24']
2026-05-07 16:25:11 | INFO    | dpfl.core.base_simulator | Round   4/150 | Acc: 0.7095 | Loss: 1.4801 | eps_max: 3.49 eps_avg: 1.72 | P: 0.00 R: nan F1: nan
2026-05-07 16:25:11 | DEBUG   | dpfl.core.base_simulator | Update norms — honest: ['0.44', '0.44', '0.44', '0.44', '0.44'], attacker: ['1.62', '1.62', '1.63', '1.63', '1.61']
2026-05-07 16:25:20 | INFO    | dpfl.core.base_simulator | Round   5/150 | Acc: 0.7507 | Loss: 1.2999 | eps_max: 3.63 eps_avg: 1.86 | P: 0.00 R: nan F1: nan
2026-05-07 16:25:20 | DEBUG   | dpfl.core.base_simulator | Update norms — honest: ['0.43', '0.43', '0.43', '0.43', '0.43'], attacker: ['1.98', '2.00', '1.98', '1.99', '1.98']
2026-05-07 16:25:28 | INFO    | dpfl.core.base_simulator | Round   6/150 | Acc: 0.7792 | Loss: 1.1459 | eps_max: 3.78 eps_avg: 1.95 | P: 0.00 R: nan F1: nan
2026-05-07 16:25:28 | DEBUG   | dpfl.core.base_simulator | Update norms — honest: ['0.43', '0.82', '0.82', '0.43', '0.82'], attacker: ['2.32', '2.33', '2.34', '2.32', '2.32']
2026-05-07 16:25:37 | INFO    | dpfl.core.base_simulator | Round   7/150 | Acc: 0.7994 | Loss: 1.0195 | eps_max: 3.97 eps_avg: 2.08 | P: 0.00 R: nan F1: nan
2026-05-07 16:25:37 | DEBUG   | dpfl.core.base_simulator | Update norms — honest: ['0.82', '0.42', '0.77', '0.42', '0.42'], attacker: ['2.64', '2.66', '2.65', '2.66', '2.60']
2026-05-07 16:25:46 | INFO    | dpfl.core.base_simulator | Round   8/150 | Acc: 0.8137 | Loss: 0.9187 | eps_max: 4.18 eps_avg: 2.24 | P: 0.00 R: nan F1: nan
2026-05-07 16:25:46 | DEBUG   | dpfl.core.base_simulator | Update norms — honest: ['0.42', '0.75', '0.69', '0.42', '0.42'], attacker: ['2.95', '2.95', '2.96', '2.95', '2.88']
2026-05-07 16:25:55 | INFO    | dpfl.core.base_simulator | Round   9/150 | Acc: 0.8240 | Loss: 0.8391 | eps_max: 4.40 eps_avg: 2.40 | P: 0.00 R: nan F1: nan
2026-05-07 16:25:55 | DEBUG   | dpfl.core.base_simulator | Update norms — honest: ['0.42', '0.42', '0.80', '1.20', '0.42'], attacker: ['3.22', '3.19', '3.20', '3.22', '3.19']
2026-05-07 16:26:04 | INFO    | dpfl.core.base_simulator | Round  10/150 | Acc: 0.8320 | Loss: 0.7755 | eps_max: 4.64 eps_avg: 2.53 | P: 0.00 R: nan F1: nan
2026-05-07 16:26:04 | DEBUG   | dpfl.core.base_simulator | Update norms — honest: ['0.77', '0.41', '0.65', '0.41', '0.66'], attacker: ['3.47', '3.43', '3.41', '3.46', '3.48']
2026-05-07 16:26:13 | INFO    | dpfl.core.base_simulator | Round  11/150 | Acc: 0.8381 | Loss: 0.7246 | eps_max: 4.90 eps_avg: 2.71 | P: 0.00 R: nan F1: nan
2026-05-07 16:26:13 | DEBUG   | dpfl.core.base_simulator | Update norms — honest: ['0.41', '0.41', '0.77', '0.41', '0.41'], attacker: ['3.70', '3.58', '3.76', '3.70', '3.76']
2026-05-07 16:26:22 | INFO    | dpfl.core.base_simulator | Round  12/150 | Acc: 0.8434 | Loss: 0.6831 | eps_max: 5.23 eps_avg: 2.86 | P: 0.00 R: nan F1: nan
2026-05-07 16:26:22 | DEBUG   | dpfl.core.base_simulator | Update norms — honest: ['0.40', '0.75', '0.77', '0.40', '1.17'], attacker: ['3.92', '3.89', '3.95', '3.93', '3.96']
2026-05-07 16:26:31 | INFO    | dpfl.core.base_simulator | Round  13/150 | Acc: 0.8476 | Loss: 0.6489 | eps_max: 5.28 eps_avg: 2.99 | P: 0.00 R: nan F1: nan
2026-05-07 16:26:31 | DEBUG   | dpfl.core.base_simulator | Update norms — honest: ['1.13', '0.40', '1.42', '1.19', '0.75'], attacker: ['4.18', '4.19', '4.14', '4.16', '4.22']
2026-05-07 16:26:40 | INFO    | dpfl.core.base_simulator | Round  14/150 | Acc: 0.8512 | Loss: 0.6203 | eps_max: 5.33 eps_avg: 3.09 | P: 0.00 R: nan F1: nan
2026-05-07 16:26:40 | DEBUG   | dpfl.core.base_simulator | Update norms — honest: ['0.67', '0.76', '0.40', '0.40', '0.74'], attacker: ['4.38', '4.35', '4.49', '4.40', '4.42']
2026-05-07 16:26:48 | INFO    | dpfl.core.base_simulator | Round  15/150 | Acc: 0.8545 | Loss: 0.5958 | eps_max: 5.39 eps_avg: 3.15 | P: 0.00 R: nan F1: nan
2026-05-07 16:26:48 | DEBUG   | dpfl.core.base_simulator | Update norms — honest: ['0.67', '0.39', '1.54', '0.40', '0.39'], attacker: ['4.61', '4.56', '4.55', '4.53', '4.52']
2026-05-07 16:26:57 | INFO    | dpfl.core.base_simulator | Round  16/150 | Acc: 0.8573 | Loss: 0.5749 | eps_max: 5.46 eps_avg: 3.23 | P: 0.00 R: nan F1: nan
2026-05-07 16:26:57 | DEBUG   | dpfl.core.base_simulator | Update norms — honest: ['0.64', '0.74', '1.50', '1.14', '0.39'], attacker: ['4.69', '4.71', '4.71', '4.72', '4.78']
2026-05-07 16:27:06 | INFO    | dpfl.core.base_simulator | Round  17/150 | Acc: 0.8597 | Loss: 0.5568 | eps_max: 5.52 eps_avg: 3.29 | P: 0.00 R: nan F1: nan
2026-05-07 16:27:06 | DEBUG   | dpfl.core.base_simulator | Update norms — honest: ['0.72', '1.16', '1.47', '0.39', '1.10'], attacker: ['4.86', '4.86', '4.93', '4.80', '4.97']
2026-05-07 16:27:15 | INFO    | dpfl.core.base_simulator | Round  18/150 | Acc: 0.8618 | Loss: 0.5411 | eps_max: 5.58 eps_avg: 3.38 | P: 0.00 R: nan F1: nan
2026-05-07 16:27:15 | DEBUG   | dpfl.core.base_simulator | Update norms — honest: ['1.02', '1.39', '0.38', '0.72', '0.69'], attacker: ['4.66', '4.53', '5.07', '4.85', '4.69']
2026-05-07 16:27:24 | INFO    | dpfl.core.base_simulator | Round  19/150 | Acc: 0.8638 | Loss: 0.5273 | eps_max: 5.65 eps_avg: 3.47 | P: 0.00 R: nan F1: nan
2026-05-07 16:27:24 | DEBUG   | dpfl.core.base_simulator | Update norms — honest: ['0.38', '1.48', '0.38', '0.70', '0.38'], attacker: ['5.05', '4.82', '5.04', '5.33', '4.84']
2026-05-07 16:27:33 | INFO    | dpfl.core.base_simulator | Round  20/150 | Acc: 0.8655 | Loss: 0.5152 | eps_max: 5.74 eps_avg: 3.53 | P: 0.00 R: nan F1: nan
2026-05-07 16:27:33 | DEBUG   | dpfl.core.base_simulator | Update norms — honest: ['1.04', '1.43', '1.34', '0.91', '0.37'], attacker: ['5.39', '5.44', '5.12', '5.18', '5.25']
2026-05-07 16:27:42 | INFO    | dpfl.core.base_simulator | Round  21/150 | Acc: 0.8670 | Loss: 0.5042 | eps_max: 5.82 eps_avg: 3.61 | P: 0.00 R: nan F1: nan
2026-05-07 16:27:42 | DEBUG   | dpfl.core.base_simulator | Update norms — honest: ['0.37', '0.37', '1.43', '0.58', '0.67'], attacker: ['5.47', '5.56', '5.49', '5.12', '5.41']
2026-05-07 16:27:51 | INFO    | dpfl.core.base_simulator | Round  22/150 | Acc: 0.8683 | Loss: 0.4945 | eps_max: 5.90 eps_avg: 3.67 | P: 0.00 R: nan F1: nan
2026-05-07 16:27:51 | DEBUG   | dpfl.core.base_simulator | Update norms — honest: ['1.03', '0.66', '0.54', '1.01', '0.37'], attacker: ['5.61', '5.67', '5.70', '5.45', '5.52']
2026-05-07 16:28:00 | INFO    | dpfl.core.base_simulator | Round  23/150 | Acc: 0.8696 | Loss: 0.4857 | eps_max: 5.99 eps_avg: 3.75 | P: 0.00 R: nan F1: nan
2026-05-07 16:28:00 | DEBUG   | dpfl.core.base_simulator | Update norms — honest: ['0.65', '1.24', '1.68', '0.67', '0.68'], attacker: ['5.48', '5.65', '5.75', '5.57', '5.57']
2026-05-07 16:28:09 | INFO    | dpfl.core.base_simulator | Round  24/150 | Acc: 0.8706 | Loss: 0.4779 | eps_max: 6.05 eps_avg: 3.83 | P: 0.00 R: nan F1: nan
2026-05-07 16:28:09 | DEBUG   | dpfl.core.base_simulator | Update norms — honest: ['1.75', '0.48', '1.06', '1.50', '0.36'], attacker: ['5.27', '5.74', '5.81', '5.82', '5.60']
2026-05-07 16:28:18 | INFO    | dpfl.core.base_simulator | Round  25/150 | Acc: 0.8716 | Loss: 0.4707 | eps_max: 6.13 eps_avg: 3.91 | P: 0.00 R: nan F1: nan
2026-05-07 16:28:18 | DEBUG   | dpfl.core.base_simulator | Update norms — honest: ['1.70', '1.00', '0.35', '0.63', '0.62'], attacker: ['5.62', '5.84', '5.69', '5.76', '5.45']
2026-05-07 16:28:27 | INFO    | dpfl.core.base_simulator | Round  26/150 | Acc: 0.8727 | Loss: 0.4641 | eps_max: 6.23 eps_avg: 4.01 | P: 0.00 R: nan F1: nan
2026-05-07 16:28:27 | DEBUG   | dpfl.core.base_simulator | Update norms — honest: ['0.35', '0.58', '0.67', '0.93', '0.35'], attacker: ['5.88', '5.67', '5.70', '5.10', '4.86']
2026-05-07 16:28:36 | INFO    | dpfl.core.base_simulator | Round  27/150 | Acc: 0.8735 | Loss: 0.4580 | eps_max: 6.31 eps_avg: 4.09 | P: 0.00 R: nan F1: nan
2026-05-07 16:28:36 | DEBUG   | dpfl.core.base_simulator | Update norms — honest: ['1.00', '0.46', '1.60', '0.93', '0.35'], attacker: ['5.73', '5.77', '5.77', '5.52', '5.05']
2026-05-07 16:28:45 | INFO    | dpfl.core.base_simulator | Round  28/150 | Acc: 0.8743 | Loss: 0.4527 | eps_max: 6.43 eps_avg: 4.17 | P: 0.00 R: nan F1: nan
2026-05-07 16:28:45 | DEBUG   | dpfl.core.base_simulator | Update norms — honest: ['0.52', '0.34', '0.35', '0.98', '1.24'], attacker: ['5.41', '5.85', '5.47', '6.11', '5.21']
2026-05-07 16:28:54 | INFO    | dpfl.core.base_simulator | Round  29/150 | Acc: 0.8751 | Loss: 0.4477 | eps_max: 6.52 eps_avg: 4.25 | P: 0.00 R: nan F1: nan
2026-05-07 16:28:54 | DEBUG   | dpfl.core.base_simulator | Update norms — honest: ['1.81', '0.34', '1.10', '1.41', '0.98'], attacker: ['5.88', '5.84', '4.89', '6.31', '5.54']
2026-05-07 16:29:03 | INFO    | dpfl.core.base_simulator | Round  30/150 | Acc: 0.8758 | Loss: 0.4429 | eps_max: 6.66 eps_avg: 4.33 | P: 0.00 R: nan F1: nan
2026-05-07 16:29:03 | DEBUG   | dpfl.core.base_simulator | Update norms — honest: ['0.43', '1.08', '0.62', '1.11', '0.34'], attacker: ['5.78', '5.99', '5.45', '6.08', '4.93']
2026-05-07 16:29:13 | INFO    | dpfl.core.base_simulator | Round  31/150 | Acc: 0.8764 | Loss: 0.4387 | eps_max: 6.75 eps_avg: 4.44 | P: 0.00 R: nan F1: nan
2026-05-07 16:29:13 | DEBUG   | dpfl.core.base_simulator | Update norms — honest: ['1.40', '0.52', '1.55', '0.34', '0.40'], attacker: ['5.79', '6.09', '5.28', '5.86', '4.96']
2026-05-07 16:29:22 | INFO    | dpfl.core.base_simulator | Round  32/150 | Acc: 0.8770 | Loss: 0.4348 | eps_max: 6.90 eps_avg: 4.50 | P: 0.00 R: nan F1: nan
2026-05-07 16:29:22 | DEBUG   | dpfl.core.base_simulator | Update norms — honest: ['0.60', '0.66', '0.94', '0.34', '1.08'], attacker: ['6.02', '5.55', '5.11', '6.10', '4.91']
2026-05-07 16:29:31 | INFO    | dpfl.core.base_simulator | Round  33/150 | Acc: 0.8776 | Loss: 0.4311 | eps_max: 7.02 eps_avg: 4.59 | P: 0.00 R: nan F1: nan
2026-05-07 16:29:31 | DEBUG   | dpfl.core.base_simulator | Update norms — honest: ['0.87', '0.34', '1.42', '0.62', '1.44'], attacker: ['6.11', '4.97', '5.22', '5.35', '5.22']
2026-05-07 16:29:40 | INFO    | dpfl.core.base_simulator | Round  34/150 | Acc: 0.8780 | Loss: 0.4277 | eps_max: 7.09 eps_avg: 4.66 | P: 0.00 R: nan F1: nan
2026-05-07 16:29:40 | DEBUG   | dpfl.core.base_simulator | Update norms — honest: ['0.96', '1.39', '0.34', '0.53', '0.34'], attacker: ['6.01', '4.60', '5.68', '4.81', '5.72']
2026-05-07 16:29:49 | INFO    | dpfl.core.base_simulator | Round  35/150 | Acc: 0.8785 | Loss: 0.4248 | eps_max: 7.18 eps_avg: 4.73 | P: 0.00 R: nan F1: nan
2026-05-07 16:29:49 | DEBUG   | dpfl.core.base_simulator | Update norms — honest: ['0.64', '0.95', '0.34', '0.58', '1.10'], attacker: ['5.54', '5.27', '4.78', '5.32', '5.57']
2026-05-07 16:29:58 | INFO    | dpfl.core.base_simulator | Round  36/150 | Acc: 0.8791 | Loss: 0.4218 | eps_max: 7.33 eps_avg: 4.80 | P: 0.00 R: nan F1: nan
2026-05-07 16:29:58 | DEBUG   | dpfl.core.base_simulator | Update norms — honest: ['0.63', '0.53', '1.47', '0.86', '0.34'], attacker: ['5.41', '5.47', '4.96', '5.37', '4.86']
2026-05-07 16:30:08 | INFO    | dpfl.core.base_simulator | Round  37/150 | Acc: 0.8794 | Loss: 0.4190 | eps_max: 7.54 eps_avg: 4.87 | P: 0.00 R: nan F1: nan
2026-05-07 16:30:08 | DEBUG   | dpfl.core.base_simulator | Update norms — honest: ['0.34', '0.39', '0.91', '0.52', '0.93'], attacker: ['5.05', '5.44', '5.04', '5.27', '4.69']
2026-05-07 16:30:17 | INFO    | dpfl.core.base_simulator | Round  38/150 | Acc: 0.8798 | Loss: 0.4165 | eps_max: 7.75 eps_avg: 4.94 | P: 0.00 R: nan F1: nan
2026-05-07 16:30:17 | DEBUG   | dpfl.core.base_simulator | Update norms — honest: ['1.81', '0.41', '1.72', '1.23', '0.58'], attacker: ['5.69', '5.72', '5.12', '5.40', '5.22']
2026-05-07 16:30:26 | INFO    | dpfl.core.base_simulator | Round  39/150 | Acc: 0.8801 | Loss: 0.4143 | eps_max: 7.85 eps_avg: 5.01 | P: 0.00 R: nan F1: nan
2026-05-07 16:30:26 | DEBUG   | dpfl.core.base_simulator | Update norms — honest: ['0.31', '1.52', '1.99', '0.55', '0.57'], attacker: ['4.88', '5.38', '3.93', '5.40', '5.84']
2026-05-07 16:30:35 | INFO    | dpfl.core.base_simulator | Round  40/150 | Acc: 0.8805 | Loss: 0.4120 | eps_max: 7.94 eps_avg: 5.07 | P: 0.00 R: nan F1: nan
2026-05-07 16:30:35 | DEBUG   | dpfl.core.base_simulator | Update norms — honest: ['0.88', '0.95', '0.34', '1.22', '0.88'], attacker: ['5.42', '5.54', '4.60', '5.57', '5.81']
2026-05-07 16:30:44 | INFO    | dpfl.core.base_simulator | Round  41/150 | Acc: 0.8808 | Loss: 0.4099 | eps_max: 8.05 eps_avg: 5.14 | P: 0.00 R: nan F1: nan
2026-05-07 16:30:44 | DEBUG   | dpfl.core.base_simulator | Update norms — honest: ['2.02', '0.85', '1.07', '0.80', '1.68'], attacker: ['6.11', '5.98', '4.89', '5.12', '4.99']
2026-05-07 16:30:44 | WARNING | dpfl.algorithms.noise_game.simulator | Round  41/150 | Budget exceeded (eps_max=8.05 > 8.00)
2026-05-07 16:30:45 | INFO    | dpfl | Experiment complete in 422.4s
============================================================
REPORT: DP-SGD Decentralized Federated Learning
============================================================
Timestamp:                  20260507_162342
Rounds completed:           41
Attack-active rounds:       0  (from round 50)
Final accuracy:             0.8808
Final test loss:            0.4099
Final epsilon (max honest): 8.05
Final epsilon (avg honest): 5.14
Best alpha:                 1000.0
Avg precision:              nan
Avg recall:                 nan
Avg F1 score:               nan
Avg update norm (honest):   0.6950
Avg update norm (attacker): 4.4233

eps_system (max honest): 5.9067
eps_avg (honest):        3.8483
eps_std (honest):        1.6890
n_frozen:                0/300
============================================================
