2026-05-06 13:37:11 | INFO    | dpfl | Experiment start: algorithm=noise_game, dataset=fashion_mnist, model=mlp, device=cuda
2026-05-06 13:37:11 | INFO    | dpfl | Config: nodes=500, attackers=200, rounds=150, noise_mode=none, attack=scale
2026-05-06 13:37:11 | INFO    | dpfl.data.fashion_mnist_dataset | Loading Fashion-MNIST dataset...
2026-05-06 13:37:11 | INFO    | dpfl.data.fashion_mnist_dataset | Fashion-MNIST loaded: 60000 train, 10000 test samples
2026-05-06 13:39:36 | INFO    | dpfl.core.base_simulator | Vectorized state ready: param_spec.D=50890, X_test=(10000, 1, 28, 28), train clients N=500, max_n_samples=1000
2026-05-06 13:39:36 | INFO    | dpfl.core.base_simulator | Setup complete: 500 nodes (200 attackers), param_dim=50890, split=iid
2026-05-06 13:39:36 | DEBUG   | dpfl.core.base_simulator | Attacker IDs: {0, 1, 2, 3, 4, 5, 6, 7, 8, 9, 10, 11, 12, 13, 14, 15, 16, 17, 18, 19, 20, 21, 22, 23, 24, 25, 26, 27, 28, 29, 30, 31, 32, 33, 34, 35, 36, 37, 38, 39, 40, 41, 42, 43, 44, 45, 46, 47, 48, 49, 50, 51, 52, 53, 54, 55, 56, 57, 58, 59, 60, 61, 62, 63, 64, 65, 66, 67, 68, 69, 70, 71, 72, 73, 74, 75, 76, 77, 78, 79, 80, 81, 82, 83, 84, 85, 86, 87, 88, 89, 90, 91, 92, 93, 94, 95, 96, 97, 98, 99, 100, 101, 102, 103, 104, 105, 106, 107, 108, 109, 110, 111, 112, 113, 114, 115, 116, 117, 118, 119, 120, 121, 122, 123, 124, 125, 126, 127, 128, 129, 130, 131, 132, 133, 134, 135, 136, 137, 138, 139, 140, 141, 142, 143, 144, 145, 146, 147, 148, 149, 150, 151, 152, 153, 154, 155, 156, 157, 158, 159, 160, 161, 162, 163, 164, 165, 166, 167, 168, 169, 170, 171, 172, 173, 174, 175, 176, 177, 178, 179, 180, 181, 182, 183, 184, 185, 186, 187, 188, 189, 190, 191, 192, 193, 194, 195, 196, 197, 198, 199}
2026-05-06 13:39:55 | INFO    | dpfl.core.base_simulator | Round   1/150 | Acc: 0.4580 | Loss: 1.9726 | eps_max: 1.91 eps_avg: 0.79 | P: 0.00 R: nan F1: nan
2026-05-06 13:39:55 | DEBUG   | dpfl.core.base_simulator | Update norms — honest: ['0.56', '0.56', '0.56', '0.56', '0.57'], attacker: ['0.56', '0.57', '0.57', '0.56', '0.56']
2026-05-06 13:40:12 | INFO    | dpfl.core.base_simulator | Round   2/150 | Acc: 0.5716 | Loss: 1.7057 | eps_max: 1.95 eps_avg: 0.86 | P: 0.00 R: nan F1: nan
2026-05-06 13:40:12 | DEBUG   | dpfl.core.base_simulator | Update norms — honest: ['0.56', '0.56', '0.56', '0.56', '0.56'], attacker: ['0.95', '0.97', '0.97', '0.96', '0.96']
2026-05-06 13:40:30 | INFO    | dpfl.core.base_simulator | Round   3/150 | Acc: 0.6213 | Loss: 1.4812 | eps_max: 2.04 eps_avg: 0.94 | P: 0.00 R: nan F1: nan
2026-05-06 13:40:30 | DEBUG   | dpfl.core.base_simulator | Update norms — honest: ['0.55', '0.55', '0.55', '0.55', '0.55'], attacker: ['1.51', '1.49', '1.51', '1.53', '1.50']
2026-05-06 13:40:48 | INFO    | dpfl.core.base_simulator | Round   4/150 | Acc: 0.6506 | Loss: 1.3052 | eps_max: 2.18 eps_avg: 1.06 | P: 0.00 R: nan F1: nan
2026-05-06 13:40:48 | DEBUG   | dpfl.core.base_simulator | Update norms — honest: ['0.55', '0.54', '0.55', '0.54', '0.55'], attacker: ['2.00', '2.02', '2.00', '2.02', '2.02']
2026-05-06 13:41:06 | INFO    | dpfl.core.base_simulator | Round   5/150 | Acc: 0.6730 | Loss: 1.1757 | eps_max: 2.36 eps_avg: 1.17 | P: 0.00 R: nan F1: nan
2026-05-06 13:41:06 | DEBUG   | dpfl.core.base_simulator | Update norms — honest: ['0.54', '0.54', '0.54', '0.54', '0.54'], attacker: ['2.45', '2.44', '2.42', '2.41', '2.44']
2026-05-06 13:41:24 | INFO    | dpfl.core.base_simulator | Round   6/150 | Acc: 0.6906 | Loss: 1.0816 | eps_max: 2.45 eps_avg: 1.24 | P: 0.00 R: nan F1: nan
2026-05-06 13:41:24 | DEBUG   | dpfl.core.base_simulator | Update norms — honest: ['0.54', '1.02', '1.02', '0.53', '1.02'], attacker: ['2.83', '2.88', '2.82', '2.86', '2.85']
2026-05-06 13:41:42 | INFO    | dpfl.core.base_simulator | Round   7/150 | Acc: 0.7021 | Loss: 1.0114 | eps_max: 2.49 eps_avg: 1.31 | P: 0.00 R: nan F1: nan
2026-05-06 13:41:42 | DEBUG   | dpfl.core.base_simulator | Update norms — honest: ['0.97', '0.53', '0.89', '0.53', '0.53'], attacker: ['3.21', '3.28', '3.24', '3.18', '3.21']
2026-05-06 13:42:00 | INFO    | dpfl.core.base_simulator | Round   8/150 | Acc: 0.7103 | Loss: 0.9575 | eps_max: 2.54 eps_avg: 1.39 | P: 0.00 R: nan F1: nan
2026-05-06 13:42:00 | DEBUG   | dpfl.core.base_simulator | Update norms — honest: ['0.53', '0.91', '0.82', '0.53', '0.52'], attacker: ['3.65', '3.40', '3.51', '3.59', '3.42']
2026-05-06 13:42:19 | INFO    | dpfl.core.base_simulator | Round   9/150 | Acc: 0.7164 | Loss: 0.9146 | eps_max: 2.59 eps_avg: 1.47 | P: 0.00 R: nan F1: nan
2026-05-06 13:42:19 | DEBUG   | dpfl.core.base_simulator | Update norms — honest: ['0.52', '0.52', '0.93', '1.44', '0.52'], attacker: ['3.90', '3.76', '3.97', '3.98', '3.95']
2026-05-06 13:42:38 | INFO    | dpfl.core.base_simulator | Round  10/150 | Acc: 0.7225 | Loss: 0.8796 | eps_max: 2.66 eps_avg: 1.52 | P: 0.00 R: nan F1: nan
2026-05-06 13:42:38 | DEBUG   | dpfl.core.base_simulator | Update norms — honest: ['0.83', '0.51', '0.74', '0.51', '0.72'], attacker: ['3.82', '4.22', '4.18', '4.26', '4.20']
2026-05-06 13:42:56 | INFO    | dpfl.core.base_simulator | Round  11/150 | Acc: 0.7275 | Loss: 0.8504 | eps_max: 2.72 eps_avg: 1.60 | P: 0.00 R: nan F1: nan
2026-05-06 13:42:56 | DEBUG   | dpfl.core.base_simulator | Update norms — honest: ['0.51', '0.51', '0.93', '0.51', '0.51'], attacker: ['4.31', '4.44', '4.52', '4.62', '4.37']
2026-05-06 13:43:15 | INFO    | dpfl.core.base_simulator | Round  12/150 | Acc: 0.7321 | Loss: 0.8255 | eps_max: 2.78 eps_avg: 1.66 | P: 0.00 R: nan F1: nan
2026-05-06 13:43:15 | DEBUG   | dpfl.core.base_simulator | Update norms — honest: ['0.51', '0.88', '0.92', '0.51', '1.34'], attacker: ['4.68', '4.79', '4.84', '5.01', '4.66']
2026-05-06 13:43:33 | INFO    | dpfl.core.base_simulator | Round  13/150 | Acc: 0.7362 | Loss: 0.8042 | eps_max: 2.86 eps_avg: 1.71 | P: 0.00 R: nan F1: nan
2026-05-06 13:43:33 | DEBUG   | dpfl.core.base_simulator | Update norms — honest: ['1.35', '0.50', '1.87', '1.40', '0.90'], attacker: ['4.99', '4.95', '4.76', '5.04', '5.13']
2026-05-06 13:43:51 | INFO    | dpfl.core.base_simulator | Round  14/150 | Acc: 0.7397 | Loss: 0.7858 | eps_max: 2.94 eps_avg: 1.76 | P: 0.00 R: nan F1: nan
2026-05-06 13:43:51 | DEBUG   | dpfl.core.base_simulator | Update norms — honest: ['0.85', '0.90', '0.50', '0.49', '0.85'], attacker: ['5.11', '5.20', '4.73', '5.47', '5.53']
2026-05-06 13:44:10 | INFO    | dpfl.core.base_simulator | Round  15/150 | Acc: 0.7430 | Loss: 0.7695 | eps_max: 3.05 eps_avg: 1.81 | P: 0.00 R: nan F1: nan
2026-05-06 13:44:10 | DEBUG   | dpfl.core.base_simulator | Update norms — honest: ['0.68', '0.49', '1.83', '0.49', '0.49'], attacker: ['5.41', '5.62', '5.61', '5.64', '5.67']
2026-05-06 13:44:28 | INFO    | dpfl.core.base_simulator | Round  16/150 | Acc: 0.7460 | Loss: 0.7552 | eps_max: 3.13 eps_avg: 1.86 | P: 0.00 R: nan F1: nan
2026-05-06 13:44:28 | DEBUG   | dpfl.core.base_simulator | Update norms — honest: ['0.71', '0.89', '1.85', '1.27', '0.48'], attacker: ['5.36', '5.98', '5.67', '5.56', '5.31']
2026-05-06 13:44:47 | INFO    | dpfl.core.base_simulator | Round  17/150 | Acc: 0.7487 | Loss: 0.7426 | eps_max: 3.26 eps_avg: 1.91 | P: 0.00 R: nan F1: nan
2026-05-06 13:44:47 | DEBUG   | dpfl.core.base_simulator | Update norms — honest: ['0.87', '1.33', '1.71', '0.48', '1.37'], attacker: ['5.52', '6.15', '6.17', '5.87', '4.64']
2026-05-06 13:45:06 | INFO    | dpfl.core.base_simulator | Round  18/150 | Acc: 0.7515 | Loss: 0.7310 | eps_max: 3.33 eps_avg: 1.98 | P: 0.00 R: nan F1: nan
2026-05-06 13:45:06 | DEBUG   | dpfl.core.base_simulator | Update norms — honest: ['1.05', '1.55', '0.48', '0.79', '0.90'], attacker: ['5.94', '5.92', '5.85', '5.06', '4.43']
2026-05-06 13:45:24 | INFO    | dpfl.core.base_simulator | Round  19/150 | Acc: 0.7541 | Loss: 0.7208 | eps_max: 3.46 eps_avg: 2.04 | P: 0.00 R: nan F1: nan
2026-05-06 13:45:24 | DEBUG   | dpfl.core.base_simulator | Update norms — honest: ['0.47', '1.60', '0.47', '0.88', '0.47'], attacker: ['5.73', '6.33', '6.26', '6.05', '5.85']
2026-05-06 13:45:43 | INFO    | dpfl.core.base_simulator | Round  20/150 | Acc: 0.7561 | Loss: 0.7115 | eps_max: 3.53 eps_avg: 2.10 | P: 0.00 R: nan F1: nan
2026-05-06 13:45:43 | DEBUG   | dpfl.core.base_simulator | Update norms — honest: ['1.00', '1.46', '1.51', '1.08', '0.47'], attacker: ['5.52', '6.39', '6.48', '6.19', '6.25']
2026-05-06 13:46:01 | INFO    | dpfl.core.base_simulator | Round  21/150 | Acc: 0.7582 | Loss: 0.7029 | eps_max: 3.56 eps_avg: 2.16 | P: 0.00 R: nan F1: nan
2026-05-06 13:46:01 | DEBUG   | dpfl.core.base_simulator | Update norms — honest: ['0.46', '0.46', '1.63', '0.54', '0.67'], attacker: ['5.21', '6.61', '6.09', '6.05', '6.55']
2026-05-06 13:46:20 | INFO    | dpfl.core.base_simulator | Round  22/150 | Acc: 0.7600 | Loss: 0.6955 | eps_max: 3.61 eps_avg: 2.20 | P: 0.00 R: nan F1: nan
2026-05-06 13:46:20 | DEBUG   | dpfl.core.base_simulator | Update norms — honest: ['1.15', '0.84', '0.54', '0.91', '0.46'], attacker: ['4.82', '6.29', '5.93', '6.05', '6.76']
2026-05-06 13:46:38 | INFO    | dpfl.core.base_simulator | Round  23/150 | Acc: 0.7618 | Loss: 0.6881 | eps_max: 3.65 eps_avg: 2.25 | P: 0.00 R: nan F1: nan
2026-05-06 13:46:38 | DEBUG   | dpfl.core.base_simulator | Update norms — honest: ['0.82', '1.36', '1.39', '0.72', '0.83'], attacker: ['5.57', '6.28', '6.32', '6.38', '6.34']
2026-05-06 13:46:57 | INFO    | dpfl.core.base_simulator | Round  24/150 | Acc: 0.7636 | Loss: 0.6816 | eps_max: 3.70 eps_avg: 2.31 | P: 0.00 R: nan F1: nan
2026-05-06 13:46:57 | DEBUG   | dpfl.core.base_simulator | Update norms — honest: ['1.66', '0.39', '1.25', '1.48', '0.45'], attacker: ['6.32', '6.94', '6.55', '7.14', '5.95']
2026-05-06 13:47:15 | INFO    | dpfl.core.base_simulator | Round  25/150 | Acc: 0.7653 | Loss: 0.6754 | eps_max: 3.74 eps_avg: 2.37 | P: 0.00 R: nan F1: nan
2026-05-06 13:47:15 | DEBUG   | dpfl.core.base_simulator | Update norms — honest: ['2.05', '1.14', '0.44', '0.80', '0.65'], attacker: ['5.90', '6.55', '6.80', '7.18', '6.30']
2026-05-06 13:47:34 | INFO    | dpfl.core.base_simulator | Round  26/150 | Acc: 0.7667 | Loss: 0.6700 | eps_max: 3.78 eps_avg: 2.43 | P: 0.00 R: nan F1: nan
2026-05-06 13:47:34 | DEBUG   | dpfl.core.base_simulator | Update norms — honest: ['0.44', '0.69', '0.77', '0.98', '0.44'], attacker: ['6.14', '5.84', '7.00', '7.14', '6.10']
2026-05-06 13:47:52 | INFO    | dpfl.core.base_simulator | Round  27/150 | Acc: 0.7679 | Loss: 0.6646 | eps_max: 3.81 eps_avg: 2.48 | P: 0.00 R: nan F1: nan
2026-05-06 13:47:52 | DEBUG   | dpfl.core.base_simulator | Update norms — honest: ['1.13', '0.41', '1.73', '0.98', '0.43'], attacker: ['6.85', '5.28', '6.08', '6.97', '6.08']
2026-05-06 13:48:11 | INFO    | dpfl.core.base_simulator | Round  28/150 | Acc: 0.7696 | Loss: 0.6597 | eps_max: 3.83 eps_avg: 2.52 | P: 0.00 R: nan F1: nan
2026-05-06 13:48:11 | DEBUG   | dpfl.core.base_simulator | Update norms — honest: ['0.60', '0.43', '0.43', '1.20', '1.71'], attacker: ['7.02', '5.64', '5.35', '6.75', '4.94']
2026-05-06 13:48:29 | INFO    | dpfl.core.base_simulator | Round  29/150 | Acc: 0.7709 | Loss: 0.6550 | eps_max: 3.87 eps_avg: 2.57 | P: 0.00 R: nan F1: nan
2026-05-06 13:48:29 | DEBUG   | dpfl.core.base_simulator | Update norms — honest: ['1.25', '0.43', '1.17', '1.38', '0.96'], attacker: ['6.60', '5.88', '5.05', '6.56', '3.85']
2026-05-06 13:48:48 | INFO    | dpfl.core.base_simulator | Round  30/150 | Acc: 0.7721 | Loss: 0.6507 | eps_max: 3.93 eps_avg: 2.60 | P: 0.00 R: nan F1: nan
2026-05-06 13:48:48 | DEBUG   | dpfl.core.base_simulator | Update norms — honest: ['0.44', '0.99', '0.70', '1.42', '0.42'], attacker: ['6.47', '6.41', '4.28', '6.44', '5.42']
2026-05-06 13:49:07 | INFO    | dpfl.core.base_simulator | Round  31/150 | Acc: 0.7733 | Loss: 0.6467 | eps_max: 3.99 eps_avg: 2.66 | P: 0.00 R: nan F1: nan
2026-05-06 13:49:07 | DEBUG   | dpfl.core.base_simulator | Update norms — honest: ['1.64', '0.67', '2.00', '0.42', '0.37'], attacker: ['5.46', '6.20', '6.18', '6.98', '6.39']
2026-05-06 13:49:25 | INFO    | dpfl.core.base_simulator | Round  32/150 | Acc: 0.7745 | Loss: 0.6428 | eps_max: 4.05 eps_avg: 2.69 | P: 0.00 R: nan F1: nan
2026-05-06 13:49:25 | DEBUG   | dpfl.core.base_simulator | Update norms — honest: ['0.60', '0.63', '1.06', '0.41', '1.07'], attacker: ['5.29', '5.95', '5.95', '6.48', '6.23']
2026-05-06 13:49:43 | INFO    | dpfl.core.base_simulator | Round  33/150 | Acc: 0.7753 | Loss: 0.6394 | eps_max: 4.09 eps_avg: 2.73 | P: 0.00 R: nan F1: nan
2026-05-06 13:49:43 | DEBUG   | dpfl.core.base_simulator | Update norms — honest: ['0.91', '0.41', '1.56', '0.62', '1.49'], attacker: ['5.77', '6.48', '5.53', '6.09', '6.59']
2026-05-06 13:49:56 | INFO    | dpfl.core.base_simulator | Round  34/150 | Acc: 0.7764 | Loss: 0.6359 | eps_max: 4.11 eps_avg: 2.76 | P: 0.00 R: nan F1: nan
2026-05-06 13:49:56 | DEBUG   | dpfl.core.base_simulator | Update norms — honest: ['0.96', '1.59', '0.40', '0.48', '0.41'], attacker: ['3.60', '5.86', '6.02', '6.29', '4.66']
2026-05-06 13:50:04 | INFO    | dpfl.core.base_simulator | Round  35/150 | Acc: 0.7773 | Loss: 0.6330 | eps_max: 4.13 eps_avg: 2.80 | P: 0.00 R: nan F1: nan
2026-05-06 13:50:04 | DEBUG   | dpfl.core.base_simulator | Update norms — honest: ['0.77', '0.58', '0.40', '0.52', '0.20'], attacker: ['3.92', '5.80', '4.68', '6.88', '4.99']
2026-05-06 13:50:12 | INFO    | dpfl.core.base_simulator | Round  36/150 | Acc: 0.7782 | Loss: 0.6298 | eps_max: 4.17 eps_avg: 2.82 | P: 0.00 R: nan F1: nan
2026-05-06 13:50:12 | DEBUG   | dpfl.core.base_simulator | Update norms — honest: ['0.62', '0.60', '1.44', '1.07', '0.40'], attacker: ['5.00', '5.66', '4.57', '6.32', '4.68']
2026-05-06 13:50:19 | INFO    | dpfl.core.base_simulator | Round  37/150 | Acc: 0.7787 | Loss: 0.6273 | eps_max: 4.20 eps_avg: 2.86 | P: 0.00 R: nan F1: nan
2026-05-06 13:50:19 | DEBUG   | dpfl.core.base_simulator | Update norms — honest: ['0.39', '0.31', '0.90', '0.68', '1.16'], attacker: ['5.77', '5.60', '4.51', '5.62', '5.29']
2026-05-06 13:50:26 | INFO    | dpfl.core.base_simulator | Round  38/150 | Acc: 0.7797 | Loss: 0.6249 | eps_max: 4.21 eps_avg: 2.89 | P: 0.00 R: nan F1: nan
2026-05-06 13:50:26 | DEBUG   | dpfl.core.base_simulator | Update norms — honest: ['2.42', '0.35', '1.73', '1.48', '0.52'], attacker: ['4.74', '6.63', '5.74', '6.53', '5.58']
2026-05-06 13:50:34 | INFO    | dpfl.core.base_simulator | Round  39/150 | Acc: 0.7804 | Loss: 0.6222 | eps_max: 4.22 eps_avg: 2.92 | P: 0.00 R: nan F1: nan
2026-05-06 13:50:34 | DEBUG   | dpfl.core.base_simulator | Update norms — honest: ['0.25', '1.05', '2.21', '0.64', '0.58'], attacker: ['5.21', '5.17', '5.82', '6.45', '3.58']
2026-05-06 13:50:41 | INFO    | dpfl.core.base_simulator | Round  40/150 | Acc: 0.7812 | Loss: 0.6198 | eps_max: 4.25 eps_avg: 2.94 | P: 0.00 R: nan F1: nan
2026-05-06 13:50:41 | DEBUG   | dpfl.core.base_simulator | Update norms — honest: ['1.06', '0.93', '0.38', '1.43', '0.92'], attacker: ['5.95', '5.43', '5.54', '5.58', '4.80']
2026-05-06 13:50:49 | INFO    | dpfl.core.base_simulator | Round  41/150 | Acc: 0.7818 | Loss: 0.6177 | eps_max: 4.28 eps_avg: 2.98 | P: 0.00 R: nan F1: nan
2026-05-06 13:50:49 | DEBUG   | dpfl.core.base_simulator | Update norms — honest: ['2.27', '0.59', '0.52', '0.73', '1.75'], attacker: ['4.89', '5.99', '6.32', '5.14', '4.00']
2026-05-06 13:50:56 | INFO    | dpfl.core.base_simulator | Round  42/150 | Acc: 0.7825 | Loss: 0.6156 | eps_max: 4.31 eps_avg: 3.00 | P: 0.00 R: nan F1: nan
2026-05-06 13:50:56 | DEBUG   | dpfl.core.base_simulator | Update norms — honest: ['1.03', '1.55', '1.05', '0.73', '0.67'], attacker: ['4.44', '5.07', '5.49', '5.55', '3.43']
2026-05-06 13:51:04 | INFO    | dpfl.core.base_simulator | Round  43/150 | Acc: 0.7830 | Loss: 0.6138 | eps_max: 4.35 eps_avg: 3.03 | P: 0.00 R: nan F1: nan
2026-05-06 13:51:04 | DEBUG   | dpfl.core.base_simulator | Update norms — honest: ['1.11', '0.93', '0.57', '1.49', '0.97'], attacker: ['2.99', '5.37', '5.97', '6.41', '4.02']
2026-05-06 13:51:12 | INFO    | dpfl.core.base_simulator | Round  44/150 | Acc: 0.7838 | Loss: 0.6116 | eps_max: 4.40 eps_avg: 3.07 | P: 0.00 R: nan F1: nan
2026-05-06 13:51:12 | DEBUG   | dpfl.core.base_simulator | Update norms — honest: ['0.82', '1.78', '1.39', '0.62', '1.19'], attacker: ['1.77', '5.63', '5.13', '6.84', '3.64']
2026-05-06 13:51:19 | INFO    | dpfl.core.base_simulator | Round  45/150 | Acc: 0.7844 | Loss: 0.6096 | eps_max: 4.46 eps_avg: 3.11 | P: 0.00 R: nan F1: nan
2026-05-06 13:51:19 | DEBUG   | dpfl.core.base_simulator | Update norms — honest: ['1.93', '0.36', '0.96', '1.02', '0.34'], attacker: ['3.75', '6.00', '3.94', '6.38', '4.54']
2026-05-06 13:51:27 | INFO    | dpfl.core.base_simulator | Round  46/150 | Acc: 0.7848 | Loss: 0.6080 | eps_max: 4.51 eps_avg: 3.13 | P: 0.00 R: nan F1: nan
2026-05-06 13:51:27 | DEBUG   | dpfl.core.base_simulator | Update norms — honest: ['0.73', '0.84', '1.03', '1.20', '1.21'], attacker: ['3.85', '5.58', '4.14', '5.59', '4.96']
2026-05-06 13:51:34 | INFO    | dpfl.core.base_simulator | Round  47/150 | Acc: 0.7855 | Loss: 0.6064 | eps_max: 4.64 eps_avg: 3.16 | P: 0.00 R: nan F1: nan
2026-05-06 13:51:34 | DEBUG   | dpfl.core.base_simulator | Update norms — honest: ['1.32', '1.21', '1.46', '1.73', '0.73'], attacker: ['4.73', '5.49', '4.90', '5.04', '5.12']
2026-05-06 13:51:42 | INFO    | dpfl.core.base_simulator | Round  48/150 | Acc: 0.7858 | Loss: 0.6051 | eps_max: 4.75 eps_avg: 3.20 | P: 0.00 R: nan F1: nan
2026-05-06 13:51:42 | DEBUG   | dpfl.core.base_simulator | Update norms — honest: ['0.40', '1.28', '2.29', '0.35', '0.93'], attacker: ['4.59', '5.31', '4.40', '4.23', '4.83']
2026-05-06 13:51:49 | INFO    | dpfl.core.base_simulator | Round  49/150 | Acc: 0.7864 | Loss: 0.6035 | eps_max: 4.75 eps_avg: 3.21 | P: 0.00 R: nan F1: nan
2026-05-06 13:51:49 | DEBUG   | dpfl.core.base_simulator | Update norms — honest: ['1.30', '2.18', '0.53', '1.01', '0.50'], attacker: ['2.33', '5.64', '5.68', '5.04', '4.87']
2026-05-06 13:51:57 | INFO    | dpfl.core.base_simulator | Round  50/150 | Acc: 0.7868 | Loss: 0.6022 | eps_max: 4.81 eps_avg: 3.22 | P: 0.00 R: nan F1: nan
2026-05-06 13:51:57 | DEBUG   | dpfl.core.base_simulator | Update norms — honest: ['2.98', '0.24', '0.82', '0.98', '0.94'], attacker: ['4.34', '4.34', '4.69', '3.34', '4.04']
2026-05-06 13:51:59 | INFO    | dpfl.core.base_simulator | Round  51/150 | Acc: 0.7871 | Loss: 0.6012 | eps_max: 5.07 eps_avg: 2.66 | P: 0.68 R: 1.00 F1: 0.86
2026-05-06 13:51:59 | DEBUG   | dpfl.core.base_simulator | Update norms — honest: ['0.14', '0.47', '0.46', '1.28', '0.34'], attacker: ['1.91', '2.39', '2.16', '2.38', '2.09']
2026-05-06 13:52:01 | INFO    | dpfl.core.base_simulator | Round  52/150 | Acc: 0.7877 | Loss: 0.5997 | eps_max: 5.19 eps_avg: 2.69 | P: 0.60 R: 1.00 F1: 0.97
2026-05-06 13:52:01 | DEBUG   | dpfl.core.base_simulator | Update norms — honest: ['0.43', '1.70', '0.98', '0.56', '1.14'], attacker: ['2.08', '2.23', '2.33', '2.12', '2.07']
2026-05-06 13:52:04 | INFO    | dpfl.core.base_simulator | Round  53/150 | Acc: 0.7879 | Loss: 0.5990 | eps_max: 5.19 eps_avg: 2.74 | P: 0.59 R: 1.00 F1: 0.90
2026-05-06 13:52:04 | DEBUG   | dpfl.core.base_simulator | Update norms — honest: ['0.34', '0.68', '1.78', '0.34', '1.93'], attacker: ['1.97', '2.19', '2.24', '2.42', '1.93']
2026-05-06 13:52:06 | INFO    | dpfl.core.base_simulator | Round  54/150 | Acc: 0.7882 | Loss: 0.5976 | eps_max: 5.19 eps_avg: 2.77 | P: 0.68 R: 1.00 F1: 0.90
2026-05-06 13:52:06 | DEBUG   | dpfl.core.base_simulator | Update norms — honest: ['1.27', '0.35', '0.45', '0.34', '0.61'], attacker: ['1.84', '2.18', '2.25', '2.31', '1.88']
2026-05-06 13:52:09 | INFO    | dpfl.core.base_simulator | Round  55/150 | Acc: 0.7886 | Loss: 0.5969 | eps_max: 5.19 eps_avg: 2.80 | P: 0.55 R: 1.00 F1: 0.91
2026-05-06 13:52:09 | DEBUG   | dpfl.core.base_simulator | Update norms — honest: ['2.01', '2.12', '0.35', '0.81', '0.80'], attacker: ['2.66', '3.42', '2.79', '3.40', '2.67']
2026-05-06 13:52:12 | INFO    | dpfl.core.base_simulator | Round  56/150 | Acc: 0.7888 | Loss: 0.5959 | eps_max: 5.19 eps_avg: 2.81 | P: 0.61 R: 1.00 F1: 0.93
2026-05-06 13:52:12 | DEBUG   | dpfl.core.base_simulator | Update norms — honest: ['1.65', '0.89', '0.39', '1.03', '0.62'], attacker: ['2.83', '3.58', '3.10', '2.94', '2.91']
2026-05-06 13:52:14 | INFO    | dpfl.core.base_simulator | Round  57/150 | Acc: 0.7895 | Loss: 0.5944 | eps_max: 5.26 eps_avg: 2.84 | P: 0.63 R: 1.00 F1: 0.95
2026-05-06 13:52:14 | DEBUG   | dpfl.core.base_simulator | Update norms — honest: ['0.40', '0.56', '0.87', '1.12', '0.44'], attacker: ['2.79', '3.34', '2.93', '3.17', '3.30']
2026-05-06 13:52:17 | INFO    | dpfl.core.base_simulator | Round  58/150 | Acc: 0.7895 | Loss: 0.5940 | eps_max: 5.30 eps_avg: 2.93 | P: 0.35 R: 1.00 F1: 0.84
2026-05-06 13:52:17 | DEBUG   | dpfl.core.base_simulator | Update norms — honest: ['1.47', '0.50', '0.69', '1.00', '0.94'], attacker: ['2.82', '3.43', '3.20', '2.94', '2.73']
2026-05-06 13:52:20 | INFO    | dpfl.core.base_simulator | Round  59/150 | Acc: 0.7900 | Loss: 0.5929 | eps_max: 5.30 eps_avg: 3.02 | P: 0.48 R: 1.00 F1: 0.90
2026-05-06 13:52:20 | DEBUG   | dpfl.core.base_simulator | Update norms — honest: ['1.48', '0.96', '0.34', '0.92', '2.40'], attacker: ['2.64', '3.56', '2.92', '3.00', '2.80']
2026-05-06 13:52:22 | INFO    | dpfl.core.base_simulator | Round  60/150 | Acc: 0.7903 | Loss: 0.5922 | eps_max: 5.30 eps_avg: 3.05 | P: 0.51 R: 1.00 F1: 0.91
2026-05-06 13:52:22 | DEBUG   | dpfl.core.base_simulator | Update norms — honest: ['0.95', '0.73', '0.90', '0.98', '0.43'], attacker: ['2.90', '3.26', '2.84', '3.25', '2.76']
2026-05-06 13:52:25 | INFO    | dpfl.core.base_simulator | Round  61/150 | Acc: 0.7904 | Loss: 0.5918 | eps_max: 5.30 eps_avg: 3.06 | P: 0.66 R: 1.00 F1: 0.94
2026-05-06 13:52:25 | DEBUG   | dpfl.core.base_simulator | Update norms — honest: ['1.33', '0.92', '0.44', '0.96', '1.29'], attacker: ['2.76', '3.17', '3.10', '2.90', '2.51']
2026-05-06 13:52:27 | INFO    | dpfl.core.base_simulator | Round  62/150 | Acc: 0.7906 | Loss: 0.5914 | eps_max: 5.31 eps_avg: 3.11 | P: 0.43 R: 1.00 F1: 0.84
2026-05-06 13:52:27 | DEBUG   | dpfl.core.base_simulator | Update norms — honest: ['0.48', '0.34', '2.25', '0.99', '1.11'], attacker: ['2.58', '3.15', '2.94', '3.17', '2.78']
2026-05-06 13:52:30 | INFO    | dpfl.core.base_simulator | Round  63/150 | Acc: 0.7911 | Loss: 0.5901 | eps_max: 5.37 eps_avg: 3.17 | P: 0.55 R: 1.00 F1: 0.93
2026-05-06 13:52:30 | DEBUG   | dpfl.core.base_simulator | Update norms — honest: ['1.83', '0.34', '1.01', '0.79', '1.17'], attacker: ['2.86', '3.43', '3.16', '3.16', '2.82']
2026-05-06 13:52:33 | INFO    | dpfl.core.base_simulator | Round  64/150 | Acc: 0.7912 | Loss: 0.5898 | eps_max: 5.37 eps_avg: 3.22 | P: 0.56 R: 1.00 F1: 0.89
2026-05-06 13:52:33 | DEBUG   | dpfl.core.base_simulator | Update norms — honest: ['0.85', '1.06', '0.79', '0.41', '0.81'], attacker: ['2.70', '3.53', '3.07', '2.99', '2.75']
2026-05-06 13:52:36 | INFO    | dpfl.core.base_simulator | Round  65/150 | Acc: 0.7914 | Loss: 0.5896 | eps_max: 5.37 eps_avg: 3.28 | P: 0.72 R: 1.00 F1: 0.92
2026-05-06 13:52:36 | DEBUG   | dpfl.core.base_simulator | Update norms — honest: ['1.91', '1.26', '2.17', '0.80', '0.81'], attacker: ['2.79', '3.50', '3.11', '3.22', '2.77']
2026-05-06 13:52:38 | INFO    | dpfl.core.base_simulator | Round  66/150 | Acc: 0.7918 | Loss: 0.5887 | eps_max: 5.50 eps_avg: 3.31 | P: 0.64 R: 1.00 F1: 0.89
2026-05-06 13:52:38 | DEBUG   | dpfl.core.base_simulator | Update norms — honest: ['0.28', '0.98', '1.72', '0.61', '0.08'], attacker: ['2.65', '3.23', '2.99', '2.93', '2.54']
2026-05-06 13:52:41 | INFO    | dpfl.core.base_simulator | Round  67/150 | Acc: 0.7917 | Loss: 0.5906 | eps_max: 5.50 eps_avg: 3.34 | P: 0.51 R: 1.00 F1: 0.89
2026-05-06 13:52:41 | DEBUG   | dpfl.core.base_simulator | Update norms — honest: ['1.84', '1.23', '1.62', '1.54', '0.23'], attacker: ['2.72', '3.54', '3.00', '3.17', '2.80']
2026-05-06 13:52:44 | INFO    | dpfl.core.base_simulator | Round  68/150 | Acc: 0.7919 | Loss: 0.5884 | eps_max: 5.50 eps_avg: 3.43 | P: 0.45 R: 1.00 F1: 0.84
2026-05-06 13:52:44 | DEBUG   | dpfl.core.base_simulator | Update norms — honest: ['0.34', '2.13', '0.78', '0.82', '0.69'], attacker: ['2.93', '3.55', '2.94', '2.98', '2.55']
2026-05-06 13:52:47 | INFO    | dpfl.core.base_simulator | Round  69/150 | Acc: 0.7923 | Loss: 0.5880 | eps_max: 5.50 eps_avg: 3.48 | P: 0.57 R: 1.00 F1: 0.83
2026-05-06 13:52:47 | DEBUG   | dpfl.core.base_simulator | Update norms — honest: ['0.34', '1.36', '0.38', '0.64', '1.52'], attacker: ['2.73', '3.31', '2.90', '2.93', '2.74']
2026-05-06 13:52:49 | INFO    | dpfl.core.base_simulator | Round  70/150 | Acc: 0.7923 | Loss: 0.5874 | eps_max: 5.52 eps_avg: 3.51 | P: 0.43 R: 1.00 F1: 0.99
2026-05-06 13:52:49 | DEBUG   | dpfl.core.base_simulator | Update norms — honest: ['0.18', '0.95', '0.46', '2.15', '0.64'], attacker: ['2.67', '3.57', '3.04', '3.29', '2.90']
2026-05-06 13:52:56 | INFO    | dpfl.core.base_simulator | Round  71/150 | Acc: 0.7927 | Loss: 0.5867 | eps_max: 5.58 eps_avg: 3.53 | P: 0.33 R: 1.00 F1: 0.94
2026-05-06 13:52:56 | DEBUG   | dpfl.core.base_simulator | Update norms — honest: ['1.55', '0.53', '1.65', '1.87', '1.30'], attacker: ['2.88', '3.21', '2.89', '3.33', '2.95']
2026-05-06 13:53:05 | INFO    | dpfl.core.base_simulator | Round  72/150 | Acc: 0.7929 | Loss: 0.5867 | eps_max: 5.58 eps_avg: 3.56 | P: 0.58 R: 1.00 F1: 0.79
2026-05-06 13:53:05 | DEBUG   | dpfl.core.base_simulator | Update norms — honest: ['1.01', '1.04', '0.76', '1.08', '0.40'], attacker: ['2.72', '3.52', '2.99', '3.32', '2.91']
2026-05-06 13:53:08 | INFO    | dpfl.core.base_simulator | Round  73/150 | Acc: 0.7929 | Loss: 0.5865 | eps_max: 5.58 eps_avg: 3.63 | P: 0.48 R: 1.00 F1: 0.95
2026-05-06 13:53:08 | DEBUG   | dpfl.core.base_simulator | Update norms — honest: ['1.40', '1.27', '0.71', '1.55', '1.38'], attacker: ['2.57', '3.50', '2.86', '3.04', '2.77']
2026-05-06 13:53:11 | INFO    | dpfl.core.base_simulator | Round  74/150 | Acc: 0.7929 | Loss: 0.5868 | eps_max: 5.58 eps_avg: 3.68 | P: 0.51 R: 1.00 F1: 0.91
2026-05-06 13:53:11 | DEBUG   | dpfl.core.base_simulator | Update norms — honest: ['1.93', '1.96', '0.46', '1.26', '0.91'], attacker: ['2.95', '3.71', '3.09', '3.08', '2.51']
2026-05-06 13:53:18 | INFO    | dpfl.core.base_simulator | Round  75/150 | Acc: 0.7931 | Loss: 0.5863 | eps_max: 5.58 eps_avg: 3.74 | P: 0.69 R: 1.00 F1: 0.88
2026-05-06 13:53:18 | DEBUG   | dpfl.core.base_simulator | Update norms — honest: ['0.44', '1.49', '1.02', '0.36', '0.65'], attacker: ['3.07', '3.57', '3.00', '3.27', '2.75']
2026-05-06 13:53:49 | INFO    | dpfl.core.base_simulator | Round  76/150 | Acc: 0.7931 | Loss: 0.5862 | eps_max: 5.58 eps_avg: 3.78 | P: 0.56 R: 1.00 F1: 0.92
2026-05-06 13:53:49 | DEBUG   | dpfl.core.base_simulator | Update norms — honest: ['1.85', '0.99', '1.06', '0.32', '2.32'], attacker: ['2.65', '3.70', '3.09', '3.32', '2.76']
2026-05-06 13:53:52 | INFO    | dpfl.core.base_simulator | Round  77/150 | Acc: 0.7936 | Loss: 0.5858 | eps_max: 5.58 eps_avg: 3.84 | P: 0.53 R: 1.00 F1: 0.91
2026-05-06 13:53:52 | DEBUG   | dpfl.core.base_simulator | Update norms — honest: ['0.34', '0.63', '1.71', '0.37', '0.46'], attacker: ['3.11', '3.30', '2.99', '3.20', '2.79']
2026-05-06 13:53:55 | INFO    | dpfl.core.base_simulator | Round  78/150 | Acc: 0.7933 | Loss: 0.5863 | eps_max: 5.58 eps_avg: 3.89 | P: 0.34 R: 1.00 F1: 0.89
2026-05-06 13:53:55 | DEBUG   | dpfl.core.base_simulator | Update norms — honest: ['1.48', '0.78', '0.98', '1.20', '2.22'], attacker: ['2.90', '3.77', '3.10', '3.21', '2.71']
2026-05-06 13:53:58 | INFO    | dpfl.core.base_simulator | Round  79/150 | Acc: 0.7938 | Loss: 0.5859 | eps_max: 5.59 eps_avg: 3.91 | P: 0.76 R: 1.00 F1: 0.96
2026-05-06 13:53:58 | DEBUG   | dpfl.core.base_simulator | Update norms — honest: ['1.59', '3.44', '3.06', '1.70', '0.83'], attacker: ['2.91', '3.60', '3.02', '3.39', '3.18']
2026-05-06 13:54:01 | INFO    | dpfl.core.base_simulator | Round  80/150 | Acc: 0.7939 | Loss: 0.5860 | eps_max: 6.00 eps_avg: 3.98 | P: 0.56 R: 1.00 F1: 0.79
2026-05-06 13:54:01 | DEBUG   | dpfl.core.base_simulator | Update norms — honest: ['0.34', '1.46', '0.70', '1.43', '1.83'], attacker: ['3.25', '3.37', '2.98', '3.18', '2.92']
2026-05-06 13:54:04 | INFO    | dpfl.core.base_simulator | Round  81/150 | Acc: 0.7938 | Loss: 0.5864 | eps_max: 6.00 eps_avg: 4.02 | P: 0.48 R: 1.00 F1: 0.85
2026-05-06 13:54:04 | DEBUG   | dpfl.core.base_simulator | Update norms — honest: ['1.59', '1.68', '0.87', '0.81', '0.74'], attacker: ['3.12', '3.17', '3.05', '3.18', '3.16']
2026-05-06 13:54:46 | INFO    | dpfl.core.base_simulator | Round  82/150 | Acc: 0.7939 | Loss: 0.5860 | eps_max: 6.00 eps_avg: 4.08 | P: 0.71 R: 1.00 F1: 0.89
2026-05-06 13:54:46 | DEBUG   | dpfl.core.base_simulator | Update norms — honest: ['0.58', '0.40', '1.10', '1.09', '1.54'], attacker: ['3.03', '3.48', '2.89', '3.14', '2.71']
2026-05-06 13:54:51 | INFO    | dpfl.core.base_simulator | Round  83/150 | Acc: 0.7941 | Loss: 0.5857 | eps_max: 6.00 eps_avg: 4.09 | P: 0.56 R: 1.00 F1: 0.96
2026-05-06 13:54:51 | DEBUG   | dpfl.core.base_simulator | Update norms — honest: ['0.61', '1.53', '0.83', '1.43', '0.30'], attacker: ['2.80', '3.22', '3.21', '3.14', '3.12']
2026-05-06 13:54:56 | INFO    | dpfl.core.base_simulator | Round  84/150 | Acc: 0.7939 | Loss: 0.5866 | eps_max: 6.00 eps_avg: 4.14 | P: 0.55 R: 1.00 F1: 0.88
2026-05-06 13:54:56 | DEBUG   | dpfl.core.base_simulator | Update norms — honest: ['1.01', '2.73', '1.25', '0.91', '1.21'], attacker: ['2.90', '3.29', '2.91', '3.06', '3.03']
2026-05-06 13:55:08 | INFO    | dpfl.core.base_simulator | Round  85/150 | Acc: 0.7942 | Loss: 0.5860 | eps_max: 6.00 eps_avg: 4.18 | P: 0.78 R: 1.00 F1: 0.89
2026-05-06 13:55:08 | DEBUG   | dpfl.core.base_simulator | Update norms — honest: ['0.21', '1.23', '1.56', '0.75', '1.51'], attacker: ['2.91', '3.34', '3.15', '3.22', '2.95']
2026-05-06 13:55:20 | INFO    | dpfl.core.base_simulator | Round  86/150 | Acc: 0.7921 | Loss: 10.6529 | eps_max: 6.00 eps_avg: 4.21 | P: 0.36 R: 1.00 F1: 0.92
2026-05-06 13:55:20 | DEBUG   | dpfl.core.base_simulator | Update norms — honest: ['2.13', '0.17', '0.72', '2.32', '1.58'], attacker: ['3.11', '3.22', '2.81', '3.22', '2.90']
2026-05-06 13:55:31 | INFO    | dpfl.core.base_simulator | Round  87/150 | Acc: 0.7927 | Loss: 1.0594 | eps_max: 6.09 eps_avg: 4.24 | P: 0.60 R: 1.00 F1: 0.88
2026-05-06 13:55:31 | DEBUG   | dpfl.core.base_simulator | Update norms — honest: ['0.45', '0.72', '1.16', '1.28', '2.01'], attacker: ['2.77', '3.75', '3.15', '3.26', '3.11']
2026-05-06 13:55:43 | INFO    | dpfl.core.base_simulator | Round  88/150 | Acc: 0.7934 | Loss: 0.6904 | eps_max: 6.09 eps_avg: 4.28 | P: 0.79 R: 1.00 F1: 0.92
2026-05-06 13:55:43 | DEBUG   | dpfl.core.base_simulator | Update norms — honest: ['0.29', '1.26', '0.94', '0.19', '0.75'], attacker: ['3.06', '3.11', '3.04', '3.19', '2.92']
2026-05-06 13:55:54 | INFO    | dpfl.core.base_simulator | Round  89/150 | Acc: 0.7937 | Loss: 0.6939 | eps_max: 6.16 eps_avg: 4.32 | P: 0.53 R: 1.00 F1: 0.94
2026-05-06 13:55:54 | DEBUG   | dpfl.core.base_simulator | Update norms — honest: ['1.77', '0.72', '0.78', '1.51', '1.02'], attacker: ['3.02', '3.54', '3.06', '3.16', '3.11']
2026-05-06 13:56:06 | INFO    | dpfl.core.base_simulator | Round  90/150 | Acc: 0.7936 | Loss: 0.7116 | eps_max: 6.16 eps_avg: 4.37 | P: 0.71 R: 1.00 F1: 0.90
2026-05-06 13:56:06 | DEBUG   | dpfl.core.base_simulator | Update norms — honest: ['0.78', '2.52', '1.01', '1.36', '0.95'], attacker: ['2.49', '3.49', '3.10', '3.27', '2.81']
2026-05-06 13:56:19 | INFO    | dpfl.core.base_simulator | Round  91/150 | Acc: 0.7939 | Loss: 0.6411 | eps_max: 6.24 eps_avg: 4.44 | P: 0.54 R: 1.00 F1: 0.86
2026-05-06 13:56:19 | DEBUG   | dpfl.core.base_simulator | Update norms — honest: ['1.30', '0.00', '0.92', '2.94', '1.42'], attacker: ['2.64', '3.70', '3.21', '3.38', '2.98']
2026-05-06 13:56:30 | INFO    | dpfl.core.base_simulator | Round  92/150 | Acc: 0.7940 | Loss: 0.6545 | eps_max: 6.24 eps_avg: 4.46 | P: 0.43 R: 1.00 F1: 0.79
2026-05-06 13:56:30 | DEBUG   | dpfl.core.base_simulator | Update norms — honest: ['1.47', '1.19', '0.85', '1.30', '1.08'], attacker: ['2.86', '3.55', '3.06', '3.20', '2.66']
2026-05-06 13:56:42 | INFO    | dpfl.core.base_simulator | Round  93/150 | Acc: 0.7940 | Loss: 0.6449 | eps_max: 6.24 eps_avg: 4.52 | P: 0.38 R: 1.00 F1: 0.82
2026-05-06 13:56:42 | DEBUG   | dpfl.core.base_simulator | Update norms — honest: ['1.68', '1.50', '1.18', '1.71', '1.28'], attacker: ['3.02', '3.39', '3.12', '3.07', '3.27']
2026-05-06 13:56:55 | INFO    | dpfl.core.base_simulator | Round  94/150 | Acc: 0.7943 | Loss: 0.6309 | eps_max: 6.66 eps_avg: 4.56 | P: 0.54 R: 1.00 F1: 0.93
2026-05-06 13:56:55 | DEBUG   | dpfl.core.base_simulator | Update norms — honest: ['1.11', '2.58', '0.98', '0.73', '1.11'], attacker: ['2.85', '3.31', '3.13', '3.39', '3.37']
2026-05-06 13:57:06 | INFO    | dpfl.core.base_simulator | Round  95/150 | Acc: 0.7945 | Loss: 0.6454 | eps_max: 6.66 eps_avg: 4.60 | P: 0.58 R: 1.00 F1: 0.95
2026-05-06 13:57:06 | DEBUG   | dpfl.core.base_simulator | Update norms — honest: ['2.73', '1.37', '1.38', '0.34', '0.69'], attacker: ['3.03', '3.59', '3.34', '3.24', '2.99']
2026-05-06 13:57:16 | INFO    | dpfl.core.base_simulator | Round  96/150 | Acc: 0.7941 | Loss: 0.6174 | eps_max: 6.66 eps_avg: 4.65 | P: 0.51 R: 1.00 F1: 0.86
2026-05-06 13:57:16 | DEBUG   | dpfl.core.base_simulator | Update norms — honest: ['0.53', '2.17', '1.54', '0.00', '1.21'], attacker: ['2.92', '3.35', '3.08', '3.09', '2.89']
2026-05-06 13:57:19 | INFO    | dpfl.core.base_simulator | Round  97/150 | Acc: 0.7942 | Loss: 0.6121 | eps_max: 7.08 eps_avg: 4.69 | P: 0.47 R: 1.00 F1: 0.73
2026-05-06 13:57:19 | DEBUG   | dpfl.core.base_simulator | Update norms — honest: ['1.53', '1.07', '2.58', '0.70', '0.00'], attacker: ['3.10', '3.50', '2.83', '3.21', '3.11']
2026-05-06 13:58:01 | INFO    | dpfl.core.base_simulator | Round  98/150 | Acc: 0.7947 | Loss: 0.6162 | eps_max: 7.08 eps_avg: 4.75 | P: 0.51 R: 1.00 F1: 0.89
2026-05-06 13:58:01 | DEBUG   | dpfl.core.base_simulator | Update norms — honest: ['0.69', '1.79', '1.40', '0.99', '1.82'], attacker: ['2.86', '3.50', '3.20', '3.53', '3.21']
2026-05-06 13:58:03 | INFO    | dpfl.core.base_simulator | Round  99/150 | Acc: 0.7947 | Loss: 0.6272 | eps_max: 7.08 eps_avg: 4.78 | P: 0.54 R: 1.00 F1: 0.91
2026-05-06 13:58:03 | DEBUG   | dpfl.core.base_simulator | Update norms — honest: ['1.79', '0.69', '0.92', '0.55', '1.13'], attacker: ['2.72', '3.39', '3.03', '3.12', '2.95']
2026-05-06 13:58:09 | INFO    | dpfl.core.base_simulator | Round 100/150 | Acc: 0.7946 | Loss: 0.6444 | eps_max: 7.08 eps_avg: 4.79 | P: 0.49 R: 1.00 F1: 0.89
2026-05-06 13:58:09 | DEBUG   | dpfl.core.base_simulator | Update norms — honest: ['1.18', '1.79', '1.07', '0.00', '1.82'], attacker: ['2.70', '3.57', '3.03', '3.55', '3.22']
2026-05-06 13:58:20 | INFO    | dpfl.core.base_simulator | Round 101/150 | Acc: 0.7950 | Loss: 0.6067 | eps_max: 7.08 eps_avg: 4.84 | P: 0.47 R: 1.00 F1: 0.89
2026-05-06 13:58:20 | DEBUG   | dpfl.core.base_simulator | Update norms — honest: ['3.37', '1.71', '1.14', '0.98', '1.57'], attacker: ['2.91', '3.46', '2.96', '3.36', '3.41']
2026-05-06 13:58:31 | INFO    | dpfl.core.base_simulator | Round 102/150 | Acc: 0.7948 | Loss: 0.6111 | eps_max: 7.08 eps_avg: 4.88 | P: 0.52 R: 1.00 F1: 0.83
2026-05-06 13:58:31 | DEBUG   | dpfl.core.base_simulator | Update norms — honest: ['0.29', '0.50', '1.36', '0.80', '1.97'], attacker: ['2.78', '3.68', '3.09', '3.37', '2.97']
2026-05-06 13:58:44 | INFO    | dpfl.core.base_simulator | Round 103/150 | Acc: 0.7947 | Loss: 0.6364 | eps_max: 7.08 eps_avg: 4.93 | P: 0.67 R: 1.00 F1: 0.93
2026-05-06 13:58:44 | DEBUG   | dpfl.core.base_simulator | Update norms — honest: ['1.47', '1.58', '0.45', '0.19', '2.67'], attacker: ['3.04', '3.81', '3.24', '3.13', '2.94']
2026-05-06 13:58:55 | INFO    | dpfl.core.base_simulator | Round 104/150 | Acc: 0.7945 | Loss: 0.6209 | eps_max: 7.08 eps_avg: 4.99 | P: 0.55 R: 1.00 F1: 0.85
2026-05-06 13:58:55 | DEBUG   | dpfl.core.base_simulator | Update norms — honest: ['1.43', '0.34', '1.61', '0.54', '1.29'], attacker: ['2.76', '3.65', '3.34', '3.52', '2.98']
2026-05-06 13:59:07 | INFO    | dpfl.core.base_simulator | Round 105/150 | Acc: 0.7946 | Loss: 0.6096 | eps_max: 7.08 eps_avg: 5.03 | P: 0.67 R: 1.00 F1: 0.90
2026-05-06 13:59:07 | DEBUG   | dpfl.core.base_simulator | Update norms — honest: ['0.38', '0.00', '0.65', '1.95', '2.13'], attacker: ['2.84', '3.76', '3.03', '3.50', '2.91']
2026-05-06 13:59:19 | INFO    | dpfl.core.base_simulator | Round 106/150 | Acc: 0.7946 | Loss: 0.6260 | eps_max: 7.08 eps_avg: 5.04 | P: 0.50 R: 1.00 F1: 0.93
2026-05-06 13:59:19 | DEBUG   | dpfl.core.base_simulator | Update norms — honest: ['0.44', '2.39', '0.93', '2.44', '1.33'], attacker: ['2.75', '3.16', '3.03', '3.12', '2.86']
2026-05-06 13:59:31 | INFO    | dpfl.core.base_simulator | Round 107/150 | Acc: 0.7948 | Loss: 0.6220 | eps_max: 7.08 eps_avg: 5.07 | P: 0.42 R: 1.00 F1: 0.84
2026-05-06 13:59:31 | DEBUG   | dpfl.core.base_simulator | Update norms — honest: ['1.16', '2.30', '0.89', '0.16', '0.00'], attacker: ['2.70', '3.54', '3.27', '3.29', '3.04']
2026-05-06 13:59:42 | INFO    | dpfl.core.base_simulator | Round 108/150 | Acc: 0.7948 | Loss: 0.6072 | eps_max: 7.08 eps_avg: 5.10 | P: 0.59 R: 1.00 F1: 0.87
2026-05-06 13:59:42 | DEBUG   | dpfl.core.base_simulator | Update norms — honest: ['3.83', '2.06', '2.47', '0.37', '0.86'], attacker: ['3.07', '3.74', '3.11', '3.27', '2.91']
2026-05-06 13:59:54 | INFO    | dpfl.core.base_simulator | Round 109/150 | Acc: 0.7946 | Loss: 0.6153 | eps_max: 7.08 eps_avg: 5.13 | P: 0.60 R: 1.00 F1: 0.95
2026-05-06 13:59:54 | DEBUG   | dpfl.core.base_simulator | Update norms — honest: ['2.02', '1.43', '1.75', '1.62', '0.73'], attacker: ['2.83', '3.72', '3.29', '3.63', '3.17']
2026-05-06 14:00:07 | INFO    | dpfl.core.base_simulator | Round 110/150 | Acc: 0.7945 | Loss: 0.6103 | eps_max: 7.08 eps_avg: 5.20 | P: 0.58 R: 1.00 F1: 0.88
2026-05-06 14:00:07 | DEBUG   | dpfl.core.base_simulator | Update norms — honest: ['1.06', '1.82', '0.16', '1.14', '0.68'], attacker: ['2.89', '3.57', '3.23', '3.42', '2.93']
2026-05-06 14:00:19 | INFO    | dpfl.core.base_simulator | Round 111/150 | Acc: 0.7943 | Loss: 0.6154 | eps_max: 7.26 eps_avg: 5.26 | P: 0.49 R: 1.00 F1: 0.83
2026-05-06 14:00:19 | DEBUG   | dpfl.core.base_simulator | Update norms — honest: ['1.88', '1.86', '1.84', '1.45', '0.58'], attacker: ['3.05', '3.26', '2.96', '3.42', '2.86']
2026-05-06 14:00:31 | INFO    | dpfl.core.base_simulator | Round 112/150 | Acc: 0.7945 | Loss: 0.6138 | eps_max: 7.26 eps_avg: 5.29 | P: 0.48 R: 1.00 F1: 0.81
2026-05-06 14:00:31 | DEBUG   | dpfl.core.base_simulator | Update norms — honest: ['0.46', '0.49', '1.93', '1.30', '1.68'], attacker: ['2.73', '3.32', '3.07', '3.05', '3.28']
2026-05-06 14:00:42 | INFO    | dpfl.core.base_simulator | Round 113/150 | Acc: 0.7949 | Loss: 0.6189 | eps_max: 7.26 eps_avg: 5.30 | P: 0.79 R: 1.00 F1: 0.95
2026-05-06 14:00:42 | DEBUG   | dpfl.core.base_simulator | Update norms — honest: ['1.81', '0.40', '1.28', '1.89', '1.55'], attacker: ['2.64', '3.52', '3.00', '3.34', '3.29']
2026-05-06 14:00:54 | INFO    | dpfl.core.base_simulator | Round 114/150 | Acc: 0.7946 | Loss: 0.6131 | eps_max: 7.34 eps_avg: 5.33 | P: 0.51 R: 1.00 F1: 0.76
2026-05-06 14:00:54 | DEBUG   | dpfl.core.base_simulator | Update norms — honest: ['0.84', '1.53', '0.33', '1.41', '0.72'], attacker: ['2.79', '3.17', '2.95', '3.29', '2.90']
2026-05-06 14:01:06 | INFO    | dpfl.core.base_simulator | Round 115/150 | Acc: 0.7945 | Loss: 0.6111 | eps_max: 7.34 eps_avg: 5.36 | P: 0.76 R: 1.00 F1: 0.93
2026-05-06 14:01:06 | DEBUG   | dpfl.core.base_simulator | Update norms — honest: ['0.38', '2.11', '1.41', '1.53', '2.72'], attacker: ['2.93', '3.38', '3.22', '3.48', '3.02']
2026-05-06 14:01:17 | INFO    | dpfl.core.base_simulator | Round 116/150 | Acc: 0.7947 | Loss: 0.6145 | eps_max: 7.34 eps_avg: 5.39 | P: 0.52 R: 1.00 F1: 0.92
2026-05-06 14:01:17 | DEBUG   | dpfl.core.base_simulator | Update norms — honest: ['0.00', '1.33', '0.60', '1.58', '1.93'], attacker: ['2.72', '3.33', '3.24', '3.30', '2.95']
2026-05-06 14:01:29 | INFO    | dpfl.core.base_simulator | Round 117/150 | Acc: 0.7945 | Loss: 0.6134 | eps_max: 7.34 eps_avg: 5.43 | P: 0.45 R: 1.00 F1: 0.72
2026-05-06 14:01:29 | DEBUG   | dpfl.core.base_simulator | Update norms — honest: ['0.48', '1.50', '0.16', '2.90', '1.73'], attacker: ['2.70', '3.53', '3.04', '3.18', '3.06']
2026-05-06 14:01:41 | INFO    | dpfl.core.base_simulator | Round 118/150 | Acc: 0.7946 | Loss: 0.6218 | eps_max: 7.34 eps_avg: 5.46 | P: 0.46 R: 1.00 F1: 0.90
2026-05-06 14:01:41 | DEBUG   | dpfl.core.base_simulator | Update norms — honest: ['0.00', '0.43', '1.75', '1.46', '0.80'], attacker: ['2.98', '3.66', '2.92', '3.53', '3.07']
2026-05-06 14:01:53 | INFO    | dpfl.core.base_simulator | Round 119/150 | Acc: 0.7944 | Loss: 0.6122 | eps_max: 7.34 eps_avg: 5.51 | P: 0.51 R: 1.00 F1: 0.83
2026-05-06 14:01:53 | DEBUG   | dpfl.core.base_simulator | Update norms — honest: ['1.42', '1.70', '1.02', '2.29', '2.13'], attacker: ['2.77', '3.40', '3.12', '3.47', '2.70']
2026-05-06 14:02:05 | INFO    | dpfl.core.base_simulator | Round 120/150 | Acc: 0.7943 | Loss: 0.6154 | eps_max: 7.34 eps_avg: 5.55 | P: 0.49 R: 1.00 F1: 0.89
2026-05-06 14:02:05 | DEBUG   | dpfl.core.base_simulator | Update norms — honest: ['1.42', '1.77', '2.40', '1.47', '0.00'], attacker: ['3.07', '3.49', '2.91', '3.43', '3.41']
2026-05-06 14:02:18 | INFO    | dpfl.core.base_simulator | Round 121/150 | Acc: 0.7943 | Loss: 0.6194 | eps_max: 7.43 eps_avg: 5.58 | P: 0.55 R: 1.00 F1: 0.85
2026-05-06 14:02:18 | DEBUG   | dpfl.core.base_simulator | Update norms — honest: ['1.51', '0.65', '1.42', '0.45', '0.98'], attacker: ['2.84', '3.47', '3.27', '3.40', '2.80']
2026-05-06 14:02:30 | INFO    | dpfl.core.base_simulator | Round 122/150 | Acc: 0.7943 | Loss: 0.6158 | eps_max: 7.55 eps_avg: 5.60 | P: 0.51 R: 1.00 F1: 0.87
2026-05-06 14:02:30 | DEBUG   | dpfl.core.base_simulator | Update norms — honest: ['1.50', '1.39', '0.94', '2.49', '0.95'], attacker: ['2.73', '3.47', '3.05', '3.68', '2.96']
2026-05-06 14:02:41 | INFO    | dpfl.core.base_simulator | Round 123/150 | Acc: 0.7943 | Loss: 0.6167 | eps_max: 7.55 eps_avg: 5.62 | P: 0.56 R: 1.00 F1: 0.87
2026-05-06 14:02:41 | DEBUG   | dpfl.core.base_simulator | Update norms — honest: ['0.66', '2.43', '0.81', '0.98', '1.98'], attacker: ['2.76', '3.40', '2.98', '3.42', '2.98']
2026-05-06 14:02:53 | INFO    | dpfl.core.base_simulator | Round 124/150 | Acc: 0.7941 | Loss: 0.6202 | eps_max: 7.55 eps_avg: 5.63 | P: 0.45 R: 1.00 F1: 0.87
2026-05-06 14:02:53 | DEBUG   | dpfl.core.base_simulator | Update norms — honest: ['3.24', '0.80', '1.68', '1.37', '0.71'], attacker: ['2.93', '3.48', '2.98', '3.45', '3.48']
2026-05-06 14:03:04 | INFO    | dpfl.core.base_simulator | Round 125/150 | Acc: 0.7944 | Loss: 0.6220 | eps_max: 7.55 eps_avg: 5.65 | P: 0.52 R: 1.00 F1: 0.97
2026-05-06 14:03:04 | DEBUG   | dpfl.core.base_simulator | Update norms — honest: ['1.03', '0.54', '0.75', '1.95', '1.29'], attacker: ['2.91', '3.62', '3.50', '3.63', '2.79']
2026-05-06 14:03:16 | INFO    | dpfl.core.base_simulator | Round 126/150 | Acc: 0.7942 | Loss: 0.6253 | eps_max: 7.55 eps_avg: 5.67 | P: 0.71 R: 1.00 F1: 0.94
2026-05-06 14:03:16 | DEBUG   | dpfl.core.base_simulator | Update norms — honest: ['1.43', '0.81', '0.00', '0.95', '1.84'], attacker: ['2.86', '3.35', '2.90', '3.64', '2.88']
2026-05-06 14:03:28 | INFO    | dpfl.core.base_simulator | Round 127/150 | Acc: 0.7943 | Loss: 0.6182 | eps_max: 7.55 eps_avg: 5.68 | P: 0.62 R: 1.00 F1: 0.90
2026-05-06 14:03:28 | DEBUG   | dpfl.core.base_simulator | Update norms — honest: ['1.94', '1.03', '1.44', '1.91', '1.61'], attacker: ['3.04', '3.47', '3.10', '3.25', '3.12']
2026-05-06 14:03:40 | INFO    | dpfl.core.base_simulator | Round 128/150 | Acc: 0.7939 | Loss: 0.6243 | eps_max: 7.55 eps_avg: 5.71 | P: 0.49 R: 1.00 F1: 0.87
2026-05-06 14:03:40 | DEBUG   | dpfl.core.base_simulator | Update norms — honest: ['1.67', '1.29', '0.86', '0.82', '0.75'], attacker: ['5.74', '5.65', '6.58', '13.46', '7.39']
2026-05-06 14:03:52 | INFO    | dpfl.core.base_simulator | Round 129/150 | Acc: 0.7944 | Loss: 0.6244 | eps_max: 7.55 eps_avg: 5.74 | P: 0.58 R: 1.00 F1: 0.84
2026-05-06 14:03:52 | DEBUG   | dpfl.core.base_simulator | Update norms — honest: ['0.00', '0.54', '1.16', '0.78', '0.97'], attacker: ['5.69', '6.33', '6.51', '13.52', '7.07']
2026-05-06 14:04:04 | INFO    | dpfl.core.base_simulator | Round 130/150 | Acc: 0.7942 | Loss: 0.6192 | eps_max: 7.55 eps_avg: 5.76 | P: 0.54 R: 1.00 F1: 0.87
2026-05-06 14:04:04 | DEBUG   | dpfl.core.base_simulator | Update norms — honest: ['0.54', '0.82', '0.72', '1.75', '1.55'], attacker: ['5.49', '5.96', '6.57', '13.66', '6.88']
2026-05-06 14:04:16 | INFO    | dpfl.core.base_simulator | Round 131/150 | Acc: 0.7943 | Loss: 0.6271 | eps_max: 7.55 eps_avg: 5.78 | P: 0.57 R: 1.00 F1: 0.94
2026-05-06 14:04:16 | DEBUG   | dpfl.core.base_simulator | Update norms — honest: ['0.51', '1.24', '0.85', '1.13', '2.65'], attacker: ['5.39', '6.00', '6.84', '14.07', '6.73']
2026-05-06 14:04:29 | INFO    | dpfl.core.base_simulator | Round 132/150 | Acc: 0.7944 | Loss: 0.6365 | eps_max: 7.55 eps_avg: 5.80 | P: 0.72 R: 1.00 F1: 0.86
2026-05-06 14:04:29 | DEBUG   | dpfl.core.base_simulator | Update norms — honest: ['1.55', '1.48', '1.84', '1.59', '0.09'], attacker: ['5.88', '6.41', '6.48', '13.63', '6.83']
2026-05-06 14:04:41 | INFO    | dpfl.core.base_simulator | Round 133/150 | Acc: 0.7941 | Loss: 0.6210 | eps_max: 7.64 eps_avg: 5.83 | P: 0.30 R: 1.00 F1: 0.76
2026-05-06 14:04:41 | DEBUG   | dpfl.core.base_simulator | Update norms — honest: ['2.56', '1.56', '0.94', '1.06', '1.10'], attacker: ['5.33', '6.04', '6.71', '13.66', '7.16']
2026-05-06 14:04:54 | INFO    | dpfl.core.base_simulator | Round 134/150 | Acc: 0.7940 | Loss: 0.6218 | eps_max: 7.64 eps_avg: 5.86 | P: 0.56 R: 1.00 F1: 0.92
2026-05-06 14:04:54 | DEBUG   | dpfl.core.base_simulator | Update norms — honest: ['2.71', '0.86', '0.69', '0.78', '2.54'], attacker: ['5.55', '6.74', '6.85', '13.07', '6.86']
2026-05-06 14:05:06 | INFO    | dpfl.core.base_simulator | Round 135/150 | Acc: 0.7937 | Loss: 0.6283 | eps_max: 7.64 eps_avg: 5.89 | P: 0.70 R: 1.00 F1: 0.93
2026-05-06 14:05:06 | DEBUG   | dpfl.core.base_simulator | Update norms — honest: ['0.00', '1.27', '0.75', '1.25', '3.33'], attacker: ['5.63', '6.20', '6.71', '13.49', '7.17']
2026-05-06 14:05:18 | INFO    | dpfl.core.base_simulator | Round 136/150 | Acc: 0.7938 | Loss: 0.6260 | eps_max: 7.68 eps_avg: 5.91 | P: 0.45 R: 1.00 F1: 0.90
2026-05-06 14:05:18 | DEBUG   | dpfl.core.base_simulator | Update norms — honest: ['0.00', '3.42', '1.15', '1.92', '1.95'], attacker: ['5.65', '6.20', '6.79', '13.55', '6.93']
2026-05-06 14:05:31 | INFO    | dpfl.core.base_simulator | Round 137/150 | Acc: 0.7937 | Loss: 0.6279 | eps_max: 7.68 eps_avg: 5.92 | P: 0.68 R: 1.00 F1: 0.95
2026-05-06 14:05:31 | DEBUG   | dpfl.core.base_simulator | Update norms — honest: ['1.48', '1.08', '1.45', '0.80', '1.53'], attacker: ['5.73', '6.24', '6.40', '13.67', '6.55']
2026-05-06 14:05:43 | INFO    | dpfl.core.base_simulator | Round 138/150 | Acc: 0.7936 | Loss: 0.6262 | eps_max: 7.80 eps_avg: 5.95 | P: 0.61 R: 1.00 F1: 0.86
2026-05-06 14:05:43 | DEBUG   | dpfl.core.base_simulator | Update norms — honest: ['0.74', '1.48', '3.02', '1.56', '0.00'], attacker: ['5.56', '6.36', '6.81', '13.97', '6.91']
2026-05-06 14:05:56 | INFO    | dpfl.core.base_simulator | Round 139/150 | Acc: 0.7936 | Loss: 0.6265 | eps_max: 7.80 eps_avg: 5.98 | P: 0.60 R: 1.00 F1: 0.92
2026-05-06 14:05:56 | DEBUG   | dpfl.core.base_simulator | Update norms — honest: ['1.57', '1.15', '1.25', '0.04', '1.39'], attacker: ['5.61', '6.22', '6.94', '13.54', '6.77']
2026-05-06 14:06:08 | INFO    | dpfl.core.base_simulator | Round 140/150 | Acc: 0.7935 | Loss: 0.6282 | eps_max: 7.80 eps_avg: 6.00 | P: 0.61 R: 1.00 F1: 0.92
2026-05-06 14:06:08 | DEBUG   | dpfl.core.base_simulator | Update norms — honest: ['2.71', '1.71', '2.97', '2.27', '1.48'], attacker: ['5.18', '6.25', '6.55', '13.61', '6.21']
2026-05-06 14:06:20 | INFO    | dpfl.core.base_simulator | Round 141/150 | Acc: 0.7936 | Loss: 0.6283 | eps_max: 7.80 eps_avg: 6.02 | P: 0.39 R: 1.00 F1: 0.90
2026-05-06 14:06:20 | DEBUG   | dpfl.core.base_simulator | Update norms — honest: ['1.90', '0.78', '1.56', '1.37', '0.14'], attacker: ['5.89', '6.21', '6.24', '13.80', '7.40']
2026-05-06 14:06:33 | INFO    | dpfl.core.base_simulator | Round 142/150 | Acc: 0.7931 | Loss: 0.6362 | eps_max: 7.92 eps_avg: 6.04 | P: 0.40 R: 1.00 F1: 0.81
2026-05-06 14:06:33 | DEBUG   | dpfl.core.base_simulator | Update norms — honest: ['3.23', '0.71', '2.14', '1.28', '1.43'], attacker: ['5.61', '6.07', '6.89', '13.81', '6.76']
2026-05-06 14:06:45 | INFO    | dpfl.core.base_simulator | Round 143/150 | Acc: 0.7935 | Loss: 0.6422 | eps_max: 7.92 eps_avg: 6.07 | P: 0.66 R: 1.00 F1: 0.87
2026-05-06 14:06:45 | DEBUG   | dpfl.core.base_simulator | Update norms — honest: ['1.63', '0.34', '1.38', '0.22', '0.89'], attacker: ['5.53', '6.32', '6.93', '13.84', '7.13']
2026-05-06 14:06:57 | INFO    | dpfl.core.base_simulator | Round 144/150 | Acc: 0.7935 | Loss: 0.6330 | eps_max: 7.92 eps_avg: 6.09 | P: 0.58 R: 1.00 F1: 0.83
2026-05-06 14:06:57 | DEBUG   | dpfl.core.base_simulator | Update norms — honest: ['1.95', '0.18', '0.25', '0.37', '0.62'], attacker: ['5.75', '5.91', '6.53', '13.60', '6.88']
2026-05-06 14:07:09 | INFO    | dpfl.core.base_simulator | Round 145/150 | Acc: 0.7934 | Loss: 0.6326 | eps_max: 7.92 eps_avg: 6.12 | P: 0.78 R: 1.00 F1: 0.92
2026-05-06 14:07:09 | DEBUG   | dpfl.core.base_simulator | Update norms — honest: ['1.39', '2.29', '0.00', '1.44', '0.84'], attacker: ['5.65', '6.18', '6.89', '13.79', '7.03']
2026-05-06 14:07:22 | INFO    | dpfl.core.base_simulator | Round 146/150 | Acc: 0.7931 | Loss: 0.6462 | eps_max: 7.92 eps_avg: 6.14 | P: 0.38 R: 1.00 F1: 0.84
2026-05-06 14:07:22 | DEBUG   | dpfl.core.base_simulator | Update norms — honest: ['0.46', '0.00', '2.67', '2.07', '0.82'], attacker: ['5.91', '6.43', '6.82', '13.41', '6.67']
2026-05-06 14:07:34 | INFO    | dpfl.core.base_simulator | Round 147/150 | Acc: 0.7933 | Loss: 0.6354 | eps_max: 7.92 eps_avg: 6.17 | P: 0.48 R: 1.00 F1: 0.79
2026-05-06 14:07:34 | DEBUG   | dpfl.core.base_simulator | Update norms — honest: ['0.03', '0.65', '0.44', '0.64', '1.03'], attacker: ['5.42', '5.91', '7.20', '13.56', '6.91']
2026-05-06 14:07:45 | INFO    | dpfl.core.base_simulator | Round 148/150 | Acc: 0.7933 | Loss: 0.6339 | eps_max: 7.92 eps_avg: 6.20 | P: 0.47 R: 1.00 F1: 0.88
2026-05-06 14:07:45 | DEBUG   | dpfl.core.base_simulator | Update norms — honest: ['0.20', '0.00', '2.47', '0.35', '1.81'], attacker: ['5.37', '6.32', '6.68', '13.04', '7.34']
2026-05-06 14:07:48 | INFO    | dpfl.core.base_simulator | Round 149/150 | Acc: 0.7930 | Loss: 0.6357 | eps_max: 7.92 eps_avg: 6.22 | P: 0.70 R: 1.00 F1: 0.94
2026-05-06 14:07:48 | DEBUG   | dpfl.core.base_simulator | Update norms — honest: ['0.00', '2.32', '1.78', '2.69', '1.67'], attacker: ['5.76', '6.19', '6.63', '13.47', '6.84']
2026-05-06 14:08:12 | INFO    | dpfl.core.base_simulator | Round 150/150 | Acc: 0.7930 | Loss: 0.6362 | eps_max: 7.92 eps_avg: 6.23 | P: 0.63 R: 1.00 F1: 0.94
2026-05-06 14:08:12 | DEBUG   | dpfl.core.base_simulator | Update norms — honest: ['2.04', '1.69', '1.29', '0.36', '1.56'], attacker: ['5.47', '6.11', '6.84', '13.64', '7.10']
2026-05-06 14:08:18 | INFO    | dpfl | Experiment complete in 1861.5s
============================================================
REPORT: DP-SGD Decentralized Federated Learning
============================================================
Timestamp:                  20260506_133711
Rounds completed:           150
Attack-active rounds:       100  (from round 50)
Final accuracy:             0.7930
Final test loss:            0.6362
Final epsilon (max honest): 7.92
Final epsilon (avg honest): 6.23
Best alpha:                 1000.0
Avg precision:              0.5535
Avg recall:                 1.0000
Avg F1 score:               0.8854
Avg update norm (honest):   1.0892
Avg update norm (attacker): 103.4128

eps_system (max honest): 7.9224
eps_avg (honest):        6.2336
eps_std (honest):        0.8615
n_frozen:                0/300
============================================================
