2026-05-07 18:06:19 | INFO    | dpfl | Experiment start: algorithm=noise_game, dataset=mnist, model=mlp, device=cuda
2026-05-07 18:06:19 | INFO    | dpfl | Config: nodes=500, attackers=200, rounds=150, noise_mode=none, attack=scale
2026-05-07 18:06:19 | INFO    | dpfl.data.mnist_dataset | Loading MNIST dataset...
2026-05-07 18:06:19 | INFO    | dpfl.data.mnist_dataset | MNIST loaded: 60000 train, 10000 test samples
2026-05-07 18:07:22 | INFO    | dpfl.core.base_simulator | Vectorized state ready: param_spec.D=50890, X_test=(10000, 1, 28, 28), train clients N=500, max_n_samples=1000
2026-05-07 18:07:22 | INFO    | dpfl.core.base_simulator | Setup complete: 500 nodes (200 attackers), param_dim=50890, split=iid
2026-05-07 18:07:22 | DEBUG   | dpfl.core.base_simulator | Attacker IDs: {0, 1, 2, 3, 4, 5, 6, 7, 8, 9, 10, 11, 12, 13, 14, 15, 16, 17, 18, 19, 20, 21, 22, 23, 24, 25, 26, 27, 28, 29, 30, 31, 32, 33, 34, 35, 36, 37, 38, 39, 40, 41, 42, 43, 44, 45, 46, 47, 48, 49, 50, 51, 52, 53, 54, 55, 56, 57, 58, 59, 60, 61, 62, 63, 64, 65, 66, 67, 68, 69, 70, 71, 72, 73, 74, 75, 76, 77, 78, 79, 80, 81, 82, 83, 84, 85, 86, 87, 88, 89, 90, 91, 92, 93, 94, 95, 96, 97, 98, 99, 100, 101, 102, 103, 104, 105, 106, 107, 108, 109, 110, 111, 112, 113, 114, 115, 116, 117, 118, 119, 120, 121, 122, 123, 124, 125, 126, 127, 128, 129, 130, 131, 132, 133, 134, 135, 136, 137, 138, 139, 140, 141, 142, 143, 144, 145, 146, 147, 148, 149, 150, 151, 152, 153, 154, 155, 156, 157, 158, 159, 160, 161, 162, 163, 164, 165, 166, 167, 168, 169, 170, 171, 172, 173, 174, 175, 176, 177, 178, 179, 180, 181, 182, 183, 184, 185, 186, 187, 188, 189, 190, 191, 192, 193, 194, 195, 196, 197, 198, 199}
2026-05-07 18:07:29 | INFO    | dpfl.core.base_simulator | Round   1/150 | Acc: 0.3748 | Loss: 2.1050 | eps_max: 1.91 eps_avg: 0.79 | P: 0.00 R: nan F1: nan
2026-05-07 18:07:29 | DEBUG   | dpfl.core.base_simulator | Update norms — honest: ['9.59', '9.61', '9.66', '9.64', '9.68'], attacker: ['9.61', '9.67', '9.69', '9.65', '9.62']
2026-05-07 18:07:34 | INFO    | dpfl.core.base_simulator | Round   2/150 | Acc: 0.5342 | Loss: 1.9068 | eps_max: 1.96 eps_avg: 0.85 | P: 0.00 R: nan F1: nan
2026-05-07 18:07:34 | DEBUG   | dpfl.core.base_simulator | Update norms — honest: ['9.63', '9.52', '9.56', '9.54', '9.52'], attacker: ['4.30', '4.27', '4.66', '5.02', '4.42']
2026-05-07 18:07:41 | INFO    | dpfl.core.base_simulator | Round   3/150 | Acc: 0.6195 | Loss: 1.7054 | eps_max: 2.01 eps_avg: 0.92 | P: 0.00 R: nan F1: nan
2026-05-07 18:07:41 | DEBUG   | dpfl.core.base_simulator | Update norms — honest: ['9.45', '9.42', '9.45', '9.49', '9.45'], attacker: ['9.01', '9.23', '9.33', '8.76', '9.30']
2026-05-07 18:07:47 | INFO    | dpfl.core.base_simulator | Round   4/150 | Acc: 0.6686 | Loss: 1.5161 | eps_max: 2.04 eps_avg: 1.01 | P: 0.00 R: nan F1: nan
2026-05-07 18:07:47 | DEBUG   | dpfl.core.base_simulator | Update norms — honest: ['9.39', '9.30', '9.37', '9.32', '9.40'], attacker: ['9.23', '9.16', '9.27', '9.17', '9.16']
2026-05-07 18:07:54 | INFO    | dpfl.core.base_simulator | Round   5/150 | Acc: 0.7130 | Loss: 1.3332 | eps_max: 2.11 eps_avg: 1.07 | P: 0.00 R: nan F1: nan
2026-05-07 18:07:54 | DEBUG   | dpfl.core.base_simulator | Update norms — honest: ['9.28', '9.19', '9.26', '9.26', '9.22'], attacker: ['7.96', '8.42', '8.95', '8.43', '8.75']
2026-05-07 18:08:01 | INFO    | dpfl.core.base_simulator | Round   6/150 | Acc: 0.7492 | Loss: 1.1723 | eps_max: 2.24 eps_avg: 1.12 | P: 0.00 R: nan F1: nan
2026-05-07 18:08:01 | DEBUG   | dpfl.core.base_simulator | Update norms — honest: ['9.16', '5.11', '6.11', '9.14', '6.18'], attacker: ['8.51', '8.70', '9.14', '8.80', '9.21']
2026-05-07 18:08:08 | INFO    | dpfl.core.base_simulator | Round   7/150 | Acc: 0.7685 | Loss: 1.0506 | eps_max: 2.29 eps_avg: 1.19 | P: 0.00 R: nan F1: nan
2026-05-07 18:08:08 | DEBUG   | dpfl.core.base_simulator | Update norms — honest: ['6.47', '9.05', '6.21', '9.08', '9.06'], attacker: ['9.02', '9.37', '8.38', '8.98', '9.06']
2026-05-07 18:08:15 | INFO    | dpfl.core.base_simulator | Round   8/150 | Acc: 0.7800 | Loss: 0.9603 | eps_max: 2.46 eps_avg: 1.29 | P: 0.00 R: nan F1: nan
2026-05-07 18:08:15 | DEBUG   | dpfl.core.base_simulator | Update norms — honest: ['8.99', '5.92', '6.38', '9.00', '8.98'], attacker: ['9.06', '9.29', '8.83', '9.06', '9.14']
2026-05-07 18:08:23 | INFO    | dpfl.core.base_simulator | Round   9/150 | Acc: 0.7890 | Loss: 0.8860 | eps_max: 2.52 eps_avg: 1.41 | P: 0.00 R: nan F1: nan
2026-05-07 18:08:23 | DEBUG   | dpfl.core.base_simulator | Update norms — honest: ['8.91', '8.89', '5.18', '9.58', '8.89'], attacker: ['8.68', '8.93', '8.98', '9.15', '8.78']
2026-05-07 18:08:30 | INFO    | dpfl.core.base_simulator | Round  10/150 | Acc: 0.7996 | Loss: 0.8216 | eps_max: 2.55 eps_avg: 1.47 | P: 0.00 R: nan F1: nan
2026-05-07 18:08:30 | DEBUG   | dpfl.core.base_simulator | Update norms — honest: ['6.57', '8.74', '5.66', '8.75', '5.98'], attacker: ['8.76', '9.06', '8.55', '9.28', '8.51']
2026-05-07 18:08:38 | INFO    | dpfl.core.base_simulator | Round  11/150 | Acc: 0.8055 | Loss: 0.7747 | eps_max: 2.59 eps_avg: 1.55 | P: 0.00 R: nan F1: nan
2026-05-07 18:08:38 | DEBUG   | dpfl.core.base_simulator | Update norms — honest: ['8.73', '8.72', '6.98', '8.79', '8.76'], attacker: ['8.52', '7.93', '8.45', '9.09', '8.74']
2026-05-07 18:08:45 | INFO    | dpfl.core.base_simulator | Round  12/150 | Acc: 0.8117 | Loss: 0.7352 | eps_max: 2.64 eps_avg: 1.61 | P: 0.00 R: nan F1: nan
2026-05-07 18:08:45 | DEBUG   | dpfl.core.base_simulator | Update norms — honest: ['8.64', '5.33', '7.00', '8.64', '8.97'], attacker: ['7.66', '7.95', '8.62', '8.74', '8.20']
2026-05-07 18:08:52 | INFO    | dpfl.core.base_simulator | Round  13/150 | Acc: 0.8193 | Loss: 0.6960 | eps_max: 2.67 eps_avg: 1.65 | P: 0.00 R: nan F1: nan
2026-05-07 18:08:52 | DEBUG   | dpfl.core.base_simulator | Update norms — honest: ['8.25', '8.52', '6.21', '8.03', '6.51'], attacker: ['8.19', '8.33', '8.71', '8.97', '8.58']
2026-05-07 18:08:59 | INFO    | dpfl.core.base_simulator | Round  14/150 | Acc: 0.8218 | Loss: 0.6732 | eps_max: 2.71 eps_avg: 1.69 | P: 0.00 R: nan F1: nan
2026-05-07 18:08:59 | DEBUG   | dpfl.core.base_simulator | Update norms — honest: ['5.68', '6.94', '8.48', '8.45', '6.15'], attacker: ['8.12', '8.59', '8.76', '8.84', '8.83']
2026-05-07 18:09:06 | INFO    | dpfl.core.base_simulator | Round  15/150 | Acc: 0.8274 | Loss: 0.6472 | eps_max: 2.75 eps_avg: 1.72 | P: 0.00 R: nan F1: nan
2026-05-07 18:09:06 | DEBUG   | dpfl.core.base_simulator | Update norms — honest: ['5.72', '8.41', '8.19', '8.45', '8.37'], attacker: ['8.64', '8.95', '8.90', '8.93', '8.47']
2026-05-07 18:09:13 | INFO    | dpfl.core.base_simulator | Round  16/150 | Acc: 0.8282 | Loss: 0.6317 | eps_max: 2.82 eps_avg: 1.77 | P: 0.00 R: nan F1: nan
2026-05-07 18:09:13 | DEBUG   | dpfl.core.base_simulator | Update norms — honest: ['5.72', '6.72', '7.30', '7.24', '8.27'], attacker: ['8.62', '8.65', '8.68', '8.38', '7.70']
2026-05-07 18:09:20 | INFO    | dpfl.core.base_simulator | Round  17/150 | Acc: 0.8332 | Loss: 0.6083 | eps_max: 2.91 eps_avg: 1.80 | P: 0.00 R: nan F1: nan
2026-05-07 18:09:20 | DEBUG   | dpfl.core.base_simulator | Update norms — honest: ['6.53', '9.01', '7.06', '8.25', '8.36'], attacker: ['7.74', '8.58', '7.80', '8.00', '8.16']
2026-05-07 18:09:28 | INFO    | dpfl.core.base_simulator | Round  18/150 | Acc: 0.8342 | Loss: 0.5952 | eps_max: 2.98 eps_avg: 1.87 | P: 0.00 R: nan F1: nan
2026-05-07 18:09:28 | DEBUG   | dpfl.core.base_simulator | Update norms — honest: ['5.18', '3.30', '8.14', '6.88', '6.22'], attacker: ['7.80', '8.34', '7.71', '8.29', '8.32']
2026-05-07 18:09:35 | INFO    | dpfl.core.base_simulator | Round  19/150 | Acc: 0.8362 | Loss: 0.5838 | eps_max: 3.05 eps_avg: 1.92 | P: 0.00 R: nan F1: nan
2026-05-07 18:09:35 | DEBUG   | dpfl.core.base_simulator | Update norms — honest: ['8.07', '7.00', '8.04', '6.31', '8.05'], attacker: ['8.42', '8.81', '8.30', '9.06', '7.54']
2026-05-07 18:09:42 | INFO    | dpfl.core.base_simulator | Round  20/150 | Acc: 0.8388 | Loss: 0.5708 | eps_max: 3.11 eps_avg: 1.97 | P: 0.00 R: nan F1: nan
2026-05-07 18:09:42 | DEBUG   | dpfl.core.base_simulator | Update norms — honest: ['6.36', '8.50', '6.78', '4.95', '8.01'], attacker: ['7.73', '8.25', '7.71', '8.63', '6.86']
2026-05-07 18:09:50 | INFO    | dpfl.core.base_simulator | Round  21/150 | Acc: 0.8404 | Loss: 0.5599 | eps_max: 3.19 eps_avg: 2.02 | P: 0.00 R: nan F1: nan
2026-05-07 18:09:50 | DEBUG   | dpfl.core.base_simulator | Update norms — honest: ['7.91', '7.88', '6.85', '4.90', '4.37'], attacker: ['8.54', '9.02', '8.57', '8.15', '7.94']
2026-05-07 18:09:57 | INFO    | dpfl.core.base_simulator | Round  22/150 | Acc: 0.8421 | Loss: 0.5505 | eps_max: 3.29 eps_avg: 2.06 | P: 0.00 R: nan F1: nan
2026-05-07 18:09:57 | DEBUG   | dpfl.core.base_simulator | Update norms — honest: ['7.92', '5.82', '4.33', '5.24', '7.83'], attacker: ['7.99', '8.66', '8.34', '7.62', '7.67']
2026-05-07 18:10:04 | INFO    | dpfl.core.base_simulator | Round  23/150 | Acc: 0.8418 | Loss: 0.5477 | eps_max: 3.39 eps_avg: 2.10 | P: 0.00 R: nan F1: nan
2026-05-07 18:10:04 | DEBUG   | dpfl.core.base_simulator | Update norms — honest: ['5.81', '4.41', '6.09', '6.30', '5.76'], attacker: ['7.64', '8.51', '8.18', '7.78', '6.80']
2026-05-07 18:10:12 | INFO    | dpfl.core.base_simulator | Round  24/150 | Acc: 0.8435 | Loss: 0.5407 | eps_max: 3.52 eps_avg: 2.16 | P: 0.00 R: nan F1: nan
2026-05-07 18:10:12 | DEBUG   | dpfl.core.base_simulator | Update norms — honest: ['7.18', '3.98', '8.14', '6.06', '7.67'], attacker: ['7.35', '8.40', '7.76', '8.62', '7.18']
2026-05-07 18:10:19 | INFO    | dpfl.core.base_simulator | Round  25/150 | Acc: 0.8447 | Loss: 0.5334 | eps_max: 3.58 eps_avg: 2.21 | P: 0.00 R: nan F1: nan
2026-05-07 18:10:19 | DEBUG   | dpfl.core.base_simulator | Update norms — honest: ['7.24', '6.27', '7.59', '5.66', '5.75'], attacker: ['7.56', '7.99', '7.22', '7.87', '6.68']
2026-05-07 18:10:27 | INFO    | dpfl.core.base_simulator | Round  26/150 | Acc: 0.8453 | Loss: 0.5283 | eps_max: 3.61 eps_avg: 2.28 | P: 0.00 R: nan F1: nan
2026-05-07 18:10:27 | DEBUG   | dpfl.core.base_simulator | Update norms — honest: ['7.55', '5.64', '5.93', '6.88', '7.52'], attacker: ['7.20', '7.87', '6.94', '7.77', '5.65']
2026-05-07 18:10:34 | INFO    | dpfl.core.base_simulator | Round  27/150 | Acc: 0.8463 | Loss: 0.5229 | eps_max: 3.64 eps_avg: 2.33 | P: 0.00 R: nan F1: nan
2026-05-07 18:10:34 | DEBUG   | dpfl.core.base_simulator | Update norms — honest: ['6.39', '3.55', '5.26', '7.48', '7.43'], attacker: ['7.86', '7.57', '7.50', '7.78', '7.20']
2026-05-07 18:10:42 | INFO    | dpfl.core.base_simulator | Round  28/150 | Acc: 0.8463 | Loss: 0.5209 | eps_max: 3.66 eps_avg: 2.38 | P: 0.00 R: nan F1: nan
2026-05-07 18:10:42 | DEBUG   | dpfl.core.base_simulator | Update norms — honest: ['4.64', '7.33', '7.41', '6.43', '7.65'], attacker: ['7.97', '8.37', '6.26', '8.35', '7.37']
2026-05-07 18:10:49 | INFO    | dpfl.core.base_simulator | Round  29/150 | Acc: 0.8464 | Loss: 0.5189 | eps_max: 3.68 eps_avg: 2.43 | P: 0.00 R: nan F1: nan
2026-05-07 18:10:49 | DEBUG   | dpfl.core.base_simulator | Update norms — honest: ['8.22', '7.30', '8.35', '6.21', '5.91'], attacker: ['7.51', '7.63', '5.90', '7.74', '6.87']
2026-05-07 18:10:57 | INFO    | dpfl.core.base_simulator | Round  30/150 | Acc: 0.8470 | Loss: 0.5149 | eps_max: 3.71 eps_avg: 2.47 | P: 0.00 R: nan F1: nan
2026-05-07 18:10:57 | DEBUG   | dpfl.core.base_simulator | Update norms — honest: ['3.46', '8.22', '5.38', '8.38', '7.20'], attacker: ['6.95', '6.35', '5.12', '5.99', '6.47']
2026-05-07 18:11:04 | INFO    | dpfl.core.base_simulator | Round  31/150 | Acc: 0.8464 | Loss: 0.5146 | eps_max: 3.76 eps_avg: 2.53 | P: 0.00 R: nan F1: nan
2026-05-07 18:11:04 | DEBUG   | dpfl.core.base_simulator | Update norms — honest: ['5.36', '3.85', '4.02', '7.15', '3.07'], attacker: ['7.12', '7.08', '4.86', '7.04', '5.58']
2026-05-07 18:11:12 | INFO    | dpfl.core.base_simulator | Round  32/150 | Acc: 0.8474 | Loss: 0.5125 | eps_max: 3.78 eps_avg: 2.57 | P: 0.00 R: nan F1: nan
2026-05-07 18:11:12 | DEBUG   | dpfl.core.base_simulator | Update norms — honest: ['5.29', '2.24', '6.51', '7.04', '8.40'], attacker: ['6.60', '7.15', '6.80', '7.07', '5.27']
2026-05-07 18:11:19 | INFO    | dpfl.core.base_simulator | Round  33/150 | Acc: 0.8468 | Loss: 0.5127 | eps_max: 3.82 eps_avg: 2.62 | P: 0.00 R: nan F1: nan
2026-05-07 18:11:19 | DEBUG   | dpfl.core.base_simulator | Update norms — honest: ['7.00', '7.02', '6.61', '5.53', '7.33'], attacker: ['6.17', '5.30', '7.25', '6.06', '4.87']
2026-05-07 18:11:27 | INFO    | dpfl.core.base_simulator | Round  34/150 | Acc: 0.8489 | Loss: 0.5056 | eps_max: 3.85 eps_avg: 2.66 | P: 0.00 R: nan F1: nan
2026-05-07 18:11:27 | DEBUG   | dpfl.core.base_simulator | Update norms — honest: ['6.69', '3.68', '6.91', '5.08', '6.95'], attacker: ['6.44', '4.66', '6.48', '5.99', '5.29']
2026-05-07 18:11:34 | INFO    | dpfl.core.base_simulator | Round  35/150 | Acc: 0.8467 | Loss: 0.5119 | eps_max: 3.88 eps_avg: 2.70 | P: 0.00 R: nan F1: nan
2026-05-07 18:11:34 | DEBUG   | dpfl.core.base_simulator | Update norms — honest: ['6.06', '6.53', '6.83', '5.25', '4.43'], attacker: ['4.95', '6.49', '5.81', '6.17', '4.34']
2026-05-07 18:11:42 | INFO    | dpfl.core.base_simulator | Round  36/150 | Acc: 0.8480 | Loss: 0.5080 | eps_max: 3.91 eps_avg: 2.73 | P: 0.00 R: nan F1: nan
2026-05-07 18:11:42 | DEBUG   | dpfl.core.base_simulator | Update norms — honest: ['5.90', '5.06', '7.62', '6.57', '6.81'], attacker: ['5.68', '5.58', '5.73', '6.01', '4.22']
2026-05-07 18:11:49 | INFO    | dpfl.core.base_simulator | Round  37/150 | Acc: 0.8490 | Loss: 0.5038 | eps_max: 3.94 eps_avg: 2.77 | P: 0.00 R: nan F1: nan
2026-05-07 18:11:49 | DEBUG   | dpfl.core.base_simulator | Update norms — honest: ['6.74', '3.42', '6.69', '4.62', '6.39'], attacker: ['5.64', '6.13', '4.85', '5.77', '4.87']
2026-05-07 18:11:56 | INFO    | dpfl.core.base_simulator | Round  38/150 | Acc: 0.8497 | Loss: 0.5018 | eps_max: 3.97 eps_avg: 2.81 | P: 0.00 R: nan F1: nan
2026-05-07 18:11:56 | DEBUG   | dpfl.core.base_simulator | Update norms — honest: ['6.45', '3.58', '4.75', '6.89', '5.40'], attacker: ['5.50', '5.87', '5.72', '5.48', '5.71']
2026-05-07 18:12:04 | INFO    | dpfl.core.base_simulator | Round  39/150 | Acc: 0.8479 | Loss: 0.5072 | eps_max: 4.00 eps_avg: 2.84 | P: 0.00 R: nan F1: nan
2026-05-07 18:12:04 | DEBUG   | dpfl.core.base_simulator | Update norms — honest: ['2.09', '5.45', '6.82', '4.20', '4.88'], attacker: ['3.92', '5.21', '5.36', '5.54', '6.47']
2026-05-07 18:12:12 | INFO    | dpfl.core.base_simulator | Round  40/150 | Acc: 0.8488 | Loss: 0.5041 | eps_max: 4.05 eps_avg: 2.87 | P: 0.00 R: nan F1: nan
2026-05-07 18:12:12 | DEBUG   | dpfl.core.base_simulator | Update norms — honest: ['6.90', '6.48', '6.52', '6.58', '2.77'], attacker: ['5.31', '6.38', '6.05', '6.06', '5.73']
2026-05-07 18:12:19 | INFO    | dpfl.core.base_simulator | Round  41/150 | Acc: 0.8488 | Loss: 0.5049 | eps_max: 4.09 eps_avg: 2.90 | P: 0.00 R: nan F1: nan
2026-05-07 18:12:19 | DEBUG   | dpfl.core.base_simulator | Update norms — honest: ['7.40', '6.16', '6.05', '5.90', '6.02'], attacker: ['6.34', '6.17', '5.51', '5.26', '4.96']
2026-05-07 18:12:27 | INFO    | dpfl.core.base_simulator | Round  42/150 | Acc: 0.8451 | Loss: 0.5179 | eps_max: 4.13 eps_avg: 2.92 | P: 0.00 R: nan F1: nan
2026-05-07 18:12:27 | DEBUG   | dpfl.core.base_simulator | Update norms — honest: ['6.52', '5.38', '6.25', '6.23', '4.02'], attacker: ['5.65', '6.09', '5.70', '5.51', '4.87']
2026-05-07 18:12:34 | INFO    | dpfl.core.base_simulator | Round  43/150 | Acc: 0.8464 | Loss: 0.5131 | eps_max: 4.25 eps_avg: 2.96 | P: 0.00 R: nan F1: nan
2026-05-07 18:12:34 | DEBUG   | dpfl.core.base_simulator | Update norms — honest: ['8.47', '6.94', '5.54', '6.25', '5.48'], attacker: ['4.89', '6.38', '4.28', '5.92', '3.68']
2026-05-07 18:12:42 | INFO    | dpfl.core.base_simulator | Round  44/150 | Acc: 0.8457 | Loss: 0.5169 | eps_max: 4.34 eps_avg: 3.01 | P: 0.00 R: nan F1: nan
2026-05-07 18:12:42 | DEBUG   | dpfl.core.base_simulator | Update norms — honest: ['3.13', '7.29', '6.71', '5.44', '5.59'], attacker: ['4.37', '5.23', '4.45', '4.19', '3.43']
2026-05-07 18:12:50 | INFO    | dpfl.core.base_simulator | Round  45/150 | Acc: 0.8460 | Loss: 0.5171 | eps_max: 4.44 eps_avg: 3.05 | P: 0.00 R: nan F1: nan
2026-05-07 18:12:50 | DEBUG   | dpfl.core.base_simulator | Update norms — honest: ['6.40', '6.22', '2.39', '4.90', '4.71'], attacker: ['5.68', '5.95', '5.37', '3.56', '2.83']
2026-05-07 18:12:57 | INFO    | dpfl.core.base_simulator | Round  46/150 | Acc: 0.8444 | Loss: 0.5242 | eps_max: 4.45 eps_avg: 3.07 | P: 0.00 R: nan F1: nan
2026-05-07 18:12:57 | DEBUG   | dpfl.core.base_simulator | Update norms — honest: ['6.29', '6.52', '7.71', '5.11', '6.84'], attacker: ['4.13', '5.29', '3.16', '3.20', '2.75']
2026-05-07 18:13:05 | INFO    | dpfl.core.base_simulator | Round  47/150 | Acc: 0.8462 | Loss: 0.5200 | eps_max: 4.64 eps_avg: 3.10 | P: 0.00 R: nan F1: nan
2026-05-07 18:13:05 | DEBUG   | dpfl.core.base_simulator | Update norms — honest: ['5.85', '8.66', '6.53', '6.61', '5.97'], attacker: ['3.36', '5.28', '2.96', '3.71', '3.24']
2026-05-07 18:13:12 | INFO    | dpfl.core.base_simulator | Round  48/150 | Acc: 0.8447 | Loss: 0.5284 | eps_max: 4.75 eps_avg: 3.14 | P: 0.00 R: nan F1: nan
2026-05-07 18:13:12 | DEBUG   | dpfl.core.base_simulator | Update norms — honest: ['4.76', '7.57', '7.09', '6.02', '6.64'], attacker: ['4.89', '5.40', '2.90', '4.14', '3.78']
2026-05-07 18:13:20 | INFO    | dpfl.core.base_simulator | Round  49/150 | Acc: 0.8457 | Loss: 0.5247 | eps_max: 4.75 eps_avg: 3.15 | P: 0.00 R: nan F1: nan
2026-05-07 18:13:20 | DEBUG   | dpfl.core.base_simulator | Update norms — honest: ['4.13', '7.46', '5.29', '5.20', '4.38'], attacker: ['3.97', '3.47', '3.85', '2.30', '2.57']
2026-05-07 18:13:27 | INFO    | dpfl.core.base_simulator | Round  50/150 | Acc: 0.8459 | Loss: 0.5267 | eps_max: 4.75 eps_avg: 3.17 | P: 0.00 R: nan F1: nan
2026-05-07 18:13:27 | DEBUG   | dpfl.core.base_simulator | Update norms — honest: ['6.28', '4.53', '4.49', '6.23', '6.98'], attacker: ['3.65', '2.51', '2.59', '2.76', '3.05']
2026-05-07 18:13:30 | INFO    | dpfl.core.base_simulator | Round  51/150 | Acc: 0.8276 | Loss: 0.7691 | eps_max: 5.07 eps_avg: 2.69 | P: 0.66 R: 0.97 F1: 0.84
2026-05-07 18:13:30 | DEBUG   | dpfl.core.base_simulator | Update norms — honest: ['6.56', '5.14', '6.59', '8.38', '5.85'], attacker: ['5.00', '5.41', '5.10', '4.94', '4.43']
2026-05-07 18:13:32 | INFO    | dpfl.core.base_simulator | Round  52/150 | Acc: 0.8428 | Loss: 0.5436 | eps_max: 5.19 eps_avg: 2.73 | P: 0.60 R: 1.00 F1: 0.97
2026-05-07 18:13:32 | DEBUG   | dpfl.core.base_simulator | Update norms — honest: ['5.22', '8.31', '6.60', '5.31', '6.09'], attacker: ['9.61', '11.81', '10.15', '10.77', '18.51']
2026-05-07 18:13:35 | INFO    | dpfl.core.base_simulator | Round  53/150 | Acc: 0.8436 | Loss: 0.5427 | eps_max: 5.19 eps_avg: 2.78 | P: 0.58 R: 1.00 F1: 0.90
2026-05-07 18:13:35 | DEBUG   | dpfl.core.base_simulator | Update norms — honest: ['5.79', '4.68', '7.25', '5.77', '6.68'], attacker: ['9.45', '11.57', '10.56', '11.11', '19.64']
2026-05-07 18:13:37 | INFO    | dpfl.core.base_simulator | Round  54/150 | Acc: 0.8451 | Loss: 0.5361 | eps_max: 5.19 eps_avg: 2.81 | P: 0.68 R: 1.00 F1: 0.90
2026-05-07 18:13:37 | DEBUG   | dpfl.core.base_simulator | Update norms — honest: ['3.81', '6.71', '3.63', '5.77', '4.75'], attacker: ['9.66', '10.87', '9.88', '11.11', '19.15']
2026-05-07 18:13:40 | INFO    | dpfl.core.base_simulator | Round  55/150 | Acc: 0.8448 | Loss: 0.5390 | eps_max: 5.19 eps_avg: 2.85 | P: 0.55 R: 1.00 F1: 0.91
2026-05-07 18:13:40 | DEBUG   | dpfl.core.base_simulator | Update norms — honest: ['7.55', '6.62', '3.22', '8.60', '6.25'], attacker: ['33.40', '32.93', '32.49', '31.28', '37.37']
2026-05-07 18:13:42 | INFO    | dpfl.core.base_simulator | Round  56/150 | Acc: 0.8454 | Loss: 0.5369 | eps_max: 5.19 eps_avg: 2.88 | P: 0.61 R: 1.00 F1: 0.93
2026-05-07 18:13:42 | DEBUG   | dpfl.core.base_simulator | Update norms — honest: ['8.38', '6.74', '1.73', '7.15', '5.05'], attacker: ['33.00', '33.72', '34.39', '31.56', '39.15']
2026-05-07 18:13:45 | INFO    | dpfl.core.base_simulator | Round  57/150 | Acc: 0.8464 | Loss: 0.5332 | eps_max: 5.39 eps_avg: 2.92 | P: 0.63 R: 1.00 F1: 0.94
2026-05-07 18:13:45 | DEBUG   | dpfl.core.base_simulator | Update norms — honest: ['4.43', '4.63', '8.79', '6.83', '5.22'], attacker: ['33.67', '34.27', '33.84', '31.27', '38.31']
2026-05-07 18:13:48 | INFO    | dpfl.core.base_simulator | Round  58/150 | Acc: 0.8447 | Loss: 0.5390 | eps_max: 5.39 eps_avg: 3.02 | P: 0.35 R: 1.00 F1: 0.84
2026-05-07 18:13:48 | DEBUG   | dpfl.core.base_simulator | Update norms — honest: ['7.26', '4.90', '5.18', '6.87', '4.96'], attacker: ['34.49', '33.49', '32.07', '32.20', '38.11']
2026-05-07 18:13:50 | INFO    | dpfl.core.base_simulator | Round  59/150 | Acc: 0.8435 | Loss: 0.5443 | eps_max: 5.39 eps_avg: 3.11 | P: 0.48 R: 1.00 F1: 0.90
2026-05-07 18:13:50 | DEBUG   | dpfl.core.base_simulator | Update norms — honest: ['7.27', '7.14', '5.79', '5.80', '7.02'], attacker: ['34.47', '35.67', '33.77', '32.63', '39.31']
2026-05-07 18:13:53 | INFO    | dpfl.core.base_simulator | Round  60/150 | Acc: 0.8439 | Loss: 0.5435 | eps_max: 5.39 eps_avg: 3.16 | P: 0.51 R: 1.00 F1: 0.91
2026-05-07 18:13:53 | DEBUG   | dpfl.core.base_simulator | Update norms — honest: ['6.03', '5.99', '2.58', '5.48', '4.12'], attacker: ['33.20', '33.73', '34.21', '31.50', '38.42']
2026-05-07 18:13:55 | INFO    | dpfl.core.base_simulator | Round  61/150 | Acc: 0.8439 | Loss: 0.5464 | eps_max: 5.39 eps_avg: 3.19 | P: 0.67 R: 1.00 F1: 0.94
2026-05-07 18:13:55 | DEBUG   | dpfl.core.base_simulator | Update norms — honest: ['8.79', '1.96', '5.26', '7.44', '5.80'], attacker: ['33.32', '33.22', '33.06', '31.32', '37.93']
2026-05-07 18:13:58 | INFO    | dpfl.core.base_simulator | Round  62/150 | Acc: 0.8433 | Loss: 0.5512 | eps_max: 5.39 eps_avg: 3.24 | P: 0.43 R: 1.00 F1: 0.84
2026-05-07 18:13:58 | DEBUG   | dpfl.core.base_simulator | Update norms — honest: ['5.07', '5.78', '5.96', '5.59', '5.86'], attacker: ['33.96', '34.64', '33.32', '32.02', '37.41']
2026-05-07 18:14:01 | INFO    | dpfl.core.base_simulator | Round  63/150 | Acc: 0.8429 | Loss: 0.5541 | eps_max: 5.39 eps_avg: 3.31 | P: 0.55 R: 1.00 F1: 0.93
2026-05-07 18:14:01 | DEBUG   | dpfl.core.base_simulator | Update norms — honest: ['5.42', '5.80', '8.31', '4.82', '6.11'], attacker: ['32.30', '31.59', '32.94', '31.17', '37.52']
2026-05-07 18:14:03 | INFO    | dpfl.core.base_simulator | Round  64/150 | Acc: 0.8418 | Loss: 0.5591 | eps_max: 5.39 eps_avg: 3.36 | P: 0.56 R: 1.00 F1: 0.89
2026-05-07 18:14:03 | DEBUG   | dpfl.core.base_simulator | Update norms — honest: ['4.22', '5.21', '4.38', '0.88', '4.53'], attacker: ['33.12', '33.79', '32.93', '31.29', '39.29']
2026-05-07 18:14:06 | INFO    | dpfl.core.base_simulator | Round  65/150 | Acc: 0.8412 | Loss: 0.5668 | eps_max: 5.39 eps_avg: 3.42 | P: 0.72 R: 1.00 F1: 0.92
2026-05-07 18:14:06 | DEBUG   | dpfl.core.base_simulator | Update norms — honest: ['5.30', '7.80', '5.24', '5.86', '4.30'], attacker: ['33.41', '31.79', '32.11', '31.38', '39.70']
2026-05-07 18:14:09 | INFO    | dpfl.core.base_simulator | Round  66/150 | Acc: 0.8404 | Loss: 0.5709 | eps_max: 5.48 eps_avg: 3.46 | P: 0.64 R: 1.00 F1: 0.89
2026-05-07 18:14:09 | DEBUG   | dpfl.core.base_simulator | Update norms — honest: ['3.39', '5.28', '6.35', '5.47', '4.07'], attacker: ['33.88', '33.63', '32.53', '31.09', '38.40']
2026-05-07 18:14:11 | INFO    | dpfl.core.base_simulator | Round  67/150 | Acc: 0.8402 | Loss: 0.5744 | eps_max: 5.48 eps_avg: 3.49 | P: 0.51 R: 1.00 F1: 0.89
2026-05-07 18:14:11 | DEBUG   | dpfl.core.base_simulator | Update norms — honest: ['3.64', '6.64', '5.77', '6.06', '3.65'], attacker: ['34.86', '31.97', '31.87', '31.31', '38.85']
2026-05-07 18:14:14 | INFO    | dpfl.core.base_simulator | Round  68/150 | Acc: 0.8395 | Loss: 0.5787 | eps_max: 5.48 eps_avg: 3.59 | P: 0.45 R: 1.00 F1: 0.84
2026-05-07 18:14:14 | DEBUG   | dpfl.core.base_simulator | Update norms — honest: ['5.78', '5.68', '6.63', '2.79', '5.21'], attacker: ['33.56', '32.27', '33.53', '31.23', '37.95']
2026-05-07 18:14:17 | INFO    | dpfl.core.base_simulator | Round  69/150 | Acc: 0.8387 | Loss: 0.5874 | eps_max: 5.73 eps_avg: 3.67 | P: 0.57 R: 1.00 F1: 0.83
2026-05-07 18:14:17 | DEBUG   | dpfl.core.base_simulator | Update norms — honest: ['5.76', '5.99', '5.18', '7.77', '5.35'], attacker: ['33.20', '33.10', '32.57', '32.47', '38.03']
2026-05-07 18:14:19 | INFO    | dpfl.core.base_simulator | Round  70/150 | Acc: 0.8405 | Loss: 0.5799 | eps_max: 5.73 eps_avg: 3.71 | P: 0.44 R: 1.00 F1: 0.99
2026-05-07 18:14:19 | DEBUG   | dpfl.core.base_simulator | Update norms — honest: ['1.46', '4.42', '4.79', '4.98', '3.81'], attacker: ['34.18', '33.46', '33.02', '31.06', '39.40']
2026-05-07 18:14:22 | INFO    | dpfl.core.base_simulator | Round  71/150 | Acc: 0.8412 | Loss: 0.5791 | eps_max: 5.73 eps_avg: 3.74 | P: 0.33 R: 1.00 F1: 0.94
2026-05-07 18:14:22 | DEBUG   | dpfl.core.base_simulator | Update norms — honest: ['6.65', '7.20', '7.02', '5.96', '6.83'], attacker: ['33.66', '32.64', '33.12', '30.94', '39.48']
2026-05-07 18:14:24 | INFO    | dpfl.core.base_simulator | Round  72/150 | Acc: 0.8409 | Loss: 0.5808 | eps_max: 5.95 eps_avg: 3.78 | P: 0.57 R: 1.00 F1: 0.79
2026-05-07 18:14:24 | DEBUG   | dpfl.core.base_simulator | Update norms — honest: ['4.48', '5.37', '5.12', '7.81', '3.62'], attacker: ['32.90', '33.10', '32.21', '31.02', '39.22']
2026-05-07 18:14:27 | INFO    | dpfl.core.base_simulator | Round  73/150 | Acc: 0.8407 | Loss: 0.5844 | eps_max: 5.95 eps_avg: 3.83 | P: 0.48 R: 1.00 F1: 0.95
2026-05-07 18:14:27 | DEBUG   | dpfl.core.base_simulator | Update norms — honest: ['5.58', '6.14', '4.25', '5.95', '6.82'], attacker: ['34.17', '32.18', '32.66', '30.79', '39.67']
2026-05-07 18:14:29 | INFO    | dpfl.core.base_simulator | Round  74/150 | Acc: 0.8392 | Loss: 0.5950 | eps_max: 5.95 eps_avg: 3.91 | P: 0.51 R: 1.00 F1: 0.91
2026-05-07 18:14:29 | DEBUG   | dpfl.core.base_simulator | Update norms — honest: ['6.28', '7.12', '5.01', '6.61', '4.57'], attacker: ['33.76', '31.66', '32.54', '30.43', '39.21']
2026-05-07 18:14:32 | INFO    | dpfl.core.base_simulator | Round  75/150 | Acc: 0.8393 | Loss: 0.5965 | eps_max: 5.95 eps_avg: 3.97 | P: 0.69 R: 1.00 F1: 0.88
2026-05-07 18:14:32 | DEBUG   | dpfl.core.base_simulator | Update norms — honest: ['3.78', '5.03', '7.06', '6.07', '5.24'], attacker: ['33.65', '33.01', '33.48', '31.36', '39.86']
2026-05-07 18:14:35 | INFO    | dpfl.core.base_simulator | Round  76/150 | Acc: 0.8385 | Loss: 0.6028 | eps_max: 5.95 eps_avg: 4.02 | P: 0.56 R: 1.00 F1: 0.92
2026-05-07 18:14:35 | DEBUG   | dpfl.core.base_simulator | Update norms — honest: ['7.24', '8.90', '6.30', '5.00', '4.23'], attacker: ['32.76', '33.79', '32.70', '30.52', '39.64']
2026-05-07 18:14:37 | INFO    | dpfl.core.base_simulator | Round  77/150 | Acc: 0.8378 | Loss: 0.6095 | eps_max: 5.97 eps_avg: 4.09 | P: 0.53 R: 1.00 F1: 0.91
2026-05-07 18:14:37 | DEBUG   | dpfl.core.base_simulator | Update norms — honest: ['5.82', '7.33', '5.09', '7.18', '5.29'], attacker: ['32.98', '32.48', '33.05', '30.61', '40.49']
2026-05-07 18:14:40 | INFO    | dpfl.core.base_simulator | Round  78/150 | Acc: 0.8371 | Loss: 0.6162 | eps_max: 5.97 eps_avg: 4.15 | P: 0.33 R: 1.00 F1: 0.89
2026-05-07 18:14:40 | DEBUG   | dpfl.core.base_simulator | Update norms — honest: ['5.55', '5.82', '5.24', '3.79', '4.34'], attacker: ['32.16', '33.66', '32.47', '31.20', '39.32']
2026-05-07 18:14:42 | INFO    | dpfl.core.base_simulator | Round  79/150 | Acc: 0.8382 | Loss: 0.6144 | eps_max: 5.97 eps_avg: 4.18 | P: 0.76 R: 1.00 F1: 0.96
2026-05-07 18:14:42 | DEBUG   | dpfl.core.base_simulator | Update norms — honest: ['5.39', '4.94', '6.81', '7.37', '5.52'], attacker: ['33.80', '32.81', '31.80', '31.53', '38.72']
2026-05-07 18:14:45 | INFO    | dpfl.core.base_simulator | Round  80/150 | Acc: 0.8368 | Loss: 0.6216 | eps_max: 5.97 eps_avg: 4.25 | P: 0.56 R: 1.00 F1: 0.79
2026-05-07 18:14:45 | DEBUG   | dpfl.core.base_simulator | Update norms — honest: ['5.78', '7.29', '4.47', '4.84', '4.98'], attacker: ['33.14', '33.13', '31.99', '30.97', '39.79']
2026-05-07 18:14:48 | INFO    | dpfl.core.base_simulator | Round  81/150 | Acc: 0.8364 | Loss: 0.6273 | eps_max: 5.97 eps_avg: 4.31 | P: 0.48 R: 1.00 F1: 0.85
2026-05-07 18:14:48 | DEBUG   | dpfl.core.base_simulator | Update norms — honest: ['6.45', '4.50', '6.50', '6.14', '4.77'], attacker: ['32.59', '32.28', '32.16', '31.00', '40.64']
2026-05-07 18:14:50 | INFO    | dpfl.core.base_simulator | Round  82/150 | Acc: 0.8362 | Loss: 0.6289 | eps_max: 5.97 eps_avg: 4.36 | P: 0.71 R: 1.00 F1: 0.89
2026-05-07 18:14:50 | DEBUG   | dpfl.core.base_simulator | Update norms — honest: ['6.40', '5.33', '5.02', '6.70', '5.09'], attacker: ['31.64', '33.58', '32.14', '31.03', '39.95']
2026-05-07 18:14:52 | INFO    | dpfl.core.base_simulator | Round  83/150 | Acc: 0.8380 | Loss: 0.6226 | eps_max: 5.97 eps_avg: 4.37 | P: 0.56 R: 1.00 F1: 0.96
2026-05-07 18:14:52 | DEBUG   | dpfl.core.base_simulator | Update norms — honest: ['5.20', '5.61', '4.14', '5.59', '4.34'], attacker: ['32.36', '33.30', '32.50', '30.39', '39.81']
2026-05-07 18:14:55 | INFO    | dpfl.core.base_simulator | Round  84/150 | Acc: 0.8368 | Loss: 0.6340 | eps_max: 6.09 eps_avg: 4.42 | P: 0.55 R: 1.00 F1: 0.88
2026-05-07 18:14:55 | DEBUG   | dpfl.core.base_simulator | Update norms — honest: ['6.55', '6.99', '7.35', '4.99', '6.63'], attacker: ['33.15', '34.46', '33.71', '32.03', '40.16']
2026-05-07 18:14:58 | INFO    | dpfl.core.base_simulator | Round  85/150 | Acc: 0.8367 | Loss: 0.6367 | eps_max: 6.09 eps_avg: 4.47 | P: 0.77 R: 1.00 F1: 0.88
2026-05-07 18:14:58 | DEBUG   | dpfl.core.base_simulator | Update norms — honest: ['5.30', '6.69', '7.70', '5.45', '5.66'], attacker: ['33.86', '32.95', '33.78', '30.95', '39.98']
2026-05-07 18:15:00 | INFO    | dpfl.core.base_simulator | Round  86/150 | Acc: 0.8347 | Loss: 17616.8956 | eps_max: 6.09 eps_avg: 4.51 | P: 0.36 R: 1.00 F1: 0.92
2026-05-07 18:15:00 | DEBUG   | dpfl.core.base_simulator | Update norms — honest: ['6.01', '7.39', '4.85', '4.56', '6.26'], attacker: ['32.24', '35.54', '32.28', '31.67', '39.65']
2026-05-07 18:15:03 | INFO    | dpfl.core.base_simulator | Round  87/150 | Acc: 0.8348 | Loss: 2574.9469 | eps_max: 6.09 eps_avg: 4.54 | P: 0.60 R: 1.00 F1: 0.88
2026-05-07 18:15:03 | DEBUG   | dpfl.core.base_simulator | Update norms — honest: ['3.83', '7.19', '6.52', '4.88', '4.41'], attacker: ['31.88', '34.20', '32.37', '33.12', '39.94']
2026-05-07 18:15:05 | INFO    | dpfl.core.base_simulator | Round  88/150 | Acc: 0.8351 | Loss: 1598.4359 | eps_max: 6.35 eps_avg: 4.58 | P: 0.79 R: 1.00 F1: 0.92
2026-05-07 18:15:05 | DEBUG   | dpfl.core.base_simulator | Update norms — honest: ['4.57', '3.12', '5.44', '2.45', '3.56'], attacker: ['33.10', '33.22', '34.65', '30.88', '40.33']
2026-05-07 18:15:07 | INFO    | dpfl.core.base_simulator | Round  89/150 | Acc: 0.8351 | Loss: 652.7688 | eps_max: 6.49 eps_avg: 4.61 | P: 0.53 R: 1.00 F1: 0.94
2026-05-07 18:15:07 | DEBUG   | dpfl.core.base_simulator | Update norms — honest: ['6.21', '4.95', '5.90', '5.80', '5.00'], attacker: ['33.85', '33.55', '33.48', '31.38', '39.71']
2026-05-07 18:15:10 | INFO    | dpfl.core.base_simulator | Round  90/150 | Acc: 0.8353 | Loss: 545.2316 | eps_max: 6.49 eps_avg: 4.66 | P: 0.71 R: 1.00 F1: 0.91
2026-05-07 18:15:10 | DEBUG   | dpfl.core.base_simulator | Update norms — honest: ['4.69', '4.31', '5.09', '4.54', '4.13'], attacker: ['33.22', '34.96', '34.26', '31.85', '40.24']
2026-05-07 18:15:13 | INFO    | dpfl.core.base_simulator | Round  91/150 | Acc: 0.8324 | Loss: 381.8113 | eps_max: 6.91 eps_avg: 4.74 | P: 0.54 R: 1.00 F1: 0.86
2026-05-07 18:15:13 | DEBUG   | dpfl.core.base_simulator | Update norms — honest: ['6.14', '7.43', '5.43', '6.11', '6.72'], attacker: ['32.97', '34.49', '33.52', '32.11', '40.49']
2026-05-07 18:15:15 | INFO    | dpfl.core.base_simulator | Round  92/150 | Acc: 0.8338 | Loss: 248.5219 | eps_max: 6.91 eps_avg: 4.77 | P: 0.43 R: 1.00 F1: 0.79
2026-05-07 18:15:15 | DEBUG   | dpfl.core.base_simulator | Update norms — honest: ['7.66', '3.97', '8.20', '4.49', '6.87'], attacker: ['33.32', '33.48', '33.11', '30.93', '40.08']
2026-05-07 18:15:18 | INFO    | dpfl.core.base_simulator | Round  93/150 | Acc: 0.8330 | Loss: 174.1834 | eps_max: 6.91 eps_avg: 4.81 | P: 0.38 R: 1.00 F1: 0.82
2026-05-07 18:15:18 | DEBUG   | dpfl.core.base_simulator | Update norms — honest: ['5.79', '6.75', '5.21', '7.28', '3.76'], attacker: ['33.61', '32.76', '33.98', '31.33', '40.51']
2026-05-07 18:15:20 | INFO    | dpfl.core.base_simulator | Round  94/150 | Acc: 0.8331 | Loss: 134.7922 | eps_max: 7.33 eps_avg: 4.85 | P: 0.54 R: 1.00 F1: 0.93
2026-05-07 18:15:20 | DEBUG   | dpfl.core.base_simulator | Update norms — honest: ['6.00', '6.78', '6.62', '4.59', '4.35'], attacker: ['32.89', '31.04', '33.02', '32.17', '41.23']
2026-05-07 18:15:23 | INFO    | dpfl.core.base_simulator | Round  95/150 | Acc: 0.8339 | Loss: 78.5073 | eps_max: 7.33 eps_avg: 4.89 | P: 0.58 R: 1.00 F1: 0.95
2026-05-07 18:15:23 | DEBUG   | dpfl.core.base_simulator | Update norms — honest: ['6.00', '4.59', '6.23', '5.79', '5.87'], attacker: ['32.40', '33.06', '32.82', '31.30', '41.35']
2026-05-07 18:15:26 | INFO    | dpfl.core.base_simulator | Round  96/150 | Acc: 0.8328 | Loss: 51.0202 | eps_max: 7.33 eps_avg: 4.94 | P: 0.51 R: 1.00 F1: 0.87
2026-05-07 18:15:26 | DEBUG   | dpfl.core.base_simulator | Update norms — honest: ['4.42', '6.48', '5.37', '5.85', '5.00'], attacker: ['33.36', '33.26', '33.45', '32.90', '39.97']
2026-05-07 18:15:29 | INFO    | dpfl.core.base_simulator | Round  97/150 | Acc: 0.8323 | Loss: 64.7363 | eps_max: 7.48 eps_avg: 4.99 | P: 0.47 R: 1.00 F1: 0.73
2026-05-07 18:15:29 | DEBUG   | dpfl.core.base_simulator | Update norms — honest: ['5.47', '2.78', '6.15', '4.23', '5.49'], attacker: ['32.85', '32.44', '33.32', '30.16', '39.39']
2026-05-07 18:15:31 | INFO    | dpfl.core.base_simulator | Round  98/150 | Acc: 0.8318 | Loss: 39.3986 | eps_max: 7.48 eps_avg: 5.04 | P: 0.51 R: 1.00 F1: 0.89
2026-05-07 18:15:31 | DEBUG   | dpfl.core.base_simulator | Update norms — honest: ['5.92', '5.26', '5.59', '6.87', '4.42'], attacker: ['32.88', '32.84', '32.25', '32.22', '40.22']
2026-05-07 18:15:34 | INFO    | dpfl.core.base_simulator | Round  99/150 | Acc: 0.8322 | Loss: 69.4748 | eps_max: 7.48 eps_avg: 5.06 | P: 0.54 R: 1.00 F1: 0.92
2026-05-07 18:15:34 | DEBUG   | dpfl.core.base_simulator | Update norms — honest: ['2.93', '6.73', '5.35', '3.85', '6.56'], attacker: ['33.72', '32.59', '32.92', '31.11', '40.76']
2026-05-07 18:15:36 | INFO    | dpfl.core.base_simulator | Round 100/150 | Acc: 0.8319 | Loss: 39.3756 | eps_max: 7.48 eps_avg: 5.08 | P: 0.49 R: 1.00 F1: 0.90
2026-05-07 18:15:36 | DEBUG   | dpfl.core.base_simulator | Update norms — honest: ['6.73', '4.30', '5.51', '5.21', '5.26'], attacker: ['32.85', '31.97', '33.72', '31.72', '40.33']
2026-05-07 18:15:39 | INFO    | dpfl.core.base_simulator | Round 101/150 | Acc: 0.8312 | Loss: 33.1967 | eps_max: 7.48 eps_avg: 5.12 | P: 0.46 R: 1.00 F1: 0.89
2026-05-07 18:15:39 | DEBUG   | dpfl.core.base_simulator | Update norms — honest: ['7.40', '6.00', '7.82', '6.59', '5.46'], attacker: ['34.26', '32.30', '33.46', '31.80', '41.23']
2026-05-07 18:15:41 | INFO    | dpfl.core.base_simulator | Round 102/150 | Acc: 0.8318 | Loss: 16.7876 | eps_max: 7.48 eps_avg: 5.15 | P: 0.52 R: 1.00 F1: 0.83
2026-05-07 18:15:41 | DEBUG   | dpfl.core.base_simulator | Update norms — honest: ['4.93', '4.01', '5.21', '5.34', '5.23'], attacker: ['32.94', '34.44', '34.15', '30.92', '40.70']
2026-05-07 18:15:44 | INFO    | dpfl.core.base_simulator | Round 103/150 | Acc: 0.8305 | Loss: 21.5037 | eps_max: 7.48 eps_avg: 5.19 | P: 0.67 R: 1.00 F1: 0.93
2026-05-07 18:15:44 | DEBUG   | dpfl.core.base_simulator | Update norms — honest: ['5.99', '6.22', '4.50', '3.51', '5.56'], attacker: ['33.78', '32.20', '34.53', '31.69', '40.80']
2026-05-07 18:15:47 | INFO    | dpfl.core.base_simulator | Round 104/150 | Acc: 0.8295 | Loss: 40.3477 | eps_max: 7.48 eps_avg: 5.26 | P: 0.54 R: 1.00 F1: 0.84
2026-05-07 18:15:47 | DEBUG   | dpfl.core.base_simulator | Update norms — honest: ['4.51', '5.79', '6.28', '5.62', '4.82'], attacker: ['33.97', '33.47', '32.16', '30.62', '40.67']
2026-05-07 18:15:49 | INFO    | dpfl.core.base_simulator | Round 105/150 | Acc: 0.8300 | Loss: 19.0188 | eps_max: 7.48 eps_avg: 5.29 | P: 0.67 R: 1.00 F1: 0.90
2026-05-07 18:15:49 | DEBUG   | dpfl.core.base_simulator | Update norms — honest: ['4.64', '4.36', '2.07', '6.16', '5.81'], attacker: ['33.97', '33.12', '34.10', '31.11', '41.17']
2026-05-07 18:15:52 | INFO    | dpfl.core.base_simulator | Round 106/150 | Acc: 0.8313 | Loss: 16.5851 | eps_max: 7.48 eps_avg: 5.31 | P: 0.50 R: 1.00 F1: 0.93
2026-05-07 18:15:52 | DEBUG   | dpfl.core.base_simulator | Update norms — honest: ['4.64', '5.81', '3.80', '7.88', '2.17'], attacker: ['33.02', '32.88', '34.57', '31.32', '41.13']
2026-05-07 18:15:54 | INFO    | dpfl.core.base_simulator | Round 107/150 | Acc: 0.8301 | Loss: 14.6386 | eps_max: 7.48 eps_avg: 5.33 | P: 0.42 R: 1.00 F1: 0.84
2026-05-07 18:15:54 | DEBUG   | dpfl.core.base_simulator | Update norms — honest: ['6.19', '6.94', '5.70', '5.32', '3.93'], attacker: ['32.92', '32.46', '33.67', '31.45', '40.34']
2026-05-07 18:15:57 | INFO    | dpfl.core.base_simulator | Round 108/150 | Acc: 0.8291 | Loss: 16.3702 | eps_max: 7.48 eps_avg: 5.36 | P: 0.58 R: 1.00 F1: 0.86
2026-05-07 18:15:57 | DEBUG   | dpfl.core.base_simulator | Update norms — honest: ['7.22', '6.26', '7.71', '5.88', '1.82'], attacker: ['32.69', '32.60', '34.43', '31.97', '41.24']
2026-05-07 18:16:00 | INFO    | dpfl.core.base_simulator | Round 109/150 | Acc: 0.8294 | Loss: 13.7143 | eps_max: 7.48 eps_avg: 5.38 | P: 0.61 R: 1.00 F1: 0.95
2026-05-07 18:16:00 | DEBUG   | dpfl.core.base_simulator | Update norms — honest: ['5.32', '5.52', '5.70', '3.45', '5.55'], attacker: ['33.04', '32.70', '34.35', '31.50', '40.01']
2026-05-07 18:16:03 | INFO    | dpfl.core.base_simulator | Round 110/150 | Acc: 0.8272 | Loss: 14.3921 | eps_max: 7.48 eps_avg: 5.43 | P: 0.58 R: 1.00 F1: 0.88
2026-05-07 18:16:03 | DEBUG   | dpfl.core.base_simulator | Update norms — honest: ['6.03', '6.09', '4.28', '5.01', '1.74'], attacker: ['35.13', '33.80', '35.40', '32.19', '40.56']
2026-05-07 18:16:06 | INFO    | dpfl.core.base_simulator | Round 111/150 | Acc: 0.8253 | Loss: 32.7310 | eps_max: 7.48 eps_avg: 5.49 | P: 0.49 R: 1.00 F1: 0.83
2026-05-07 18:16:06 | DEBUG   | dpfl.core.base_simulator | Update norms — honest: ['4.98', '6.69', '6.31', '5.70', '6.17'], attacker: ['33.02', '32.36', '34.61', '30.79', '40.34']
2026-05-07 18:16:08 | INFO    | dpfl.core.base_simulator | Round 112/150 | Acc: 0.8260 | Loss: 13.6440 | eps_max: 7.48 eps_avg: 5.51 | P: 0.48 R: 1.00 F1: 0.82
2026-05-07 18:16:08 | DEBUG   | dpfl.core.base_simulator | Update norms — honest: ['7.42', '4.74', '6.98', '7.11', '5.70'], attacker: ['33.68', '33.86', '34.17', '31.07', '40.67']
2026-05-07 18:16:11 | INFO    | dpfl.core.base_simulator | Round 113/150 | Acc: 0.8270 | Loss: 13.6659 | eps_max: 7.48 eps_avg: 5.52 | P: 0.80 R: 1.00 F1: 0.95
2026-05-07 18:16:11 | DEBUG   | dpfl.core.base_simulator | Update norms — honest: ['5.55', '3.97', '7.43', '6.27', '4.97'], attacker: ['32.53', '33.57', '33.61', '30.93', '41.23']
2026-05-07 18:16:13 | INFO    | dpfl.core.base_simulator | Round 114/150 | Acc: 0.8260 | Loss: 17.8613 | eps_max: 7.48 eps_avg: 5.56 | P: 0.51 R: 1.00 F1: 0.77
2026-05-07 18:16:13 | DEBUG   | dpfl.core.base_simulator | Update norms — honest: ['5.33', '5.72', '6.51', '4.71', '6.37'], attacker: ['32.03', '32.40', '34.40', '31.04', '40.99']
2026-05-07 18:16:16 | INFO    | dpfl.core.base_simulator | Round 115/150 | Acc: 0.8253 | Loss: 18.3968 | eps_max: 7.48 eps_avg: 5.58 | P: 0.76 R: 1.00 F1: 0.93
2026-05-07 18:16:16 | DEBUG   | dpfl.core.base_simulator | Update norms — honest: ['0.57', '7.18', '6.66', '4.43', '4.03'], attacker: ['32.99', '31.79', '33.36', '31.75', '41.36']
2026-05-07 18:16:19 | INFO    | dpfl.core.base_simulator | Round 116/150 | Acc: 0.8253 | Loss: 19.0126 | eps_max: 7.48 eps_avg: 5.61 | P: 0.52 R: 1.00 F1: 0.92
2026-05-07 18:16:19 | DEBUG   | dpfl.core.base_simulator | Update norms — honest: ['4.10', '4.96', '4.48', '4.72', '5.43'], attacker: ['32.78', '33.46', '33.46', '31.13', '40.61']
2026-05-07 18:16:22 | INFO    | dpfl.core.base_simulator | Round 117/150 | Acc: 0.8236 | Loss: 26.0495 | eps_max: 7.57 eps_avg: 5.65 | P: 0.45 R: 1.00 F1: 0.72
2026-05-07 18:16:22 | DEBUG   | dpfl.core.base_simulator | Update norms — honest: ['6.92', '6.17', '5.85', '7.82', '5.99'], attacker: ['33.75', '32.29', '34.17', '32.37', '40.84']
2026-05-07 18:16:24 | INFO    | dpfl.core.base_simulator | Round 118/150 | Acc: 0.8242 | Loss: 30.8237 | eps_max: 7.57 eps_avg: 5.68 | P: 0.47 R: 1.00 F1: 0.90
2026-05-07 18:16:24 | DEBUG   | dpfl.core.base_simulator | Update norms — honest: ['5.94', '7.40', '5.49', '4.49', '7.16'], attacker: ['32.50', '33.88', '32.92', '30.77', '41.82']
2026-05-07 18:16:27 | INFO    | dpfl.core.base_simulator | Round 119/150 | Acc: 0.8223 | Loss: 13.7316 | eps_max: 7.57 eps_avg: 5.73 | P: 0.51 R: 1.00 F1: 0.83
2026-05-07 18:16:27 | DEBUG   | dpfl.core.base_simulator | Update norms — honest: ['4.23', '6.59', '5.53', '4.53', '4.39'], attacker: ['32.72', '32.18', '33.29', '31.79', '42.16']
2026-05-07 18:16:30 | INFO    | dpfl.core.base_simulator | Round 120/150 | Acc: 0.8213 | Loss: 17.2540 | eps_max: 7.57 eps_avg: 5.76 | P: 0.49 R: 1.00 F1: 0.89
2026-05-07 18:16:30 | DEBUG   | dpfl.core.base_simulator | Update norms — honest: ['3.29', '5.70', '6.14', '6.04', '4.98'], attacker: ['32.87', '32.05', '33.41', '32.23', '42.09']
2026-05-07 18:16:33 | INFO    | dpfl.core.base_simulator | Round 121/150 | Acc: 0.8204 | Loss: 11.2842 | eps_max: 7.57 eps_avg: 5.79 | P: 0.55 R: 1.00 F1: 0.85
2026-05-07 18:16:33 | DEBUG   | dpfl.core.base_simulator | Update norms — honest: ['6.83', '5.01', '6.46', '5.01', '4.76'], attacker: ['32.50', '33.10', '34.61', '31.48', '41.95']
2026-05-07 18:16:36 | INFO    | dpfl.core.base_simulator | Round 122/150 | Acc: 0.8198 | Loss: 11.8821 | eps_max: 7.57 eps_avg: 5.81 | P: 0.51 R: 1.00 F1: 0.87
2026-05-07 18:16:36 | DEBUG   | dpfl.core.base_simulator | Update norms — honest: ['6.87', '5.14', '5.45', '6.49', '4.58'], attacker: ['32.91', '33.78', '34.44', '31.25', '42.08']
2026-05-07 18:16:38 | INFO    | dpfl.core.base_simulator | Round 123/150 | Acc: 0.8197 | Loss: 17.3413 | eps_max: 7.57 eps_avg: 5.83 | P: 0.56 R: 1.00 F1: 0.87
2026-05-07 18:16:38 | DEBUG   | dpfl.core.base_simulator | Update norms — honest: ['6.87', '7.55', '5.41', '4.47', '6.88'], attacker: ['32.60', '32.86', '34.49', '31.21', '41.84']
2026-05-07 18:16:41 | INFO    | dpfl.core.base_simulator | Round 124/150 | Acc: 0.8213 | Loss: 11.4068 | eps_max: 7.57 eps_avg: 5.84 | P: 0.46 R: 1.00 F1: 0.88
2026-05-07 18:16:41 | DEBUG   | dpfl.core.base_simulator | Update norms — honest: ['6.53', '4.40', '6.67', '0.38', '3.99'], attacker: ['33.26', '33.76', '34.05', '32.09', '42.41']
2026-05-07 18:16:43 | INFO    | dpfl.core.base_simulator | Round 125/150 | Acc: 0.8217 | Loss: 15.7313 | eps_max: 7.57 eps_avg: 5.86 | P: 0.53 R: 1.00 F1: 0.97
2026-05-07 18:16:43 | DEBUG   | dpfl.core.base_simulator | Update norms — honest: ['6.80', '5.98', '0.83', '5.94', '3.84'], attacker: ['32.79', '32.70', '33.10', '32.05', '42.73']
2026-05-07 18:16:46 | INFO    | dpfl.core.base_simulator | Round 126/150 | Acc: 0.8208 | Loss: 14.3064 | eps_max: 7.57 eps_avg: 5.88 | P: 0.71 R: 1.00 F1: 0.94
2026-05-07 18:16:46 | DEBUG   | dpfl.core.base_simulator | Update norms — honest: ['5.78', '5.01', '1.38', '5.82', '5.98'], attacker: ['34.33', '33.52', '34.94', '31.34', '43.11']
2026-05-07 18:16:48 | INFO    | dpfl.core.base_simulator | Round 127/150 | Acc: 0.8216 | Loss: 13.4391 | eps_max: 7.57 eps_avg: 5.89 | P: 0.62 R: 1.00 F1: 0.89
2026-05-07 18:16:48 | DEBUG   | dpfl.core.base_simulator | Update norms — honest: ['6.50', '4.17', '5.06', '6.72', '7.12'], attacker: ['33.14', '32.93', '35.60', '31.69', '41.46']
2026-05-07 18:16:50 | INFO    | dpfl.core.base_simulator | Round 128/150 | Acc: 0.8206 | Loss: 11.1519 | eps_max: 7.57 eps_avg: 5.92 | P: 0.50 R: 1.00 F1: 0.87
2026-05-07 18:16:50 | DEBUG   | dpfl.core.base_simulator | Update norms — honest: ['6.84', '6.23', '5.64', '5.76', '2.77'], attacker: ['118.33', '128.89', '153.33', '156.49', '147.94']
2026-05-07 18:16:53 | INFO    | dpfl.core.base_simulator | Round 129/150 | Acc: 0.8210 | Loss: 10.9816 | eps_max: 7.57 eps_avg: 5.94 | P: 0.58 R: 1.00 F1: 0.84
2026-05-07 18:16:53 | DEBUG   | dpfl.core.base_simulator | Update norms — honest: ['5.10', '5.16', '6.11', '5.65', '2.15'], attacker: ['118.42', '129.66', '152.94', '154.23', '147.52']
2026-05-07 18:16:56 | INFO    | dpfl.core.base_simulator | Round 130/150 | Acc: 0.8193 | Loss: 18.7783 | eps_max: 7.57 eps_avg: 5.97 | P: 0.53 R: 1.00 F1: 0.87
2026-05-07 18:16:56 | DEBUG   | dpfl.core.base_simulator | Update norms — honest: ['5.43', '4.98', '5.20', '2.92', '4.33'], attacker: ['117.83', '129.56', '153.04', '157.01', '145.75']
2026-05-07 18:16:58 | INFO    | dpfl.core.base_simulator | Round 131/150 | Acc: 0.8206 | Loss: 12.2227 | eps_max: 7.57 eps_avg: 5.99 | P: 0.57 R: 1.00 F1: 0.94
2026-05-07 18:16:58 | DEBUG   | dpfl.core.base_simulator | Update norms — honest: ['2.39', '5.31', '2.55', '4.46', '5.83'], attacker: ['119.19', '131.28', '154.09', '156.30', '146.28']
2026-05-07 18:17:01 | INFO    | dpfl.core.base_simulator | Round 132/150 | Acc: 0.8207 | Loss: 10.5174 | eps_max: 7.59 eps_avg: 6.00 | P: 0.71 R: 1.00 F1: 0.85
2026-05-07 18:17:01 | DEBUG   | dpfl.core.base_simulator | Update norms — honest: ['3.49', '4.95', '4.82', '4.19', '5.85'], attacker: ['116.87', '130.44', '153.84', '155.81', '146.27']
2026-05-07 18:17:03 | INFO    | dpfl.core.base_simulator | Round 133/150 | Acc: 0.8196 | Loss: 13.3779 | eps_max: 7.72 eps_avg: 6.03 | P: 0.30 R: 1.00 F1: 0.76
2026-05-07 18:17:03 | DEBUG   | dpfl.core.base_simulator | Update norms — honest: ['3.59', '5.12', '6.06', '4.98', '6.83'], attacker: ['117.88', '129.67', '155.19', '156.69', '149.22']
2026-05-07 18:17:06 | INFO    | dpfl.core.base_simulator | Round 134/150 | Acc: 0.8187 | Loss: 11.6077 | eps_max: 7.72 eps_avg: 6.06 | P: 0.56 R: 1.00 F1: 0.92
2026-05-07 18:17:06 | DEBUG   | dpfl.core.base_simulator | Update norms — honest: ['5.88', '6.64', '3.54', '5.64', '5.73'], attacker: ['120.61', '130.98', '153.27', '154.89', '146.21']
2026-05-07 18:17:09 | INFO    | dpfl.core.base_simulator | Round 135/150 | Acc: 0.8186 | Loss: 12.0654 | eps_max: 7.72 eps_avg: 6.08 | P: 0.69 R: 1.00 F1: 0.93
2026-05-07 18:17:09 | DEBUG   | dpfl.core.base_simulator | Update norms — honest: ['0.92', '4.95', '4.11', '5.22', '6.62'], attacker: ['118.82', '128.28', '152.24', '155.40', '145.75']
2026-05-07 18:17:11 | INFO    | dpfl.core.base_simulator | Round 136/150 | Acc: 0.8182 | Loss: 16.8606 | eps_max: 7.72 eps_avg: 6.10 | P: 0.45 R: 1.00 F1: 0.90
2026-05-07 18:17:11 | DEBUG   | dpfl.core.base_simulator | Update norms — honest: ['0.00', '5.73', '5.32', '4.13', '5.23'], attacker: ['118.42', '129.94', '154.51', '157.45', '145.20']
2026-05-07 18:17:14 | INFO    | dpfl.core.base_simulator | Round 137/150 | Acc: 0.8185 | Loss: 14.7203 | eps_max: 7.74 eps_avg: 6.12 | P: 0.68 R: 1.00 F1: 0.95
2026-05-07 18:17:14 | DEBUG   | dpfl.core.base_simulator | Update norms — honest: ['5.25', '4.90', '4.94', '5.37', '0.23'], attacker: ['119.59', '130.86', '154.72', '156.46', '146.88']
2026-05-07 18:17:16 | INFO    | dpfl.core.base_simulator | Round 138/150 | Acc: 0.8175 | Loss: 14.7317 | eps_max: 7.87 eps_avg: 6.14 | P: 0.61 R: 1.00 F1: 0.86
2026-05-07 18:17:16 | DEBUG   | dpfl.core.base_simulator | Update norms — honest: ['3.43', '6.68', '6.38', '4.73', '4.41'], attacker: ['118.44', '129.39', '154.24', '156.06', '147.55']
2026-05-07 18:17:19 | INFO    | dpfl.core.base_simulator | Round 139/150 | Acc: 0.8171 | Loss: 10.8247 | eps_max: 7.87 eps_avg: 6.16 | P: 0.59 R: 1.00 F1: 0.92
2026-05-07 18:17:19 | DEBUG   | dpfl.core.base_simulator | Update norms — honest: ['6.71', '4.94', '7.27', '4.90', '3.69'], attacker: ['118.49', '126.76', '155.01', '154.73', '144.66']
2026-05-07 18:17:22 | INFO    | dpfl.core.base_simulator | Round 140/150 | Acc: 0.8159 | Loss: 11.4002 | eps_max: 7.87 eps_avg: 6.19 | P: 0.61 R: 1.00 F1: 0.92
2026-05-07 18:17:22 | DEBUG   | dpfl.core.base_simulator | Update norms — honest: ['7.49', '6.61', '5.01', '5.78', '5.67'], attacker: ['117.59', '128.41', '155.37', '155.76', '146.90']
2026-05-07 18:17:24 | INFO    | dpfl.core.base_simulator | Round 141/150 | Acc: 0.8168 | Loss: 12.7492 | eps_max: 7.87 eps_avg: 6.20 | P: 0.39 R: 1.00 F1: 0.90
2026-05-07 18:17:24 | DEBUG   | dpfl.core.base_simulator | Update norms — honest: ['5.22', '4.75', '3.62', '3.73', '6.74'], attacker: ['117.47', '128.80', '154.00', '155.24', '147.18']
2026-05-07 18:17:27 | INFO    | dpfl.core.base_simulator | Round 142/150 | Acc: 0.8152 | Loss: 11.4077 | eps_max: 7.99 eps_avg: 6.22 | P: 0.40 R: 1.00 F1: 0.81
2026-05-07 18:17:27 | DEBUG   | dpfl.core.base_simulator | Update norms — honest: ['6.54', '4.54', '7.92', '4.05', '6.91'], attacker: ['118.62', '130.95', '154.22', '155.80', '147.12']
2026-05-07 18:17:29 | INFO    | dpfl.core.base_simulator | Round 143/150 | Acc: 0.8163 | Loss: 10.4290 | eps_max: 7.99 eps_avg: 6.25 | P: 0.65 R: 1.00 F1: 0.86
2026-05-07 18:17:29 | DEBUG   | dpfl.core.base_simulator | Update norms — honest: ['4.74', '4.45', '4.39', '5.95', '1.02'], attacker: ['119.48', '129.20', '156.02', '155.58', '147.09']
2026-05-07 18:17:32 | INFO    | dpfl.core.base_simulator | Round 144/150 | Acc: 0.8161 | Loss: 13.8256 | eps_max: 7.99 eps_avg: 6.27 | P: 0.58 R: 1.00 F1: 0.82
2026-05-07 18:17:32 | DEBUG   | dpfl.core.base_simulator | Update norms — honest: ['7.36', '3.60', '2.47', '6.40', '3.97'], attacker: ['118.34', '129.93', '154.91', '154.33', '145.45']
2026-05-07 18:17:35 | INFO    | dpfl.core.base_simulator | Round 145/150 | Acc: 0.8161 | Loss: 12.1489 | eps_max: 7.99 eps_avg: 6.29 | P: 0.78 R: 1.00 F1: 0.92
2026-05-07 18:17:35 | DEBUG   | dpfl.core.base_simulator | Update norms — honest: ['5.14', '5.99', '5.28', '5.08', '6.04'], attacker: ['118.47', '130.65', '154.62', '155.93', '143.88']
2026-05-07 18:17:37 | INFO    | dpfl.core.base_simulator | Round 146/150 | Acc: 0.8155 | Loss: 10.6555 | eps_max: 7.99 eps_avg: 6.32 | P: 0.37 R: 1.00 F1: 0.84
2026-05-07 18:17:37 | DEBUG   | dpfl.core.base_simulator | Update norms — honest: ['3.20', '5.65', '6.63', '6.39', '5.71'], attacker: ['117.80', '129.44', '155.73', '156.10', '147.63']
2026-05-07 18:17:40 | INFO    | dpfl.core.base_simulator | Round 147/150 | Acc: 0.8145 | Loss: 22.1363 | eps_max: 7.99 eps_avg: 6.35 | P: 0.48 R: 1.00 F1: 0.79
2026-05-07 18:17:40 | DEBUG   | dpfl.core.base_simulator | Update norms — honest: ['2.78', '7.11', '3.92', '4.32', '4.82'], attacker: ['119.26', '131.14', '153.81', '158.15', '146.59']
2026-05-07 18:17:43 | INFO    | dpfl.core.base_simulator | Round 148/150 | Acc: 0.8132 | Loss: 13.7385 | eps_max: 7.99 eps_avg: 6.37 | P: 0.47 R: 1.00 F1: 0.88
2026-05-07 18:17:43 | DEBUG   | dpfl.core.base_simulator | Update norms — honest: ['5.88', '3.44', '4.89', '4.89', '6.00'], attacker: ['117.84', '130.75', '154.16', '155.45', '148.28']
2026-05-07 18:17:46 | INFO    | dpfl.core.base_simulator | Round 149/150 | Acc: 0.8135 | Loss: 11.2971 | eps_max: 7.99 eps_avg: 6.39 | P: 0.70 R: 1.00 F1: 0.94
2026-05-07 18:17:46 | DEBUG   | dpfl.core.base_simulator | Update norms — honest: ['0.00', '7.21', '5.55', '7.09', '5.74'], attacker: ['118.44', '129.57', '154.18', '156.66', '145.53']
2026-05-07 18:17:48 | INFO    | dpfl.core.base_simulator | Round 150/150 | Acc: 0.8132 | Loss: 11.2223 | eps_max: 7.99 eps_avg: 6.40 | P: 0.63 R: 1.00 F1: 0.94
2026-05-07 18:17:48 | DEBUG   | dpfl.core.base_simulator | Update norms — honest: ['7.27', '7.77', '3.90', '6.15', '5.89'], attacker: ['117.94', '130.28', '154.33', '155.08', '148.23']
2026-05-07 18:17:50 | INFO    | dpfl | Experiment complete in 689.4s
============================================================
REPORT: DP-SGD Decentralized Federated Learning
============================================================
Timestamp:                  20260507_180619
Rounds completed:           150
Attack-active rounds:       100  (from round 50)
Final accuracy:             0.8132
Final test loss:            11.2223
Final epsilon (max honest): 7.99
Final epsilon (avg honest): 6.40
Best alpha:                 1000.0
Avg precision:              0.5533
Avg recall:                 0.9997
Avg F1 score:               0.8854
Avg update norm (honest):   5.9360
Avg update norm (attacker): 9944.8333

eps_system (max honest): 7.9936
eps_avg (honest):        6.4031
eps_std (honest):        0.8681
n_frozen:                0/300
============================================================
