2026-05-06 13:13:53 | INFO    | dpfl | Experiment start: algorithm=krum, dataset=mnist, model=mlp, device=cuda
2026-05-06 13:13:53 | INFO    | dpfl | Config: nodes=500, attackers=100, rounds=150, noise_mode=none, attack=scale
2026-05-06 13:13:53 | INFO    | dpfl.data.mnist_dataset | Loading MNIST dataset...
2026-05-06 13:13:53 | INFO    | dpfl.data.mnist_dataset | MNIST loaded: 60000 train, 10000 test samples
2026-05-06 13:14:40 | INFO    | dpfl.core.base_simulator | Vectorized state ready: param_spec.D=50890, X_test=(10000, 1, 28, 28), train clients N=500, max_n_samples=1000
2026-05-06 13:14:40 | INFO    | dpfl.core.base_simulator | Setup complete: 500 nodes (100 attackers), param_dim=50890, split=iid
2026-05-06 13:14:40 | DEBUG   | dpfl.core.base_simulator | Attacker IDs: {0, 1, 2, 3, 4, 5, 6, 7, 8, 9, 10, 11, 12, 13, 14, 15, 16, 17, 18, 19, 20, 21, 22, 23, 24, 25, 26, 27, 28, 29, 30, 31, 32, 33, 34, 35, 36, 37, 38, 39, 40, 41, 42, 43, 44, 45, 46, 47, 48, 49, 50, 51, 52, 53, 54, 55, 56, 57, 58, 59, 60, 61, 62, 63, 64, 65, 66, 67, 68, 69, 70, 71, 72, 73, 74, 75, 76, 77, 78, 79, 80, 81, 82, 83, 84, 85, 86, 87, 88, 89, 90, 91, 92, 93, 94, 95, 96, 97, 98, 99}
2026-05-06 13:14:45 | INFO    | dpfl.core.base_simulator | Round   1/150 | Acc: 0.3802 | Loss: 2.0957 | eps: 0.00 | P: 0.00 R: nan F1: nan
2026-05-06 13:14:45 | DEBUG   | dpfl.core.base_simulator | Update norms — honest: ['0.17', '0.17', '0.18', '0.18', '0.17'], attacker: ['0.18', '0.18', '0.17', '0.18', '0.18']
2026-05-06 13:14:46 | INFO    | dpfl.core.base_simulator | Round   2/150 | Acc: 0.5545 | Loss: 1.8905 | eps: 0.00 | P: 0.00 R: nan F1: nan
2026-05-06 13:14:46 | DEBUG   | dpfl.core.base_simulator | Update norms — honest: ['0.17', '0.18', '0.18', '0.19', '0.18'], attacker: ['0.18', '0.18', '0.18', '0.18', '0.18']
2026-05-06 13:14:50 | INFO    | dpfl.core.base_simulator | Round   3/150 | Acc: 0.6511 | Loss: 1.6798 | eps: 0.00 | P: 0.00 R: nan F1: nan
2026-05-06 13:14:50 | DEBUG   | dpfl.core.base_simulator | Update norms — honest: ['0.18', '0.18', '0.18', '0.18', '0.18'], attacker: ['0.19', '0.18', '0.18', '0.18', '0.19']
2026-05-06 13:14:52 | INFO    | dpfl.core.base_simulator | Round   4/150 | Acc: 0.7093 | Loss: 1.4799 | eps: 0.00 | P: 0.00 R: nan F1: nan
2026-05-06 13:14:52 | DEBUG   | dpfl.core.base_simulator | Update norms — honest: ['0.17', '0.17', '0.18', '0.18', '0.18'], attacker: ['0.18', '0.18', '0.18', '0.18', '0.18']
2026-05-06 13:14:55 | INFO    | dpfl.core.base_simulator | Round   5/150 | Acc: 0.7509 | Loss: 1.2996 | eps: 0.00 | P: 0.00 R: nan F1: nan
2026-05-06 13:14:55 | DEBUG   | dpfl.core.base_simulator | Update norms — honest: ['0.17', '0.16', '0.17', '0.17', '0.17'], attacker: ['0.17', '0.17', '0.17', '0.17', '0.17']
2026-05-06 13:14:57 | INFO    | dpfl.core.base_simulator | Round   6/150 | Acc: 0.7795 | Loss: 1.1453 | eps: 0.00 | P: 0.00 R: nan F1: nan
2026-05-06 13:14:57 | DEBUG   | dpfl.core.base_simulator | Update norms — honest: ['0.16', '0.15', '0.16', '0.15', '0.16'], attacker: ['0.16', '0.16', '0.16', '0.16', '0.16']
2026-05-06 13:15:01 | INFO    | dpfl.core.base_simulator | Round   7/150 | Acc: 0.8003 | Loss: 1.0188 | eps: 0.00 | P: 0.00 R: nan F1: nan
2026-05-06 13:15:01 | DEBUG   | dpfl.core.base_simulator | Update norms — honest: ['0.14', '0.14', '0.14', '0.14', '0.14'], attacker: ['0.15', '0.14', '0.14', '0.14', '0.15']
2026-05-06 13:15:02 | INFO    | dpfl.core.base_simulator | Round   8/150 | Acc: 0.8145 | Loss: 0.9179 | eps: 0.00 | P: 0.00 R: nan F1: nan
2026-05-06 13:15:02 | DEBUG   | dpfl.core.base_simulator | Update norms — honest: ['0.13', '0.13', '0.13', '0.12', '0.13'], attacker: ['0.13', '0.13', '0.13', '0.13', '0.13']
2026-05-06 13:15:06 | INFO    | dpfl.core.base_simulator | Round   9/150 | Acc: 0.8246 | Loss: 0.8383 | eps: 0.00 | P: 0.00 R: nan F1: nan
2026-05-06 13:15:06 | DEBUG   | dpfl.core.base_simulator | Update norms — honest: ['0.11', '0.11', '0.11', '0.11', '0.11'], attacker: ['0.12', '0.12', '0.12', '0.12', '0.12']
2026-05-06 13:15:08 | INFO    | dpfl.core.base_simulator | Round  10/150 | Acc: 0.8327 | Loss: 0.7745 | eps: 0.00 | P: 0.00 R: nan F1: nan
2026-05-06 13:15:08 | DEBUG   | dpfl.core.base_simulator | Update norms — honest: ['0.10', '0.10', '0.10', '0.10', '0.10'], attacker: ['0.11', '0.11', '0.11', '0.11', '0.11']
2026-05-06 13:15:11 | INFO    | dpfl.core.base_simulator | Round  11/150 | Acc: 0.8389 | Loss: 0.7236 | eps: 0.00 | P: 0.00 R: nan F1: nan
2026-05-06 13:15:11 | DEBUG   | dpfl.core.base_simulator | Update norms — honest: ['0.09', '0.09', '0.09', '0.09', '0.09'], attacker: ['0.10', '0.10', '0.10', '0.10', '0.10']
2026-05-06 13:15:15 | INFO    | dpfl.core.base_simulator | Round  12/150 | Acc: 0.8443 | Loss: 0.6817 | eps: 0.00 | P: 0.00 R: nan F1: nan
2026-05-06 13:15:15 | DEBUG   | dpfl.core.base_simulator | Update norms — honest: ['0.09', '0.08', '0.08', '0.08', '0.08'], attacker: ['0.10', '0.09', '0.09', '0.09', '0.10']
2026-05-06 13:15:17 | INFO    | dpfl.core.base_simulator | Round  13/150 | Acc: 0.8486 | Loss: 0.6474 | eps: 0.00 | P: 0.00 R: nan F1: nan
2026-05-06 13:15:17 | DEBUG   | dpfl.core.base_simulator | Update norms — honest: ['0.08', '0.08', '0.08', '0.08', '0.08'], attacker: ['0.09', '0.08', '0.09', '0.09', '0.09']
2026-05-06 13:15:21 | INFO    | dpfl.core.base_simulator | Round  14/150 | Acc: 0.8521 | Loss: 0.6187 | eps: 0.00 | P: 0.00 R: nan F1: nan
2026-05-06 13:15:21 | DEBUG   | dpfl.core.base_simulator | Update norms — honest: ['0.07', '0.07', '0.07', '0.07', '0.07'], attacker: ['0.08', '0.08', '0.08', '0.08', '0.08']
2026-05-06 13:15:22 | INFO    | dpfl.core.base_simulator | Round  15/150 | Acc: 0.8554 | Loss: 0.5942 | eps: 0.00 | P: 0.00 R: nan F1: nan
2026-05-06 13:15:22 | DEBUG   | dpfl.core.base_simulator | Update norms — honest: ['0.07', '0.07', '0.06', '0.07', '0.07'], attacker: ['0.08', '0.08', '0.08', '0.08', '0.08']
2026-05-06 13:15:26 | INFO    | dpfl.core.base_simulator | Round  16/150 | Acc: 0.8582 | Loss: 0.5733 | eps: 0.00 | P: 0.00 R: nan F1: nan
2026-05-06 13:15:26 | DEBUG   | dpfl.core.base_simulator | Update norms — honest: ['0.06', '0.06', '0.06', '0.06', '0.06'], attacker: ['0.08', '0.08', '0.08', '0.08', '0.08']
2026-05-06 13:15:28 | INFO    | dpfl.core.base_simulator | Round  17/150 | Acc: 0.8606 | Loss: 0.5551 | eps: 0.00 | P: 0.00 R: nan F1: nan
2026-05-06 13:15:28 | DEBUG   | dpfl.core.base_simulator | Update norms — honest: ['0.06', '0.06', '0.06', '0.06', '0.06'], attacker: ['0.08', '0.08', '0.07', '0.07', '0.08']
2026-05-06 13:15:32 | INFO    | dpfl.core.base_simulator | Round  18/150 | Acc: 0.8627 | Loss: 0.5394 | eps: 0.00 | P: 0.00 R: nan F1: nan
2026-05-06 13:15:32 | DEBUG   | dpfl.core.base_simulator | Update norms — honest: ['0.06', '0.06', '0.06', '0.06', '0.06'], attacker: ['0.07', '0.07', '0.08', '0.07', '0.08']
2026-05-06 13:15:33 | INFO    | dpfl.core.base_simulator | Round  19/150 | Acc: 0.8648 | Loss: 0.5255 | eps: 0.00 | P: 0.00 R: nan F1: nan
2026-05-06 13:15:33 | DEBUG   | dpfl.core.base_simulator | Update norms — honest: ['0.06', '0.05', '0.05', '0.05', '0.05'], attacker: ['0.07', '0.07', '0.07', '0.07', '0.08']
2026-05-06 13:15:37 | INFO    | dpfl.core.base_simulator | Round  20/150 | Acc: 0.8664 | Loss: 0.5133 | eps: 0.00 | P: 0.00 R: nan F1: nan
2026-05-06 13:15:37 | DEBUG   | dpfl.core.base_simulator | Update norms — honest: ['0.05', '0.05', '0.05', '0.05', '0.05'], attacker: ['0.07', '0.07', '0.07', '0.07', '0.07']
2026-05-06 13:15:38 | INFO    | dpfl.core.base_simulator | Round  21/150 | Acc: 0.8679 | Loss: 0.5024 | eps: 0.00 | P: 0.00 R: nan F1: nan
2026-05-06 13:15:38 | DEBUG   | dpfl.core.base_simulator | Update norms — honest: ['0.05', '0.05', '0.05', '0.05', '0.05'], attacker: ['0.07', '0.07', '0.07', '0.07', '0.07']
2026-05-06 13:15:42 | INFO    | dpfl.core.base_simulator | Round  22/150 | Acc: 0.8694 | Loss: 0.4925 | eps: 0.00 | P: 0.00 R: nan F1: nan
2026-05-06 13:15:42 | DEBUG   | dpfl.core.base_simulator | Update norms — honest: ['0.05', '0.05', '0.05', '0.05', '0.05'], attacker: ['0.07', '0.07', '0.07', '0.07', '0.07']
2026-05-06 13:15:44 | INFO    | dpfl.core.base_simulator | Round  23/150 | Acc: 0.8707 | Loss: 0.4836 | eps: 0.00 | P: 0.00 R: nan F1: nan
2026-05-06 13:15:44 | DEBUG   | dpfl.core.base_simulator | Update norms — honest: ['0.05', '0.05', '0.04', '0.05', '0.05'], attacker: ['0.07', '0.06', '0.06', '0.07', '0.07']
2026-05-06 13:15:48 | INFO    | dpfl.core.base_simulator | Round  24/150 | Acc: 0.8718 | Loss: 0.4756 | eps: 0.00 | P: 0.00 R: nan F1: nan
2026-05-06 13:15:48 | DEBUG   | dpfl.core.base_simulator | Update norms — honest: ['0.05', '0.05', '0.04', '0.04', '0.04'], attacker: ['0.07', '0.07', '0.06', '0.07', '0.07']
2026-05-06 13:15:49 | INFO    | dpfl.core.base_simulator | Round  25/150 | Acc: 0.8727 | Loss: 0.4685 | eps: 0.00 | P: 0.00 R: nan F1: nan
2026-05-06 13:15:49 | DEBUG   | dpfl.core.base_simulator | Update norms — honest: ['0.04', '0.04', '0.04', '0.04', '0.04'], attacker: ['0.07', '0.07', '0.06', '0.07', '0.06']
2026-05-06 13:15:53 | INFO    | dpfl.core.base_simulator | Round  26/150 | Acc: 0.8738 | Loss: 0.4619 | eps: 0.00 | P: 0.00 R: nan F1: nan
2026-05-06 13:15:53 | DEBUG   | dpfl.core.base_simulator | Update norms — honest: ['0.04', '0.04', '0.04', '0.04', '0.04'], attacker: ['0.07', '0.07', '0.06', '0.07', '0.07']
2026-05-06 13:15:55 | INFO    | dpfl.core.base_simulator | Round  27/150 | Acc: 0.8746 | Loss: 0.4558 | eps: 0.00 | P: 0.00 R: nan F1: nan
2026-05-06 13:15:55 | DEBUG   | dpfl.core.base_simulator | Update norms — honest: ['0.04', '0.04', '0.04', '0.04', '0.04'], attacker: ['0.06', '0.06', '0.06', '0.07', '0.06']
2026-05-06 13:15:58 | INFO    | dpfl.core.base_simulator | Round  28/150 | Acc: 0.8754 | Loss: 0.4504 | eps: 0.00 | P: 0.00 R: nan F1: nan
2026-05-06 13:15:58 | DEBUG   | dpfl.core.base_simulator | Update norms — honest: ['0.04', '0.04', '0.04', '0.04', '0.04'], attacker: ['0.06', '0.06', '0.06', '0.06', '0.06']
2026-05-06 13:16:00 | INFO    | dpfl.core.base_simulator | Round  29/150 | Acc: 0.8762 | Loss: 0.4452 | eps: 0.00 | P: 0.00 R: nan F1: nan
2026-05-06 13:16:00 | DEBUG   | dpfl.core.base_simulator | Update norms — honest: ['0.04', '0.04', '0.04', '0.04', '0.04'], attacker: ['0.07', '0.07', '0.06', '0.07', '0.06']
2026-05-06 13:16:04 | INFO    | dpfl.core.base_simulator | Round  30/150 | Acc: 0.8770 | Loss: 0.4404 | eps: 0.00 | P: 0.00 R: nan F1: nan
2026-05-06 13:16:04 | DEBUG   | dpfl.core.base_simulator | Update norms — honest: ['0.04', '0.04', '0.04', '0.04', '0.04'], attacker: ['0.07', '0.07', '0.06', '0.07', '0.07']
2026-05-06 13:16:06 | INFO    | dpfl.core.base_simulator | Round  31/150 | Acc: 0.8776 | Loss: 0.4361 | eps: 0.00 | P: 0.00 R: nan F1: nan
2026-05-06 13:16:06 | DEBUG   | dpfl.core.base_simulator | Update norms — honest: ['0.04', '0.04', '0.03', '0.04', '0.03'], attacker: ['0.07', '0.06', '0.06', '0.07', '0.07']
2026-05-06 13:16:10 | INFO    | dpfl.core.base_simulator | Round  32/150 | Acc: 0.8781 | Loss: 0.4321 | eps: 0.00 | P: 0.00 R: nan F1: nan
2026-05-06 13:16:10 | DEBUG   | dpfl.core.base_simulator | Update norms — honest: ['0.04', '0.04', '0.03', '0.03', '0.03'], attacker: ['0.06', '0.07', '0.06', '0.07', '0.06']
2026-05-06 13:16:11 | INFO    | dpfl.core.base_simulator | Round  33/150 | Acc: 0.8788 | Loss: 0.4284 | eps: 0.00 | P: 0.00 R: nan F1: nan
2026-05-06 13:16:11 | DEBUG   | dpfl.core.base_simulator | Update norms — honest: ['0.04', '0.04', '0.03', '0.03', '0.03'], attacker: ['0.06', '0.07', '0.06', '0.07', '0.07']
2026-05-06 13:16:14 | INFO    | dpfl.core.base_simulator | Round  34/150 | Acc: 0.8793 | Loss: 0.4249 | eps: 0.00 | P: 0.00 R: nan F1: nan
2026-05-06 13:16:14 | DEBUG   | dpfl.core.base_simulator | Update norms — honest: ['0.04', '0.03', '0.03', '0.03', '0.03'], attacker: ['0.06', '0.07', '0.07', '0.07', '0.06']
2026-05-06 13:16:16 | INFO    | dpfl.core.base_simulator | Round  35/150 | Acc: 0.8798 | Loss: 0.4216 | eps: 0.00 | P: 0.00 R: nan F1: nan
2026-05-06 13:16:16 | DEBUG   | dpfl.core.base_simulator | Update norms — honest: ['0.04', '0.03', '0.03', '0.03', '0.03'], attacker: ['0.06', '0.06', '0.06', '0.07', '0.07']
2026-05-06 13:16:18 | INFO    | dpfl.core.base_simulator | Round  36/150 | Acc: 0.8804 | Loss: 0.4186 | eps: 0.00 | P: 0.00 R: nan F1: nan
2026-05-06 13:16:18 | DEBUG   | dpfl.core.base_simulator | Update norms — honest: ['0.04', '0.03', '0.03', '0.03', '0.03'], attacker: ['0.06', '0.06', '0.06', '0.06', '0.06']
2026-05-06 13:16:22 | INFO    | dpfl.core.base_simulator | Round  37/150 | Acc: 0.8807 | Loss: 0.4158 | eps: 0.00 | P: 0.00 R: nan F1: nan
2026-05-06 13:16:22 | DEBUG   | dpfl.core.base_simulator | Update norms — honest: ['0.04', '0.03', '0.03', '0.03', '0.03'], attacker: ['0.07', '0.07', '0.06', '0.07', '0.06']
2026-05-06 13:16:23 | INFO    | dpfl.core.base_simulator | Round  38/150 | Acc: 0.8812 | Loss: 0.4133 | eps: 0.00 | P: 0.00 R: nan F1: nan
2026-05-06 13:16:23 | DEBUG   | dpfl.core.base_simulator | Update norms — honest: ['0.03', '0.03', '0.03', '0.03', '0.03'], attacker: ['0.06', '0.07', '0.07', '0.07', '0.07']
2026-05-06 13:16:27 | INFO    | dpfl.core.base_simulator | Round  39/150 | Acc: 0.8815 | Loss: 0.4108 | eps: 0.00 | P: 0.00 R: nan F1: nan
2026-05-06 13:16:27 | DEBUG   | dpfl.core.base_simulator | Update norms — honest: ['0.03', '0.03', '0.03', '0.03', '0.03'], attacker: ['0.06', '0.07', '0.07', '0.07', '0.07']
2026-05-06 13:16:30 | INFO    | dpfl.core.base_simulator | Round  40/150 | Acc: 0.8818 | Loss: 0.4086 | eps: 0.00 | P: 0.00 R: nan F1: nan
2026-05-06 13:16:30 | DEBUG   | dpfl.core.base_simulator | Update norms — honest: ['0.03', '0.03', '0.03', '0.03', '0.03'], attacker: ['0.07', '0.07', '0.07', '0.07', '0.06']
2026-05-06 13:16:32 | INFO    | dpfl.core.base_simulator | Round  41/150 | Acc: 0.8822 | Loss: 0.4063 | eps: 0.00 | P: 0.00 R: nan F1: nan
2026-05-06 13:16:32 | DEBUG   | dpfl.core.base_simulator | Update norms — honest: ['0.03', '0.03', '0.03', '0.03', '0.03'], attacker: ['0.07', '0.07', '0.07', '0.07', '0.07']
2026-05-06 13:16:35 | INFO    | dpfl.core.base_simulator | Round  42/150 | Acc: 0.8826 | Loss: 0.4043 | eps: 0.00 | P: 0.00 R: nan F1: nan
2026-05-06 13:16:35 | DEBUG   | dpfl.core.base_simulator | Update norms — honest: ['0.03', '0.03', '0.03', '0.03', '0.03'], attacker: ['0.06', '0.07', '0.07', '0.06', '0.06']
2026-05-06 13:16:38 | INFO    | dpfl.core.base_simulator | Round  43/150 | Acc: 0.8828 | Loss: 0.4023 | eps: 0.00 | P: 0.00 R: nan F1: nan
2026-05-06 13:16:38 | DEBUG   | dpfl.core.base_simulator | Update norms — honest: ['0.03', '0.03', '0.03', '0.03', '0.03'], attacker: ['0.07', '0.07', '0.06', '0.07', '0.06']
2026-05-06 13:16:40 | INFO    | dpfl.core.base_simulator | Round  44/150 | Acc: 0.8831 | Loss: 0.4006 | eps: 0.00 | P: 0.00 R: nan F1: nan
2026-05-06 13:16:40 | DEBUG   | dpfl.core.base_simulator | Update norms — honest: ['0.03', '0.03', '0.03', '0.03', '0.03'], attacker: ['0.06', '0.06', '0.06', '0.07', '0.07']
2026-05-06 13:16:43 | INFO    | dpfl.core.base_simulator | Round  45/150 | Acc: 0.8834 | Loss: 0.3989 | eps: 0.00 | P: 0.00 R: nan F1: nan
2026-05-06 13:16:43 | DEBUG   | dpfl.core.base_simulator | Update norms — honest: ['0.03', '0.03', '0.03', '0.03', '0.03'], attacker: ['0.07', '0.07', '0.07', '0.07', '0.07']
2026-05-06 13:16:46 | INFO    | dpfl.core.base_simulator | Round  46/150 | Acc: 0.8837 | Loss: 0.3973 | eps: 0.00 | P: 0.00 R: nan F1: nan
2026-05-06 13:16:46 | DEBUG   | dpfl.core.base_simulator | Update norms — honest: ['0.03', '0.03', '0.03', '0.03', '0.03'], attacker: ['0.06', '0.07', '0.07', '0.07', '0.06']
2026-05-06 13:16:49 | INFO    | dpfl.core.base_simulator | Round  47/150 | Acc: 0.8840 | Loss: 0.3957 | eps: 0.00 | P: 0.00 R: nan F1: nan
2026-05-06 13:16:49 | DEBUG   | dpfl.core.base_simulator | Update norms — honest: ['0.03', '0.03', '0.03', '0.03', '0.03'], attacker: ['0.07', '0.07', '0.07', '0.07', '0.07']
2026-05-06 13:16:51 | INFO    | dpfl.core.base_simulator | Round  48/150 | Acc: 0.8842 | Loss: 0.3944 | eps: 0.00 | P: 0.00 R: nan F1: nan
2026-05-06 13:16:51 | DEBUG   | dpfl.core.base_simulator | Update norms — honest: ['0.03', '0.03', '0.03', '0.03', '0.03'], attacker: ['0.06', '0.07', '0.07', '0.07', '0.07']
2026-05-06 13:16:54 | INFO    | dpfl.core.base_simulator | Round  49/150 | Acc: 0.8844 | Loss: 0.3931 | eps: 0.00 | P: 0.00 R: nan F1: nan
2026-05-06 13:16:54 | DEBUG   | dpfl.core.base_simulator | Update norms — honest: ['0.03', '0.03', '0.03', '0.03', '0.03'], attacker: ['0.06', '0.06', '0.06', '0.06', '0.06']
2026-05-06 13:16:57 | INFO    | dpfl.core.base_simulator | Round  50/150 | Acc: 0.8846 | Loss: 0.3917 | eps: 0.00 | P: 0.00 R: nan F1: nan
2026-05-06 13:16:57 | DEBUG   | dpfl.core.base_simulator | Update norms — honest: ['0.03', '0.03', '0.03', '0.03', '0.03'], attacker: ['0.06', '0.06', '0.06', '0.06', '0.06']
2026-05-06 13:16:59 | INFO    | dpfl.core.base_simulator | Round  51/150 | Acc: 0.8848 | Loss: 0.3906 | eps: 0.00 | P: 0.49 R: 1.00 F1: 0.92
2026-05-06 13:16:59 | DEBUG   | dpfl.core.base_simulator | Update norms — honest: ['0.03', '0.03', '0.03', '0.03', '0.02'], attacker: ['1.10', '1.11', '1.17', '1.14', '1.06']
2026-05-06 13:17:01 | INFO    | dpfl.core.base_simulator | Round  52/150 | Acc: 0.8849 | Loss: 0.3896 | eps: 0.00 | P: 0.48 R: 1.00 F1: 0.89
2026-05-06 13:17:01 | DEBUG   | dpfl.core.base_simulator | Update norms — honest: ['0.03', '0.03', '0.02', '0.03', '0.02'], attacker: ['1.14', '1.16', '1.13', '1.11', '1.02']
2026-05-06 13:17:04 | INFO    | dpfl.core.base_simulator | Round  53/150 | Acc: 0.8851 | Loss: 0.3885 | eps: 0.00 | P: 0.33 R: 1.00 F1: 0.86
2026-05-06 13:17:04 | DEBUG   | dpfl.core.base_simulator | Update norms — honest: ['0.03', '0.03', '0.03', '0.02', '0.03'], attacker: ['1.27', '1.23', '1.17', '1.23', '1.10']
2026-05-06 13:17:06 | INFO    | dpfl.core.base_simulator | Round  54/150 | Acc: 0.8852 | Loss: 0.3876 | eps: 0.00 | P: 0.67 R: 1.00 F1: 0.88
2026-05-06 13:17:06 | DEBUG   | dpfl.core.base_simulator | Update norms — honest: ['0.03', '0.03', '0.02', '0.02', '0.02'], attacker: ['1.28', '1.34', '1.25', '1.24', '1.14']
2026-05-06 13:17:10 | INFO    | dpfl.core.base_simulator | Round  55/150 | Acc: 0.8854 | Loss: 0.3867 | eps: 0.00 | P: 0.45 R: 1.00 F1: 0.91
2026-05-06 13:17:10 | DEBUG   | dpfl.core.base_simulator | Update norms — honest: ['0.03', '0.03', '0.02', '0.03', '0.02'], attacker: ['1.29', '1.35', '1.26', '1.22', '1.19']
2026-05-06 13:17:11 | INFO    | dpfl.core.base_simulator | Round  56/150 | Acc: 0.8846 | Loss: 0.3925 | eps: 0.00 | P: 0.33 R: 1.00 F1: 0.89
2026-05-06 13:17:11 | DEBUG   | dpfl.core.base_simulator | Update norms — honest: ['0.02', '0.03', '0.02', '0.03', '0.02'], attacker: ['1.53', '1.54', '1.57', '1.35', '1.31']
2026-05-06 13:17:15 | INFO    | dpfl.core.base_simulator | Round  57/150 | Acc: 0.8810 | Loss: 0.4295 | eps: 0.00 | P: 0.36 R: 0.98 F1: 0.92
2026-05-06 13:17:15 | DEBUG   | dpfl.core.base_simulator | Update norms — honest: ['0.03', '0.02', '0.02', '0.03', '0.02'], attacker: ['1.48', '1.45', '1.45', '1.46', '1.31']
2026-05-06 13:17:16 | INFO    | dpfl.core.base_simulator | Round  58/150 | Acc: 0.8751 | Loss: 0.4780 | eps: 0.00 | P: 0.28 R: 0.99 F1: 0.92
2026-05-06 13:17:16 | DEBUG   | dpfl.core.base_simulator | Update norms — honest: ['0.02', '0.02', '0.03', '0.02', '0.02'], attacker: ['1.35', '1.51', '1.46', '1.49', '1.34']
2026-05-06 13:17:20 | INFO    | dpfl.core.base_simulator | Round  59/150 | Acc: 0.8603 | Loss: 40.3628 | eps: 0.00 | P: 0.37 R: 0.98 F1: 0.89
2026-05-06 13:17:20 | DEBUG   | dpfl.core.base_simulator | Update norms — honest: ['0.02', '0.02', '0.02', '0.03', '0.02'], attacker: ['15.78', '16.69', '15.89', '15.85', '16.63']
2026-05-06 13:17:22 | INFO    | dpfl.core.base_simulator | Round  60/150 | Acc: 0.8456 | Loss: 7198.2363 | eps: 0.00 | P: 0.47 R: 0.98 F1: 0.90
2026-05-06 13:17:22 | DEBUG   | dpfl.core.base_simulator | Update norms — honest: ['0.02', '0.03', '0.02', '0.02', '0.02'], attacker: ['230.21', '231.33', '226.10', '226.35', '230.54']
2026-05-06 13:17:26 | INFO    | dpfl.core.base_simulator | Round  61/150 | Acc: 0.8337 | Loss: 1290533.7613 | eps: 0.00 | P: 0.55 R: 0.97 F1: 0.90
2026-05-06 13:17:26 | DEBUG   | dpfl.core.base_simulator | Update norms — honest: ['0.03', '0.02', '0.02', '0.02', '0.02'], attacker: ['2984.97', '2954.78', '2973.15', '2900.13', '3011.84']
2026-05-06 13:17:29 | INFO    | dpfl.core.base_simulator | Round  62/150 | Acc: 0.8213 | Loss: 115543697.0203 | eps: 0.00 | P: 0.39 R: 0.98 F1: 0.87
2026-05-06 13:17:29 | DEBUG   | dpfl.core.base_simulator | Update norms — honest: ['0.02', '0.02', '0.02', '0.03', '0.02'], attacker: ['32744.12', '34783.48', '33412.72', '35092.70', '32287.45']
2026-05-06 13:17:31 | INFO    | dpfl.core.base_simulator | Round  63/150 | Acc: 0.8075 | Loss: 13010355423.0778 | eps: 0.00 | P: 0.33 R: 0.98 F1: 0.88
2026-05-06 13:17:31 | DEBUG   | dpfl.core.base_simulator | Update norms — honest: ['0.02', '0.02', '0.02', '0.02', '0.02'], attacker: ['392639.66', '398471.12', '382238.06', '390768.50', '380536.47']
2026-05-06 13:17:35 | INFO    | dpfl.core.base_simulator | Round  64/150 | Acc: 0.7944 | Loss: 2155008362589.2720 | eps: 0.00 | P: 0.35 R: 0.98 F1: 0.81
2026-05-06 13:17:35 | DEBUG   | dpfl.core.base_simulator | Update norms — honest: ['0.03', '0.02', '0.02', '0.02', '0.02'], attacker: ['4004435.75', '4227480.50', '3830898.00', '4064263.00', '4060466.75']
2026-05-06 13:17:37 | INFO    | dpfl.core.base_simulator | Round  65/150 | Acc: 0.7792 | Loss: 337004962654251.8750 | eps: 0.00 | P: 0.59 R: 0.98 F1: 0.90
2026-05-06 13:17:37 | DEBUG   | dpfl.core.base_simulator | Update norms — honest: ['0.03', '0.02', '0.02', '0.02', '0.02'], attacker: ['41758392.00', '41227264.00', '41677888.00', '41643764.00', '44204280.00']
2026-05-06 13:17:41 | INFO    | dpfl.core.base_simulator | Round  66/150 | Acc: 0.7648 | Loss: 29313301155098728.0000 | eps: 0.00 | P: 0.45 R: 0.98 F1: 0.88
2026-05-06 13:17:41 | DEBUG   | dpfl.core.base_simulator | Update norms — honest: ['0.02', '18737282.00', '17163496.00', '0.02', '0.02'], attacker: ['440871456.00', '422650368.00', '420606720.00', '392163904.00', '454621632.00']
2026-05-06 13:17:43 | INFO    | dpfl.core.base_simulator | Round  67/150 | Acc: 0.7608 | Loss: 1081767142964133504.0000 | eps: 0.00 | P: 0.21 R: 0.98 F1: 0.96
2026-05-06 13:17:43 | DEBUG   | dpfl.core.base_simulator | Update norms — honest: ['0.02', '6677142.00', '6026879.00', '0.02', '0.02'], attacker: ['4580192256.00', '4824005632.00', '4878503424.00', '4899804672.00', '4759201280.00']
2026-05-06 13:17:46 | INFO    | dpfl.core.base_simulator | Round  68/150 | Acc: 0.7549 | Loss: 208536307264678100992.0000 | eps: 0.00 | P: 0.27 R: 0.98 F1: 0.82
2026-05-06 13:17:46 | DEBUG   | dpfl.core.base_simulator | Update norms — honest: ['0.02', '4618279.00', '2224049152.00', '0.02', '0.02'], attacker: ['47634423808.00', '49220300800.00', '48917135360.00', '53639163904.00', '46543867904.00']
2026-05-06 13:17:49 | INFO    | dpfl.core.base_simulator | Round  69/150 | Acc: 0.7435 | Loss: 34827431049355209998336.0000 | eps: 0.00 | P: 0.33 R: 0.97 F1: 0.81
2026-05-06 13:17:49 | DEBUG   | dpfl.core.base_simulator | Update norms — honest: ['0.02', '3786945.75', '731518720.00', '0.02', '0.02'], attacker: ['572036808704.00', '532056965120.00', '505420906496.00', '554189520896.00', '530496323584.00']
2026-05-06 13:17:51 | INFO    | dpfl.core.base_simulator | Round  70/150 | Acc: 0.7476 | Loss: 867991278458774120038400.0000 | eps: 0.00 | P: 0.22 R: 0.99 F1: 0.74
2026-05-06 13:17:51 | DEBUG   | dpfl.core.base_simulator | Update norms — honest: ['0.02', '3662801.50', '537348672.00', '0.02', '227283075072.00'], attacker: ['5478766084096.00', '5712278192128.00', '5800941584384.00', '5627382857728.00', '5412655464448.00']
2026-05-06 13:17:55 | INFO    | dpfl.core.base_simulator | Round  71/150 | Acc: 0.7466 | Loss: 221834476725302850385608704.0000 | eps: 0.00 | P: 0.35 R: 0.98 F1: 0.94
2026-05-06 13:17:55 | DEBUG   | dpfl.core.base_simulator | Update norms — honest: ['0.02', '2269434.00', '516934368.00', '0.02', '2909878091776.00'], attacker: ['62288828563456.00', '62795173330944.00', '66677920235520.00', '63486470127616.00', '60824886444032.00']
2026-05-06 13:17:57 | INFO    | dpfl.core.base_simulator | Round  72/150 | Acc: 0.7381 | Loss: 37421432993833724090955857920.0000 | eps: 0.00 | P: 0.41 R: 0.98 F1: 0.92
2026-05-06 13:17:57 | DEBUG   | dpfl.core.base_simulator | Update norms — honest: ['0.02', '2371520.75', '412958112.00', '0.02', '614675316736.00'], attacker: ['658022946832384.00', '618091159486464.00', '660883529269248.00', '636007749779456.00', '607057992482816.00']
2026-05-06 13:17:59 | INFO    | dpfl.core.base_simulator | Round  73/150 | Acc: 0.7352 | Loss: 2801865723394698480537919553536.0000 | eps: 0.00 | P: 0.26 R: 0.98 F1: 0.88
2026-05-06 13:17:59 | DEBUG   | dpfl.core.base_simulator | Update norms — honest: ['0.02', '1525899.00', '308553184.00', '0.02', '462197882880.00'], attacker: ['7188324628299776.00', '6701921729511424.00', '7006303377424384.00', '6608337613357056.00', '7088363559452672.00']
2026-05-06 13:18:02 | INFO    | dpfl.core.base_simulator | Round  74/150 | Acc: 0.7274 | Loss: 570996315161624750288836568809472.0000 | eps: 0.00 | P: 0.35 R: 0.97 F1: 0.88
2026-05-06 13:18:02 | DEBUG   | dpfl.core.base_simulator | Update norms — honest: ['0.02', '1915267.75', '221170400.00', '0.02', '432727687168.00'], attacker: ['71553536676069376.00', '72137248501399552.00', '75949641861955584.00', '66339579522711552.00', '77048895791693824.00']
2026-05-06 13:18:06 | INFO    | dpfl.core.base_simulator | Round  75/150 | Acc: 0.7277 | Loss: inf | eps: 0.00 | P: 0.30 R: 0.99 F1: 0.87
2026-05-06 13:18:06 | DEBUG   | dpfl.core.base_simulator | Update norms — honest: ['0.02', '1305713.38', '205337184.00', '0.02', '427819466752.00'], attacker: ['750212245513830400.00', '792721357908475904.00', '780796467110477824.00', '774123324883075072.00', '740158654786830336.00']
2026-05-06 13:18:08 | INFO    | dpfl.core.base_simulator | Round  76/150 | Acc: 0.7322 | Loss: inf | eps: 0.00 | P: 0.41 R: 1.00 F1: 0.81
2026-05-06 13:18:08 | DEBUG   | dpfl.core.base_simulator | Update norms — honest: ['0.02', '1251397.50', '185447712.00', '0.02', '286841831424.00'], attacker: ['8683182523884240896.00', '8367980027991556096.00', '8715635159333863424.00', '8397330941139222528.00', '7537847099753234432.00']
2026-05-06 13:18:12 | INFO    | dpfl.core.base_simulator | Round  77/150 | Acc: 0.7322 | Loss: inf | eps: 0.00 | P: 0.31 R: 1.00 F1: 0.87
2026-05-06 13:18:12 | DEBUG   | dpfl.core.base_simulator | Update norms — honest: ['0.02', '814321.69', '115942032.00', '0.02', '247731224576.00'], attacker: ['nan', 'nan', 'nan', 'nan', 'nan']
2026-05-06 13:18:13 | INFO    | dpfl.core.base_simulator | Round  78/150 | Acc: 0.7417 | Loss: inf | eps: 0.00 | P: 0.37 R: 1.00 F1: 0.92
2026-05-06 13:18:13 | DEBUG   | dpfl.core.base_simulator | Update norms — honest: ['0.02', '849403.38', '133362296.00', '0.02', '212656930816.00'], attacker: ['nan', 'nan', 'nan', 'nan', 'nan']
2026-05-06 13:18:17 | INFO    | dpfl.core.base_simulator | Round  79/150 | Acc: 0.7449 | Loss: inf | eps: 0.00 | P: 0.52 R: 1.00 F1: 0.96
2026-05-06 13:18:17 | DEBUG   | dpfl.core.base_simulator | Update norms — honest: ['0.02', '564604.19', '107513264.00', '0.02', '174283292672.00'], attacker: ['nan', 'nan', 'nan', 'nan', 'nan']
2026-05-06 13:18:18 | INFO    | dpfl.core.base_simulator | Round  80/150 | Acc: 0.7557 | Loss: inf | eps: 0.00 | P: 0.24 R: 1.00 F1: 0.85
2026-05-06 13:18:18 | DEBUG   | dpfl.core.base_simulator | Update norms — honest: ['0.02', '782230.25', '95545848.00', '0.02', '118380814336.00'], attacker: ['nan', 'nan', 'nan', 'nan', 'nan']
2026-05-06 13:18:22 | INFO    | dpfl.core.base_simulator | Round  81/150 | Acc: 0.7623 | Loss: inf | eps: 0.00 | P: 0.50 R: 1.00 F1: 0.89
2026-05-06 13:18:22 | DEBUG   | dpfl.core.base_simulator | Update norms — honest: ['0.02', '468748.34', '99200024.00', '0.02', '151720935424.00'], attacker: ['nan', 'nan', 'nan', 'nan', 'nan']
2026-05-06 13:18:24 | INFO    | dpfl.core.base_simulator | Round  82/150 | Acc: 0.7630 | Loss: 398739974700998793993050155646976.0000 | eps: 0.00 | P: 0.45 R: 1.00 F1: 0.85
2026-05-06 13:18:24 | DEBUG   | dpfl.core.base_simulator | Update norms — honest: ['0.02', '567157.06', '72649536.00', '0.02', '108601065472.00'], attacker: ['nan', 'nan', 'nan', 'nan', 'nan']
2026-05-06 13:18:27 | INFO    | dpfl.core.base_simulator | Round  83/150 | Acc: 0.7730 | Loss: 260012803523958025286920131575808.0000 | eps: 0.00 | P: 0.30 R: 1.00 F1: 0.94
2026-05-06 13:18:27 | DEBUG   | dpfl.core.base_simulator | Update norms — honest: ['0.02', '566189.31', '89299560.00', '0.02', '97894989824.00'], attacker: ['nan', 'nan', 'nan', 'nan', 'nan']
2026-05-06 13:18:29 | INFO    | dpfl.core.base_simulator | Round  84/150 | Acc: 0.7779 | Loss: 226802712458712512631710276386816.0000 | eps: 0.00 | P: 0.38 R: 1.00 F1: 0.92
2026-05-06 13:18:29 | DEBUG   | dpfl.core.base_simulator | Update norms — honest: ['0.02', '395235.94', '76715200.00', '0.02', '78658732032.00'], attacker: ['nan', 'nan', 'nan', 'nan', 'nan']
2026-05-06 13:18:33 | INFO    | dpfl.core.base_simulator | Round  85/150 | Acc: 0.7766 | Loss: 224664350073595710397974260482048.0000 | eps: 0.00 | P: 0.51 R: 1.00 F1: 0.84
2026-05-06 13:18:33 | DEBUG   | dpfl.core.base_simulator | Update norms — honest: ['0.02', '293277.41', '50197016.00', '0.02', '61406986240.00'], attacker: ['nan', 'nan', 'nan', 'nan', 'nan']
2026-05-06 13:18:34 | INFO    | dpfl.core.base_simulator | Round  86/150 | Acc: 0.7822 | Loss: 170362317373970550129697014939648.0000 | eps: 0.00 | P: 0.27 R: 1.00 F1: 0.92
2026-05-06 13:18:34 | DEBUG   | dpfl.core.base_simulator | Update norms — honest: ['0.02', '324170.59', '63488064.00', '0.02', '65239089152.00'], attacker: ['nan', 'nan', 'nan', 'nan', 'nan']
2026-05-06 13:18:38 | INFO    | dpfl.core.base_simulator | Round  87/150 | Acc: 0.7873 | Loss: 135003820945665938876832426229760.0000 | eps: 0.00 | P: 0.42 R: 1.00 F1: 0.89
2026-05-06 13:18:38 | DEBUG   | dpfl.core.base_simulator | Update norms — honest: ['0.02', '307595.00', '45556900.00', '0.02', '59221458944.00'], attacker: ['nan', 'nan', 'nan', 'nan', 'nan']
2026-05-06 13:18:40 | INFO    | dpfl.core.base_simulator | Round  88/150 | Acc: 0.7936 | Loss: 125737559293213164737019181531136.0000 | eps: 0.00 | P: 0.48 R: 1.00 F1: 0.90
2026-05-06 13:18:40 | DEBUG   | dpfl.core.base_simulator | Update norms — honest: ['0.02', '347898.75', '46373224.00', '0.02', '76971614208.00'], attacker: ['nan', 'nan', 'nan', 'nan', 'nan']
2026-05-06 13:18:43 | INFO    | dpfl.core.base_simulator | Round  89/150 | Acc: 0.7954 | Loss: 117343251368059197205663002394624.0000 | eps: 0.00 | P: 0.38 R: 1.00 F1: 0.89
2026-05-06 13:18:43 | DEBUG   | dpfl.core.base_simulator | Update norms — honest: ['0.02', '410937.31', '51711700.00', '0.02', '85672353792.00'], attacker: ['nan', 'nan', 'nan', 'nan', 'nan']
2026-05-06 13:18:45 | INFO    | dpfl.core.base_simulator | Round  90/150 | Acc: 0.7989 | Loss: 86672887758442521131147373576192.0000 | eps: 0.00 | P: 0.55 R: 1.00 F1: 0.93
2026-05-06 13:18:45 | DEBUG   | dpfl.core.base_simulator | Update norms — honest: ['0.02', '341238.50', '48610332.00', '0.02', '58444324864.00'], attacker: ['nan', 'nan', 'nan', 'nan', 'nan']
2026-05-06 13:18:49 | INFO    | dpfl.core.base_simulator | Round  91/150 | Acc: 0.7993 | Loss: 85973298312903615533284352589824.0000 | eps: 0.00 | P: 0.33 R: 1.00 F1: 0.80
2026-05-06 13:18:49 | DEBUG   | dpfl.core.base_simulator | Update norms — honest: ['0.02', '254674.31', '35417384.00', '0.02', '50923241472.00'], attacker: ['nan', 'nan', 'nan', 'nan', 'nan']
2026-05-06 13:18:51 | INFO    | dpfl.core.base_simulator | Round  92/150 | Acc: 0.8070 | Loss: 74581413567422388021279330402304.0000 | eps: 0.00 | P: 0.47 R: 1.00 F1: 0.88
2026-05-06 13:18:51 | DEBUG   | dpfl.core.base_simulator | Update norms — honest: ['0.02', '314727.16', '34461600.00', '0.02', '50570276864.00'], attacker: ['nan', 'nan', 'nan', 'nan', 'nan']
2026-05-06 13:18:53 | INFO    | dpfl.core.base_simulator | Round  93/150 | Acc: 0.8098 | Loss: 68950684969877222006154195894272.0000 | eps: 0.00 | P: 0.30 R: 1.00 F1: 0.92
2026-05-06 13:18:53 | DEBUG   | dpfl.core.base_simulator | Update norms — honest: ['0.02', '265512.06', '34471532.00', '0.02', '51872714752.00'], attacker: ['nan', 'nan', 'nan', 'nan', 'nan']
2026-05-06 13:18:56 | INFO    | dpfl.core.base_simulator | Round  94/150 | Acc: 0.8042 | Loss: 56211672902390164299922645450752.0000 | eps: 0.00 | P: 0.36 R: 1.00 F1: 0.84
2026-05-06 13:18:56 | DEBUG   | dpfl.core.base_simulator | Update norms — honest: ['0.02', '278292.91', '32264502.00', '0.02', '33631232000.00'], attacker: ['nan', 'nan', 'nan', 'nan', 'nan']
2026-05-06 13:18:59 | INFO    | dpfl.core.base_simulator | Round  95/150 | Acc: 0.8082 | Loss: 51396432088313396683396349952000.0000 | eps: 0.00 | P: 0.55 R: 1.00 F1: 0.93
2026-05-06 13:18:59 | DEBUG   | dpfl.core.base_simulator | Update norms — honest: ['0.02', '259445.06', '30180970.00', '0.02', '30903359488.00'], attacker: ['nan', 'nan', 'nan', 'nan', 'nan']
2026-05-06 13:19:01 | INFO    | dpfl.core.base_simulator | Round  96/150 | Acc: 0.8019 | Loss: 47953399909330315249463037263872.0000 | eps: 0.00 | P: 0.34 R: 1.00 F1: 0.89
2026-05-06 13:19:01 | DEBUG   | dpfl.core.base_simulator | Update norms — honest: ['0.02', '222902.78', '27347638.00', '0.02', '34916089856.00'], attacker: ['nan', 'nan', 'nan', 'nan', 'nan']
2026-05-06 13:19:05 | INFO    | dpfl.core.base_simulator | Round  97/150 | Acc: 0.8031 | Loss: 61101482445677354840647840825344.0000 | eps: 0.00 | P: 0.18 R: 1.00 F1: 0.80
2026-05-06 13:19:05 | DEBUG   | dpfl.core.base_simulator | Update norms — honest: ['0.02', '240408.25', '25674134.00', '0.02', '46494715904.00'], attacker: ['nan', 'nan', 'nan', 'nan', 'nan']
2026-05-06 13:19:06 | INFO    | dpfl.core.base_simulator | Round  98/150 | Acc: 0.8141 | Loss: 47849414564783738018915076276224.0000 | eps: 0.00 | P: 0.34 R: 1.00 F1: 0.87
2026-05-06 13:19:06 | DEBUG   | dpfl.core.base_simulator | Update norms — honest: ['0.02', '263467.03', '25595036.00', '0.02', '33262790656.00'], attacker: ['nan', 'nan', 'nan', 'nan', 'nan']
2026-05-06 13:19:10 | INFO    | dpfl.core.base_simulator | Round  99/150 | Acc: 0.8200 | Loss: 36537046085385567244335552921600.0000 | eps: 0.00 | P: 0.46 R: 1.00 F1: 0.88
2026-05-06 13:19:10 | DEBUG   | dpfl.core.base_simulator | Update norms — honest: ['0.02', '244491.97', '27311856.00', '0.02', '23266736128.00'], attacker: ['nan', 'nan', 'nan', 'nan', 'nan']
2026-05-06 13:19:12 | INFO    | dpfl.core.base_simulator | Round 100/150 | Acc: 0.8229 | Loss: 33861148705012932087061436956672.0000 | eps: 0.00 | P: 0.44 R: 1.00 F1: 0.88
2026-05-06 13:19:12 | DEBUG   | dpfl.core.base_simulator | Update norms — honest: ['0.02', '228652.41', '17435230.00', '0.02', '24176273408.00'], attacker: ['nan', 'nan', 'nan', 'nan', 'nan']
2026-05-06 13:19:16 | INFO    | dpfl.core.base_simulator | Round 101/150 | Acc: 0.8216 | Loss: 31388904457030528203092716945408.0000 | eps: 0.00 | P: 0.23 R: 1.00 F1: 0.71
2026-05-06 13:19:16 | DEBUG   | dpfl.core.base_simulator | Update norms — honest: ['0.02', '198855.53', '28291940.00', '0.02', '39190781952.00'], attacker: ['nan', 'nan', 'nan', 'nan', 'nan']
2026-05-06 13:19:18 | INFO    | dpfl.core.base_simulator | Round 102/150 | Acc: 0.8268 | Loss: 27807837845501111041492137279488.0000 | eps: 0.00 | P: 0.49 R: 1.00 F1: 0.86
2026-05-06 13:19:18 | DEBUG   | dpfl.core.base_simulator | Update norms — honest: ['0.02', '222818.16', '27058958.00', '0.02', '33992329216.00'], attacker: ['nan', 'nan', 'nan', 'nan', 'nan']
2026-05-06 13:19:22 | INFO    | dpfl.core.base_simulator | Round 103/150 | Acc: 0.8251 | Loss: 29671114656370982998916984733696.0000 | eps: 0.00 | P: 0.43 R: 1.00 F1: 0.88
2026-05-06 13:19:22 | DEBUG   | dpfl.core.base_simulator | Update norms — honest: ['0.01', '203052.62', '21707266.00', '0.02', '26060646400.00'], attacker: ['nan', 'nan', 'nan', 'nan', 'nan']
2026-05-06 13:19:23 | INFO    | dpfl.core.base_simulator | Round 104/150 | Acc: 0.8271 | Loss: 26537461211043009821131247976448.0000 | eps: 0.00 | P: 0.44 R: 1.00 F1: 0.89
2026-05-06 13:19:23 | DEBUG   | dpfl.core.base_simulator | Update norms — honest: ['0.01', '217087.45', '21194020.00', '0.01', '23565180928.00'], attacker: ['nan', 'nan', 'nan', 'nan', 'nan']
2026-05-06 13:19:27 | INFO    | dpfl.core.base_simulator | Round 105/150 | Acc: 0.8287 | Loss: 23993457561954554707349742813184.0000 | eps: 0.00 | P: 0.51 R: 1.00 F1: 0.91
2026-05-06 13:19:27 | DEBUG   | dpfl.core.base_simulator | Update norms — honest: ['0.02', '190178.66', '16670159.00', '0.01', '22772539392.00'], attacker: ['nan', 'nan', 'nan', 'nan', 'nan']
2026-05-06 13:19:28 | INFO    | dpfl.core.base_simulator | Round 106/150 | Acc: 0.8321 | Loss: 24145495565372557546183217643520.0000 | eps: 0.00 | P: 0.52 R: 1.00 F1: 0.85
2026-05-06 13:19:28 | DEBUG   | dpfl.core.base_simulator | Update norms — honest: ['0.02', '191738.16', '15832510.00', '0.02', '26737913856.00'], attacker: ['nan', 'nan', 'nan', 'nan', 'nan']
2026-05-06 13:19:33 | INFO    | dpfl.core.base_simulator | Round 107/150 | Acc: 0.8342 | Loss: 23031487690858107113416960245760.0000 | eps: 0.00 | P: 0.35 R: 1.00 F1: 0.91
2026-05-06 13:19:33 | DEBUG   | dpfl.core.base_simulator | Update norms — honest: ['0.02', '190542.11', '15308331.00', '0.01', '26990157824.00'], attacker: ['nan', 'nan', 'nan', 'nan', 'nan']
2026-05-06 13:19:33 | INFO    | dpfl.core.base_simulator | Round 108/150 | Acc: 0.8293 | Loss: 21448012115855750751109880217600.0000 | eps: 0.00 | P: 0.41 R: 1.00 F1: 0.87
2026-05-06 13:19:33 | DEBUG   | dpfl.core.base_simulator | Update norms — honest: ['0.01', '239817.58', '18578680.00', '0.02', '18904287232.00'], attacker: ['nan', 'nan', 'nan', 'nan', 'nan']
2026-05-06 13:19:37 | INFO    | dpfl.core.base_simulator | Round 109/150 | Acc: 0.8320 | Loss: 20551637449159156000572108177408.0000 | eps: 0.00 | P: 0.42 R: 1.00 F1: 0.90
2026-05-06 13:19:37 | DEBUG   | dpfl.core.base_simulator | Update norms — honest: ['0.02', '171620.59', '16786628.00', '0.01', '24797679616.00'], attacker: ['nan', 'nan', 'nan', 'nan', 'nan']
2026-05-06 13:19:39 | INFO    | dpfl.core.base_simulator | Round 110/150 | Acc: 0.8129 | Loss: 22293928186799803732306083971072.0000 | eps: 0.00 | P: 0.37 R: 1.00 F1: 0.89
2026-05-06 13:19:39 | DEBUG   | dpfl.core.base_simulator | Update norms — honest: ['0.01', '175712.02', '13933974.00', '0.01', '33352765440.00'], attacker: ['nan', 'nan', 'nan', 'nan', 'nan']
2026-05-06 13:19:43 | INFO    | dpfl.core.base_simulator | Round 111/150 | Acc: 0.8131 | Loss: 27588580406074990134719965822976.0000 | eps: 0.00 | P: 0.28 R: 1.00 F1: 0.87
2026-05-06 13:19:43 | DEBUG   | dpfl.core.base_simulator | Update norms — honest: ['0.01', '192552.83', '17098610.00', '0.01', '27705958400.00'], attacker: ['nan', 'nan', 'nan', 'nan', 'nan']
2026-05-06 13:19:44 | INFO    | dpfl.core.base_simulator | Round 112/150 | Acc: 0.8146 | Loss: 20830297454522154016629139177472.0000 | eps: 0.00 | P: 0.39 R: 1.00 F1: 0.86
2026-05-06 13:19:44 | DEBUG   | dpfl.core.base_simulator | Update norms — honest: ['0.02', '176521.94', '20139398.00', '0.01', '19234863104.00'], attacker: ['nan', 'nan', 'nan', 'nan', 'nan']
2026-05-06 13:19:45 | INFO    | dpfl.core.base_simulator | Round 113/150 | Acc: 0.8154 | Loss: 17999931833727715853031692042240.0000 | eps: 0.00 | P: 0.54 R: 1.00 F1: 0.90
2026-05-06 13:19:45 | DEBUG   | dpfl.core.base_simulator | Update norms — honest: ['0.01', '144442.06', '12045019.00', '0.01', '18396581888.00'], attacker: ['nan', 'nan', 'nan', 'nan', 'nan']
2026-05-06 13:19:46 | INFO    | dpfl.core.base_simulator | Round 114/150 | Acc: 0.8108 | Loss: 19447400223111935801725527523328.0000 | eps: 0.00 | P: 0.44 R: 1.00 F1: 0.88
2026-05-06 13:19:46 | DEBUG   | dpfl.core.base_simulator | Update norms — honest: ['0.01', '173503.69', '15825226.00', '0.01', '20683573248.00'], attacker: ['nan', 'nan', 'nan', 'nan', 'nan']
2026-05-06 13:19:47 | INFO    | dpfl.core.base_simulator | Round 115/150 | Acc: 0.8132 | Loss: 18025601348759569069929429729280.0000 | eps: 0.00 | P: 0.60 R: 1.00 F1: 0.90
2026-05-06 13:19:47 | DEBUG   | dpfl.core.base_simulator | Update norms — honest: ['0.01', '151044.88', '13425795.00', '0.01', '26173274112.00'], attacker: ['nan', 'nan', 'nan', 'nan', 'nan']
2026-05-06 13:19:48 | INFO    | dpfl.core.base_simulator | Round 116/150 | Acc: 0.8141 | Loss: 18117648676084775497367140958208.0000 | eps: 0.00 | P: 0.40 R: 1.00 F1: 0.94
2026-05-06 13:19:48 | DEBUG   | dpfl.core.base_simulator | Update norms — honest: ['0.01', '158802.17', '9365133.00', '0.01', '27652341760.00'], attacker: ['nan', 'nan', 'nan', 'nan', 'nan']
2026-05-06 13:19:48 | INFO    | dpfl.core.base_simulator | Round 117/150 | Acc: 0.8160 | Loss: 20136136703760723341637018714112.0000 | eps: 0.00 | P: 0.33 R: 1.00 F1: 0.87
2026-05-06 13:19:48 | DEBUG   | dpfl.core.base_simulator | Update norms — honest: ['0.01', '147730.59', '14681240.00', '0.01', '16612800512.00'], attacker: ['nan', 'nan', 'nan', 'nan', 'nan']
2026-05-06 13:19:49 | INFO    | dpfl.core.base_simulator | Round 118/150 | Acc: 0.8178 | Loss: 16752971507572403570068965818368.0000 | eps: 0.00 | P: 0.39 R: 1.00 F1: 0.90
2026-05-06 13:19:49 | DEBUG   | dpfl.core.base_simulator | Update norms — honest: ['0.01', '148516.12', '12590464.00', '0.01', '23881437184.00'], attacker: ['nan', 'nan', 'nan', 'nan', 'nan']
2026-05-06 13:20:00 | INFO    | dpfl.core.base_simulator | Round 119/150 | Acc: 0.8170 | Loss: 16418347937193067889495428300800.0000 | eps: 0.00 | P: 0.29 R: 1.00 F1: 0.90
2026-05-06 13:20:00 | DEBUG   | dpfl.core.base_simulator | Update norms — honest: ['0.01', '188210.84', '12977469.00', '0.01', '22759385088.00'], attacker: ['nan', 'nan', 'nan', 'nan', 'nan']
2026-05-06 13:20:12 | INFO    | dpfl.core.base_simulator | Round 120/150 | Acc: 0.8196 | Loss: 16121819410070707245813380153344.0000 | eps: 0.00 | P: 0.27 R: 1.00 F1: 0.83
2026-05-06 13:20:12 | DEBUG   | dpfl.core.base_simulator | Update norms — honest: ['0.01', '187118.30', '11055264.00', '0.01', '29933563904.00'], attacker: ['nan', 'nan', 'nan', 'nan', 'nan']
2026-05-06 13:20:31 | INFO    | dpfl.core.base_simulator | Round 121/150 | Acc: 0.8197 | Loss: 16749686286593421492483937796096.0000 | eps: 0.00 | P: 0.40 R: 1.00 F1: 0.93
2026-05-06 13:20:31 | DEBUG   | dpfl.core.base_simulator | Update norms — honest: ['0.02', '246587.98', '10819195.00', '0.01', '22369320960.00'], attacker: ['nan', 'nan', 'nan', 'nan', 'nan']
2026-05-06 13:20:42 | INFO    | dpfl.core.base_simulator | Round 122/150 | Acc: 0.8183 | Loss: 17149243338247026269361962745856.0000 | eps: 0.00 | P: 0.40 R: 1.00 F1: 0.93
2026-05-06 13:20:42 | DEBUG   | dpfl.core.base_simulator | Update norms — honest: ['0.01', '167821.58', '10909825.00', '0.01', '21026699264.00'], attacker: ['nan', 'nan', 'nan', 'nan', 'nan']
2026-05-06 13:20:43 | INFO    | dpfl.core.base_simulator | Round 123/150 | Acc: 0.8198 | Loss: 17223890432512638780021112045568.0000 | eps: 0.00 | P: 0.52 R: 1.00 F1: 0.88
2026-05-06 13:20:43 | DEBUG   | dpfl.core.base_simulator | Update norms — honest: ['0.01', '161744.39', '11614822.00', '0.01', '26927636480.00'], attacker: ['nan', 'nan', 'nan', 'nan', 'nan']
2026-05-06 13:20:44 | INFO    | dpfl.core.base_simulator | Round 124/150 | Acc: 0.8213 | Loss: 17812568065129580281829148065792.0000 | eps: 0.00 | P: 0.33 R: 1.00 F1: 0.86
2026-05-06 13:20:44 | DEBUG   | dpfl.core.base_simulator | Update norms — honest: ['0.01', '133066.36', '12668515.00', '0.01', '19787147264.00'], attacker: ['nan', 'nan', 'nan', 'nan', 'nan']
2026-05-06 13:20:45 | INFO    | dpfl.core.base_simulator | Round 125/150 | Acc: 0.8154 | Loss: 16772127872113289972562205343744.0000 | eps: 0.00 | P: 0.53 R: 1.00 F1: 0.91
2026-05-06 13:20:45 | DEBUG   | dpfl.core.base_simulator | Update norms — honest: ['0.01', '124166.78', '10233289.00', '0.01', '21913649152.00'], attacker: ['nan', 'nan', 'nan', 'nan', 'nan']
2026-05-06 13:20:46 | INFO    | dpfl.core.base_simulator | Round 126/150 | Acc: 0.8176 | Loss: 15081737297679574862973284384768.0000 | eps: 0.00 | P: 0.53 R: 1.00 F1: 0.92
2026-05-06 13:20:46 | DEBUG   | dpfl.core.base_simulator | Update norms — honest: ['0.01', '198596.86', '12046799.00', '0.01', '19666323456.00'], attacker: ['nan', 'nan', 'nan', 'nan', 'nan']
2026-05-06 13:20:48 | INFO    | dpfl.core.base_simulator | Round 127/150 | Acc: 0.8199 | Loss: 15110668112371509870056647426048.0000 | eps: 0.00 | P: 0.67 R: 1.00 F1: 0.93
2026-05-06 13:20:48 | DEBUG   | dpfl.core.base_simulator | Update norms — honest: ['0.01', '138259.91', '12871513.00', '0.01', '15178996736.00'], attacker: ['nan', 'nan', 'nan', 'nan', 'nan']
2026-05-06 13:20:52 | INFO    | dpfl.core.base_simulator | Round 128/150 | Acc: 0.8199 | Loss: 15400694845900959616575651971072.0000 | eps: 0.00 | P: 0.31 R: 1.00 F1: 0.86
2026-05-06 13:20:52 | DEBUG   | dpfl.core.base_simulator | Update norms — honest: ['0.01', '140245.39', '10079493.00', '0.01', '14182798336.00'], attacker: ['nan', 'nan', 'nan', 'nan', 'nan']
2026-05-06 13:20:54 | INFO    | dpfl.core.base_simulator | Round 129/150 | Acc: 0.8194 | Loss: 15644749713693543337283322642432.0000 | eps: 0.00 | P: 0.53 R: 1.00 F1: 0.85
2026-05-06 13:20:54 | DEBUG   | dpfl.core.base_simulator | Update norms — honest: ['0.01', '98831.09', '8167361.00', '0.01', '10816533504.00'], attacker: ['nan', 'nan', 'nan', 'nan', 'nan']
2026-05-06 13:20:55 | INFO    | dpfl.core.base_simulator | Round 130/150 | Acc: 0.8212 | Loss: 14929892240567756607783193018368.0000 | eps: 0.00 | P: 0.43 R: 1.00 F1: 0.88
2026-05-06 13:20:55 | DEBUG   | dpfl.core.base_simulator | Update norms — honest: ['0.01', '215134.95', '10909943.00', '0.01', '14815793152.00'], attacker: ['nan', 'nan', 'nan', 'nan', 'nan']
2026-05-06 13:20:56 | INFO    | dpfl.core.base_simulator | Round 131/150 | Acc: 0.8217 | Loss: 15977196163995589971161324191744.0000 | eps: 0.00 | P: 0.55 R: 1.00 F1: 0.94
2026-05-06 13:20:56 | DEBUG   | dpfl.core.base_simulator | Update norms — honest: ['0.01', '166281.66', '10306120.00', '0.01', '23332012032.00'], attacker: ['nan', 'nan', 'nan', 'nan', 'nan']
2026-05-06 13:20:57 | INFO    | dpfl.core.base_simulator | Round 132/150 | Acc: 0.8176 | Loss: 14951929860874373071476659060736.0000 | eps: 0.00 | P: 0.40 R: 1.00 F1: 0.80
2026-05-06 13:20:57 | DEBUG   | dpfl.core.base_simulator | Update norms — honest: ['0.01', '161114.14', '13073471.00', '0.01', '25676156928.00'], attacker: ['nan', 'nan', 'nan', 'nan', 'nan']
2026-05-06 13:21:02 | INFO    | dpfl.core.base_simulator | Round 133/150 | Acc: 0.8142 | Loss: 15353326925582039411218460966912.0000 | eps: 0.00 | P: 0.45 R: 1.00 F1: 0.86
2026-05-06 13:21:02 | DEBUG   | dpfl.core.base_simulator | Update norms — honest: ['0.01', '137527.41', '21780248.00', '0.01', '15695637504.00'], attacker: ['nan', 'nan', 'nan', 'nan', 'nan']
2026-05-06 13:21:02 | INFO    | dpfl.core.base_simulator | Round 134/150 | Acc: 0.8152 | Loss: 14597199472472981048459259805696.0000 | eps: 0.00 | P: 0.36 R: 1.00 F1: 0.87
2026-05-06 13:21:02 | DEBUG   | dpfl.core.base_simulator | Update norms — honest: ['0.01', '153231.77', '31286766.00', '0.01', '19039055872.00'], attacker: ['nan', 'nan', 'nan', 'nan', 'nan']
2026-05-06 13:21:03 | INFO    | dpfl.core.base_simulator | Round 135/150 | Acc: 0.8158 | Loss: 14952636095368084123254651879424.0000 | eps: 0.00 | P: 0.46 R: 1.00 F1: 0.93
2026-05-06 13:21:03 | DEBUG   | dpfl.core.base_simulator | Update norms — honest: ['0.01', '184317.36', '11035480.00', '0.01', '18744774656.00'], attacker: ['nan', 'nan', 'nan', 'nan', 'nan']
2026-05-06 13:21:04 | INFO    | dpfl.core.base_simulator | Round 136/150 | Acc: 0.8198 | Loss: 14550771460020115339959756390400.0000 | eps: 0.00 | P: 0.40 R: 1.00 F1: 0.94
2026-05-06 13:21:04 | DEBUG   | dpfl.core.base_simulator | Update norms — honest: ['0.01', '121723.55', '14737569.00', '0.01', '15163273216.00'], attacker: ['nan', 'nan', 'nan', 'nan', 'nan']
2026-05-06 13:21:09 | INFO    | dpfl.core.base_simulator | Round 137/150 | Acc: 0.8216 | Loss: 17189424289064427634833970167808.0000 | eps: 0.00 | P: 0.45 R: 1.00 F1: 0.83
2026-05-06 13:21:09 | DEBUG   | dpfl.core.base_simulator | Update norms — honest: ['0.01', '90006.91', '16408123.00', '0.01', '14613354496.00'], attacker: ['nan', 'nan', 'nan', 'nan', 'nan']
2026-05-06 13:21:10 | INFO    | dpfl.core.base_simulator | Round 138/150 | Acc: 0.8237 | Loss: 13992574412449962475911102070784.0000 | eps: 0.00 | P: 0.44 R: 1.00 F1: 0.90
2026-05-06 13:21:10 | DEBUG   | dpfl.core.base_simulator | Update norms — honest: ['0.01', '124565.86', '16214046.00', '0.01', '14886359040.00'], attacker: ['nan', 'nan', 'nan', 'nan', 'nan']
2026-05-06 13:21:11 | INFO    | dpfl.core.base_simulator | Round 139/150 | Acc: 0.8252 | Loss: 14444193598045713832211583598592.0000 | eps: 0.00 | P: 0.45 R: 1.00 F1: 0.84
2026-05-06 13:21:11 | DEBUG   | dpfl.core.base_simulator | Update norms — honest: ['0.01', '124275.40', '10337037.00', '0.01', '15139728384.00'], attacker: ['nan', 'nan', 'nan', 'nan', 'nan']
2026-05-06 13:21:11 | INFO    | dpfl.core.base_simulator | Round 140/150 | Acc: 0.8243 | Loss: 14899437290041882908652925353984.0000 | eps: 0.00 | P: 0.47 R: 1.00 F1: 0.84
2026-05-06 13:21:11 | DEBUG   | dpfl.core.base_simulator | Update norms — honest: ['0.01', '156876.12', '16745665.00', '0.01', '13810816000.00'], attacker: ['nan', 'nan', 'nan', 'nan', 'nan']
2026-05-06 13:21:15 | INFO    | dpfl.core.base_simulator | Round 141/150 | Acc: 0.8208 | Loss: 15442572867119876601614681767936.0000 | eps: 0.00 | P: 0.44 R: 1.00 F1: 0.93
2026-05-06 13:21:15 | DEBUG   | dpfl.core.base_simulator | Update norms — honest: ['0.01', '130368.98', '10415094.00', '0.01', '13655240704.00'], attacker: ['nan', 'nan', 'nan', 'nan', 'nan']
2026-05-06 13:21:18 | INFO    | dpfl.core.base_simulator | Round 142/150 | Acc: 0.8234 | Loss: 14317610102378373483689072918528.0000 | eps: 0.00 | P: 0.33 R: 1.00 F1: 0.76
2026-05-06 13:21:18 | DEBUG   | dpfl.core.base_simulator | Update norms — honest: ['0.01', '106117.33', '8009600.00', '0.01', '16133131264.00'], attacker: ['nan', 'nan', 'nan', 'nan', 'nan']
2026-05-06 13:21:18 | INFO    | dpfl.core.base_simulator | Round 143/150 | Acc: 0.8243 | Loss: 14062588897641108616885351481344.0000 | eps: 0.00 | P: 0.46 R: 1.00 F1: 0.84
2026-05-06 13:21:18 | DEBUG   | dpfl.core.base_simulator | Update norms — honest: ['0.01', '98392.59', '7977229.00', '0.01', '12739041280.00'], attacker: ['nan', 'nan', 'nan', 'nan', 'nan']
2026-05-06 13:21:19 | INFO    | dpfl.core.base_simulator | Round 144/150 | Acc: 0.8255 | Loss: 13857519012991703057117835427840.0000 | eps: 0.00 | P: 0.46 R: 1.00 F1: 0.83
2026-05-06 13:21:19 | DEBUG   | dpfl.core.base_simulator | Update norms — honest: ['0.01', '137981.05', '6487973.00', '0.01', '11622136832.00'], attacker: ['nan', 'nan', 'nan', 'nan', 'nan']
2026-05-06 13:21:20 | INFO    | dpfl.core.base_simulator | Round 145/150 | Acc: 0.8260 | Loss: 14292494247169065863666622005248.0000 | eps: 0.00 | P: 0.60 R: 1.00 F1: 0.90
2026-05-06 13:21:20 | DEBUG   | dpfl.core.base_simulator | Update norms — honest: ['0.01', '116961.62', '9219445.00', '0.01', '12393061376.00'], attacker: ['nan', 'nan', 'nan', 'nan', 'nan']
2026-05-06 13:21:24 | INFO    | dpfl.core.base_simulator | Round 146/150 | Acc: 0.8242 | Loss: 14585842577493317338274342109184.0000 | eps: 0.00 | P: 0.37 R: 1.00 F1: 0.88
2026-05-06 13:21:24 | DEBUG   | dpfl.core.base_simulator | Update norms — honest: ['0.01', '53570.84', '11327213.00', '0.01', '11849434112.00'], attacker: ['nan', 'nan', 'nan', 'nan', 'nan']
2026-05-06 13:21:26 | INFO    | dpfl.core.base_simulator | Round 147/150 | Acc: 0.8213 | Loss: 14200922184889671425215527124992.0000 | eps: 0.00 | P: 0.34 R: 1.00 F1: 0.90
2026-05-06 13:21:26 | DEBUG   | dpfl.core.base_simulator | Update norms — honest: ['0.01', '64128.95', '10456910.00', '0.01', '10750836736.00'], attacker: ['nan', 'nan', 'nan', 'nan', 'nan']
2026-05-06 13:21:27 | INFO    | dpfl.core.base_simulator | Round 148/150 | Acc: 0.8255 | Loss: 14481214454626840426985052700672.0000 | eps: 0.00 | P: 0.44 R: 1.00 F1: 0.89
2026-05-06 13:21:27 | DEBUG   | dpfl.core.base_simulator | Update norms — honest: ['0.01', '63319.38', '14871072.00', '0.01', '8423969792.00'], attacker: ['nan', 'nan', 'nan', 'nan', 'nan']
2026-05-06 13:21:27 | INFO    | dpfl.core.base_simulator | Round 149/150 | Acc: 0.8270 | Loss: 13989635303412216023301023072256.0000 | eps: 0.00 | P: 0.56 R: 1.00 F1: 0.94
2026-05-06 13:21:27 | DEBUG   | dpfl.core.base_simulator | Update norms — honest: ['0.01', '106143.70', '9525147.00', '0.01', '14010452992.00'], attacker: ['nan', 'nan', 'nan', 'nan', 'nan']
2026-05-06 13:21:30 | INFO    | dpfl.core.base_simulator | Round 150/150 | Acc: 0.8262 | Loss: 13737645863240342364374937108480.0000 | eps: 0.00 | P: 0.48 R: 1.00 F1: 0.93
2026-05-06 13:21:30 | DEBUG   | dpfl.core.base_simulator | Update norms — honest: ['0.01', '122692.33', '5784567.00', '0.01', '22586841088.00'], attacker: ['nan', 'nan', 'nan', 'nan', 'nan']
2026-05-06 13:21:32 | INFO    | dpfl | Experiment complete in 456.7s
============================================================
REPORT: DP-SGD Decentralized Federated Learning
============================================================
Timestamp:                  20260506_131353
Rounds completed:           150
Attack-active rounds:       100  (from round 50)
Final accuracy:             0.8262
Final test loss:            13737645863240342364374937108480.0000
Final epsilon:              0.00
Best alpha:                 None
Avg precision:              0.4113
Avg recall:                 0.9961
Avg F1 score:               0.8817
Avg update norm (honest):   137867362663702.3125
Avg update norm (attacker): nan
============================================================
