2026-05-05 22:34:20 | INFO    | dpfl | Experiment start: algorithm=trust_d2b, dataset=mnist, model=mlp, device=cuda
2026-05-05 22:34:20 | INFO    | dpfl | Config: nodes=500, attackers=300, rounds=150, noise_mode=none, attack=scale
2026-05-05 22:34:20 | INFO    | dpfl.data.mnist_dataset | Loading MNIST dataset...
2026-05-05 22:34:21 | INFO    | dpfl.data.mnist_dataset | MNIST loaded: 60000 train, 10000 test samples
2026-05-05 22:34:59 | INFO    | dpfl.core.base_simulator | Vectorized state ready: param_spec.D=50890, X_test=(10000, 1, 28, 28), train clients N=500, max_n_samples=1000
2026-05-05 22:34:59 | INFO    | dpfl.core.base_simulator | Setup complete: 500 nodes (300 attackers), param_dim=50890, split=iid
2026-05-05 22:34:59 | DEBUG   | dpfl.core.base_simulator | Attacker IDs: {0, 1, 2, 3, 4, 5, 6, 7, 8, 9, 10, 11, 12, 13, 14, 15, 16, 17, 18, 19, 20, 21, 22, 23, 24, 25, 26, 27, 28, 29, 30, 31, 32, 33, 34, 35, 36, 37, 38, 39, 40, 41, 42, 43, 44, 45, 46, 47, 48, 49, 50, 51, 52, 53, 54, 55, 56, 57, 58, 59, 60, 61, 62, 63, 64, 65, 66, 67, 68, 69, 70, 71, 72, 73, 74, 75, 76, 77, 78, 79, 80, 81, 82, 83, 84, 85, 86, 87, 88, 89, 90, 91, 92, 93, 94, 95, 96, 97, 98, 99, 100, 101, 102, 103, 104, 105, 106, 107, 108, 109, 110, 111, 112, 113, 114, 115, 116, 117, 118, 119, 120, 121, 122, 123, 124, 125, 126, 127, 128, 129, 130, 131, 132, 133, 134, 135, 136, 137, 138, 139, 140, 141, 142, 143, 144, 145, 146, 147, 148, 149, 150, 151, 152, 153, 154, 155, 156, 157, 158, 159, 160, 161, 162, 163, 164, 165, 166, 167, 168, 169, 170, 171, 172, 173, 174, 175, 176, 177, 178, 179, 180, 181, 182, 183, 184, 185, 186, 187, 188, 189, 190, 191, 192, 193, 194, 195, 196, 197, 198, 199, 200, 201, 202, 203, 204, 205, 206, 207, 208, 209, 210, 211, 212, 213, 214, 215, 216, 217, 218, 219, 220, 221, 222, 223, 224, 225, 226, 227, 228, 229, 230, 231, 232, 233, 234, 235, 236, 237, 238, 239, 240, 241, 242, 243, 244, 245, 246, 247, 248, 249, 250, 251, 252, 253, 254, 255, 256, 257, 258, 259, 260, 261, 262, 263, 264, 265, 266, 267, 268, 269, 270, 271, 272, 273, 274, 275, 276, 277, 278, 279, 280, 281, 282, 283, 284, 285, 286, 287, 288, 289, 290, 291, 292, 293, 294, 295, 296, 297, 298, 299}
2026-05-05 22:34:59 | INFO    | dpfl.algorithms.trust_aware.simulator | Trust-Aware D2B-DP: rounds=150, n_workers=5, layers=4, ŽüŌłł[0.300,5.000]
2026-05-05 22:35:00 | DEBUG   | dpfl.algorithms.trust_aware.simulator | Round 0 Phase 1+2: 1.27s
2026-05-05 22:35:24 | INFO    | dpfl.core.base_simulator | Round   1/150 | Acc: 0.3772 | Loss: 2.0970 | eps_max: 0.26 eps_avg: 0.26 | P: nan R: nan F1: nan
2026-05-05 22:35:24 | DEBUG   | dpfl.core.base_simulator | Update norms ŌĆö honest: ['0.18', '0.18'], attacker: ['0.18', '0.18', '0.17', '0.18', '0.18']
2026-05-05 22:35:24 | DEBUG   | dpfl.algorithms.trust_aware.simulator | Round 1 Phase 1+2: 0.20s
2026-05-05 22:35:57 | INFO    | dpfl.core.base_simulator | Round   2/150 | Acc: 0.5467 | Loss: 1.9002 | eps_max: 0.30 eps_avg: 0.30 | P: nan R: nan F1: nan
2026-05-05 22:35:57 | DEBUG   | dpfl.core.base_simulator | Update norms ŌĆö honest: ['0.18', '0.18', '0.17', '0.18', '0.18'], attacker: ['0.18', '0.18', '0.18', '0.18', '0.18']
2026-05-05 22:35:57 | DEBUG   | dpfl.algorithms.trust_aware.simulator | Round 2 Phase 1+2: 0.20s
2026-05-05 22:36:18 | INFO    | dpfl.core.base_simulator | Round   3/150 | Acc: 0.6460 | Loss: 1.6953 | eps_max: 0.34 eps_avg: 0.34 | P: nan R: nan F1: nan
2026-05-05 22:36:18 | DEBUG   | dpfl.core.base_simulator | Update norms ŌĆö honest: ['0.18', '0.18', '0.18', '0.18', '0.18'], attacker: ['0.19', '0.18', '0.18', '0.19', '0.19']
2026-05-05 22:36:19 | DEBUG   | dpfl.algorithms.trust_aware.simulator | Round 3 Phase 1+2: 1.13s
2026-05-05 22:36:31 | INFO    | dpfl.core.base_simulator | Round   4/150 | Acc: 0.7036 | Loss: 1.5039 | eps_max: 0.39 eps_avg: 0.39 | P: nan R: nan F1: nan
2026-05-05 22:36:31 | DEBUG   | dpfl.core.base_simulator | Update norms ŌĆö honest: ['0.18', '0.18', '0.18', '0.17', '0.18'], attacker: ['0.19', '0.19', '0.18', '0.19', '0.19']
2026-05-05 22:36:32 | DEBUG   | dpfl.algorithms.trust_aware.simulator | Round 4 Phase 1+2: 1.12s
2026-05-05 22:36:50 | INFO    | dpfl.core.base_simulator | Round   5/150 | Acc: 0.7452 | Loss: 1.3255 | eps_max: 0.44 eps_avg: 0.44 | P: nan R: nan F1: nan
2026-05-05 22:36:50 | DEBUG   | dpfl.core.base_simulator | Update norms ŌĆö honest: ['0.17', '0.17', '0.16', '0.17', '0.16'], attacker: ['0.18', '0.18', '0.18', '0.18', '0.19']
2026-05-05 22:36:51 | DEBUG   | dpfl.algorithms.trust_aware.simulator | Round 5 Phase 1+2: 1.11s
2026-05-05 22:37:22 | INFO    | dpfl.core.base_simulator | Round   6/150 | Acc: 0.7745 | Loss: 1.1697 | eps_max: 0.53 eps_avg: 0.53 | P: nan R: nan F1: nan
2026-05-05 22:37:22 | DEBUG   | dpfl.core.base_simulator | Update norms ŌĆö honest: ['0.15', '0.16', '0.16', '0.16', '0.17'], attacker: ['0.18', '0.18', '0.17', '0.18', '0.18']
2026-05-05 22:37:22 | DEBUG   | dpfl.algorithms.trust_aware.simulator | Round 6 Phase 1+2: 0.20s
2026-05-05 22:37:47 | INFO    | dpfl.core.base_simulator | Round   7/150 | Acc: 0.7956 | Loss: 1.0410 | eps_max: 0.56 eps_avg: 0.56 | P: nan R: nan F1: nan
2026-05-05 22:37:47 | DEBUG   | dpfl.core.base_simulator | Update norms ŌĆö honest: ['0.15', '0.14', '0.15', '0.14', '0.14'], attacker: ['0.17', '0.17', '0.17', '0.17', '0.17']
2026-05-05 22:37:47 | DEBUG   | dpfl.algorithms.trust_aware.simulator | Round 7 Phase 1+2: 0.20s
2026-05-05 22:38:00 | INFO    | dpfl.core.base_simulator | Round   8/150 | Acc: 0.8103 | Loss: 0.9393 | eps_max: 0.59 eps_avg: 0.59 | P: nan R: nan F1: nan
2026-05-05 22:38:00 | DEBUG   | dpfl.core.base_simulator | Update norms ŌĆö honest: ['0.13', '0.14', '0.13', '0.13', '0.13'], attacker: ['0.16', '0.16', '0.16', '0.16', '0.16']
2026-05-05 22:38:02 | DEBUG   | dpfl.algorithms.trust_aware.simulator | Round 8 Phase 1+2: 1.14s
2026-05-05 22:38:17 | INFO    | dpfl.core.base_simulator | Round   9/150 | Acc: 0.8210 | Loss: 0.8587 | eps_max: 0.62 eps_avg: 0.62 | P: nan R: nan F1: nan
2026-05-05 22:38:17 | DEBUG   | dpfl.core.base_simulator | Update norms ŌĆö honest: ['0.11', '0.11', '0.13', '0.13', '0.11'], attacker: ['0.15', '0.14', '0.14', '0.14', '0.15']
2026-05-05 22:38:19 | DEBUG   | dpfl.algorithms.trust_aware.simulator | Round 9 Phase 1+2: 1.13s
2026-05-05 22:38:48 | INFO    | dpfl.core.base_simulator | Round  10/150 | Acc: 0.8293 | Loss: 0.7927 | eps_max: 0.65 eps_avg: 0.65 | P: nan R: nan F1: nan
2026-05-05 22:38:48 | DEBUG   | dpfl.core.base_simulator | Update norms ŌĆö honest: ['0.11', '0.10', '0.11', '0.10', '0.11'], attacker: ['0.13', '0.13', '0.13', '0.13', '0.13']
2026-05-05 22:38:48 | DEBUG   | dpfl.algorithms.trust_aware.simulator | Round 10 Phase 1+2: 0.20s
2026-05-05 22:39:16 | INFO    | dpfl.core.base_simulator | Round  11/150 | Acc: 0.8358 | Loss: 0.7399 | eps_max: 0.69 eps_avg: 0.69 | P: nan R: nan F1: nan
2026-05-05 22:39:16 | DEBUG   | dpfl.core.base_simulator | Update norms ŌĆö honest: ['0.09', '0.09', '0.10', '0.09', '0.09'], attacker: ['0.12', '0.12', '0.12', '0.12', '0.12']
2026-05-05 22:39:16 | DEBUG   | dpfl.algorithms.trust_aware.simulator | Round 11 Phase 1+2: 0.21s
2026-05-05 22:39:32 | INFO    | dpfl.core.base_simulator | Round  12/150 | Acc: 0.8413 | Loss: 0.6964 | eps_max: 0.72 eps_avg: 0.72 | P: nan R: nan F1: nan
2026-05-05 22:39:32 | DEBUG   | dpfl.core.base_simulator | Update norms ŌĆö honest: ['0.09', '0.09', '0.09', '0.08', '0.09'], attacker: ['0.11', '0.11', '0.11', '0.11', '0.11']
2026-05-05 22:39:33 | DEBUG   | dpfl.algorithms.trust_aware.simulator | Round 12 Phase 1+2: 1.12s
2026-05-05 22:39:45 | INFO    | dpfl.core.base_simulator | Round  13/150 | Acc: 0.8459 | Loss: 0.6603 | eps_max: 0.76 eps_avg: 0.76 | P: nan R: nan F1: nan
2026-05-05 22:39:45 | DEBUG   | dpfl.core.base_simulator | Update norms ŌĆö honest: ['0.08', '0.08', '0.09', '0.09', '0.08'], attacker: ['0.10', '0.10', '0.10', '0.10', '0.10']
2026-05-05 22:39:46 | DEBUG   | dpfl.algorithms.trust_aware.simulator | Round 13 Phase 1+2: 0.20s
2026-05-05 22:40:33 | INFO    | dpfl.core.base_simulator | Round  14/150 | Acc: 0.8494 | Loss: 0.6304 | eps_max: 0.80 eps_avg: 0.80 | P: nan R: nan F1: nan
2026-05-05 22:40:33 | DEBUG   | dpfl.core.base_simulator | Update norms ŌĆö honest: ['0.08', '0.07', '0.07', '0.07', '0.07'], attacker: ['0.09', '0.09', '0.09', '0.09', '0.09']
2026-05-05 22:40:33 | DEBUG   | dpfl.algorithms.trust_aware.simulator | Round 14 Phase 1+2: 0.20s
2026-05-05 22:41:03 | INFO    | dpfl.core.base_simulator | Round  15/150 | Acc: 0.8531 | Loss: 0.6046 | eps_max: 0.84 eps_avg: 0.84 | P: nan R: nan F1: nan
2026-05-05 22:41:03 | DEBUG   | dpfl.core.base_simulator | Update norms ŌĆö honest: ['0.07', '0.07', '0.08', '0.07', '0.07'], attacker: ['0.08', '0.08', '0.08', '0.08', '0.08']
2026-05-05 22:41:04 | DEBUG   | dpfl.algorithms.trust_aware.simulator | Round 15 Phase 1+2: 0.20s
2026-05-05 22:41:33 | INFO    | dpfl.core.base_simulator | Round  16/150 | Acc: 0.8558 | Loss: 0.5830 | eps_max: 0.88 eps_avg: 0.88 | P: 0.00 R: nan F1: nan
2026-05-05 22:41:33 | DEBUG   | dpfl.core.base_simulator | Update norms ŌĆö honest: ['0.07', '0.07', '0.07', '0.07', '0.06'], attacker: ['0.07', '0.08', '0.08', '0.07', '0.07']
2026-05-05 22:41:33 | DEBUG   | dpfl.algorithms.trust_aware.simulator | Round 16 Phase 1+2: 0.20s
2026-05-05 22:42:05 | INFO    | dpfl.core.base_simulator | Round  17/150 | Acc: 0.8584 | Loss: 0.5640 | eps_max: 0.91 eps_avg: 0.91 | P: nan R: nan F1: nan
2026-05-05 22:42:05 | DEBUG   | dpfl.core.base_simulator | Update norms ŌĆö honest: ['0.06', '0.06', '0.06', '0.06', '0.06'], attacker: ['0.07', '0.07', '0.07', '0.07', '0.07']
2026-05-05 22:42:05 | DEBUG   | dpfl.algorithms.trust_aware.simulator | Round 17 Phase 1+2: 0.20s
2026-05-05 22:42:37 | INFO    | dpfl.core.base_simulator | Round  18/150 | Acc: 0.8604 | Loss: 0.5477 | eps_max: 0.95 eps_avg: 0.95 | P: nan R: nan F1: nan
2026-05-05 22:42:37 | DEBUG   | dpfl.core.base_simulator | Update norms ŌĆö honest: ['0.06', '0.06', '0.06', '0.06', '0.06'], attacker: ['0.06', '0.07', '0.07', '0.06', '0.06']
2026-05-05 22:42:37 | DEBUG   | dpfl.algorithms.trust_aware.simulator | Round 18 Phase 1+2: 0.20s
2026-05-05 22:43:12 | INFO    | dpfl.core.base_simulator | Round  19/150 | Acc: 0.8626 | Loss: 0.5335 | eps_max: 0.98 eps_avg: 0.98 | P: nan R: nan F1: nan
2026-05-05 22:43:12 | DEBUG   | dpfl.core.base_simulator | Update norms ŌĆö honest: ['0.06', '0.06', '0.05', '0.05', '0.05'], attacker: ['0.06', '0.06', '0.06', '0.06', '0.06']
2026-05-05 22:43:13 | DEBUG   | dpfl.algorithms.trust_aware.simulator | Round 19 Phase 1+2: 1.11s
2026-05-05 22:43:48 | INFO    | dpfl.core.base_simulator | Round  20/150 | Acc: 0.8643 | Loss: 0.5207 | eps_max: 1.02 eps_avg: 1.02 | P: 0.00 R: nan F1: nan
2026-05-05 22:43:48 | DEBUG   | dpfl.core.base_simulator | Update norms ŌĆö honest: ['0.05', '0.05', '0.06', '0.05', '0.05'], attacker: ['0.06', '0.06', '0.06', '0.06', '0.06']
2026-05-05 22:43:49 | DEBUG   | dpfl.algorithms.trust_aware.simulator | Round 20 Phase 1+2: 1.14s
2026-05-05 22:44:22 | INFO    | dpfl.core.base_simulator | Round  21/150 | Acc: 0.8659 | Loss: 0.5094 | eps_max: 1.06 eps_avg: 1.06 | P: nan R: nan F1: nan
2026-05-05 22:44:22 | DEBUG   | dpfl.core.base_simulator | Update norms ŌĆö honest: ['0.05', '0.05', '0.05', '0.05', '0.05'], attacker: ['0.06', '0.06', '0.06', '0.05', '0.05']
2026-05-05 22:44:24 | DEBUG   | dpfl.algorithms.trust_aware.simulator | Round 21 Phase 1+2: 1.12s
2026-05-05 22:44:55 | INFO    | dpfl.core.base_simulator | Round  22/150 | Acc: 0.8673 | Loss: 0.4992 | eps_max: 1.10 eps_avg: 1.10 | P: nan R: nan F1: nan
2026-05-05 22:44:55 | DEBUG   | dpfl.core.base_simulator | Update norms ŌĆö honest: ['0.05', '0.05', '0.05', '0.05', '0.05'], attacker: ['0.05', '0.05', '0.05', '0.05', '0.05']
2026-05-05 22:44:57 | DEBUG   | dpfl.algorithms.trust_aware.simulator | Round 22 Phase 1+2: 1.14s
2026-05-05 22:45:27 | INFO    | dpfl.core.base_simulator | Round  23/150 | Acc: 0.8686 | Loss: 0.4899 | eps_max: 1.15 eps_avg: 1.15 | P: 0.00 R: nan F1: nan
2026-05-05 22:45:27 | DEBUG   | dpfl.core.base_simulator | Update norms ŌĆö honest: ['0.05', '0.05', '0.05', '0.05', '0.05'], attacker: ['0.05', '0.05', '0.05', '0.05', '0.05']
2026-05-05 22:45:29 | DEBUG   | dpfl.algorithms.trust_aware.simulator | Round 23 Phase 1+2: 1.13s
2026-05-05 22:45:57 | INFO    | dpfl.core.base_simulator | Round  24/150 | Acc: 0.8698 | Loss: 0.4816 | eps_max: 1.19 eps_avg: 1.19 | P: 0.00 R: nan F1: nan
2026-05-05 22:45:57 | DEBUG   | dpfl.core.base_simulator | Update norms ŌĆö honest: ['0.04', '0.04', '0.05', '0.05', '0.05'], attacker: ['0.05', '0.05', '0.05', '0.05', '0.05']
2026-05-05 22:45:58 | DEBUG   | dpfl.algorithms.trust_aware.simulator | Round 24 Phase 1+2: 1.13s
2026-05-05 22:46:25 | INFO    | dpfl.core.base_simulator | Round  25/150 | Acc: 0.8708 | Loss: 0.4742 | eps_max: 1.22 eps_avg: 1.22 | P: nan R: nan F1: nan
2026-05-05 22:46:25 | DEBUG   | dpfl.core.base_simulator | Update norms ŌĆö honest: ['0.04', '0.04', '0.04', '0.04', '0.04'], attacker: ['0.05', '0.05', '0.05', '0.05', '0.05']
2026-05-05 22:46:26 | DEBUG   | dpfl.algorithms.trust_aware.simulator | Round 25 Phase 1+2: 1.13s
2026-05-05 22:46:52 | INFO    | dpfl.core.base_simulator | Round  26/150 | Acc: 0.8719 | Loss: 0.4675 | eps_max: 1.26 eps_avg: 1.26 | P: nan R: nan F1: nan
2026-05-05 22:46:52 | DEBUG   | dpfl.core.base_simulator | Update norms ŌĆö honest: ['0.04', '0.04', '0.04', '0.04', '0.04'], attacker: ['0.05', '0.05', '0.05', '0.05', '0.04']
2026-05-05 22:46:53 | DEBUG   | dpfl.algorithms.trust_aware.simulator | Round 26 Phase 1+2: 1.12s
2026-05-05 22:47:16 | INFO    | dpfl.core.base_simulator | Round  27/150 | Acc: 0.8728 | Loss: 0.4610 | eps_max: 1.29 eps_avg: 1.29 | P: nan R: nan F1: nan
2026-05-05 22:47:16 | DEBUG   | dpfl.core.base_simulator | Update norms ŌĆö honest: ['0.04', '0.04', '0.04', '0.04', '0.04'], attacker: ['0.05', '0.05', '0.05', '0.04', '0.04']
2026-05-05 22:47:17 | DEBUG   | dpfl.algorithms.trust_aware.simulator | Round 27 Phase 1+2: 1.13s
2026-05-05 22:47:41 | INFO    | dpfl.core.base_simulator | Round  28/150 | Acc: 0.8736 | Loss: 0.4554 | eps_max: 1.32 eps_avg: 1.32 | P: nan R: nan F1: nan
2026-05-05 22:47:41 | DEBUG   | dpfl.core.base_simulator | Update norms ŌĆö honest: ['0.04', '0.04', '0.04', '0.04', '0.04'], attacker: ['0.04', '0.04', '0.05', '0.04', '0.04']
2026-05-05 22:47:42 | DEBUG   | dpfl.algorithms.trust_aware.simulator | Round 28 Phase 1+2: 1.13s
2026-05-05 22:48:05 | INFO    | dpfl.core.base_simulator | Round  29/150 | Acc: 0.8744 | Loss: 0.4502 | eps_max: 1.36 eps_avg: 1.36 | P: 0.00 R: nan F1: nan
2026-05-05 22:48:05 | DEBUG   | dpfl.core.base_simulator | Update norms ŌĆö honest: ['0.04', '0.04', '0.04', '0.04', '0.04'], attacker: ['0.04', '0.04', '0.04', '0.04', '0.04']
2026-05-05 22:48:06 | DEBUG   | dpfl.algorithms.trust_aware.simulator | Round 29 Phase 1+2: 1.13s
2026-05-05 22:48:29 | INFO    | dpfl.core.base_simulator | Round  30/150 | Acc: 0.8751 | Loss: 0.4452 | eps_max: 1.39 eps_avg: 1.39 | P: nan R: nan F1: nan
2026-05-05 22:48:29 | DEBUG   | dpfl.core.base_simulator | Update norms ŌĆö honest: ['0.04', '0.04', '0.04', '0.04', '0.04'], attacker: ['0.04', '0.04', '0.04', '0.04', '0.04']
2026-05-05 22:48:30 | DEBUG   | dpfl.algorithms.trust_aware.simulator | Round 30 Phase 1+2: 0.20s
2026-05-05 22:48:55 | INFO    | dpfl.core.base_simulator | Round  31/150 | Acc: 0.8758 | Loss: 0.4408 | eps_max: 1.43 eps_avg: 1.43 | P: nan R: nan F1: nan
2026-05-05 22:48:55 | DEBUG   | dpfl.core.base_simulator | Update norms ŌĆö honest: ['0.04', '0.04', '0.04', '0.03', '0.04'], attacker: ['0.04', '0.04', '0.04', '0.04', '0.04']
2026-05-05 22:48:55 | DEBUG   | dpfl.algorithms.trust_aware.simulator | Round 31 Phase 1+2: 0.20s
2026-05-05 22:49:24 | INFO    | dpfl.core.base_simulator | Round  32/150 | Acc: 0.8764 | Loss: 0.4367 | eps_max: 1.47 eps_avg: 1.47 | P: 0.00 R: nan F1: nan
2026-05-05 22:49:24 | DEBUG   | dpfl.core.base_simulator | Update norms ŌĆö honest: ['0.04', '0.04', '0.04', '0.03', '0.04'], attacker: ['0.04', '0.04', '0.04', '0.04', '0.04']
2026-05-05 22:49:24 | DEBUG   | dpfl.algorithms.trust_aware.simulator | Round 32 Phase 1+2: 0.21s
2026-05-05 22:49:58 | INFO    | dpfl.core.base_simulator | Round  33/150 | Acc: 0.8771 | Loss: 0.4329 | eps_max: 1.51 eps_avg: 1.51 | P: 0.00 R: nan F1: nan
2026-05-05 22:49:58 | DEBUG   | dpfl.core.base_simulator | Update norms ŌĆö honest: ['0.04', '0.04', '0.03', '0.03', '0.04'], attacker: ['0.04', '0.04', '0.04', '0.04', '0.04']
2026-05-05 22:50:00 | DEBUG   | dpfl.algorithms.trust_aware.simulator | Round 33 Phase 1+2: 1.12s
2026-05-05 22:50:35 | INFO    | dpfl.core.base_simulator | Round  34/150 | Acc: 0.8776 | Loss: 0.4295 | eps_max: 1.56 eps_avg: 1.56 | P: nan R: nan F1: nan
2026-05-05 22:50:35 | DEBUG   | dpfl.core.base_simulator | Update norms ŌĆö honest: ['0.04', '0.04', '0.03', '0.03', '0.04'], attacker: ['0.04', '0.04', '0.04', '0.04', '0.04']
2026-05-05 22:50:36 | DEBUG   | dpfl.algorithms.trust_aware.simulator | Round 34 Phase 1+2: 1.14s
2026-05-05 22:51:07 | INFO    | dpfl.core.base_simulator | Round  35/150 | Acc: 0.8781 | Loss: 0.4262 | eps_max: 1.60 eps_avg: 1.60 | P: nan R: nan F1: nan
2026-05-05 22:51:07 | DEBUG   | dpfl.core.base_simulator | Update norms ŌĆö honest: ['0.03', '0.03', '0.03', '0.03', '0.04'], attacker: ['0.04', '0.04', '0.04', '0.04', '0.04']
2026-05-05 22:51:08 | DEBUG   | dpfl.algorithms.trust_aware.simulator | Round 35 Phase 1+2: 1.13s
2026-05-05 22:51:36 | INFO    | dpfl.core.base_simulator | Round  36/150 | Acc: 0.8786 | Loss: 0.4231 | eps_max: 1.63 eps_avg: 1.63 | P: nan R: nan F1: nan
2026-05-05 22:51:36 | DEBUG   | dpfl.core.base_simulator | Update norms ŌĆö honest: ['0.03', '0.03', '0.03', '0.03', '0.04'], attacker: ['0.04', '0.04', '0.04', '0.04', '0.04']
2026-05-05 22:51:37 | DEBUG   | dpfl.algorithms.trust_aware.simulator | Round 36 Phase 1+2: 1.12s
2026-05-05 22:52:01 | INFO    | dpfl.core.base_simulator | Round  37/150 | Acc: 0.8790 | Loss: 0.4203 | eps_max: 1.67 eps_avg: 1.67 | P: nan R: nan F1: nan
2026-05-05 22:52:01 | DEBUG   | dpfl.core.base_simulator | Update norms ŌĆö honest: ['0.03', '0.03', '0.03', '0.03', '0.03'], attacker: ['0.04', '0.04', '0.04', '0.04', '0.03']
2026-05-05 22:52:02 | DEBUG   | dpfl.algorithms.trust_aware.simulator | Round 37 Phase 1+2: 1.13s
2026-05-05 22:52:24 | INFO    | dpfl.core.base_simulator | Round  38/150 | Acc: 0.8794 | Loss: 0.4177 | eps_max: 1.70 eps_avg: 1.70 | P: 0.00 R: nan F1: nan
2026-05-05 22:52:24 | DEBUG   | dpfl.core.base_simulator | Update norms ŌĆö honest: ['0.03', '0.03', '0.03', '0.03', '0.03'], attacker: ['0.03', '0.04', '0.04', '0.04', '0.03']
2026-05-05 22:52:25 | DEBUG   | dpfl.algorithms.trust_aware.simulator | Round 38 Phase 1+2: 1.15s
2026-05-05 22:52:47 | INFO    | dpfl.core.base_simulator | Round  39/150 | Acc: 0.8798 | Loss: 0.4152 | eps_max: 1.74 eps_avg: 1.74 | P: 0.00 R: nan F1: nan
2026-05-05 22:52:47 | DEBUG   | dpfl.core.base_simulator | Update norms ŌĆö honest: ['0.03', '0.03', '0.03', '0.03', '0.03'], attacker: ['0.03', '0.04', '0.04', '0.04', '0.04']
2026-05-05 22:52:48 | DEBUG   | dpfl.algorithms.trust_aware.simulator | Round 39 Phase 1+2: 1.13s
2026-05-05 22:53:09 | INFO    | dpfl.core.base_simulator | Round  40/150 | Acc: 0.8801 | Loss: 0.4129 | eps_max: 1.78 eps_avg: 1.78 | P: 0.00 R: nan F1: nan
2026-05-05 22:53:09 | DEBUG   | dpfl.core.base_simulator | Update norms ŌĆö honest: ['0.03', '0.03', '0.03', '0.03', '0.03'], attacker: ['0.03', '0.04', '0.04', '0.03', '0.04']
2026-05-05 22:53:09 | DEBUG   | dpfl.algorithms.trust_aware.simulator | Round 40 Phase 1+2: 0.20s
2026-05-05 22:53:35 | INFO    | dpfl.core.base_simulator | Round  41/150 | Acc: 0.8805 | Loss: 0.4106 | eps_max: 1.82 eps_avg: 1.82 | P: nan R: nan F1: nan
2026-05-05 22:53:35 | DEBUG   | dpfl.core.base_simulator | Update norms ŌĆö honest: ['0.03', '0.03', '0.03', '0.03', '0.03'], attacker: ['0.03', '0.03', '0.04', '0.03', '0.03']
2026-05-05 22:53:35 | DEBUG   | dpfl.algorithms.trust_aware.simulator | Round 41 Phase 1+2: 0.20s
2026-05-05 22:54:07 | INFO    | dpfl.core.base_simulator | Round  42/150 | Acc: 0.8809 | Loss: 0.4085 | eps_max: 1.86 eps_avg: 1.86 | P: 0.00 R: nan F1: nan
2026-05-05 22:54:07 | DEBUG   | dpfl.core.base_simulator | Update norms ŌĆö honest: ['0.03', '0.03', '0.03', '0.03', '0.03'], attacker: ['0.03', '0.04', '0.04', '0.03', '0.03']
2026-05-05 22:54:08 | DEBUG   | dpfl.algorithms.trust_aware.simulator | Round 42 Phase 1+2: 1.10s
2026-05-05 22:54:44 | INFO    | dpfl.core.base_simulator | Round  43/150 | Acc: 0.8812 | Loss: 0.4066 | eps_max: 1.90 eps_avg: 1.90 | P: nan R: nan F1: nan
2026-05-05 22:54:44 | DEBUG   | dpfl.core.base_simulator | Update norms ŌĆö honest: ['0.03', '0.03', '0.03', '0.03', '0.03'], attacker: ['0.03', '0.03', '0.03', '0.03', '0.03']
2026-05-05 22:54:45 | DEBUG   | dpfl.algorithms.trust_aware.simulator | Round 43 Phase 1+2: 1.13s
2026-05-05 22:55:18 | INFO    | dpfl.core.base_simulator | Round  44/150 | Acc: 0.8815 | Loss: 0.4048 | eps_max: 1.95 eps_avg: 1.95 | P: 0.00 R: nan F1: nan
2026-05-05 22:55:18 | DEBUG   | dpfl.core.base_simulator | Update norms ŌĆö honest: ['0.03', '0.03', '0.03', '0.03', '0.03'], attacker: ['0.03', '0.03', '0.03', '0.03', '0.03']
2026-05-05 22:55:19 | DEBUG   | dpfl.algorithms.trust_aware.simulator | Round 44 Phase 1+2: 1.12s
2026-05-05 22:55:47 | INFO    | dpfl.core.base_simulator | Round  45/150 | Acc: 0.8818 | Loss: 0.4032 | eps_max: 2.00 eps_avg: 2.00 | P: 0.00 R: nan F1: nan
2026-05-05 22:55:47 | DEBUG   | dpfl.core.base_simulator | Update norms ŌĆö honest: ['0.03', '0.03', '0.03', '0.03', '0.03'], attacker: ['0.03', '0.03', '0.03', '0.03', '0.03']
2026-05-05 22:55:48 | DEBUG   | dpfl.algorithms.trust_aware.simulator | Round 45 Phase 1+2: 1.15s
2026-05-05 22:56:12 | INFO    | dpfl.core.base_simulator | Round  46/150 | Acc: 0.8820 | Loss: 0.4017 | eps_max: 2.04 eps_avg: 2.04 | P: 0.00 R: nan F1: nan
2026-05-05 22:56:12 | DEBUG   | dpfl.core.base_simulator | Update norms ŌĆö honest: ['0.03', '0.03', '0.03', '0.03', '0.03'], attacker: ['0.03', '0.03', '0.03', '0.03', '0.03']
2026-05-05 22:56:13 | DEBUG   | dpfl.algorithms.trust_aware.simulator | Round 46 Phase 1+2: 1.12s
2026-05-05 22:56:35 | INFO    | dpfl.core.base_simulator | Round  47/150 | Acc: 0.8823 | Loss: 0.4000 | eps_max: 2.08 eps_avg: 2.08 | P: nan R: nan F1: nan
2026-05-05 22:56:35 | DEBUG   | dpfl.core.base_simulator | Update norms ŌĆö honest: ['0.03', '0.03', '0.03', '0.03', '0.03'], attacker: ['0.03', '0.03', '0.03', '0.03', '0.03']
2026-05-05 22:56:37 | DEBUG   | dpfl.algorithms.trust_aware.simulator | Round 47 Phase 1+2: 1.13s
2026-05-05 22:56:55 | INFO    | dpfl.core.base_simulator | Round  48/150 | Acc: 0.8825 | Loss: 0.3988 | eps_max: 2.11 eps_avg: 2.11 | P: 0.00 R: nan F1: nan
2026-05-05 22:56:55 | DEBUG   | dpfl.core.base_simulator | Update norms ŌĆö honest: ['0.03', '0.03', '0.03', '0.03', '0.03'], attacker: ['0.03', '0.03', '0.03', '0.03', '0.03']
2026-05-05 22:56:56 | DEBUG   | dpfl.algorithms.trust_aware.simulator | Round 48 Phase 1+2: 1.12s
2026-05-05 22:57:14 | INFO    | dpfl.core.base_simulator | Round  49/150 | Acc: 0.8828 | Loss: 0.3975 | eps_max: 2.15 eps_avg: 2.15 | P: 0.00 R: nan F1: nan
2026-05-05 22:57:14 | DEBUG   | dpfl.core.base_simulator | Update norms ŌĆö honest: ['0.03', '0.03', '0.03', '0.03', '0.03'], attacker: ['0.03', '0.03', '0.03', '0.03', '0.03']
2026-05-05 22:57:14 | DEBUG   | dpfl.algorithms.trust_aware.simulator | Round 49 Phase 1+2: 0.20s
2026-05-05 22:57:36 | INFO    | dpfl.core.base_simulator | Round  50/150 | Acc: 0.8830 | Loss: 0.3961 | eps_max: 2.19 eps_avg: 2.19 | P: nan R: nan F1: nan
2026-05-05 22:57:36 | DEBUG   | dpfl.core.base_simulator | Update norms ŌĆö honest: ['0.03', '0.03', '0.03', '0.03', '0.03'], attacker: ['0.03', '0.03', '0.03', '0.03', '0.03']
2026-05-05 22:57:36 | DEBUG   | dpfl.algorithms.trust_aware.simulator | Round 50 Phase 1+2: 0.14s
2026-05-05 22:57:59 | INFO    | dpfl.core.base_simulator | Round  51/150 | Acc: 0.8831 | Loss: 0.3949 | eps_max: 2.22 eps_avg: 2.22 | P: 0.99 R: 1.00 F1: 1.00
2026-05-05 22:57:59 | DEBUG   | dpfl.core.base_simulator | Update norms ŌĆö honest: ['0.02', '0.03', '0.02', '0.03', '0.03'], attacker: ['0.29', '0.33', '0.31', '0.31', '0.29']
2026-05-05 22:57:59 | DEBUG   | dpfl.algorithms.trust_aware.simulator | Round 51 Phase 1+2: 0.52s
2026-05-05 22:58:11 | INFO    | dpfl.core.base_simulator | Round  52/150 | Acc: 0.8833 | Loss: 0.3940 | eps_max: 2.26 eps_avg: 2.26 | P: 1.00 R: 0.99 F1: 1.00
2026-05-05 22:58:11 | DEBUG   | dpfl.core.base_simulator | Update norms ŌĆö honest: ['0.03', '0.03', '0.03', '0.03', '0.03'], attacker: ['0.38', '0.54', '0.42', '0.46', '0.38']
2026-05-05 22:58:12 | DEBUG   | dpfl.algorithms.trust_aware.simulator | Round 52 Phase 1+2: 0.51s
2026-05-05 22:58:33 | INFO    | dpfl.core.base_simulator | Round  53/150 | Acc: 0.8829 | Loss: 0.3940 | eps_max: 2.30 eps_avg: 2.30 | P: 1.00 R: 0.86 F1: 0.92
2026-05-05 22:58:33 | DEBUG   | dpfl.core.base_simulator | Update norms ŌĆö honest: ['0.03', '0.02', '0.03', '0.03', '0.03'], attacker: ['0.99', '1.86', '1.11', '1.36', '0.91']
2026-05-05 22:58:34 | DEBUG   | dpfl.algorithms.trust_aware.simulator | Round 53 Phase 1+2: 0.50s
2026-05-05 22:59:08 | INFO    | dpfl.core.base_simulator | Round  54/150 | Acc: 0.8800 | Loss: 0.4017 | eps_max: 2.34 eps_avg: 2.34 | P: 1.00 R: 0.54 F1: 0.69
2026-05-05 22:59:08 | DEBUG   | dpfl.core.base_simulator | Update norms ŌĆö honest: ['0.03', '0.03', '0.02', '0.02', '0.03'], attacker: ['3.42', '6.86', '4.39', '4.75', '3.36']
2026-05-05 22:59:08 | DEBUG   | dpfl.algorithms.trust_aware.simulator | Round 54 Phase 1+2: 0.14s
2026-05-05 22:59:32 | INFO    | dpfl.core.base_simulator | Round  55/150 | Acc: 0.8781 | Loss: 0.4062 | eps_max: 2.39 eps_avg: 2.39 | P: 0.99 R: 0.42 F1: 0.54
2026-05-05 22:59:32 | DEBUG   | dpfl.core.base_simulator | Update norms ŌĆö honest: ['0.02', '0.02', '0.02', '0.02', '0.02'], attacker: ['8.83', '20.78', '14.01', '10.92', '10.24']
2026-05-05 22:59:32 | DEBUG   | dpfl.algorithms.trust_aware.simulator | Round 55 Phase 1+2: 0.14s
2026-05-05 22:59:44 | INFO    | dpfl.core.base_simulator | Round  56/150 | Acc: 0.8823 | Loss: 0.3959 | eps_max: 2.43 eps_avg: 2.43 | P: 1.00 R: 0.87 F1: 0.91
2026-05-05 22:59:44 | DEBUG   | dpfl.core.base_simulator | Update norms ŌĆö honest: ['0.02', '0.03', '0.02', '0.02', '0.02'], attacker: ['27.98', '74.18', '49.68', '34.18', '33.70']
2026-05-05 22:59:45 | DEBUG   | dpfl.algorithms.trust_aware.simulator | Round 56 Phase 1+2: 0.51s
2026-05-05 23:00:03 | INFO    | dpfl.core.base_simulator | Round  57/150 | Acc: 0.8840 | Loss: 0.3899 | eps_max: 2.48 eps_avg: 2.48 | P: 1.00 R: 1.00 F1: 1.00
2026-05-05 23:00:03 | DEBUG   | dpfl.core.base_simulator | Update norms ŌĆö honest: ['0.02', '0.02', '0.02', '0.03', '0.03'], attacker: ['94.97', '257.80', '180.70', '113.47', '118.37']
2026-05-05 23:00:04 | DEBUG   | dpfl.algorithms.trust_aware.simulator | Round 57 Phase 1+2: 0.53s
2026-05-05 23:00:35 | INFO    | dpfl.core.base_simulator | Round  58/150 | Acc: 0.8840 | Loss: 0.3892 | eps_max: 2.52 eps_avg: 2.52 | P: 1.00 R: 1.00 F1: 1.00
2026-05-05 23:00:35 | DEBUG   | dpfl.core.base_simulator | Update norms ŌĆö honest: ['0.03', '0.02', '0.03', '0.02', '0.03'], attacker: ['335.00', '919.18', '638.16', '396.51', '424.44']
2026-05-05 23:00:35 | DEBUG   | dpfl.algorithms.trust_aware.simulator | Round 58 Phase 1+2: 0.14s
2026-05-05 23:01:02 | INFO    | dpfl.core.base_simulator | Round  59/150 | Acc: 0.8838 | Loss: 0.3894 | eps_max: 2.57 eps_avg: 2.57 | P: 1.00 R: 1.00 F1: 1.00
2026-05-05 23:01:02 | DEBUG   | dpfl.core.base_simulator | Update norms ŌĆö honest: ['0.03', '0.03', '0.02', '0.02', '0.02'], attacker: ['1255.82', '3237.79', '2285.09', '1458.15', '1552.00']
2026-05-05 23:01:03 | DEBUG   | dpfl.algorithms.trust_aware.simulator | Round 59 Phase 1+2: 0.25s
2026-05-05 23:01:17 | INFO    | dpfl.core.base_simulator | Round  60/150 | Acc: 0.8843 | Loss: 0.3878 | eps_max: 2.62 eps_avg: 2.62 | P: 1.00 R: 1.00 F1: 1.00
2026-05-05 23:01:17 | DEBUG   | dpfl.core.base_simulator | Update norms ŌĆö honest: ['0.03', '0.03', '0.02', '0.03', '0.02'], attacker: ['4655.51', '11351.30', '7925.62', '5259.56', '5620.08']
2026-05-05 23:01:18 | DEBUG   | dpfl.algorithms.trust_aware.simulator | Round 60 Phase 1+2: 0.52s
2026-05-05 23:01:33 | INFO    | dpfl.core.base_simulator | Round  61/150 | Acc: 0.8841 | Loss: 0.3877 | eps_max: 2.67 eps_avg: 2.67 | P: 1.00 R: 1.00 F1: 1.00
2026-05-05 23:01:33 | DEBUG   | dpfl.core.base_simulator | Update norms ŌĆö honest: ['0.03', '0.02', '0.03', '0.02', '0.02'], attacker: ['16484.35', '38561.10', '27264.97', '19187.52', '19307.27']
2026-05-05 23:01:34 | DEBUG   | dpfl.algorithms.trust_aware.simulator | Round 61 Phase 1+2: 0.53s
2026-05-05 23:02:02 | INFO    | dpfl.core.base_simulator | Round  62/150 | Acc: 0.8845 | Loss: 0.3866 | eps_max: 2.73 eps_avg: 2.73 | P: 1.00 R: 1.00 F1: 1.00
2026-05-05 23:02:02 | DEBUG   | dpfl.core.base_simulator | Update norms ŌĆö honest: ['0.02', '0.02', '0.02', '0.02', '0.02'], attacker: ['57386.32', '133438.38', '92215.14', '67044.05', '68548.63']
2026-05-05 23:02:03 | DEBUG   | dpfl.algorithms.trust_aware.simulator | Round 62 Phase 1+2: 0.14s
2026-05-05 23:02:31 | INFO    | dpfl.core.base_simulator | Round  63/150 | Acc: 0.8845 | Loss: 0.3863 | eps_max: 2.78 eps_avg: 2.78 | P: 0.99 R: 1.00 F1: 0.99
2026-05-05 23:02:31 | DEBUG   | dpfl.core.base_simulator | Update norms ŌĆö honest: ['0.02', '0.02', '0.02', '0.02', '0.02'], attacker: ['200043.86', '460760.59', '330044.31', '238757.47', '231836.02']
2026-05-05 23:02:31 | DEBUG   | dpfl.algorithms.trust_aware.simulator | Round 63 Phase 1+2: 0.14s
2026-05-05 23:02:47 | INFO    | dpfl.core.base_simulator | Round  64/150 | Acc: 0.8846 | Loss: 0.3859 | eps_max: 2.84 eps_avg: 2.84 | P: 0.98 R: 1.00 F1: 0.99
2026-05-05 23:02:47 | DEBUG   | dpfl.core.base_simulator | Update norms ŌĆö honest: ['0.03', '0.02', '0.03', '0.02', '0.02'], attacker: ['699632.44', '1584723.75', '1100221.12', '816138.19', '801462.56']
2026-05-05 23:02:47 | DEBUG   | dpfl.algorithms.trust_aware.simulator | Round 64 Phase 1+2: 0.53s
2026-05-05 23:03:01 | INFO    | dpfl.core.base_simulator | Round  65/150 | Acc: 0.8840 | Loss: 0.3874 | eps_max: 2.88 eps_avg: 2.88 | P: 0.98 R: 1.00 F1: 0.99
2026-05-05 23:03:01 | DEBUG   | dpfl.core.base_simulator | Update norms ŌĆö honest: ['0.02', '0.02', '0.02', '0.02', '0.02'], attacker: ['2411652.00', '5433642.00', '3992567.25', '2906768.25', '2812161.50']
2026-05-05 23:03:02 | DEBUG   | dpfl.algorithms.trust_aware.simulator | Round 65 Phase 1+2: 0.52s
2026-05-05 23:03:29 | INFO    | dpfl.core.base_simulator | Round  66/150 | Acc: 0.8845 | Loss: 0.3857 | eps_max: 2.91 eps_avg: 2.91 | P: 1.00 R: 1.00 F1: 1.00
2026-05-05 23:03:29 | DEBUG   | dpfl.core.base_simulator | Update norms ŌĆö honest: ['0.02', '0.02', '0.02', '0.02', '0.02'], attacker: ['8464682.00', '18779644.00', '13241345.00', '9697651.00', '9466245.00']
2026-05-05 23:03:30 | DEBUG   | dpfl.algorithms.trust_aware.simulator | Round 66 Phase 1+2: 0.51s
2026-05-05 23:03:54 | INFO    | dpfl.core.base_simulator | Round  67/150 | Acc: 0.8849 | Loss: 0.3846 | eps_max: 2.95 eps_avg: 2.95 | P: 1.00 R: 1.00 F1: 1.00
2026-05-05 23:03:54 | DEBUG   | dpfl.core.base_simulator | Update norms ŌĆö honest: ['0.02', '0.02', '0.02', '0.02', '0.02'], attacker: ['29085212.00', '64537436.00', '48366912.00', '35034264.00', '34135164.00']
2026-05-05 23:03:55 | DEBUG   | dpfl.algorithms.trust_aware.simulator | Round 67 Phase 1+2: 0.53s
2026-05-05 23:04:18 | INFO    | dpfl.core.base_simulator | Round  68/150 | Acc: 0.8849 | Loss: 0.3844 | eps_max: 2.99 eps_avg: 2.99 | P: 0.97 R: 1.00 F1: 0.98
2026-05-05 23:04:18 | DEBUG   | dpfl.core.base_simulator | Update norms ŌĆö honest: ['0.02', '0.02', '0.02', '0.06', '0.02'], attacker: ['101927040.00', '218616352.00', '160230080.00', '121765296.00', '117101336.00']
2026-05-05 23:04:19 | DEBUG   | dpfl.algorithms.trust_aware.simulator | Round 68 Phase 1+2: 0.52s
2026-05-05 23:04:41 | INFO    | dpfl.core.base_simulator | Round  69/150 | Acc: 0.8850 | Loss: 0.3839 | eps_max: 3.02 eps_avg: 3.02 | P: 0.97 R: 1.00 F1: 0.99
2026-05-05 23:04:41 | DEBUG   | dpfl.core.base_simulator | Update norms ŌĆö honest: ['0.02', '0.02', '0.02', '0.02', '0.02'], attacker: ['347400576.00', '768914048.00', '583097216.00', '422945344.00', '407499552.00']
2026-05-05 23:04:42 | DEBUG   | dpfl.algorithms.trust_aware.simulator | Round 69 Phase 1+2: 0.51s
2026-05-05 23:05:04 | INFO    | dpfl.core.base_simulator | Round  70/150 | Acc: 0.8853 | Loss: 0.3832 | eps_max: 3.06 eps_avg: 3.06 | P: 1.00 R: 1.00 F1: 1.00
2026-05-05 23:05:04 | DEBUG   | dpfl.core.base_simulator | Update norms ŌĆö honest: ['0.02', '0.02', '0.02', '0.02', '0.02'], attacker: ['1179028992.00', '2594212096.00', '1944866304.00', '1480892928.00', '1376857856.00']
2026-05-05 23:05:05 | DEBUG   | dpfl.algorithms.trust_aware.simulator | Round 70 Phase 1+2: 0.50s
2026-05-05 23:05:27 | INFO    | dpfl.core.base_simulator | Round  71/150 | Acc: 0.8854 | Loss: 0.3829 | eps_max: 3.10 eps_avg: 3.10 | P: 0.99 R: 1.00 F1: 0.99
2026-05-05 23:05:27 | DEBUG   | dpfl.core.base_simulator | Update norms ŌĆö honest: ['0.02', '0.02', '0.02', '0.02', '0.02'], attacker: ['4193448960.00', '9001971712.00', '7118707200.00', '5110777344.00', '5034361344.00']
2026-05-05 23:05:28 | DEBUG   | dpfl.algorithms.trust_aware.simulator | Round 71 Phase 1+2: 0.50s
2026-05-05 23:05:49 | INFO    | dpfl.core.base_simulator | Round  72/150 | Acc: 0.8854 | Loss: 0.3827 | eps_max: 3.14 eps_avg: 3.14 | P: 0.98 R: 1.00 F1: 0.99
2026-05-05 23:05:49 | DEBUG   | dpfl.core.base_simulator | Update norms ŌĆö honest: ['0.02', '0.02', '0.02'], attacker: ['14555535360.00', '32092530688.00', '24351176704.00', '16894416896.00', '17108471808.00']
2026-05-05 23:05:50 | DEBUG   | dpfl.algorithms.trust_aware.simulator | Round 72 Phase 1+2: 0.19s
2026-05-05 23:06:12 | INFO    | dpfl.core.base_simulator | Round  73/150 | Acc: 0.8855 | Loss: 0.3825 | eps_max: 3.18 eps_avg: 3.18 | P: 1.00 R: 1.00 F1: 1.00
2026-05-05 23:06:12 | DEBUG   | dpfl.core.base_simulator | Update norms ŌĆö honest: ['0.02', '0.02', '0.02', '0.02', '0.02'], attacker: ['49764454400.00', '110582218752.00', '85049729024.00', '59983118336.00', '60565540864.00']
2026-05-05 23:06:12 | DEBUG   | dpfl.algorithms.trust_aware.simulator | Round 73 Phase 1+2: 0.14s
2026-05-05 23:06:38 | INFO    | dpfl.core.base_simulator | Round  74/150 | Acc: 0.8850 | Loss: 0.3833 | eps_max: 3.23 eps_avg: 3.23 | P: 0.99 R: 1.00 F1: 1.00
2026-05-05 23:06:38 | DEBUG   | dpfl.core.base_simulator | Update norms ŌĆö honest: ['0.02', '0.02', '0.03', '0.02', '0.02'], attacker: ['176304717824.00', '378776059904.00', '290822553600.00', '205474512896.00', '200133820416.00']
2026-05-05 23:06:38 | DEBUG   | dpfl.algorithms.trust_aware.simulator | Round 74 Phase 1+2: 0.14s
2026-05-05 23:07:06 | INFO    | dpfl.core.base_simulator | Round  75/150 | Acc: 0.8855 | Loss: 0.3821 | eps_max: 3.27 eps_avg: 3.27 | P: 1.00 R: 1.00 F1: 1.00
2026-05-05 23:07:06 | DEBUG   | dpfl.core.base_simulator | Update norms ŌĆö honest: ['0.02', '0.02', '0.02', '0.02', '0.02'], attacker: ['608191447040.00', '1304775098368.00', '1016782258176.00', '721149034496.00', '701032693760.00']
2026-05-05 23:07:06 | DEBUG   | dpfl.algorithms.trust_aware.simulator | Round 75 Phase 1+2: 0.14s
2026-05-05 23:07:38 | INFO    | dpfl.core.base_simulator | Round  76/150 | Acc: 0.8856 | Loss: 0.3819 | eps_max: 3.31 eps_avg: 3.31 | P: 0.99 R: 1.00 F1: 0.99
2026-05-05 23:07:38 | DEBUG   | dpfl.core.base_simulator | Update norms ŌĆö honest: ['0.02', '0.02', '0.02', '0.02', '0.02'], attacker: ['2128408739840.00', '4504908988416.00', '3398717931520.00', '2412139773952.00', '2479879356416.00']
2026-05-05 23:07:38 | DEBUG   | dpfl.algorithms.trust_aware.simulator | Round 76 Phase 1+2: 0.54s
2026-05-05 23:08:13 | INFO    | dpfl.core.base_simulator | Round  77/150 | Acc: 0.8855 | Loss: 0.3819 | eps_max: 3.36 eps_avg: 3.36 | P: 1.00 R: 1.00 F1: 1.00
2026-05-05 23:08:13 | DEBUG   | dpfl.core.base_simulator | Update norms ŌĆö honest: ['0.02', '0.02', '0.02', '0.02', '0.02'], attacker: ['7093329854464.00', '15961779339264.00', '12348621324288.00', '8718592245760.00', '8456131575808.00']
2026-05-05 23:08:14 | DEBUG   | dpfl.algorithms.trust_aware.simulator | Round 77 Phase 1+2: 0.55s
2026-05-05 23:08:47 | INFO    | dpfl.core.base_simulator | Round  78/150 | Acc: 0.8856 | Loss: 0.3816 | eps_max: 3.40 eps_avg: 3.40 | P: 0.98 R: 1.00 F1: 0.99
2026-05-05 23:08:47 | DEBUG   | dpfl.core.base_simulator | Update norms ŌĆö honest: ['0.02', '0.02', '0.02', '0.02', '0.02'], attacker: ['25157361991680.00', '55949494583296.00', '41082490454016.00', '28933351276544.00', '29985079296000.00']
2026-05-05 23:08:47 | DEBUG   | dpfl.algorithms.trust_aware.simulator | Round 78 Phase 1+2: 0.51s
2026-05-05 23:09:18 | INFO    | dpfl.core.base_simulator | Round  79/150 | Acc: 0.8857 | Loss: 0.3815 | eps_max: 3.45 eps_avg: 3.45 | P: 1.00 R: 1.00 F1: 1.00
2026-05-05 23:09:18 | DEBUG   | dpfl.core.base_simulator | Update norms ŌĆö honest: ['0.02', '0.02', '0.02', '0.02', '0.02'], attacker: ['87641047433216.00', '194367318917120.00', '148632829427712.00', '104202827202560.00', '101992412217344.00']
2026-05-05 23:09:18 | DEBUG   | dpfl.algorithms.trust_aware.simulator | Round 79 Phase 1+2: 0.51s
2026-05-05 23:09:47 | INFO    | dpfl.core.base_simulator | Round  80/150 | Acc: 0.8857 | Loss: 0.3815 | eps_max: 3.50 eps_avg: 3.50 | P: 1.00 R: 1.00 F1: 1.00
2026-05-05 23:09:47 | DEBUG   | dpfl.core.base_simulator | Update norms ŌĆö honest: ['0.02', '0.02', '0.02', '0.02', '0.02'], attacker: ['293713821564928.00', '676717194641408.00', '503898280296448.00', '367132831383552.00', '358928638541824.00']
2026-05-05 23:09:47 | DEBUG   | dpfl.algorithms.trust_aware.simulator | Round 80 Phase 1+2: 0.55s
2026-05-05 23:10:14 | INFO    | dpfl.core.base_simulator | Round  81/150 | Acc: 0.8857 | Loss: 0.3814 | eps_max: 3.55 eps_avg: 3.55 | P: 1.00 R: 1.00 F1: 1.00
2026-05-05 23:10:14 | DEBUG   | dpfl.core.base_simulator | Update norms ŌĆö honest: ['0.02', '0.02', '0.02', '0.02', '0.02'], attacker: ['1056453305565184.00', '2283401377742848.00', '1784866270085120.00', '1248252250816512.00', '1252583322681344.00']
2026-05-05 23:10:14 | DEBUG   | dpfl.algorithms.trust_aware.simulator | Round 81 Phase 1+2: 0.52s
2026-05-05 23:10:39 | INFO    | dpfl.core.base_simulator | Round  82/150 | Acc: 0.8858 | Loss: 0.3811 | eps_max: 3.60 eps_avg: 3.60 | P: 1.00 R: 1.00 F1: 1.00
2026-05-05 23:10:39 | DEBUG   | dpfl.core.base_simulator | Update norms ŌĆö honest: ['0.02', '0.02', '0.02', '0.02', '0.02'], attacker: ['3625381894553600.00', '7782322900303872.00', '5992956309798912.00', '4250313594765312.00', '4243340178489344.00']
2026-05-05 23:10:39 | DEBUG   | dpfl.algorithms.trust_aware.simulator | Round 82 Phase 1+2: 0.50s
2026-05-05 23:11:01 | INFO    | dpfl.core.base_simulator | Round  83/150 | Acc: 0.8858 | Loss: 0.3812 | eps_max: 3.65 eps_avg: 3.65 | P: 1.00 R: 1.00 F1: 1.00
2026-05-05 23:11:01 | DEBUG   | dpfl.core.base_simulator | Update norms ŌĆö honest: ['0.02', '0.02', '0.02'], attacker: ['12733319607222272.00', '27684399264825344.00', '21659182918795264.00', '14906562321580032.00', '14568755627556864.00']
2026-05-05 23:11:01 | DEBUG   | dpfl.algorithms.trust_aware.simulator | Round 83 Phase 1+2: 0.52s
2026-05-05 23:11:21 | INFO    | dpfl.core.base_simulator | Round  84/150 | Acc: 0.8859 | Loss: 0.3811 | eps_max: 3.71 eps_avg: 3.71 | P: 0.99 R: 1.00 F1: 0.99
2026-05-05 23:11:21 | DEBUG   | dpfl.core.base_simulator | Update norms ŌĆö honest: ['0.02', '0.02', '0.02', '0.02', '0.02'], attacker: ['42062955486904320.00', '93648798361845760.00', '71557732859117568.00', '51989780254162944.00', '52027799304667136.00']
2026-05-05 23:11:22 | DEBUG   | dpfl.algorithms.trust_aware.simulator | Round 84 Phase 1+2: 0.51s
2026-05-05 23:11:42 | INFO    | dpfl.core.base_simulator | Round  85/150 | Acc: 0.8857 | Loss: 0.3816 | eps_max: 3.76 eps_avg: 3.76 | P: 1.00 R: 1.00 F1: 1.00
2026-05-05 23:11:42 | DEBUG   | dpfl.core.base_simulator | Update norms ŌĆö honest: ['0.02', '0.02', '0.02', '0.02', '0.02'], attacker: ['146173009986584576.00', '331730251602198528.00', '261359686358401024.00', '177069888022511616.00', '177851709509337088.00']
2026-05-05 23:11:42 | DEBUG   | dpfl.algorithms.trust_aware.simulator | Round 85 Phase 1+2: 0.52s
2026-05-05 23:12:02 | INFO    | dpfl.core.base_simulator | Round  86/150 | Acc: 0.8858 | Loss: 0.3811 | eps_max: 3.82 eps_avg: 3.82 | P: 0.99 R: 1.00 F1: 0.99
2026-05-05 23:12:02 | DEBUG   | dpfl.core.base_simulator | Update norms ŌĆö honest: ['0.02', '0.02', '0.02', '0.02', '0.02'], attacker: ['532486025268690944.00', '1165556542477434880.00', '862220594546999296.00', '622876360792080384.00', '609748260675911680.00']
2026-05-05 23:12:02 | DEBUG   | dpfl.algorithms.trust_aware.simulator | Round 86 Phase 1+2: 0.51s
2026-05-05 23:12:21 | INFO    | dpfl.core.base_simulator | Round  87/150 | Acc: 0.8860 | Loss: 0.3811 | eps_max: 3.87 eps_avg: 3.87 | P: 1.00 R: 1.00 F1: 1.00
2026-05-05 23:12:21 | DEBUG   | dpfl.core.base_simulator | Update norms ŌĆö honest: ['0.02', '0.02', '0.02', '0.02', '0.02'], attacker: ['1804194402453684224.00', '4061728169277784064.00', '3151923254101278720.00', '2130847212438028288.00', '2111506390588588032.00']
2026-05-05 23:12:22 | DEBUG   | dpfl.algorithms.trust_aware.simulator | Round 87 Phase 1+2: 0.51s
2026-05-05 23:12:40 | INFO    | dpfl.core.base_simulator | Round  88/150 | Acc: 0.8857 | Loss: 0.3818 | eps_max: 3.92 eps_avg: 3.92 | P: 0.97 R: 1.00 F1: 0.98
2026-05-05 23:12:40 | DEBUG   | dpfl.core.base_simulator | Update norms ŌĆö honest: ['0.02', '0.02', '0.02', '0.02', '0.02'], attacker: ['6316756973735903232.00', '13559614999361486848.00', '10620299360920928256.00', '7268659715238789120.00', '7527735441068392448.00']
2026-05-05 23:12:41 | DEBUG   | dpfl.algorithms.trust_aware.simulator | Round 88 Phase 1+2: 0.13s
2026-05-05 23:13:01 | INFO    | dpfl.core.base_simulator | Round  89/150 | Acc: 0.8860 | Loss: 0.3812 | eps_max: 3.96 eps_avg: 3.96 | P: 0.89 R: 1.00 F1: 0.93
2026-05-05 23:13:01 | DEBUG   | dpfl.core.base_simulator | Update norms ŌĆö honest: ['0.02', '0.02', '0.02', '0.02', '0.02'], attacker: ['inf', 'nan', 'nan', 'inf', 'inf']
2026-05-05 23:13:01 | DEBUG   | dpfl.algorithms.trust_aware.simulator | Round 89 Phase 1+2: 0.14s
2026-05-05 23:13:25 | INFO    | dpfl.core.base_simulator | Round  90/150 | Acc: 0.8860 | Loss: 0.3812 | eps_max: 4.00 eps_avg: 4.00 | P: 0.98 R: 1.00 F1: 0.99
2026-05-05 23:13:25 | DEBUG   | dpfl.core.base_simulator | Update norms ŌĆö honest: ['0.02', '0.02', '0.02', '0.02', '0.02'], attacker: ['nan', 'nan', 'nan', 'nan', 'nan']
2026-05-05 23:13:25 | DEBUG   | dpfl.algorithms.trust_aware.simulator | Round 90 Phase 1+2: 0.14s
2026-05-05 23:13:52 | INFO    | dpfl.core.base_simulator | Round  91/150 | Acc: 0.8860 | Loss: 0.3812 | eps_max: 4.05 eps_avg: 4.05 | P: 0.98 R: 1.00 F1: 0.99
2026-05-05 23:13:52 | DEBUG   | dpfl.core.base_simulator | Update norms ŌĆö honest: ['0.02', '0.02', '0.02', '0.02', '0.02'], attacker: ['nan', 'nan', 'nan', 'nan', 'nan']
2026-05-05 23:13:53 | DEBUG   | dpfl.algorithms.trust_aware.simulator | Round 91 Phase 1+2: 0.13s
2026-05-05 23:14:20 | INFO    | dpfl.core.base_simulator | Round  92/150 | Acc: 0.8861 | Loss: 0.3813 | eps_max: 4.09 eps_avg: 4.09 | P: 1.00 R: 1.00 F1: 1.00
2026-05-05 23:14:20 | DEBUG   | dpfl.core.base_simulator | Update norms ŌĆö honest: ['0.02', '0.02', '0.02', '0.02', '0.02'], attacker: ['nan', 'nan', 'nan', 'nan', 'nan']
2026-05-05 23:14:20 | DEBUG   | dpfl.algorithms.trust_aware.simulator | Round 92 Phase 1+2: 0.16s
2026-05-05 23:14:51 | INFO    | dpfl.core.base_simulator | Round  93/150 | Acc: 0.8861 | Loss: 0.3813 | eps_max: 4.14 eps_avg: 4.14 | P: 0.99 R: 1.00 F1: 0.99
2026-05-05 23:14:51 | DEBUG   | dpfl.core.base_simulator | Update norms ŌĆö honest: ['0.02', '0.02', '0.02', '0.02', '0.02'], attacker: ['nan', 'nan', 'nan', 'nan', 'nan']
2026-05-05 23:14:51 | DEBUG   | dpfl.algorithms.trust_aware.simulator | Round 93 Phase 1+2: 0.14s
2026-05-05 23:15:27 | INFO    | dpfl.core.base_simulator | Round  94/150 | Acc: 0.8855 | Loss: 0.3831 | eps_max: 4.18 eps_avg: 4.18 | P: 0.99 R: 1.00 F1: 0.99
2026-05-05 23:15:27 | DEBUG   | dpfl.core.base_simulator | Update norms ŌĆö honest: ['0.02', '0.02', '0.02', '0.02', '0.02'], attacker: ['nan', 'nan', 'nan', 'nan', 'nan']
2026-05-05 23:15:27 | DEBUG   | dpfl.algorithms.trust_aware.simulator | Round 94 Phase 1+2: 0.52s
2026-05-05 23:16:01 | INFO    | dpfl.core.base_simulator | Round  95/150 | Acc: 0.8858 | Loss: 0.3824 | eps_max: 4.23 eps_avg: 4.23 | P: 1.00 R: 1.00 F1: 1.00
2026-05-05 23:16:01 | DEBUG   | dpfl.core.base_simulator | Update norms ŌĆö honest: ['0.02', '0.02', '0.02', '0.02', '0.02'], attacker: ['nan', 'nan', 'nan', 'nan', 'nan']
2026-05-05 23:16:02 | DEBUG   | dpfl.algorithms.trust_aware.simulator | Round 95 Phase 1+2: 0.52s
2026-05-05 23:16:34 | INFO    | dpfl.core.base_simulator | Round  96/150 | Acc: 0.8852 | Loss: 0.3842 | eps_max: 4.28 eps_avg: 4.28 | P: 1.00 R: 1.00 F1: 1.00
2026-05-05 23:16:34 | DEBUG   | dpfl.core.base_simulator | Update norms ŌĆö honest: ['0.11', '0.02', '0.02', '0.02', '0.02'], attacker: ['nan', 'nan', 'nan', 'nan', 'nan']
2026-05-05 23:16:34 | DEBUG   | dpfl.algorithms.trust_aware.simulator | Round 96 Phase 1+2: 0.51s
2026-05-05 23:17:05 | INFO    | dpfl.core.base_simulator | Round  97/150 | Acc: 0.8861 | Loss: 0.3818 | eps_max: 4.33 eps_avg: 4.33 | P: 1.00 R: 1.00 F1: 1.00
2026-05-05 23:17:05 | DEBUG   | dpfl.core.base_simulator | Update norms ŌĆö honest: ['0.02', '0.02', '0.02', '0.02', '0.02'], attacker: ['nan', 'nan', 'nan', 'nan', 'nan']
2026-05-05 23:17:05 | DEBUG   | dpfl.algorithms.trust_aware.simulator | Round 97 Phase 1+2: 0.53s
2026-05-05 23:17:34 | INFO    | dpfl.core.base_simulator | Round  98/150 | Acc: 0.8860 | Loss: 0.3820 | eps_max: 4.38 eps_avg: 4.38 | P: 1.00 R: 1.00 F1: 1.00
2026-05-05 23:17:34 | DEBUG   | dpfl.core.base_simulator | Update norms ŌĆö honest: ['0.02', '0.02', '0.02', '0.02', '0.02'], attacker: ['nan', 'nan', 'nan', 'nan', 'nan']
2026-05-05 23:17:34 | DEBUG   | dpfl.algorithms.trust_aware.simulator | Round 98 Phase 1+2: 0.51s
2026-05-05 23:18:00 | INFO    | dpfl.core.base_simulator | Round  99/150 | Acc: 0.8861 | Loss: 0.3820 | eps_max: 4.43 eps_avg: 4.43 | P: 1.00 R: 1.00 F1: 1.00
2026-05-05 23:18:00 | DEBUG   | dpfl.core.base_simulator | Update norms ŌĆö honest: ['0.02', '0.02', '0.02', '0.02', '0.02'], attacker: ['nan', 'nan', 'nan', 'nan', 'nan']
2026-05-05 23:18:01 | DEBUG   | dpfl.algorithms.trust_aware.simulator | Round 99 Phase 1+2: 0.51s
2026-05-05 23:18:26 | INFO    | dpfl.core.base_simulator | Round 100/150 | Acc: 0.8861 | Loss: 0.3821 | eps_max: 4.49 eps_avg: 4.49 | P: 1.00 R: 1.00 F1: 1.00
2026-05-05 23:18:26 | DEBUG   | dpfl.core.base_simulator | Update norms ŌĆö honest: ['0.02', '0.02', '0.02', '0.02', '0.02'], attacker: ['nan', 'nan', 'nan', 'nan', 'nan']
2026-05-05 23:18:26 | DEBUG   | dpfl.algorithms.trust_aware.simulator | Round 100 Phase 1+2: 0.52s
2026-05-05 23:18:49 | INFO    | dpfl.core.base_simulator | Round 101/150 | Acc: 0.8862 | Loss: 0.3822 | eps_max: 4.54 eps_avg: 4.54 | P: 0.98 R: 1.00 F1: 0.99
2026-05-05 23:18:49 | DEBUG   | dpfl.core.base_simulator | Update norms ŌĆö honest: ['0.02', '0.02', '0.02', '0.02', '0.02'], attacker: ['nan', 'nan', 'nan', 'nan', 'nan']
2026-05-05 23:18:49 | DEBUG   | dpfl.algorithms.trust_aware.simulator | Round 101 Phase 1+2: 0.52s
2026-05-05 23:19:09 | INFO    | dpfl.core.base_simulator | Round 102/150 | Acc: 0.8863 | Loss: 0.3823 | eps_max: 4.60 eps_avg: 4.60 | P: 1.00 R: 1.00 F1: 1.00
2026-05-05 23:19:09 | DEBUG   | dpfl.core.base_simulator | Update norms ŌĆö honest: ['0.02', '0.01', '0.02', '0.01', '0.02'], attacker: ['nan', 'nan', 'nan', 'nan', 'nan']
2026-05-05 23:19:09 | DEBUG   | dpfl.algorithms.trust_aware.simulator | Round 102 Phase 1+2: 0.52s
2026-05-05 23:19:28 | INFO    | dpfl.core.base_simulator | Round 103/150 | Acc: 0.8862 | Loss: 0.3825 | eps_max: 4.65 eps_avg: 4.65 | P: 0.99 R: 1.00 F1: 0.99
2026-05-05 23:19:28 | DEBUG   | dpfl.core.base_simulator | Update norms ŌĆö honest: ['0.02', '0.02', '0.01', '0.02', '0.02'], attacker: ['nan', 'nan', 'nan', 'nan', 'nan']
2026-05-05 23:19:28 | DEBUG   | dpfl.algorithms.trust_aware.simulator | Round 103 Phase 1+2: 0.53s
2026-05-05 23:19:46 | INFO    | dpfl.core.base_simulator | Round 104/150 | Acc: 0.8861 | Loss: 0.3829 | eps_max: 4.71 eps_avg: 4.71 | P: 0.99 R: 1.00 F1: 0.99
2026-05-05 23:19:46 | DEBUG   | dpfl.core.base_simulator | Update norms ŌĆö honest: ['0.02', '0.01', '0.02', '0.02', '0.02'], attacker: ['nan', 'nan', 'nan', 'nan', 'nan']
2026-05-05 23:19:46 | DEBUG   | dpfl.algorithms.trust_aware.simulator | Round 104 Phase 1+2: 0.52s
2026-05-05 23:20:02 | INFO    | dpfl.core.base_simulator | Round 105/150 | Acc: 0.8862 | Loss: 0.3828 | eps_max: 4.77 eps_avg: 4.77 | P: 0.99 R: 1.00 F1: 1.00
2026-05-05 23:20:02 | DEBUG   | dpfl.core.base_simulator | Update norms ŌĆö honest: ['0.02', '0.02', '0.02', '0.02', '0.02'], attacker: ['nan', 'nan', 'nan', 'nan', 'nan']
2026-05-05 23:20:03 | DEBUG   | dpfl.algorithms.trust_aware.simulator | Round 105 Phase 1+2: 0.51s
2026-05-05 23:20:18 | INFO    | dpfl.core.base_simulator | Round 106/150 | Acc: 0.8861 | Loss: 0.3831 | eps_max: 4.83 eps_avg: 4.83 | P: 1.00 R: 1.00 F1: 1.00
2026-05-05 23:20:18 | DEBUG   | dpfl.core.base_simulator | Update norms ŌĆö honest: ['0.01', '0.02', '0.02', '0.02'], attacker: ['nan', 'nan', 'nan', 'nan', 'nan']
2026-05-05 23:20:19 | DEBUG   | dpfl.algorithms.trust_aware.simulator | Round 106 Phase 1+2: 0.53s
2026-05-05 23:20:35 | INFO    | dpfl.core.base_simulator | Round 107/150 | Acc: 0.8859 | Loss: 0.3838 | eps_max: 4.90 eps_avg: 4.90 | P: 1.00 R: 1.00 F1: 1.00
2026-05-05 23:20:35 | DEBUG   | dpfl.core.base_simulator | Update norms ŌĆö honest: ['0.02', '0.02', '0.01', '0.02', '0.02'], attacker: ['nan', 'nan', 'nan', 'nan', 'nan']
2026-05-05 23:20:35 | DEBUG   | dpfl.algorithms.trust_aware.simulator | Round 107 Phase 1+2: 0.14s
2026-05-05 23:20:53 | INFO    | dpfl.core.base_simulator | Round 108/150 | Acc: 0.8862 | Loss: 0.3834 | eps_max: 4.96 eps_avg: 4.96 | P: 0.97 R: 1.00 F1: 0.98
2026-05-05 23:20:53 | DEBUG   | dpfl.core.base_simulator | Update norms ŌĆö honest: ['0.02', '0.02', '0.02', '0.02', '0.02'], attacker: ['nan', 'nan', 'nan', 'nan', 'nan']
2026-05-05 23:20:53 | DEBUG   | dpfl.algorithms.trust_aware.simulator | Round 108 Phase 1+2: 0.14s
2026-05-05 23:21:14 | INFO    | dpfl.core.base_simulator | Round 109/150 | Acc: 0.8861 | Loss: 0.3838 | eps_max: 5.02 eps_avg: 5.02 | P: 1.00 R: 1.00 F1: 1.00
2026-05-05 23:21:14 | DEBUG   | dpfl.core.base_simulator | Update norms ŌĆö honest: ['0.02', '0.02', '0.02', '0.02', '0.01'], attacker: ['nan', 'nan', 'nan', 'nan', 'nan']
2026-05-05 23:21:14 | DEBUG   | dpfl.algorithms.trust_aware.simulator | Round 109 Phase 1+2: 0.15s
2026-05-05 23:21:39 | INFO    | dpfl.core.base_simulator | Round 110/150 | Acc: 0.8862 | Loss: 0.3837 | eps_max: 5.09 eps_avg: 5.09 | P: 0.99 R: 1.00 F1: 1.00
2026-05-05 23:21:39 | DEBUG   | dpfl.core.base_simulator | Update norms ŌĆö honest: ['0.01', '0.02', '0.01', '0.01', '0.01'], attacker: ['nan', 'nan', 'nan', 'nan', 'nan']
2026-05-05 23:21:39 | DEBUG   | dpfl.algorithms.trust_aware.simulator | Round 110 Phase 1+2: 0.14s
2026-05-05 23:22:03 | INFO    | dpfl.core.base_simulator | Round 111/150 | Acc: 0.8862 | Loss: 0.3840 | eps_max: 5.16 eps_avg: 5.16 | P: 0.99 R: 1.00 F1: 0.99
2026-05-05 23:22:03 | DEBUG   | dpfl.core.base_simulator | Update norms ŌĆö honest: ['0.01', '0.01', '0.02', '0.02', '0.01'], attacker: ['nan', 'nan', 'nan', 'nan', 'nan']
2026-05-05 23:22:03 | DEBUG   | dpfl.algorithms.trust_aware.simulator | Round 111 Phase 1+2: 0.14s
2026-05-05 23:22:31 | INFO    | dpfl.core.base_simulator | Round 112/150 | Acc: 0.8862 | Loss: 0.3843 | eps_max: 5.21 eps_avg: 5.21 | P: 0.93 R: 1.00 F1: 0.95
2026-05-05 23:22:31 | DEBUG   | dpfl.core.base_simulator | Update norms ŌĆö honest: ['0.01', '0.01', '0.02', '0.02', '0.02'], attacker: ['nan', 'nan', 'nan', 'nan', 'nan']
2026-05-05 23:22:31 | DEBUG   | dpfl.algorithms.trust_aware.simulator | Round 112 Phase 1+2: 0.15s
2026-05-05 23:23:00 | INFO    | dpfl.core.base_simulator | Round 113/150 | Acc: 0.8863 | Loss: 0.3844 | eps_max: 5.25 eps_avg: 5.25 | P: 1.00 R: 1.00 F1: 1.00
2026-05-05 23:23:00 | DEBUG   | dpfl.core.base_simulator | Update norms ŌĆö honest: ['0.01', '0.01', '0.02', '0.02'], attacker: ['nan', 'nan', 'nan', 'nan', 'nan']
2026-05-05 23:23:01 | DEBUG   | dpfl.algorithms.trust_aware.simulator | Round 113 Phase 1+2: 0.14s
2026-05-05 23:23:33 | INFO    | dpfl.core.base_simulator | Round 114/150 | Acc: 0.8862 | Loss: 0.3846 | eps_max: 5.30 eps_avg: 5.30 | P: 0.99 R: 1.00 F1: 0.99
2026-05-05 23:23:33 | DEBUG   | dpfl.core.base_simulator | Update norms ŌĆö honest: ['0.02', '0.01', '0.02', '0.01', '0.01'], attacker: ['nan', 'nan', 'nan', 'nan', 'nan']
2026-05-05 23:23:33 | DEBUG   | dpfl.algorithms.trust_aware.simulator | Round 114 Phase 1+2: 0.14s
2026-05-05 23:24:09 | INFO    | dpfl.core.base_simulator | Round 115/150 | Acc: 0.8862 | Loss: 0.3850 | eps_max: 5.34 eps_avg: 5.34 | P: 0.99 R: 1.00 F1: 1.00
2026-05-05 23:24:09 | DEBUG   | dpfl.core.base_simulator | Update norms ŌĆö honest: ['0.01', '0.01', '0.01', '0.01', '0.02'], attacker: ['nan', 'nan', 'nan', 'nan', 'nan']
2026-05-05 23:24:10 | DEBUG   | dpfl.algorithms.trust_aware.simulator | Round 115 Phase 1+2: 0.52s
2026-05-05 23:24:45 | INFO    | dpfl.core.base_simulator | Round 116/150 | Acc: 0.8862 | Loss: 0.3852 | eps_max: 5.39 eps_avg: 5.39 | P: 1.00 R: 1.00 F1: 1.00
2026-05-05 23:24:45 | DEBUG   | dpfl.core.base_simulator | Update norms ŌĆö honest: ['0.01', '0.02', '0.01', '0.01', '0.01'], attacker: ['nan', 'nan', 'nan', 'nan', 'nan']
2026-05-05 23:24:46 | DEBUG   | dpfl.algorithms.trust_aware.simulator | Round 116 Phase 1+2: 0.53s
2026-05-05 23:25:21 | INFO    | dpfl.core.base_simulator | Round 117/150 | Acc: 0.8863 | Loss: 0.3853 | eps_max: 5.44 eps_avg: 5.44 | P: 0.98 R: 1.00 F1: 0.99
2026-05-05 23:25:21 | DEBUG   | dpfl.core.base_simulator | Update norms ŌĆö honest: ['0.01', '0.01', '0.02', '0.01', '0.02'], attacker: ['nan', 'nan', 'nan', 'nan', 'nan']
2026-05-05 23:25:21 | DEBUG   | dpfl.algorithms.trust_aware.simulator | Round 117 Phase 1+2: 0.51s
2026-05-05 23:25:54 | INFO    | dpfl.core.base_simulator | Round 118/150 | Acc: 0.8862 | Loss: 0.3858 | eps_max: 5.49 eps_avg: 5.49 | P: 0.98 R: 1.00 F1: 0.99
2026-05-05 23:25:54 | DEBUG   | dpfl.core.base_simulator | Update norms ŌĆö honest: ['0.01', '0.01', '0.01', '0.01', '0.01'], attacker: ['nan', 'nan', 'nan', 'nan', 'nan']
2026-05-05 23:25:55 | DEBUG   | dpfl.algorithms.trust_aware.simulator | Round 118 Phase 1+2: 0.53s
2026-05-05 23:26:27 | INFO    | dpfl.core.base_simulator | Round 119/150 | Acc: 0.8863 | Loss: 0.3857 | eps_max: 5.54 eps_avg: 5.54 | P: 0.99 R: 1.00 F1: 0.99
2026-05-05 23:26:27 | DEBUG   | dpfl.core.base_simulator | Update norms ŌĆö honest: ['0.01', '0.01', '0.01', '0.02', '0.01'], attacker: ['nan', 'nan', 'nan', 'nan', 'nan']
2026-05-05 23:26:28 | DEBUG   | dpfl.algorithms.trust_aware.simulator | Round 119 Phase 1+2: 0.53s
2026-05-05 23:26:58 | INFO    | dpfl.core.base_simulator | Round 120/150 | Acc: 0.8861 | Loss: 0.3866 | eps_max: 5.59 eps_avg: 5.59 | P: 0.99 R: 1.00 F1: 1.00
2026-05-05 23:26:58 | DEBUG   | dpfl.core.base_simulator | Update norms ŌĆö honest: ['0.01', '0.01', '0.01', '0.01', '0.01'], attacker: ['nan', 'nan', 'nan', 'nan', 'nan']
2026-05-05 23:26:59 | DEBUG   | dpfl.algorithms.trust_aware.simulator | Round 120 Phase 1+2: 0.52s
2026-05-05 23:27:28 | INFO    | dpfl.core.base_simulator | Round 121/150 | Acc: 0.8862 | Loss: 0.3864 | eps_max: 5.64 eps_avg: 5.64 | P: 0.98 R: 1.00 F1: 0.99
2026-05-05 23:27:28 | DEBUG   | dpfl.core.base_simulator | Update norms ŌĆö honest: ['0.02', '0.02', '0.01', '0.01', '0.01'], attacker: ['nan', 'nan', 'nan', 'nan', 'nan']
2026-05-05 23:27:28 | DEBUG   | dpfl.algorithms.trust_aware.simulator | Round 121 Phase 1+2: 0.52s
2026-05-05 23:27:56 | INFO    | dpfl.core.base_simulator | Round 122/150 | Acc: 0.8862 | Loss: 0.3866 | eps_max: 5.69 eps_avg: 5.69 | P: 0.99 R: 1.00 F1: 0.99
2026-05-05 23:27:56 | DEBUG   | dpfl.core.base_simulator | Update norms ŌĆö honest: ['0.01', '0.01', '0.02', '0.02', '0.01'], attacker: ['nan', 'nan', 'nan', 'nan', 'nan']
2026-05-05 23:27:57 | DEBUG   | dpfl.algorithms.trust_aware.simulator | Round 122 Phase 1+2: 0.53s
2026-05-05 23:28:23 | INFO    | dpfl.core.base_simulator | Round 123/150 | Acc: 0.8862 | Loss: 0.3869 | eps_max: 5.74 eps_avg: 5.74 | P: 0.97 R: 1.00 F1: 0.98
2026-05-05 23:28:23 | DEBUG   | dpfl.core.base_simulator | Update norms ŌĆö honest: ['0.01', '0.01', '0.01', '0.01', '0.01'], attacker: ['nan', 'nan', 'nan', 'nan', 'nan']
2026-05-05 23:28:23 | DEBUG   | dpfl.algorithms.trust_aware.simulator | Round 123 Phase 1+2: 0.51s
2026-05-05 23:28:48 | INFO    | dpfl.core.base_simulator | Round 124/150 | Acc: 0.8862 | Loss: 0.3874 | eps_max: 5.80 eps_avg: 5.80 | P: 0.94 R: 1.00 F1: 0.97
2026-05-05 23:28:48 | DEBUG   | dpfl.core.base_simulator | Update norms ŌĆö honest: ['0.01', '0.01', '0.01', '0.04', '0.01'], attacker: ['nan', 'nan', 'nan', 'nan', 'nan']
2026-05-05 23:28:48 | DEBUG   | dpfl.algorithms.trust_aware.simulator | Round 124 Phase 1+2: 0.52s
2026-05-05 23:29:11 | INFO    | dpfl.core.base_simulator | Round 125/150 | Acc: 0.8863 | Loss: 0.3872 | eps_max: 5.85 eps_avg: 5.85 | P: 1.00 R: 1.00 F1: 1.00
2026-05-05 23:29:11 | DEBUG   | dpfl.core.base_simulator | Update norms ŌĆö honest: ['0.01', '0.01', '0.01', '0.01', '0.01'], attacker: ['nan', 'nan', 'nan', 'nan', 'nan']
2026-05-05 23:29:12 | DEBUG   | dpfl.algorithms.trust_aware.simulator | Round 125 Phase 1+2: 0.52s
2026-05-05 23:29:34 | INFO    | dpfl.core.base_simulator | Round 126/150 | Acc: 0.8863 | Loss: 0.3875 | eps_max: 5.91 eps_avg: 5.91 | P: 1.00 R: 1.00 F1: 1.00
2026-05-05 23:29:34 | DEBUG   | dpfl.core.base_simulator | Update norms ŌĆö honest: ['0.01', '0.01', '0.01', '0.01', '0.01'], attacker: ['nan', 'nan', 'nan', 'nan', 'nan']
2026-05-05 23:29:34 | DEBUG   | dpfl.algorithms.trust_aware.simulator | Round 126 Phase 1+2: 0.51s
2026-05-05 23:29:56 | INFO    | dpfl.core.base_simulator | Round 127/150 | Acc: 0.8863 | Loss: 0.3877 | eps_max: 5.97 eps_avg: 5.97 | P: 1.00 R: 1.00 F1: 1.00
2026-05-05 23:29:56 | DEBUG   | dpfl.core.base_simulator | Update norms ŌĆö honest: ['0.01', '0.01', '0.01', '0.01', '0.01'], attacker: ['nan', 'nan', 'nan', 'nan', 'nan']
2026-05-05 23:29:56 | DEBUG   | dpfl.algorithms.trust_aware.simulator | Round 127 Phase 1+2: 0.52s
2026-05-05 23:30:16 | INFO    | dpfl.core.base_simulator | Round 128/150 | Acc: 0.8862 | Loss: 0.3882 | eps_max: 6.02 eps_avg: 6.02 | P: 0.99 R: 1.00 F1: 0.99
2026-05-05 23:30:16 | DEBUG   | dpfl.core.base_simulator | Update norms ŌĆö honest: ['0.01', '0.02', '0.01', '0.02', '0.01'], attacker: ['nan', 'nan', 'nan', 'nan', 'nan']
2026-05-05 23:30:16 | DEBUG   | dpfl.algorithms.trust_aware.simulator | Round 128 Phase 1+2: 0.52s
2026-05-05 23:30:35 | INFO    | dpfl.core.base_simulator | Round 129/150 | Acc: 0.8862 | Loss: 0.3884 | eps_max: 6.08 eps_avg: 6.08 | P: 1.00 R: 1.00 F1: 1.00
2026-05-05 23:30:35 | DEBUG   | dpfl.core.base_simulator | Update norms ŌĆö honest: ['0.01', '0.01', '0.01', '0.01', '0.01'], attacker: ['nan', 'nan', 'nan', 'nan', 'nan']
2026-05-05 23:30:36 | DEBUG   | dpfl.algorithms.trust_aware.simulator | Round 129 Phase 1+2: 0.52s
2026-05-05 23:30:54 | INFO    | dpfl.core.base_simulator | Round 130/150 | Acc: 0.8862 | Loss: 0.3886 | eps_max: 6.14 eps_avg: 6.14 | P: 1.00 R: 1.00 F1: 1.00
2026-05-05 23:30:54 | DEBUG   | dpfl.core.base_simulator | Update norms ŌĆö honest: ['0.01', '0.01', '0.01', '0.01', '0.01'], attacker: ['nan', 'nan', 'nan', 'nan', 'nan']
2026-05-05 23:30:54 | DEBUG   | dpfl.algorithms.trust_aware.simulator | Round 130 Phase 1+2: 0.52s
2026-05-05 23:31:12 | INFO    | dpfl.core.base_simulator | Round 131/150 | Acc: 0.8863 | Loss: 0.3889 | eps_max: 6.20 eps_avg: 6.20 | P: 1.00 R: 1.00 F1: 1.00
2026-05-05 23:31:12 | DEBUG   | dpfl.core.base_simulator | Update norms ŌĆö honest: ['0.01', '0.01', '0.01', '0.01', '0.01'], attacker: ['nan', 'nan', 'nan', 'nan', 'nan']
2026-05-05 23:31:12 | DEBUG   | dpfl.algorithms.trust_aware.simulator | Round 131 Phase 1+2: 0.51s
2026-05-05 23:31:29 | INFO    | dpfl.core.base_simulator | Round 132/150 | Acc: 0.8863 | Loss: 0.3890 | eps_max: 6.27 eps_avg: 6.27 | P: 1.00 R: 1.00 F1: 1.00
2026-05-05 23:31:29 | DEBUG   | dpfl.core.base_simulator | Update norms ŌĆö honest: ['0.01', '0.01', '0.01', '0.01', '0.01'], attacker: ['nan', 'nan', 'nan', 'nan', 'nan']
2026-05-05 23:31:29 | DEBUG   | dpfl.algorithms.trust_aware.simulator | Round 132 Phase 1+2: 0.53s
2026-05-05 23:31:45 | INFO    | dpfl.core.base_simulator | Round 133/150 | Acc: 0.8863 | Loss: 0.3893 | eps_max: 6.33 eps_avg: 6.33 | P: 0.97 R: 1.00 F1: 0.98
2026-05-05 23:31:45 | DEBUG   | dpfl.core.base_simulator | Update norms ŌĆö honest: ['0.01', '0.01', '0.01', '0.01', '0.01'], attacker: ['nan', 'nan', 'nan', 'nan', 'nan']
2026-05-05 23:31:46 | DEBUG   | dpfl.algorithms.trust_aware.simulator | Round 133 Phase 1+2: 0.52s
2026-05-05 23:32:01 | INFO    | dpfl.core.base_simulator | Round 134/150 | Acc: 0.8862 | Loss: 0.3896 | eps_max: 6.39 eps_avg: 6.39 | P: 0.98 R: 1.00 F1: 0.99
2026-05-05 23:32:01 | DEBUG   | dpfl.core.base_simulator | Update norms ŌĆö honest: ['0.01', '0.01', '0.01', '0.01', '0.01'], attacker: ['nan', 'nan', 'nan', 'nan', 'nan']
2026-05-05 23:32:02 | DEBUG   | dpfl.algorithms.trust_aware.simulator | Round 134 Phase 1+2: 0.52s
2026-05-05 23:32:16 | INFO    | dpfl.core.base_simulator | Round 135/150 | Acc: 0.8863 | Loss: 0.3898 | eps_max: 6.46 eps_avg: 6.46 | P: 1.00 R: 1.00 F1: 1.00
2026-05-05 23:32:16 | DEBUG   | dpfl.core.base_simulator | Update norms ŌĆö honest: ['0.01', '0.01', '0.01', '0.01', '0.01'], attacker: ['nan', 'nan', 'nan', 'nan', 'nan']
2026-05-05 23:32:16 | DEBUG   | dpfl.algorithms.trust_aware.simulator | Round 135 Phase 1+2: 0.52s
2026-05-05 23:32:29 | INFO    | dpfl.core.base_simulator | Round 136/150 | Acc: 0.8863 | Loss: 0.3900 | eps_max: 6.53 eps_avg: 6.53 | P: 0.99 R: 1.00 F1: 0.99
2026-05-05 23:32:29 | DEBUG   | dpfl.core.base_simulator | Update norms ŌĆö honest: ['0.01', '0.01', '0.01', '0.01', '0.01'], attacker: ['nan', 'nan', 'nan', 'nan', 'nan']
2026-05-05 23:32:30 | DEBUG   | dpfl.algorithms.trust_aware.simulator | Round 136 Phase 1+2: 0.51s
2026-05-05 23:32:42 | INFO    | dpfl.core.base_simulator | Round 137/150 | Acc: 0.8863 | Loss: 0.3903 | eps_max: 6.59 eps_avg: 6.59 | P: 1.00 R: 1.00 F1: 1.00
2026-05-05 23:32:42 | DEBUG   | dpfl.core.base_simulator | Update norms ŌĆö honest: ['0.01', '0.01', '0.01', '0.01', '0.01'], attacker: ['nan', 'nan', 'nan', 'nan', 'nan']
2026-05-05 23:32:42 | DEBUG   | dpfl.algorithms.trust_aware.simulator | Round 137 Phase 1+2: 0.63s
2026-05-05 23:32:54 | INFO    | dpfl.core.base_simulator | Round 138/150 | Acc: 0.8863 | Loss: 0.3906 | eps_max: 6.66 eps_avg: 6.66 | P: 1.00 R: 1.00 F1: 1.00
2026-05-05 23:32:54 | DEBUG   | dpfl.core.base_simulator | Update norms ŌĆö honest: ['0.01', '0.01', '0.01', '0.01', '0.01'], attacker: ['nan', 'nan', 'nan', 'nan', 'nan']
2026-05-05 23:32:54 | DEBUG   | dpfl.algorithms.trust_aware.simulator | Round 138 Phase 1+2: 0.14s
2026-05-05 23:33:06 | INFO    | dpfl.core.base_simulator | Round 139/150 | Acc: 0.8863 | Loss: 0.3908 | eps_max: 6.73 eps_avg: 6.73 | P: 1.00 R: 1.00 F1: 1.00
2026-05-05 23:33:06 | DEBUG   | dpfl.core.base_simulator | Update norms ŌĆö honest: ['0.01', '0.01', '0.01', '0.01', '0.01'], attacker: ['nan', 'nan', 'nan', 'nan', 'nan']
2026-05-05 23:33:06 | DEBUG   | dpfl.algorithms.trust_aware.simulator | Round 139 Phase 1+2: 0.14s
2026-05-05 23:33:20 | INFO    | dpfl.core.base_simulator | Round 140/150 | Acc: 0.8863 | Loss: 0.3911 | eps_max: 6.81 eps_avg: 6.81 | P: 0.96 R: 1.00 F1: 0.98
2026-05-05 23:33:20 | DEBUG   | dpfl.core.base_simulator | Update norms ŌĆö honest: ['0.01', '0.01', '0.01', '0.01', '0.01'], attacker: ['nan', 'nan', 'nan', 'nan', 'nan']
2026-05-05 23:33:20 | DEBUG   | dpfl.algorithms.trust_aware.simulator | Round 140 Phase 1+2: 0.14s
2026-05-05 23:33:36 | INFO    | dpfl.core.base_simulator | Round 141/150 | Acc: 0.8863 | Loss: 0.3914 | eps_max: 6.88 eps_avg: 6.88 | P: 1.00 R: 1.00 F1: 1.00
2026-05-05 23:33:36 | DEBUG   | dpfl.core.base_simulator | Update norms ŌĆö honest: ['0.01', '0.01', '0.01', '0.01', '0.01'], attacker: ['nan', 'nan', 'nan', 'nan', 'nan']
2026-05-05 23:33:36 | DEBUG   | dpfl.algorithms.trust_aware.simulator | Round 141 Phase 1+2: 0.14s
2026-05-05 23:33:53 | INFO    | dpfl.core.base_simulator | Round 142/150 | Acc: 0.8863 | Loss: 0.3917 | eps_max: 6.96 eps_avg: 6.96 | P: 0.99 R: 1.00 F1: 0.99
2026-05-05 23:33:53 | DEBUG   | dpfl.core.base_simulator | Update norms ŌĆö honest: ['0.01', '0.01', '0.01', '0.01', '0.01'], attacker: ['nan', 'nan', 'nan', 'nan', 'nan']
2026-05-05 23:33:54 | DEBUG   | dpfl.algorithms.trust_aware.simulator | Round 142 Phase 1+2: 0.13s
2026-05-05 23:34:13 | INFO    | dpfl.core.base_simulator | Round 143/150 | Acc: 0.8863 | Loss: 0.3920 | eps_max: 7.03 eps_avg: 7.03 | P: 0.98 R: 1.00 F1: 0.99
2026-05-05 23:34:13 | DEBUG   | dpfl.core.base_simulator | Update norms ŌĆö honest: ['0.01', '0.01', '0.01', '0.01', '0.01'], attacker: ['nan', 'nan', 'nan', 'nan', 'nan']
2026-05-05 23:34:13 | DEBUG   | dpfl.algorithms.trust_aware.simulator | Round 143 Phase 1+2: 0.14s
2026-05-05 23:34:36 | INFO    | dpfl.core.base_simulator | Round 144/150 | Acc: 0.8863 | Loss: 0.3922 | eps_max: 7.11 eps_avg: 7.11 | P: 1.00 R: 1.00 F1: 1.00
2026-05-05 23:34:36 | DEBUG   | dpfl.core.base_simulator | Update norms ŌĆö honest: ['0.01', '0.01', '0.01', '0.01', '0.01'], attacker: ['nan', 'nan', 'nan', 'nan', 'nan']
2026-05-05 23:34:36 | DEBUG   | dpfl.algorithms.trust_aware.simulator | Round 144 Phase 1+2: 0.15s
2026-05-05 23:35:02 | INFO    | dpfl.core.base_simulator | Round 145/150 | Acc: 0.8863 | Loss: 0.3925 | eps_max: 7.19 eps_avg: 7.19 | P: 1.00 R: 1.00 F1: 1.00
2026-05-05 23:35:02 | DEBUG   | dpfl.core.base_simulator | Update norms ŌĆö honest: ['0.01', '0.01', '0.01', '0.01', '0.01'], attacker: ['nan', 'nan', 'nan', 'nan', 'nan']
2026-05-05 23:35:02 | DEBUG   | dpfl.algorithms.trust_aware.simulator | Round 145 Phase 1+2: 0.14s
2026-05-05 23:35:30 | INFO    | dpfl.core.base_simulator | Round 146/150 | Acc: 0.8863 | Loss: 0.3928 | eps_max: 7.27 eps_avg: 7.27 | P: 0.99 R: 1.00 F1: 1.00
2026-05-05 23:35:30 | DEBUG   | dpfl.core.base_simulator | Update norms ŌĆö honest: ['0.01', '0.01', '0.01', '0.01', '0.01'], attacker: ['nan', 'nan', 'nan', 'nan', 'nan']
2026-05-05 23:35:30 | DEBUG   | dpfl.algorithms.trust_aware.simulator | Round 146 Phase 1+2: 0.14s
2026-05-05 23:36:00 | INFO    | dpfl.core.base_simulator | Round 147/150 | Acc: 0.8863 | Loss: 0.3930 | eps_max: 7.35 eps_avg: 7.35 | P: 1.00 R: 1.00 F1: 1.00
2026-05-05 23:36:00 | DEBUG   | dpfl.core.base_simulator | Update norms ŌĆö honest: ['0.01', '0.01', '0.01', '0.01', '0.01'], attacker: ['nan', 'nan', 'nan', 'nan', 'nan']
2026-05-05 23:36:00 | DEBUG   | dpfl.algorithms.trust_aware.simulator | Round 147 Phase 1+2: 0.14s
2026-05-05 23:36:32 | INFO    | dpfl.core.base_simulator | Round 148/150 | Acc: 0.8863 | Loss: 0.3934 | eps_max: 7.44 eps_avg: 7.44 | P: 0.98 R: 1.00 F1: 0.99
2026-05-05 23:36:32 | DEBUG   | dpfl.core.base_simulator | Update norms ŌĆö honest: ['0.01', '0.01', '0.01', '0.01', '0.02'], attacker: ['nan', 'nan', 'nan', 'nan', 'nan']
2026-05-05 23:36:32 | DEBUG   | dpfl.algorithms.trust_aware.simulator | Round 148 Phase 1+2: 0.14s
2026-05-05 23:37:06 | INFO    | dpfl.core.base_simulator | Round 149/150 | Acc: 0.8863 | Loss: 0.3936 | eps_max: 7.52 eps_avg: 7.52 | P: 1.00 R: 1.00 F1: 1.00
2026-05-05 23:37:06 | DEBUG   | dpfl.core.base_simulator | Update norms ŌĆö honest: ['0.01', '0.01', '0.01', '0.01', '0.01'], attacker: ['nan', 'nan', 'nan', 'nan', 'nan']
2026-05-05 23:37:06 | DEBUG   | dpfl.algorithms.trust_aware.simulator | Round 149 Phase 1+2: 0.14s
2026-05-05 23:37:42 | INFO    | dpfl.core.base_simulator | Round 150/150 | Acc: 0.8863 | Loss: 0.3939 | eps_max: 7.61 eps_avg: 7.61 | P: 1.00 R: 1.00 F1: 1.00
2026-05-05 23:37:42 | DEBUG   | dpfl.core.base_simulator | Update norms ŌĆö honest: ['0.01', '0.01', '0.01', '0.01', '0.01'], attacker: ['nan', 'nan', 'nan', 'nan', 'nan']
2026-05-05 23:37:43 | INFO    | dpfl | Experiment complete in 3801.0s
============================================================
REPORT: DP-SGD Decentralized Federated Learning
============================================================
Timestamp:                  20260505_223420
Rounds completed:           150
Attack-active rounds:       100  (from round 50)
Final accuracy:             0.8863
Final test loss:            0.3939
Final epsilon (max honest): 7.61
Final epsilon (avg honest): 7.61
Best alpha:                 1000.0
Avg precision:              0.9899
Avg recall:                 0.9868
Avg F1 score:               0.9851
Avg update norm (honest):   0.0335
Avg update norm (attacker): nan

eps_system (max honest): 7.6098
eps_avg (honest):        7.6098
eps_std (honest):        0.0000
n_frozen:                0/200
============================================================
