2026-05-07 16:20:45 | INFO    | dpfl | Experiment start: algorithm=noise_game, dataset=mnist, model=mlp, device=cuda
2026-05-07 16:20:45 | INFO    | dpfl | Config: nodes=500, attackers=200, rounds=150, noise_mode=none, attack=scale
2026-05-07 16:20:45 | INFO    | dpfl.data.mnist_dataset | Loading MNIST dataset...
2026-05-07 16:20:45 | INFO    | dpfl.data.mnist_dataset | MNIST loaded: 60000 train, 10000 test samples
2026-05-07 16:21:39 | INFO    | dpfl.core.base_simulator | Vectorized state ready: param_spec.D=50890, X_test=(10000, 1, 28, 28), train clients N=500, max_n_samples=1000
2026-05-07 16:21:39 | INFO    | dpfl.core.base_simulator | Setup complete: 500 nodes (200 attackers), param_dim=50890, split=iid
2026-05-07 16:21:39 | DEBUG   | dpfl.core.base_simulator | Attacker IDs: {0, 1, 2, 3, 4, 5, 6, 7, 8, 9, 10, 11, 12, 13, 14, 15, 16, 17, 18, 19, 20, 21, 22, 23, 24, 25, 26, 27, 28, 29, 30, 31, 32, 33, 34, 35, 36, 37, 38, 39, 40, 41, 42, 43, 44, 45, 46, 47, 48, 49, 50, 51, 52, 53, 54, 55, 56, 57, 58, 59, 60, 61, 62, 63, 64, 65, 66, 67, 68, 69, 70, 71, 72, 73, 74, 75, 76, 77, 78, 79, 80, 81, 82, 83, 84, 85, 86, 87, 88, 89, 90, 91, 92, 93, 94, 95, 96, 97, 98, 99, 100, 101, 102, 103, 104, 105, 106, 107, 108, 109, 110, 111, 112, 113, 114, 115, 116, 117, 118, 119, 120, 121, 122, 123, 124, 125, 126, 127, 128, 129, 130, 131, 132, 133, 134, 135, 136, 137, 138, 139, 140, 141, 142, 143, 144, 145, 146, 147, 148, 149, 150, 151, 152, 153, 154, 155, 156, 157, 158, 159, 160, 161, 162, 163, 164, 165, 166, 167, 168, 169, 170, 171, 172, 173, 174, 175, 176, 177, 178, 179, 180, 181, 182, 183, 184, 185, 186, 187, 188, 189, 190, 191, 192, 193, 194, 195, 196, 197, 198, 199}
2026-05-07 16:21:49 | INFO    | dpfl.core.base_simulator | Round   1/150 | Acc: 0.3801 | Loss: 2.0956 | eps_max: 5.19 eps_avg: 2.15 | P: 0.00 R: nan F1: nan
2026-05-07 16:21:49 | DEBUG   | dpfl.core.base_simulator | Update norms — honest: ['0.34', '0.34', '0.34', '0.34', '0.34'], attacker: ['0.34', '0.34', '0.34', '0.34', '0.34']
2026-05-07 16:21:59 | INFO    | dpfl.core.base_simulator | Round   2/150 | Acc: 0.5541 | Loss: 1.8905 | eps_max: 5.64 eps_avg: 2.48 | P: 0.00 R: nan F1: nan
2026-05-07 16:21:59 | DEBUG   | dpfl.core.base_simulator | Update norms — honest: ['0.34', '0.34', '0.34', '0.34', '0.34'], attacker: ['0.61', '0.62', '0.62', '0.61', '0.62']
2026-05-07 16:22:08 | INFO    | dpfl.core.base_simulator | Round   3/150 | Acc: 0.6505 | Loss: 1.6799 | eps_max: 6.06 eps_avg: 2.79 | P: 0.00 R: nan F1: nan
2026-05-07 16:22:08 | DEBUG   | dpfl.core.base_simulator | Update norms — honest: ['0.34', '0.34', '0.34', '0.34', '0.34'], attacker: ['0.93', '0.94', '0.94', '0.94', '0.93']
2026-05-07 16:22:18 | INFO    | dpfl.core.base_simulator | Round   4/150 | Acc: 0.7096 | Loss: 1.4801 | eps_max: 6.48 eps_avg: 3.15 | P: 0.00 R: nan F1: nan
2026-05-07 16:22:18 | DEBUG   | dpfl.core.base_simulator | Update norms — honest: ['0.34', '0.34', '0.34', '0.34', '0.34'], attacker: ['1.22', '1.22', '1.23', '1.23', '1.21']
2026-05-07 16:22:28 | INFO    | dpfl.core.base_simulator | Round   5/150 | Acc: 0.7508 | Loss: 1.2999 | eps_max: 6.90 eps_avg: 3.45 | P: 0.00 R: nan F1: nan
2026-05-07 16:22:28 | DEBUG   | dpfl.core.base_simulator | Update norms — honest: ['0.34', '0.34', '0.34', '0.34', '0.34'], attacker: ['1.49', '1.50', '1.49', '1.50', '1.49']
2026-05-07 16:22:38 | INFO    | dpfl.core.base_simulator | Round   6/150 | Acc: 0.7792 | Loss: 1.1458 | eps_max: 7.30 eps_avg: 3.67 | P: 0.00 R: nan F1: nan
2026-05-07 16:22:38 | DEBUG   | dpfl.core.base_simulator | Update norms — honest: ['0.34', '0.64', '0.64', '0.34', '0.64'], attacker: ['1.75', '1.76', '1.76', '1.75', '1.75']
2026-05-07 16:22:47 | INFO    | dpfl.core.base_simulator | Round   7/150 | Acc: 0.7995 | Loss: 1.0195 | eps_max: 7.42 eps_avg: 3.83 | P: 0.00 R: nan F1: nan
2026-05-07 16:22:47 | DEBUG   | dpfl.core.base_simulator | Update norms — honest: ['0.64', '0.34', '0.59', '0.34', '0.34'], attacker: ['1.98', '2.01', '2.00', '2.00', '1.97']
2026-05-07 16:22:57 | INFO    | dpfl.core.base_simulator | Round   8/150 | Acc: 0.8137 | Loss: 0.9187 | eps_max: 7.55 eps_avg: 4.03 | P: 0.00 R: nan F1: nan
2026-05-07 16:22:57 | DEBUG   | dpfl.core.base_simulator | Update norms — honest: ['0.34', '0.57', '0.52', '0.34', '0.34'], attacker: ['2.22', '2.22', '2.24', '2.22', '2.17']
2026-05-07 16:23:07 | INFO    | dpfl.core.base_simulator | Round   9/150 | Acc: 0.8240 | Loss: 0.8390 | eps_max: 7.67 eps_avg: 4.23 | P: 0.00 R: nan F1: nan
2026-05-07 16:23:07 | DEBUG   | dpfl.core.base_simulator | Update norms — honest: ['0.34', '0.34', '0.64', '0.93', '0.34'], attacker: ['2.43', '2.41', '2.42', '2.43', '2.41']
2026-05-07 16:23:17 | INFO    | dpfl.core.base_simulator | Round  10/150 | Acc: 0.8320 | Loss: 0.7754 | eps_max: 7.80 eps_avg: 4.37 | P: 0.00 R: nan F1: nan
2026-05-07 16:23:17 | DEBUG   | dpfl.core.base_simulator | Update norms — honest: ['0.59', '0.34', '0.49', '0.34', '0.50'], attacker: ['2.61', '2.59', '2.57', '2.61', '2.63']
2026-05-07 16:23:27 | INFO    | dpfl.core.base_simulator | Round  11/150 | Acc: 0.8382 | Loss: 0.7245 | eps_max: 7.92 eps_avg: 4.56 | P: 0.00 R: nan F1: nan
2026-05-07 16:23:27 | DEBUG   | dpfl.core.base_simulator | Update norms — honest: ['0.34', '0.34', '0.61', '0.34', '0.34'], attacker: ['2.78', '2.71', '2.82', '2.79', '2.82']
2026-05-07 16:23:37 | INFO    | dpfl.core.base_simulator | Round  12/150 | Acc: 0.8435 | Loss: 0.6829 | eps_max: 8.05 eps_avg: 4.70 | P: 0.00 R: nan F1: nan
2026-05-07 16:23:37 | DEBUG   | dpfl.core.base_simulator | Update norms — honest: ['0.34', '0.62', '0.63', '0.34', '0.90'], attacker: ['2.94', '2.93', '2.96', '2.94', '2.99']
2026-05-07 16:23:37 | WARNING | dpfl.algorithms.noise_game.simulator | Round  12/150 | Budget exceeded (eps_max=8.05 > 8.00)
2026-05-07 16:23:38 | INFO    | dpfl | Experiment complete in 172.7s
============================================================
REPORT: DP-SGD Decentralized Federated Learning
============================================================
Timestamp:                  20260507_162045
Rounds completed:           12
Attack-active rounds:       0  (from round 50)
Final accuracy:             0.8435
Final test loss:            0.6829
Final epsilon (max honest): 8.05
Final epsilon (avg honest): 4.70
Best alpha:                 1000.0
Avg precision:              nan
Avg recall:                 nan
Avg F1 score:               nan
Avg update norm (honest):   0.4296
Avg update norm (attacker): 1.7602

eps_system (max honest): 6.9002
eps_avg (honest):        2.4688
eps_std (honest):        2.6823
n_frozen:                0/300
============================================================
