2026-05-06 11:52:18 | INFO    | dpfl | Experiment start: algorithm=balance, dataset=fashion_mnist, model=mlp, device=cuda
2026-05-06 11:52:18 | INFO    | dpfl | Config: nodes=500, attackers=200, rounds=150, noise_mode=none, attack=scale
2026-05-06 11:52:18 | INFO    | dpfl.data.fashion_mnist_dataset | Loading Fashion-MNIST dataset...
2026-05-06 11:52:19 | INFO    | dpfl.data.fashion_mnist_dataset | Fashion-MNIST loaded: 60000 train, 10000 test samples
2026-05-06 11:52:54 | INFO    | dpfl.core.base_simulator | Vectorized state ready: param_spec.D=50890, X_test=(10000, 1, 28, 28), train clients N=500, max_n_samples=1000
2026-05-06 11:52:54 | INFO    | dpfl.core.base_simulator | Setup complete: 500 nodes (200 attackers), param_dim=50890, split=iid
2026-05-06 11:52:54 | DEBUG   | dpfl.core.base_simulator | Attacker IDs: {0, 1, 2, 3, 4, 5, 6, 7, 8, 9, 10, 11, 12, 13, 14, 15, 16, 17, 18, 19, 20, 21, 22, 23, 24, 25, 26, 27, 28, 29, 30, 31, 32, 33, 34, 35, 36, 37, 38, 39, 40, 41, 42, 43, 44, 45, 46, 47, 48, 49, 50, 51, 52, 53, 54, 55, 56, 57, 58, 59, 60, 61, 62, 63, 64, 65, 66, 67, 68, 69, 70, 71, 72, 73, 74, 75, 76, 77, 78, 79, 80, 81, 82, 83, 84, 85, 86, 87, 88, 89, 90, 91, 92, 93, 94, 95, 96, 97, 98, 99, 100, 101, 102, 103, 104, 105, 106, 107, 108, 109, 110, 111, 112, 113, 114, 115, 116, 117, 118, 119, 120, 121, 122, 123, 124, 125, 126, 127, 128, 129, 130, 131, 132, 133, 134, 135, 136, 137, 138, 139, 140, 141, 142, 143, 144, 145, 146, 147, 148, 149, 150, 151, 152, 153, 154, 155, 156, 157, 158, 159, 160, 161, 162, 163, 164, 165, 166, 167, 168, 169, 170, 171, 172, 173, 174, 175, 176, 177, 178, 179, 180, 181, 182, 183, 184, 185, 186, 187, 188, 189, 190, 191, 192, 193, 194, 195, 196, 197, 198, 199}
2026-05-06 11:52:56 | INFO    | dpfl.core.base_simulator | Round   1/150 | Acc: 0.4581 | Loss: 1.9725 | eps: 0.00 | P: nan R: nan F1: nan
2026-05-06 11:52:56 | DEBUG   | dpfl.core.base_simulator | Update norms — honest: ['0.23', '0.24', '0.23', '0.24', '0.24'], attacker: ['0.23', '0.23', '0.24', '0.23', '0.24']
2026-05-06 11:52:57 | INFO    | dpfl.core.base_simulator | Round   2/150 | Acc: 0.5721 | Loss: 1.7056 | eps: 0.00 | P: nan R: nan F1: nan
2026-05-06 11:52:57 | DEBUG   | dpfl.core.base_simulator | Update norms — honest: ['0.21', '0.21', '0.20', '0.20', '0.21'], attacker: ['0.20', '0.20', '0.21', '0.20', '0.21']
2026-05-06 11:52:58 | INFO    | dpfl.core.base_simulator | Round   3/150 | Acc: 0.6218 | Loss: 1.4810 | eps: 0.00 | P: nan R: nan F1: nan
2026-05-06 11:52:58 | DEBUG   | dpfl.core.base_simulator | Update norms — honest: ['0.19', '0.19', '0.19', '0.18', '0.19'], attacker: ['0.19', '0.19', '0.19', '0.18', '0.19']
2026-05-06 11:52:59 | INFO    | dpfl.core.base_simulator | Round   4/150 | Acc: 0.6509 | Loss: 1.3048 | eps: 0.00 | P: nan R: nan F1: nan
2026-05-06 11:52:59 | DEBUG   | dpfl.core.base_simulator | Update norms — honest: ['0.17', '0.17', '0.17', '0.16', '0.17'], attacker: ['0.17', '0.17', '0.17', '0.16', '0.17']
2026-05-06 11:53:01 | INFO    | dpfl.core.base_simulator | Round   5/150 | Acc: 0.6733 | Loss: 1.1754 | eps: 0.00 | P: nan R: nan F1: nan
2026-05-06 11:53:01 | DEBUG   | dpfl.core.base_simulator | Update norms — honest: ['0.14', '0.14', '0.14', '0.14', '0.14'], attacker: ['0.14', '0.14', '0.14', '0.14', '0.14']
2026-05-06 11:53:02 | INFO    | dpfl.core.base_simulator | Round   6/150 | Acc: 0.6908 | Loss: 1.0812 | eps: 0.00 | P: nan R: nan F1: nan
2026-05-06 11:53:02 | DEBUG   | dpfl.core.base_simulator | Update norms — honest: ['0.12', '0.13', '0.12', '0.12', '0.12'], attacker: ['0.13', '0.12', '0.12', '0.12', '0.12']
2026-05-06 11:53:03 | INFO    | dpfl.core.base_simulator | Round   7/150 | Acc: 0.7023 | Loss: 1.0109 | eps: 0.00 | P: nan R: nan F1: nan
2026-05-06 11:53:03 | DEBUG   | dpfl.core.base_simulator | Update norms — honest: ['0.11', '0.11', '0.11', '0.11', '0.11'], attacker: ['0.11', '0.11', '0.11', '0.11', '0.11']
2026-05-06 11:53:04 | INFO    | dpfl.core.base_simulator | Round   8/150 | Acc: 0.7105 | Loss: 0.9571 | eps: 0.00 | P: nan R: nan F1: nan
2026-05-06 11:53:04 | DEBUG   | dpfl.core.base_simulator | Update norms — honest: ['0.10', '0.09', '0.10', '0.10', '0.09'], attacker: ['0.10', '0.09', '0.10', '0.10', '0.09']
2026-05-06 11:53:06 | INFO    | dpfl.core.base_simulator | Round   9/150 | Acc: 0.7167 | Loss: 0.9141 | eps: 0.00 | P: nan R: nan F1: nan
2026-05-06 11:53:06 | DEBUG   | dpfl.core.base_simulator | Update norms — honest: ['0.09', '0.09', '0.09', '0.09', '0.08'], attacker: ['0.09', '0.09', '0.09', '0.09', '0.09']
2026-05-06 11:53:07 | INFO    | dpfl.core.base_simulator | Round  10/150 | Acc: 0.7228 | Loss: 0.8791 | eps: 0.00 | P: nan R: nan F1: nan
2026-05-06 11:53:07 | DEBUG   | dpfl.core.base_simulator | Update norms — honest: ['0.08', '0.08', '0.08', '0.08', '0.08'], attacker: ['0.08', '0.08', '0.08', '0.08', '0.08']
2026-05-06 11:53:08 | INFO    | dpfl.core.base_simulator | Round  11/150 | Acc: 0.7278 | Loss: 0.8497 | eps: 0.00 | P: nan R: nan F1: nan
2026-05-06 11:53:08 | DEBUG   | dpfl.core.base_simulator | Update norms — honest: ['0.07', '0.07', '0.08', '0.07', '0.07'], attacker: ['0.08', '0.07', '0.07', '0.07', '0.07']
2026-05-06 11:53:10 | INFO    | dpfl.core.base_simulator | Round  12/150 | Acc: 0.7325 | Loss: 0.8247 | eps: 0.00 | P: nan R: nan F1: nan
2026-05-06 11:53:10 | DEBUG   | dpfl.core.base_simulator | Update norms — honest: ['0.07', '0.07', '0.07', '0.07', '0.07'], attacker: ['0.07', '0.07', '0.07', '0.07', '0.07']
2026-05-06 11:53:11 | INFO    | dpfl.core.base_simulator | Round  13/150 | Acc: 0.7365 | Loss: 0.8034 | eps: 0.00 | P: nan R: nan F1: nan
2026-05-06 11:53:11 | DEBUG   | dpfl.core.base_simulator | Update norms — honest: ['0.07', '0.06', '0.06', '0.06', '0.07'], attacker: ['0.07', '0.06', '0.07', '0.07', '0.06']
2026-05-06 11:53:12 | INFO    | dpfl.core.base_simulator | Round  14/150 | Acc: 0.7402 | Loss: 0.7848 | eps: 0.00 | P: nan R: nan F1: nan
2026-05-06 11:53:12 | DEBUG   | dpfl.core.base_simulator | Update norms — honest: ['0.06', '0.06', '0.06', '0.06', '0.06'], attacker: ['0.07', '0.06', '0.06', '0.06', '0.06']
2026-05-06 11:53:13 | INFO    | dpfl.core.base_simulator | Round  15/150 | Acc: 0.7434 | Loss: 0.7687 | eps: 0.00 | P: nan R: nan F1: nan
2026-05-06 11:53:13 | DEBUG   | dpfl.core.base_simulator | Update norms — honest: ['0.06', '0.06', '0.06', '0.06', '0.06'], attacker: ['0.06', '0.06', '0.06', '0.06', '0.06']
2026-05-06 11:53:14 | INFO    | dpfl.core.base_simulator | Round  16/150 | Acc: 0.7464 | Loss: 0.7543 | eps: 0.00 | P: nan R: nan F1: nan
2026-05-06 11:53:14 | DEBUG   | dpfl.core.base_simulator | Update norms — honest: ['0.06', '0.06', '0.06', '0.05', '0.05'], attacker: ['0.06', '0.06', '0.06', '0.05', '0.06']
2026-05-06 11:53:16 | INFO    | dpfl.core.base_simulator | Round  17/150 | Acc: 0.7491 | Loss: 0.7417 | eps: 0.00 | P: nan R: nan F1: nan
2026-05-06 11:53:16 | DEBUG   | dpfl.core.base_simulator | Update norms — honest: ['0.05', '0.06', '0.06', '0.05', '0.05'], attacker: ['0.05', '0.05', '0.05', '0.06', '0.06']
2026-05-06 11:53:17 | INFO    | dpfl.core.base_simulator | Round  18/150 | Acc: 0.7520 | Loss: 0.7302 | eps: 0.00 | P: nan R: nan F1: nan
2026-05-06 11:53:17 | DEBUG   | dpfl.core.base_simulator | Update norms — honest: ['0.05', '0.05', '0.05', '0.05', '0.05'], attacker: ['0.05', '0.05', '0.05', '0.05', '0.05']
2026-05-06 11:53:18 | INFO    | dpfl.core.base_simulator | Round  19/150 | Acc: 0.7545 | Loss: 0.7199 | eps: 0.00 | P: nan R: nan F1: nan
2026-05-06 11:53:18 | DEBUG   | dpfl.core.base_simulator | Update norms — honest: ['0.05', '0.05', '0.05', '0.05', '0.05'], attacker: ['0.05', '0.05', '0.05', '0.05', '0.05']
2026-05-06 11:53:20 | INFO    | dpfl.core.base_simulator | Round  20/150 | Acc: 0.7565 | Loss: 0.7106 | eps: 0.00 | P: nan R: nan F1: nan
2026-05-06 11:53:20 | DEBUG   | dpfl.core.base_simulator | Update norms — honest: ['0.05', '0.05', '0.05', '0.05', '0.05'], attacker: ['0.05', '0.05', '0.05', '0.05', '0.05']
2026-05-06 11:53:21 | INFO    | dpfl.core.base_simulator | Round  21/150 | Acc: 0.7587 | Loss: 0.7020 | eps: 0.00 | P: nan R: nan F1: nan
2026-05-06 11:53:21 | DEBUG   | dpfl.core.base_simulator | Update norms — honest: ['0.05', '0.05', '0.05', '0.05', '0.05'], attacker: ['0.05', '0.05', '0.05', '0.05', '0.05']
2026-05-06 11:53:22 | INFO    | dpfl.core.base_simulator | Round  22/150 | Acc: 0.7604 | Loss: 0.6946 | eps: 0.00 | P: nan R: nan F1: nan
2026-05-06 11:53:22 | DEBUG   | dpfl.core.base_simulator | Update norms — honest: ['0.04', '0.05', '0.05', '0.05', '0.05'], attacker: ['0.05', '0.05', '0.05', '0.05', '0.04']
2026-05-06 11:53:23 | INFO    | dpfl.core.base_simulator | Round  23/150 | Acc: 0.7624 | Loss: 0.6869 | eps: 0.00 | P: nan R: nan F1: nan
2026-05-06 11:53:23 | DEBUG   | dpfl.core.base_simulator | Update norms — honest: ['0.04', '0.05', '0.05', '0.04', '0.04'], attacker: ['0.04', '0.05', '0.04', '0.05', '0.04']
2026-05-06 11:53:25 | INFO    | dpfl.core.base_simulator | Round  24/150 | Acc: 0.7642 | Loss: 0.6805 | eps: 0.00 | P: nan R: nan F1: nan
2026-05-06 11:53:25 | DEBUG   | dpfl.core.base_simulator | Update norms — honest: ['0.04', '0.04', '0.04', '0.04', '0.04'], attacker: ['0.04', '0.05', '0.04', '0.04', '0.04']
2026-05-06 11:53:26 | INFO    | dpfl.core.base_simulator | Round  25/150 | Acc: 0.7659 | Loss: 0.6743 | eps: 0.00 | P: nan R: nan F1: nan
2026-05-06 11:53:26 | DEBUG   | dpfl.core.base_simulator | Update norms — honest: ['0.04', '0.04', '0.05', '0.04', '0.04'], attacker: ['0.04', '0.04', '0.04', '0.04', '0.05']
2026-05-06 11:53:27 | INFO    | dpfl.core.base_simulator | Round  26/150 | Acc: 0.7672 | Loss: 0.6689 | eps: 0.00 | P: nan R: nan F1: nan
2026-05-06 11:53:27 | DEBUG   | dpfl.core.base_simulator | Update norms — honest: ['0.04', '0.04', '0.04', '0.04', '0.04'], attacker: ['0.05', '0.04', '0.04', '0.04', '0.04']
2026-05-06 11:53:28 | INFO    | dpfl.core.base_simulator | Round  27/150 | Acc: 0.7686 | Loss: 0.6634 | eps: 0.00 | P: nan R: nan F1: nan
2026-05-06 11:53:28 | DEBUG   | dpfl.core.base_simulator | Update norms — honest: ['0.05', '0.04', '0.04', '0.04', '0.04'], attacker: ['0.04', '0.04', '0.04', '0.04', '0.04']
2026-05-06 11:53:30 | INFO    | dpfl.core.base_simulator | Round  28/150 | Acc: 0.7702 | Loss: 0.6585 | eps: 0.00 | P: nan R: nan F1: nan
2026-05-06 11:53:30 | DEBUG   | dpfl.core.base_simulator | Update norms — honest: ['0.05', '0.04', '0.04', '0.04', '0.04'], attacker: ['0.04', '0.04', '0.04', '0.04', '0.04']
2026-05-06 11:53:31 | INFO    | dpfl.core.base_simulator | Round  29/150 | Acc: 0.7716 | Loss: 0.6537 | eps: 0.00 | P: nan R: nan F1: nan
2026-05-06 11:53:31 | DEBUG   | dpfl.core.base_simulator | Update norms — honest: ['0.04', '0.04', '0.04', '0.04', '0.04'], attacker: ['0.04', '0.04', '0.04', '0.04', '0.04']
2026-05-06 11:53:32 | INFO    | dpfl.core.base_simulator | Round  30/150 | Acc: 0.7727 | Loss: 0.6494 | eps: 0.00 | P: nan R: nan F1: nan
2026-05-06 11:53:32 | DEBUG   | dpfl.core.base_simulator | Update norms — honest: ['0.04', '0.04', '0.04', '0.04', '0.04'], attacker: ['0.04', '0.04', '0.04', '0.04', '0.04']
2026-05-06 11:53:33 | INFO    | dpfl.core.base_simulator | Round  31/150 | Acc: 0.7740 | Loss: 0.6452 | eps: 0.00 | P: nan R: nan F1: nan
2026-05-06 11:53:33 | DEBUG   | dpfl.core.base_simulator | Update norms — honest: ['0.04', '0.04', '0.04', '0.04', '0.03'], attacker: ['0.04', '0.04', '0.04', '0.04', '0.04']
2026-05-06 11:53:35 | INFO    | dpfl.core.base_simulator | Round  32/150 | Acc: 0.7751 | Loss: 0.6414 | eps: 0.00 | P: nan R: nan F1: nan
2026-05-06 11:53:35 | DEBUG   | dpfl.core.base_simulator | Update norms — honest: ['0.04', '0.05', '0.04', '0.03', '0.04'], attacker: ['0.04', '0.04', '0.04', '0.04', '0.04']
2026-05-06 11:53:36 | INFO    | dpfl.core.base_simulator | Round  33/150 | Acc: 0.7760 | Loss: 0.6379 | eps: 0.00 | P: nan R: nan F1: nan
2026-05-06 11:53:36 | DEBUG   | dpfl.core.base_simulator | Update norms — honest: ['0.04', '0.04', '0.04', '0.04', '0.04'], attacker: ['0.04', '0.04', '0.04', '0.04', '0.04']
2026-05-06 11:53:37 | INFO    | dpfl.core.base_simulator | Round  34/150 | Acc: 0.7771 | Loss: 0.6343 | eps: 0.00 | P: nan R: nan F1: nan
2026-05-06 11:53:37 | DEBUG   | dpfl.core.base_simulator | Update norms — honest: ['0.04', '0.04', '0.04', '0.04', '0.04'], attacker: ['0.04', '0.04', '0.04', '0.04', '0.04']
2026-05-06 11:53:38 | INFO    | dpfl.core.base_simulator | Round  35/150 | Acc: 0.7781 | Loss: 0.6311 | eps: 0.00 | P: nan R: nan F1: nan
2026-05-06 11:53:38 | DEBUG   | dpfl.core.base_simulator | Update norms — honest: ['0.03', '0.03', '0.04', '0.04', '0.04'], attacker: ['0.04', '0.04', '0.04', '0.04', '0.03']
2026-05-06 11:53:39 | INFO    | dpfl.core.base_simulator | Round  36/150 | Acc: 0.7789 | Loss: 0.6280 | eps: 0.00 | P: nan R: nan F1: nan
2026-05-06 11:53:39 | DEBUG   | dpfl.core.base_simulator | Update norms — honest: ['0.04', '0.03', '0.04', '0.03', '0.04'], attacker: ['0.04', '0.04', '0.04', '0.04', '0.04']
2026-05-06 11:53:41 | INFO    | dpfl.core.base_simulator | Round  37/150 | Acc: 0.7794 | Loss: 0.6256 | eps: 0.00 | P: nan R: nan F1: nan
2026-05-06 11:53:41 | DEBUG   | dpfl.core.base_simulator | Update norms — honest: ['0.04', '0.03', '0.04', '0.03', '0.04'], attacker: ['0.04', '0.04', '0.03', '0.04', '0.04']
2026-05-06 11:53:42 | INFO    | dpfl.core.base_simulator | Round  38/150 | Acc: 0.7804 | Loss: 0.6231 | eps: 0.00 | P: nan R: nan F1: nan
2026-05-06 11:53:42 | DEBUG   | dpfl.core.base_simulator | Update norms — honest: ['0.03', '0.03', '0.04', '0.03', '0.04'], attacker: ['0.03', '0.04', '0.03', '0.04', '0.04']
2026-05-06 11:53:43 | INFO    | dpfl.core.base_simulator | Round  39/150 | Acc: 0.7812 | Loss: 0.6202 | eps: 0.00 | P: nan R: nan F1: nan
2026-05-06 11:53:43 | DEBUG   | dpfl.core.base_simulator | Update norms — honest: ['0.03', '0.04', '0.03', '0.04', '0.03'], attacker: ['0.03', '0.04', '0.04', '0.04', '0.04']
2026-05-06 11:53:44 | INFO    | dpfl.core.base_simulator | Round  40/150 | Acc: 0.7819 | Loss: 0.6177 | eps: 0.00 | P: nan R: nan F1: nan
2026-05-06 11:53:44 | DEBUG   | dpfl.core.base_simulator | Update norms — honest: ['0.03', '0.04', '0.04', '0.03', '0.03'], attacker: ['0.03', '0.04', '0.03', '0.04', '0.03']
2026-05-06 11:53:46 | INFO    | dpfl.core.base_simulator | Round  41/150 | Acc: 0.7826 | Loss: 0.6157 | eps: 0.00 | P: nan R: nan F1: nan
2026-05-06 11:53:46 | DEBUG   | dpfl.core.base_simulator | Update norms — honest: ['0.03', '0.03', '0.04', '0.04', '0.03'], attacker: ['0.04', '0.04', '0.03', '0.03', '0.03']
2026-05-06 11:53:47 | INFO    | dpfl.core.base_simulator | Round  42/150 | Acc: 0.7836 | Loss: 0.6133 | eps: 0.00 | P: nan R: nan F1: nan
2026-05-06 11:53:47 | DEBUG   | dpfl.core.base_simulator | Update norms — honest: ['0.04', '0.03', '0.03', '0.04', '0.03'], attacker: ['0.03', '0.04', '0.03', '0.03', '0.03']
2026-05-06 11:53:48 | INFO    | dpfl.core.base_simulator | Round  43/150 | Acc: 0.7838 | Loss: 0.6115 | eps: 0.00 | P: nan R: nan F1: nan
2026-05-06 11:53:48 | DEBUG   | dpfl.core.base_simulator | Update norms — honest: ['0.03', '0.03', '0.03', '0.04', '0.04'], attacker: ['0.03', '0.04', '0.03', '0.03', '0.03']
2026-05-06 11:53:49 | INFO    | dpfl.core.base_simulator | Round  44/150 | Acc: 0.7847 | Loss: 0.6092 | eps: 0.00 | P: nan R: nan F1: nan
2026-05-06 11:53:49 | DEBUG   | dpfl.core.base_simulator | Update norms — honest: ['0.03', '0.03', '0.03', '0.04', '0.03'], attacker: ['0.04', '0.03', '0.03', '0.04', '0.04']
2026-05-06 11:53:50 | INFO    | dpfl.core.base_simulator | Round  45/150 | Acc: 0.7854 | Loss: 0.6072 | eps: 0.00 | P: nan R: nan F1: nan
2026-05-06 11:53:50 | DEBUG   | dpfl.core.base_simulator | Update norms — honest: ['0.03', '0.03', '0.03', '0.03', '0.03'], attacker: ['0.03', '0.03', '0.03', '0.04', '0.03']
2026-05-06 11:53:52 | INFO    | dpfl.core.base_simulator | Round  46/150 | Acc: 0.7858 | Loss: 0.6055 | eps: 0.00 | P: nan R: nan F1: nan
2026-05-06 11:53:52 | DEBUG   | dpfl.core.base_simulator | Update norms — honest: ['0.04', '0.03', '0.03', '0.03', '0.04'], attacker: ['0.03', '0.03', '0.03', '0.04', '0.03']
2026-05-06 11:53:53 | INFO    | dpfl.core.base_simulator | Round  47/150 | Acc: 0.7864 | Loss: 0.6038 | eps: 0.00 | P: nan R: nan F1: nan
2026-05-06 11:53:53 | DEBUG   | dpfl.core.base_simulator | Update norms — honest: ['0.03', '0.03', '0.03', '0.03', '0.03'], attacker: ['0.03', '0.04', '0.03', '0.04', '0.03']
2026-05-06 11:53:54 | INFO    | dpfl.core.base_simulator | Round  48/150 | Acc: 0.7868 | Loss: 0.6023 | eps: 0.00 | P: nan R: nan F1: nan
2026-05-06 11:53:54 | DEBUG   | dpfl.core.base_simulator | Update norms — honest: ['0.03', '0.03', '0.03', '0.03', '0.03'], attacker: ['0.03', '0.03', '0.03', '0.03', '0.03']
2026-05-06 11:53:55 | INFO    | dpfl.core.base_simulator | Round  49/150 | Acc: 0.7875 | Loss: 0.6006 | eps: 0.00 | P: nan R: nan F1: nan
2026-05-06 11:53:55 | DEBUG   | dpfl.core.base_simulator | Update norms — honest: ['0.04', '0.03', '0.03', '0.03', '0.03'], attacker: ['0.03', '0.03', '0.03', '0.04', '0.03']
2026-05-06 11:53:57 | INFO    | dpfl.core.base_simulator | Round  50/150 | Acc: 0.7879 | Loss: 0.5992 | eps: 0.00 | P: nan R: nan F1: nan
2026-05-06 11:53:57 | DEBUG   | dpfl.core.base_simulator | Update norms — honest: ['0.04', '0.03', '0.03', '0.03', '0.03'], attacker: ['0.03', '0.03', '0.03', '0.03', '0.04']
2026-05-06 11:53:58 | INFO    | dpfl.core.base_simulator | Round  51/150 | Acc: 0.7880 | Loss: 0.5988 | eps: 0.00 | P: nan R: 0.00 F1: nan
2026-05-06 11:53:58 | DEBUG   | dpfl.core.base_simulator | Update norms — honest: ['0.03', '0.04', '0.03', '0.04', '0.03'], attacker: ['0.68', '0.66', '0.61', '0.71', '0.64']
2026-05-06 11:53:59 | INFO    | dpfl.core.base_simulator | Round  52/150 | Acc: 0.7849 | Loss: 0.6172 | eps: 0.00 | P: nan R: 0.00 F1: nan
2026-05-06 11:53:59 | DEBUG   | dpfl.core.base_simulator | Update norms — honest: ['0.03', '0.04', '0.03', '0.03', '0.03'], attacker: ['3.79', '2.98', '2.45', '3.89', '3.43']
2026-05-06 11:54:00 | INFO    | dpfl.core.base_simulator | Round  53/150 | Acc: 0.7886 | Loss: 0.5970 | eps: 0.00 | P: 1.00 R: 1.00 F1: 1.00
2026-05-06 11:54:00 | DEBUG   | dpfl.core.base_simulator | Update norms — honest: ['0.04', '0.04', '0.27', '0.03', '0.03'], attacker: ['27.61', '20.65', '12.44', '24.71', '20.17']
2026-05-06 11:54:01 | INFO    | dpfl.core.base_simulator | Round  54/150 | Acc: 0.7891 | Loss: 0.5955 | eps: 0.00 | P: 1.00 R: 1.00 F1: 1.00
2026-05-06 11:54:01 | DEBUG   | dpfl.core.base_simulator | Update norms — honest: ['0.04', '0.03', '0.04', '0.03', '0.03'], attacker: ['225.24', '164.78', '103.65', '192.97', '159.02']
2026-05-06 11:54:03 | INFO    | dpfl.core.base_simulator | Round  55/150 | Acc: 0.7896 | Loss: 0.5942 | eps: 0.00 | P: 1.00 R: 1.00 F1: 1.00
2026-05-06 11:54:03 | DEBUG   | dpfl.core.base_simulator | Update norms — honest: ['0.03', '0.03', '0.04', '0.03', '0.04'], attacker: ['2054.22', '1708.69', '1157.40', '1694.26', '1564.23']
2026-05-06 11:54:04 | INFO    | dpfl.core.base_simulator | Round  56/150 | Acc: 0.7897 | Loss: 0.5934 | eps: 0.00 | P: 1.00 R: 1.00 F1: 1.00
2026-05-06 11:54:04 | DEBUG   | dpfl.core.base_simulator | Update norms — honest: ['0.03', '0.04', '0.04', '0.03', '0.03'], attacker: ['16766.82', '13124.16', '11101.79', '12903.50', '13324.46']
2026-05-06 11:54:05 | INFO    | dpfl.core.base_simulator | Round  57/150 | Acc: 0.7904 | Loss: 0.5918 | eps: 0.00 | P: 1.00 R: 1.00 F1: 1.00
2026-05-06 11:54:05 | DEBUG   | dpfl.core.base_simulator | Update norms — honest: ['0.03', '0.04', '0.03', '0.03', '0.03'], attacker: ['163684.06', '131218.03', '116246.95', '139307.19', '131729.50']
2026-05-06 11:54:06 | INFO    | dpfl.core.base_simulator | Round  58/150 | Acc: 0.7905 | Loss: 0.5912 | eps: 0.00 | P: 1.00 R: 1.00 F1: 1.00
2026-05-06 11:54:06 | DEBUG   | dpfl.core.base_simulator | Update norms — honest: ['0.03', '0.03', '0.03', '0.03', '0.03'], attacker: ['1504601.38', '1385052.38', '1153922.50', '1301016.75', '1305720.50']
2026-05-06 11:54:07 | INFO    | dpfl.core.base_simulator | Round  59/150 | Acc: 0.7911 | Loss: 0.5899 | eps: 0.00 | P: 1.00 R: 1.00 F1: 1.00
2026-05-06 11:54:07 | DEBUG   | dpfl.core.base_simulator | Update norms — honest: ['0.03', '0.04', '0.03', '0.04', '0.03'], attacker: ['15753369.00', '14275508.00', '13595214.00', '14075313.00', '13872936.00']
2026-05-06 11:54:09 | INFO    | dpfl.core.base_simulator | Round  60/150 | Acc: 0.7912 | Loss: 0.5893 | eps: 0.00 | P: 1.00 R: 1.00 F1: 1.00
2026-05-06 11:54:09 | DEBUG   | dpfl.core.base_simulator | Update norms — honest: ['0.03', '0.03', '0.03', '0.03', '0.04'], attacker: ['144525504.00', '145183312.00', '123125248.00', '133828048.00', '142486080.00']
2026-05-06 11:54:10 | INFO    | dpfl.core.base_simulator | Round  61/150 | Acc: 0.7915 | Loss: 0.5887 | eps: 0.00 | P: 1.00 R: 1.00 F1: 1.00
2026-05-06 11:54:10 | DEBUG   | dpfl.core.base_simulator | Update norms — honest: ['0.03', '0.03', '0.03', '0.04', '0.03'], attacker: ['1598736128.00', '1615279232.00', '1568916480.00', '1580825216.00', '1679460352.00']
2026-05-06 11:54:11 | INFO    | dpfl.core.base_simulator | Round  62/150 | Acc: 0.7917 | Loss: 0.5879 | eps: 0.00 | P: 1.00 R: 1.00 F1: 1.00
2026-05-06 11:54:11 | DEBUG   | dpfl.core.base_simulator | Update norms — honest: ['0.03', '0.03', '0.03', '0.03', '0.03'], attacker: ['15628353536.00', '17439983616.00', '16311574528.00', '17826816000.00', '17753286656.00']
2026-05-06 11:54:12 | INFO    | dpfl.core.base_simulator | Round  63/150 | Acc: 0.7923 | Loss: 0.5867 | eps: 0.00 | P: 1.00 R: 1.00 F1: 1.00
2026-05-06 11:54:12 | DEBUG   | dpfl.core.base_simulator | Update norms — honest: ['0.03', '0.03', '0.03', '0.03', '0.03'], attacker: ['182537928704.00', '194736603136.00', '181974269952.00', '195320627200.00', '192955498496.00']
2026-05-06 11:54:14 | INFO    | dpfl.core.base_simulator | Round  64/150 | Acc: 0.7925 | Loss: 0.5860 | eps: 0.00 | P: 1.00 R: 1.00 F1: 1.00
2026-05-06 11:54:14 | DEBUG   | dpfl.core.base_simulator | Update norms — honest: ['0.03', '0.03', '0.03', '0.03', '0.02'], attacker: ['1888796803072.00', '2011524235264.00', '1713534664704.00', '2016449658880.00', '2037832876032.00']
2026-05-06 11:54:15 | INFO    | dpfl.core.base_simulator | Round  65/150 | Acc: 0.7928 | Loss: 0.5854 | eps: 0.00 | P: 1.00 R: 1.00 F1: 1.00
2026-05-06 11:54:15 | DEBUG   | dpfl.core.base_simulator | Update norms — honest: ['0.03', '0.03', '0.03', '0.02', '0.03'], attacker: ['20488736735232.00', '21455947431936.00', '20612114284544.00', '21354728390656.00', '21443509223424.00']
2026-05-06 11:54:16 | INFO    | dpfl.core.base_simulator | Round  66/150 | Acc: 0.7932 | Loss: 0.5845 | eps: 0.00 | P: 1.00 R: 1.00 F1: 1.00
2026-05-06 11:54:16 | DEBUG   | dpfl.core.base_simulator | Update norms — honest: ['0.03', '0.03', '0.03', '0.04', '0.03'], attacker: ['221278929682432.00', '226368784695296.00', '231146935812096.00', '234194886197248.00', '203797389377536.00']
2026-05-06 11:54:17 | INFO    | dpfl.core.base_simulator | Round  67/150 | Acc: 0.7935 | Loss: 0.5838 | eps: 0.00 | P: 1.00 R: 1.00 F1: 1.00
2026-05-06 11:54:17 | DEBUG   | dpfl.core.base_simulator | Update norms — honest: ['0.03', '0.03', '0.03', '0.03', '0.03'], attacker: ['2442913778761728.00', '2478295987781632.00', '2557676915523584.00', '2453256596881408.00', '2466754873786368.00']
2026-05-06 11:54:18 | INFO    | dpfl.core.base_simulator | Round  68/150 | Acc: 0.7935 | Loss: 0.5836 | eps: 0.00 | P: 1.00 R: 1.00 F1: 1.00
2026-05-06 11:54:18 | DEBUG   | dpfl.core.base_simulator | Update norms — honest: ['0.03', '0.03', '0.03', '0.03', '0.03'], attacker: ['24453312547913728.00', '25698825146466304.00', '25251467795365888.00', '24687519262048256.00', '26077542477725696.00']
2026-05-06 11:54:20 | INFO    | dpfl.core.base_simulator | Round  69/150 | Acc: 0.7939 | Loss: 0.5829 | eps: 0.00 | P: 1.00 R: 1.00 F1: 1.00
2026-05-06 11:54:20 | DEBUG   | dpfl.core.base_simulator | Update norms — honest: ['0.03', '0.03', '0.03', '0.03', '0.03'], attacker: ['277018518644326400.00', '273441463721787392.00', '280099745362345984.00', '272968914240012288.00', '277980144642031616.00']
2026-05-06 11:54:21 | INFO    | dpfl.core.base_simulator | Round  70/150 | Acc: 0.7939 | Loss: 0.5825 | eps: 0.00 | P: 1.00 R: 1.00 F1: 1.00
2026-05-06 11:54:21 | DEBUG   | dpfl.core.base_simulator | Update norms — honest: ['0.03', '0.03', '0.03', '0.03', '0.03'], attacker: ['2767985613431898112.00', '2519892909252149248.00', '2871723436000935936.00', '2591848248708694016.00', '2977832355395272704.00']
2026-05-06 11:54:22 | INFO    | dpfl.core.base_simulator | Round  71/150 | Acc: 0.7942 | Loss: 0.5819 | eps: 0.00 | P: 1.00 R: 1.00 F1: 1.00
2026-05-06 11:54:22 | DEBUG   | dpfl.core.base_simulator | Update norms — honest: ['0.03', '0.03', '0.04', '0.03', '0.03'], attacker: ['inf', 'inf', 'inf', 'inf', 'inf']
2026-05-06 11:54:23 | INFO    | dpfl.core.base_simulator | Round  72/150 | Acc: 0.7943 | Loss: 0.5816 | eps: 0.00 | P: 1.00 R: 1.00 F1: 1.00
2026-05-06 11:54:23 | DEBUG   | dpfl.core.base_simulator | Update norms — honest: ['0.03', '0.03', '0.03', '0.03', '0.03'], attacker: ['nan', 'nan', 'nan', 'nan', 'nan']
2026-05-06 11:54:24 | INFO    | dpfl.core.base_simulator | Round  73/150 | Acc: 0.7946 | Loss: 0.5812 | eps: 0.00 | P: 1.00 R: 1.00 F1: 1.00
2026-05-06 11:54:24 | DEBUG   | dpfl.core.base_simulator | Update norms — honest: ['0.03', '0.03', '0.03', '0.03', '0.03'], attacker: ['nan', 'nan', 'nan', 'nan', 'nan']
2026-05-06 11:54:25 | INFO    | dpfl.core.base_simulator | Round  74/150 | Acc: 0.7948 | Loss: 0.5810 | eps: 0.00 | P: 1.00 R: 1.00 F1: 1.00
2026-05-06 11:54:25 | DEBUG   | dpfl.core.base_simulator | Update norms — honest: ['0.03', '0.04', '0.03', '0.04', '0.03'], attacker: ['nan', 'nan', 'nan', 'nan', 'nan']
2026-05-06 11:54:26 | INFO    | dpfl.core.base_simulator | Round  75/150 | Acc: 0.7949 | Loss: 0.5807 | eps: 0.00 | P: 1.00 R: 1.00 F1: 1.00
2026-05-06 11:54:26 | DEBUG   | dpfl.core.base_simulator | Update norms — honest: ['0.03', '0.04', '0.03', '0.03', '0.03'], attacker: ['nan', 'nan', 'nan', 'nan', 'nan']
2026-05-06 11:54:27 | INFO    | dpfl.core.base_simulator | Round  76/150 | Acc: 0.7949 | Loss: 0.5803 | eps: 0.00 | P: 1.00 R: 1.00 F1: 1.00
2026-05-06 11:54:27 | DEBUG   | dpfl.core.base_simulator | Update norms — honest: ['0.02', '0.03', '0.03', '0.03', '0.03'], attacker: ['nan', 'nan', 'nan', 'nan', 'nan']
2026-05-06 11:54:29 | INFO    | dpfl.core.base_simulator | Round  77/150 | Acc: 0.7955 | Loss: 0.5796 | eps: 0.00 | P: 1.00 R: 1.00 F1: 1.00
2026-05-06 11:54:29 | DEBUG   | dpfl.core.base_simulator | Update norms — honest: ['0.03', '0.03', '0.03', '0.03', '0.02'], attacker: ['nan', 'nan', 'nan', 'nan', 'nan']
2026-05-06 11:54:30 | INFO    | dpfl.core.base_simulator | Round  78/150 | Acc: 0.7954 | Loss: 0.5798 | eps: 0.00 | P: 1.00 R: 1.00 F1: 1.00
2026-05-06 11:54:30 | DEBUG   | dpfl.core.base_simulator | Update norms — honest: ['0.02', '0.03', '0.03', '0.03', '0.02'], attacker: ['nan', 'nan', 'nan', 'nan', 'nan']
2026-05-06 11:54:31 | INFO    | dpfl.core.base_simulator | Round  79/150 | Acc: 0.7958 | Loss: 0.5791 | eps: 0.00 | P: 1.00 R: 1.00 F1: 1.00
2026-05-06 11:54:31 | DEBUG   | dpfl.core.base_simulator | Update norms — honest: ['0.03', '0.02', '0.03', '0.03', '0.03'], attacker: ['nan', 'nan', 'nan', 'nan', 'nan']
2026-05-06 11:54:32 | INFO    | dpfl.core.base_simulator | Round  80/150 | Acc: 0.7959 | Loss: 0.5791 | eps: 0.00 | P: 1.00 R: 1.00 F1: 1.00
2026-05-06 11:54:32 | DEBUG   | dpfl.core.base_simulator | Update norms — honest: ['0.03', '0.03', '0.03', '0.03', '0.03'], attacker: ['nan', 'nan', 'nan', 'nan', 'nan']
2026-05-06 11:54:33 | INFO    | dpfl.core.base_simulator | Round  81/150 | Acc: 0.7959 | Loss: 0.5792 | eps: 0.00 | P: 1.00 R: 1.00 F1: 1.00
2026-05-06 11:54:33 | DEBUG   | dpfl.core.base_simulator | Update norms — honest: ['0.03', '0.03', '0.03', '0.03', '0.04'], attacker: ['nan', 'nan', 'nan', 'nan', 'nan']
2026-05-06 11:54:34 | INFO    | dpfl.core.base_simulator | Round  82/150 | Acc: 0.7960 | Loss: 0.5789 | eps: 0.00 | P: 1.00 R: 1.00 F1: 1.00
2026-05-06 11:54:34 | DEBUG   | dpfl.core.base_simulator | Update norms — honest: ['0.02', '0.02', '0.03', '0.03', '0.03'], attacker: ['nan', 'nan', 'nan', 'nan', 'nan']
2026-05-06 11:54:35 | INFO    | dpfl.core.base_simulator | Round  83/150 | Acc: 0.7963 | Loss: 0.5786 | eps: 0.00 | P: 1.00 R: 1.00 F1: 1.00
2026-05-06 11:54:35 | DEBUG   | dpfl.core.base_simulator | Update norms — honest: ['0.02', '0.03', '0.03', '0.02', '0.02'], attacker: ['nan', 'nan', 'nan', 'nan', 'nan']
2026-05-06 11:54:36 | INFO    | dpfl.core.base_simulator | Round  84/150 | Acc: 0.7963 | Loss: 0.5789 | eps: 0.00 | P: 1.00 R: 1.00 F1: 1.00
2026-05-06 11:54:36 | DEBUG   | dpfl.core.base_simulator | Update norms — honest: ['0.02', '0.03', '0.03', '0.02', '0.02'], attacker: ['nan', 'nan', 'nan', 'nan', 'nan']
2026-05-06 11:54:37 | INFO    | dpfl.core.base_simulator | Round  85/150 | Acc: 0.7964 | Loss: 0.5784 | eps: 0.00 | P: 1.00 R: 1.00 F1: 1.00
2026-05-06 11:54:37 | DEBUG   | dpfl.core.base_simulator | Update norms — honest: ['0.02', '0.03', '0.03', '0.02', '0.02'], attacker: ['nan', 'nan', 'nan', 'nan', 'nan']
2026-05-06 11:54:38 | INFO    | dpfl.core.base_simulator | Round  86/150 | Acc: 0.7966 | Loss: 0.5783 | eps: 0.00 | P: 1.00 R: 1.00 F1: 1.00
2026-05-06 11:54:38 | DEBUG   | dpfl.core.base_simulator | Update norms — honest: ['0.03', '0.03', '0.03', '0.03', '0.03'], attacker: ['nan', 'nan', 'nan', 'nan', 'nan']
2026-05-06 11:54:39 | INFO    | dpfl.core.base_simulator | Round  87/150 | Acc: 0.7966 | Loss: 0.5783 | eps: 0.00 | P: 1.00 R: 1.00 F1: 1.00
2026-05-06 11:54:39 | DEBUG   | dpfl.core.base_simulator | Update norms — honest: ['0.03', '0.02', '0.03', '0.03', '0.02'], attacker: ['nan', 'nan', 'nan', 'nan', 'nan']
2026-05-06 11:54:40 | INFO    | dpfl.core.base_simulator | Round  88/150 | Acc: 0.7969 | Loss: 0.5784 | eps: 0.00 | P: 1.00 R: 1.00 F1: 1.00
2026-05-06 11:54:40 | DEBUG   | dpfl.core.base_simulator | Update norms — honest: ['0.03', '0.03', '0.03', '0.03', '0.02'], attacker: ['nan', 'nan', 'nan', 'nan', 'nan']
2026-05-06 11:54:42 | INFO    | dpfl.core.base_simulator | Round  89/150 | Acc: 0.7970 | Loss: 0.5781 | eps: 0.00 | P: 1.00 R: 1.00 F1: 1.00
2026-05-06 11:54:42 | DEBUG   | dpfl.core.base_simulator | Update norms — honest: ['0.03', '0.02', '0.03', '0.03', '0.03'], attacker: ['nan', 'nan', 'nan', 'nan', 'nan']
2026-05-06 11:54:43 | INFO    | dpfl.core.base_simulator | Round  90/150 | Acc: 0.7970 | Loss: 0.5782 | eps: 0.00 | P: 1.00 R: 1.00 F1: 1.00
2026-05-06 11:54:43 | DEBUG   | dpfl.core.base_simulator | Update norms — honest: ['0.02', '0.02', '0.03', '0.03', '0.02'], attacker: ['nan', 'nan', 'nan', 'nan', 'nan']
2026-05-06 11:54:44 | INFO    | dpfl.core.base_simulator | Round  91/150 | Acc: 0.7970 | Loss: 0.5782 | eps: 0.00 | P: 1.00 R: 1.00 F1: 1.00
2026-05-06 11:54:44 | DEBUG   | dpfl.core.base_simulator | Update norms — honest: ['0.03', '0.03', '0.03', '0.02', '0.03'], attacker: ['nan', 'nan', 'nan', 'nan', 'nan']
2026-05-06 11:54:45 | INFO    | dpfl.core.base_simulator | Round  92/150 | Acc: 0.7973 | Loss: 0.5780 | eps: 0.00 | P: 1.00 R: 1.00 F1: 1.00
2026-05-06 11:54:45 | DEBUG   | dpfl.core.base_simulator | Update norms — honest: ['0.03', '0.03', '0.03', '0.03', '0.03'], attacker: ['nan', 'nan', 'nan', 'nan', 'nan']
2026-05-06 11:54:46 | INFO    | dpfl.core.base_simulator | Round  93/150 | Acc: 0.7972 | Loss: 0.5781 | eps: 0.00 | P: 1.00 R: 1.00 F1: 1.00
2026-05-06 11:54:46 | DEBUG   | dpfl.core.base_simulator | Update norms — honest: ['0.02', '0.03', '0.03', '0.03', '0.02'], attacker: ['nan', 'nan', 'nan', 'nan', 'nan']
2026-05-06 11:54:47 | INFO    | dpfl.core.base_simulator | Round  94/150 | Acc: 0.7976 | Loss: 0.5780 | eps: 0.00 | P: 1.00 R: 1.00 F1: 1.00
2026-05-06 11:54:47 | DEBUG   | dpfl.core.base_simulator | Update norms — honest: ['0.02', '0.03', '0.03', '0.03', '0.03'], attacker: ['nan', 'nan', 'nan', 'nan', 'nan']
2026-05-06 11:54:48 | INFO    | dpfl.core.base_simulator | Round  95/150 | Acc: 0.7976 | Loss: 0.5782 | eps: 0.00 | P: 1.00 R: 1.00 F1: 1.00
2026-05-06 11:54:48 | DEBUG   | dpfl.core.base_simulator | Update norms — honest: ['0.03', '0.02', '0.03', '0.03', '0.02'], attacker: ['nan', 'nan', 'nan', 'nan', 'nan']
2026-05-06 11:54:49 | INFO    | dpfl.core.base_simulator | Round  96/150 | Acc: 0.7974 | Loss: 0.5785 | eps: 0.00 | P: 1.00 R: 1.00 F1: 1.00
2026-05-06 11:54:49 | DEBUG   | dpfl.core.base_simulator | Update norms — honest: ['0.02', '0.03', '0.03', '0.03', '0.02'], attacker: ['nan', 'nan', 'nan', 'nan', 'nan']
2026-05-06 11:54:50 | INFO    | dpfl.core.base_simulator | Round  97/150 | Acc: 0.7975 | Loss: 0.5787 | eps: 0.00 | P: 1.00 R: 1.00 F1: 1.00
2026-05-06 11:54:50 | DEBUG   | dpfl.core.base_simulator | Update norms — honest: ['0.03', '0.03', '0.03', '0.03', '0.02'], attacker: ['nan', 'nan', 'nan', 'nan', 'nan']
2026-05-06 11:54:51 | INFO    | dpfl.core.base_simulator | Round  98/150 | Acc: 0.7979 | Loss: 0.5782 | eps: 0.00 | P: 1.00 R: 1.00 F1: 1.00
2026-05-06 11:54:51 | DEBUG   | dpfl.core.base_simulator | Update norms — honest: ['0.03', '0.03', '0.03', '0.03', '0.03'], attacker: ['nan', 'nan', 'nan', 'nan', 'nan']
2026-05-06 11:54:52 | INFO    | dpfl.core.base_simulator | Round  99/150 | Acc: 0.7978 | Loss: 0.5785 | eps: 0.00 | P: 1.00 R: 1.00 F1: 1.00
2026-05-06 11:54:52 | DEBUG   | dpfl.core.base_simulator | Update norms — honest: ['0.03', '0.02', '0.03', '0.03', '0.02'], attacker: ['nan', 'nan', 'nan', 'nan', 'nan']
2026-05-06 11:54:54 | INFO    | dpfl.core.base_simulator | Round 100/150 | Acc: 0.7980 | Loss: 0.5790 | eps: 0.00 | P: 1.00 R: 1.00 F1: 1.00
2026-05-06 11:54:54 | DEBUG   | dpfl.core.base_simulator | Update norms — honest: ['0.03', '0.02', '0.03', '0.04', '0.02'], attacker: ['nan', 'nan', 'nan', 'nan', 'nan']
2026-05-06 11:54:55 | INFO    | dpfl.core.base_simulator | Round 101/150 | Acc: 0.7981 | Loss: 0.5787 | eps: 0.00 | P: 1.00 R: 1.00 F1: 1.00
2026-05-06 11:54:55 | DEBUG   | dpfl.core.base_simulator | Update norms — honest: ['0.02', '0.03', '0.02', '0.02', '0.03'], attacker: ['nan', 'nan', 'nan', 'nan', 'nan']
2026-05-06 11:54:56 | INFO    | dpfl.core.base_simulator | Round 102/150 | Acc: 0.7983 | Loss: 0.5789 | eps: 0.00 | P: 1.00 R: 1.00 F1: 1.00
2026-05-06 11:54:56 | DEBUG   | dpfl.core.base_simulator | Update norms — honest: ['0.03', '0.03', '0.02', '0.03', '0.03'], attacker: ['nan', 'nan', 'nan', 'nan', 'nan']
2026-05-06 11:54:57 | INFO    | dpfl.core.base_simulator | Round 103/150 | Acc: 0.7981 | Loss: 0.5792 | eps: 0.00 | P: 1.00 R: 1.00 F1: 1.00
2026-05-06 11:54:57 | DEBUG   | dpfl.core.base_simulator | Update norms — honest: ['0.03', '0.03', '0.02', '0.03', '0.02'], attacker: ['nan', 'nan', 'nan', 'nan', 'nan']
2026-05-06 11:54:58 | INFO    | dpfl.core.base_simulator | Round 104/150 | Acc: 0.7982 | Loss: 0.5794 | eps: 0.00 | P: 1.00 R: 1.00 F1: 1.00
2026-05-06 11:54:58 | DEBUG   | dpfl.core.base_simulator | Update norms — honest: ['0.02', '0.03', '0.03', '0.02', '0.03'], attacker: ['nan', 'nan', 'nan', 'nan', 'nan']
2026-05-06 11:54:59 | INFO    | dpfl.core.base_simulator | Round 105/150 | Acc: 0.7981 | Loss: 0.5801 | eps: 0.00 | P: 1.00 R: 1.00 F1: 1.00
2026-05-06 11:54:59 | DEBUG   | dpfl.core.base_simulator | Update norms — honest: ['0.03', '0.03', '0.03', '0.03', '0.03'], attacker: ['nan', 'nan', 'nan', 'nan', 'nan']
2026-05-06 11:55:00 | INFO    | dpfl.core.base_simulator | Round 106/150 | Acc: 0.7983 | Loss: 0.5798 | eps: 0.00 | P: 1.00 R: 1.00 F1: 1.00
2026-05-06 11:55:00 | DEBUG   | dpfl.core.base_simulator | Update norms — honest: ['0.02', '0.03', '0.03', '0.02', '0.02'], attacker: ['nan', 'nan', 'nan', 'nan', 'nan']
2026-05-06 11:55:01 | INFO    | dpfl.core.base_simulator | Round 107/150 | Acc: 0.7983 | Loss: 0.5801 | eps: 0.00 | P: 1.00 R: 1.00 F1: 1.00
2026-05-06 11:55:01 | DEBUG   | dpfl.core.base_simulator | Update norms — honest: ['0.02', '0.02', '0.03', '0.02', '0.02'], attacker: ['nan', 'nan', 'nan', 'nan', 'nan']
2026-05-06 11:55:02 | INFO    | dpfl.core.base_simulator | Round 108/150 | Acc: 0.7984 | Loss: 0.5799 | eps: 0.00 | P: 1.00 R: 1.00 F1: 1.00
2026-05-06 11:55:02 | DEBUG   | dpfl.core.base_simulator | Update norms — honest: ['0.02', '0.02', '0.02', '0.03', '0.02'], attacker: ['nan', 'nan', 'nan', 'nan', 'nan']
2026-05-06 11:55:03 | INFO    | dpfl.core.base_simulator | Round 109/150 | Acc: 0.7985 | Loss: 0.5808 | eps: 0.00 | P: 1.00 R: 1.00 F1: 1.00
2026-05-06 11:55:03 | DEBUG   | dpfl.core.base_simulator | Update norms — honest: ['0.03', '0.02', '0.03', '0.02', '0.03'], attacker: ['nan', 'nan', 'nan', 'nan', 'nan']
2026-05-06 11:55:05 | INFO    | dpfl.core.base_simulator | Round 110/150 | Acc: 0.7984 | Loss: 0.5809 | eps: 0.00 | P: 1.00 R: 1.00 F1: 1.00
2026-05-06 11:55:05 | DEBUG   | dpfl.core.base_simulator | Update norms — honest: ['0.03', '0.03', '0.03', '0.02', '0.03'], attacker: ['nan', 'nan', 'nan', 'nan', 'nan']
2026-05-06 11:55:06 | INFO    | dpfl.core.base_simulator | Round 111/150 | Acc: 0.7985 | Loss: 0.5811 | eps: 0.00 | P: 1.00 R: 1.00 F1: 1.00
2026-05-06 11:55:06 | DEBUG   | dpfl.core.base_simulator | Update norms — honest: ['0.02', '0.02', '0.03', '0.02', '0.02'], attacker: ['nan', 'nan', 'nan', 'nan', 'nan']
2026-05-06 11:55:07 | INFO    | dpfl.core.base_simulator | Round 112/150 | Acc: 0.7985 | Loss: 0.5814 | eps: 0.00 | P: 1.00 R: 1.00 F1: 1.00
2026-05-06 11:55:07 | DEBUG   | dpfl.core.base_simulator | Update norms — honest: ['0.02', '0.03', '0.03', '0.03', '0.03'], attacker: ['nan', 'nan', 'nan', 'nan', 'nan']
2026-05-06 11:55:08 | INFO    | dpfl.core.base_simulator | Round 113/150 | Acc: 0.7987 | Loss: 0.5814 | eps: 0.00 | P: 1.00 R: 1.00 F1: 1.00
2026-05-06 11:55:08 | DEBUG   | dpfl.core.base_simulator | Update norms — honest: ['0.02', '0.02', '0.04', '0.04', '0.03'], attacker: ['nan', 'nan', 'nan', 'nan', 'nan']
2026-05-06 11:55:09 | INFO    | dpfl.core.base_simulator | Round 114/150 | Acc: 0.7988 | Loss: 0.5818 | eps: 0.00 | P: 1.00 R: 1.00 F1: 1.00
2026-05-06 11:55:09 | DEBUG   | dpfl.core.base_simulator | Update norms — honest: ['0.02', '0.02', '0.03', '0.03', '0.03'], attacker: ['nan', 'nan', 'nan', 'nan', 'nan']
2026-05-06 11:55:10 | INFO    | dpfl.core.base_simulator | Round 115/150 | Acc: 0.7985 | Loss: 0.5824 | eps: 0.00 | P: 1.00 R: 1.00 F1: 1.00
2026-05-06 11:55:10 | DEBUG   | dpfl.core.base_simulator | Update norms — honest: ['0.02', '0.02', '0.02', '0.02', '0.03'], attacker: ['nan', 'nan', 'nan', 'nan', 'nan']
2026-05-06 11:55:11 | INFO    | dpfl.core.base_simulator | Round 116/150 | Acc: 0.7989 | Loss: 0.5823 | eps: 0.00 | P: 1.00 R: 1.00 F1: 1.00
2026-05-06 11:55:11 | DEBUG   | dpfl.core.base_simulator | Update norms — honest: ['0.02', '0.03', '0.02', '0.02', '0.03'], attacker: ['nan', 'nan', 'nan', 'nan', 'nan']
2026-05-06 11:55:13 | INFO    | dpfl.core.base_simulator | Round 117/150 | Acc: 0.7989 | Loss: 0.5824 | eps: 0.00 | P: 1.00 R: 1.00 F1: 1.00
2026-05-06 11:55:13 | DEBUG   | dpfl.core.base_simulator | Update norms — honest: ['0.03', '0.02', '0.03', '0.03', '0.02'], attacker: ['nan', 'nan', 'nan', 'nan', 'nan']
2026-05-06 11:55:14 | INFO    | dpfl.core.base_simulator | Round 118/150 | Acc: 0.7989 | Loss: 0.5831 | eps: 0.00 | P: 1.00 R: 1.00 F1: 1.00
2026-05-06 11:55:14 | DEBUG   | dpfl.core.base_simulator | Update norms — honest: ['0.03', '0.02', '0.02', '0.02', '0.04'], attacker: ['nan', 'nan', 'nan', 'nan', 'nan']
2026-05-06 11:55:15 | INFO    | dpfl.core.base_simulator | Round 119/150 | Acc: 0.7989 | Loss: 0.5834 | eps: 0.00 | P: 1.00 R: 1.00 F1: 1.00
2026-05-06 11:55:15 | DEBUG   | dpfl.core.base_simulator | Update norms — honest: ['0.02', '0.02', '0.03', '0.02', '0.03'], attacker: ['nan', 'nan', 'nan', 'nan', 'nan']
2026-05-06 11:55:16 | INFO    | dpfl.core.base_simulator | Round 120/150 | Acc: 0.7988 | Loss: 0.5838 | eps: 0.00 | P: 1.00 R: 1.00 F1: 1.00
2026-05-06 11:55:16 | DEBUG   | dpfl.core.base_simulator | Update norms — honest: ['0.02', '0.02', '0.03', '0.03', '0.02'], attacker: ['nan', 'nan', 'nan', 'nan', 'nan']
2026-05-06 11:55:17 | INFO    | dpfl.core.base_simulator | Round 121/150 | Acc: 0.7990 | Loss: 0.5840 | eps: 0.00 | P: 1.00 R: 1.00 F1: 1.00
2026-05-06 11:55:17 | DEBUG   | dpfl.core.base_simulator | Update norms — honest: ['0.02', '0.03', '0.03', '0.03', '0.02'], attacker: ['nan', 'nan', 'nan', 'nan', 'nan']
2026-05-06 11:55:18 | INFO    | dpfl.core.base_simulator | Round 122/150 | Acc: 0.7991 | Loss: 0.5843 | eps: 0.00 | P: 1.00 R: 1.00 F1: 1.00
2026-05-06 11:55:18 | DEBUG   | dpfl.core.base_simulator | Update norms — honest: ['0.03', '0.02', '0.02', '0.03', '0.02'], attacker: ['nan', 'nan', 'nan', 'nan', 'nan']
2026-05-06 11:55:19 | INFO    | dpfl.core.base_simulator | Round 123/150 | Acc: 0.7991 | Loss: 0.5848 | eps: 0.00 | P: 1.00 R: 1.00 F1: 1.00
2026-05-06 11:55:19 | DEBUG   | dpfl.core.base_simulator | Update norms — honest: ['0.02', '0.02', '0.02', '0.02', '0.02'], attacker: ['nan', 'nan', 'nan', 'nan', 'nan']
2026-05-06 11:55:20 | INFO    | dpfl.core.base_simulator | Round 124/150 | Acc: 0.7991 | Loss: 0.5852 | eps: 0.00 | P: 1.00 R: 1.00 F1: 1.00
2026-05-06 11:55:20 | DEBUG   | dpfl.core.base_simulator | Update norms — honest: ['0.03', '0.03', '0.02', '0.02', '0.03'], attacker: ['nan', 'nan', 'nan', 'nan', 'nan']
2026-05-06 11:55:21 | INFO    | dpfl.core.base_simulator | Round 125/150 | Acc: 0.7992 | Loss: 0.5855 | eps: 0.00 | P: 1.00 R: 1.00 F1: 1.00
2026-05-06 11:55:21 | DEBUG   | dpfl.core.base_simulator | Update norms — honest: ['0.02', '0.02', '0.03', '0.03', '0.02'], attacker: ['nan', 'nan', 'nan', 'nan', 'nan']
2026-05-06 11:55:23 | INFO    | dpfl.core.base_simulator | Round 126/150 | Acc: 0.7990 | Loss: 0.5860 | eps: 0.00 | P: 1.00 R: 1.00 F1: 1.00
2026-05-06 11:55:23 | DEBUG   | dpfl.core.base_simulator | Update norms — honest: ['0.02', '0.02', '0.02', '0.02', '0.02'], attacker: ['nan', 'nan', 'nan', 'nan', 'nan']
2026-05-06 11:55:24 | INFO    | dpfl.core.base_simulator | Round 127/150 | Acc: 0.7991 | Loss: 0.5862 | eps: 0.00 | P: 1.00 R: 1.00 F1: 1.00
2026-05-06 11:55:24 | DEBUG   | dpfl.core.base_simulator | Update norms — honest: ['0.02', '0.02', '0.02', '0.03', '0.02'], attacker: ['nan', 'nan', 'nan', 'nan', 'nan']
2026-05-06 11:55:25 | INFO    | dpfl.core.base_simulator | Round 128/150 | Acc: 0.7991 | Loss: 0.5870 | eps: 0.00 | P: 1.00 R: 1.00 F1: 1.00
2026-05-06 11:55:25 | DEBUG   | dpfl.core.base_simulator | Update norms — honest: ['0.02', '0.02', '0.03', '0.02', '0.03'], attacker: ['nan', 'nan', 'nan', 'nan', 'nan']
2026-05-06 11:55:26 | INFO    | dpfl.core.base_simulator | Round 129/150 | Acc: 0.7993 | Loss: 0.5869 | eps: 0.00 | P: 1.00 R: 1.00 F1: 1.00
2026-05-06 11:55:26 | DEBUG   | dpfl.core.base_simulator | Update norms — honest: ['0.02', '0.02', '0.02', '0.03', '0.02'], attacker: ['nan', 'nan', 'nan', 'nan', 'nan']
2026-05-06 11:55:27 | INFO    | dpfl.core.base_simulator | Round 130/150 | Acc: 0.7990 | Loss: 0.5879 | eps: 0.00 | P: 1.00 R: 1.00 F1: 1.00
2026-05-06 11:55:27 | DEBUG   | dpfl.core.base_simulator | Update norms — honest: ['0.02', '0.02', '0.02', '0.02', '0.02'], attacker: ['nan', 'nan', 'nan', 'nan', 'nan']
2026-05-06 11:55:28 | INFO    | dpfl.core.base_simulator | Round 131/150 | Acc: 0.7993 | Loss: 0.5880 | eps: 0.00 | P: 1.00 R: 1.00 F1: 1.00
2026-05-06 11:55:28 | DEBUG   | dpfl.core.base_simulator | Update norms — honest: ['0.02', '0.02', '0.02', '0.02', '0.03'], attacker: ['nan', 'nan', 'nan', 'nan', 'nan']
2026-05-06 11:55:29 | INFO    | dpfl.core.base_simulator | Round 132/150 | Acc: 0.7992 | Loss: 0.5883 | eps: 0.00 | P: 1.00 R: 1.00 F1: 1.00
2026-05-06 11:55:29 | DEBUG   | dpfl.core.base_simulator | Update norms — honest: ['0.02', '0.02', '0.02', '0.03', '0.02'], attacker: ['nan', 'nan', 'nan', 'nan', 'nan']
2026-05-06 11:55:30 | INFO    | dpfl.core.base_simulator | Round 133/150 | Acc: 0.7990 | Loss: 0.5890 | eps: 0.00 | P: 1.00 R: 1.00 F1: 1.00
2026-05-06 11:55:30 | DEBUG   | dpfl.core.base_simulator | Update norms — honest: ['0.02', '0.03', '0.02', '0.02', '0.02'], attacker: ['nan', 'nan', 'nan', 'nan', 'nan']
2026-05-06 11:55:31 | INFO    | dpfl.core.base_simulator | Round 134/150 | Acc: 0.7992 | Loss: 0.5895 | eps: 0.00 | P: 1.00 R: 1.00 F1: 1.00
2026-05-06 11:55:31 | DEBUG   | dpfl.core.base_simulator | Update norms — honest: ['0.02', '0.03', '0.02', '0.02', '0.02'], attacker: ['nan', 'nan', 'nan', 'nan', 'nan']
2026-05-06 11:55:32 | INFO    | dpfl.core.base_simulator | Round 135/150 | Acc: 0.7992 | Loss: 0.5899 | eps: 0.00 | P: 1.00 R: 1.00 F1: 1.00
2026-05-06 11:55:32 | DEBUG   | dpfl.core.base_simulator | Update norms — honest: ['0.02', '0.03', '0.02', '0.02', '0.03'], attacker: ['nan', 'nan', 'nan', 'nan', 'nan']
2026-05-06 11:55:33 | INFO    | dpfl.core.base_simulator | Round 136/150 | Acc: 0.7993 | Loss: 0.5903 | eps: 0.00 | P: 1.00 R: 1.00 F1: 1.00
2026-05-06 11:55:33 | DEBUG   | dpfl.core.base_simulator | Update norms — honest: ['0.02', '0.02', '0.02', '0.02', '0.02'], attacker: ['nan', 'nan', 'nan', 'nan', 'nan']
2026-05-06 11:55:34 | INFO    | dpfl.core.base_simulator | Round 137/150 | Acc: 0.7993 | Loss: 0.5904 | eps: 0.00 | P: 1.00 R: 1.00 F1: 1.00
2026-05-06 11:55:34 | DEBUG   | dpfl.core.base_simulator | Update norms — honest: ['0.02', '0.02', '0.02', '0.03', '0.02'], attacker: ['nan', 'nan', 'nan', 'nan', 'nan']
2026-05-06 11:55:36 | INFO    | dpfl.core.base_simulator | Round 138/150 | Acc: 0.7993 | Loss: 0.5910 | eps: 0.00 | P: 1.00 R: 1.00 F1: 1.00
2026-05-06 11:55:36 | DEBUG   | dpfl.core.base_simulator | Update norms — honest: ['0.02', '0.02', '0.02', '0.03', '0.02'], attacker: ['nan', 'nan', 'nan', 'nan', 'nan']
2026-05-06 11:55:37 | INFO    | dpfl.core.base_simulator | Round 139/150 | Acc: 0.7992 | Loss: 0.5917 | eps: 0.00 | P: 1.00 R: 1.00 F1: 1.00
2026-05-06 11:55:37 | DEBUG   | dpfl.core.base_simulator | Update norms — honest: ['0.03', '0.02', '0.02', '0.02', '0.03'], attacker: ['nan', 'nan', 'nan', 'nan', 'nan']
2026-05-06 11:55:38 | INFO    | dpfl.core.base_simulator | Round 140/150 | Acc: 0.7992 | Loss: 0.5920 | eps: 0.00 | P: 1.00 R: 1.00 F1: 1.00
2026-05-06 11:55:38 | DEBUG   | dpfl.core.base_simulator | Update norms — honest: ['0.03', '0.02', '0.02', '0.03', '0.03'], attacker: ['nan', 'nan', 'nan', 'nan', 'nan']
2026-05-06 11:55:39 | INFO    | dpfl.core.base_simulator | Round 141/150 | Acc: 0.7992 | Loss: 0.5928 | eps: 0.00 | P: 1.00 R: 1.00 F1: 1.00
2026-05-06 11:55:39 | DEBUG   | dpfl.core.base_simulator | Update norms — honest: ['0.03', '0.03', '0.03', '0.02', '0.03'], attacker: ['nan', 'nan', 'nan', 'nan', 'nan']
2026-05-06 11:55:40 | INFO    | dpfl.core.base_simulator | Round 142/150 | Acc: 0.7991 | Loss: 0.5932 | eps: 0.00 | P: 1.00 R: 1.00 F1: 1.00
2026-05-06 11:55:40 | DEBUG   | dpfl.core.base_simulator | Update norms — honest: ['0.02', '0.03', '0.02', '0.02', '0.03'], attacker: ['nan', 'nan', 'nan', 'nan', 'nan']
2026-05-06 11:55:41 | INFO    | dpfl.core.base_simulator | Round 143/150 | Acc: 0.7993 | Loss: 0.5936 | eps: 0.00 | P: 1.00 R: 1.00 F1: 1.00
2026-05-06 11:55:41 | DEBUG   | dpfl.core.base_simulator | Update norms — honest: ['0.02', '0.03', '0.03', '0.02', '0.03'], attacker: ['nan', 'nan', 'nan', 'nan', 'nan']
2026-05-06 11:55:42 | INFO    | dpfl.core.base_simulator | Round 144/150 | Acc: 0.7994 | Loss: 0.5941 | eps: 0.00 | P: 1.00 R: 1.00 F1: 1.00
2026-05-06 11:55:42 | DEBUG   | dpfl.core.base_simulator | Update norms — honest: ['0.02', '0.02', '0.03', '0.02', '0.03'], attacker: ['nan', 'nan', 'nan', 'nan', 'nan']
2026-05-06 11:55:43 | INFO    | dpfl.core.base_simulator | Round 145/150 | Acc: 0.7993 | Loss: 0.5948 | eps: 0.00 | P: 1.00 R: 1.00 F1: 1.00
2026-05-06 11:55:43 | DEBUG   | dpfl.core.base_simulator | Update norms — honest: ['0.02', '0.03', '0.02', '0.03', '0.02'], attacker: ['nan', 'nan', 'nan', 'nan', 'nan']
2026-05-06 11:55:44 | INFO    | dpfl.core.base_simulator | Round 146/150 | Acc: 0.7992 | Loss: 0.5953 | eps: 0.00 | P: 1.00 R: 1.00 F1: 1.00
2026-05-06 11:55:44 | DEBUG   | dpfl.core.base_simulator | Update norms — honest: ['0.02', '0.02', '0.02', '0.02', '0.02'], attacker: ['nan', 'nan', 'nan', 'nan', 'nan']
2026-05-06 11:55:45 | INFO    | dpfl.core.base_simulator | Round 147/150 | Acc: 0.7993 | Loss: 0.5958 | eps: 0.00 | P: 1.00 R: 1.00 F1: 1.00
2026-05-06 11:55:45 | DEBUG   | dpfl.core.base_simulator | Update norms — honest: ['0.02', '0.02', '0.03', '0.03', '0.03'], attacker: ['nan', 'nan', 'nan', 'nan', 'nan']
2026-05-06 11:55:46 | INFO    | dpfl.core.base_simulator | Round 148/150 | Acc: 0.7992 | Loss: 0.5959 | eps: 0.00 | P: 1.00 R: 1.00 F1: 1.00
2026-05-06 11:55:46 | DEBUG   | dpfl.core.base_simulator | Update norms — honest: ['0.02', '0.02', '0.03', '0.02', '0.03'], attacker: ['nan', 'nan', 'nan', 'nan', 'nan']
2026-05-06 11:55:47 | INFO    | dpfl.core.base_simulator | Round 149/150 | Acc: 0.7993 | Loss: 0.5967 | eps: 0.00 | P: 1.00 R: 1.00 F1: 1.00
2026-05-06 11:55:47 | DEBUG   | dpfl.core.base_simulator | Update norms — honest: ['0.03', '0.02', '0.02', '0.02', '0.03'], attacker: ['nan', 'nan', 'nan', 'nan', 'nan']
2026-05-06 11:55:49 | INFO    | dpfl.core.base_simulator | Round 150/150 | Acc: 0.7993 | Loss: 0.5972 | eps: 0.00 | P: 1.00 R: 1.00 F1: 1.00
2026-05-06 11:55:49 | DEBUG   | dpfl.core.base_simulator | Update norms — honest: ['0.02', '0.02', '0.02', '0.02', '0.02'], attacker: ['nan', 'nan', 'nan', 'nan', 'nan']
2026-05-06 11:55:50 | INFO    | dpfl | Experiment complete in 210.1s
============================================================
REPORT: DP-SGD Decentralized Federated Learning
============================================================
Timestamp:                  20260506_115218
Rounds completed:           150
Attack-active rounds:       100  (from round 50)
Final accuracy:             0.7993
Final test loss:            0.5972
Final epsilon:              0.00
Best alpha:                 None
Avg precision:              1.0000
Avg recall:                 0.9800
Avg F1 score:               1.0000
Avg update norm (honest):   0.0388
Avg update norm (attacker): nan
============================================================
